[2025-12-04T23:18:12.011+0600] {processor.py:157} INFO - Started process (PID=38943) to work on /Users/asminsadykova/Desktop/h&m/.venv/lib/python3.9/site-packages/airflow/example_dags/example_nested_branch_dag.py
[2025-12-04T23:18:12.011+0600] {processor.py:829} INFO - Processing file /Users/asminsadykova/Desktop/h&m/.venv/lib/python3.9/site-packages/airflow/example_dags/example_nested_branch_dag.py for tasks to queue
[2025-12-04T23:18:12.011+0600] {logging_mixin.py:154} INFO - [2025-12-04T23:18:12.011+0600] {dagbag.py:536} INFO - Filling up the DagBag from /Users/asminsadykova/Desktop/h&m/.venv/lib/python3.9/site-packages/airflow/example_dags/example_nested_branch_dag.py
[2025-12-04T23:18:12.036+0600] {processor.py:839} INFO - DAG(s) dict_keys(['example_nested_branch_dag']) retrieved from /Users/asminsadykova/Desktop/h&m/.venv/lib/python3.9/site-packages/airflow/example_dags/example_nested_branch_dag.py
[2025-12-04T23:18:12.279+0600] {logging_mixin.py:154} INFO - [2025-12-04T23:18:12.279+0600] {manager.py:499} INFO - Created Permission View: %s
[2025-12-04T23:18:12.282+0600] {logging_mixin.py:154} INFO - [2025-12-04T23:18:12.282+0600] {manager.py:499} INFO - Created Permission View: %s
[2025-12-04T23:18:12.285+0600] {logging_mixin.py:154} INFO - [2025-12-04T23:18:12.285+0600] {manager.py:499} INFO - Created Permission View: %s
[2025-12-04T23:18:12.285+0600] {logging_mixin.py:154} INFO - [2025-12-04T23:18:12.285+0600] {dag.py:2941} INFO - Sync 1 DAGs
[2025-12-04T23:18:12.289+0600] {logging_mixin.py:154} INFO - [2025-12-04T23:18:12.289+0600] {dag.py:2963} INFO - Creating ORM DAG for example_nested_branch_dag
[2025-12-04T23:18:12.293+0600] {logging_mixin.py:154} INFO - [2025-12-04T23:18:12.293+0600] {dag.py:3722} INFO - Setting next_dagrun for example_nested_branch_dag to 2025-12-03T00:00:00+00:00, run_after=2025-12-04T00:00:00+00:00
[2025-12-04T23:18:12.300+0600] {processor.py:179} INFO - Processing /Users/asminsadykova/Desktop/h&m/.venv/lib/python3.9/site-packages/airflow/example_dags/example_nested_branch_dag.py took 0.289 seconds
[2025-12-04T23:19:27.596+0600] {processor.py:157} INFO - Started process (PID=39047) to work on /Users/asminsadykova/Desktop/h&m/.venv/lib/python3.9/site-packages/airflow/example_dags/example_nested_branch_dag.py
[2025-12-04T23:19:27.596+0600] {processor.py:829} INFO - Processing file /Users/asminsadykova/Desktop/h&m/.venv/lib/python3.9/site-packages/airflow/example_dags/example_nested_branch_dag.py for tasks to queue
[2025-12-04T23:19:27.597+0600] {logging_mixin.py:154} INFO - [2025-12-04T23:19:27.597+0600] {dagbag.py:536} INFO - Filling up the DagBag from /Users/asminsadykova/Desktop/h&m/.venv/lib/python3.9/site-packages/airflow/example_dags/example_nested_branch_dag.py
[2025-12-04T23:19:27.621+0600] {processor.py:839} INFO - DAG(s) dict_keys(['example_nested_branch_dag']) retrieved from /Users/asminsadykova/Desktop/h&m/.venv/lib/python3.9/site-packages/airflow/example_dags/example_nested_branch_dag.py
[2025-12-04T23:19:27.690+0600] {logging_mixin.py:154} INFO - [2025-12-04T23:19:27.690+0600] {dag.py:2941} INFO - Sync 1 DAGs
[2025-12-04T23:19:27.697+0600] {logging_mixin.py:154} INFO - [2025-12-04T23:19:27.697+0600] {dag.py:3722} INFO - Setting next_dagrun for example_nested_branch_dag to 2025-12-03T00:00:00+00:00, run_after=2025-12-04T00:00:00+00:00
[2025-12-04T23:19:27.705+0600] {processor.py:179} INFO - Processing /Users/asminsadykova/Desktop/h&m/.venv/lib/python3.9/site-packages/airflow/example_dags/example_nested_branch_dag.py took 0.110 seconds
[2025-12-04T23:20:53.610+0600] {processor.py:157} INFO - Started process (PID=39142) to work on /Users/asminsadykova/Desktop/h&m/.venv/lib/python3.9/site-packages/airflow/example_dags/example_nested_branch_dag.py
[2025-12-04T23:20:53.611+0600] {processor.py:829} INFO - Processing file /Users/asminsadykova/Desktop/h&m/.venv/lib/python3.9/site-packages/airflow/example_dags/example_nested_branch_dag.py for tasks to queue
[2025-12-04T23:20:53.611+0600] {logging_mixin.py:154} INFO - [2025-12-04T23:20:53.611+0600] {dagbag.py:536} INFO - Filling up the DagBag from /Users/asminsadykova/Desktop/h&m/.venv/lib/python3.9/site-packages/airflow/example_dags/example_nested_branch_dag.py
[2025-12-04T23:20:53.636+0600] {processor.py:839} INFO - DAG(s) dict_keys(['example_nested_branch_dag']) retrieved from /Users/asminsadykova/Desktop/h&m/.venv/lib/python3.9/site-packages/airflow/example_dags/example_nested_branch_dag.py
[2025-12-04T23:20:53.706+0600] {logging_mixin.py:154} INFO - [2025-12-04T23:20:53.706+0600] {dag.py:2941} INFO - Sync 1 DAGs
[2025-12-04T23:20:53.714+0600] {logging_mixin.py:154} INFO - [2025-12-04T23:20:53.714+0600] {dag.py:3722} INFO - Setting next_dagrun for example_nested_branch_dag to 2025-12-03T00:00:00+00:00, run_after=2025-12-04T00:00:00+00:00
[2025-12-04T23:20:53.721+0600] {processor.py:179} INFO - Processing /Users/asminsadykova/Desktop/h&m/.venv/lib/python3.9/site-packages/airflow/example_dags/example_nested_branch_dag.py took 0.111 seconds
[2025-12-04T23:22:19.792+0600] {processor.py:157} INFO - Started process (PID=39245) to work on /Users/asminsadykova/Desktop/h&m/.venv/lib/python3.9/site-packages/airflow/example_dags/example_nested_branch_dag.py
[2025-12-04T23:22:19.793+0600] {processor.py:829} INFO - Processing file /Users/asminsadykova/Desktop/h&m/.venv/lib/python3.9/site-packages/airflow/example_dags/example_nested_branch_dag.py for tasks to queue
[2025-12-04T23:22:19.793+0600] {logging_mixin.py:154} INFO - [2025-12-04T23:22:19.793+0600] {dagbag.py:536} INFO - Filling up the DagBag from /Users/asminsadykova/Desktop/h&m/.venv/lib/python3.9/site-packages/airflow/example_dags/example_nested_branch_dag.py
[2025-12-04T23:22:19.816+0600] {processor.py:839} INFO - DAG(s) dict_keys(['example_nested_branch_dag']) retrieved from /Users/asminsadykova/Desktop/h&m/.venv/lib/python3.9/site-packages/airflow/example_dags/example_nested_branch_dag.py
[2025-12-04T23:22:19.883+0600] {logging_mixin.py:154} INFO - [2025-12-04T23:22:19.883+0600] {dag.py:2941} INFO - Sync 1 DAGs
[2025-12-04T23:22:19.890+0600] {logging_mixin.py:154} INFO - [2025-12-04T23:22:19.890+0600] {dag.py:3722} INFO - Setting next_dagrun for example_nested_branch_dag to 2025-12-03T00:00:00+00:00, run_after=2025-12-04T00:00:00+00:00
[2025-12-04T23:22:19.898+0600] {processor.py:179} INFO - Processing /Users/asminsadykova/Desktop/h&m/.venv/lib/python3.9/site-packages/airflow/example_dags/example_nested_branch_dag.py took 0.107 seconds
[2025-12-04T23:23:51.198+0600] {processor.py:157} INFO - Started process (PID=39386) to work on /Users/asminsadykova/Desktop/h&m/.venv/lib/python3.9/site-packages/airflow/example_dags/example_nested_branch_dag.py
[2025-12-04T23:23:51.198+0600] {processor.py:829} INFO - Processing file /Users/asminsadykova/Desktop/h&m/.venv/lib/python3.9/site-packages/airflow/example_dags/example_nested_branch_dag.py for tasks to queue
[2025-12-04T23:23:51.199+0600] {logging_mixin.py:154} INFO - [2025-12-04T23:23:51.199+0600] {dagbag.py:536} INFO - Filling up the DagBag from /Users/asminsadykova/Desktop/h&m/.venv/lib/python3.9/site-packages/airflow/example_dags/example_nested_branch_dag.py
[2025-12-04T23:23:51.224+0600] {processor.py:839} INFO - DAG(s) dict_keys(['example_nested_branch_dag']) retrieved from /Users/asminsadykova/Desktop/h&m/.venv/lib/python3.9/site-packages/airflow/example_dags/example_nested_branch_dag.py
[2025-12-04T23:23:51.341+0600] {logging_mixin.py:154} INFO - [2025-12-04T23:23:51.341+0600] {dag.py:2941} INFO - Sync 1 DAGs
[2025-12-04T23:23:51.349+0600] {logging_mixin.py:154} INFO - [2025-12-04T23:23:51.349+0600] {dag.py:3722} INFO - Setting next_dagrun for example_nested_branch_dag to 2025-12-03T00:00:00+00:00, run_after=2025-12-04T00:00:00+00:00
[2025-12-04T23:23:51.358+0600] {processor.py:179} INFO - Processing /Users/asminsadykova/Desktop/h&m/.venv/lib/python3.9/site-packages/airflow/example_dags/example_nested_branch_dag.py took 0.161 seconds
[2025-12-04T23:25:27.160+0600] {processor.py:157} INFO - Started process (PID=39520) to work on /Users/asminsadykova/Desktop/h&m/.venv/lib/python3.9/site-packages/airflow/example_dags/example_nested_branch_dag.py
[2025-12-04T23:25:27.160+0600] {processor.py:829} INFO - Processing file /Users/asminsadykova/Desktop/h&m/.venv/lib/python3.9/site-packages/airflow/example_dags/example_nested_branch_dag.py for tasks to queue
[2025-12-04T23:25:27.161+0600] {logging_mixin.py:154} INFO - [2025-12-04T23:25:27.160+0600] {dagbag.py:536} INFO - Filling up the DagBag from /Users/asminsadykova/Desktop/h&m/.venv/lib/python3.9/site-packages/airflow/example_dags/example_nested_branch_dag.py
[2025-12-04T23:25:27.185+0600] {processor.py:839} INFO - DAG(s) dict_keys(['example_nested_branch_dag']) retrieved from /Users/asminsadykova/Desktop/h&m/.venv/lib/python3.9/site-packages/airflow/example_dags/example_nested_branch_dag.py
[2025-12-04T23:25:27.254+0600] {logging_mixin.py:154} INFO - [2025-12-04T23:25:27.254+0600] {dag.py:2941} INFO - Sync 1 DAGs
[2025-12-04T23:25:27.262+0600] {logging_mixin.py:154} INFO - [2025-12-04T23:25:27.262+0600] {dag.py:3722} INFO - Setting next_dagrun for example_nested_branch_dag to 2025-12-03T00:00:00+00:00, run_after=2025-12-04T00:00:00+00:00
[2025-12-04T23:25:27.269+0600] {processor.py:179} INFO - Processing /Users/asminsadykova/Desktop/h&m/.venv/lib/python3.9/site-packages/airflow/example_dags/example_nested_branch_dag.py took 0.110 seconds
[2025-12-04T23:27:02.997+0600] {processor.py:157} INFO - Started process (PID=39618) to work on /Users/asminsadykova/Desktop/h&m/.venv/lib/python3.9/site-packages/airflow/example_dags/example_nested_branch_dag.py
[2025-12-04T23:27:02.998+0600] {processor.py:829} INFO - Processing file /Users/asminsadykova/Desktop/h&m/.venv/lib/python3.9/site-packages/airflow/example_dags/example_nested_branch_dag.py for tasks to queue
[2025-12-04T23:27:02.999+0600] {logging_mixin.py:154} INFO - [2025-12-04T23:27:02.999+0600] {dagbag.py:536} INFO - Filling up the DagBag from /Users/asminsadykova/Desktop/h&m/.venv/lib/python3.9/site-packages/airflow/example_dags/example_nested_branch_dag.py
[2025-12-04T23:27:03.025+0600] {processor.py:839} INFO - DAG(s) dict_keys(['example_nested_branch_dag']) retrieved from /Users/asminsadykova/Desktop/h&m/.venv/lib/python3.9/site-packages/airflow/example_dags/example_nested_branch_dag.py
[2025-12-04T23:27:03.099+0600] {logging_mixin.py:154} INFO - [2025-12-04T23:27:03.099+0600] {dag.py:2941} INFO - Sync 1 DAGs
[2025-12-04T23:27:03.106+0600] {logging_mixin.py:154} INFO - [2025-12-04T23:27:03.106+0600] {dag.py:3722} INFO - Setting next_dagrun for example_nested_branch_dag to 2025-12-03T00:00:00+00:00, run_after=2025-12-04T00:00:00+00:00
[2025-12-04T23:27:03.114+0600] {processor.py:179} INFO - Processing /Users/asminsadykova/Desktop/h&m/.venv/lib/python3.9/site-packages/airflow/example_dags/example_nested_branch_dag.py took 0.117 seconds
[2025-12-04T23:28:34.059+0600] {processor.py:157} INFO - Started process (PID=39720) to work on /Users/asminsadykova/Desktop/h&m/.venv/lib/python3.9/site-packages/airflow/example_dags/example_nested_branch_dag.py
[2025-12-04T23:28:34.061+0600] {processor.py:829} INFO - Processing file /Users/asminsadykova/Desktop/h&m/.venv/lib/python3.9/site-packages/airflow/example_dags/example_nested_branch_dag.py for tasks to queue
[2025-12-04T23:28:34.061+0600] {logging_mixin.py:154} INFO - [2025-12-04T23:28:34.061+0600] {dagbag.py:536} INFO - Filling up the DagBag from /Users/asminsadykova/Desktop/h&m/.venv/lib/python3.9/site-packages/airflow/example_dags/example_nested_branch_dag.py
[2025-12-04T23:28:34.089+0600] {processor.py:839} INFO - DAG(s) dict_keys(['example_nested_branch_dag']) retrieved from /Users/asminsadykova/Desktop/h&m/.venv/lib/python3.9/site-packages/airflow/example_dags/example_nested_branch_dag.py
[2025-12-04T23:28:34.161+0600] {logging_mixin.py:154} INFO - [2025-12-04T23:28:34.161+0600] {dag.py:2941} INFO - Sync 1 DAGs
[2025-12-04T23:28:34.169+0600] {logging_mixin.py:154} INFO - [2025-12-04T23:28:34.168+0600] {dag.py:3722} INFO - Setting next_dagrun for example_nested_branch_dag to 2025-12-03T00:00:00+00:00, run_after=2025-12-04T00:00:00+00:00
[2025-12-04T23:28:34.176+0600] {processor.py:179} INFO - Processing /Users/asminsadykova/Desktop/h&m/.venv/lib/python3.9/site-packages/airflow/example_dags/example_nested_branch_dag.py took 0.117 seconds
[2025-12-04T23:29:57.884+0600] {processor.py:157} INFO - Started process (PID=39792) to work on /Users/asminsadykova/Desktop/h&m/.venv/lib/python3.9/site-packages/airflow/example_dags/example_nested_branch_dag.py
[2025-12-04T23:29:57.885+0600] {processor.py:829} INFO - Processing file /Users/asminsadykova/Desktop/h&m/.venv/lib/python3.9/site-packages/airflow/example_dags/example_nested_branch_dag.py for tasks to queue
[2025-12-04T23:29:57.886+0600] {logging_mixin.py:154} INFO - [2025-12-04T23:29:57.886+0600] {dagbag.py:536} INFO - Filling up the DagBag from /Users/asminsadykova/Desktop/h&m/.venv/lib/python3.9/site-packages/airflow/example_dags/example_nested_branch_dag.py
[2025-12-04T23:29:57.910+0600] {processor.py:839} INFO - DAG(s) dict_keys(['example_nested_branch_dag']) retrieved from /Users/asminsadykova/Desktop/h&m/.venv/lib/python3.9/site-packages/airflow/example_dags/example_nested_branch_dag.py
[2025-12-04T23:29:57.978+0600] {logging_mixin.py:154} INFO - [2025-12-04T23:29:57.978+0600] {dag.py:2941} INFO - Sync 1 DAGs
[2025-12-04T23:29:57.986+0600] {logging_mixin.py:154} INFO - [2025-12-04T23:29:57.986+0600] {dag.py:3722} INFO - Setting next_dagrun for example_nested_branch_dag to 2025-12-03T00:00:00+00:00, run_after=2025-12-04T00:00:00+00:00
[2025-12-04T23:29:57.993+0600] {processor.py:179} INFO - Processing /Users/asminsadykova/Desktop/h&m/.venv/lib/python3.9/site-packages/airflow/example_dags/example_nested_branch_dag.py took 0.109 seconds
[2025-12-04T23:31:18.664+0600] {processor.py:157} INFO - Started process (PID=39858) to work on /Users/asminsadykova/Desktop/h&m/.venv/lib/python3.9/site-packages/airflow/example_dags/example_nested_branch_dag.py
[2025-12-04T23:31:18.666+0600] {processor.py:829} INFO - Processing file /Users/asminsadykova/Desktop/h&m/.venv/lib/python3.9/site-packages/airflow/example_dags/example_nested_branch_dag.py for tasks to queue
[2025-12-04T23:31:18.666+0600] {logging_mixin.py:154} INFO - [2025-12-04T23:31:18.666+0600] {dagbag.py:536} INFO - Filling up the DagBag from /Users/asminsadykova/Desktop/h&m/.venv/lib/python3.9/site-packages/airflow/example_dags/example_nested_branch_dag.py
[2025-12-04T23:31:18.689+0600] {processor.py:839} INFO - DAG(s) dict_keys(['example_nested_branch_dag']) retrieved from /Users/asminsadykova/Desktop/h&m/.venv/lib/python3.9/site-packages/airflow/example_dags/example_nested_branch_dag.py
[2025-12-04T23:31:18.758+0600] {logging_mixin.py:154} INFO - [2025-12-04T23:31:18.758+0600] {dag.py:2941} INFO - Sync 1 DAGs
[2025-12-04T23:31:18.765+0600] {logging_mixin.py:154} INFO - [2025-12-04T23:31:18.765+0600] {dag.py:3722} INFO - Setting next_dagrun for example_nested_branch_dag to 2025-12-03T00:00:00+00:00, run_after=2025-12-04T00:00:00+00:00
[2025-12-04T23:31:18.773+0600] {processor.py:179} INFO - Processing /Users/asminsadykova/Desktop/h&m/.venv/lib/python3.9/site-packages/airflow/example_dags/example_nested_branch_dag.py took 0.109 seconds
[2025-12-04T23:32:48.391+0600] {processor.py:157} INFO - Started process (PID=40076) to work on /Users/asminsadykova/Desktop/h&m/.venv/lib/python3.9/site-packages/airflow/example_dags/example_nested_branch_dag.py
[2025-12-04T23:32:48.392+0600] {processor.py:829} INFO - Processing file /Users/asminsadykova/Desktop/h&m/.venv/lib/python3.9/site-packages/airflow/example_dags/example_nested_branch_dag.py for tasks to queue
[2025-12-04T23:32:48.392+0600] {logging_mixin.py:154} INFO - [2025-12-04T23:32:48.392+0600] {dagbag.py:536} INFO - Filling up the DagBag from /Users/asminsadykova/Desktop/h&m/.venv/lib/python3.9/site-packages/airflow/example_dags/example_nested_branch_dag.py
[2025-12-04T23:32:48.415+0600] {processor.py:839} INFO - DAG(s) dict_keys(['example_nested_branch_dag']) retrieved from /Users/asminsadykova/Desktop/h&m/.venv/lib/python3.9/site-packages/airflow/example_dags/example_nested_branch_dag.py
[2025-12-04T23:32:48.483+0600] {logging_mixin.py:154} INFO - [2025-12-04T23:32:48.483+0600] {dag.py:2941} INFO - Sync 1 DAGs
[2025-12-04T23:32:48.490+0600] {logging_mixin.py:154} INFO - [2025-12-04T23:32:48.490+0600] {dag.py:3722} INFO - Setting next_dagrun for example_nested_branch_dag to 2025-12-03T00:00:00+00:00, run_after=2025-12-04T00:00:00+00:00
[2025-12-04T23:32:48.497+0600] {processor.py:179} INFO - Processing /Users/asminsadykova/Desktop/h&m/.venv/lib/python3.9/site-packages/airflow/example_dags/example_nested_branch_dag.py took 0.106 seconds
[2025-12-04T23:34:11.123+0600] {processor.py:157} INFO - Started process (PID=40157) to work on /Users/asminsadykova/Desktop/h&m/.venv/lib/python3.9/site-packages/airflow/example_dags/example_nested_branch_dag.py
[2025-12-04T23:34:11.124+0600] {processor.py:829} INFO - Processing file /Users/asminsadykova/Desktop/h&m/.venv/lib/python3.9/site-packages/airflow/example_dags/example_nested_branch_dag.py for tasks to queue
[2025-12-04T23:34:11.124+0600] {logging_mixin.py:154} INFO - [2025-12-04T23:34:11.124+0600] {dagbag.py:536} INFO - Filling up the DagBag from /Users/asminsadykova/Desktop/h&m/.venv/lib/python3.9/site-packages/airflow/example_dags/example_nested_branch_dag.py
[2025-12-04T23:34:11.147+0600] {processor.py:839} INFO - DAG(s) dict_keys(['example_nested_branch_dag']) retrieved from /Users/asminsadykova/Desktop/h&m/.venv/lib/python3.9/site-packages/airflow/example_dags/example_nested_branch_dag.py
[2025-12-04T23:34:11.216+0600] {logging_mixin.py:154} INFO - [2025-12-04T23:34:11.216+0600] {dag.py:2941} INFO - Sync 1 DAGs
[2025-12-04T23:34:11.223+0600] {logging_mixin.py:154} INFO - [2025-12-04T23:34:11.223+0600] {dag.py:3722} INFO - Setting next_dagrun for example_nested_branch_dag to 2025-12-03T00:00:00+00:00, run_after=2025-12-04T00:00:00+00:00
[2025-12-04T23:34:11.231+0600] {processor.py:179} INFO - Processing /Users/asminsadykova/Desktop/h&m/.venv/lib/python3.9/site-packages/airflow/example_dags/example_nested_branch_dag.py took 0.109 seconds
[2025-12-04T23:35:45.377+0600] {processor.py:157} INFO - Started process (PID=40247) to work on /Users/asminsadykova/Desktop/h&m/.venv/lib/python3.9/site-packages/airflow/example_dags/example_nested_branch_dag.py
[2025-12-04T23:35:45.379+0600] {processor.py:829} INFO - Processing file /Users/asminsadykova/Desktop/h&m/.venv/lib/python3.9/site-packages/airflow/example_dags/example_nested_branch_dag.py for tasks to queue
[2025-12-04T23:35:45.379+0600] {logging_mixin.py:154} INFO - [2025-12-04T23:35:45.379+0600] {dagbag.py:536} INFO - Filling up the DagBag from /Users/asminsadykova/Desktop/h&m/.venv/lib/python3.9/site-packages/airflow/example_dags/example_nested_branch_dag.py
[2025-12-04T23:35:45.406+0600] {processor.py:839} INFO - DAG(s) dict_keys(['example_nested_branch_dag']) retrieved from /Users/asminsadykova/Desktop/h&m/.venv/lib/python3.9/site-packages/airflow/example_dags/example_nested_branch_dag.py
[2025-12-04T23:35:45.483+0600] {logging_mixin.py:154} INFO - [2025-12-04T23:35:45.482+0600] {dag.py:2941} INFO - Sync 1 DAGs
[2025-12-04T23:35:45.491+0600] {logging_mixin.py:154} INFO - [2025-12-04T23:35:45.490+0600] {dag.py:3722} INFO - Setting next_dagrun for example_nested_branch_dag to 2025-12-03T00:00:00+00:00, run_after=2025-12-04T00:00:00+00:00
[2025-12-04T23:35:45.500+0600] {processor.py:179} INFO - Processing /Users/asminsadykova/Desktop/h&m/.venv/lib/python3.9/site-packages/airflow/example_dags/example_nested_branch_dag.py took 0.124 seconds
[2025-12-04T23:37:19.834+0600] {processor.py:157} INFO - Started process (PID=40341) to work on /Users/asminsadykova/Desktop/h&m/.venv/lib/python3.9/site-packages/airflow/example_dags/example_nested_branch_dag.py
[2025-12-04T23:37:19.836+0600] {processor.py:829} INFO - Processing file /Users/asminsadykova/Desktop/h&m/.venv/lib/python3.9/site-packages/airflow/example_dags/example_nested_branch_dag.py for tasks to queue
[2025-12-04T23:37:19.836+0600] {logging_mixin.py:154} INFO - [2025-12-04T23:37:19.836+0600] {dagbag.py:536} INFO - Filling up the DagBag from /Users/asminsadykova/Desktop/h&m/.venv/lib/python3.9/site-packages/airflow/example_dags/example_nested_branch_dag.py
[2025-12-04T23:37:19.870+0600] {processor.py:839} INFO - DAG(s) dict_keys(['example_nested_branch_dag']) retrieved from /Users/asminsadykova/Desktop/h&m/.venv/lib/python3.9/site-packages/airflow/example_dags/example_nested_branch_dag.py
[2025-12-04T23:37:19.943+0600] {logging_mixin.py:154} INFO - [2025-12-04T23:37:19.942+0600] {dag.py:2941} INFO - Sync 1 DAGs
[2025-12-04T23:37:19.950+0600] {logging_mixin.py:154} INFO - [2025-12-04T23:37:19.950+0600] {dag.py:3722} INFO - Setting next_dagrun for example_nested_branch_dag to 2025-12-03T00:00:00+00:00, run_after=2025-12-04T00:00:00+00:00
[2025-12-04T23:37:19.958+0600] {processor.py:179} INFO - Processing /Users/asminsadykova/Desktop/h&m/.venv/lib/python3.9/site-packages/airflow/example_dags/example_nested_branch_dag.py took 0.125 seconds
[2025-12-04T23:38:54.267+0600] {processor.py:157} INFO - Started process (PID=40423) to work on /Users/asminsadykova/Desktop/h&m/.venv/lib/python3.9/site-packages/airflow/example_dags/example_nested_branch_dag.py
[2025-12-04T23:38:54.269+0600] {processor.py:829} INFO - Processing file /Users/asminsadykova/Desktop/h&m/.venv/lib/python3.9/site-packages/airflow/example_dags/example_nested_branch_dag.py for tasks to queue
[2025-12-04T23:38:54.269+0600] {logging_mixin.py:154} INFO - [2025-12-04T23:38:54.269+0600] {dagbag.py:536} INFO - Filling up the DagBag from /Users/asminsadykova/Desktop/h&m/.venv/lib/python3.9/site-packages/airflow/example_dags/example_nested_branch_dag.py
[2025-12-04T23:38:54.294+0600] {processor.py:839} INFO - DAG(s) dict_keys(['example_nested_branch_dag']) retrieved from /Users/asminsadykova/Desktop/h&m/.venv/lib/python3.9/site-packages/airflow/example_dags/example_nested_branch_dag.py
[2025-12-04T23:38:54.367+0600] {logging_mixin.py:154} INFO - [2025-12-04T23:38:54.366+0600] {dag.py:2941} INFO - Sync 1 DAGs
[2025-12-04T23:38:54.374+0600] {logging_mixin.py:154} INFO - [2025-12-04T23:38:54.374+0600] {dag.py:3722} INFO - Setting next_dagrun for example_nested_branch_dag to 2025-12-03T00:00:00+00:00, run_after=2025-12-04T00:00:00+00:00
[2025-12-04T23:38:54.381+0600] {processor.py:179} INFO - Processing /Users/asminsadykova/Desktop/h&m/.venv/lib/python3.9/site-packages/airflow/example_dags/example_nested_branch_dag.py took 0.114 seconds
[2025-12-04T23:40:27.222+0600] {processor.py:157} INFO - Started process (PID=40552) to work on /Users/asminsadykova/Desktop/h&m/.venv/lib/python3.9/site-packages/airflow/example_dags/example_nested_branch_dag.py
[2025-12-04T23:40:27.224+0600] {processor.py:829} INFO - Processing file /Users/asminsadykova/Desktop/h&m/.venv/lib/python3.9/site-packages/airflow/example_dags/example_nested_branch_dag.py for tasks to queue
[2025-12-04T23:40:27.224+0600] {logging_mixin.py:154} INFO - [2025-12-04T23:40:27.224+0600] {dagbag.py:536} INFO - Filling up the DagBag from /Users/asminsadykova/Desktop/h&m/.venv/lib/python3.9/site-packages/airflow/example_dags/example_nested_branch_dag.py
[2025-12-04T23:40:27.249+0600] {processor.py:839} INFO - DAG(s) dict_keys(['example_nested_branch_dag']) retrieved from /Users/asminsadykova/Desktop/h&m/.venv/lib/python3.9/site-packages/airflow/example_dags/example_nested_branch_dag.py
[2025-12-04T23:40:27.322+0600] {logging_mixin.py:154} INFO - [2025-12-04T23:40:27.321+0600] {dag.py:2941} INFO - Sync 1 DAGs
[2025-12-04T23:40:27.329+0600] {logging_mixin.py:154} INFO - [2025-12-04T23:40:27.329+0600] {dag.py:3722} INFO - Setting next_dagrun for example_nested_branch_dag to 2025-12-03T00:00:00+00:00, run_after=2025-12-04T00:00:00+00:00
[2025-12-04T23:40:27.336+0600] {processor.py:179} INFO - Processing /Users/asminsadykova/Desktop/h&m/.venv/lib/python3.9/site-packages/airflow/example_dags/example_nested_branch_dag.py took 0.114 seconds
[2025-12-04T23:42:00.450+0600] {processor.py:157} INFO - Started process (PID=40638) to work on /Users/asminsadykova/Desktop/h&m/.venv/lib/python3.9/site-packages/airflow/example_dags/example_nested_branch_dag.py
[2025-12-04T23:42:00.451+0600] {processor.py:829} INFO - Processing file /Users/asminsadykova/Desktop/h&m/.venv/lib/python3.9/site-packages/airflow/example_dags/example_nested_branch_dag.py for tasks to queue
[2025-12-04T23:42:00.451+0600] {logging_mixin.py:154} INFO - [2025-12-04T23:42:00.451+0600] {dagbag.py:536} INFO - Filling up the DagBag from /Users/asminsadykova/Desktop/h&m/.venv/lib/python3.9/site-packages/airflow/example_dags/example_nested_branch_dag.py
[2025-12-04T23:42:00.479+0600] {processor.py:839} INFO - DAG(s) dict_keys(['example_nested_branch_dag']) retrieved from /Users/asminsadykova/Desktop/h&m/.venv/lib/python3.9/site-packages/airflow/example_dags/example_nested_branch_dag.py
[2025-12-04T23:42:00.555+0600] {logging_mixin.py:154} INFO - [2025-12-04T23:42:00.555+0600] {dag.py:2941} INFO - Sync 1 DAGs
[2025-12-04T23:42:00.563+0600] {logging_mixin.py:154} INFO - [2025-12-04T23:42:00.563+0600] {dag.py:3722} INFO - Setting next_dagrun for example_nested_branch_dag to 2025-12-03T00:00:00+00:00, run_after=2025-12-04T00:00:00+00:00
[2025-12-04T23:42:00.572+0600] {processor.py:179} INFO - Processing /Users/asminsadykova/Desktop/h&m/.venv/lib/python3.9/site-packages/airflow/example_dags/example_nested_branch_dag.py took 0.123 seconds
[2025-12-04T23:43:31.905+0600] {processor.py:157} INFO - Started process (PID=40762) to work on /Users/asminsadykova/Desktop/h&m/.venv/lib/python3.9/site-packages/airflow/example_dags/example_nested_branch_dag.py
[2025-12-04T23:43:31.907+0600] {processor.py:829} INFO - Processing file /Users/asminsadykova/Desktop/h&m/.venv/lib/python3.9/site-packages/airflow/example_dags/example_nested_branch_dag.py for tasks to queue
[2025-12-04T23:43:31.907+0600] {logging_mixin.py:154} INFO - [2025-12-04T23:43:31.907+0600] {dagbag.py:536} INFO - Filling up the DagBag from /Users/asminsadykova/Desktop/h&m/.venv/lib/python3.9/site-packages/airflow/example_dags/example_nested_branch_dag.py
[2025-12-04T23:43:31.933+0600] {processor.py:839} INFO - DAG(s) dict_keys(['example_nested_branch_dag']) retrieved from /Users/asminsadykova/Desktop/h&m/.venv/lib/python3.9/site-packages/airflow/example_dags/example_nested_branch_dag.py
[2025-12-04T23:43:32.001+0600] {logging_mixin.py:154} INFO - [2025-12-04T23:43:32.000+0600] {dag.py:2941} INFO - Sync 1 DAGs
[2025-12-04T23:43:32.008+0600] {logging_mixin.py:154} INFO - [2025-12-04T23:43:32.008+0600] {dag.py:3722} INFO - Setting next_dagrun for example_nested_branch_dag to 2025-12-03T00:00:00+00:00, run_after=2025-12-04T00:00:00+00:00
[2025-12-04T23:43:32.015+0600] {processor.py:179} INFO - Processing /Users/asminsadykova/Desktop/h&m/.venv/lib/python3.9/site-packages/airflow/example_dags/example_nested_branch_dag.py took 0.112 seconds
[2025-12-04T23:45:08.956+0600] {processor.py:157} INFO - Started process (PID=41064) to work on /Users/asminsadykova/Desktop/h&m/.venv/lib/python3.9/site-packages/airflow/example_dags/example_nested_branch_dag.py
[2025-12-04T23:45:08.958+0600] {processor.py:829} INFO - Processing file /Users/asminsadykova/Desktop/h&m/.venv/lib/python3.9/site-packages/airflow/example_dags/example_nested_branch_dag.py for tasks to queue
[2025-12-04T23:45:08.958+0600] {logging_mixin.py:154} INFO - [2025-12-04T23:45:08.958+0600] {dagbag.py:536} INFO - Filling up the DagBag from /Users/asminsadykova/Desktop/h&m/.venv/lib/python3.9/site-packages/airflow/example_dags/example_nested_branch_dag.py
[2025-12-04T23:45:08.984+0600] {processor.py:839} INFO - DAG(s) dict_keys(['example_nested_branch_dag']) retrieved from /Users/asminsadykova/Desktop/h&m/.venv/lib/python3.9/site-packages/airflow/example_dags/example_nested_branch_dag.py
[2025-12-04T23:45:09.062+0600] {logging_mixin.py:154} INFO - [2025-12-04T23:45:09.062+0600] {dag.py:2941} INFO - Sync 1 DAGs
[2025-12-04T23:45:09.071+0600] {logging_mixin.py:154} INFO - [2025-12-04T23:45:09.071+0600] {dag.py:3722} INFO - Setting next_dagrun for example_nested_branch_dag to 2025-12-03T00:00:00+00:00, run_after=2025-12-04T00:00:00+00:00
[2025-12-04T23:45:09.080+0600] {processor.py:179} INFO - Processing /Users/asminsadykova/Desktop/h&m/.venv/lib/python3.9/site-packages/airflow/example_dags/example_nested_branch_dag.py took 0.125 seconds
[2025-12-04T23:46:44.872+0600] {processor.py:157} INFO - Started process (PID=41462) to work on /Users/asminsadykova/Desktop/h&m/.venv/lib/python3.9/site-packages/airflow/example_dags/example_nested_branch_dag.py
[2025-12-04T23:46:44.873+0600] {processor.py:829} INFO - Processing file /Users/asminsadykova/Desktop/h&m/.venv/lib/python3.9/site-packages/airflow/example_dags/example_nested_branch_dag.py for tasks to queue
[2025-12-04T23:46:44.874+0600] {logging_mixin.py:154} INFO - [2025-12-04T23:46:44.874+0600] {dagbag.py:536} INFO - Filling up the DagBag from /Users/asminsadykova/Desktop/h&m/.venv/lib/python3.9/site-packages/airflow/example_dags/example_nested_branch_dag.py
[2025-12-04T23:46:44.897+0600] {processor.py:839} INFO - DAG(s) dict_keys(['example_nested_branch_dag']) retrieved from /Users/asminsadykova/Desktop/h&m/.venv/lib/python3.9/site-packages/airflow/example_dags/example_nested_branch_dag.py
[2025-12-04T23:46:44.965+0600] {logging_mixin.py:154} INFO - [2025-12-04T23:46:44.964+0600] {dag.py:2941} INFO - Sync 1 DAGs
[2025-12-04T23:46:44.972+0600] {logging_mixin.py:154} INFO - [2025-12-04T23:46:44.972+0600] {dag.py:3722} INFO - Setting next_dagrun for example_nested_branch_dag to 2025-12-03T00:00:00+00:00, run_after=2025-12-04T00:00:00+00:00
[2025-12-04T23:46:44.980+0600] {processor.py:179} INFO - Processing /Users/asminsadykova/Desktop/h&m/.venv/lib/python3.9/site-packages/airflow/example_dags/example_nested_branch_dag.py took 0.109 seconds
[2025-12-04T23:48:10.987+0600] {processor.py:157} INFO - Started process (PID=41628) to work on /Users/asminsadykova/Desktop/h&m/.venv/lib/python3.9/site-packages/airflow/example_dags/example_nested_branch_dag.py
[2025-12-04T23:48:10.989+0600] {processor.py:829} INFO - Processing file /Users/asminsadykova/Desktop/h&m/.venv/lib/python3.9/site-packages/airflow/example_dags/example_nested_branch_dag.py for tasks to queue
[2025-12-04T23:48:10.989+0600] {logging_mixin.py:154} INFO - [2025-12-04T23:48:10.989+0600] {dagbag.py:536} INFO - Filling up the DagBag from /Users/asminsadykova/Desktop/h&m/.venv/lib/python3.9/site-packages/airflow/example_dags/example_nested_branch_dag.py
[2025-12-04T23:48:11.013+0600] {processor.py:839} INFO - DAG(s) dict_keys(['example_nested_branch_dag']) retrieved from /Users/asminsadykova/Desktop/h&m/.venv/lib/python3.9/site-packages/airflow/example_dags/example_nested_branch_dag.py
[2025-12-04T23:48:11.081+0600] {logging_mixin.py:154} INFO - [2025-12-04T23:48:11.081+0600] {dag.py:2941} INFO - Sync 1 DAGs
[2025-12-04T23:48:11.088+0600] {logging_mixin.py:154} INFO - [2025-12-04T23:48:11.088+0600] {dag.py:3722} INFO - Setting next_dagrun for example_nested_branch_dag to 2025-12-03T00:00:00+00:00, run_after=2025-12-04T00:00:00+00:00
[2025-12-04T23:48:11.097+0600] {processor.py:179} INFO - Processing /Users/asminsadykova/Desktop/h&m/.venv/lib/python3.9/site-packages/airflow/example_dags/example_nested_branch_dag.py took 0.111 seconds
[2025-12-04T23:49:41.083+0600] {processor.py:157} INFO - Started process (PID=41764) to work on /Users/asminsadykova/Desktop/h&m/.venv/lib/python3.9/site-packages/airflow/example_dags/example_nested_branch_dag.py
[2025-12-04T23:49:41.085+0600] {processor.py:829} INFO - Processing file /Users/asminsadykova/Desktop/h&m/.venv/lib/python3.9/site-packages/airflow/example_dags/example_nested_branch_dag.py for tasks to queue
[2025-12-04T23:49:41.085+0600] {logging_mixin.py:154} INFO - [2025-12-04T23:49:41.085+0600] {dagbag.py:536} INFO - Filling up the DagBag from /Users/asminsadykova/Desktop/h&m/.venv/lib/python3.9/site-packages/airflow/example_dags/example_nested_branch_dag.py
[2025-12-04T23:49:41.108+0600] {processor.py:839} INFO - DAG(s) dict_keys(['example_nested_branch_dag']) retrieved from /Users/asminsadykova/Desktop/h&m/.venv/lib/python3.9/site-packages/airflow/example_dags/example_nested_branch_dag.py
[2025-12-04T23:49:41.177+0600] {logging_mixin.py:154} INFO - [2025-12-04T23:49:41.177+0600] {dag.py:2941} INFO - Sync 1 DAGs
[2025-12-04T23:49:41.184+0600] {logging_mixin.py:154} INFO - [2025-12-04T23:49:41.184+0600] {dag.py:3722} INFO - Setting next_dagrun for example_nested_branch_dag to 2025-12-03T00:00:00+00:00, run_after=2025-12-04T00:00:00+00:00
[2025-12-04T23:49:41.192+0600] {processor.py:179} INFO - Processing /Users/asminsadykova/Desktop/h&m/.venv/lib/python3.9/site-packages/airflow/example_dags/example_nested_branch_dag.py took 0.110 seconds
[2025-12-04T23:51:21.697+0600] {processor.py:157} INFO - Started process (PID=41922) to work on /Users/asminsadykova/Desktop/h&m/.venv/lib/python3.9/site-packages/airflow/example_dags/example_nested_branch_dag.py
[2025-12-04T23:51:21.699+0600] {processor.py:829} INFO - Processing file /Users/asminsadykova/Desktop/h&m/.venv/lib/python3.9/site-packages/airflow/example_dags/example_nested_branch_dag.py for tasks to queue
[2025-12-04T23:51:21.699+0600] {logging_mixin.py:154} INFO - [2025-12-04T23:51:21.699+0600] {dagbag.py:536} INFO - Filling up the DagBag from /Users/asminsadykova/Desktop/h&m/.venv/lib/python3.9/site-packages/airflow/example_dags/example_nested_branch_dag.py
[2025-12-04T23:51:21.728+0600] {processor.py:839} INFO - DAG(s) dict_keys(['example_nested_branch_dag']) retrieved from /Users/asminsadykova/Desktop/h&m/.venv/lib/python3.9/site-packages/airflow/example_dags/example_nested_branch_dag.py
[2025-12-04T23:51:21.802+0600] {logging_mixin.py:154} INFO - [2025-12-04T23:51:21.802+0600] {dag.py:2941} INFO - Sync 1 DAGs
[2025-12-04T23:51:21.809+0600] {logging_mixin.py:154} INFO - [2025-12-04T23:51:21.809+0600] {dag.py:3722} INFO - Setting next_dagrun for example_nested_branch_dag to 2025-12-03T00:00:00+00:00, run_after=2025-12-04T00:00:00+00:00
[2025-12-04T23:51:21.818+0600] {processor.py:179} INFO - Processing /Users/asminsadykova/Desktop/h&m/.venv/lib/python3.9/site-packages/airflow/example_dags/example_nested_branch_dag.py took 0.122 seconds
[2025-12-04T23:52:54.593+0600] {processor.py:157} INFO - Started process (PID=42091) to work on /Users/asminsadykova/Desktop/h&m/.venv/lib/python3.9/site-packages/airflow/example_dags/example_nested_branch_dag.py
[2025-12-04T23:52:54.596+0600] {processor.py:829} INFO - Processing file /Users/asminsadykova/Desktop/h&m/.venv/lib/python3.9/site-packages/airflow/example_dags/example_nested_branch_dag.py for tasks to queue
[2025-12-04T23:52:54.596+0600] {logging_mixin.py:154} INFO - [2025-12-04T23:52:54.596+0600] {dagbag.py:536} INFO - Filling up the DagBag from /Users/asminsadykova/Desktop/h&m/.venv/lib/python3.9/site-packages/airflow/example_dags/example_nested_branch_dag.py
[2025-12-04T23:52:54.623+0600] {processor.py:839} INFO - DAG(s) dict_keys(['example_nested_branch_dag']) retrieved from /Users/asminsadykova/Desktop/h&m/.venv/lib/python3.9/site-packages/airflow/example_dags/example_nested_branch_dag.py
[2025-12-04T23:52:54.699+0600] {logging_mixin.py:154} INFO - [2025-12-04T23:52:54.699+0600] {dag.py:2941} INFO - Sync 1 DAGs
[2025-12-04T23:52:54.707+0600] {logging_mixin.py:154} INFO - [2025-12-04T23:52:54.706+0600] {dag.py:3722} INFO - Setting next_dagrun for example_nested_branch_dag to 2025-12-03T00:00:00+00:00, run_after=2025-12-04T00:00:00+00:00
[2025-12-04T23:52:54.715+0600] {processor.py:179} INFO - Processing /Users/asminsadykova/Desktop/h&m/.venv/lib/python3.9/site-packages/airflow/example_dags/example_nested_branch_dag.py took 0.122 seconds
[2025-12-04T23:54:28.259+0600] {processor.py:157} INFO - Started process (PID=42182) to work on /Users/asminsadykova/Desktop/h&m/.venv/lib/python3.9/site-packages/airflow/example_dags/example_nested_branch_dag.py
[2025-12-04T23:54:28.261+0600] {processor.py:829} INFO - Processing file /Users/asminsadykova/Desktop/h&m/.venv/lib/python3.9/site-packages/airflow/example_dags/example_nested_branch_dag.py for tasks to queue
[2025-12-04T23:54:28.261+0600] {logging_mixin.py:154} INFO - [2025-12-04T23:54:28.261+0600] {dagbag.py:536} INFO - Filling up the DagBag from /Users/asminsadykova/Desktop/h&m/.venv/lib/python3.9/site-packages/airflow/example_dags/example_nested_branch_dag.py
[2025-12-04T23:54:28.284+0600] {processor.py:839} INFO - DAG(s) dict_keys(['example_nested_branch_dag']) retrieved from /Users/asminsadykova/Desktop/h&m/.venv/lib/python3.9/site-packages/airflow/example_dags/example_nested_branch_dag.py
[2025-12-04T23:54:28.350+0600] {logging_mixin.py:154} INFO - [2025-12-04T23:54:28.350+0600] {dag.py:2941} INFO - Sync 1 DAGs
[2025-12-04T23:54:28.357+0600] {logging_mixin.py:154} INFO - [2025-12-04T23:54:28.357+0600] {dag.py:3722} INFO - Setting next_dagrun for example_nested_branch_dag to 2025-12-03T00:00:00+00:00, run_after=2025-12-04T00:00:00+00:00
[2025-12-04T23:54:28.365+0600] {processor.py:179} INFO - Processing /Users/asminsadykova/Desktop/h&m/.venv/lib/python3.9/site-packages/airflow/example_dags/example_nested_branch_dag.py took 0.106 seconds
[2025-12-04T23:55:54.245+0600] {processor.py:157} INFO - Started process (PID=42264) to work on /Users/asminsadykova/Desktop/h&m/.venv/lib/python3.9/site-packages/airflow/example_dags/example_nested_branch_dag.py
[2025-12-04T23:55:54.246+0600] {processor.py:829} INFO - Processing file /Users/asminsadykova/Desktop/h&m/.venv/lib/python3.9/site-packages/airflow/example_dags/example_nested_branch_dag.py for tasks to queue
[2025-12-04T23:55:54.247+0600] {logging_mixin.py:154} INFO - [2025-12-04T23:55:54.247+0600] {dagbag.py:536} INFO - Filling up the DagBag from /Users/asminsadykova/Desktop/h&m/.venv/lib/python3.9/site-packages/airflow/example_dags/example_nested_branch_dag.py
[2025-12-04T23:55:54.274+0600] {processor.py:839} INFO - DAG(s) dict_keys(['example_nested_branch_dag']) retrieved from /Users/asminsadykova/Desktop/h&m/.venv/lib/python3.9/site-packages/airflow/example_dags/example_nested_branch_dag.py
[2025-12-04T23:55:54.344+0600] {logging_mixin.py:154} INFO - [2025-12-04T23:55:54.343+0600] {dag.py:2941} INFO - Sync 1 DAGs
[2025-12-04T23:55:54.351+0600] {logging_mixin.py:154} INFO - [2025-12-04T23:55:54.351+0600] {dag.py:3722} INFO - Setting next_dagrun for example_nested_branch_dag to 2025-12-03T00:00:00+00:00, run_after=2025-12-04T00:00:00+00:00
[2025-12-04T23:55:54.358+0600] {processor.py:179} INFO - Processing /Users/asminsadykova/Desktop/h&m/.venv/lib/python3.9/site-packages/airflow/example_dags/example_nested_branch_dag.py took 0.114 seconds
[2025-12-04T23:57:26.043+0600] {processor.py:157} INFO - Started process (PID=42332) to work on /Users/asminsadykova/Desktop/h&m/.venv/lib/python3.9/site-packages/airflow/example_dags/example_nested_branch_dag.py
[2025-12-04T23:57:26.045+0600] {processor.py:829} INFO - Processing file /Users/asminsadykova/Desktop/h&m/.venv/lib/python3.9/site-packages/airflow/example_dags/example_nested_branch_dag.py for tasks to queue
[2025-12-04T23:57:26.046+0600] {logging_mixin.py:154} INFO - [2025-12-04T23:57:26.045+0600] {dagbag.py:536} INFO - Filling up the DagBag from /Users/asminsadykova/Desktop/h&m/.venv/lib/python3.9/site-packages/airflow/example_dags/example_nested_branch_dag.py
[2025-12-04T23:57:26.075+0600] {processor.py:839} INFO - DAG(s) dict_keys(['example_nested_branch_dag']) retrieved from /Users/asminsadykova/Desktop/h&m/.venv/lib/python3.9/site-packages/airflow/example_dags/example_nested_branch_dag.py
[2025-12-04T23:57:26.147+0600] {logging_mixin.py:154} INFO - [2025-12-04T23:57:26.147+0600] {dag.py:2941} INFO - Sync 1 DAGs
[2025-12-04T23:57:26.156+0600] {logging_mixin.py:154} INFO - [2025-12-04T23:57:26.156+0600] {dag.py:3722} INFO - Setting next_dagrun for example_nested_branch_dag to 2025-12-03T00:00:00+00:00, run_after=2025-12-04T00:00:00+00:00
[2025-12-04T23:57:26.165+0600] {processor.py:179} INFO - Processing /Users/asminsadykova/Desktop/h&m/.venv/lib/python3.9/site-packages/airflow/example_dags/example_nested_branch_dag.py took 0.123 seconds
[2025-12-04T23:58:51.042+0600] {processor.py:157} INFO - Started process (PID=42417) to work on /Users/asminsadykova/Desktop/h&m/.venv/lib/python3.9/site-packages/airflow/example_dags/example_nested_branch_dag.py
[2025-12-04T23:58:51.044+0600] {processor.py:829} INFO - Processing file /Users/asminsadykova/Desktop/h&m/.venv/lib/python3.9/site-packages/airflow/example_dags/example_nested_branch_dag.py for tasks to queue
[2025-12-04T23:58:51.044+0600] {logging_mixin.py:154} INFO - [2025-12-04T23:58:51.044+0600] {dagbag.py:536} INFO - Filling up the DagBag from /Users/asminsadykova/Desktop/h&m/.venv/lib/python3.9/site-packages/airflow/example_dags/example_nested_branch_dag.py
[2025-12-04T23:58:51.070+0600] {processor.py:839} INFO - DAG(s) dict_keys(['example_nested_branch_dag']) retrieved from /Users/asminsadykova/Desktop/h&m/.venv/lib/python3.9/site-packages/airflow/example_dags/example_nested_branch_dag.py
[2025-12-04T23:58:51.138+0600] {logging_mixin.py:154} INFO - [2025-12-04T23:58:51.138+0600] {dag.py:2941} INFO - Sync 1 DAGs
[2025-12-04T23:58:51.145+0600] {logging_mixin.py:154} INFO - [2025-12-04T23:58:51.145+0600] {dag.py:3722} INFO - Setting next_dagrun for example_nested_branch_dag to 2025-12-03T00:00:00+00:00, run_after=2025-12-04T00:00:00+00:00
[2025-12-04T23:58:51.153+0600] {processor.py:179} INFO - Processing /Users/asminsadykova/Desktop/h&m/.venv/lib/python3.9/site-packages/airflow/example_dags/example_nested_branch_dag.py took 0.112 seconds
[2025-12-05T00:00:23.544+0600] {processor.py:157} INFO - Started process (PID=42667) to work on /Users/asminsadykova/Desktop/h&m/.venv/lib/python3.9/site-packages/airflow/example_dags/example_nested_branch_dag.py
[2025-12-05T00:00:23.547+0600] {processor.py:829} INFO - Processing file /Users/asminsadykova/Desktop/h&m/.venv/lib/python3.9/site-packages/airflow/example_dags/example_nested_branch_dag.py for tasks to queue
[2025-12-05T00:00:23.547+0600] {logging_mixin.py:154} INFO - [2025-12-05T00:00:23.547+0600] {dagbag.py:536} INFO - Filling up the DagBag from /Users/asminsadykova/Desktop/h&m/.venv/lib/python3.9/site-packages/airflow/example_dags/example_nested_branch_dag.py
[2025-12-05T00:00:23.574+0600] {processor.py:839} INFO - DAG(s) dict_keys(['example_nested_branch_dag']) retrieved from /Users/asminsadykova/Desktop/h&m/.venv/lib/python3.9/site-packages/airflow/example_dags/example_nested_branch_dag.py
[2025-12-05T00:00:23.646+0600] {logging_mixin.py:154} INFO - [2025-12-05T00:00:23.646+0600] {dag.py:2941} INFO - Sync 1 DAGs
[2025-12-05T00:00:23.655+0600] {logging_mixin.py:154} INFO - [2025-12-05T00:00:23.655+0600] {dag.py:3722} INFO - Setting next_dagrun for example_nested_branch_dag to 2025-12-03T00:00:00+00:00, run_after=2025-12-04T00:00:00+00:00
[2025-12-05T00:00:23.662+0600] {processor.py:179} INFO - Processing /Users/asminsadykova/Desktop/h&m/.venv/lib/python3.9/site-packages/airflow/example_dags/example_nested_branch_dag.py took 0.119 seconds
[2025-12-05T00:01:58.703+0600] {processor.py:157} INFO - Started process (PID=42900) to work on /Users/asminsadykova/Desktop/h&m/.venv/lib/python3.9/site-packages/airflow/example_dags/example_nested_branch_dag.py
[2025-12-05T00:01:58.705+0600] {processor.py:829} INFO - Processing file /Users/asminsadykova/Desktop/h&m/.venv/lib/python3.9/site-packages/airflow/example_dags/example_nested_branch_dag.py for tasks to queue
[2025-12-05T00:01:58.705+0600] {logging_mixin.py:154} INFO - [2025-12-05T00:01:58.705+0600] {dagbag.py:536} INFO - Filling up the DagBag from /Users/asminsadykova/Desktop/h&m/.venv/lib/python3.9/site-packages/airflow/example_dags/example_nested_branch_dag.py
[2025-12-05T00:01:58.728+0600] {processor.py:839} INFO - DAG(s) dict_keys(['example_nested_branch_dag']) retrieved from /Users/asminsadykova/Desktop/h&m/.venv/lib/python3.9/site-packages/airflow/example_dags/example_nested_branch_dag.py
[2025-12-05T00:01:58.795+0600] {logging_mixin.py:154} INFO - [2025-12-05T00:01:58.795+0600] {dag.py:2941} INFO - Sync 1 DAGs
[2025-12-05T00:01:58.802+0600] {logging_mixin.py:154} INFO - [2025-12-05T00:01:58.802+0600] {dag.py:3722} INFO - Setting next_dagrun for example_nested_branch_dag to 2025-12-03T00:00:00+00:00, run_after=2025-12-04T00:00:00+00:00
[2025-12-05T00:01:58.810+0600] {processor.py:179} INFO - Processing /Users/asminsadykova/Desktop/h&m/.venv/lib/python3.9/site-packages/airflow/example_dags/example_nested_branch_dag.py took 0.107 seconds
[2025-12-05T00:03:32.695+0600] {processor.py:157} INFO - Started process (PID=42972) to work on /Users/asminsadykova/Desktop/h&m/.venv/lib/python3.9/site-packages/airflow/example_dags/example_nested_branch_dag.py
[2025-12-05T00:03:32.697+0600] {processor.py:829} INFO - Processing file /Users/asminsadykova/Desktop/h&m/.venv/lib/python3.9/site-packages/airflow/example_dags/example_nested_branch_dag.py for tasks to queue
[2025-12-05T00:03:32.698+0600] {logging_mixin.py:154} INFO - [2025-12-05T00:03:32.698+0600] {dagbag.py:536} INFO - Filling up the DagBag from /Users/asminsadykova/Desktop/h&m/.venv/lib/python3.9/site-packages/airflow/example_dags/example_nested_branch_dag.py
[2025-12-05T00:03:32.723+0600] {processor.py:839} INFO - DAG(s) dict_keys(['example_nested_branch_dag']) retrieved from /Users/asminsadykova/Desktop/h&m/.venv/lib/python3.9/site-packages/airflow/example_dags/example_nested_branch_dag.py
[2025-12-05T00:03:32.800+0600] {logging_mixin.py:154} INFO - [2025-12-05T00:03:32.800+0600] {dag.py:2941} INFO - Sync 1 DAGs
[2025-12-05T00:03:32.809+0600] {logging_mixin.py:154} INFO - [2025-12-05T00:03:32.809+0600] {dag.py:3722} INFO - Setting next_dagrun for example_nested_branch_dag to 2025-12-03T00:00:00+00:00, run_after=2025-12-04T00:00:00+00:00
[2025-12-05T00:03:32.818+0600] {processor.py:179} INFO - Processing /Users/asminsadykova/Desktop/h&m/.venv/lib/python3.9/site-packages/airflow/example_dags/example_nested_branch_dag.py took 0.124 seconds
[2025-12-05T00:05:04.433+0600] {processor.py:157} INFO - Started process (PID=43219) to work on /Users/asminsadykova/Desktop/h&m/.venv/lib/python3.9/site-packages/airflow/example_dags/example_nested_branch_dag.py
[2025-12-05T00:05:04.441+0600] {processor.py:829} INFO - Processing file /Users/asminsadykova/Desktop/h&m/.venv/lib/python3.9/site-packages/airflow/example_dags/example_nested_branch_dag.py for tasks to queue
[2025-12-05T00:05:04.441+0600] {logging_mixin.py:154} INFO - [2025-12-05T00:05:04.441+0600] {dagbag.py:536} INFO - Filling up the DagBag from /Users/asminsadykova/Desktop/h&m/.venv/lib/python3.9/site-packages/airflow/example_dags/example_nested_branch_dag.py
[2025-12-05T00:05:04.477+0600] {processor.py:839} INFO - DAG(s) dict_keys(['example_nested_branch_dag']) retrieved from /Users/asminsadykova/Desktop/h&m/.venv/lib/python3.9/site-packages/airflow/example_dags/example_nested_branch_dag.py
[2025-12-05T00:05:04.552+0600] {logging_mixin.py:154} INFO - [2025-12-05T00:05:04.551+0600] {dag.py:2941} INFO - Sync 1 DAGs
[2025-12-05T00:05:04.559+0600] {logging_mixin.py:154} INFO - [2025-12-05T00:05:04.559+0600] {dag.py:3722} INFO - Setting next_dagrun for example_nested_branch_dag to 2025-12-03T00:00:00+00:00, run_after=2025-12-04T00:00:00+00:00
[2025-12-05T00:05:04.570+0600] {processor.py:179} INFO - Processing /Users/asminsadykova/Desktop/h&m/.venv/lib/python3.9/site-packages/airflow/example_dags/example_nested_branch_dag.py took 0.138 seconds
[2025-12-05T00:06:36.521+0600] {processor.py:157} INFO - Started process (PID=43382) to work on /Users/asminsadykova/Desktop/h&m/.venv/lib/python3.9/site-packages/airflow/example_dags/example_nested_branch_dag.py
[2025-12-05T00:06:36.522+0600] {processor.py:829} INFO - Processing file /Users/asminsadykova/Desktop/h&m/.venv/lib/python3.9/site-packages/airflow/example_dags/example_nested_branch_dag.py for tasks to queue
[2025-12-05T00:06:36.522+0600] {logging_mixin.py:154} INFO - [2025-12-05T00:06:36.522+0600] {dagbag.py:536} INFO - Filling up the DagBag from /Users/asminsadykova/Desktop/h&m/.venv/lib/python3.9/site-packages/airflow/example_dags/example_nested_branch_dag.py
[2025-12-05T00:06:36.547+0600] {processor.py:839} INFO - DAG(s) dict_keys(['example_nested_branch_dag']) retrieved from /Users/asminsadykova/Desktop/h&m/.venv/lib/python3.9/site-packages/airflow/example_dags/example_nested_branch_dag.py
[2025-12-05T00:06:36.621+0600] {logging_mixin.py:154} INFO - [2025-12-05T00:06:36.621+0600] {dag.py:2941} INFO - Sync 1 DAGs
[2025-12-05T00:06:36.631+0600] {logging_mixin.py:154} INFO - [2025-12-05T00:06:36.630+0600] {dag.py:3722} INFO - Setting next_dagrun for example_nested_branch_dag to 2025-12-03T00:00:00+00:00, run_after=2025-12-04T00:00:00+00:00
[2025-12-05T00:06:36.640+0600] {processor.py:179} INFO - Processing /Users/asminsadykova/Desktop/h&m/.venv/lib/python3.9/site-packages/airflow/example_dags/example_nested_branch_dag.py took 0.119 seconds
[2025-12-05T00:08:01.747+0600] {processor.py:157} INFO - Started process (PID=43523) to work on /Users/asminsadykova/Desktop/h&m/.venv/lib/python3.9/site-packages/airflow/example_dags/example_nested_branch_dag.py
[2025-12-05T00:08:01.748+0600] {processor.py:829} INFO - Processing file /Users/asminsadykova/Desktop/h&m/.venv/lib/python3.9/site-packages/airflow/example_dags/example_nested_branch_dag.py for tasks to queue
[2025-12-05T00:08:01.748+0600] {logging_mixin.py:154} INFO - [2025-12-05T00:08:01.748+0600] {dagbag.py:536} INFO - Filling up the DagBag from /Users/asminsadykova/Desktop/h&m/.venv/lib/python3.9/site-packages/airflow/example_dags/example_nested_branch_dag.py
[2025-12-05T00:08:01.773+0600] {processor.py:839} INFO - DAG(s) dict_keys(['example_nested_branch_dag']) retrieved from /Users/asminsadykova/Desktop/h&m/.venv/lib/python3.9/site-packages/airflow/example_dags/example_nested_branch_dag.py
[2025-12-05T00:08:01.854+0600] {logging_mixin.py:154} INFO - [2025-12-05T00:08:01.854+0600] {dag.py:2941} INFO - Sync 1 DAGs
[2025-12-05T00:08:01.863+0600] {logging_mixin.py:154} INFO - [2025-12-05T00:08:01.863+0600] {dag.py:3722} INFO - Setting next_dagrun for example_nested_branch_dag to 2025-12-03T00:00:00+00:00, run_after=2025-12-04T00:00:00+00:00
[2025-12-05T00:08:01.872+0600] {processor.py:179} INFO - Processing /Users/asminsadykova/Desktop/h&m/.venv/lib/python3.9/site-packages/airflow/example_dags/example_nested_branch_dag.py took 0.126 seconds
[2025-12-05T00:09:34.066+0600] {processor.py:157} INFO - Started process (PID=43686) to work on /Users/asminsadykova/Desktop/h&m/.venv/lib/python3.9/site-packages/airflow/example_dags/example_nested_branch_dag.py
[2025-12-05T00:09:34.067+0600] {processor.py:829} INFO - Processing file /Users/asminsadykova/Desktop/h&m/.venv/lib/python3.9/site-packages/airflow/example_dags/example_nested_branch_dag.py for tasks to queue
[2025-12-05T00:09:34.067+0600] {logging_mixin.py:154} INFO - [2025-12-05T00:09:34.067+0600] {dagbag.py:536} INFO - Filling up the DagBag from /Users/asminsadykova/Desktop/h&m/.venv/lib/python3.9/site-packages/airflow/example_dags/example_nested_branch_dag.py
[2025-12-05T00:09:34.092+0600] {processor.py:839} INFO - DAG(s) dict_keys(['example_nested_branch_dag']) retrieved from /Users/asminsadykova/Desktop/h&m/.venv/lib/python3.9/site-packages/airflow/example_dags/example_nested_branch_dag.py
[2025-12-05T00:09:34.165+0600] {logging_mixin.py:154} INFO - [2025-12-05T00:09:34.164+0600] {dag.py:2941} INFO - Sync 1 DAGs
[2025-12-05T00:09:34.172+0600] {logging_mixin.py:154} INFO - [2025-12-05T00:09:34.172+0600] {dag.py:3722} INFO - Setting next_dagrun for example_nested_branch_dag to 2025-12-03T00:00:00+00:00, run_after=2025-12-04T00:00:00+00:00
[2025-12-05T00:09:34.180+0600] {processor.py:179} INFO - Processing /Users/asminsadykova/Desktop/h&m/.venv/lib/python3.9/site-packages/airflow/example_dags/example_nested_branch_dag.py took 0.115 seconds
[2025-12-05T00:11:11.137+0600] {processor.py:157} INFO - Started process (PID=43838) to work on /Users/asminsadykova/Desktop/h&m/.venv/lib/python3.9/site-packages/airflow/example_dags/example_nested_branch_dag.py
[2025-12-05T00:11:11.138+0600] {processor.py:829} INFO - Processing file /Users/asminsadykova/Desktop/h&m/.venv/lib/python3.9/site-packages/airflow/example_dags/example_nested_branch_dag.py for tasks to queue
[2025-12-05T00:11:11.138+0600] {logging_mixin.py:154} INFO - [2025-12-05T00:11:11.138+0600] {dagbag.py:536} INFO - Filling up the DagBag from /Users/asminsadykova/Desktop/h&m/.venv/lib/python3.9/site-packages/airflow/example_dags/example_nested_branch_dag.py
[2025-12-05T00:11:11.163+0600] {processor.py:839} INFO - DAG(s) dict_keys(['example_nested_branch_dag']) retrieved from /Users/asminsadykova/Desktop/h&m/.venv/lib/python3.9/site-packages/airflow/example_dags/example_nested_branch_dag.py
[2025-12-05T00:11:11.235+0600] {logging_mixin.py:154} INFO - [2025-12-05T00:11:11.234+0600] {dag.py:2941} INFO - Sync 1 DAGs
[2025-12-05T00:11:11.242+0600] {logging_mixin.py:154} INFO - [2025-12-05T00:11:11.242+0600] {dag.py:3722} INFO - Setting next_dagrun for example_nested_branch_dag to 2025-12-03T00:00:00+00:00, run_after=2025-12-04T00:00:00+00:00
[2025-12-05T00:11:11.250+0600] {processor.py:179} INFO - Processing /Users/asminsadykova/Desktop/h&m/.venv/lib/python3.9/site-packages/airflow/example_dags/example_nested_branch_dag.py took 0.114 seconds
[2025-12-05T00:12:41.464+0600] {processor.py:157} INFO - Started process (PID=44011) to work on /Users/asminsadykova/Desktop/h&m/.venv/lib/python3.9/site-packages/airflow/example_dags/example_nested_branch_dag.py
[2025-12-05T00:12:41.466+0600] {processor.py:829} INFO - Processing file /Users/asminsadykova/Desktop/h&m/.venv/lib/python3.9/site-packages/airflow/example_dags/example_nested_branch_dag.py for tasks to queue
[2025-12-05T00:12:41.467+0600] {logging_mixin.py:154} INFO - [2025-12-05T00:12:41.467+0600] {dagbag.py:536} INFO - Filling up the DagBag from /Users/asminsadykova/Desktop/h&m/.venv/lib/python3.9/site-packages/airflow/example_dags/example_nested_branch_dag.py
[2025-12-05T00:12:41.495+0600] {processor.py:839} INFO - DAG(s) dict_keys(['example_nested_branch_dag']) retrieved from /Users/asminsadykova/Desktop/h&m/.venv/lib/python3.9/site-packages/airflow/example_dags/example_nested_branch_dag.py
[2025-12-05T00:12:41.573+0600] {logging_mixin.py:154} INFO - [2025-12-05T00:12:41.573+0600] {dag.py:2941} INFO - Sync 1 DAGs
[2025-12-05T00:12:41.580+0600] {logging_mixin.py:154} INFO - [2025-12-05T00:12:41.580+0600] {dag.py:3722} INFO - Setting next_dagrun for example_nested_branch_dag to 2025-12-03T00:00:00+00:00, run_after=2025-12-04T00:00:00+00:00
[2025-12-05T00:12:41.588+0600] {processor.py:179} INFO - Processing /Users/asminsadykova/Desktop/h&m/.venv/lib/python3.9/site-packages/airflow/example_dags/example_nested_branch_dag.py took 0.125 seconds
