[2025-12-04T23:17:52.496+0600] {processor.py:157} INFO - Started process (PID=38929) to work on /Users/asminsadykova/Desktop/h&m/.venv/lib/python3.9/site-packages/airflow/example_dags/example_skip_dag.py
[2025-12-04T23:17:52.497+0600] {processor.py:829} INFO - Processing file /Users/asminsadykova/Desktop/h&m/.venv/lib/python3.9/site-packages/airflow/example_dags/example_skip_dag.py for tasks to queue
[2025-12-04T23:17:52.497+0600] {logging_mixin.py:154} INFO - [2025-12-04T23:17:52.497+0600] {dagbag.py:536} INFO - Filling up the DagBag from /Users/asminsadykova/Desktop/h&m/.venv/lib/python3.9/site-packages/airflow/example_dags/example_skip_dag.py
[2025-12-04T23:17:52.508+0600] {processor.py:839} INFO - DAG(s) dict_keys(['example_skip_dag']) retrieved from /Users/asminsadykova/Desktop/h&m/.venv/lib/python3.9/site-packages/airflow/example_dags/example_skip_dag.py
[2025-12-04T23:17:52.766+0600] {logging_mixin.py:154} INFO - [2025-12-04T23:17:52.766+0600] {manager.py:499} INFO - Created Permission View: %s
[2025-12-04T23:17:52.769+0600] {logging_mixin.py:154} INFO - [2025-12-04T23:17:52.769+0600] {manager.py:499} INFO - Created Permission View: %s
[2025-12-04T23:17:52.772+0600] {logging_mixin.py:154} INFO - [2025-12-04T23:17:52.771+0600] {manager.py:499} INFO - Created Permission View: %s
[2025-12-04T23:17:52.772+0600] {logging_mixin.py:154} INFO - [2025-12-04T23:17:52.772+0600] {dag.py:2941} INFO - Sync 1 DAGs
[2025-12-04T23:17:52.776+0600] {logging_mixin.py:154} INFO - [2025-12-04T23:17:52.776+0600] {dag.py:2963} INFO - Creating ORM DAG for example_skip_dag
[2025-12-04T23:17:52.779+0600] {logging_mixin.py:154} INFO - [2025-12-04T23:17:52.779+0600] {dag.py:3722} INFO - Setting next_dagrun for example_skip_dag to 2025-12-03T17:17:52.779518+00:00, run_after=2025-12-04T17:17:52.779518+00:00
[2025-12-04T23:17:52.786+0600] {processor.py:179} INFO - Processing /Users/asminsadykova/Desktop/h&m/.venv/lib/python3.9/site-packages/airflow/example_dags/example_skip_dag.py took 0.290 seconds
[2025-12-04T23:19:10.708+0600] {processor.py:157} INFO - Started process (PID=39023) to work on /Users/asminsadykova/Desktop/h&m/.venv/lib/python3.9/site-packages/airflow/example_dags/example_skip_dag.py
[2025-12-04T23:19:10.708+0600] {processor.py:829} INFO - Processing file /Users/asminsadykova/Desktop/h&m/.venv/lib/python3.9/site-packages/airflow/example_dags/example_skip_dag.py for tasks to queue
[2025-12-04T23:19:10.708+0600] {logging_mixin.py:154} INFO - [2025-12-04T23:19:10.708+0600] {dagbag.py:536} INFO - Filling up the DagBag from /Users/asminsadykova/Desktop/h&m/.venv/lib/python3.9/site-packages/airflow/example_dags/example_skip_dag.py
[2025-12-04T23:19:10.719+0600] {processor.py:839} INFO - DAG(s) dict_keys(['example_skip_dag']) retrieved from /Users/asminsadykova/Desktop/h&m/.venv/lib/python3.9/site-packages/airflow/example_dags/example_skip_dag.py
[2025-12-04T23:19:10.792+0600] {logging_mixin.py:154} INFO - [2025-12-04T23:19:10.792+0600] {dag.py:2941} INFO - Sync 1 DAGs
[2025-12-04T23:19:10.798+0600] {logging_mixin.py:154} INFO - [2025-12-04T23:19:10.798+0600] {dag.py:3722} INFO - Setting next_dagrun for example_skip_dag to 2025-12-03T17:19:10.798603+00:00, run_after=2025-12-04T17:19:10.798603+00:00
[2025-12-04T23:19:10.805+0600] {processor.py:179} INFO - Processing /Users/asminsadykova/Desktop/h&m/.venv/lib/python3.9/site-packages/airflow/example_dags/example_skip_dag.py took 0.098 seconds
[2025-12-04T23:20:35.722+0600] {processor.py:157} INFO - Started process (PID=39126) to work on /Users/asminsadykova/Desktop/h&m/.venv/lib/python3.9/site-packages/airflow/example_dags/example_skip_dag.py
[2025-12-04T23:20:35.723+0600] {processor.py:829} INFO - Processing file /Users/asminsadykova/Desktop/h&m/.venv/lib/python3.9/site-packages/airflow/example_dags/example_skip_dag.py for tasks to queue
[2025-12-04T23:20:35.723+0600] {logging_mixin.py:154} INFO - [2025-12-04T23:20:35.723+0600] {dagbag.py:536} INFO - Filling up the DagBag from /Users/asminsadykova/Desktop/h&m/.venv/lib/python3.9/site-packages/airflow/example_dags/example_skip_dag.py
[2025-12-04T23:20:35.734+0600] {processor.py:839} INFO - DAG(s) dict_keys(['example_skip_dag']) retrieved from /Users/asminsadykova/Desktop/h&m/.venv/lib/python3.9/site-packages/airflow/example_dags/example_skip_dag.py
[2025-12-04T23:20:35.808+0600] {logging_mixin.py:154} INFO - [2025-12-04T23:20:35.808+0600] {dag.py:2941} INFO - Sync 1 DAGs
[2025-12-04T23:20:35.815+0600] {logging_mixin.py:154} INFO - [2025-12-04T23:20:35.815+0600] {dag.py:3722} INFO - Setting next_dagrun for example_skip_dag to 2025-12-03T17:20:35.815325+00:00, run_after=2025-12-04T17:20:35.815325+00:00
[2025-12-04T23:20:35.823+0600] {processor.py:179} INFO - Processing /Users/asminsadykova/Desktop/h&m/.venv/lib/python3.9/site-packages/airflow/example_dags/example_skip_dag.py took 0.101 seconds
[2025-12-04T23:22:02.951+0600] {processor.py:157} INFO - Started process (PID=39229) to work on /Users/asminsadykova/Desktop/h&m/.venv/lib/python3.9/site-packages/airflow/example_dags/example_skip_dag.py
[2025-12-04T23:22:02.952+0600] {processor.py:829} INFO - Processing file /Users/asminsadykova/Desktop/h&m/.venv/lib/python3.9/site-packages/airflow/example_dags/example_skip_dag.py for tasks to queue
[2025-12-04T23:22:02.952+0600] {logging_mixin.py:154} INFO - [2025-12-04T23:22:02.952+0600] {dagbag.py:536} INFO - Filling up the DagBag from /Users/asminsadykova/Desktop/h&m/.venv/lib/python3.9/site-packages/airflow/example_dags/example_skip_dag.py
[2025-12-04T23:22:02.963+0600] {processor.py:839} INFO - DAG(s) dict_keys(['example_skip_dag']) retrieved from /Users/asminsadykova/Desktop/h&m/.venv/lib/python3.9/site-packages/airflow/example_dags/example_skip_dag.py
[2025-12-04T23:22:03.034+0600] {logging_mixin.py:154} INFO - [2025-12-04T23:22:03.033+0600] {dag.py:2941} INFO - Sync 1 DAGs
[2025-12-04T23:22:03.040+0600] {logging_mixin.py:154} INFO - [2025-12-04T23:22:03.040+0600] {dag.py:3722} INFO - Setting next_dagrun for example_skip_dag to 2025-12-03T17:22:03.040191+00:00, run_after=2025-12-04T17:22:03.040191+00:00
[2025-12-04T23:22:03.047+0600] {processor.py:179} INFO - Processing /Users/asminsadykova/Desktop/h&m/.venv/lib/python3.9/site-packages/airflow/example_dags/example_skip_dag.py took 0.097 seconds
[2025-12-04T23:23:31.781+0600] {processor.py:157} INFO - Started process (PID=39306) to work on /Users/asminsadykova/Desktop/h&m/.venv/lib/python3.9/site-packages/airflow/example_dags/example_skip_dag.py
[2025-12-04T23:23:31.782+0600] {processor.py:829} INFO - Processing file /Users/asminsadykova/Desktop/h&m/.venv/lib/python3.9/site-packages/airflow/example_dags/example_skip_dag.py for tasks to queue
[2025-12-04T23:23:31.782+0600] {logging_mixin.py:154} INFO - [2025-12-04T23:23:31.782+0600] {dagbag.py:536} INFO - Filling up the DagBag from /Users/asminsadykova/Desktop/h&m/.venv/lib/python3.9/site-packages/airflow/example_dags/example_skip_dag.py
[2025-12-04T23:23:31.793+0600] {processor.py:839} INFO - DAG(s) dict_keys(['example_skip_dag']) retrieved from /Users/asminsadykova/Desktop/h&m/.venv/lib/python3.9/site-packages/airflow/example_dags/example_skip_dag.py
[2025-12-04T23:23:31.910+0600] {logging_mixin.py:154} INFO - [2025-12-04T23:23:31.910+0600] {dag.py:2941} INFO - Sync 1 DAGs
[2025-12-04T23:23:31.916+0600] {logging_mixin.py:154} INFO - [2025-12-04T23:23:31.916+0600] {dag.py:3722} INFO - Setting next_dagrun for example_skip_dag to 2025-12-03T17:23:31.916580+00:00, run_after=2025-12-04T17:23:31.916580+00:00
[2025-12-04T23:23:31.924+0600] {processor.py:179} INFO - Processing /Users/asminsadykova/Desktop/h&m/.venv/lib/python3.9/site-packages/airflow/example_dags/example_skip_dag.py took 0.144 seconds
[2025-12-04T23:25:09.753+0600] {processor.py:157} INFO - Started process (PID=39505) to work on /Users/asminsadykova/Desktop/h&m/.venv/lib/python3.9/site-packages/airflow/example_dags/example_skip_dag.py
[2025-12-04T23:25:09.754+0600] {processor.py:829} INFO - Processing file /Users/asminsadykova/Desktop/h&m/.venv/lib/python3.9/site-packages/airflow/example_dags/example_skip_dag.py for tasks to queue
[2025-12-04T23:25:09.754+0600] {logging_mixin.py:154} INFO - [2025-12-04T23:25:09.754+0600] {dagbag.py:536} INFO - Filling up the DagBag from /Users/asminsadykova/Desktop/h&m/.venv/lib/python3.9/site-packages/airflow/example_dags/example_skip_dag.py
[2025-12-04T23:25:09.765+0600] {processor.py:839} INFO - DAG(s) dict_keys(['example_skip_dag']) retrieved from /Users/asminsadykova/Desktop/h&m/.venv/lib/python3.9/site-packages/airflow/example_dags/example_skip_dag.py
[2025-12-04T23:25:09.836+0600] {logging_mixin.py:154} INFO - [2025-12-04T23:25:09.836+0600] {dag.py:2941} INFO - Sync 1 DAGs
[2025-12-04T23:25:09.842+0600] {logging_mixin.py:154} INFO - [2025-12-04T23:25:09.842+0600] {dag.py:3722} INFO - Setting next_dagrun for example_skip_dag to 2025-12-03T17:25:09.842674+00:00, run_after=2025-12-04T17:25:09.842674+00:00
[2025-12-04T23:25:09.851+0600] {processor.py:179} INFO - Processing /Users/asminsadykova/Desktop/h&m/.venv/lib/python3.9/site-packages/airflow/example_dags/example_skip_dag.py took 0.099 seconds
[2025-12-04T23:26:43.738+0600] {processor.py:157} INFO - Started process (PID=39605) to work on /Users/asminsadykova/Desktop/h&m/.venv/lib/python3.9/site-packages/airflow/example_dags/example_skip_dag.py
[2025-12-04T23:26:43.739+0600] {processor.py:829} INFO - Processing file /Users/asminsadykova/Desktop/h&m/.venv/lib/python3.9/site-packages/airflow/example_dags/example_skip_dag.py for tasks to queue
[2025-12-04T23:26:43.739+0600] {logging_mixin.py:154} INFO - [2025-12-04T23:26:43.739+0600] {dagbag.py:536} INFO - Filling up the DagBag from /Users/asminsadykova/Desktop/h&m/.venv/lib/python3.9/site-packages/airflow/example_dags/example_skip_dag.py
[2025-12-04T23:26:43.750+0600] {processor.py:839} INFO - DAG(s) dict_keys(['example_skip_dag']) retrieved from /Users/asminsadykova/Desktop/h&m/.venv/lib/python3.9/site-packages/airflow/example_dags/example_skip_dag.py
[2025-12-04T23:26:43.824+0600] {logging_mixin.py:154} INFO - [2025-12-04T23:26:43.824+0600] {dag.py:2941} INFO - Sync 1 DAGs
[2025-12-04T23:26:43.830+0600] {logging_mixin.py:154} INFO - [2025-12-04T23:26:43.830+0600] {dag.py:3722} INFO - Setting next_dagrun for example_skip_dag to 2025-12-03T17:26:43.830799+00:00, run_after=2025-12-04T17:26:43.830799+00:00
[2025-12-04T23:26:43.838+0600] {processor.py:179} INFO - Processing /Users/asminsadykova/Desktop/h&m/.venv/lib/python3.9/site-packages/airflow/example_dags/example_skip_dag.py took 0.100 seconds
[2025-12-04T23:28:15.756+0600] {processor.py:157} INFO - Started process (PID=39704) to work on /Users/asminsadykova/Desktop/h&m/.venv/lib/python3.9/site-packages/airflow/example_dags/example_skip_dag.py
[2025-12-04T23:28:15.757+0600] {processor.py:829} INFO - Processing file /Users/asminsadykova/Desktop/h&m/.venv/lib/python3.9/site-packages/airflow/example_dags/example_skip_dag.py for tasks to queue
[2025-12-04T23:28:15.758+0600] {logging_mixin.py:154} INFO - [2025-12-04T23:28:15.758+0600] {dagbag.py:536} INFO - Filling up the DagBag from /Users/asminsadykova/Desktop/h&m/.venv/lib/python3.9/site-packages/airflow/example_dags/example_skip_dag.py
[2025-12-04T23:28:15.768+0600] {processor.py:839} INFO - DAG(s) dict_keys(['example_skip_dag']) retrieved from /Users/asminsadykova/Desktop/h&m/.venv/lib/python3.9/site-packages/airflow/example_dags/example_skip_dag.py
[2025-12-04T23:28:15.838+0600] {logging_mixin.py:154} INFO - [2025-12-04T23:28:15.838+0600] {dag.py:2941} INFO - Sync 1 DAGs
[2025-12-04T23:28:15.845+0600] {logging_mixin.py:154} INFO - [2025-12-04T23:28:15.845+0600] {dag.py:3722} INFO - Setting next_dagrun for example_skip_dag to 2025-12-03T17:28:15.845104+00:00, run_after=2025-12-04T17:28:15.845104+00:00
[2025-12-04T23:28:15.854+0600] {processor.py:179} INFO - Processing /Users/asminsadykova/Desktop/h&m/.venv/lib/python3.9/site-packages/airflow/example_dags/example_skip_dag.py took 0.098 seconds
[2025-12-04T23:29:40.060+0600] {processor.py:157} INFO - Started process (PID=39778) to work on /Users/asminsadykova/Desktop/h&m/.venv/lib/python3.9/site-packages/airflow/example_dags/example_skip_dag.py
[2025-12-04T23:29:40.061+0600] {processor.py:829} INFO - Processing file /Users/asminsadykova/Desktop/h&m/.venv/lib/python3.9/site-packages/airflow/example_dags/example_skip_dag.py for tasks to queue
[2025-12-04T23:29:40.061+0600] {logging_mixin.py:154} INFO - [2025-12-04T23:29:40.061+0600] {dagbag.py:536} INFO - Filling up the DagBag from /Users/asminsadykova/Desktop/h&m/.venv/lib/python3.9/site-packages/airflow/example_dags/example_skip_dag.py
[2025-12-04T23:29:40.075+0600] {processor.py:839} INFO - DAG(s) dict_keys(['example_skip_dag']) retrieved from /Users/asminsadykova/Desktop/h&m/.venv/lib/python3.9/site-packages/airflow/example_dags/example_skip_dag.py
[2025-12-04T23:29:40.148+0600] {logging_mixin.py:154} INFO - [2025-12-04T23:29:40.148+0600] {dag.py:2941} INFO - Sync 1 DAGs
[2025-12-04T23:29:40.154+0600] {logging_mixin.py:154} INFO - [2025-12-04T23:29:40.154+0600] {dag.py:3722} INFO - Setting next_dagrun for example_skip_dag to 2025-12-03T17:29:40.154610+00:00, run_after=2025-12-04T17:29:40.154610+00:00
[2025-12-04T23:29:40.162+0600] {processor.py:179} INFO - Processing /Users/asminsadykova/Desktop/h&m/.venv/lib/python3.9/site-packages/airflow/example_dags/example_skip_dag.py took 0.103 seconds
[2025-12-04T23:31:02.015+0600] {processor.py:157} INFO - Started process (PID=39846) to work on /Users/asminsadykova/Desktop/h&m/.venv/lib/python3.9/site-packages/airflow/example_dags/example_skip_dag.py
[2025-12-04T23:31:02.017+0600] {processor.py:829} INFO - Processing file /Users/asminsadykova/Desktop/h&m/.venv/lib/python3.9/site-packages/airflow/example_dags/example_skip_dag.py for tasks to queue
[2025-12-04T23:31:02.017+0600] {logging_mixin.py:154} INFO - [2025-12-04T23:31:02.017+0600] {dagbag.py:536} INFO - Filling up the DagBag from /Users/asminsadykova/Desktop/h&m/.venv/lib/python3.9/site-packages/airflow/example_dags/example_skip_dag.py
[2025-12-04T23:31:02.027+0600] {processor.py:839} INFO - DAG(s) dict_keys(['example_skip_dag']) retrieved from /Users/asminsadykova/Desktop/h&m/.venv/lib/python3.9/site-packages/airflow/example_dags/example_skip_dag.py
[2025-12-04T23:31:02.099+0600] {logging_mixin.py:154} INFO - [2025-12-04T23:31:02.099+0600] {dag.py:2941} INFO - Sync 1 DAGs
[2025-12-04T23:31:02.105+0600] {logging_mixin.py:154} INFO - [2025-12-04T23:31:02.105+0600] {dag.py:3722} INFO - Setting next_dagrun for example_skip_dag to 2025-12-03T17:31:02.105699+00:00, run_after=2025-12-04T17:31:02.105699+00:00
[2025-12-04T23:31:02.113+0600] {processor.py:179} INFO - Processing /Users/asminsadykova/Desktop/h&m/.venv/lib/python3.9/site-packages/airflow/example_dags/example_skip_dag.py took 0.098 seconds
[2025-12-04T23:32:30.057+0600] {processor.py:157} INFO - Started process (PID=40059) to work on /Users/asminsadykova/Desktop/h&m/.venv/lib/python3.9/site-packages/airflow/example_dags/example_skip_dag.py
[2025-12-04T23:32:30.059+0600] {processor.py:829} INFO - Processing file /Users/asminsadykova/Desktop/h&m/.venv/lib/python3.9/site-packages/airflow/example_dags/example_skip_dag.py for tasks to queue
[2025-12-04T23:32:30.059+0600] {logging_mixin.py:154} INFO - [2025-12-04T23:32:30.059+0600] {dagbag.py:536} INFO - Filling up the DagBag from /Users/asminsadykova/Desktop/h&m/.venv/lib/python3.9/site-packages/airflow/example_dags/example_skip_dag.py
[2025-12-04T23:32:30.070+0600] {processor.py:839} INFO - DAG(s) dict_keys(['example_skip_dag']) retrieved from /Users/asminsadykova/Desktop/h&m/.venv/lib/python3.9/site-packages/airflow/example_dags/example_skip_dag.py
[2025-12-04T23:32:30.140+0600] {logging_mixin.py:154} INFO - [2025-12-04T23:32:30.140+0600] {dag.py:2941} INFO - Sync 1 DAGs
[2025-12-04T23:32:30.146+0600] {logging_mixin.py:154} INFO - [2025-12-04T23:32:30.146+0600] {dag.py:3722} INFO - Setting next_dagrun for example_skip_dag to 2025-12-03T17:32:30.146655+00:00, run_after=2025-12-04T17:32:30.146655+00:00
[2025-12-04T23:32:30.154+0600] {processor.py:179} INFO - Processing /Users/asminsadykova/Desktop/h&m/.venv/lib/python3.9/site-packages/airflow/example_dags/example_skip_dag.py took 0.097 seconds
[2025-12-04T23:33:52.091+0600] {processor.py:157} INFO - Started process (PID=40141) to work on /Users/asminsadykova/Desktop/h&m/.venv/lib/python3.9/site-packages/airflow/example_dags/example_skip_dag.py
[2025-12-04T23:33:52.091+0600] {processor.py:829} INFO - Processing file /Users/asminsadykova/Desktop/h&m/.venv/lib/python3.9/site-packages/airflow/example_dags/example_skip_dag.py for tasks to queue
[2025-12-04T23:33:52.091+0600] {logging_mixin.py:154} INFO - [2025-12-04T23:33:52.091+0600] {dagbag.py:536} INFO - Filling up the DagBag from /Users/asminsadykova/Desktop/h&m/.venv/lib/python3.9/site-packages/airflow/example_dags/example_skip_dag.py
[2025-12-04T23:33:52.103+0600] {processor.py:839} INFO - DAG(s) dict_keys(['example_skip_dag']) retrieved from /Users/asminsadykova/Desktop/h&m/.venv/lib/python3.9/site-packages/airflow/example_dags/example_skip_dag.py
[2025-12-04T23:33:52.173+0600] {logging_mixin.py:154} INFO - [2025-12-04T23:33:52.173+0600] {dag.py:2941} INFO - Sync 1 DAGs
[2025-12-04T23:33:52.179+0600] {logging_mixin.py:154} INFO - [2025-12-04T23:33:52.179+0600] {dag.py:3722} INFO - Setting next_dagrun for example_skip_dag to 2025-12-03T17:33:52.179498+00:00, run_after=2025-12-04T17:33:52.179498+00:00
[2025-12-04T23:33:52.187+0600] {processor.py:179} INFO - Processing /Users/asminsadykova/Desktop/h&m/.venv/lib/python3.9/site-packages/airflow/example_dags/example_skip_dag.py took 0.097 seconds
[2025-12-04T23:35:25.990+0600] {processor.py:157} INFO - Started process (PID=40234) to work on /Users/asminsadykova/Desktop/h&m/.venv/lib/python3.9/site-packages/airflow/example_dags/example_skip_dag.py
[2025-12-04T23:35:25.990+0600] {processor.py:829} INFO - Processing file /Users/asminsadykova/Desktop/h&m/.venv/lib/python3.9/site-packages/airflow/example_dags/example_skip_dag.py for tasks to queue
[2025-12-04T23:35:25.990+0600] {logging_mixin.py:154} INFO - [2025-12-04T23:35:25.990+0600] {dagbag.py:536} INFO - Filling up the DagBag from /Users/asminsadykova/Desktop/h&m/.venv/lib/python3.9/site-packages/airflow/example_dags/example_skip_dag.py
[2025-12-04T23:35:26.001+0600] {processor.py:839} INFO - DAG(s) dict_keys(['example_skip_dag']) retrieved from /Users/asminsadykova/Desktop/h&m/.venv/lib/python3.9/site-packages/airflow/example_dags/example_skip_dag.py
[2025-12-04T23:35:26.070+0600] {logging_mixin.py:154} INFO - [2025-12-04T23:35:26.070+0600] {dag.py:2941} INFO - Sync 1 DAGs
[2025-12-04T23:35:26.076+0600] {logging_mixin.py:154} INFO - [2025-12-04T23:35:26.076+0600] {dag.py:3722} INFO - Setting next_dagrun for example_skip_dag to 2025-12-03T17:35:26.076831+00:00, run_after=2025-12-04T17:35:26.076831+00:00
[2025-12-04T23:35:26.084+0600] {processor.py:179} INFO - Processing /Users/asminsadykova/Desktop/h&m/.venv/lib/python3.9/site-packages/airflow/example_dags/example_skip_dag.py took 0.095 seconds
[2025-12-04T23:37:02.576+0600] {processor.py:157} INFO - Started process (PID=40315) to work on /Users/asminsadykova/Desktop/h&m/.venv/lib/python3.9/site-packages/airflow/example_dags/example_skip_dag.py
[2025-12-04T23:37:02.577+0600] {processor.py:829} INFO - Processing file /Users/asminsadykova/Desktop/h&m/.venv/lib/python3.9/site-packages/airflow/example_dags/example_skip_dag.py for tasks to queue
[2025-12-04T23:37:02.578+0600] {logging_mixin.py:154} INFO - [2025-12-04T23:37:02.578+0600] {dagbag.py:536} INFO - Filling up the DagBag from /Users/asminsadykova/Desktop/h&m/.venv/lib/python3.9/site-packages/airflow/example_dags/example_skip_dag.py
[2025-12-04T23:37:02.588+0600] {processor.py:839} INFO - DAG(s) dict_keys(['example_skip_dag']) retrieved from /Users/asminsadykova/Desktop/h&m/.venv/lib/python3.9/site-packages/airflow/example_dags/example_skip_dag.py
[2025-12-04T23:37:02.657+0600] {logging_mixin.py:154} INFO - [2025-12-04T23:37:02.657+0600] {dag.py:2941} INFO - Sync 1 DAGs
[2025-12-04T23:37:02.663+0600] {logging_mixin.py:154} INFO - [2025-12-04T23:37:02.663+0600] {dag.py:3722} INFO - Setting next_dagrun for example_skip_dag to 2025-12-03T17:37:02.663511+00:00, run_after=2025-12-04T17:37:02.663511+00:00
[2025-12-04T23:37:02.671+0600] {processor.py:179} INFO - Processing /Users/asminsadykova/Desktop/h&m/.venv/lib/python3.9/site-packages/airflow/example_dags/example_skip_dag.py took 0.095 seconds
[2025-12-04T23:38:34.798+0600] {processor.py:157} INFO - Started process (PID=40408) to work on /Users/asminsadykova/Desktop/h&m/.venv/lib/python3.9/site-packages/airflow/example_dags/example_skip_dag.py
[2025-12-04T23:38:34.799+0600] {processor.py:829} INFO - Processing file /Users/asminsadykova/Desktop/h&m/.venv/lib/python3.9/site-packages/airflow/example_dags/example_skip_dag.py for tasks to queue
[2025-12-04T23:38:34.799+0600] {logging_mixin.py:154} INFO - [2025-12-04T23:38:34.799+0600] {dagbag.py:536} INFO - Filling up the DagBag from /Users/asminsadykova/Desktop/h&m/.venv/lib/python3.9/site-packages/airflow/example_dags/example_skip_dag.py
[2025-12-04T23:38:34.810+0600] {processor.py:839} INFO - DAG(s) dict_keys(['example_skip_dag']) retrieved from /Users/asminsadykova/Desktop/h&m/.venv/lib/python3.9/site-packages/airflow/example_dags/example_skip_dag.py
[2025-12-04T23:38:34.885+0600] {logging_mixin.py:154} INFO - [2025-12-04T23:38:34.885+0600] {dag.py:2941} INFO - Sync 1 DAGs
[2025-12-04T23:38:34.893+0600] {logging_mixin.py:154} INFO - [2025-12-04T23:38:34.892+0600] {dag.py:3722} INFO - Setting next_dagrun for example_skip_dag to 2025-12-03T17:38:34.892862+00:00, run_after=2025-12-04T17:38:34.892862+00:00
[2025-12-04T23:38:34.902+0600] {processor.py:179} INFO - Processing /Users/asminsadykova/Desktop/h&m/.venv/lib/python3.9/site-packages/airflow/example_dags/example_skip_dag.py took 0.104 seconds
[2025-12-04T23:40:07.555+0600] {processor.py:157} INFO - Started process (PID=40488) to work on /Users/asminsadykova/Desktop/h&m/.venv/lib/python3.9/site-packages/airflow/example_dags/example_skip_dag.py
[2025-12-04T23:40:07.556+0600] {processor.py:829} INFO - Processing file /Users/asminsadykova/Desktop/h&m/.venv/lib/python3.9/site-packages/airflow/example_dags/example_skip_dag.py for tasks to queue
[2025-12-04T23:40:07.556+0600] {logging_mixin.py:154} INFO - [2025-12-04T23:40:07.556+0600] {dagbag.py:536} INFO - Filling up the DagBag from /Users/asminsadykova/Desktop/h&m/.venv/lib/python3.9/site-packages/airflow/example_dags/example_skip_dag.py
[2025-12-04T23:40:07.567+0600] {processor.py:839} INFO - DAG(s) dict_keys(['example_skip_dag']) retrieved from /Users/asminsadykova/Desktop/h&m/.venv/lib/python3.9/site-packages/airflow/example_dags/example_skip_dag.py
[2025-12-04T23:40:07.640+0600] {logging_mixin.py:154} INFO - [2025-12-04T23:40:07.640+0600] {dag.py:2941} INFO - Sync 1 DAGs
[2025-12-04T23:40:07.647+0600] {logging_mixin.py:154} INFO - [2025-12-04T23:40:07.647+0600] {dag.py:3722} INFO - Setting next_dagrun for example_skip_dag to 2025-12-03T17:40:07.647291+00:00, run_after=2025-12-04T17:40:07.647291+00:00
[2025-12-04T23:40:07.654+0600] {processor.py:179} INFO - Processing /Users/asminsadykova/Desktop/h&m/.venv/lib/python3.9/site-packages/airflow/example_dags/example_skip_dag.py took 0.100 seconds
[2025-12-04T23:41:43.613+0600] {processor.py:157} INFO - Started process (PID=40624) to work on /Users/asminsadykova/Desktop/h&m/.venv/lib/python3.9/site-packages/airflow/example_dags/example_skip_dag.py
[2025-12-04T23:41:43.614+0600] {processor.py:829} INFO - Processing file /Users/asminsadykova/Desktop/h&m/.venv/lib/python3.9/site-packages/airflow/example_dags/example_skip_dag.py for tasks to queue
[2025-12-04T23:41:43.614+0600] {logging_mixin.py:154} INFO - [2025-12-04T23:41:43.614+0600] {dagbag.py:536} INFO - Filling up the DagBag from /Users/asminsadykova/Desktop/h&m/.venv/lib/python3.9/site-packages/airflow/example_dags/example_skip_dag.py
[2025-12-04T23:41:43.625+0600] {processor.py:839} INFO - DAG(s) dict_keys(['example_skip_dag']) retrieved from /Users/asminsadykova/Desktop/h&m/.venv/lib/python3.9/site-packages/airflow/example_dags/example_skip_dag.py
[2025-12-04T23:41:43.696+0600] {logging_mixin.py:154} INFO - [2025-12-04T23:41:43.696+0600] {dag.py:2941} INFO - Sync 1 DAGs
[2025-12-04T23:41:43.703+0600] {logging_mixin.py:154} INFO - [2025-12-04T23:41:43.703+0600] {dag.py:3722} INFO - Setting next_dagrun for example_skip_dag to 2025-12-03T17:41:43.703092+00:00, run_after=2025-12-04T17:41:43.703092+00:00
[2025-12-04T23:41:43.710+0600] {processor.py:179} INFO - Processing /Users/asminsadykova/Desktop/h&m/.venv/lib/python3.9/site-packages/airflow/example_dags/example_skip_dag.py took 0.098 seconds
[2025-12-04T23:43:12.682+0600] {processor.py:157} INFO - Started process (PID=40740) to work on /Users/asminsadykova/Desktop/h&m/.venv/lib/python3.9/site-packages/airflow/example_dags/example_skip_dag.py
[2025-12-04T23:43:12.683+0600] {processor.py:829} INFO - Processing file /Users/asminsadykova/Desktop/h&m/.venv/lib/python3.9/site-packages/airflow/example_dags/example_skip_dag.py for tasks to queue
[2025-12-04T23:43:12.683+0600] {logging_mixin.py:154} INFO - [2025-12-04T23:43:12.683+0600] {dagbag.py:536} INFO - Filling up the DagBag from /Users/asminsadykova/Desktop/h&m/.venv/lib/python3.9/site-packages/airflow/example_dags/example_skip_dag.py
[2025-12-04T23:43:12.695+0600] {processor.py:839} INFO - DAG(s) dict_keys(['example_skip_dag']) retrieved from /Users/asminsadykova/Desktop/h&m/.venv/lib/python3.9/site-packages/airflow/example_dags/example_skip_dag.py
[2025-12-04T23:43:12.777+0600] {logging_mixin.py:154} INFO - [2025-12-04T23:43:12.777+0600] {dag.py:2941} INFO - Sync 1 DAGs
[2025-12-04T23:43:12.783+0600] {logging_mixin.py:154} INFO - [2025-12-04T23:43:12.783+0600] {dag.py:3722} INFO - Setting next_dagrun for example_skip_dag to 2025-12-03T17:43:12.783678+00:00, run_after=2025-12-04T17:43:12.783678+00:00
[2025-12-04T23:43:12.793+0600] {processor.py:179} INFO - Processing /Users/asminsadykova/Desktop/h&m/.venv/lib/python3.9/site-packages/airflow/example_dags/example_skip_dag.py took 0.112 seconds
[2025-12-04T23:44:49.522+0600] {processor.py:157} INFO - Started process (PID=41051) to work on /Users/asminsadykova/Desktop/h&m/.venv/lib/python3.9/site-packages/airflow/example_dags/example_skip_dag.py
[2025-12-04T23:44:49.524+0600] {processor.py:829} INFO - Processing file /Users/asminsadykova/Desktop/h&m/.venv/lib/python3.9/site-packages/airflow/example_dags/example_skip_dag.py for tasks to queue
[2025-12-04T23:44:49.524+0600] {logging_mixin.py:154} INFO - [2025-12-04T23:44:49.524+0600] {dagbag.py:536} INFO - Filling up the DagBag from /Users/asminsadykova/Desktop/h&m/.venv/lib/python3.9/site-packages/airflow/example_dags/example_skip_dag.py
[2025-12-04T23:44:49.536+0600] {processor.py:839} INFO - DAG(s) dict_keys(['example_skip_dag']) retrieved from /Users/asminsadykova/Desktop/h&m/.venv/lib/python3.9/site-packages/airflow/example_dags/example_skip_dag.py
[2025-12-04T23:44:49.607+0600] {logging_mixin.py:154} INFO - [2025-12-04T23:44:49.606+0600] {dag.py:2941} INFO - Sync 1 DAGs
[2025-12-04T23:44:49.613+0600] {logging_mixin.py:154} INFO - [2025-12-04T23:44:49.613+0600] {dag.py:3722} INFO - Setting next_dagrun for example_skip_dag to 2025-12-03T17:44:49.613168+00:00, run_after=2025-12-04T17:44:49.613168+00:00
[2025-12-04T23:44:49.621+0600] {processor.py:179} INFO - Processing /Users/asminsadykova/Desktop/h&m/.venv/lib/python3.9/site-packages/airflow/example_dags/example_skip_dag.py took 0.099 seconds
[2025-12-04T23:46:25.691+0600] {processor.py:157} INFO - Started process (PID=41307) to work on /Users/asminsadykova/Desktop/h&m/.venv/lib/python3.9/site-packages/airflow/example_dags/example_skip_dag.py
[2025-12-04T23:46:25.693+0600] {processor.py:829} INFO - Processing file /Users/asminsadykova/Desktop/h&m/.venv/lib/python3.9/site-packages/airflow/example_dags/example_skip_dag.py for tasks to queue
[2025-12-04T23:46:25.693+0600] {logging_mixin.py:154} INFO - [2025-12-04T23:46:25.693+0600] {dagbag.py:536} INFO - Filling up the DagBag from /Users/asminsadykova/Desktop/h&m/.venv/lib/python3.9/site-packages/airflow/example_dags/example_skip_dag.py
[2025-12-04T23:46:25.704+0600] {processor.py:839} INFO - DAG(s) dict_keys(['example_skip_dag']) retrieved from /Users/asminsadykova/Desktop/h&m/.venv/lib/python3.9/site-packages/airflow/example_dags/example_skip_dag.py
[2025-12-04T23:46:25.779+0600] {logging_mixin.py:154} INFO - [2025-12-04T23:46:25.778+0600] {dag.py:2941} INFO - Sync 1 DAGs
[2025-12-04T23:46:25.785+0600] {logging_mixin.py:154} INFO - [2025-12-04T23:46:25.785+0600] {dag.py:3722} INFO - Setting next_dagrun for example_skip_dag to 2025-12-03T17:46:25.785275+00:00, run_after=2025-12-04T17:46:25.785275+00:00
[2025-12-04T23:46:25.793+0600] {processor.py:179} INFO - Processing /Users/asminsadykova/Desktop/h&m/.venv/lib/python3.9/site-packages/airflow/example_dags/example_skip_dag.py took 0.102 seconds
[2025-12-04T23:47:54.237+0600] {processor.py:157} INFO - Started process (PID=41605) to work on /Users/asminsadykova/Desktop/h&m/.venv/lib/python3.9/site-packages/airflow/example_dags/example_skip_dag.py
[2025-12-04T23:47:54.239+0600] {processor.py:829} INFO - Processing file /Users/asminsadykova/Desktop/h&m/.venv/lib/python3.9/site-packages/airflow/example_dags/example_skip_dag.py for tasks to queue
[2025-12-04T23:47:54.239+0600] {logging_mixin.py:154} INFO - [2025-12-04T23:47:54.239+0600] {dagbag.py:536} INFO - Filling up the DagBag from /Users/asminsadykova/Desktop/h&m/.venv/lib/python3.9/site-packages/airflow/example_dags/example_skip_dag.py
[2025-12-04T23:47:54.250+0600] {processor.py:839} INFO - DAG(s) dict_keys(['example_skip_dag']) retrieved from /Users/asminsadykova/Desktop/h&m/.venv/lib/python3.9/site-packages/airflow/example_dags/example_skip_dag.py
[2025-12-04T23:47:54.319+0600] {logging_mixin.py:154} INFO - [2025-12-04T23:47:54.319+0600] {dag.py:2941} INFO - Sync 1 DAGs
[2025-12-04T23:47:54.326+0600] {logging_mixin.py:154} INFO - [2025-12-04T23:47:54.326+0600] {dag.py:3722} INFO - Setting next_dagrun for example_skip_dag to 2025-12-03T17:47:54.325946+00:00, run_after=2025-12-04T17:47:54.325946+00:00
[2025-12-04T23:47:54.334+0600] {processor.py:179} INFO - Processing /Users/asminsadykova/Desktop/h&m/.venv/lib/python3.9/site-packages/airflow/example_dags/example_skip_dag.py took 0.097 seconds
[2025-12-04T23:49:21.931+0600] {processor.py:157} INFO - Started process (PID=41705) to work on /Users/asminsadykova/Desktop/h&m/.venv/lib/python3.9/site-packages/airflow/example_dags/example_skip_dag.py
[2025-12-04T23:49:21.932+0600] {processor.py:829} INFO - Processing file /Users/asminsadykova/Desktop/h&m/.venv/lib/python3.9/site-packages/airflow/example_dags/example_skip_dag.py for tasks to queue
[2025-12-04T23:49:21.933+0600] {logging_mixin.py:154} INFO - [2025-12-04T23:49:21.933+0600] {dagbag.py:536} INFO - Filling up the DagBag from /Users/asminsadykova/Desktop/h&m/.venv/lib/python3.9/site-packages/airflow/example_dags/example_skip_dag.py
[2025-12-04T23:49:21.943+0600] {processor.py:839} INFO - DAG(s) dict_keys(['example_skip_dag']) retrieved from /Users/asminsadykova/Desktop/h&m/.venv/lib/python3.9/site-packages/airflow/example_dags/example_skip_dag.py
[2025-12-04T23:49:22.018+0600] {logging_mixin.py:154} INFO - [2025-12-04T23:49:22.018+0600] {dag.py:2941} INFO - Sync 1 DAGs
[2025-12-04T23:49:22.024+0600] {logging_mixin.py:154} INFO - [2025-12-04T23:49:22.024+0600] {dag.py:3722} INFO - Setting next_dagrun for example_skip_dag to 2025-12-03T17:49:22.024552+00:00, run_after=2025-12-04T17:49:22.024552+00:00
[2025-12-04T23:49:22.034+0600] {processor.py:179} INFO - Processing /Users/asminsadykova/Desktop/h&m/.venv/lib/python3.9/site-packages/airflow/example_dags/example_skip_dag.py took 0.104 seconds
[2025-12-04T23:51:02.235+0600] {processor.py:157} INFO - Started process (PID=41833) to work on /Users/asminsadykova/Desktop/h&m/.venv/lib/python3.9/site-packages/airflow/example_dags/example_skip_dag.py
[2025-12-04T23:51:02.236+0600] {processor.py:829} INFO - Processing file /Users/asminsadykova/Desktop/h&m/.venv/lib/python3.9/site-packages/airflow/example_dags/example_skip_dag.py for tasks to queue
[2025-12-04T23:51:02.237+0600] {logging_mixin.py:154} INFO - [2025-12-04T23:51:02.236+0600] {dagbag.py:536} INFO - Filling up the DagBag from /Users/asminsadykova/Desktop/h&m/.venv/lib/python3.9/site-packages/airflow/example_dags/example_skip_dag.py
[2025-12-04T23:51:02.247+0600] {processor.py:839} INFO - DAG(s) dict_keys(['example_skip_dag']) retrieved from /Users/asminsadykova/Desktop/h&m/.venv/lib/python3.9/site-packages/airflow/example_dags/example_skip_dag.py
[2025-12-04T23:51:02.317+0600] {logging_mixin.py:154} INFO - [2025-12-04T23:51:02.317+0600] {dag.py:2941} INFO - Sync 1 DAGs
[2025-12-04T23:51:02.323+0600] {logging_mixin.py:154} INFO - [2025-12-04T23:51:02.323+0600] {dag.py:3722} INFO - Setting next_dagrun for example_skip_dag to 2025-12-03T17:51:02.323391+00:00, run_after=2025-12-04T17:51:02.323391+00:00
[2025-12-04T23:51:02.332+0600] {processor.py:179} INFO - Processing /Users/asminsadykova/Desktop/h&m/.venv/lib/python3.9/site-packages/airflow/example_dags/example_skip_dag.py took 0.097 seconds
[2025-12-04T23:52:35.265+0600] {processor.py:157} INFO - Started process (PID=42070) to work on /Users/asminsadykova/Desktop/h&m/.venv/lib/python3.9/site-packages/airflow/example_dags/example_skip_dag.py
[2025-12-04T23:52:35.266+0600] {processor.py:829} INFO - Processing file /Users/asminsadykova/Desktop/h&m/.venv/lib/python3.9/site-packages/airflow/example_dags/example_skip_dag.py for tasks to queue
[2025-12-04T23:52:35.266+0600] {logging_mixin.py:154} INFO - [2025-12-04T23:52:35.266+0600] {dagbag.py:536} INFO - Filling up the DagBag from /Users/asminsadykova/Desktop/h&m/.venv/lib/python3.9/site-packages/airflow/example_dags/example_skip_dag.py
[2025-12-04T23:52:35.277+0600] {processor.py:839} INFO - DAG(s) dict_keys(['example_skip_dag']) retrieved from /Users/asminsadykova/Desktop/h&m/.venv/lib/python3.9/site-packages/airflow/example_dags/example_skip_dag.py
[2025-12-04T23:52:35.351+0600] {logging_mixin.py:154} INFO - [2025-12-04T23:52:35.351+0600] {dag.py:2941} INFO - Sync 1 DAGs
[2025-12-04T23:52:35.358+0600] {logging_mixin.py:154} INFO - [2025-12-04T23:52:35.358+0600] {dag.py:3722} INFO - Setting next_dagrun for example_skip_dag to 2025-12-03T17:52:35.358014+00:00, run_after=2025-12-04T17:52:35.358014+00:00
[2025-12-04T23:52:35.365+0600] {processor.py:179} INFO - Processing /Users/asminsadykova/Desktop/h&m/.venv/lib/python3.9/site-packages/airflow/example_dags/example_skip_dag.py took 0.101 seconds
[2025-12-04T23:54:10.568+0600] {processor.py:157} INFO - Started process (PID=42167) to work on /Users/asminsadykova/Desktop/h&m/.venv/lib/python3.9/site-packages/airflow/example_dags/example_skip_dag.py
[2025-12-04T23:54:10.569+0600] {processor.py:829} INFO - Processing file /Users/asminsadykova/Desktop/h&m/.venv/lib/python3.9/site-packages/airflow/example_dags/example_skip_dag.py for tasks to queue
[2025-12-04T23:54:10.569+0600] {logging_mixin.py:154} INFO - [2025-12-04T23:54:10.569+0600] {dagbag.py:536} INFO - Filling up the DagBag from /Users/asminsadykova/Desktop/h&m/.venv/lib/python3.9/site-packages/airflow/example_dags/example_skip_dag.py
[2025-12-04T23:54:10.579+0600] {processor.py:839} INFO - DAG(s) dict_keys(['example_skip_dag']) retrieved from /Users/asminsadykova/Desktop/h&m/.venv/lib/python3.9/site-packages/airflow/example_dags/example_skip_dag.py
[2025-12-04T23:54:10.652+0600] {logging_mixin.py:154} INFO - [2025-12-04T23:54:10.652+0600] {dag.py:2941} INFO - Sync 1 DAGs
[2025-12-04T23:54:10.658+0600] {logging_mixin.py:154} INFO - [2025-12-04T23:54:10.658+0600] {dag.py:3722} INFO - Setting next_dagrun for example_skip_dag to 2025-12-03T17:54:10.658355+00:00, run_after=2025-12-04T17:54:10.658355+00:00
[2025-12-04T23:54:10.665+0600] {processor.py:179} INFO - Processing /Users/asminsadykova/Desktop/h&m/.venv/lib/python3.9/site-packages/airflow/example_dags/example_skip_dag.py took 0.098 seconds
[2025-12-04T23:55:37.045+0600] {processor.py:157} INFO - Started process (PID=42246) to work on /Users/asminsadykova/Desktop/h&m/.venv/lib/python3.9/site-packages/airflow/example_dags/example_skip_dag.py
[2025-12-04T23:55:37.046+0600] {processor.py:829} INFO - Processing file /Users/asminsadykova/Desktop/h&m/.venv/lib/python3.9/site-packages/airflow/example_dags/example_skip_dag.py for tasks to queue
[2025-12-04T23:55:37.047+0600] {logging_mixin.py:154} INFO - [2025-12-04T23:55:37.047+0600] {dagbag.py:536} INFO - Filling up the DagBag from /Users/asminsadykova/Desktop/h&m/.venv/lib/python3.9/site-packages/airflow/example_dags/example_skip_dag.py
[2025-12-04T23:55:37.058+0600] {processor.py:839} INFO - DAG(s) dict_keys(['example_skip_dag']) retrieved from /Users/asminsadykova/Desktop/h&m/.venv/lib/python3.9/site-packages/airflow/example_dags/example_skip_dag.py
[2025-12-04T23:55:37.134+0600] {logging_mixin.py:154} INFO - [2025-12-04T23:55:37.134+0600] {dag.py:2941} INFO - Sync 1 DAGs
[2025-12-04T23:55:37.142+0600] {logging_mixin.py:154} INFO - [2025-12-04T23:55:37.142+0600] {dag.py:3722} INFO - Setting next_dagrun for example_skip_dag to 2025-12-03T17:55:37.142275+00:00, run_after=2025-12-04T17:55:37.142275+00:00
[2025-12-04T23:55:37.150+0600] {processor.py:179} INFO - Processing /Users/asminsadykova/Desktop/h&m/.venv/lib/python3.9/site-packages/airflow/example_dags/example_skip_dag.py took 0.105 seconds
[2025-12-04T23:57:08.523+0600] {processor.py:157} INFO - Started process (PID=42318) to work on /Users/asminsadykova/Desktop/h&m/.venv/lib/python3.9/site-packages/airflow/example_dags/example_skip_dag.py
[2025-12-04T23:57:08.524+0600] {processor.py:829} INFO - Processing file /Users/asminsadykova/Desktop/h&m/.venv/lib/python3.9/site-packages/airflow/example_dags/example_skip_dag.py for tasks to queue
[2025-12-04T23:57:08.524+0600] {logging_mixin.py:154} INFO - [2025-12-04T23:57:08.524+0600] {dagbag.py:536} INFO - Filling up the DagBag from /Users/asminsadykova/Desktop/h&m/.venv/lib/python3.9/site-packages/airflow/example_dags/example_skip_dag.py
[2025-12-04T23:57:08.536+0600] {processor.py:839} INFO - DAG(s) dict_keys(['example_skip_dag']) retrieved from /Users/asminsadykova/Desktop/h&m/.venv/lib/python3.9/site-packages/airflow/example_dags/example_skip_dag.py
[2025-12-04T23:57:08.613+0600] {logging_mixin.py:154} INFO - [2025-12-04T23:57:08.613+0600] {dag.py:2941} INFO - Sync 1 DAGs
[2025-12-04T23:57:08.620+0600] {logging_mixin.py:154} INFO - [2025-12-04T23:57:08.620+0600] {dag.py:3722} INFO - Setting next_dagrun for example_skip_dag to 2025-12-03T17:57:08.620815+00:00, run_after=2025-12-04T17:57:08.620815+00:00
[2025-12-04T23:57:08.628+0600] {processor.py:179} INFO - Processing /Users/asminsadykova/Desktop/h&m/.venv/lib/python3.9/site-packages/airflow/example_dags/example_skip_dag.py took 0.106 seconds
[2025-12-04T23:58:33.205+0600] {processor.py:157} INFO - Started process (PID=42401) to work on /Users/asminsadykova/Desktop/h&m/.venv/lib/python3.9/site-packages/airflow/example_dags/example_skip_dag.py
[2025-12-04T23:58:33.205+0600] {processor.py:829} INFO - Processing file /Users/asminsadykova/Desktop/h&m/.venv/lib/python3.9/site-packages/airflow/example_dags/example_skip_dag.py for tasks to queue
[2025-12-04T23:58:33.206+0600] {logging_mixin.py:154} INFO - [2025-12-04T23:58:33.206+0600] {dagbag.py:536} INFO - Filling up the DagBag from /Users/asminsadykova/Desktop/h&m/.venv/lib/python3.9/site-packages/airflow/example_dags/example_skip_dag.py
[2025-12-04T23:58:33.217+0600] {processor.py:839} INFO - DAG(s) dict_keys(['example_skip_dag']) retrieved from /Users/asminsadykova/Desktop/h&m/.venv/lib/python3.9/site-packages/airflow/example_dags/example_skip_dag.py
[2025-12-04T23:58:33.287+0600] {logging_mixin.py:154} INFO - [2025-12-04T23:58:33.287+0600] {dag.py:2941} INFO - Sync 1 DAGs
[2025-12-04T23:58:33.294+0600] {logging_mixin.py:154} INFO - [2025-12-04T23:58:33.294+0600] {dag.py:3722} INFO - Setting next_dagrun for example_skip_dag to 2025-12-03T17:58:33.294090+00:00, run_after=2025-12-04T17:58:33.294090+00:00
[2025-12-04T23:58:33.301+0600] {processor.py:179} INFO - Processing /Users/asminsadykova/Desktop/h&m/.venv/lib/python3.9/site-packages/airflow/example_dags/example_skip_dag.py took 0.097 seconds
[2025-12-05T00:00:04.246+0600] {processor.py:157} INFO - Started process (PID=42654) to work on /Users/asminsadykova/Desktop/h&m/.venv/lib/python3.9/site-packages/airflow/example_dags/example_skip_dag.py
[2025-12-05T00:00:04.247+0600] {processor.py:829} INFO - Processing file /Users/asminsadykova/Desktop/h&m/.venv/lib/python3.9/site-packages/airflow/example_dags/example_skip_dag.py for tasks to queue
[2025-12-05T00:00:04.248+0600] {logging_mixin.py:154} INFO - [2025-12-05T00:00:04.247+0600] {dagbag.py:536} INFO - Filling up the DagBag from /Users/asminsadykova/Desktop/h&m/.venv/lib/python3.9/site-packages/airflow/example_dags/example_skip_dag.py
[2025-12-05T00:00:04.260+0600] {processor.py:839} INFO - DAG(s) dict_keys(['example_skip_dag']) retrieved from /Users/asminsadykova/Desktop/h&m/.venv/lib/python3.9/site-packages/airflow/example_dags/example_skip_dag.py
[2025-12-05T00:00:04.341+0600] {logging_mixin.py:154} INFO - [2025-12-05T00:00:04.341+0600] {dag.py:2941} INFO - Sync 1 DAGs
[2025-12-05T00:00:04.349+0600] {logging_mixin.py:154} INFO - [2025-12-05T00:00:04.349+0600] {dag.py:3722} INFO - Setting next_dagrun for example_skip_dag to 2025-12-03T18:00:04.349172+00:00, run_after=2025-12-04T18:00:04.349172+00:00
[2025-12-05T00:00:04.365+0600] {processor.py:179} INFO - Processing /Users/asminsadykova/Desktop/h&m/.venv/lib/python3.9/site-packages/airflow/example_dags/example_skip_dag.py took 0.120 seconds
[2025-12-05T00:01:39.187+0600] {processor.py:157} INFO - Started process (PID=42884) to work on /Users/asminsadykova/Desktop/h&m/.venv/lib/python3.9/site-packages/airflow/example_dags/example_skip_dag.py
[2025-12-05T00:01:39.188+0600] {processor.py:829} INFO - Processing file /Users/asminsadykova/Desktop/h&m/.venv/lib/python3.9/site-packages/airflow/example_dags/example_skip_dag.py for tasks to queue
[2025-12-05T00:01:39.188+0600] {logging_mixin.py:154} INFO - [2025-12-05T00:01:39.188+0600] {dagbag.py:536} INFO - Filling up the DagBag from /Users/asminsadykova/Desktop/h&m/.venv/lib/python3.9/site-packages/airflow/example_dags/example_skip_dag.py
[2025-12-05T00:01:39.199+0600] {processor.py:839} INFO - DAG(s) dict_keys(['example_skip_dag']) retrieved from /Users/asminsadykova/Desktop/h&m/.venv/lib/python3.9/site-packages/airflow/example_dags/example_skip_dag.py
[2025-12-05T00:01:39.277+0600] {logging_mixin.py:154} INFO - [2025-12-05T00:01:39.277+0600] {dag.py:2941} INFO - Sync 1 DAGs
[2025-12-05T00:01:39.285+0600] {logging_mixin.py:154} INFO - [2025-12-05T00:01:39.285+0600] {dag.py:3722} INFO - Setting next_dagrun for example_skip_dag to 2025-12-03T18:01:39.284988+00:00, run_after=2025-12-04T18:01:39.284988+00:00
[2025-12-05T00:01:39.293+0600] {processor.py:179} INFO - Processing /Users/asminsadykova/Desktop/h&m/.venv/lib/python3.9/site-packages/airflow/example_dags/example_skip_dag.py took 0.107 seconds
[2025-12-05T00:03:13.381+0600] {processor.py:157} INFO - Started process (PID=42957) to work on /Users/asminsadykova/Desktop/h&m/.venv/lib/python3.9/site-packages/airflow/example_dags/example_skip_dag.py
[2025-12-05T00:03:13.382+0600] {processor.py:829} INFO - Processing file /Users/asminsadykova/Desktop/h&m/.venv/lib/python3.9/site-packages/airflow/example_dags/example_skip_dag.py for tasks to queue
[2025-12-05T00:03:13.382+0600] {logging_mixin.py:154} INFO - [2025-12-05T00:03:13.382+0600] {dagbag.py:536} INFO - Filling up the DagBag from /Users/asminsadykova/Desktop/h&m/.venv/lib/python3.9/site-packages/airflow/example_dags/example_skip_dag.py
[2025-12-05T00:03:13.395+0600] {processor.py:839} INFO - DAG(s) dict_keys(['example_skip_dag']) retrieved from /Users/asminsadykova/Desktop/h&m/.venv/lib/python3.9/site-packages/airflow/example_dags/example_skip_dag.py
[2025-12-05T00:03:13.465+0600] {logging_mixin.py:154} INFO - [2025-12-05T00:03:13.465+0600] {dag.py:2941} INFO - Sync 1 DAGs
[2025-12-05T00:03:13.471+0600] {logging_mixin.py:154} INFO - [2025-12-05T00:03:13.471+0600] {dag.py:3722} INFO - Setting next_dagrun for example_skip_dag to 2025-12-03T18:03:13.471571+00:00, run_after=2025-12-04T18:03:13.471571+00:00
[2025-12-05T00:03:13.480+0600] {processor.py:179} INFO - Processing /Users/asminsadykova/Desktop/h&m/.venv/lib/python3.9/site-packages/airflow/example_dags/example_skip_dag.py took 0.099 seconds
[2025-12-05T00:04:45.076+0600] {processor.py:157} INFO - Started process (PID=43177) to work on /Users/asminsadykova/Desktop/h&m/.venv/lib/python3.9/site-packages/airflow/example_dags/example_skip_dag.py
[2025-12-05T00:04:45.077+0600] {processor.py:829} INFO - Processing file /Users/asminsadykova/Desktop/h&m/.venv/lib/python3.9/site-packages/airflow/example_dags/example_skip_dag.py for tasks to queue
[2025-12-05T00:04:45.078+0600] {logging_mixin.py:154} INFO - [2025-12-05T00:04:45.078+0600] {dagbag.py:536} INFO - Filling up the DagBag from /Users/asminsadykova/Desktop/h&m/.venv/lib/python3.9/site-packages/airflow/example_dags/example_skip_dag.py
[2025-12-05T00:04:45.088+0600] {processor.py:839} INFO - DAG(s) dict_keys(['example_skip_dag']) retrieved from /Users/asminsadykova/Desktop/h&m/.venv/lib/python3.9/site-packages/airflow/example_dags/example_skip_dag.py
[2025-12-05T00:04:45.165+0600] {logging_mixin.py:154} INFO - [2025-12-05T00:04:45.165+0600] {dag.py:2941} INFO - Sync 1 DAGs
[2025-12-05T00:04:45.171+0600] {logging_mixin.py:154} INFO - [2025-12-05T00:04:45.171+0600] {dag.py:3722} INFO - Setting next_dagrun for example_skip_dag to 2025-12-03T18:04:45.171662+00:00, run_after=2025-12-04T18:04:45.171662+00:00
[2025-12-05T00:04:45.180+0600] {processor.py:179} INFO - Processing /Users/asminsadykova/Desktop/h&m/.venv/lib/python3.9/site-packages/airflow/example_dags/example_skip_dag.py took 0.105 seconds
[2025-12-05T00:06:19.544+0600] {processor.py:157} INFO - Started process (PID=43349) to work on /Users/asminsadykova/Desktop/h&m/.venv/lib/python3.9/site-packages/airflow/example_dags/example_skip_dag.py
[2025-12-05T00:06:19.546+0600] {processor.py:829} INFO - Processing file /Users/asminsadykova/Desktop/h&m/.venv/lib/python3.9/site-packages/airflow/example_dags/example_skip_dag.py for tasks to queue
[2025-12-05T00:06:19.546+0600] {logging_mixin.py:154} INFO - [2025-12-05T00:06:19.546+0600] {dagbag.py:536} INFO - Filling up the DagBag from /Users/asminsadykova/Desktop/h&m/.venv/lib/python3.9/site-packages/airflow/example_dags/example_skip_dag.py
[2025-12-05T00:06:19.556+0600] {processor.py:839} INFO - DAG(s) dict_keys(['example_skip_dag']) retrieved from /Users/asminsadykova/Desktop/h&m/.venv/lib/python3.9/site-packages/airflow/example_dags/example_skip_dag.py
[2025-12-05T00:06:19.643+0600] {logging_mixin.py:154} INFO - [2025-12-05T00:06:19.643+0600] {dag.py:2941} INFO - Sync 1 DAGs
[2025-12-05T00:06:19.651+0600] {logging_mixin.py:154} INFO - [2025-12-05T00:06:19.651+0600] {dag.py:3722} INFO - Setting next_dagrun for example_skip_dag to 2025-12-03T18:06:19.651040+00:00, run_after=2025-12-04T18:06:19.651040+00:00
[2025-12-05T00:06:19.660+0600] {processor.py:179} INFO - Processing /Users/asminsadykova/Desktop/h&m/.venv/lib/python3.9/site-packages/airflow/example_dags/example_skip_dag.py took 0.117 seconds
[2025-12-05T00:07:42.643+0600] {processor.py:157} INFO - Started process (PID=43498) to work on /Users/asminsadykova/Desktop/h&m/.venv/lib/python3.9/site-packages/airflow/example_dags/example_skip_dag.py
[2025-12-05T00:07:42.644+0600] {processor.py:829} INFO - Processing file /Users/asminsadykova/Desktop/h&m/.venv/lib/python3.9/site-packages/airflow/example_dags/example_skip_dag.py for tasks to queue
[2025-12-05T00:07:42.644+0600] {logging_mixin.py:154} INFO - [2025-12-05T00:07:42.644+0600] {dagbag.py:536} INFO - Filling up the DagBag from /Users/asminsadykova/Desktop/h&m/.venv/lib/python3.9/site-packages/airflow/example_dags/example_skip_dag.py
[2025-12-05T00:07:42.655+0600] {processor.py:839} INFO - DAG(s) dict_keys(['example_skip_dag']) retrieved from /Users/asminsadykova/Desktop/h&m/.venv/lib/python3.9/site-packages/airflow/example_dags/example_skip_dag.py
[2025-12-05T00:07:42.726+0600] {logging_mixin.py:154} INFO - [2025-12-05T00:07:42.725+0600] {dag.py:2941} INFO - Sync 1 DAGs
[2025-12-05T00:07:42.732+0600] {logging_mixin.py:154} INFO - [2025-12-05T00:07:42.732+0600] {dag.py:3722} INFO - Setting next_dagrun for example_skip_dag to 2025-12-03T18:07:42.732220+00:00, run_after=2025-12-04T18:07:42.732220+00:00
[2025-12-05T00:07:42.740+0600] {processor.py:179} INFO - Processing /Users/asminsadykova/Desktop/h&m/.venv/lib/python3.9/site-packages/airflow/example_dags/example_skip_dag.py took 0.098 seconds
[2025-12-05T00:09:13.747+0600] {processor.py:157} INFO - Started process (PID=43644) to work on /Users/asminsadykova/Desktop/h&m/.venv/lib/python3.9/site-packages/airflow/example_dags/example_skip_dag.py
[2025-12-05T00:09:13.749+0600] {processor.py:829} INFO - Processing file /Users/asminsadykova/Desktop/h&m/.venv/lib/python3.9/site-packages/airflow/example_dags/example_skip_dag.py for tasks to queue
[2025-12-05T00:09:13.749+0600] {logging_mixin.py:154} INFO - [2025-12-05T00:09:13.749+0600] {dagbag.py:536} INFO - Filling up the DagBag from /Users/asminsadykova/Desktop/h&m/.venv/lib/python3.9/site-packages/airflow/example_dags/example_skip_dag.py
[2025-12-05T00:09:13.763+0600] {processor.py:839} INFO - DAG(s) dict_keys(['example_skip_dag']) retrieved from /Users/asminsadykova/Desktop/h&m/.venv/lib/python3.9/site-packages/airflow/example_dags/example_skip_dag.py
[2025-12-05T00:09:13.867+0600] {logging_mixin.py:154} INFO - [2025-12-05T00:09:13.866+0600] {dag.py:2941} INFO - Sync 1 DAGs
[2025-12-05T00:09:13.874+0600] {logging_mixin.py:154} INFO - [2025-12-05T00:09:13.874+0600] {dag.py:3722} INFO - Setting next_dagrun for example_skip_dag to 2025-12-03T18:09:13.874741+00:00, run_after=2025-12-04T18:09:13.874741+00:00
[2025-12-05T00:09:13.885+0600] {processor.py:179} INFO - Processing /Users/asminsadykova/Desktop/h&m/.venv/lib/python3.9/site-packages/airflow/example_dags/example_skip_dag.py took 0.140 seconds
[2025-12-05T00:10:51.472+0600] {processor.py:157} INFO - Started process (PID=43813) to work on /Users/asminsadykova/Desktop/h&m/.venv/lib/python3.9/site-packages/airflow/example_dags/example_skip_dag.py
[2025-12-05T00:10:51.473+0600] {processor.py:829} INFO - Processing file /Users/asminsadykova/Desktop/h&m/.venv/lib/python3.9/site-packages/airflow/example_dags/example_skip_dag.py for tasks to queue
[2025-12-05T00:10:51.473+0600] {logging_mixin.py:154} INFO - [2025-12-05T00:10:51.473+0600] {dagbag.py:536} INFO - Filling up the DagBag from /Users/asminsadykova/Desktop/h&m/.venv/lib/python3.9/site-packages/airflow/example_dags/example_skip_dag.py
[2025-12-05T00:10:51.485+0600] {processor.py:839} INFO - DAG(s) dict_keys(['example_skip_dag']) retrieved from /Users/asminsadykova/Desktop/h&m/.venv/lib/python3.9/site-packages/airflow/example_dags/example_skip_dag.py
[2025-12-05T00:10:51.558+0600] {logging_mixin.py:154} INFO - [2025-12-05T00:10:51.558+0600] {dag.py:2941} INFO - Sync 1 DAGs
[2025-12-05T00:10:51.565+0600] {logging_mixin.py:154} INFO - [2025-12-05T00:10:51.564+0600] {dag.py:3722} INFO - Setting next_dagrun for example_skip_dag to 2025-12-03T18:10:51.564907+00:00, run_after=2025-12-04T18:10:51.564907+00:00
[2025-12-05T00:10:51.574+0600] {processor.py:179} INFO - Processing /Users/asminsadykova/Desktop/h&m/.venv/lib/python3.9/site-packages/airflow/example_dags/example_skip_dag.py took 0.103 seconds
[2025-12-05T00:12:21.824+0600] {processor.py:157} INFO - Started process (PID=43973) to work on /Users/asminsadykova/Desktop/h&m/.venv/lib/python3.9/site-packages/airflow/example_dags/example_skip_dag.py
[2025-12-05T00:12:21.825+0600] {processor.py:829} INFO - Processing file /Users/asminsadykova/Desktop/h&m/.venv/lib/python3.9/site-packages/airflow/example_dags/example_skip_dag.py for tasks to queue
[2025-12-05T00:12:21.825+0600] {logging_mixin.py:154} INFO - [2025-12-05T00:12:21.825+0600] {dagbag.py:536} INFO - Filling up the DagBag from /Users/asminsadykova/Desktop/h&m/.venv/lib/python3.9/site-packages/airflow/example_dags/example_skip_dag.py
[2025-12-05T00:12:21.836+0600] {processor.py:839} INFO - DAG(s) dict_keys(['example_skip_dag']) retrieved from /Users/asminsadykova/Desktop/h&m/.venv/lib/python3.9/site-packages/airflow/example_dags/example_skip_dag.py
[2025-12-05T00:12:21.908+0600] {logging_mixin.py:154} INFO - [2025-12-05T00:12:21.908+0600] {dag.py:2941} INFO - Sync 1 DAGs
[2025-12-05T00:12:21.914+0600] {logging_mixin.py:154} INFO - [2025-12-05T00:12:21.914+0600] {dag.py:3722} INFO - Setting next_dagrun for example_skip_dag to 2025-12-03T18:12:21.914443+00:00, run_after=2025-12-04T18:12:21.914443+00:00
[2025-12-05T00:12:21.922+0600] {processor.py:179} INFO - Processing /Users/asminsadykova/Desktop/h&m/.venv/lib/python3.9/site-packages/airflow/example_dags/example_skip_dag.py took 0.099 seconds
