[2025-12-04T23:18:37.858+0600] {processor.py:157} INFO - Started process (PID=38985) to work on /Users/asminsadykova/Desktop/h&m/.venv/lib/python3.9/site-packages/airflow/example_dags/example_branch_labels.py
[2025-12-04T23:18:37.858+0600] {processor.py:829} INFO - Processing file /Users/asminsadykova/Desktop/h&m/.venv/lib/python3.9/site-packages/airflow/example_dags/example_branch_labels.py for tasks to queue
[2025-12-04T23:18:37.858+0600] {logging_mixin.py:154} INFO - [2025-12-04T23:18:37.858+0600] {dagbag.py:536} INFO - Filling up the DagBag from /Users/asminsadykova/Desktop/h&m/.venv/lib/python3.9/site-packages/airflow/example_dags/example_branch_labels.py
[2025-12-04T23:18:37.870+0600] {processor.py:839} INFO - DAG(s) dict_keys(['example_branch_labels']) retrieved from /Users/asminsadykova/Desktop/h&m/.venv/lib/python3.9/site-packages/airflow/example_dags/example_branch_labels.py
[2025-12-04T23:18:38.120+0600] {logging_mixin.py:154} INFO - [2025-12-04T23:18:38.120+0600] {manager.py:499} INFO - Created Permission View: %s
[2025-12-04T23:18:38.123+0600] {logging_mixin.py:154} INFO - [2025-12-04T23:18:38.123+0600] {manager.py:499} INFO - Created Permission View: %s
[2025-12-04T23:18:38.126+0600] {logging_mixin.py:154} INFO - [2025-12-04T23:18:38.126+0600] {manager.py:499} INFO - Created Permission View: %s
[2025-12-04T23:18:38.126+0600] {logging_mixin.py:154} INFO - [2025-12-04T23:18:38.126+0600] {dag.py:2941} INFO - Sync 1 DAGs
[2025-12-04T23:18:38.130+0600] {logging_mixin.py:154} INFO - [2025-12-04T23:18:38.130+0600] {dag.py:2963} INFO - Creating ORM DAG for example_branch_labels
[2025-12-04T23:18:38.134+0600] {logging_mixin.py:154} INFO - [2025-12-04T23:18:38.134+0600] {dag.py:3722} INFO - Setting next_dagrun for example_branch_labels to 2025-12-03T00:00:00+00:00, run_after=2025-12-04T00:00:00+00:00
[2025-12-04T23:18:38.141+0600] {processor.py:179} INFO - Processing /Users/asminsadykova/Desktop/h&m/.venv/lib/python3.9/site-packages/airflow/example_dags/example_branch_labels.py took 0.284 seconds
[2025-12-04T23:20:05.356+0600] {processor.py:157} INFO - Started process (PID=39088) to work on /Users/asminsadykova/Desktop/h&m/.venv/lib/python3.9/site-packages/airflow/example_dags/example_branch_labels.py
[2025-12-04T23:20:05.356+0600] {processor.py:829} INFO - Processing file /Users/asminsadykova/Desktop/h&m/.venv/lib/python3.9/site-packages/airflow/example_dags/example_branch_labels.py for tasks to queue
[2025-12-04T23:20:05.356+0600] {logging_mixin.py:154} INFO - [2025-12-04T23:20:05.356+0600] {dagbag.py:536} INFO - Filling up the DagBag from /Users/asminsadykova/Desktop/h&m/.venv/lib/python3.9/site-packages/airflow/example_dags/example_branch_labels.py
[2025-12-04T23:20:05.368+0600] {processor.py:839} INFO - DAG(s) dict_keys(['example_branch_labels']) retrieved from /Users/asminsadykova/Desktop/h&m/.venv/lib/python3.9/site-packages/airflow/example_dags/example_branch_labels.py
[2025-12-04T23:20:05.441+0600] {logging_mixin.py:154} INFO - [2025-12-04T23:20:05.441+0600] {dag.py:2941} INFO - Sync 1 DAGs
[2025-12-04T23:20:05.448+0600] {logging_mixin.py:154} INFO - [2025-12-04T23:20:05.448+0600] {dag.py:3722} INFO - Setting next_dagrun for example_branch_labels to 2025-12-03T00:00:00+00:00, run_after=2025-12-04T00:00:00+00:00
[2025-12-04T23:20:05.461+0600] {processor.py:179} INFO - Processing /Users/asminsadykova/Desktop/h&m/.venv/lib/python3.9/site-packages/airflow/example_dags/example_branch_labels.py took 0.106 seconds
[2025-12-04T23:21:32.568+0600] {processor.py:157} INFO - Started process (PID=39187) to work on /Users/asminsadykova/Desktop/h&m/.venv/lib/python3.9/site-packages/airflow/example_dags/example_branch_labels.py
[2025-12-04T23:21:32.569+0600] {processor.py:829} INFO - Processing file /Users/asminsadykova/Desktop/h&m/.venv/lib/python3.9/site-packages/airflow/example_dags/example_branch_labels.py for tasks to queue
[2025-12-04T23:21:32.569+0600] {logging_mixin.py:154} INFO - [2025-12-04T23:21:32.569+0600] {dagbag.py:536} INFO - Filling up the DagBag from /Users/asminsadykova/Desktop/h&m/.venv/lib/python3.9/site-packages/airflow/example_dags/example_branch_labels.py
[2025-12-04T23:21:32.581+0600] {processor.py:839} INFO - DAG(s) dict_keys(['example_branch_labels']) retrieved from /Users/asminsadykova/Desktop/h&m/.venv/lib/python3.9/site-packages/airflow/example_dags/example_branch_labels.py
[2025-12-04T23:21:32.657+0600] {logging_mixin.py:154} INFO - [2025-12-04T23:21:32.657+0600] {dag.py:2941} INFO - Sync 1 DAGs
[2025-12-04T23:21:32.663+0600] {logging_mixin.py:154} INFO - [2025-12-04T23:21:32.663+0600] {dag.py:3722} INFO - Setting next_dagrun for example_branch_labels to 2025-12-03T00:00:00+00:00, run_after=2025-12-04T00:00:00+00:00
[2025-12-04T23:21:32.671+0600] {processor.py:179} INFO - Processing /Users/asminsadykova/Desktop/h&m/.venv/lib/python3.9/site-packages/airflow/example_dags/example_branch_labels.py took 0.103 seconds
[2025-12-04T23:22:57.408+0600] {processor.py:157} INFO - Started process (PID=39280) to work on /Users/asminsadykova/Desktop/h&m/.venv/lib/python3.9/site-packages/airflow/example_dags/example_branch_labels.py
[2025-12-04T23:22:57.409+0600] {processor.py:829} INFO - Processing file /Users/asminsadykova/Desktop/h&m/.venv/lib/python3.9/site-packages/airflow/example_dags/example_branch_labels.py for tasks to queue
[2025-12-04T23:22:57.409+0600] {logging_mixin.py:154} INFO - [2025-12-04T23:22:57.409+0600] {dagbag.py:536} INFO - Filling up the DagBag from /Users/asminsadykova/Desktop/h&m/.venv/lib/python3.9/site-packages/airflow/example_dags/example_branch_labels.py
[2025-12-04T23:22:57.421+0600] {processor.py:839} INFO - DAG(s) dict_keys(['example_branch_labels']) retrieved from /Users/asminsadykova/Desktop/h&m/.venv/lib/python3.9/site-packages/airflow/example_dags/example_branch_labels.py
[2025-12-04T23:22:57.492+0600] {logging_mixin.py:154} INFO - [2025-12-04T23:22:57.492+0600] {dag.py:2941} INFO - Sync 1 DAGs
[2025-12-04T23:22:57.499+0600] {logging_mixin.py:154} INFO - [2025-12-04T23:22:57.499+0600] {dag.py:3722} INFO - Setting next_dagrun for example_branch_labels to 2025-12-03T00:00:00+00:00, run_after=2025-12-04T00:00:00+00:00
[2025-12-04T23:22:57.507+0600] {processor.py:179} INFO - Processing /Users/asminsadykova/Desktop/h&m/.venv/lib/python3.9/site-packages/airflow/example_dags/example_branch_labels.py took 0.099 seconds
[2025-12-04T23:24:34.115+0600] {processor.py:157} INFO - Started process (PID=39477) to work on /Users/asminsadykova/Desktop/h&m/.venv/lib/python3.9/site-packages/airflow/example_dags/example_branch_labels.py
[2025-12-04T23:24:34.115+0600] {processor.py:829} INFO - Processing file /Users/asminsadykova/Desktop/h&m/.venv/lib/python3.9/site-packages/airflow/example_dags/example_branch_labels.py for tasks to queue
[2025-12-04T23:24:34.115+0600] {logging_mixin.py:154} INFO - [2025-12-04T23:24:34.115+0600] {dagbag.py:536} INFO - Filling up the DagBag from /Users/asminsadykova/Desktop/h&m/.venv/lib/python3.9/site-packages/airflow/example_dags/example_branch_labels.py
[2025-12-04T23:24:34.126+0600] {processor.py:839} INFO - DAG(s) dict_keys(['example_branch_labels']) retrieved from /Users/asminsadykova/Desktop/h&m/.venv/lib/python3.9/site-packages/airflow/example_dags/example_branch_labels.py
[2025-12-04T23:24:34.196+0600] {logging_mixin.py:154} INFO - [2025-12-04T23:24:34.196+0600] {dag.py:2941} INFO - Sync 1 DAGs
[2025-12-04T23:24:34.202+0600] {logging_mixin.py:154} INFO - [2025-12-04T23:24:34.202+0600] {dag.py:3722} INFO - Setting next_dagrun for example_branch_labels to 2025-12-03T00:00:00+00:00, run_after=2025-12-04T00:00:00+00:00
[2025-12-04T23:24:34.210+0600] {processor.py:179} INFO - Processing /Users/asminsadykova/Desktop/h&m/.venv/lib/python3.9/site-packages/airflow/example_dags/example_branch_labels.py took 0.096 seconds
[2025-12-04T23:26:07.263+0600] {processor.py:157} INFO - Started process (PID=39563) to work on /Users/asminsadykova/Desktop/h&m/.venv/lib/python3.9/site-packages/airflow/example_dags/example_branch_labels.py
[2025-12-04T23:26:07.264+0600] {processor.py:829} INFO - Processing file /Users/asminsadykova/Desktop/h&m/.venv/lib/python3.9/site-packages/airflow/example_dags/example_branch_labels.py for tasks to queue
[2025-12-04T23:26:07.264+0600] {logging_mixin.py:154} INFO - [2025-12-04T23:26:07.264+0600] {dagbag.py:536} INFO - Filling up the DagBag from /Users/asminsadykova/Desktop/h&m/.venv/lib/python3.9/site-packages/airflow/example_dags/example_branch_labels.py
[2025-12-04T23:26:07.275+0600] {processor.py:839} INFO - DAG(s) dict_keys(['example_branch_labels']) retrieved from /Users/asminsadykova/Desktop/h&m/.venv/lib/python3.9/site-packages/airflow/example_dags/example_branch_labels.py
[2025-12-04T23:26:07.348+0600] {logging_mixin.py:154} INFO - [2025-12-04T23:26:07.348+0600] {dag.py:2941} INFO - Sync 1 DAGs
[2025-12-04T23:26:07.355+0600] {logging_mixin.py:154} INFO - [2025-12-04T23:26:07.355+0600] {dag.py:3722} INFO - Setting next_dagrun for example_branch_labels to 2025-12-03T00:00:00+00:00, run_after=2025-12-04T00:00:00+00:00
[2025-12-04T23:26:07.363+0600] {processor.py:179} INFO - Processing /Users/asminsadykova/Desktop/h&m/.venv/lib/python3.9/site-packages/airflow/example_dags/example_branch_labels.py took 0.101 seconds
[2025-12-04T23:27:47.807+0600] {processor.py:157} INFO - Started process (PID=39671) to work on /Users/asminsadykova/Desktop/h&m/.venv/lib/python3.9/site-packages/airflow/example_dags/example_branch_labels.py
[2025-12-04T23:27:47.808+0600] {processor.py:829} INFO - Processing file /Users/asminsadykova/Desktop/h&m/.venv/lib/python3.9/site-packages/airflow/example_dags/example_branch_labels.py for tasks to queue
[2025-12-04T23:27:47.808+0600] {logging_mixin.py:154} INFO - [2025-12-04T23:27:47.808+0600] {dagbag.py:536} INFO - Filling up the DagBag from /Users/asminsadykova/Desktop/h&m/.venv/lib/python3.9/site-packages/airflow/example_dags/example_branch_labels.py
[2025-12-04T23:27:47.819+0600] {processor.py:839} INFO - DAG(s) dict_keys(['example_branch_labels']) retrieved from /Users/asminsadykova/Desktop/h&m/.venv/lib/python3.9/site-packages/airflow/example_dags/example_branch_labels.py
[2025-12-04T23:27:47.891+0600] {logging_mixin.py:154} INFO - [2025-12-04T23:27:47.890+0600] {dag.py:2941} INFO - Sync 1 DAGs
[2025-12-04T23:27:47.897+0600] {logging_mixin.py:154} INFO - [2025-12-04T23:27:47.897+0600] {dag.py:3722} INFO - Setting next_dagrun for example_branch_labels to 2025-12-03T00:00:00+00:00, run_after=2025-12-04T00:00:00+00:00
[2025-12-04T23:27:47.905+0600] {processor.py:179} INFO - Processing /Users/asminsadykova/Desktop/h&m/.venv/lib/python3.9/site-packages/airflow/example_dags/example_branch_labels.py took 0.099 seconds
[2025-12-04T23:29:11.029+0600] {processor.py:157} INFO - Started process (PID=39754) to work on /Users/asminsadykova/Desktop/h&m/.venv/lib/python3.9/site-packages/airflow/example_dags/example_branch_labels.py
[2025-12-04T23:29:11.029+0600] {processor.py:829} INFO - Processing file /Users/asminsadykova/Desktop/h&m/.venv/lib/python3.9/site-packages/airflow/example_dags/example_branch_labels.py for tasks to queue
[2025-12-04T23:29:11.030+0600] {logging_mixin.py:154} INFO - [2025-12-04T23:29:11.030+0600] {dagbag.py:536} INFO - Filling up the DagBag from /Users/asminsadykova/Desktop/h&m/.venv/lib/python3.9/site-packages/airflow/example_dags/example_branch_labels.py
[2025-12-04T23:29:11.041+0600] {processor.py:839} INFO - DAG(s) dict_keys(['example_branch_labels']) retrieved from /Users/asminsadykova/Desktop/h&m/.venv/lib/python3.9/site-packages/airflow/example_dags/example_branch_labels.py
[2025-12-04T23:29:11.110+0600] {logging_mixin.py:154} INFO - [2025-12-04T23:29:11.110+0600] {dag.py:2941} INFO - Sync 1 DAGs
[2025-12-04T23:29:11.117+0600] {logging_mixin.py:154} INFO - [2025-12-04T23:29:11.117+0600] {dag.py:3722} INFO - Setting next_dagrun for example_branch_labels to 2025-12-03T00:00:00+00:00, run_after=2025-12-04T00:00:00+00:00
[2025-12-04T23:29:11.124+0600] {processor.py:179} INFO - Processing /Users/asminsadykova/Desktop/h&m/.venv/lib/python3.9/site-packages/airflow/example_dags/example_branch_labels.py took 0.096 seconds
[2025-12-04T23:30:34.180+0600] {processor.py:157} INFO - Started process (PID=39822) to work on /Users/asminsadykova/Desktop/h&m/.venv/lib/python3.9/site-packages/airflow/example_dags/example_branch_labels.py
[2025-12-04T23:30:34.181+0600] {processor.py:829} INFO - Processing file /Users/asminsadykova/Desktop/h&m/.venv/lib/python3.9/site-packages/airflow/example_dags/example_branch_labels.py for tasks to queue
[2025-12-04T23:30:34.182+0600] {logging_mixin.py:154} INFO - [2025-12-04T23:30:34.181+0600] {dagbag.py:536} INFO - Filling up the DagBag from /Users/asminsadykova/Desktop/h&m/.venv/lib/python3.9/site-packages/airflow/example_dags/example_branch_labels.py
[2025-12-04T23:30:34.192+0600] {processor.py:839} INFO - DAG(s) dict_keys(['example_branch_labels']) retrieved from /Users/asminsadykova/Desktop/h&m/.venv/lib/python3.9/site-packages/airflow/example_dags/example_branch_labels.py
[2025-12-04T23:30:34.262+0600] {logging_mixin.py:154} INFO - [2025-12-04T23:30:34.262+0600] {dag.py:2941} INFO - Sync 1 DAGs
[2025-12-04T23:30:34.269+0600] {logging_mixin.py:154} INFO - [2025-12-04T23:30:34.269+0600] {dag.py:3722} INFO - Setting next_dagrun for example_branch_labels to 2025-12-03T00:00:00+00:00, run_after=2025-12-04T00:00:00+00:00
[2025-12-04T23:30:34.276+0600] {processor.py:179} INFO - Processing /Users/asminsadykova/Desktop/h&m/.venv/lib/python3.9/site-packages/airflow/example_dags/example_branch_labels.py took 0.096 seconds
[2025-12-04T23:31:57.934+0600] {processor.py:157} INFO - Started process (PID=39892) to work on /Users/asminsadykova/Desktop/h&m/.venv/lib/python3.9/site-packages/airflow/example_dags/example_branch_labels.py
[2025-12-04T23:31:57.936+0600] {processor.py:829} INFO - Processing file /Users/asminsadykova/Desktop/h&m/.venv/lib/python3.9/site-packages/airflow/example_dags/example_branch_labels.py for tasks to queue
[2025-12-04T23:31:57.936+0600] {logging_mixin.py:154} INFO - [2025-12-04T23:31:57.936+0600] {dagbag.py:536} INFO - Filling up the DagBag from /Users/asminsadykova/Desktop/h&m/.venv/lib/python3.9/site-packages/airflow/example_dags/example_branch_labels.py
[2025-12-04T23:31:57.947+0600] {processor.py:839} INFO - DAG(s) dict_keys(['example_branch_labels']) retrieved from /Users/asminsadykova/Desktop/h&m/.venv/lib/python3.9/site-packages/airflow/example_dags/example_branch_labels.py
[2025-12-04T23:31:58.020+0600] {logging_mixin.py:154} INFO - [2025-12-04T23:31:58.020+0600] {dag.py:2941} INFO - Sync 1 DAGs
[2025-12-04T23:31:58.028+0600] {logging_mixin.py:154} INFO - [2025-12-04T23:31:58.028+0600] {dag.py:3722} INFO - Setting next_dagrun for example_branch_labels to 2025-12-03T00:00:00+00:00, run_after=2025-12-04T00:00:00+00:00
[2025-12-04T23:31:58.036+0600] {processor.py:179} INFO - Processing /Users/asminsadykova/Desktop/h&m/.venv/lib/python3.9/site-packages/airflow/example_dags/example_branch_labels.py took 0.102 seconds
[2025-12-04T23:33:25.865+0600] {processor.py:157} INFO - Started process (PID=40119) to work on /Users/asminsadykova/Desktop/h&m/.venv/lib/python3.9/site-packages/airflow/example_dags/example_branch_labels.py
[2025-12-04T23:33:25.866+0600] {processor.py:829} INFO - Processing file /Users/asminsadykova/Desktop/h&m/.venv/lib/python3.9/site-packages/airflow/example_dags/example_branch_labels.py for tasks to queue
[2025-12-04T23:33:25.866+0600] {logging_mixin.py:154} INFO - [2025-12-04T23:33:25.866+0600] {dagbag.py:536} INFO - Filling up the DagBag from /Users/asminsadykova/Desktop/h&m/.venv/lib/python3.9/site-packages/airflow/example_dags/example_branch_labels.py
[2025-12-04T23:33:25.883+0600] {processor.py:839} INFO - DAG(s) dict_keys(['example_branch_labels']) retrieved from /Users/asminsadykova/Desktop/h&m/.venv/lib/python3.9/site-packages/airflow/example_dags/example_branch_labels.py
[2025-12-04T23:33:25.954+0600] {logging_mixin.py:154} INFO - [2025-12-04T23:33:25.953+0600] {dag.py:2941} INFO - Sync 1 DAGs
[2025-12-04T23:33:25.960+0600] {logging_mixin.py:154} INFO - [2025-12-04T23:33:25.960+0600] {dag.py:3722} INFO - Setting next_dagrun for example_branch_labels to 2025-12-03T00:00:00+00:00, run_after=2025-12-04T00:00:00+00:00
[2025-12-04T23:33:25.968+0600] {processor.py:179} INFO - Processing /Users/asminsadykova/Desktop/h&m/.venv/lib/python3.9/site-packages/airflow/example_dags/example_branch_labels.py took 0.104 seconds
[2025-12-04T23:34:51.356+0600] {processor.py:157} INFO - Started process (PID=40201) to work on /Users/asminsadykova/Desktop/h&m/.venv/lib/python3.9/site-packages/airflow/example_dags/example_branch_labels.py
[2025-12-04T23:34:51.357+0600] {processor.py:829} INFO - Processing file /Users/asminsadykova/Desktop/h&m/.venv/lib/python3.9/site-packages/airflow/example_dags/example_branch_labels.py for tasks to queue
[2025-12-04T23:34:51.357+0600] {logging_mixin.py:154} INFO - [2025-12-04T23:34:51.357+0600] {dagbag.py:536} INFO - Filling up the DagBag from /Users/asminsadykova/Desktop/h&m/.venv/lib/python3.9/site-packages/airflow/example_dags/example_branch_labels.py
[2025-12-04T23:34:51.369+0600] {processor.py:839} INFO - DAG(s) dict_keys(['example_branch_labels']) retrieved from /Users/asminsadykova/Desktop/h&m/.venv/lib/python3.9/site-packages/airflow/example_dags/example_branch_labels.py
[2025-12-04T23:34:51.439+0600] {logging_mixin.py:154} INFO - [2025-12-04T23:34:51.439+0600] {dag.py:2941} INFO - Sync 1 DAGs
[2025-12-04T23:34:51.446+0600] {logging_mixin.py:154} INFO - [2025-12-04T23:34:51.446+0600] {dag.py:3722} INFO - Setting next_dagrun for example_branch_labels to 2025-12-03T00:00:00+00:00, run_after=2025-12-04T00:00:00+00:00
[2025-12-04T23:34:51.454+0600] {processor.py:179} INFO - Processing /Users/asminsadykova/Desktop/h&m/.venv/lib/python3.9/site-packages/airflow/example_dags/example_branch_labels.py took 0.099 seconds
[2025-12-04T23:36:30.389+0600] {processor.py:157} INFO - Started process (PID=40290) to work on /Users/asminsadykova/Desktop/h&m/.venv/lib/python3.9/site-packages/airflow/example_dags/example_branch_labels.py
[2025-12-04T23:36:30.390+0600] {processor.py:829} INFO - Processing file /Users/asminsadykova/Desktop/h&m/.venv/lib/python3.9/site-packages/airflow/example_dags/example_branch_labels.py for tasks to queue
[2025-12-04T23:36:30.390+0600] {logging_mixin.py:154} INFO - [2025-12-04T23:36:30.390+0600] {dagbag.py:536} INFO - Filling up the DagBag from /Users/asminsadykova/Desktop/h&m/.venv/lib/python3.9/site-packages/airflow/example_dags/example_branch_labels.py
[2025-12-04T23:36:30.402+0600] {processor.py:839} INFO - DAG(s) dict_keys(['example_branch_labels']) retrieved from /Users/asminsadykova/Desktop/h&m/.venv/lib/python3.9/site-packages/airflow/example_dags/example_branch_labels.py
[2025-12-04T23:36:30.481+0600] {logging_mixin.py:154} INFO - [2025-12-04T23:36:30.481+0600] {dag.py:2941} INFO - Sync 1 DAGs
[2025-12-04T23:36:30.488+0600] {logging_mixin.py:154} INFO - [2025-12-04T23:36:30.488+0600] {dag.py:3722} INFO - Setting next_dagrun for example_branch_labels to 2025-12-03T00:00:00+00:00, run_after=2025-12-04T00:00:00+00:00
[2025-12-04T23:36:30.497+0600] {processor.py:179} INFO - Processing /Users/asminsadykova/Desktop/h&m/.venv/lib/python3.9/site-packages/airflow/example_dags/example_branch_labels.py took 0.109 seconds
[2025-12-04T23:37:58.495+0600] {processor.py:157} INFO - Started process (PID=40380) to work on /Users/asminsadykova/Desktop/h&m/.venv/lib/python3.9/site-packages/airflow/example_dags/example_branch_labels.py
[2025-12-04T23:37:58.495+0600] {processor.py:829} INFO - Processing file /Users/asminsadykova/Desktop/h&m/.venv/lib/python3.9/site-packages/airflow/example_dags/example_branch_labels.py for tasks to queue
[2025-12-04T23:37:58.495+0600] {logging_mixin.py:154} INFO - [2025-12-04T23:37:58.495+0600] {dagbag.py:536} INFO - Filling up the DagBag from /Users/asminsadykova/Desktop/h&m/.venv/lib/python3.9/site-packages/airflow/example_dags/example_branch_labels.py
[2025-12-04T23:37:58.507+0600] {processor.py:839} INFO - DAG(s) dict_keys(['example_branch_labels']) retrieved from /Users/asminsadykova/Desktop/h&m/.venv/lib/python3.9/site-packages/airflow/example_dags/example_branch_labels.py
[2025-12-04T23:37:58.577+0600] {logging_mixin.py:154} INFO - [2025-12-04T23:37:58.577+0600] {dag.py:2941} INFO - Sync 1 DAGs
[2025-12-04T23:37:58.584+0600] {logging_mixin.py:154} INFO - [2025-12-04T23:37:58.584+0600] {dag.py:3722} INFO - Setting next_dagrun for example_branch_labels to 2025-12-03T00:00:00+00:00, run_after=2025-12-04T00:00:00+00:00
[2025-12-04T23:37:58.592+0600] {processor.py:179} INFO - Processing /Users/asminsadykova/Desktop/h&m/.venv/lib/python3.9/site-packages/airflow/example_dags/example_branch_labels.py took 0.098 seconds
[2025-12-04T23:39:35.570+0600] {processor.py:157} INFO - Started process (PID=40465) to work on /Users/asminsadykova/Desktop/h&m/.venv/lib/python3.9/site-packages/airflow/example_dags/example_branch_labels.py
[2025-12-04T23:39:35.571+0600] {processor.py:829} INFO - Processing file /Users/asminsadykova/Desktop/h&m/.venv/lib/python3.9/site-packages/airflow/example_dags/example_branch_labels.py for tasks to queue
[2025-12-04T23:39:35.571+0600] {logging_mixin.py:154} INFO - [2025-12-04T23:39:35.571+0600] {dagbag.py:536} INFO - Filling up the DagBag from /Users/asminsadykova/Desktop/h&m/.venv/lib/python3.9/site-packages/airflow/example_dags/example_branch_labels.py
[2025-12-04T23:39:35.584+0600] {processor.py:839} INFO - DAG(s) dict_keys(['example_branch_labels']) retrieved from /Users/asminsadykova/Desktop/h&m/.venv/lib/python3.9/site-packages/airflow/example_dags/example_branch_labels.py
[2025-12-04T23:39:35.659+0600] {logging_mixin.py:154} INFO - [2025-12-04T23:39:35.659+0600] {dag.py:2941} INFO - Sync 1 DAGs
[2025-12-04T23:39:35.666+0600] {logging_mixin.py:154} INFO - [2025-12-04T23:39:35.666+0600] {dag.py:3722} INFO - Setting next_dagrun for example_branch_labels to 2025-12-03T00:00:00+00:00, run_after=2025-12-04T00:00:00+00:00
[2025-12-04T23:39:35.676+0600] {processor.py:179} INFO - Processing /Users/asminsadykova/Desktop/h&m/.venv/lib/python3.9/site-packages/airflow/example_dags/example_branch_labels.py took 0.107 seconds
[2025-12-04T23:41:12.672+0600] {processor.py:157} INFO - Started process (PID=40593) to work on /Users/asminsadykova/Desktop/h&m/.venv/lib/python3.9/site-packages/airflow/example_dags/example_branch_labels.py
[2025-12-04T23:41:12.673+0600] {processor.py:829} INFO - Processing file /Users/asminsadykova/Desktop/h&m/.venv/lib/python3.9/site-packages/airflow/example_dags/example_branch_labels.py for tasks to queue
[2025-12-04T23:41:12.673+0600] {logging_mixin.py:154} INFO - [2025-12-04T23:41:12.673+0600] {dagbag.py:536} INFO - Filling up the DagBag from /Users/asminsadykova/Desktop/h&m/.venv/lib/python3.9/site-packages/airflow/example_dags/example_branch_labels.py
[2025-12-04T23:41:12.684+0600] {processor.py:839} INFO - DAG(s) dict_keys(['example_branch_labels']) retrieved from /Users/asminsadykova/Desktop/h&m/.venv/lib/python3.9/site-packages/airflow/example_dags/example_branch_labels.py
[2025-12-04T23:41:12.765+0600] {logging_mixin.py:154} INFO - [2025-12-04T23:41:12.765+0600] {dag.py:2941} INFO - Sync 1 DAGs
[2025-12-04T23:41:12.774+0600] {logging_mixin.py:154} INFO - [2025-12-04T23:41:12.774+0600] {dag.py:3722} INFO - Setting next_dagrun for example_branch_labels to 2025-12-03T00:00:00+00:00, run_after=2025-12-04T00:00:00+00:00
[2025-12-04T23:41:12.782+0600] {processor.py:179} INFO - Processing /Users/asminsadykova/Desktop/h&m/.venv/lib/python3.9/site-packages/airflow/example_dags/example_branch_labels.py took 0.111 seconds
[2025-12-04T23:42:37.972+0600] {processor.py:157} INFO - Started process (PID=40701) to work on /Users/asminsadykova/Desktop/h&m/.venv/lib/python3.9/site-packages/airflow/example_dags/example_branch_labels.py
[2025-12-04T23:42:37.976+0600] {processor.py:829} INFO - Processing file /Users/asminsadykova/Desktop/h&m/.venv/lib/python3.9/site-packages/airflow/example_dags/example_branch_labels.py for tasks to queue
[2025-12-04T23:42:37.976+0600] {logging_mixin.py:154} INFO - [2025-12-04T23:42:37.976+0600] {dagbag.py:536} INFO - Filling up the DagBag from /Users/asminsadykova/Desktop/h&m/.venv/lib/python3.9/site-packages/airflow/example_dags/example_branch_labels.py
[2025-12-04T23:42:37.992+0600] {processor.py:839} INFO - DAG(s) dict_keys(['example_branch_labels']) retrieved from /Users/asminsadykova/Desktop/h&m/.venv/lib/python3.9/site-packages/airflow/example_dags/example_branch_labels.py
[2025-12-04T23:42:38.068+0600] {logging_mixin.py:154} INFO - [2025-12-04T23:42:38.068+0600] {dag.py:2941} INFO - Sync 1 DAGs
[2025-12-04T23:42:38.076+0600] {logging_mixin.py:154} INFO - [2025-12-04T23:42:38.076+0600] {dag.py:3722} INFO - Setting next_dagrun for example_branch_labels to 2025-12-03T00:00:00+00:00, run_after=2025-12-04T00:00:00+00:00
[2025-12-04T23:42:38.084+0600] {processor.py:179} INFO - Processing /Users/asminsadykova/Desktop/h&m/.venv/lib/python3.9/site-packages/airflow/example_dags/example_branch_labels.py took 0.112 seconds
[2025-12-04T23:44:14.818+0600] {processor.py:157} INFO - Started process (PID=40882) to work on /Users/asminsadykova/Desktop/h&m/.venv/lib/python3.9/site-packages/airflow/example_dags/example_branch_labels.py
[2025-12-04T23:44:14.819+0600] {processor.py:829} INFO - Processing file /Users/asminsadykova/Desktop/h&m/.venv/lib/python3.9/site-packages/airflow/example_dags/example_branch_labels.py for tasks to queue
[2025-12-04T23:44:14.820+0600] {logging_mixin.py:154} INFO - [2025-12-04T23:44:14.820+0600] {dagbag.py:536} INFO - Filling up the DagBag from /Users/asminsadykova/Desktop/h&m/.venv/lib/python3.9/site-packages/airflow/example_dags/example_branch_labels.py
[2025-12-04T23:44:14.831+0600] {processor.py:839} INFO - DAG(s) dict_keys(['example_branch_labels']) retrieved from /Users/asminsadykova/Desktop/h&m/.venv/lib/python3.9/site-packages/airflow/example_dags/example_branch_labels.py
[2025-12-04T23:44:14.903+0600] {logging_mixin.py:154} INFO - [2025-12-04T23:44:14.903+0600] {dag.py:2941} INFO - Sync 1 DAGs
[2025-12-04T23:44:14.910+0600] {logging_mixin.py:154} INFO - [2025-12-04T23:44:14.910+0600] {dag.py:3722} INFO - Setting next_dagrun for example_branch_labels to 2025-12-03T00:00:00+00:00, run_after=2025-12-04T00:00:00+00:00
[2025-12-04T23:44:14.917+0600] {processor.py:179} INFO - Processing /Users/asminsadykova/Desktop/h&m/.venv/lib/python3.9/site-packages/airflow/example_dags/example_branch_labels.py took 0.099 seconds
[2025-12-04T23:45:50.693+0600] {processor.py:157} INFO - Started process (PID=41188) to work on /Users/asminsadykova/Desktop/h&m/.venv/lib/python3.9/site-packages/airflow/example_dags/example_branch_labels.py
[2025-12-04T23:45:50.694+0600] {processor.py:829} INFO - Processing file /Users/asminsadykova/Desktop/h&m/.venv/lib/python3.9/site-packages/airflow/example_dags/example_branch_labels.py for tasks to queue
[2025-12-04T23:45:50.694+0600] {logging_mixin.py:154} INFO - [2025-12-04T23:45:50.694+0600] {dagbag.py:536} INFO - Filling up the DagBag from /Users/asminsadykova/Desktop/h&m/.venv/lib/python3.9/site-packages/airflow/example_dags/example_branch_labels.py
[2025-12-04T23:45:50.705+0600] {processor.py:839} INFO - DAG(s) dict_keys(['example_branch_labels']) retrieved from /Users/asminsadykova/Desktop/h&m/.venv/lib/python3.9/site-packages/airflow/example_dags/example_branch_labels.py
[2025-12-04T23:45:50.776+0600] {logging_mixin.py:154} INFO - [2025-12-04T23:45:50.775+0600] {dag.py:2941} INFO - Sync 1 DAGs
[2025-12-04T23:45:50.783+0600] {logging_mixin.py:154} INFO - [2025-12-04T23:45:50.782+0600] {dag.py:3722} INFO - Setting next_dagrun for example_branch_labels to 2025-12-03T00:00:00+00:00, run_after=2025-12-04T00:00:00+00:00
[2025-12-04T23:45:50.790+0600] {processor.py:179} INFO - Processing /Users/asminsadykova/Desktop/h&m/.venv/lib/python3.9/site-packages/airflow/example_dags/example_branch_labels.py took 0.097 seconds
[2025-12-04T23:47:26.010+0600] {processor.py:157} INFO - Started process (PID=41571) to work on /Users/asminsadykova/Desktop/h&m/.venv/lib/python3.9/site-packages/airflow/example_dags/example_branch_labels.py
[2025-12-04T23:47:26.012+0600] {processor.py:829} INFO - Processing file /Users/asminsadykova/Desktop/h&m/.venv/lib/python3.9/site-packages/airflow/example_dags/example_branch_labels.py for tasks to queue
[2025-12-04T23:47:26.012+0600] {logging_mixin.py:154} INFO - [2025-12-04T23:47:26.012+0600] {dagbag.py:536} INFO - Filling up the DagBag from /Users/asminsadykova/Desktop/h&m/.venv/lib/python3.9/site-packages/airflow/example_dags/example_branch_labels.py
[2025-12-04T23:47:26.023+0600] {processor.py:839} INFO - DAG(s) dict_keys(['example_branch_labels']) retrieved from /Users/asminsadykova/Desktop/h&m/.venv/lib/python3.9/site-packages/airflow/example_dags/example_branch_labels.py
[2025-12-04T23:47:26.095+0600] {logging_mixin.py:154} INFO - [2025-12-04T23:47:26.094+0600] {dag.py:2941} INFO - Sync 1 DAGs
[2025-12-04T23:47:26.101+0600] {logging_mixin.py:154} INFO - [2025-12-04T23:47:26.101+0600] {dag.py:3722} INFO - Setting next_dagrun for example_branch_labels to 2025-12-03T00:00:00+00:00, run_after=2025-12-04T00:00:00+00:00
[2025-12-04T23:47:26.109+0600] {processor.py:179} INFO - Processing /Users/asminsadykova/Desktop/h&m/.venv/lib/python3.9/site-packages/airflow/example_dags/example_branch_labels.py took 0.099 seconds
[2025-12-04T23:48:51.260+0600] {processor.py:157} INFO - Started process (PID=41680) to work on /Users/asminsadykova/Desktop/h&m/.venv/lib/python3.9/site-packages/airflow/example_dags/example_branch_labels.py
[2025-12-04T23:48:51.263+0600] {processor.py:829} INFO - Processing file /Users/asminsadykova/Desktop/h&m/.venv/lib/python3.9/site-packages/airflow/example_dags/example_branch_labels.py for tasks to queue
[2025-12-04T23:48:51.263+0600] {logging_mixin.py:154} INFO - [2025-12-04T23:48:51.263+0600] {dagbag.py:536} INFO - Filling up the DagBag from /Users/asminsadykova/Desktop/h&m/.venv/lib/python3.9/site-packages/airflow/example_dags/example_branch_labels.py
[2025-12-04T23:48:51.275+0600] {processor.py:839} INFO - DAG(s) dict_keys(['example_branch_labels']) retrieved from /Users/asminsadykova/Desktop/h&m/.venv/lib/python3.9/site-packages/airflow/example_dags/example_branch_labels.py
[2025-12-04T23:48:51.348+0600] {logging_mixin.py:154} INFO - [2025-12-04T23:48:51.348+0600] {dag.py:2941} INFO - Sync 1 DAGs
[2025-12-04T23:48:51.355+0600] {logging_mixin.py:154} INFO - [2025-12-04T23:48:51.355+0600] {dag.py:3722} INFO - Setting next_dagrun for example_branch_labels to 2025-12-03T00:00:00+00:00, run_after=2025-12-04T00:00:00+00:00
[2025-12-04T23:48:51.363+0600] {processor.py:179} INFO - Processing /Users/asminsadykova/Desktop/h&m/.venv/lib/python3.9/site-packages/airflow/example_dags/example_branch_labels.py took 0.103 seconds
[2025-12-04T23:50:25.955+0600] {processor.py:157} INFO - Started process (PID=41803) to work on /Users/asminsadykova/Desktop/h&m/.venv/lib/python3.9/site-packages/airflow/example_dags/example_branch_labels.py
[2025-12-04T23:50:25.956+0600] {processor.py:829} INFO - Processing file /Users/asminsadykova/Desktop/h&m/.venv/lib/python3.9/site-packages/airflow/example_dags/example_branch_labels.py for tasks to queue
[2025-12-04T23:50:25.957+0600] {logging_mixin.py:154} INFO - [2025-12-04T23:50:25.956+0600] {dagbag.py:536} INFO - Filling up the DagBag from /Users/asminsadykova/Desktop/h&m/.venv/lib/python3.9/site-packages/airflow/example_dags/example_branch_labels.py
[2025-12-04T23:50:25.968+0600] {processor.py:839} INFO - DAG(s) dict_keys(['example_branch_labels']) retrieved from /Users/asminsadykova/Desktop/h&m/.venv/lib/python3.9/site-packages/airflow/example_dags/example_branch_labels.py
[2025-12-04T23:50:26.041+0600] {logging_mixin.py:154} INFO - [2025-12-04T23:50:26.041+0600] {dag.py:2941} INFO - Sync 1 DAGs
[2025-12-04T23:50:26.079+0600] {logging_mixin.py:154} INFO - [2025-12-04T23:50:26.077+0600] {dag.py:3722} INFO - Setting next_dagrun for example_branch_labels to 2025-12-03T00:00:00+00:00, run_after=2025-12-04T00:00:00+00:00
[2025-12-04T23:50:26.121+0600] {processor.py:179} INFO - Processing /Users/asminsadykova/Desktop/h&m/.venv/lib/python3.9/site-packages/airflow/example_dags/example_branch_labels.py took 0.166 seconds
[2025-12-04T23:52:02.186+0600] {processor.py:157} INFO - Started process (PID=42040) to work on /Users/asminsadykova/Desktop/h&m/.venv/lib/python3.9/site-packages/airflow/example_dags/example_branch_labels.py
[2025-12-04T23:52:02.188+0600] {processor.py:829} INFO - Processing file /Users/asminsadykova/Desktop/h&m/.venv/lib/python3.9/site-packages/airflow/example_dags/example_branch_labels.py for tasks to queue
[2025-12-04T23:52:02.188+0600] {logging_mixin.py:154} INFO - [2025-12-04T23:52:02.188+0600] {dagbag.py:536} INFO - Filling up the DagBag from /Users/asminsadykova/Desktop/h&m/.venv/lib/python3.9/site-packages/airflow/example_dags/example_branch_labels.py
[2025-12-04T23:52:02.207+0600] {processor.py:839} INFO - DAG(s) dict_keys(['example_branch_labels']) retrieved from /Users/asminsadykova/Desktop/h&m/.venv/lib/python3.9/site-packages/airflow/example_dags/example_branch_labels.py
[2025-12-04T23:52:02.291+0600] {logging_mixin.py:154} INFO - [2025-12-04T23:52:02.291+0600] {dag.py:2941} INFO - Sync 1 DAGs
[2025-12-04T23:52:02.298+0600] {logging_mixin.py:154} INFO - [2025-12-04T23:52:02.298+0600] {dag.py:3722} INFO - Setting next_dagrun for example_branch_labels to 2025-12-03T00:00:00+00:00, run_after=2025-12-04T00:00:00+00:00
[2025-12-04T23:52:02.307+0600] {processor.py:179} INFO - Processing /Users/asminsadykova/Desktop/h&m/.venv/lib/python3.9/site-packages/airflow/example_dags/example_branch_labels.py took 0.122 seconds
[2025-12-04T23:53:40.420+0600] {processor.py:157} INFO - Started process (PID=42142) to work on /Users/asminsadykova/Desktop/h&m/.venv/lib/python3.9/site-packages/airflow/example_dags/example_branch_labels.py
[2025-12-04T23:53:40.422+0600] {processor.py:829} INFO - Processing file /Users/asminsadykova/Desktop/h&m/.venv/lib/python3.9/site-packages/airflow/example_dags/example_branch_labels.py for tasks to queue
[2025-12-04T23:53:40.422+0600] {logging_mixin.py:154} INFO - [2025-12-04T23:53:40.422+0600] {dagbag.py:536} INFO - Filling up the DagBag from /Users/asminsadykova/Desktop/h&m/.venv/lib/python3.9/site-packages/airflow/example_dags/example_branch_labels.py
[2025-12-04T23:53:40.435+0600] {processor.py:839} INFO - DAG(s) dict_keys(['example_branch_labels']) retrieved from /Users/asminsadykova/Desktop/h&m/.venv/lib/python3.9/site-packages/airflow/example_dags/example_branch_labels.py
[2025-12-04T23:53:40.511+0600] {logging_mixin.py:154} INFO - [2025-12-04T23:53:40.511+0600] {dag.py:2941} INFO - Sync 1 DAGs
[2025-12-04T23:53:40.518+0600] {logging_mixin.py:154} INFO - [2025-12-04T23:53:40.518+0600] {dag.py:3722} INFO - Setting next_dagrun for example_branch_labels to 2025-12-03T00:00:00+00:00, run_after=2025-12-04T00:00:00+00:00
[2025-12-04T23:53:40.528+0600] {processor.py:179} INFO - Processing /Users/asminsadykova/Desktop/h&m/.venv/lib/python3.9/site-packages/airflow/example_dags/example_branch_labels.py took 0.108 seconds
[2025-12-04T23:55:05.611+0600] {processor.py:157} INFO - Started process (PID=42218) to work on /Users/asminsadykova/Desktop/h&m/.venv/lib/python3.9/site-packages/airflow/example_dags/example_branch_labels.py
[2025-12-04T23:55:05.611+0600] {processor.py:829} INFO - Processing file /Users/asminsadykova/Desktop/h&m/.venv/lib/python3.9/site-packages/airflow/example_dags/example_branch_labels.py for tasks to queue
[2025-12-04T23:55:05.612+0600] {logging_mixin.py:154} INFO - [2025-12-04T23:55:05.612+0600] {dagbag.py:536} INFO - Filling up the DagBag from /Users/asminsadykova/Desktop/h&m/.venv/lib/python3.9/site-packages/airflow/example_dags/example_branch_labels.py
[2025-12-04T23:55:05.623+0600] {processor.py:839} INFO - DAG(s) dict_keys(['example_branch_labels']) retrieved from /Users/asminsadykova/Desktop/h&m/.venv/lib/python3.9/site-packages/airflow/example_dags/example_branch_labels.py
[2025-12-04T23:55:05.693+0600] {logging_mixin.py:154} INFO - [2025-12-04T23:55:05.693+0600] {dag.py:2941} INFO - Sync 1 DAGs
[2025-12-04T23:55:05.700+0600] {logging_mixin.py:154} INFO - [2025-12-04T23:55:05.700+0600] {dag.py:3722} INFO - Setting next_dagrun for example_branch_labels to 2025-12-03T00:00:00+00:00, run_after=2025-12-04T00:00:00+00:00
[2025-12-04T23:55:05.707+0600] {processor.py:179} INFO - Processing /Users/asminsadykova/Desktop/h&m/.venv/lib/python3.9/site-packages/airflow/example_dags/example_branch_labels.py took 0.097 seconds
[2025-12-04T23:56:35.725+0600] {processor.py:157} INFO - Started process (PID=42293) to work on /Users/asminsadykova/Desktop/h&m/.venv/lib/python3.9/site-packages/airflow/example_dags/example_branch_labels.py
[2025-12-04T23:56:35.726+0600] {processor.py:829} INFO - Processing file /Users/asminsadykova/Desktop/h&m/.venv/lib/python3.9/site-packages/airflow/example_dags/example_branch_labels.py for tasks to queue
[2025-12-04T23:56:35.727+0600] {logging_mixin.py:154} INFO - [2025-12-04T23:56:35.727+0600] {dagbag.py:536} INFO - Filling up the DagBag from /Users/asminsadykova/Desktop/h&m/.venv/lib/python3.9/site-packages/airflow/example_dags/example_branch_labels.py
[2025-12-04T23:56:35.740+0600] {processor.py:839} INFO - DAG(s) dict_keys(['example_branch_labels']) retrieved from /Users/asminsadykova/Desktop/h&m/.venv/lib/python3.9/site-packages/airflow/example_dags/example_branch_labels.py
[2025-12-04T23:56:35.816+0600] {logging_mixin.py:154} INFO - [2025-12-04T23:56:35.816+0600] {dag.py:2941} INFO - Sync 1 DAGs
[2025-12-04T23:56:35.824+0600] {logging_mixin.py:154} INFO - [2025-12-04T23:56:35.824+0600] {dag.py:3722} INFO - Setting next_dagrun for example_branch_labels to 2025-12-03T00:00:00+00:00, run_after=2025-12-04T00:00:00+00:00
[2025-12-04T23:56:35.832+0600] {processor.py:179} INFO - Processing /Users/asminsadykova/Desktop/h&m/.venv/lib/python3.9/site-packages/airflow/example_dags/example_branch_labels.py took 0.108 seconds
[2025-12-04T23:58:03.892+0600] {processor.py:157} INFO - Started process (PID=42376) to work on /Users/asminsadykova/Desktop/h&m/.venv/lib/python3.9/site-packages/airflow/example_dags/example_branch_labels.py
[2025-12-04T23:58:03.893+0600] {processor.py:829} INFO - Processing file /Users/asminsadykova/Desktop/h&m/.venv/lib/python3.9/site-packages/airflow/example_dags/example_branch_labels.py for tasks to queue
[2025-12-04T23:58:03.893+0600] {logging_mixin.py:154} INFO - [2025-12-04T23:58:03.893+0600] {dagbag.py:536} INFO - Filling up the DagBag from /Users/asminsadykova/Desktop/h&m/.venv/lib/python3.9/site-packages/airflow/example_dags/example_branch_labels.py
[2025-12-04T23:58:03.905+0600] {processor.py:839} INFO - DAG(s) dict_keys(['example_branch_labels']) retrieved from /Users/asminsadykova/Desktop/h&m/.venv/lib/python3.9/site-packages/airflow/example_dags/example_branch_labels.py
[2025-12-04T23:58:03.975+0600] {logging_mixin.py:154} INFO - [2025-12-04T23:58:03.975+0600] {dag.py:2941} INFO - Sync 1 DAGs
[2025-12-04T23:58:03.982+0600] {logging_mixin.py:154} INFO - [2025-12-04T23:58:03.982+0600] {dag.py:3722} INFO - Setting next_dagrun for example_branch_labels to 2025-12-03T00:00:00+00:00, run_after=2025-12-04T00:00:00+00:00
[2025-12-04T23:58:03.990+0600] {processor.py:179} INFO - Processing /Users/asminsadykova/Desktop/h&m/.venv/lib/python3.9/site-packages/airflow/example_dags/example_branch_labels.py took 0.099 seconds
[2025-12-04T23:59:32.712+0600] {processor.py:157} INFO - Started process (PID=42624) to work on /Users/asminsadykova/Desktop/h&m/.venv/lib/python3.9/site-packages/airflow/example_dags/example_branch_labels.py
[2025-12-04T23:59:32.713+0600] {processor.py:829} INFO - Processing file /Users/asminsadykova/Desktop/h&m/.venv/lib/python3.9/site-packages/airflow/example_dags/example_branch_labels.py for tasks to queue
[2025-12-04T23:59:32.713+0600] {logging_mixin.py:154} INFO - [2025-12-04T23:59:32.713+0600] {dagbag.py:536} INFO - Filling up the DagBag from /Users/asminsadykova/Desktop/h&m/.venv/lib/python3.9/site-packages/airflow/example_dags/example_branch_labels.py
[2025-12-04T23:59:32.727+0600] {processor.py:839} INFO - DAG(s) dict_keys(['example_branch_labels']) retrieved from /Users/asminsadykova/Desktop/h&m/.venv/lib/python3.9/site-packages/airflow/example_dags/example_branch_labels.py
[2025-12-04T23:59:32.808+0600] {logging_mixin.py:154} INFO - [2025-12-04T23:59:32.808+0600] {dag.py:2941} INFO - Sync 1 DAGs
[2025-12-04T23:59:32.816+0600] {logging_mixin.py:154} INFO - [2025-12-04T23:59:32.816+0600] {dag.py:3722} INFO - Setting next_dagrun for example_branch_labels to 2025-12-03T00:00:00+00:00, run_after=2025-12-04T00:00:00+00:00
[2025-12-04T23:59:32.825+0600] {processor.py:179} INFO - Processing /Users/asminsadykova/Desktop/h&m/.venv/lib/python3.9/site-packages/airflow/example_dags/example_branch_labels.py took 0.114 seconds
[2025-12-05T00:01:08.998+0600] {processor.py:157} INFO - Started process (PID=42840) to work on /Users/asminsadykova/Desktop/h&m/.venv/lib/python3.9/site-packages/airflow/example_dags/example_branch_labels.py
[2025-12-05T00:01:09.000+0600] {processor.py:829} INFO - Processing file /Users/asminsadykova/Desktop/h&m/.venv/lib/python3.9/site-packages/airflow/example_dags/example_branch_labels.py for tasks to queue
[2025-12-05T00:01:09.000+0600] {logging_mixin.py:154} INFO - [2025-12-05T00:01:09.000+0600] {dagbag.py:536} INFO - Filling up the DagBag from /Users/asminsadykova/Desktop/h&m/.venv/lib/python3.9/site-packages/airflow/example_dags/example_branch_labels.py
[2025-12-05T00:01:09.012+0600] {processor.py:839} INFO - DAG(s) dict_keys(['example_branch_labels']) retrieved from /Users/asminsadykova/Desktop/h&m/.venv/lib/python3.9/site-packages/airflow/example_dags/example_branch_labels.py
[2025-12-05T00:01:09.087+0600] {logging_mixin.py:154} INFO - [2025-12-05T00:01:09.086+0600] {dag.py:2941} INFO - Sync 1 DAGs
[2025-12-05T00:01:09.094+0600] {logging_mixin.py:154} INFO - [2025-12-05T00:01:09.094+0600] {dag.py:3722} INFO - Setting next_dagrun for example_branch_labels to 2025-12-03T00:00:00+00:00, run_after=2025-12-04T00:00:00+00:00
[2025-12-05T00:01:09.102+0600] {processor.py:179} INFO - Processing /Users/asminsadykova/Desktop/h&m/.venv/lib/python3.9/site-packages/airflow/example_dags/example_branch_labels.py took 0.105 seconds
[2025-12-05T00:02:40.462+0600] {processor.py:157} INFO - Started process (PID=42933) to work on /Users/asminsadykova/Desktop/h&m/.venv/lib/python3.9/site-packages/airflow/example_dags/example_branch_labels.py
[2025-12-05T00:02:40.464+0600] {processor.py:829} INFO - Processing file /Users/asminsadykova/Desktop/h&m/.venv/lib/python3.9/site-packages/airflow/example_dags/example_branch_labels.py for tasks to queue
[2025-12-05T00:02:40.465+0600] {logging_mixin.py:154} INFO - [2025-12-05T00:02:40.465+0600] {dagbag.py:536} INFO - Filling up the DagBag from /Users/asminsadykova/Desktop/h&m/.venv/lib/python3.9/site-packages/airflow/example_dags/example_branch_labels.py
[2025-12-05T00:02:40.476+0600] {processor.py:839} INFO - DAG(s) dict_keys(['example_branch_labels']) retrieved from /Users/asminsadykova/Desktop/h&m/.venv/lib/python3.9/site-packages/airflow/example_dags/example_branch_labels.py
[2025-12-05T00:02:40.553+0600] {logging_mixin.py:154} INFO - [2025-12-05T00:02:40.553+0600] {dag.py:2941} INFO - Sync 1 DAGs
[2025-12-05T00:02:40.561+0600] {logging_mixin.py:154} INFO - [2025-12-05T00:02:40.561+0600] {dag.py:3722} INFO - Setting next_dagrun for example_branch_labels to 2025-12-03T00:00:00+00:00, run_after=2025-12-04T00:00:00+00:00
[2025-12-05T00:02:40.570+0600] {processor.py:179} INFO - Processing /Users/asminsadykova/Desktop/h&m/.venv/lib/python3.9/site-packages/airflow/example_dags/example_branch_labels.py took 0.109 seconds
[2025-12-05T00:04:12.343+0600] {processor.py:157} INFO - Started process (PID=43077) to work on /Users/asminsadykova/Desktop/h&m/.venv/lib/python3.9/site-packages/airflow/example_dags/example_branch_labels.py
[2025-12-05T00:04:12.345+0600] {processor.py:829} INFO - Processing file /Users/asminsadykova/Desktop/h&m/.venv/lib/python3.9/site-packages/airflow/example_dags/example_branch_labels.py for tasks to queue
[2025-12-05T00:04:12.345+0600] {logging_mixin.py:154} INFO - [2025-12-05T00:04:12.345+0600] {dagbag.py:536} INFO - Filling up the DagBag from /Users/asminsadykova/Desktop/h&m/.venv/lib/python3.9/site-packages/airflow/example_dags/example_branch_labels.py
[2025-12-05T00:04:12.357+0600] {processor.py:839} INFO - DAG(s) dict_keys(['example_branch_labels']) retrieved from /Users/asminsadykova/Desktop/h&m/.venv/lib/python3.9/site-packages/airflow/example_dags/example_branch_labels.py
[2025-12-05T00:04:12.437+0600] {logging_mixin.py:154} INFO - [2025-12-05T00:04:12.437+0600] {dag.py:2941} INFO - Sync 1 DAGs
[2025-12-05T00:04:12.446+0600] {logging_mixin.py:154} INFO - [2025-12-05T00:04:12.446+0600] {dag.py:3722} INFO - Setting next_dagrun for example_branch_labels to 2025-12-03T00:00:00+00:00, run_after=2025-12-04T00:00:00+00:00
[2025-12-05T00:04:12.453+0600] {processor.py:179} INFO - Processing /Users/asminsadykova/Desktop/h&m/.venv/lib/python3.9/site-packages/airflow/example_dags/example_branch_labels.py took 0.111 seconds
[2025-12-05T00:05:48.342+0600] {processor.py:157} INFO - Started process (PID=43295) to work on /Users/asminsadykova/Desktop/h&m/.venv/lib/python3.9/site-packages/airflow/example_dags/example_branch_labels.py
[2025-12-05T00:05:48.343+0600] {processor.py:829} INFO - Processing file /Users/asminsadykova/Desktop/h&m/.venv/lib/python3.9/site-packages/airflow/example_dags/example_branch_labels.py for tasks to queue
[2025-12-05T00:05:48.344+0600] {logging_mixin.py:154} INFO - [2025-12-05T00:05:48.344+0600] {dagbag.py:536} INFO - Filling up the DagBag from /Users/asminsadykova/Desktop/h&m/.venv/lib/python3.9/site-packages/airflow/example_dags/example_branch_labels.py
[2025-12-05T00:05:48.358+0600] {processor.py:839} INFO - DAG(s) dict_keys(['example_branch_labels']) retrieved from /Users/asminsadykova/Desktop/h&m/.venv/lib/python3.9/site-packages/airflow/example_dags/example_branch_labels.py
[2025-12-05T00:05:48.435+0600] {logging_mixin.py:154} INFO - [2025-12-05T00:05:48.435+0600] {dag.py:2941} INFO - Sync 1 DAGs
[2025-12-05T00:05:48.442+0600] {logging_mixin.py:154} INFO - [2025-12-05T00:05:48.442+0600] {dag.py:3722} INFO - Setting next_dagrun for example_branch_labels to 2025-12-03T00:00:00+00:00, run_after=2025-12-04T00:00:00+00:00
[2025-12-05T00:05:48.450+0600] {processor.py:179} INFO - Processing /Users/asminsadykova/Desktop/h&m/.venv/lib/python3.9/site-packages/airflow/example_dags/example_branch_labels.py took 0.109 seconds
[2025-12-05T00:07:14.566+0600] {processor.py:157} INFO - Started process (PID=43441) to work on /Users/asminsadykova/Desktop/h&m/.venv/lib/python3.9/site-packages/airflow/example_dags/example_branch_labels.py
[2025-12-05T00:07:14.568+0600] {processor.py:829} INFO - Processing file /Users/asminsadykova/Desktop/h&m/.venv/lib/python3.9/site-packages/airflow/example_dags/example_branch_labels.py for tasks to queue
[2025-12-05T00:07:14.568+0600] {logging_mixin.py:154} INFO - [2025-12-05T00:07:14.568+0600] {dagbag.py:536} INFO - Filling up the DagBag from /Users/asminsadykova/Desktop/h&m/.venv/lib/python3.9/site-packages/airflow/example_dags/example_branch_labels.py
[2025-12-05T00:07:14.579+0600] {processor.py:839} INFO - DAG(s) dict_keys(['example_branch_labels']) retrieved from /Users/asminsadykova/Desktop/h&m/.venv/lib/python3.9/site-packages/airflow/example_dags/example_branch_labels.py
[2025-12-05T00:07:14.654+0600] {logging_mixin.py:154} INFO - [2025-12-05T00:07:14.654+0600] {dag.py:2941} INFO - Sync 1 DAGs
[2025-12-05T00:07:14.661+0600] {logging_mixin.py:154} INFO - [2025-12-05T00:07:14.661+0600] {dag.py:3722} INFO - Setting next_dagrun for example_branch_labels to 2025-12-03T00:00:00+00:00, run_after=2025-12-04T00:00:00+00:00
[2025-12-05T00:07:14.669+0600] {processor.py:179} INFO - Processing /Users/asminsadykova/Desktop/h&m/.venv/lib/python3.9/site-packages/airflow/example_dags/example_branch_labels.py took 0.103 seconds
[2025-12-05T00:08:42.491+0600] {processor.py:157} INFO - Started process (PID=43603) to work on /Users/asminsadykova/Desktop/h&m/.venv/lib/python3.9/site-packages/airflow/example_dags/example_branch_labels.py
[2025-12-05T00:08:42.492+0600] {processor.py:829} INFO - Processing file /Users/asminsadykova/Desktop/h&m/.venv/lib/python3.9/site-packages/airflow/example_dags/example_branch_labels.py for tasks to queue
[2025-12-05T00:08:42.492+0600] {logging_mixin.py:154} INFO - [2025-12-05T00:08:42.492+0600] {dagbag.py:536} INFO - Filling up the DagBag from /Users/asminsadykova/Desktop/h&m/.venv/lib/python3.9/site-packages/airflow/example_dags/example_branch_labels.py
[2025-12-05T00:08:42.504+0600] {processor.py:839} INFO - DAG(s) dict_keys(['example_branch_labels']) retrieved from /Users/asminsadykova/Desktop/h&m/.venv/lib/python3.9/site-packages/airflow/example_dags/example_branch_labels.py
[2025-12-05T00:08:42.581+0600] {logging_mixin.py:154} INFO - [2025-12-05T00:08:42.581+0600] {dag.py:2941} INFO - Sync 1 DAGs
[2025-12-05T00:08:42.588+0600] {logging_mixin.py:154} INFO - [2025-12-05T00:08:42.588+0600] {dag.py:3722} INFO - Setting next_dagrun for example_branch_labels to 2025-12-03T00:00:00+00:00, run_after=2025-12-04T00:00:00+00:00
[2025-12-05T00:08:42.596+0600] {processor.py:179} INFO - Processing /Users/asminsadykova/Desktop/h&m/.venv/lib/python3.9/site-packages/airflow/example_dags/example_branch_labels.py took 0.106 seconds
[2025-12-05T00:10:16.989+0600] {processor.py:157} INFO - Started process (PID=43757) to work on /Users/asminsadykova/Desktop/h&m/.venv/lib/python3.9/site-packages/airflow/example_dags/example_branch_labels.py
[2025-12-05T00:10:16.990+0600] {processor.py:829} INFO - Processing file /Users/asminsadykova/Desktop/h&m/.venv/lib/python3.9/site-packages/airflow/example_dags/example_branch_labels.py for tasks to queue
[2025-12-05T00:10:16.990+0600] {logging_mixin.py:154} INFO - [2025-12-05T00:10:16.990+0600] {dagbag.py:536} INFO - Filling up the DagBag from /Users/asminsadykova/Desktop/h&m/.venv/lib/python3.9/site-packages/airflow/example_dags/example_branch_labels.py
[2025-12-05T00:10:17.002+0600] {processor.py:839} INFO - DAG(s) dict_keys(['example_branch_labels']) retrieved from /Users/asminsadykova/Desktop/h&m/.venv/lib/python3.9/site-packages/airflow/example_dags/example_branch_labels.py
[2025-12-05T00:10:17.079+0600] {logging_mixin.py:154} INFO - [2025-12-05T00:10:17.079+0600] {dag.py:2941} INFO - Sync 1 DAGs
[2025-12-05T00:10:17.086+0600] {logging_mixin.py:154} INFO - [2025-12-05T00:10:17.086+0600] {dag.py:3722} INFO - Setting next_dagrun for example_branch_labels to 2025-12-03T00:00:00+00:00, run_after=2025-12-04T00:00:00+00:00
[2025-12-05T00:10:17.094+0600] {processor.py:179} INFO - Processing /Users/asminsadykova/Desktop/h&m/.venv/lib/python3.9/site-packages/airflow/example_dags/example_branch_labels.py took 0.106 seconds
[2025-12-05T00:11:50.336+0600] {processor.py:157} INFO - Started process (PID=43920) to work on /Users/asminsadykova/Desktop/h&m/.venv/lib/python3.9/site-packages/airflow/example_dags/example_branch_labels.py
[2025-12-05T00:11:50.338+0600] {processor.py:829} INFO - Processing file /Users/asminsadykova/Desktop/h&m/.venv/lib/python3.9/site-packages/airflow/example_dags/example_branch_labels.py for tasks to queue
[2025-12-05T00:11:50.338+0600] {logging_mixin.py:154} INFO - [2025-12-05T00:11:50.338+0600] {dagbag.py:536} INFO - Filling up the DagBag from /Users/asminsadykova/Desktop/h&m/.venv/lib/python3.9/site-packages/airflow/example_dags/example_branch_labels.py
[2025-12-05T00:11:50.350+0600] {processor.py:839} INFO - DAG(s) dict_keys(['example_branch_labels']) retrieved from /Users/asminsadykova/Desktop/h&m/.venv/lib/python3.9/site-packages/airflow/example_dags/example_branch_labels.py
[2025-12-05T00:11:50.424+0600] {logging_mixin.py:154} INFO - [2025-12-05T00:11:50.424+0600] {dag.py:2941} INFO - Sync 1 DAGs
[2025-12-05T00:11:50.432+0600] {logging_mixin.py:154} INFO - [2025-12-05T00:11:50.432+0600] {dag.py:3722} INFO - Setting next_dagrun for example_branch_labels to 2025-12-03T00:00:00+00:00, run_after=2025-12-04T00:00:00+00:00
[2025-12-05T00:11:50.441+0600] {processor.py:179} INFO - Processing /Users/asminsadykova/Desktop/h&m/.venv/lib/python3.9/site-packages/airflow/example_dags/example_branch_labels.py took 0.105 seconds
