[2025-12-04T23:17:55.525+0600] {processor.py:157} INFO - Started process (PID=38932) to work on /Users/asminsadykova/Desktop/h&m/.venv/lib/python3.9/site-packages/airflow/example_dags/example_short_circuit_decorator.py
[2025-12-04T23:17:55.526+0600] {processor.py:829} INFO - Processing file /Users/asminsadykova/Desktop/h&m/.venv/lib/python3.9/site-packages/airflow/example_dags/example_short_circuit_decorator.py for tasks to queue
[2025-12-04T23:17:55.526+0600] {logging_mixin.py:154} INFO - [2025-12-04T23:17:55.526+0600] {dagbag.py:536} INFO - Filling up the DagBag from /Users/asminsadykova/Desktop/h&m/.venv/lib/python3.9/site-packages/airflow/example_dags/example_short_circuit_decorator.py
[2025-12-04T23:17:55.551+0600] {processor.py:839} INFO - DAG(s) dict_keys(['example_short_circuit_decorator']) retrieved from /Users/asminsadykova/Desktop/h&m/.venv/lib/python3.9/site-packages/airflow/example_dags/example_short_circuit_decorator.py
[2025-12-04T23:17:55.800+0600] {logging_mixin.py:154} INFO - [2025-12-04T23:17:55.800+0600] {manager.py:499} INFO - Created Permission View: %s
[2025-12-04T23:17:55.804+0600] {logging_mixin.py:154} INFO - [2025-12-04T23:17:55.804+0600] {manager.py:499} INFO - Created Permission View: %s
[2025-12-04T23:17:55.806+0600] {logging_mixin.py:154} INFO - [2025-12-04T23:17:55.806+0600] {manager.py:499} INFO - Created Permission View: %s
[2025-12-04T23:17:55.806+0600] {logging_mixin.py:154} INFO - [2025-12-04T23:17:55.806+0600] {dag.py:2941} INFO - Sync 1 DAGs
[2025-12-04T23:17:55.810+0600] {logging_mixin.py:154} INFO - [2025-12-04T23:17:55.810+0600] {dag.py:2963} INFO - Creating ORM DAG for example_short_circuit_decorator
[2025-12-04T23:17:55.813+0600] {logging_mixin.py:154} INFO - [2025-12-04T23:17:55.813+0600] {dag.py:3722} INFO - Setting next_dagrun for example_short_circuit_decorator to 2025-12-03T17:17:55.813271+00:00, run_after=2025-12-04T17:17:55.813271+00:00
[2025-12-04T23:17:55.820+0600] {processor.py:179} INFO - Processing /Users/asminsadykova/Desktop/h&m/.venv/lib/python3.9/site-packages/airflow/example_dags/example_short_circuit_decorator.py took 0.295 seconds
[2025-12-04T23:19:13.575+0600] {processor.py:157} INFO - Started process (PID=39025) to work on /Users/asminsadykova/Desktop/h&m/.venv/lib/python3.9/site-packages/airflow/example_dags/example_short_circuit_decorator.py
[2025-12-04T23:19:13.576+0600] {processor.py:829} INFO - Processing file /Users/asminsadykova/Desktop/h&m/.venv/lib/python3.9/site-packages/airflow/example_dags/example_short_circuit_decorator.py for tasks to queue
[2025-12-04T23:19:13.576+0600] {logging_mixin.py:154} INFO - [2025-12-04T23:19:13.576+0600] {dagbag.py:536} INFO - Filling up the DagBag from /Users/asminsadykova/Desktop/h&m/.venv/lib/python3.9/site-packages/airflow/example_dags/example_short_circuit_decorator.py
[2025-12-04T23:19:13.599+0600] {processor.py:839} INFO - DAG(s) dict_keys(['example_short_circuit_decorator']) retrieved from /Users/asminsadykova/Desktop/h&m/.venv/lib/python3.9/site-packages/airflow/example_dags/example_short_circuit_decorator.py
[2025-12-04T23:19:13.667+0600] {logging_mixin.py:154} INFO - [2025-12-04T23:19:13.667+0600] {dag.py:2941} INFO - Sync 1 DAGs
[2025-12-04T23:19:13.674+0600] {logging_mixin.py:154} INFO - [2025-12-04T23:19:13.674+0600] {dag.py:3722} INFO - Setting next_dagrun for example_short_circuit_decorator to 2025-12-03T17:19:13.674052+00:00, run_after=2025-12-04T17:19:13.674052+00:00
[2025-12-04T23:19:13.682+0600] {processor.py:179} INFO - Processing /Users/asminsadykova/Desktop/h&m/.venv/lib/python3.9/site-packages/airflow/example_dags/example_short_circuit_decorator.py took 0.108 seconds
[2025-12-04T23:20:39.187+0600] {processor.py:157} INFO - Started process (PID=39129) to work on /Users/asminsadykova/Desktop/h&m/.venv/lib/python3.9/site-packages/airflow/example_dags/example_short_circuit_decorator.py
[2025-12-04T23:20:39.188+0600] {processor.py:829} INFO - Processing file /Users/asminsadykova/Desktop/h&m/.venv/lib/python3.9/site-packages/airflow/example_dags/example_short_circuit_decorator.py for tasks to queue
[2025-12-04T23:20:39.188+0600] {logging_mixin.py:154} INFO - [2025-12-04T23:20:39.188+0600] {dagbag.py:536} INFO - Filling up the DagBag from /Users/asminsadykova/Desktop/h&m/.venv/lib/python3.9/site-packages/airflow/example_dags/example_short_circuit_decorator.py
[2025-12-04T23:20:39.212+0600] {processor.py:839} INFO - DAG(s) dict_keys(['example_short_circuit_decorator']) retrieved from /Users/asminsadykova/Desktop/h&m/.venv/lib/python3.9/site-packages/airflow/example_dags/example_short_circuit_decorator.py
[2025-12-04T23:20:39.281+0600] {logging_mixin.py:154} INFO - [2025-12-04T23:20:39.281+0600] {dag.py:2941} INFO - Sync 1 DAGs
[2025-12-04T23:20:39.287+0600] {logging_mixin.py:154} INFO - [2025-12-04T23:20:39.287+0600] {dag.py:3722} INFO - Setting next_dagrun for example_short_circuit_decorator to 2025-12-03T17:20:39.287802+00:00, run_after=2025-12-04T17:20:39.287802+00:00
[2025-12-04T23:20:39.295+0600] {processor.py:179} INFO - Processing /Users/asminsadykova/Desktop/h&m/.venv/lib/python3.9/site-packages/airflow/example_dags/example_short_circuit_decorator.py took 0.109 seconds
[2025-12-04T23:22:05.306+0600] {processor.py:157} INFO - Started process (PID=39231) to work on /Users/asminsadykova/Desktop/h&m/.venv/lib/python3.9/site-packages/airflow/example_dags/example_short_circuit_decorator.py
[2025-12-04T23:22:05.308+0600] {processor.py:829} INFO - Processing file /Users/asminsadykova/Desktop/h&m/.venv/lib/python3.9/site-packages/airflow/example_dags/example_short_circuit_decorator.py for tasks to queue
[2025-12-04T23:22:05.308+0600] {logging_mixin.py:154} INFO - [2025-12-04T23:22:05.308+0600] {dagbag.py:536} INFO - Filling up the DagBag from /Users/asminsadykova/Desktop/h&m/.venv/lib/python3.9/site-packages/airflow/example_dags/example_short_circuit_decorator.py
[2025-12-04T23:22:05.333+0600] {processor.py:839} INFO - DAG(s) dict_keys(['example_short_circuit_decorator']) retrieved from /Users/asminsadykova/Desktop/h&m/.venv/lib/python3.9/site-packages/airflow/example_dags/example_short_circuit_decorator.py
[2025-12-04T23:22:05.402+0600] {logging_mixin.py:154} INFO - [2025-12-04T23:22:05.402+0600] {dag.py:2941} INFO - Sync 1 DAGs
[2025-12-04T23:22:05.409+0600] {logging_mixin.py:154} INFO - [2025-12-04T23:22:05.409+0600] {dag.py:3722} INFO - Setting next_dagrun for example_short_circuit_decorator to 2025-12-03T17:22:05.409133+00:00, run_after=2025-12-04T17:22:05.409133+00:00
[2025-12-04T23:22:05.416+0600] {processor.py:179} INFO - Processing /Users/asminsadykova/Desktop/h&m/.venv/lib/python3.9/site-packages/airflow/example_dags/example_short_circuit_decorator.py took 0.111 seconds
[2025-12-04T23:23:35.377+0600] {processor.py:157} INFO - Started process (PID=39308) to work on /Users/asminsadykova/Desktop/h&m/.venv/lib/python3.9/site-packages/airflow/example_dags/example_short_circuit_decorator.py
[2025-12-04T23:23:35.378+0600] {processor.py:829} INFO - Processing file /Users/asminsadykova/Desktop/h&m/.venv/lib/python3.9/site-packages/airflow/example_dags/example_short_circuit_decorator.py for tasks to queue
[2025-12-04T23:23:35.378+0600] {logging_mixin.py:154} INFO - [2025-12-04T23:23:35.378+0600] {dagbag.py:536} INFO - Filling up the DagBag from /Users/asminsadykova/Desktop/h&m/.venv/lib/python3.9/site-packages/airflow/example_dags/example_short_circuit_decorator.py
[2025-12-04T23:23:35.402+0600] {processor.py:839} INFO - DAG(s) dict_keys(['example_short_circuit_decorator']) retrieved from /Users/asminsadykova/Desktop/h&m/.venv/lib/python3.9/site-packages/airflow/example_dags/example_short_circuit_decorator.py
[2025-12-04T23:23:35.472+0600] {logging_mixin.py:154} INFO - [2025-12-04T23:23:35.471+0600] {dag.py:2941} INFO - Sync 1 DAGs
[2025-12-04T23:23:35.478+0600] {logging_mixin.py:154} INFO - [2025-12-04T23:23:35.478+0600] {dag.py:3722} INFO - Setting next_dagrun for example_short_circuit_decorator to 2025-12-03T17:23:35.478611+00:00, run_after=2025-12-04T17:23:35.478611+00:00
[2025-12-04T23:23:35.486+0600] {processor.py:179} INFO - Processing /Users/asminsadykova/Desktop/h&m/.venv/lib/python3.9/site-packages/airflow/example_dags/example_short_circuit_decorator.py took 0.110 seconds
[2025-12-04T23:25:13.160+0600] {processor.py:157} INFO - Started process (PID=39508) to work on /Users/asminsadykova/Desktop/h&m/.venv/lib/python3.9/site-packages/airflow/example_dags/example_short_circuit_decorator.py
[2025-12-04T23:25:13.161+0600] {processor.py:829} INFO - Processing file /Users/asminsadykova/Desktop/h&m/.venv/lib/python3.9/site-packages/airflow/example_dags/example_short_circuit_decorator.py for tasks to queue
[2025-12-04T23:25:13.161+0600] {logging_mixin.py:154} INFO - [2025-12-04T23:25:13.161+0600] {dagbag.py:536} INFO - Filling up the DagBag from /Users/asminsadykova/Desktop/h&m/.venv/lib/python3.9/site-packages/airflow/example_dags/example_short_circuit_decorator.py
[2025-12-04T23:25:13.184+0600] {processor.py:839} INFO - DAG(s) dict_keys(['example_short_circuit_decorator']) retrieved from /Users/asminsadykova/Desktop/h&m/.venv/lib/python3.9/site-packages/airflow/example_dags/example_short_circuit_decorator.py
[2025-12-04T23:25:13.253+0600] {logging_mixin.py:154} INFO - [2025-12-04T23:25:13.252+0600] {dag.py:2941} INFO - Sync 1 DAGs
[2025-12-04T23:25:13.259+0600] {logging_mixin.py:154} INFO - [2025-12-04T23:25:13.259+0600] {dag.py:3722} INFO - Setting next_dagrun for example_short_circuit_decorator to 2025-12-03T17:25:13.259638+00:00, run_after=2025-12-04T17:25:13.259638+00:00
[2025-12-04T23:25:13.267+0600] {processor.py:179} INFO - Processing /Users/asminsadykova/Desktop/h&m/.venv/lib/python3.9/site-packages/airflow/example_dags/example_short_circuit_decorator.py took 0.107 seconds
[2025-12-04T23:26:47.200+0600] {processor.py:157} INFO - Started process (PID=39608) to work on /Users/asminsadykova/Desktop/h&m/.venv/lib/python3.9/site-packages/airflow/example_dags/example_short_circuit_decorator.py
[2025-12-04T23:26:47.200+0600] {processor.py:829} INFO - Processing file /Users/asminsadykova/Desktop/h&m/.venv/lib/python3.9/site-packages/airflow/example_dags/example_short_circuit_decorator.py for tasks to queue
[2025-12-04T23:26:47.200+0600] {logging_mixin.py:154} INFO - [2025-12-04T23:26:47.200+0600] {dagbag.py:536} INFO - Filling up the DagBag from /Users/asminsadykova/Desktop/h&m/.venv/lib/python3.9/site-packages/airflow/example_dags/example_short_circuit_decorator.py
[2025-12-04T23:26:47.225+0600] {processor.py:839} INFO - DAG(s) dict_keys(['example_short_circuit_decorator']) retrieved from /Users/asminsadykova/Desktop/h&m/.venv/lib/python3.9/site-packages/airflow/example_dags/example_short_circuit_decorator.py
[2025-12-04T23:26:47.293+0600] {logging_mixin.py:154} INFO - [2025-12-04T23:26:47.293+0600] {dag.py:2941} INFO - Sync 1 DAGs
[2025-12-04T23:26:47.300+0600] {logging_mixin.py:154} INFO - [2025-12-04T23:26:47.300+0600] {dag.py:3722} INFO - Setting next_dagrun for example_short_circuit_decorator to 2025-12-03T17:26:47.300515+00:00, run_after=2025-12-04T17:26:47.300515+00:00
[2025-12-04T23:26:47.308+0600] {processor.py:179} INFO - Processing /Users/asminsadykova/Desktop/h&m/.venv/lib/python3.9/site-packages/airflow/example_dags/example_short_circuit_decorator.py took 0.109 seconds
[2025-12-04T23:28:19.291+0600] {processor.py:157} INFO - Started process (PID=39706) to work on /Users/asminsadykova/Desktop/h&m/.venv/lib/python3.9/site-packages/airflow/example_dags/example_short_circuit_decorator.py
[2025-12-04T23:28:19.292+0600] {processor.py:829} INFO - Processing file /Users/asminsadykova/Desktop/h&m/.venv/lib/python3.9/site-packages/airflow/example_dags/example_short_circuit_decorator.py for tasks to queue
[2025-12-04T23:28:19.292+0600] {logging_mixin.py:154} INFO - [2025-12-04T23:28:19.292+0600] {dagbag.py:536} INFO - Filling up the DagBag from /Users/asminsadykova/Desktop/h&m/.venv/lib/python3.9/site-packages/airflow/example_dags/example_short_circuit_decorator.py
[2025-12-04T23:28:19.321+0600] {processor.py:839} INFO - DAG(s) dict_keys(['example_short_circuit_decorator']) retrieved from /Users/asminsadykova/Desktop/h&m/.venv/lib/python3.9/site-packages/airflow/example_dags/example_short_circuit_decorator.py
[2025-12-04T23:28:19.429+0600] {logging_mixin.py:154} INFO - [2025-12-04T23:28:19.429+0600] {dag.py:2941} INFO - Sync 1 DAGs
[2025-12-04T23:28:19.439+0600] {logging_mixin.py:154} INFO - [2025-12-04T23:28:19.438+0600] {dag.py:3722} INFO - Setting next_dagrun for example_short_circuit_decorator to 2025-12-03T17:28:19.438784+00:00, run_after=2025-12-04T17:28:19.438784+00:00
[2025-12-04T23:28:19.451+0600] {processor.py:179} INFO - Processing /Users/asminsadykova/Desktop/h&m/.venv/lib/python3.9/site-packages/airflow/example_dags/example_short_circuit_decorator.py took 0.161 seconds
[2025-12-04T23:29:43.499+0600] {processor.py:157} INFO - Started process (PID=39781) to work on /Users/asminsadykova/Desktop/h&m/.venv/lib/python3.9/site-packages/airflow/example_dags/example_short_circuit_decorator.py
[2025-12-04T23:29:43.499+0600] {processor.py:829} INFO - Processing file /Users/asminsadykova/Desktop/h&m/.venv/lib/python3.9/site-packages/airflow/example_dags/example_short_circuit_decorator.py for tasks to queue
[2025-12-04T23:29:43.500+0600] {logging_mixin.py:154} INFO - [2025-12-04T23:29:43.500+0600] {dagbag.py:536} INFO - Filling up the DagBag from /Users/asminsadykova/Desktop/h&m/.venv/lib/python3.9/site-packages/airflow/example_dags/example_short_circuit_decorator.py
[2025-12-04T23:29:43.523+0600] {processor.py:839} INFO - DAG(s) dict_keys(['example_short_circuit_decorator']) retrieved from /Users/asminsadykova/Desktop/h&m/.venv/lib/python3.9/site-packages/airflow/example_dags/example_short_circuit_decorator.py
[2025-12-04T23:29:43.594+0600] {logging_mixin.py:154} INFO - [2025-12-04T23:29:43.593+0600] {dag.py:2941} INFO - Sync 1 DAGs
[2025-12-04T23:29:43.600+0600] {logging_mixin.py:154} INFO - [2025-12-04T23:29:43.600+0600] {dag.py:3722} INFO - Setting next_dagrun for example_short_circuit_decorator to 2025-12-03T17:29:43.600184+00:00, run_after=2025-12-04T17:29:43.600184+00:00
[2025-12-04T23:29:43.608+0600] {processor.py:179} INFO - Processing /Users/asminsadykova/Desktop/h&m/.venv/lib/python3.9/site-packages/airflow/example_dags/example_short_circuit_decorator.py took 0.110 seconds
[2025-12-04T23:31:05.278+0600] {processor.py:157} INFO - Started process (PID=39848) to work on /Users/asminsadykova/Desktop/h&m/.venv/lib/python3.9/site-packages/airflow/example_dags/example_short_circuit_decorator.py
[2025-12-04T23:31:05.280+0600] {processor.py:829} INFO - Processing file /Users/asminsadykova/Desktop/h&m/.venv/lib/python3.9/site-packages/airflow/example_dags/example_short_circuit_decorator.py for tasks to queue
[2025-12-04T23:31:05.280+0600] {logging_mixin.py:154} INFO - [2025-12-04T23:31:05.280+0600] {dagbag.py:536} INFO - Filling up the DagBag from /Users/asminsadykova/Desktop/h&m/.venv/lib/python3.9/site-packages/airflow/example_dags/example_short_circuit_decorator.py
[2025-12-04T23:31:05.303+0600] {processor.py:839} INFO - DAG(s) dict_keys(['example_short_circuit_decorator']) retrieved from /Users/asminsadykova/Desktop/h&m/.venv/lib/python3.9/site-packages/airflow/example_dags/example_short_circuit_decorator.py
[2025-12-04T23:31:05.376+0600] {logging_mixin.py:154} INFO - [2025-12-04T23:31:05.375+0600] {dag.py:2941} INFO - Sync 1 DAGs
[2025-12-04T23:31:05.382+0600] {logging_mixin.py:154} INFO - [2025-12-04T23:31:05.382+0600] {dag.py:3722} INFO - Setting next_dagrun for example_short_circuit_decorator to 2025-12-03T17:31:05.382614+00:00, run_after=2025-12-04T17:31:05.382614+00:00
[2025-12-04T23:31:05.390+0600] {processor.py:179} INFO - Processing /Users/asminsadykova/Desktop/h&m/.venv/lib/python3.9/site-packages/airflow/example_dags/example_short_circuit_decorator.py took 0.112 seconds
[2025-12-04T23:32:33.253+0600] {processor.py:157} INFO - Started process (PID=40064) to work on /Users/asminsadykova/Desktop/h&m/.venv/lib/python3.9/site-packages/airflow/example_dags/example_short_circuit_decorator.py
[2025-12-04T23:32:33.255+0600] {processor.py:829} INFO - Processing file /Users/asminsadykova/Desktop/h&m/.venv/lib/python3.9/site-packages/airflow/example_dags/example_short_circuit_decorator.py for tasks to queue
[2025-12-04T23:32:33.255+0600] {logging_mixin.py:154} INFO - [2025-12-04T23:32:33.255+0600] {dagbag.py:536} INFO - Filling up the DagBag from /Users/asminsadykova/Desktop/h&m/.venv/lib/python3.9/site-packages/airflow/example_dags/example_short_circuit_decorator.py
[2025-12-04T23:32:33.278+0600] {processor.py:839} INFO - DAG(s) dict_keys(['example_short_circuit_decorator']) retrieved from /Users/asminsadykova/Desktop/h&m/.venv/lib/python3.9/site-packages/airflow/example_dags/example_short_circuit_decorator.py
[2025-12-04T23:32:33.346+0600] {logging_mixin.py:154} INFO - [2025-12-04T23:32:33.346+0600] {dag.py:2941} INFO - Sync 1 DAGs
[2025-12-04T23:32:33.353+0600] {logging_mixin.py:154} INFO - [2025-12-04T23:32:33.353+0600] {dag.py:3722} INFO - Setting next_dagrun for example_short_circuit_decorator to 2025-12-03T17:32:33.352983+00:00, run_after=2025-12-04T17:32:33.352983+00:00
[2025-12-04T23:32:33.360+0600] {processor.py:179} INFO - Processing /Users/asminsadykova/Desktop/h&m/.venv/lib/python3.9/site-packages/airflow/example_dags/example_short_circuit_decorator.py took 0.107 seconds
[2025-12-04T23:33:55.524+0600] {processor.py:157} INFO - Started process (PID=40144) to work on /Users/asminsadykova/Desktop/h&m/.venv/lib/python3.9/site-packages/airflow/example_dags/example_short_circuit_decorator.py
[2025-12-04T23:33:55.525+0600] {processor.py:829} INFO - Processing file /Users/asminsadykova/Desktop/h&m/.venv/lib/python3.9/site-packages/airflow/example_dags/example_short_circuit_decorator.py for tasks to queue
[2025-12-04T23:33:55.525+0600] {logging_mixin.py:154} INFO - [2025-12-04T23:33:55.525+0600] {dagbag.py:536} INFO - Filling up the DagBag from /Users/asminsadykova/Desktop/h&m/.venv/lib/python3.9/site-packages/airflow/example_dags/example_short_circuit_decorator.py
[2025-12-04T23:33:55.549+0600] {processor.py:839} INFO - DAG(s) dict_keys(['example_short_circuit_decorator']) retrieved from /Users/asminsadykova/Desktop/h&m/.venv/lib/python3.9/site-packages/airflow/example_dags/example_short_circuit_decorator.py
[2025-12-04T23:33:55.617+0600] {logging_mixin.py:154} INFO - [2025-12-04T23:33:55.616+0600] {dag.py:2941} INFO - Sync 1 DAGs
[2025-12-04T23:33:55.623+0600] {logging_mixin.py:154} INFO - [2025-12-04T23:33:55.623+0600] {dag.py:3722} INFO - Setting next_dagrun for example_short_circuit_decorator to 2025-12-03T17:33:55.623456+00:00, run_after=2025-12-04T17:33:55.623456+00:00
[2025-12-04T23:33:55.632+0600] {processor.py:179} INFO - Processing /Users/asminsadykova/Desktop/h&m/.venv/lib/python3.9/site-packages/airflow/example_dags/example_short_circuit_decorator.py took 0.108 seconds
[2025-12-04T23:35:29.461+0600] {processor.py:157} INFO - Started process (PID=40236) to work on /Users/asminsadykova/Desktop/h&m/.venv/lib/python3.9/site-packages/airflow/example_dags/example_short_circuit_decorator.py
[2025-12-04T23:35:29.462+0600] {processor.py:829} INFO - Processing file /Users/asminsadykova/Desktop/h&m/.venv/lib/python3.9/site-packages/airflow/example_dags/example_short_circuit_decorator.py for tasks to queue
[2025-12-04T23:35:29.462+0600] {logging_mixin.py:154} INFO - [2025-12-04T23:35:29.462+0600] {dagbag.py:536} INFO - Filling up the DagBag from /Users/asminsadykova/Desktop/h&m/.venv/lib/python3.9/site-packages/airflow/example_dags/example_short_circuit_decorator.py
[2025-12-04T23:35:29.485+0600] {processor.py:839} INFO - DAG(s) dict_keys(['example_short_circuit_decorator']) retrieved from /Users/asminsadykova/Desktop/h&m/.venv/lib/python3.9/site-packages/airflow/example_dags/example_short_circuit_decorator.py
[2025-12-04T23:35:29.553+0600] {logging_mixin.py:154} INFO - [2025-12-04T23:35:29.553+0600] {dag.py:2941} INFO - Sync 1 DAGs
[2025-12-04T23:35:29.560+0600] {logging_mixin.py:154} INFO - [2025-12-04T23:35:29.560+0600] {dag.py:3722} INFO - Setting next_dagrun for example_short_circuit_decorator to 2025-12-03T17:35:29.560233+00:00, run_after=2025-12-04T17:35:29.560233+00:00
[2025-12-04T23:35:29.567+0600] {processor.py:179} INFO - Processing /Users/asminsadykova/Desktop/h&m/.venv/lib/python3.9/site-packages/airflow/example_dags/example_short_circuit_decorator.py took 0.107 seconds
[2025-12-04T23:37:05.457+0600] {processor.py:157} INFO - Started process (PID=40317) to work on /Users/asminsadykova/Desktop/h&m/.venv/lib/python3.9/site-packages/airflow/example_dags/example_short_circuit_decorator.py
[2025-12-04T23:37:05.458+0600] {processor.py:829} INFO - Processing file /Users/asminsadykova/Desktop/h&m/.venv/lib/python3.9/site-packages/airflow/example_dags/example_short_circuit_decorator.py for tasks to queue
[2025-12-04T23:37:05.458+0600] {logging_mixin.py:154} INFO - [2025-12-04T23:37:05.458+0600] {dagbag.py:536} INFO - Filling up the DagBag from /Users/asminsadykova/Desktop/h&m/.venv/lib/python3.9/site-packages/airflow/example_dags/example_short_circuit_decorator.py
[2025-12-04T23:37:05.481+0600] {processor.py:839} INFO - DAG(s) dict_keys(['example_short_circuit_decorator']) retrieved from /Users/asminsadykova/Desktop/h&m/.venv/lib/python3.9/site-packages/airflow/example_dags/example_short_circuit_decorator.py
[2025-12-04T23:37:05.549+0600] {logging_mixin.py:154} INFO - [2025-12-04T23:37:05.549+0600] {dag.py:2941} INFO - Sync 1 DAGs
[2025-12-04T23:37:05.556+0600] {logging_mixin.py:154} INFO - [2025-12-04T23:37:05.556+0600] {dag.py:3722} INFO - Setting next_dagrun for example_short_circuit_decorator to 2025-12-03T17:37:05.556063+00:00, run_after=2025-12-04T17:37:05.556063+00:00
[2025-12-04T23:37:05.564+0600] {processor.py:179} INFO - Processing /Users/asminsadykova/Desktop/h&m/.venv/lib/python3.9/site-packages/airflow/example_dags/example_short_circuit_decorator.py took 0.107 seconds
[2025-12-04T23:38:38.426+0600] {processor.py:157} INFO - Started process (PID=40410) to work on /Users/asminsadykova/Desktop/h&m/.venv/lib/python3.9/site-packages/airflow/example_dags/example_short_circuit_decorator.py
[2025-12-04T23:38:38.428+0600] {processor.py:829} INFO - Processing file /Users/asminsadykova/Desktop/h&m/.venv/lib/python3.9/site-packages/airflow/example_dags/example_short_circuit_decorator.py for tasks to queue
[2025-12-04T23:38:38.429+0600] {logging_mixin.py:154} INFO - [2025-12-04T23:38:38.429+0600] {dagbag.py:536} INFO - Filling up the DagBag from /Users/asminsadykova/Desktop/h&m/.venv/lib/python3.9/site-packages/airflow/example_dags/example_short_circuit_decorator.py
[2025-12-04T23:38:38.456+0600] {processor.py:839} INFO - DAG(s) dict_keys(['example_short_circuit_decorator']) retrieved from /Users/asminsadykova/Desktop/h&m/.venv/lib/python3.9/site-packages/airflow/example_dags/example_short_circuit_decorator.py
[2025-12-04T23:38:38.537+0600] {logging_mixin.py:154} INFO - [2025-12-04T23:38:38.537+0600] {dag.py:2941} INFO - Sync 1 DAGs
[2025-12-04T23:38:38.547+0600] {logging_mixin.py:154} INFO - [2025-12-04T23:38:38.546+0600] {dag.py:3722} INFO - Setting next_dagrun for example_short_circuit_decorator to 2025-12-03T17:38:38.546900+00:00, run_after=2025-12-04T17:38:38.546900+00:00
[2025-12-04T23:38:38.556+0600] {processor.py:179} INFO - Processing /Users/asminsadykova/Desktop/h&m/.venv/lib/python3.9/site-packages/airflow/example_dags/example_short_circuit_decorator.py took 0.131 seconds
[2025-12-04T23:40:11.102+0600] {processor.py:157} INFO - Started process (PID=40495) to work on /Users/asminsadykova/Desktop/h&m/.venv/lib/python3.9/site-packages/airflow/example_dags/example_short_circuit_decorator.py
[2025-12-04T23:40:11.102+0600] {processor.py:829} INFO - Processing file /Users/asminsadykova/Desktop/h&m/.venv/lib/python3.9/site-packages/airflow/example_dags/example_short_circuit_decorator.py for tasks to queue
[2025-12-04T23:40:11.103+0600] {logging_mixin.py:154} INFO - [2025-12-04T23:40:11.102+0600] {dagbag.py:536} INFO - Filling up the DagBag from /Users/asminsadykova/Desktop/h&m/.venv/lib/python3.9/site-packages/airflow/example_dags/example_short_circuit_decorator.py
[2025-12-04T23:40:11.128+0600] {processor.py:839} INFO - DAG(s) dict_keys(['example_short_circuit_decorator']) retrieved from /Users/asminsadykova/Desktop/h&m/.venv/lib/python3.9/site-packages/airflow/example_dags/example_short_circuit_decorator.py
[2025-12-04T23:40:11.198+0600] {logging_mixin.py:154} INFO - [2025-12-04T23:40:11.198+0600] {dag.py:2941} INFO - Sync 1 DAGs
[2025-12-04T23:40:11.205+0600] {logging_mixin.py:154} INFO - [2025-12-04T23:40:11.205+0600] {dag.py:3722} INFO - Setting next_dagrun for example_short_circuit_decorator to 2025-12-03T17:40:11.205402+00:00, run_after=2025-12-04T17:40:11.205402+00:00
[2025-12-04T23:40:11.213+0600] {processor.py:179} INFO - Processing /Users/asminsadykova/Desktop/h&m/.venv/lib/python3.9/site-packages/airflow/example_dags/example_short_circuit_decorator.py took 0.112 seconds
[2025-12-04T23:41:46.548+0600] {processor.py:157} INFO - Started process (PID=40626) to work on /Users/asminsadykova/Desktop/h&m/.venv/lib/python3.9/site-packages/airflow/example_dags/example_short_circuit_decorator.py
[2025-12-04T23:41:46.550+0600] {processor.py:829} INFO - Processing file /Users/asminsadykova/Desktop/h&m/.venv/lib/python3.9/site-packages/airflow/example_dags/example_short_circuit_decorator.py for tasks to queue
[2025-12-04T23:41:46.550+0600] {logging_mixin.py:154} INFO - [2025-12-04T23:41:46.550+0600] {dagbag.py:536} INFO - Filling up the DagBag from /Users/asminsadykova/Desktop/h&m/.venv/lib/python3.9/site-packages/airflow/example_dags/example_short_circuit_decorator.py
[2025-12-04T23:41:46.573+0600] {processor.py:839} INFO - DAG(s) dict_keys(['example_short_circuit_decorator']) retrieved from /Users/asminsadykova/Desktop/h&m/.venv/lib/python3.9/site-packages/airflow/example_dags/example_short_circuit_decorator.py
[2025-12-04T23:41:46.642+0600] {logging_mixin.py:154} INFO - [2025-12-04T23:41:46.642+0600] {dag.py:2941} INFO - Sync 1 DAGs
[2025-12-04T23:41:46.649+0600] {logging_mixin.py:154} INFO - [2025-12-04T23:41:46.649+0600] {dag.py:3722} INFO - Setting next_dagrun for example_short_circuit_decorator to 2025-12-03T17:41:46.649402+00:00, run_after=2025-12-04T17:41:46.649402+00:00
[2025-12-04T23:41:46.657+0600] {processor.py:179} INFO - Processing /Users/asminsadykova/Desktop/h&m/.venv/lib/python3.9/site-packages/airflow/example_dags/example_short_circuit_decorator.py took 0.109 seconds
[2025-12-04T23:43:16.188+0600] {processor.py:157} INFO - Started process (PID=40745) to work on /Users/asminsadykova/Desktop/h&m/.venv/lib/python3.9/site-packages/airflow/example_dags/example_short_circuit_decorator.py
[2025-12-04T23:43:16.190+0600] {processor.py:829} INFO - Processing file /Users/asminsadykova/Desktop/h&m/.venv/lib/python3.9/site-packages/airflow/example_dags/example_short_circuit_decorator.py for tasks to queue
[2025-12-04T23:43:16.190+0600] {logging_mixin.py:154} INFO - [2025-12-04T23:43:16.190+0600] {dagbag.py:536} INFO - Filling up the DagBag from /Users/asminsadykova/Desktop/h&m/.venv/lib/python3.9/site-packages/airflow/example_dags/example_short_circuit_decorator.py
[2025-12-04T23:43:16.214+0600] {processor.py:839} INFO - DAG(s) dict_keys(['example_short_circuit_decorator']) retrieved from /Users/asminsadykova/Desktop/h&m/.venv/lib/python3.9/site-packages/airflow/example_dags/example_short_circuit_decorator.py
[2025-12-04T23:43:16.283+0600] {logging_mixin.py:154} INFO - [2025-12-04T23:43:16.283+0600] {dag.py:2941} INFO - Sync 1 DAGs
[2025-12-04T23:43:16.289+0600] {logging_mixin.py:154} INFO - [2025-12-04T23:43:16.289+0600] {dag.py:3722} INFO - Setting next_dagrun for example_short_circuit_decorator to 2025-12-03T17:43:16.289851+00:00, run_after=2025-12-04T17:43:16.289851+00:00
[2025-12-04T23:43:16.297+0600] {processor.py:179} INFO - Processing /Users/asminsadykova/Desktop/h&m/.venv/lib/python3.9/site-packages/airflow/example_dags/example_short_circuit_decorator.py took 0.109 seconds
[2025-12-04T23:44:52.924+0600] {processor.py:157} INFO - Started process (PID=41053) to work on /Users/asminsadykova/Desktop/h&m/.venv/lib/python3.9/site-packages/airflow/example_dags/example_short_circuit_decorator.py
[2025-12-04T23:44:52.925+0600] {processor.py:829} INFO - Processing file /Users/asminsadykova/Desktop/h&m/.venv/lib/python3.9/site-packages/airflow/example_dags/example_short_circuit_decorator.py for tasks to queue
[2025-12-04T23:44:52.926+0600] {logging_mixin.py:154} INFO - [2025-12-04T23:44:52.926+0600] {dagbag.py:536} INFO - Filling up the DagBag from /Users/asminsadykova/Desktop/h&m/.venv/lib/python3.9/site-packages/airflow/example_dags/example_short_circuit_decorator.py
[2025-12-04T23:44:52.952+0600] {processor.py:839} INFO - DAG(s) dict_keys(['example_short_circuit_decorator']) retrieved from /Users/asminsadykova/Desktop/h&m/.venv/lib/python3.9/site-packages/airflow/example_dags/example_short_circuit_decorator.py
[2025-12-04T23:44:53.022+0600] {logging_mixin.py:154} INFO - [2025-12-04T23:44:53.021+0600] {dag.py:2941} INFO - Sync 1 DAGs
[2025-12-04T23:44:53.028+0600] {logging_mixin.py:154} INFO - [2025-12-04T23:44:53.028+0600] {dag.py:3722} INFO - Setting next_dagrun for example_short_circuit_decorator to 2025-12-03T17:44:53.028575+00:00, run_after=2025-12-04T17:44:53.028575+00:00
[2025-12-04T23:44:53.037+0600] {processor.py:179} INFO - Processing /Users/asminsadykova/Desktop/h&m/.venv/lib/python3.9/site-packages/airflow/example_dags/example_short_circuit_decorator.py took 0.115 seconds
[2025-12-04T23:46:29.208+0600] {processor.py:157} INFO - Started process (PID=41371) to work on /Users/asminsadykova/Desktop/h&m/.venv/lib/python3.9/site-packages/airflow/example_dags/example_short_circuit_decorator.py
[2025-12-04T23:46:29.210+0600] {processor.py:829} INFO - Processing file /Users/asminsadykova/Desktop/h&m/.venv/lib/python3.9/site-packages/airflow/example_dags/example_short_circuit_decorator.py for tasks to queue
[2025-12-04T23:46:29.210+0600] {logging_mixin.py:154} INFO - [2025-12-04T23:46:29.210+0600] {dagbag.py:536} INFO - Filling up the DagBag from /Users/asminsadykova/Desktop/h&m/.venv/lib/python3.9/site-packages/airflow/example_dags/example_short_circuit_decorator.py
[2025-12-04T23:46:29.233+0600] {processor.py:839} INFO - DAG(s) dict_keys(['example_short_circuit_decorator']) retrieved from /Users/asminsadykova/Desktop/h&m/.venv/lib/python3.9/site-packages/airflow/example_dags/example_short_circuit_decorator.py
[2025-12-04T23:46:29.302+0600] {logging_mixin.py:154} INFO - [2025-12-04T23:46:29.302+0600] {dag.py:2941} INFO - Sync 1 DAGs
[2025-12-04T23:46:29.309+0600] {logging_mixin.py:154} INFO - [2025-12-04T23:46:29.309+0600] {dag.py:3722} INFO - Setting next_dagrun for example_short_circuit_decorator to 2025-12-03T17:46:29.309300+00:00, run_after=2025-12-04T17:46:29.309300+00:00
[2025-12-04T23:46:29.317+0600] {processor.py:179} INFO - Processing /Users/asminsadykova/Desktop/h&m/.venv/lib/python3.9/site-packages/airflow/example_dags/example_short_circuit_decorator.py took 0.109 seconds
[2025-12-04T23:47:56.505+0600] {processor.py:157} INFO - Started process (PID=41609) to work on /Users/asminsadykova/Desktop/h&m/.venv/lib/python3.9/site-packages/airflow/example_dags/example_short_circuit_decorator.py
[2025-12-04T23:47:56.505+0600] {processor.py:829} INFO - Processing file /Users/asminsadykova/Desktop/h&m/.venv/lib/python3.9/site-packages/airflow/example_dags/example_short_circuit_decorator.py for tasks to queue
[2025-12-04T23:47:56.506+0600] {logging_mixin.py:154} INFO - [2025-12-04T23:47:56.506+0600] {dagbag.py:536} INFO - Filling up the DagBag from /Users/asminsadykova/Desktop/h&m/.venv/lib/python3.9/site-packages/airflow/example_dags/example_short_circuit_decorator.py
[2025-12-04T23:47:56.529+0600] {processor.py:839} INFO - DAG(s) dict_keys(['example_short_circuit_decorator']) retrieved from /Users/asminsadykova/Desktop/h&m/.venv/lib/python3.9/site-packages/airflow/example_dags/example_short_circuit_decorator.py
[2025-12-04T23:47:56.598+0600] {logging_mixin.py:154} INFO - [2025-12-04T23:47:56.598+0600] {dag.py:2941} INFO - Sync 1 DAGs
[2025-12-04T23:47:56.605+0600] {logging_mixin.py:154} INFO - [2025-12-04T23:47:56.604+0600] {dag.py:3722} INFO - Setting next_dagrun for example_short_circuit_decorator to 2025-12-03T17:47:56.604904+00:00, run_after=2025-12-04T17:47:56.604904+00:00
[2025-12-04T23:47:56.612+0600] {processor.py:179} INFO - Processing /Users/asminsadykova/Desktop/h&m/.venv/lib/python3.9/site-packages/airflow/example_dags/example_short_circuit_decorator.py took 0.108 seconds
[2025-12-04T23:49:24.862+0600] {processor.py:157} INFO - Started process (PID=41711) to work on /Users/asminsadykova/Desktop/h&m/.venv/lib/python3.9/site-packages/airflow/example_dags/example_short_circuit_decorator.py
[2025-12-04T23:49:24.863+0600] {processor.py:829} INFO - Processing file /Users/asminsadykova/Desktop/h&m/.venv/lib/python3.9/site-packages/airflow/example_dags/example_short_circuit_decorator.py for tasks to queue
[2025-12-04T23:49:24.863+0600] {logging_mixin.py:154} INFO - [2025-12-04T23:49:24.863+0600] {dagbag.py:536} INFO - Filling up the DagBag from /Users/asminsadykova/Desktop/h&m/.venv/lib/python3.9/site-packages/airflow/example_dags/example_short_circuit_decorator.py
[2025-12-04T23:49:24.889+0600] {processor.py:839} INFO - DAG(s) dict_keys(['example_short_circuit_decorator']) retrieved from /Users/asminsadykova/Desktop/h&m/.venv/lib/python3.9/site-packages/airflow/example_dags/example_short_circuit_decorator.py
[2025-12-04T23:49:24.970+0600] {logging_mixin.py:154} INFO - [2025-12-04T23:49:24.970+0600] {dag.py:2941} INFO - Sync 1 DAGs
[2025-12-04T23:49:24.977+0600] {logging_mixin.py:154} INFO - [2025-12-04T23:49:24.977+0600] {dag.py:3722} INFO - Setting next_dagrun for example_short_circuit_decorator to 2025-12-03T17:49:24.977645+00:00, run_after=2025-12-04T17:49:24.977645+00:00
[2025-12-04T23:49:24.986+0600] {processor.py:179} INFO - Processing /Users/asminsadykova/Desktop/h&m/.venv/lib/python3.9/site-packages/airflow/example_dags/example_short_circuit_decorator.py took 0.125 seconds
[2025-12-04T23:51:05.693+0600] {processor.py:157} INFO - Started process (PID=41835) to work on /Users/asminsadykova/Desktop/h&m/.venv/lib/python3.9/site-packages/airflow/example_dags/example_short_circuit_decorator.py
[2025-12-04T23:51:05.694+0600] {processor.py:829} INFO - Processing file /Users/asminsadykova/Desktop/h&m/.venv/lib/python3.9/site-packages/airflow/example_dags/example_short_circuit_decorator.py for tasks to queue
[2025-12-04T23:51:05.694+0600] {logging_mixin.py:154} INFO - [2025-12-04T23:51:05.694+0600] {dagbag.py:536} INFO - Filling up the DagBag from /Users/asminsadykova/Desktop/h&m/.venv/lib/python3.9/site-packages/airflow/example_dags/example_short_circuit_decorator.py
[2025-12-04T23:51:05.717+0600] {processor.py:839} INFO - DAG(s) dict_keys(['example_short_circuit_decorator']) retrieved from /Users/asminsadykova/Desktop/h&m/.venv/lib/python3.9/site-packages/airflow/example_dags/example_short_circuit_decorator.py
[2025-12-04T23:51:05.785+0600] {logging_mixin.py:154} INFO - [2025-12-04T23:51:05.785+0600] {dag.py:2941} INFO - Sync 1 DAGs
[2025-12-04T23:51:05.793+0600] {logging_mixin.py:154} INFO - [2025-12-04T23:51:05.793+0600] {dag.py:3722} INFO - Setting next_dagrun for example_short_circuit_decorator to 2025-12-03T17:51:05.793053+00:00, run_after=2025-12-04T17:51:05.793053+00:00
[2025-12-04T23:51:05.800+0600] {processor.py:179} INFO - Processing /Users/asminsadykova/Desktop/h&m/.venv/lib/python3.9/site-packages/airflow/example_dags/example_short_circuit_decorator.py took 0.107 seconds
[2025-12-04T23:52:38.828+0600] {processor.py:157} INFO - Started process (PID=42072) to work on /Users/asminsadykova/Desktop/h&m/.venv/lib/python3.9/site-packages/airflow/example_dags/example_short_circuit_decorator.py
[2025-12-04T23:52:38.829+0600] {processor.py:829} INFO - Processing file /Users/asminsadykova/Desktop/h&m/.venv/lib/python3.9/site-packages/airflow/example_dags/example_short_circuit_decorator.py for tasks to queue
[2025-12-04T23:52:38.829+0600] {logging_mixin.py:154} INFO - [2025-12-04T23:52:38.829+0600] {dagbag.py:536} INFO - Filling up the DagBag from /Users/asminsadykova/Desktop/h&m/.venv/lib/python3.9/site-packages/airflow/example_dags/example_short_circuit_decorator.py
[2025-12-04T23:52:38.854+0600] {processor.py:839} INFO - DAG(s) dict_keys(['example_short_circuit_decorator']) retrieved from /Users/asminsadykova/Desktop/h&m/.venv/lib/python3.9/site-packages/airflow/example_dags/example_short_circuit_decorator.py
[2025-12-04T23:52:38.932+0600] {logging_mixin.py:154} INFO - [2025-12-04T23:52:38.931+0600] {dag.py:2941} INFO - Sync 1 DAGs
[2025-12-04T23:52:38.939+0600] {logging_mixin.py:154} INFO - [2025-12-04T23:52:38.939+0600] {dag.py:3722} INFO - Setting next_dagrun for example_short_circuit_decorator to 2025-12-03T17:52:38.939154+00:00, run_after=2025-12-04T17:52:38.939154+00:00
[2025-12-04T23:52:38.949+0600] {processor.py:179} INFO - Processing /Users/asminsadykova/Desktop/h&m/.venv/lib/python3.9/site-packages/airflow/example_dags/example_short_circuit_decorator.py took 0.123 seconds
[2025-12-04T23:54:14.031+0600] {processor.py:157} INFO - Started process (PID=42170) to work on /Users/asminsadykova/Desktop/h&m/.venv/lib/python3.9/site-packages/airflow/example_dags/example_short_circuit_decorator.py
[2025-12-04T23:54:14.032+0600] {processor.py:829} INFO - Processing file /Users/asminsadykova/Desktop/h&m/.venv/lib/python3.9/site-packages/airflow/example_dags/example_short_circuit_decorator.py for tasks to queue
[2025-12-04T23:54:14.032+0600] {logging_mixin.py:154} INFO - [2025-12-04T23:54:14.032+0600] {dagbag.py:536} INFO - Filling up the DagBag from /Users/asminsadykova/Desktop/h&m/.venv/lib/python3.9/site-packages/airflow/example_dags/example_short_circuit_decorator.py
[2025-12-04T23:54:14.057+0600] {processor.py:839} INFO - DAG(s) dict_keys(['example_short_circuit_decorator']) retrieved from /Users/asminsadykova/Desktop/h&m/.venv/lib/python3.9/site-packages/airflow/example_dags/example_short_circuit_decorator.py
[2025-12-04T23:54:14.128+0600] {logging_mixin.py:154} INFO - [2025-12-04T23:54:14.128+0600] {dag.py:2941} INFO - Sync 1 DAGs
[2025-12-04T23:54:14.135+0600] {logging_mixin.py:154} INFO - [2025-12-04T23:54:14.135+0600] {dag.py:3722} INFO - Setting next_dagrun for example_short_circuit_decorator to 2025-12-03T17:54:14.135704+00:00, run_after=2025-12-04T17:54:14.135704+00:00
[2025-12-04T23:54:14.144+0600] {processor.py:179} INFO - Processing /Users/asminsadykova/Desktop/h&m/.venv/lib/python3.9/site-packages/airflow/example_dags/example_short_circuit_decorator.py took 0.114 seconds
[2025-12-04T23:55:40.509+0600] {processor.py:157} INFO - Started process (PID=42249) to work on /Users/asminsadykova/Desktop/h&m/.venv/lib/python3.9/site-packages/airflow/example_dags/example_short_circuit_decorator.py
[2025-12-04T23:55:40.509+0600] {processor.py:829} INFO - Processing file /Users/asminsadykova/Desktop/h&m/.venv/lib/python3.9/site-packages/airflow/example_dags/example_short_circuit_decorator.py for tasks to queue
[2025-12-04T23:55:40.510+0600] {logging_mixin.py:154} INFO - [2025-12-04T23:55:40.510+0600] {dagbag.py:536} INFO - Filling up the DagBag from /Users/asminsadykova/Desktop/h&m/.venv/lib/python3.9/site-packages/airflow/example_dags/example_short_circuit_decorator.py
[2025-12-04T23:55:40.533+0600] {processor.py:839} INFO - DAG(s) dict_keys(['example_short_circuit_decorator']) retrieved from /Users/asminsadykova/Desktop/h&m/.venv/lib/python3.9/site-packages/airflow/example_dags/example_short_circuit_decorator.py
[2025-12-04T23:55:40.602+0600] {logging_mixin.py:154} INFO - [2025-12-04T23:55:40.602+0600] {dag.py:2941} INFO - Sync 1 DAGs
[2025-12-04T23:55:40.609+0600] {logging_mixin.py:154} INFO - [2025-12-04T23:55:40.609+0600] {dag.py:3722} INFO - Setting next_dagrun for example_short_circuit_decorator to 2025-12-03T17:55:40.609691+00:00, run_after=2025-12-04T17:55:40.609691+00:00
[2025-12-04T23:55:40.617+0600] {processor.py:179} INFO - Processing /Users/asminsadykova/Desktop/h&m/.venv/lib/python3.9/site-packages/airflow/example_dags/example_short_circuit_decorator.py took 0.109 seconds
[2025-12-04T23:57:12.050+0600] {processor.py:157} INFO - Started process (PID=42321) to work on /Users/asminsadykova/Desktop/h&m/.venv/lib/python3.9/site-packages/airflow/example_dags/example_short_circuit_decorator.py
[2025-12-04T23:57:12.051+0600] {processor.py:829} INFO - Processing file /Users/asminsadykova/Desktop/h&m/.venv/lib/python3.9/site-packages/airflow/example_dags/example_short_circuit_decorator.py for tasks to queue
[2025-12-04T23:57:12.052+0600] {logging_mixin.py:154} INFO - [2025-12-04T23:57:12.052+0600] {dagbag.py:536} INFO - Filling up the DagBag from /Users/asminsadykova/Desktop/h&m/.venv/lib/python3.9/site-packages/airflow/example_dags/example_short_circuit_decorator.py
[2025-12-04T23:57:12.077+0600] {processor.py:839} INFO - DAG(s) dict_keys(['example_short_circuit_decorator']) retrieved from /Users/asminsadykova/Desktop/h&m/.venv/lib/python3.9/site-packages/airflow/example_dags/example_short_circuit_decorator.py
[2025-12-04T23:57:12.153+0600] {logging_mixin.py:154} INFO - [2025-12-04T23:57:12.153+0600] {dag.py:2941} INFO - Sync 1 DAGs
[2025-12-04T23:57:12.160+0600] {logging_mixin.py:154} INFO - [2025-12-04T23:57:12.160+0600] {dag.py:3722} INFO - Setting next_dagrun for example_short_circuit_decorator to 2025-12-03T17:57:12.160703+00:00, run_after=2025-12-04T17:57:12.160703+00:00
[2025-12-04T23:57:12.170+0600] {processor.py:179} INFO - Processing /Users/asminsadykova/Desktop/h&m/.venv/lib/python3.9/site-packages/airflow/example_dags/example_short_circuit_decorator.py took 0.121 seconds
[2025-12-04T23:58:36.761+0600] {processor.py:157} INFO - Started process (PID=42404) to work on /Users/asminsadykova/Desktop/h&m/.venv/lib/python3.9/site-packages/airflow/example_dags/example_short_circuit_decorator.py
[2025-12-04T23:58:36.762+0600] {processor.py:829} INFO - Processing file /Users/asminsadykova/Desktop/h&m/.venv/lib/python3.9/site-packages/airflow/example_dags/example_short_circuit_decorator.py for tasks to queue
[2025-12-04T23:58:36.763+0600] {logging_mixin.py:154} INFO - [2025-12-04T23:58:36.762+0600] {dagbag.py:536} INFO - Filling up the DagBag from /Users/asminsadykova/Desktop/h&m/.venv/lib/python3.9/site-packages/airflow/example_dags/example_short_circuit_decorator.py
[2025-12-04T23:58:36.786+0600] {processor.py:839} INFO - DAG(s) dict_keys(['example_short_circuit_decorator']) retrieved from /Users/asminsadykova/Desktop/h&m/.venv/lib/python3.9/site-packages/airflow/example_dags/example_short_circuit_decorator.py
[2025-12-04T23:58:36.855+0600] {logging_mixin.py:154} INFO - [2025-12-04T23:58:36.855+0600] {dag.py:2941} INFO - Sync 1 DAGs
[2025-12-04T23:58:36.862+0600] {logging_mixin.py:154} INFO - [2025-12-04T23:58:36.862+0600] {dag.py:3722} INFO - Setting next_dagrun for example_short_circuit_decorator to 2025-12-03T17:58:36.862629+00:00, run_after=2025-12-04T17:58:36.862629+00:00
[2025-12-04T23:58:36.870+0600] {processor.py:179} INFO - Processing /Users/asminsadykova/Desktop/h&m/.venv/lib/python3.9/site-packages/airflow/example_dags/example_short_circuit_decorator.py took 0.110 seconds
[2025-12-05T00:00:07.801+0600] {processor.py:157} INFO - Started process (PID=42656) to work on /Users/asminsadykova/Desktop/h&m/.venv/lib/python3.9/site-packages/airflow/example_dags/example_short_circuit_decorator.py
[2025-12-05T00:00:07.802+0600] {processor.py:829} INFO - Processing file /Users/asminsadykova/Desktop/h&m/.venv/lib/python3.9/site-packages/airflow/example_dags/example_short_circuit_decorator.py for tasks to queue
[2025-12-05T00:00:07.803+0600] {logging_mixin.py:154} INFO - [2025-12-05T00:00:07.803+0600] {dagbag.py:536} INFO - Filling up the DagBag from /Users/asminsadykova/Desktop/h&m/.venv/lib/python3.9/site-packages/airflow/example_dags/example_short_circuit_decorator.py
[2025-12-05T00:00:07.826+0600] {processor.py:839} INFO - DAG(s) dict_keys(['example_short_circuit_decorator']) retrieved from /Users/asminsadykova/Desktop/h&m/.venv/lib/python3.9/site-packages/airflow/example_dags/example_short_circuit_decorator.py
[2025-12-05T00:00:07.898+0600] {logging_mixin.py:154} INFO - [2025-12-05T00:00:07.898+0600] {dag.py:2941} INFO - Sync 1 DAGs
[2025-12-05T00:00:07.906+0600] {logging_mixin.py:154} INFO - [2025-12-05T00:00:07.905+0600] {dag.py:3722} INFO - Setting next_dagrun for example_short_circuit_decorator to 2025-12-03T18:00:07.905911+00:00, run_after=2025-12-04T18:00:07.905911+00:00
[2025-12-05T00:00:07.913+0600] {processor.py:179} INFO - Processing /Users/asminsadykova/Desktop/h&m/.venv/lib/python3.9/site-packages/airflow/example_dags/example_short_circuit_decorator.py took 0.113 seconds
[2025-12-05T00:01:42.780+0600] {processor.py:157} INFO - Started process (PID=42887) to work on /Users/asminsadykova/Desktop/h&m/.venv/lib/python3.9/site-packages/airflow/example_dags/example_short_circuit_decorator.py
[2025-12-05T00:01:42.782+0600] {processor.py:829} INFO - Processing file /Users/asminsadykova/Desktop/h&m/.venv/lib/python3.9/site-packages/airflow/example_dags/example_short_circuit_decorator.py for tasks to queue
[2025-12-05T00:01:42.783+0600] {logging_mixin.py:154} INFO - [2025-12-05T00:01:42.783+0600] {dagbag.py:536} INFO - Filling up the DagBag from /Users/asminsadykova/Desktop/h&m/.venv/lib/python3.9/site-packages/airflow/example_dags/example_short_circuit_decorator.py
[2025-12-05T00:01:42.808+0600] {processor.py:839} INFO - DAG(s) dict_keys(['example_short_circuit_decorator']) retrieved from /Users/asminsadykova/Desktop/h&m/.venv/lib/python3.9/site-packages/airflow/example_dags/example_short_circuit_decorator.py
[2025-12-05T00:01:42.885+0600] {logging_mixin.py:154} INFO - [2025-12-05T00:01:42.885+0600] {dag.py:2941} INFO - Sync 1 DAGs
[2025-12-05T00:01:42.893+0600] {logging_mixin.py:154} INFO - [2025-12-05T00:01:42.893+0600] {dag.py:3722} INFO - Setting next_dagrun for example_short_circuit_decorator to 2025-12-03T18:01:42.893272+00:00, run_after=2025-12-04T18:01:42.893272+00:00
[2025-12-05T00:01:42.903+0600] {processor.py:179} INFO - Processing /Users/asminsadykova/Desktop/h&m/.venv/lib/python3.9/site-packages/airflow/example_dags/example_short_circuit_decorator.py took 0.124 seconds
[2025-12-05T00:03:16.920+0600] {processor.py:157} INFO - Started process (PID=42960) to work on /Users/asminsadykova/Desktop/h&m/.venv/lib/python3.9/site-packages/airflow/example_dags/example_short_circuit_decorator.py
[2025-12-05T00:03:16.921+0600] {processor.py:829} INFO - Processing file /Users/asminsadykova/Desktop/h&m/.venv/lib/python3.9/site-packages/airflow/example_dags/example_short_circuit_decorator.py for tasks to queue
[2025-12-05T00:03:16.921+0600] {logging_mixin.py:154} INFO - [2025-12-05T00:03:16.921+0600] {dagbag.py:536} INFO - Filling up the DagBag from /Users/asminsadykova/Desktop/h&m/.venv/lib/python3.9/site-packages/airflow/example_dags/example_short_circuit_decorator.py
[2025-12-05T00:03:16.946+0600] {processor.py:839} INFO - DAG(s) dict_keys(['example_short_circuit_decorator']) retrieved from /Users/asminsadykova/Desktop/h&m/.venv/lib/python3.9/site-packages/airflow/example_dags/example_short_circuit_decorator.py
[2025-12-05T00:03:17.015+0600] {logging_mixin.py:154} INFO - [2025-12-05T00:03:17.015+0600] {dag.py:2941} INFO - Sync 1 DAGs
[2025-12-05T00:03:17.022+0600] {logging_mixin.py:154} INFO - [2025-12-05T00:03:17.021+0600] {dag.py:3722} INFO - Setting next_dagrun for example_short_circuit_decorator to 2025-12-03T18:03:17.021904+00:00, run_after=2025-12-04T18:03:17.021904+00:00
[2025-12-05T00:03:17.030+0600] {processor.py:179} INFO - Processing /Users/asminsadykova/Desktop/h&m/.venv/lib/python3.9/site-packages/airflow/example_dags/example_short_circuit_decorator.py took 0.111 seconds
[2025-12-05T00:04:47.971+0600] {processor.py:157} INFO - Started process (PID=43180) to work on /Users/asminsadykova/Desktop/h&m/.venv/lib/python3.9/site-packages/airflow/example_dags/example_short_circuit_decorator.py
[2025-12-05T00:04:47.974+0600] {processor.py:829} INFO - Processing file /Users/asminsadykova/Desktop/h&m/.venv/lib/python3.9/site-packages/airflow/example_dags/example_short_circuit_decorator.py for tasks to queue
[2025-12-05T00:04:47.975+0600] {logging_mixin.py:154} INFO - [2025-12-05T00:04:47.975+0600] {dagbag.py:536} INFO - Filling up the DagBag from /Users/asminsadykova/Desktop/h&m/.venv/lib/python3.9/site-packages/airflow/example_dags/example_short_circuit_decorator.py
[2025-12-05T00:04:48.004+0600] {processor.py:839} INFO - DAG(s) dict_keys(['example_short_circuit_decorator']) retrieved from /Users/asminsadykova/Desktop/h&m/.venv/lib/python3.9/site-packages/airflow/example_dags/example_short_circuit_decorator.py
[2025-12-05T00:04:48.081+0600] {logging_mixin.py:154} INFO - [2025-12-05T00:04:48.081+0600] {dag.py:2941} INFO - Sync 1 DAGs
[2025-12-05T00:04:48.088+0600] {logging_mixin.py:154} INFO - [2025-12-05T00:04:48.088+0600] {dag.py:3722} INFO - Setting next_dagrun for example_short_circuit_decorator to 2025-12-03T18:04:48.088282+00:00, run_after=2025-12-04T18:04:48.088282+00:00
[2025-12-05T00:04:48.096+0600] {processor.py:179} INFO - Processing /Users/asminsadykova/Desktop/h&m/.venv/lib/python3.9/site-packages/airflow/example_dags/example_short_circuit_decorator.py took 0.126 seconds
[2025-12-05T00:06:22.195+0600] {processor.py:157} INFO - Started process (PID=43357) to work on /Users/asminsadykova/Desktop/h&m/.venv/lib/python3.9/site-packages/airflow/example_dags/example_short_circuit_decorator.py
[2025-12-05T00:06:22.195+0600] {processor.py:829} INFO - Processing file /Users/asminsadykova/Desktop/h&m/.venv/lib/python3.9/site-packages/airflow/example_dags/example_short_circuit_decorator.py for tasks to queue
[2025-12-05T00:06:22.196+0600] {logging_mixin.py:154} INFO - [2025-12-05T00:06:22.196+0600] {dagbag.py:536} INFO - Filling up the DagBag from /Users/asminsadykova/Desktop/h&m/.venv/lib/python3.9/site-packages/airflow/example_dags/example_short_circuit_decorator.py
[2025-12-05T00:06:22.220+0600] {processor.py:839} INFO - DAG(s) dict_keys(['example_short_circuit_decorator']) retrieved from /Users/asminsadykova/Desktop/h&m/.venv/lib/python3.9/site-packages/airflow/example_dags/example_short_circuit_decorator.py
[2025-12-05T00:06:22.289+0600] {logging_mixin.py:154} INFO - [2025-12-05T00:06:22.289+0600] {dag.py:2941} INFO - Sync 1 DAGs
[2025-12-05T00:06:22.296+0600] {logging_mixin.py:154} INFO - [2025-12-05T00:06:22.296+0600] {dag.py:3722} INFO - Setting next_dagrun for example_short_circuit_decorator to 2025-12-03T18:06:22.296562+00:00, run_after=2025-12-04T18:06:22.296562+00:00
[2025-12-05T00:06:22.305+0600] {processor.py:179} INFO - Processing /Users/asminsadykova/Desktop/h&m/.venv/lib/python3.9/site-packages/airflow/example_dags/example_short_circuit_decorator.py took 0.111 seconds
[2025-12-05T00:07:46.027+0600] {processor.py:157} INFO - Started process (PID=43503) to work on /Users/asminsadykova/Desktop/h&m/.venv/lib/python3.9/site-packages/airflow/example_dags/example_short_circuit_decorator.py
[2025-12-05T00:07:46.028+0600] {processor.py:829} INFO - Processing file /Users/asminsadykova/Desktop/h&m/.venv/lib/python3.9/site-packages/airflow/example_dags/example_short_circuit_decorator.py for tasks to queue
[2025-12-05T00:07:46.028+0600] {logging_mixin.py:154} INFO - [2025-12-05T00:07:46.028+0600] {dagbag.py:536} INFO - Filling up the DagBag from /Users/asminsadykova/Desktop/h&m/.venv/lib/python3.9/site-packages/airflow/example_dags/example_short_circuit_decorator.py
[2025-12-05T00:07:46.054+0600] {processor.py:839} INFO - DAG(s) dict_keys(['example_short_circuit_decorator']) retrieved from /Users/asminsadykova/Desktop/h&m/.venv/lib/python3.9/site-packages/airflow/example_dags/example_short_circuit_decorator.py
[2025-12-05T00:07:46.125+0600] {logging_mixin.py:154} INFO - [2025-12-05T00:07:46.125+0600] {dag.py:2941} INFO - Sync 1 DAGs
[2025-12-05T00:07:46.132+0600] {logging_mixin.py:154} INFO - [2025-12-05T00:07:46.132+0600] {dag.py:3722} INFO - Setting next_dagrun for example_short_circuit_decorator to 2025-12-03T18:07:46.132315+00:00, run_after=2025-12-04T18:07:46.132315+00:00
[2025-12-05T00:07:46.140+0600] {processor.py:179} INFO - Processing /Users/asminsadykova/Desktop/h&m/.venv/lib/python3.9/site-packages/airflow/example_dags/example_short_circuit_decorator.py took 0.113 seconds
[2025-12-05T00:09:18.110+0600] {processor.py:157} INFO - Started process (PID=43650) to work on /Users/asminsadykova/Desktop/h&m/.venv/lib/python3.9/site-packages/airflow/example_dags/example_short_circuit_decorator.py
[2025-12-05T00:09:18.112+0600] {processor.py:829} INFO - Processing file /Users/asminsadykova/Desktop/h&m/.venv/lib/python3.9/site-packages/airflow/example_dags/example_short_circuit_decorator.py for tasks to queue
[2025-12-05T00:09:18.112+0600] {logging_mixin.py:154} INFO - [2025-12-05T00:09:18.112+0600] {dagbag.py:536} INFO - Filling up the DagBag from /Users/asminsadykova/Desktop/h&m/.venv/lib/python3.9/site-packages/airflow/example_dags/example_short_circuit_decorator.py
[2025-12-05T00:09:18.136+0600] {processor.py:839} INFO - DAG(s) dict_keys(['example_short_circuit_decorator']) retrieved from /Users/asminsadykova/Desktop/h&m/.venv/lib/python3.9/site-packages/airflow/example_dags/example_short_circuit_decorator.py
[2025-12-05T00:09:18.209+0600] {logging_mixin.py:154} INFO - [2025-12-05T00:09:18.209+0600] {dag.py:2941} INFO - Sync 1 DAGs
[2025-12-05T00:09:18.216+0600] {logging_mixin.py:154} INFO - [2025-12-05T00:09:18.216+0600] {dag.py:3722} INFO - Setting next_dagrun for example_short_circuit_decorator to 2025-12-03T18:09:18.216462+00:00, run_after=2025-12-04T18:09:18.216462+00:00
[2025-12-05T00:09:18.224+0600] {processor.py:179} INFO - Processing /Users/asminsadykova/Desktop/h&m/.venv/lib/python3.9/site-packages/airflow/example_dags/example_short_circuit_decorator.py took 0.115 seconds
[2025-12-05T00:10:54.970+0600] {processor.py:157} INFO - Started process (PID=43817) to work on /Users/asminsadykova/Desktop/h&m/.venv/lib/python3.9/site-packages/airflow/example_dags/example_short_circuit_decorator.py
[2025-12-05T00:10:54.972+0600] {processor.py:829} INFO - Processing file /Users/asminsadykova/Desktop/h&m/.venv/lib/python3.9/site-packages/airflow/example_dags/example_short_circuit_decorator.py for tasks to queue
[2025-12-05T00:10:54.972+0600] {logging_mixin.py:154} INFO - [2025-12-05T00:10:54.972+0600] {dagbag.py:536} INFO - Filling up the DagBag from /Users/asminsadykova/Desktop/h&m/.venv/lib/python3.9/site-packages/airflow/example_dags/example_short_circuit_decorator.py
[2025-12-05T00:10:54.996+0600] {processor.py:839} INFO - DAG(s) dict_keys(['example_short_circuit_decorator']) retrieved from /Users/asminsadykova/Desktop/h&m/.venv/lib/python3.9/site-packages/airflow/example_dags/example_short_circuit_decorator.py
[2025-12-05T00:10:55.067+0600] {logging_mixin.py:154} INFO - [2025-12-05T00:10:55.067+0600] {dag.py:2941} INFO - Sync 1 DAGs
[2025-12-05T00:10:55.074+0600] {logging_mixin.py:154} INFO - [2025-12-05T00:10:55.074+0600] {dag.py:3722} INFO - Setting next_dagrun for example_short_circuit_decorator to 2025-12-03T18:10:55.074065+00:00, run_after=2025-12-04T18:10:55.074065+00:00
[2025-12-05T00:10:55.082+0600] {processor.py:179} INFO - Processing /Users/asminsadykova/Desktop/h&m/.venv/lib/python3.9/site-packages/airflow/example_dags/example_short_circuit_decorator.py took 0.112 seconds
[2025-12-05T00:12:25.292+0600] {processor.py:157} INFO - Started process (PID=43980) to work on /Users/asminsadykova/Desktop/h&m/.venv/lib/python3.9/site-packages/airflow/example_dags/example_short_circuit_decorator.py
[2025-12-05T00:12:25.293+0600] {processor.py:829} INFO - Processing file /Users/asminsadykova/Desktop/h&m/.venv/lib/python3.9/site-packages/airflow/example_dags/example_short_circuit_decorator.py for tasks to queue
[2025-12-05T00:12:25.293+0600] {logging_mixin.py:154} INFO - [2025-12-05T00:12:25.293+0600] {dagbag.py:536} INFO - Filling up the DagBag from /Users/asminsadykova/Desktop/h&m/.venv/lib/python3.9/site-packages/airflow/example_dags/example_short_circuit_decorator.py
[2025-12-05T00:12:25.317+0600] {processor.py:839} INFO - DAG(s) dict_keys(['example_short_circuit_decorator']) retrieved from /Users/asminsadykova/Desktop/h&m/.venv/lib/python3.9/site-packages/airflow/example_dags/example_short_circuit_decorator.py
[2025-12-05T00:12:25.386+0600] {logging_mixin.py:154} INFO - [2025-12-05T00:12:25.386+0600] {dag.py:2941} INFO - Sync 1 DAGs
[2025-12-05T00:12:25.392+0600] {logging_mixin.py:154} INFO - [2025-12-05T00:12:25.392+0600] {dag.py:3722} INFO - Setting next_dagrun for example_short_circuit_decorator to 2025-12-03T18:12:25.392719+00:00, run_after=2025-12-04T18:12:25.392719+00:00
[2025-12-05T00:12:25.401+0600] {processor.py:179} INFO - Processing /Users/asminsadykova/Desktop/h&m/.venv/lib/python3.9/site-packages/airflow/example_dags/example_short_circuit_decorator.py took 0.110 seconds
