[2025-12-04T23:18:32.010+0600] {processor.py:157} INFO - Started process (PID=38977) to work on /Users/asminsadykova/Desktop/h&m/.venv/lib/python3.9/site-packages/airflow/example_dags/example_branch_python_dop_operator_3.py
[2025-12-04T23:18:32.010+0600] {processor.py:829} INFO - Processing file /Users/asminsadykova/Desktop/h&m/.venv/lib/python3.9/site-packages/airflow/example_dags/example_branch_python_dop_operator_3.py for tasks to queue
[2025-12-04T23:18:32.010+0600] {logging_mixin.py:154} INFO - [2025-12-04T23:18:32.010+0600] {dagbag.py:536} INFO - Filling up the DagBag from /Users/asminsadykova/Desktop/h&m/.venv/lib/python3.9/site-packages/airflow/example_dags/example_branch_python_dop_operator_3.py
[2025-12-04T23:18:32.036+0600] {processor.py:839} INFO - DAG(s) dict_keys(['example_branch_dop_operator_v3']) retrieved from /Users/asminsadykova/Desktop/h&m/.venv/lib/python3.9/site-packages/airflow/example_dags/example_branch_python_dop_operator_3.py
[2025-12-04T23:18:32.282+0600] {logging_mixin.py:154} INFO - [2025-12-04T23:18:32.282+0600] {manager.py:499} INFO - Created Permission View: %s
[2025-12-04T23:18:32.286+0600] {logging_mixin.py:154} INFO - [2025-12-04T23:18:32.286+0600] {manager.py:499} INFO - Created Permission View: %s
[2025-12-04T23:18:32.288+0600] {logging_mixin.py:154} INFO - [2025-12-04T23:18:32.288+0600] {manager.py:499} INFO - Created Permission View: %s
[2025-12-04T23:18:32.288+0600] {logging_mixin.py:154} INFO - [2025-12-04T23:18:32.288+0600] {dag.py:2941} INFO - Sync 1 DAGs
[2025-12-04T23:18:32.292+0600] {logging_mixin.py:154} INFO - [2025-12-04T23:18:32.292+0600] {dag.py:2963} INFO - Creating ORM DAG for example_branch_dop_operator_v3
[2025-12-04T23:18:32.297+0600] {logging_mixin.py:154} INFO - [2025-12-04T23:18:32.297+0600] {dag.py:3722} INFO - Setting next_dagrun for example_branch_dop_operator_v3 to 2025-12-04T17:17:00+00:00, run_after=2025-12-04T17:18:00+00:00
[2025-12-04T23:18:32.304+0600] {processor.py:179} INFO - Processing /Users/asminsadykova/Desktop/h&m/.venv/lib/python3.9/site-packages/airflow/example_dags/example_branch_python_dop_operator_3.py took 0.294 seconds
[2025-12-04T23:20:00.203+0600] {processor.py:157} INFO - Started process (PID=39083) to work on /Users/asminsadykova/Desktop/h&m/.venv/lib/python3.9/site-packages/airflow/example_dags/example_branch_python_dop_operator_3.py
[2025-12-04T23:20:00.204+0600] {processor.py:829} INFO - Processing file /Users/asminsadykova/Desktop/h&m/.venv/lib/python3.9/site-packages/airflow/example_dags/example_branch_python_dop_operator_3.py for tasks to queue
[2025-12-04T23:20:00.204+0600] {logging_mixin.py:154} INFO - [2025-12-04T23:20:00.204+0600] {dagbag.py:536} INFO - Filling up the DagBag from /Users/asminsadykova/Desktop/h&m/.venv/lib/python3.9/site-packages/airflow/example_dags/example_branch_python_dop_operator_3.py
[2025-12-04T23:20:00.227+0600] {processor.py:839} INFO - DAG(s) dict_keys(['example_branch_dop_operator_v3']) retrieved from /Users/asminsadykova/Desktop/h&m/.venv/lib/python3.9/site-packages/airflow/example_dags/example_branch_python_dop_operator_3.py
[2025-12-04T23:20:00.294+0600] {logging_mixin.py:154} INFO - [2025-12-04T23:20:00.293+0600] {dag.py:2941} INFO - Sync 1 DAGs
[2025-12-04T23:20:00.302+0600] {logging_mixin.py:154} INFO - [2025-12-04T23:20:00.302+0600] {dag.py:3722} INFO - Setting next_dagrun for example_branch_dop_operator_v3 to 2025-12-04T17:19:00+00:00, run_after=2025-12-04T17:20:00+00:00
[2025-12-04T23:20:00.310+0600] {processor.py:179} INFO - Processing /Users/asminsadykova/Desktop/h&m/.venv/lib/python3.9/site-packages/airflow/example_dags/example_branch_python_dop_operator_3.py took 0.107 seconds
[2025-12-04T23:21:28.158+0600] {processor.py:157} INFO - Started process (PID=39183) to work on /Users/asminsadykova/Desktop/h&m/.venv/lib/python3.9/site-packages/airflow/example_dags/example_branch_python_dop_operator_3.py
[2025-12-04T23:21:28.159+0600] {processor.py:829} INFO - Processing file /Users/asminsadykova/Desktop/h&m/.venv/lib/python3.9/site-packages/airflow/example_dags/example_branch_python_dop_operator_3.py for tasks to queue
[2025-12-04T23:21:28.159+0600] {logging_mixin.py:154} INFO - [2025-12-04T23:21:28.159+0600] {dagbag.py:536} INFO - Filling up the DagBag from /Users/asminsadykova/Desktop/h&m/.venv/lib/python3.9/site-packages/airflow/example_dags/example_branch_python_dop_operator_3.py
[2025-12-04T23:21:28.183+0600] {processor.py:839} INFO - DAG(s) dict_keys(['example_branch_dop_operator_v3']) retrieved from /Users/asminsadykova/Desktop/h&m/.venv/lib/python3.9/site-packages/airflow/example_dags/example_branch_python_dop_operator_3.py
[2025-12-04T23:21:28.250+0600] {logging_mixin.py:154} INFO - [2025-12-04T23:21:28.250+0600] {dag.py:2941} INFO - Sync 1 DAGs
[2025-12-04T23:21:28.259+0600] {logging_mixin.py:154} INFO - [2025-12-04T23:21:28.259+0600] {dag.py:3722} INFO - Setting next_dagrun for example_branch_dop_operator_v3 to 2025-12-04T17:20:00+00:00, run_after=2025-12-04T17:21:00+00:00
[2025-12-04T23:21:28.267+0600] {processor.py:179} INFO - Processing /Users/asminsadykova/Desktop/h&m/.venv/lib/python3.9/site-packages/airflow/example_dags/example_branch_python_dop_operator_3.py took 0.109 seconds
[2025-12-04T23:22:52.229+0600] {processor.py:157} INFO - Started process (PID=39276) to work on /Users/asminsadykova/Desktop/h&m/.venv/lib/python3.9/site-packages/airflow/example_dags/example_branch_python_dop_operator_3.py
[2025-12-04T23:22:52.229+0600] {processor.py:829} INFO - Processing file /Users/asminsadykova/Desktop/h&m/.venv/lib/python3.9/site-packages/airflow/example_dags/example_branch_python_dop_operator_3.py for tasks to queue
[2025-12-04T23:22:52.230+0600] {logging_mixin.py:154} INFO - [2025-12-04T23:22:52.230+0600] {dagbag.py:536} INFO - Filling up the DagBag from /Users/asminsadykova/Desktop/h&m/.venv/lib/python3.9/site-packages/airflow/example_dags/example_branch_python_dop_operator_3.py
[2025-12-04T23:22:52.253+0600] {processor.py:839} INFO - DAG(s) dict_keys(['example_branch_dop_operator_v3']) retrieved from /Users/asminsadykova/Desktop/h&m/.venv/lib/python3.9/site-packages/airflow/example_dags/example_branch_python_dop_operator_3.py
[2025-12-04T23:22:52.320+0600] {logging_mixin.py:154} INFO - [2025-12-04T23:22:52.319+0600] {dag.py:2941} INFO - Sync 1 DAGs
[2025-12-04T23:22:52.328+0600] {logging_mixin.py:154} INFO - [2025-12-04T23:22:52.328+0600] {dag.py:3722} INFO - Setting next_dagrun for example_branch_dop_operator_v3 to 2025-12-04T17:21:00+00:00, run_after=2025-12-04T17:22:00+00:00
[2025-12-04T23:22:52.337+0600] {processor.py:179} INFO - Processing /Users/asminsadykova/Desktop/h&m/.venv/lib/python3.9/site-packages/airflow/example_dags/example_branch_python_dop_operator_3.py took 0.109 seconds
[2025-12-04T23:24:28.969+0600] {processor.py:157} INFO - Started process (PID=39474) to work on /Users/asminsadykova/Desktop/h&m/.venv/lib/python3.9/site-packages/airflow/example_dags/example_branch_python_dop_operator_3.py
[2025-12-04T23:24:28.970+0600] {processor.py:829} INFO - Processing file /Users/asminsadykova/Desktop/h&m/.venv/lib/python3.9/site-packages/airflow/example_dags/example_branch_python_dop_operator_3.py for tasks to queue
[2025-12-04T23:24:28.970+0600] {logging_mixin.py:154} INFO - [2025-12-04T23:24:28.970+0600] {dagbag.py:536} INFO - Filling up the DagBag from /Users/asminsadykova/Desktop/h&m/.venv/lib/python3.9/site-packages/airflow/example_dags/example_branch_python_dop_operator_3.py
[2025-12-04T23:24:28.993+0600] {processor.py:839} INFO - DAG(s) dict_keys(['example_branch_dop_operator_v3']) retrieved from /Users/asminsadykova/Desktop/h&m/.venv/lib/python3.9/site-packages/airflow/example_dags/example_branch_python_dop_operator_3.py
[2025-12-04T23:24:29.062+0600] {logging_mixin.py:154} INFO - [2025-12-04T23:24:29.062+0600] {dag.py:2941} INFO - Sync 1 DAGs
[2025-12-04T23:24:29.071+0600] {logging_mixin.py:154} INFO - [2025-12-04T23:24:29.071+0600] {dag.py:3722} INFO - Setting next_dagrun for example_branch_dop_operator_v3 to 2025-12-04T17:23:00+00:00, run_after=2025-12-04T17:24:00+00:00
[2025-12-04T23:24:29.079+0600] {processor.py:179} INFO - Processing /Users/asminsadykova/Desktop/h&m/.venv/lib/python3.9/site-packages/airflow/example_dags/example_branch_python_dop_operator_3.py took 0.110 seconds
[2025-12-04T23:26:02.046+0600] {processor.py:157} INFO - Started process (PID=39560) to work on /Users/asminsadykova/Desktop/h&m/.venv/lib/python3.9/site-packages/airflow/example_dags/example_branch_python_dop_operator_3.py
[2025-12-04T23:26:02.048+0600] {processor.py:829} INFO - Processing file /Users/asminsadykova/Desktop/h&m/.venv/lib/python3.9/site-packages/airflow/example_dags/example_branch_python_dop_operator_3.py for tasks to queue
[2025-12-04T23:26:02.048+0600] {logging_mixin.py:154} INFO - [2025-12-04T23:26:02.048+0600] {dagbag.py:536} INFO - Filling up the DagBag from /Users/asminsadykova/Desktop/h&m/.venv/lib/python3.9/site-packages/airflow/example_dags/example_branch_python_dop_operator_3.py
[2025-12-04T23:26:02.071+0600] {processor.py:839} INFO - DAG(s) dict_keys(['example_branch_dop_operator_v3']) retrieved from /Users/asminsadykova/Desktop/h&m/.venv/lib/python3.9/site-packages/airflow/example_dags/example_branch_python_dop_operator_3.py
[2025-12-04T23:26:02.136+0600] {logging_mixin.py:154} INFO - [2025-12-04T23:26:02.136+0600] {dag.py:2941} INFO - Sync 1 DAGs
[2025-12-04T23:26:02.145+0600] {logging_mixin.py:154} INFO - [2025-12-04T23:26:02.145+0600] {dag.py:3722} INFO - Setting next_dagrun for example_branch_dop_operator_v3 to 2025-12-04T17:25:00+00:00, run_after=2025-12-04T17:26:00+00:00
[2025-12-04T23:26:02.153+0600] {processor.py:179} INFO - Processing /Users/asminsadykova/Desktop/h&m/.venv/lib/python3.9/site-packages/airflow/example_dags/example_branch_python_dop_operator_3.py took 0.107 seconds
[2025-12-04T23:27:42.831+0600] {processor.py:157} INFO - Started process (PID=39667) to work on /Users/asminsadykova/Desktop/h&m/.venv/lib/python3.9/site-packages/airflow/example_dags/example_branch_python_dop_operator_3.py
[2025-12-04T23:27:42.832+0600] {processor.py:829} INFO - Processing file /Users/asminsadykova/Desktop/h&m/.venv/lib/python3.9/site-packages/airflow/example_dags/example_branch_python_dop_operator_3.py for tasks to queue
[2025-12-04T23:27:42.832+0600] {logging_mixin.py:154} INFO - [2025-12-04T23:27:42.832+0600] {dagbag.py:536} INFO - Filling up the DagBag from /Users/asminsadykova/Desktop/h&m/.venv/lib/python3.9/site-packages/airflow/example_dags/example_branch_python_dop_operator_3.py
[2025-12-04T23:27:42.856+0600] {processor.py:839} INFO - DAG(s) dict_keys(['example_branch_dop_operator_v3']) retrieved from /Users/asminsadykova/Desktop/h&m/.venv/lib/python3.9/site-packages/airflow/example_dags/example_branch_python_dop_operator_3.py
[2025-12-04T23:27:42.922+0600] {logging_mixin.py:154} INFO - [2025-12-04T23:27:42.922+0600] {dag.py:2941} INFO - Sync 1 DAGs
[2025-12-04T23:27:42.930+0600] {logging_mixin.py:154} INFO - [2025-12-04T23:27:42.930+0600] {dag.py:3722} INFO - Setting next_dagrun for example_branch_dop_operator_v3 to 2025-12-04T17:26:00+00:00, run_after=2025-12-04T17:27:00+00:00
[2025-12-04T23:27:42.938+0600] {processor.py:179} INFO - Processing /Users/asminsadykova/Desktop/h&m/.venv/lib/python3.9/site-packages/airflow/example_dags/example_branch_python_dop_operator_3.py took 0.107 seconds
[2025-12-04T23:29:06.464+0600] {processor.py:157} INFO - Started process (PID=39749) to work on /Users/asminsadykova/Desktop/h&m/.venv/lib/python3.9/site-packages/airflow/example_dags/example_branch_python_dop_operator_3.py
[2025-12-04T23:29:06.465+0600] {processor.py:829} INFO - Processing file /Users/asminsadykova/Desktop/h&m/.venv/lib/python3.9/site-packages/airflow/example_dags/example_branch_python_dop_operator_3.py for tasks to queue
[2025-12-04T23:29:06.465+0600] {logging_mixin.py:154} INFO - [2025-12-04T23:29:06.465+0600] {dagbag.py:536} INFO - Filling up the DagBag from /Users/asminsadykova/Desktop/h&m/.venv/lib/python3.9/site-packages/airflow/example_dags/example_branch_python_dop_operator_3.py
[2025-12-04T23:29:06.489+0600] {processor.py:839} INFO - DAG(s) dict_keys(['example_branch_dop_operator_v3']) retrieved from /Users/asminsadykova/Desktop/h&m/.venv/lib/python3.9/site-packages/airflow/example_dags/example_branch_python_dop_operator_3.py
[2025-12-04T23:29:06.559+0600] {logging_mixin.py:154} INFO - [2025-12-04T23:29:06.559+0600] {dag.py:2941} INFO - Sync 1 DAGs
[2025-12-04T23:29:06.569+0600] {logging_mixin.py:154} INFO - [2025-12-04T23:29:06.569+0600] {dag.py:3722} INFO - Setting next_dagrun for example_branch_dop_operator_v3 to 2025-12-04T17:28:00+00:00, run_after=2025-12-04T17:29:00+00:00
[2025-12-04T23:29:06.577+0600] {processor.py:179} INFO - Processing /Users/asminsadykova/Desktop/h&m/.venv/lib/python3.9/site-packages/airflow/example_dags/example_branch_python_dop_operator_3.py took 0.114 seconds
[2025-12-04T23:30:30.062+0600] {processor.py:157} INFO - Started process (PID=39819) to work on /Users/asminsadykova/Desktop/h&m/.venv/lib/python3.9/site-packages/airflow/example_dags/example_branch_python_dop_operator_3.py
[2025-12-04T23:30:30.063+0600] {processor.py:829} INFO - Processing file /Users/asminsadykova/Desktop/h&m/.venv/lib/python3.9/site-packages/airflow/example_dags/example_branch_python_dop_operator_3.py for tasks to queue
[2025-12-04T23:30:30.064+0600] {logging_mixin.py:154} INFO - [2025-12-04T23:30:30.064+0600] {dagbag.py:536} INFO - Filling up the DagBag from /Users/asminsadykova/Desktop/h&m/.venv/lib/python3.9/site-packages/airflow/example_dags/example_branch_python_dop_operator_3.py
[2025-12-04T23:30:30.087+0600] {processor.py:839} INFO - DAG(s) dict_keys(['example_branch_dop_operator_v3']) retrieved from /Users/asminsadykova/Desktop/h&m/.venv/lib/python3.9/site-packages/airflow/example_dags/example_branch_python_dop_operator_3.py
[2025-12-04T23:30:30.155+0600] {logging_mixin.py:154} INFO - [2025-12-04T23:30:30.155+0600] {dag.py:2941} INFO - Sync 1 DAGs
[2025-12-04T23:30:30.166+0600] {logging_mixin.py:154} INFO - [2025-12-04T23:30:30.166+0600] {dag.py:3722} INFO - Setting next_dagrun for example_branch_dop_operator_v3 to 2025-12-04T17:29:00+00:00, run_after=2025-12-04T17:30:00+00:00
[2025-12-04T23:30:30.174+0600] {processor.py:179} INFO - Processing /Users/asminsadykova/Desktop/h&m/.venv/lib/python3.9/site-packages/airflow/example_dags/example_branch_python_dop_operator_3.py took 0.113 seconds
[2025-12-04T23:31:53.464+0600] {processor.py:157} INFO - Started process (PID=39887) to work on /Users/asminsadykova/Desktop/h&m/.venv/lib/python3.9/site-packages/airflow/example_dags/example_branch_python_dop_operator_3.py
[2025-12-04T23:31:53.465+0600] {processor.py:829} INFO - Processing file /Users/asminsadykova/Desktop/h&m/.venv/lib/python3.9/site-packages/airflow/example_dags/example_branch_python_dop_operator_3.py for tasks to queue
[2025-12-04T23:31:53.465+0600] {logging_mixin.py:154} INFO - [2025-12-04T23:31:53.465+0600] {dagbag.py:536} INFO - Filling up the DagBag from /Users/asminsadykova/Desktop/h&m/.venv/lib/python3.9/site-packages/airflow/example_dags/example_branch_python_dop_operator_3.py
[2025-12-04T23:31:53.489+0600] {processor.py:839} INFO - DAG(s) dict_keys(['example_branch_dop_operator_v3']) retrieved from /Users/asminsadykova/Desktop/h&m/.venv/lib/python3.9/site-packages/airflow/example_dags/example_branch_python_dop_operator_3.py
[2025-12-04T23:31:53.556+0600] {logging_mixin.py:154} INFO - [2025-12-04T23:31:53.556+0600] {dag.py:2941} INFO - Sync 1 DAGs
[2025-12-04T23:31:53.565+0600] {logging_mixin.py:154} INFO - [2025-12-04T23:31:53.565+0600] {dag.py:3722} INFO - Setting next_dagrun for example_branch_dop_operator_v3 to 2025-12-04T17:30:00+00:00, run_after=2025-12-04T17:31:00+00:00
[2025-12-04T23:31:53.573+0600] {processor.py:179} INFO - Processing /Users/asminsadykova/Desktop/h&m/.venv/lib/python3.9/site-packages/airflow/example_dags/example_branch_python_dop_operator_3.py took 0.110 seconds
[2025-12-04T23:33:20.689+0600] {processor.py:157} INFO - Started process (PID=40108) to work on /Users/asminsadykova/Desktop/h&m/.venv/lib/python3.9/site-packages/airflow/example_dags/example_branch_python_dop_operator_3.py
[2025-12-04T23:33:20.690+0600] {processor.py:829} INFO - Processing file /Users/asminsadykova/Desktop/h&m/.venv/lib/python3.9/site-packages/airflow/example_dags/example_branch_python_dop_operator_3.py for tasks to queue
[2025-12-04T23:33:20.690+0600] {logging_mixin.py:154} INFO - [2025-12-04T23:33:20.690+0600] {dagbag.py:536} INFO - Filling up the DagBag from /Users/asminsadykova/Desktop/h&m/.venv/lib/python3.9/site-packages/airflow/example_dags/example_branch_python_dop_operator_3.py
[2025-12-04T23:33:20.716+0600] {processor.py:839} INFO - DAG(s) dict_keys(['example_branch_dop_operator_v3']) retrieved from /Users/asminsadykova/Desktop/h&m/.venv/lib/python3.9/site-packages/airflow/example_dags/example_branch_python_dop_operator_3.py
[2025-12-04T23:33:20.783+0600] {logging_mixin.py:154} INFO - [2025-12-04T23:33:20.783+0600] {dag.py:2941} INFO - Sync 1 DAGs
[2025-12-04T23:33:20.792+0600] {logging_mixin.py:154} INFO - [2025-12-04T23:33:20.792+0600] {dag.py:3722} INFO - Setting next_dagrun for example_branch_dop_operator_v3 to 2025-12-04T17:32:00+00:00, run_after=2025-12-04T17:33:00+00:00
[2025-12-04T23:33:20.799+0600] {processor.py:179} INFO - Processing /Users/asminsadykova/Desktop/h&m/.venv/lib/python3.9/site-packages/airflow/example_dags/example_branch_python_dop_operator_3.py took 0.110 seconds
[2025-12-04T23:34:46.043+0600] {processor.py:157} INFO - Started process (PID=40195) to work on /Users/asminsadykova/Desktop/h&m/.venv/lib/python3.9/site-packages/airflow/example_dags/example_branch_python_dop_operator_3.py
[2025-12-04T23:34:46.044+0600] {processor.py:829} INFO - Processing file /Users/asminsadykova/Desktop/h&m/.venv/lib/python3.9/site-packages/airflow/example_dags/example_branch_python_dop_operator_3.py for tasks to queue
[2025-12-04T23:34:46.044+0600] {logging_mixin.py:154} INFO - [2025-12-04T23:34:46.044+0600] {dagbag.py:536} INFO - Filling up the DagBag from /Users/asminsadykova/Desktop/h&m/.venv/lib/python3.9/site-packages/airflow/example_dags/example_branch_python_dop_operator_3.py
[2025-12-04T23:34:46.067+0600] {processor.py:839} INFO - DAG(s) dict_keys(['example_branch_dop_operator_v3']) retrieved from /Users/asminsadykova/Desktop/h&m/.venv/lib/python3.9/site-packages/airflow/example_dags/example_branch_python_dop_operator_3.py
[2025-12-04T23:34:46.137+0600] {logging_mixin.py:154} INFO - [2025-12-04T23:34:46.137+0600] {dag.py:2941} INFO - Sync 1 DAGs
[2025-12-04T23:34:46.145+0600] {logging_mixin.py:154} INFO - [2025-12-04T23:34:46.145+0600] {dag.py:3722} INFO - Setting next_dagrun for example_branch_dop_operator_v3 to 2025-12-04T17:33:00+00:00, run_after=2025-12-04T17:34:00+00:00
[2025-12-04T23:34:46.153+0600] {processor.py:179} INFO - Processing /Users/asminsadykova/Desktop/h&m/.venv/lib/python3.9/site-packages/airflow/example_dags/example_branch_python_dop_operator_3.py took 0.111 seconds
[2025-12-04T23:36:25.347+0600] {processor.py:157} INFO - Started process (PID=40283) to work on /Users/asminsadykova/Desktop/h&m/.venv/lib/python3.9/site-packages/airflow/example_dags/example_branch_python_dop_operator_3.py
[2025-12-04T23:36:25.349+0600] {processor.py:829} INFO - Processing file /Users/asminsadykova/Desktop/h&m/.venv/lib/python3.9/site-packages/airflow/example_dags/example_branch_python_dop_operator_3.py for tasks to queue
[2025-12-04T23:36:25.349+0600] {logging_mixin.py:154} INFO - [2025-12-04T23:36:25.349+0600] {dagbag.py:536} INFO - Filling up the DagBag from /Users/asminsadykova/Desktop/h&m/.venv/lib/python3.9/site-packages/airflow/example_dags/example_branch_python_dop_operator_3.py
[2025-12-04T23:36:25.372+0600] {processor.py:839} INFO - DAG(s) dict_keys(['example_branch_dop_operator_v3']) retrieved from /Users/asminsadykova/Desktop/h&m/.venv/lib/python3.9/site-packages/airflow/example_dags/example_branch_python_dop_operator_3.py
[2025-12-04T23:36:25.439+0600] {logging_mixin.py:154} INFO - [2025-12-04T23:36:25.438+0600] {dag.py:2941} INFO - Sync 1 DAGs
[2025-12-04T23:36:25.447+0600] {logging_mixin.py:154} INFO - [2025-12-04T23:36:25.447+0600] {dag.py:3722} INFO - Setting next_dagrun for example_branch_dop_operator_v3 to 2025-12-04T17:35:00+00:00, run_after=2025-12-04T17:36:00+00:00
[2025-12-04T23:36:25.455+0600] {processor.py:179} INFO - Processing /Users/asminsadykova/Desktop/h&m/.venv/lib/python3.9/site-packages/airflow/example_dags/example_branch_python_dop_operator_3.py took 0.108 seconds
[2025-12-04T23:37:53.381+0600] {processor.py:157} INFO - Started process (PID=40376) to work on /Users/asminsadykova/Desktop/h&m/.venv/lib/python3.9/site-packages/airflow/example_dags/example_branch_python_dop_operator_3.py
[2025-12-04T23:37:53.381+0600] {processor.py:829} INFO - Processing file /Users/asminsadykova/Desktop/h&m/.venv/lib/python3.9/site-packages/airflow/example_dags/example_branch_python_dop_operator_3.py for tasks to queue
[2025-12-04T23:37:53.381+0600] {logging_mixin.py:154} INFO - [2025-12-04T23:37:53.381+0600] {dagbag.py:536} INFO - Filling up the DagBag from /Users/asminsadykova/Desktop/h&m/.venv/lib/python3.9/site-packages/airflow/example_dags/example_branch_python_dop_operator_3.py
[2025-12-04T23:37:53.405+0600] {processor.py:839} INFO - DAG(s) dict_keys(['example_branch_dop_operator_v3']) retrieved from /Users/asminsadykova/Desktop/h&m/.venv/lib/python3.9/site-packages/airflow/example_dags/example_branch_python_dop_operator_3.py
[2025-12-04T23:37:53.471+0600] {logging_mixin.py:154} INFO - [2025-12-04T23:37:53.471+0600] {dag.py:2941} INFO - Sync 1 DAGs
[2025-12-04T23:37:53.479+0600] {logging_mixin.py:154} INFO - [2025-12-04T23:37:53.479+0600] {dag.py:3722} INFO - Setting next_dagrun for example_branch_dop_operator_v3 to 2025-12-04T17:36:00+00:00, run_after=2025-12-04T17:37:00+00:00
[2025-12-04T23:37:53.487+0600] {processor.py:179} INFO - Processing /Users/asminsadykova/Desktop/h&m/.venv/lib/python3.9/site-packages/airflow/example_dags/example_branch_python_dop_operator_3.py took 0.107 seconds
[2025-12-04T23:39:30.970+0600] {processor.py:157} INFO - Started process (PID=40462) to work on /Users/asminsadykova/Desktop/h&m/.venv/lib/python3.9/site-packages/airflow/example_dags/example_branch_python_dop_operator_3.py
[2025-12-04T23:39:30.972+0600] {processor.py:829} INFO - Processing file /Users/asminsadykova/Desktop/h&m/.venv/lib/python3.9/site-packages/airflow/example_dags/example_branch_python_dop_operator_3.py for tasks to queue
[2025-12-04T23:39:30.972+0600] {logging_mixin.py:154} INFO - [2025-12-04T23:39:30.972+0600] {dagbag.py:536} INFO - Filling up the DagBag from /Users/asminsadykova/Desktop/h&m/.venv/lib/python3.9/site-packages/airflow/example_dags/example_branch_python_dop_operator_3.py
[2025-12-04T23:39:30.998+0600] {processor.py:839} INFO - DAG(s) dict_keys(['example_branch_dop_operator_v3']) retrieved from /Users/asminsadykova/Desktop/h&m/.venv/lib/python3.9/site-packages/airflow/example_dags/example_branch_python_dop_operator_3.py
[2025-12-04T23:39:31.073+0600] {logging_mixin.py:154} INFO - [2025-12-04T23:39:31.073+0600] {dag.py:2941} INFO - Sync 1 DAGs
[2025-12-04T23:39:31.083+0600] {logging_mixin.py:154} INFO - [2025-12-04T23:39:31.083+0600] {dag.py:3722} INFO - Setting next_dagrun for example_branch_dop_operator_v3 to 2025-12-04T17:38:00+00:00, run_after=2025-12-04T17:39:00+00:00
[2025-12-04T23:39:31.092+0600] {processor.py:179} INFO - Processing /Users/asminsadykova/Desktop/h&m/.venv/lib/python3.9/site-packages/airflow/example_dags/example_branch_python_dop_operator_3.py took 0.122 seconds
[2025-12-04T23:41:07.503+0600] {processor.py:157} INFO - Started process (PID=40588) to work on /Users/asminsadykova/Desktop/h&m/.venv/lib/python3.9/site-packages/airflow/example_dags/example_branch_python_dop_operator_3.py
[2025-12-04T23:41:07.503+0600] {processor.py:829} INFO - Processing file /Users/asminsadykova/Desktop/h&m/.venv/lib/python3.9/site-packages/airflow/example_dags/example_branch_python_dop_operator_3.py for tasks to queue
[2025-12-04T23:41:07.504+0600] {logging_mixin.py:154} INFO - [2025-12-04T23:41:07.504+0600] {dagbag.py:536} INFO - Filling up the DagBag from /Users/asminsadykova/Desktop/h&m/.venv/lib/python3.9/site-packages/airflow/example_dags/example_branch_python_dop_operator_3.py
[2025-12-04T23:41:07.528+0600] {processor.py:839} INFO - DAG(s) dict_keys(['example_branch_dop_operator_v3']) retrieved from /Users/asminsadykova/Desktop/h&m/.venv/lib/python3.9/site-packages/airflow/example_dags/example_branch_python_dop_operator_3.py
[2025-12-04T23:41:07.594+0600] {logging_mixin.py:154} INFO - [2025-12-04T23:41:07.594+0600] {dag.py:2941} INFO - Sync 1 DAGs
[2025-12-04T23:41:07.603+0600] {logging_mixin.py:154} INFO - [2025-12-04T23:41:07.603+0600] {dag.py:3722} INFO - Setting next_dagrun for example_branch_dop_operator_v3 to 2025-12-04T17:40:00+00:00, run_after=2025-12-04T17:41:00+00:00
[2025-12-04T23:41:07.612+0600] {processor.py:179} INFO - Processing /Users/asminsadykova/Desktop/h&m/.venv/lib/python3.9/site-packages/airflow/example_dags/example_branch_python_dop_operator_3.py took 0.110 seconds
[2025-12-04T23:42:32.450+0600] {processor.py:157} INFO - Started process (PID=40680) to work on /Users/asminsadykova/Desktop/h&m/.venv/lib/python3.9/site-packages/airflow/example_dags/example_branch_python_dop_operator_3.py
[2025-12-04T23:42:32.451+0600] {processor.py:829} INFO - Processing file /Users/asminsadykova/Desktop/h&m/.venv/lib/python3.9/site-packages/airflow/example_dags/example_branch_python_dop_operator_3.py for tasks to queue
[2025-12-04T23:42:32.451+0600] {logging_mixin.py:154} INFO - [2025-12-04T23:42:32.451+0600] {dagbag.py:536} INFO - Filling up the DagBag from /Users/asminsadykova/Desktop/h&m/.venv/lib/python3.9/site-packages/airflow/example_dags/example_branch_python_dop_operator_3.py
[2025-12-04T23:42:32.476+0600] {processor.py:839} INFO - DAG(s) dict_keys(['example_branch_dop_operator_v3']) retrieved from /Users/asminsadykova/Desktop/h&m/.venv/lib/python3.9/site-packages/airflow/example_dags/example_branch_python_dop_operator_3.py
[2025-12-04T23:42:32.543+0600] {logging_mixin.py:154} INFO - [2025-12-04T23:42:32.543+0600] {dag.py:2941} INFO - Sync 1 DAGs
[2025-12-04T23:42:32.552+0600] {logging_mixin.py:154} INFO - [2025-12-04T23:42:32.552+0600] {dag.py:3722} INFO - Setting next_dagrun for example_branch_dop_operator_v3 to 2025-12-04T17:41:00+00:00, run_after=2025-12-04T17:42:00+00:00
[2025-12-04T23:42:32.559+0600] {processor.py:179} INFO - Processing /Users/asminsadykova/Desktop/h&m/.venv/lib/python3.9/site-packages/airflow/example_dags/example_branch_python_dop_operator_3.py took 0.111 seconds
[2025-12-04T23:44:09.743+0600] {processor.py:157} INFO - Started process (PID=40878) to work on /Users/asminsadykova/Desktop/h&m/.venv/lib/python3.9/site-packages/airflow/example_dags/example_branch_python_dop_operator_3.py
[2025-12-04T23:44:09.745+0600] {processor.py:829} INFO - Processing file /Users/asminsadykova/Desktop/h&m/.venv/lib/python3.9/site-packages/airflow/example_dags/example_branch_python_dop_operator_3.py for tasks to queue
[2025-12-04T23:44:09.745+0600] {logging_mixin.py:154} INFO - [2025-12-04T23:44:09.745+0600] {dagbag.py:536} INFO - Filling up the DagBag from /Users/asminsadykova/Desktop/h&m/.venv/lib/python3.9/site-packages/airflow/example_dags/example_branch_python_dop_operator_3.py
[2025-12-04T23:44:09.769+0600] {processor.py:839} INFO - DAG(s) dict_keys(['example_branch_dop_operator_v3']) retrieved from /Users/asminsadykova/Desktop/h&m/.venv/lib/python3.9/site-packages/airflow/example_dags/example_branch_python_dop_operator_3.py
[2025-12-04T23:44:09.835+0600] {logging_mixin.py:154} INFO - [2025-12-04T23:44:09.835+0600] {dag.py:2941} INFO - Sync 1 DAGs
[2025-12-04T23:44:09.844+0600] {logging_mixin.py:154} INFO - [2025-12-04T23:44:09.844+0600] {dag.py:3722} INFO - Setting next_dagrun for example_branch_dop_operator_v3 to 2025-12-04T17:43:00+00:00, run_after=2025-12-04T17:44:00+00:00
[2025-12-04T23:44:09.852+0600] {processor.py:179} INFO - Processing /Users/asminsadykova/Desktop/h&m/.venv/lib/python3.9/site-packages/airflow/example_dags/example_branch_python_dop_operator_3.py took 0.109 seconds
[2025-12-04T23:45:45.410+0600] {processor.py:157} INFO - Started process (PID=41180) to work on /Users/asminsadykova/Desktop/h&m/.venv/lib/python3.9/site-packages/airflow/example_dags/example_branch_python_dop_operator_3.py
[2025-12-04T23:45:45.410+0600] {processor.py:829} INFO - Processing file /Users/asminsadykova/Desktop/h&m/.venv/lib/python3.9/site-packages/airflow/example_dags/example_branch_python_dop_operator_3.py for tasks to queue
[2025-12-04T23:45:45.411+0600] {logging_mixin.py:154} INFO - [2025-12-04T23:45:45.411+0600] {dagbag.py:536} INFO - Filling up the DagBag from /Users/asminsadykova/Desktop/h&m/.venv/lib/python3.9/site-packages/airflow/example_dags/example_branch_python_dop_operator_3.py
[2025-12-04T23:45:45.434+0600] {processor.py:839} INFO - DAG(s) dict_keys(['example_branch_dop_operator_v3']) retrieved from /Users/asminsadykova/Desktop/h&m/.venv/lib/python3.9/site-packages/airflow/example_dags/example_branch_python_dop_operator_3.py
[2025-12-04T23:45:45.502+0600] {logging_mixin.py:154} INFO - [2025-12-04T23:45:45.502+0600] {dag.py:2941} INFO - Sync 1 DAGs
[2025-12-04T23:45:45.511+0600] {logging_mixin.py:154} INFO - [2025-12-04T23:45:45.511+0600] {dag.py:3722} INFO - Setting next_dagrun for example_branch_dop_operator_v3 to 2025-12-04T17:44:00+00:00, run_after=2025-12-04T17:45:00+00:00
[2025-12-04T23:45:45.519+0600] {processor.py:179} INFO - Processing /Users/asminsadykova/Desktop/h&m/.venv/lib/python3.9/site-packages/airflow/example_dags/example_branch_python_dop_operator_3.py took 0.110 seconds
[2025-12-04T23:47:21.722+0600] {processor.py:157} INFO - Started process (PID=41567) to work on /Users/asminsadykova/Desktop/h&m/.venv/lib/python3.9/site-packages/airflow/example_dags/example_branch_python_dop_operator_3.py
[2025-12-04T23:47:21.724+0600] {processor.py:829} INFO - Processing file /Users/asminsadykova/Desktop/h&m/.venv/lib/python3.9/site-packages/airflow/example_dags/example_branch_python_dop_operator_3.py for tasks to queue
[2025-12-04T23:47:21.724+0600] {logging_mixin.py:154} INFO - [2025-12-04T23:47:21.724+0600] {dagbag.py:536} INFO - Filling up the DagBag from /Users/asminsadykova/Desktop/h&m/.venv/lib/python3.9/site-packages/airflow/example_dags/example_branch_python_dop_operator_3.py
[2025-12-04T23:47:21.749+0600] {processor.py:839} INFO - DAG(s) dict_keys(['example_branch_dop_operator_v3']) retrieved from /Users/asminsadykova/Desktop/h&m/.venv/lib/python3.9/site-packages/airflow/example_dags/example_branch_python_dop_operator_3.py
[2025-12-04T23:47:21.815+0600] {logging_mixin.py:154} INFO - [2025-12-04T23:47:21.815+0600] {dag.py:2941} INFO - Sync 1 DAGs
[2025-12-04T23:47:21.824+0600] {logging_mixin.py:154} INFO - [2025-12-04T23:47:21.824+0600] {dag.py:3722} INFO - Setting next_dagrun for example_branch_dop_operator_v3 to 2025-12-04T17:46:00+00:00, run_after=2025-12-04T17:47:00+00:00
[2025-12-04T23:47:21.832+0600] {processor.py:179} INFO - Processing /Users/asminsadykova/Desktop/h&m/.venv/lib/python3.9/site-packages/airflow/example_dags/example_branch_python_dop_operator_3.py took 0.110 seconds
[2025-12-04T23:48:46.264+0600] {processor.py:157} INFO - Started process (PID=41676) to work on /Users/asminsadykova/Desktop/h&m/.venv/lib/python3.9/site-packages/airflow/example_dags/example_branch_python_dop_operator_3.py
[2025-12-04T23:48:46.265+0600] {processor.py:829} INFO - Processing file /Users/asminsadykova/Desktop/h&m/.venv/lib/python3.9/site-packages/airflow/example_dags/example_branch_python_dop_operator_3.py for tasks to queue
[2025-12-04T23:48:46.265+0600] {logging_mixin.py:154} INFO - [2025-12-04T23:48:46.265+0600] {dagbag.py:536} INFO - Filling up the DagBag from /Users/asminsadykova/Desktop/h&m/.venv/lib/python3.9/site-packages/airflow/example_dags/example_branch_python_dop_operator_3.py
[2025-12-04T23:48:46.292+0600] {processor.py:839} INFO - DAG(s) dict_keys(['example_branch_dop_operator_v3']) retrieved from /Users/asminsadykova/Desktop/h&m/.venv/lib/python3.9/site-packages/airflow/example_dags/example_branch_python_dop_operator_3.py
[2025-12-04T23:48:46.368+0600] {logging_mixin.py:154} INFO - [2025-12-04T23:48:46.368+0600] {dag.py:2941} INFO - Sync 1 DAGs
[2025-12-04T23:48:46.378+0600] {logging_mixin.py:154} INFO - [2025-12-04T23:48:46.378+0600] {dag.py:3722} INFO - Setting next_dagrun for example_branch_dop_operator_v3 to 2025-12-04T17:47:00+00:00, run_after=2025-12-04T17:48:00+00:00
[2025-12-04T23:48:46.388+0600] {processor.py:179} INFO - Processing /Users/asminsadykova/Desktop/h&m/.venv/lib/python3.9/site-packages/airflow/example_dags/example_branch_python_dop_operator_3.py took 0.125 seconds
[2025-12-04T23:50:20.957+0600] {processor.py:157} INFO - Started process (PID=41799) to work on /Users/asminsadykova/Desktop/h&m/.venv/lib/python3.9/site-packages/airflow/example_dags/example_branch_python_dop_operator_3.py
[2025-12-04T23:50:20.958+0600] {processor.py:829} INFO - Processing file /Users/asminsadykova/Desktop/h&m/.venv/lib/python3.9/site-packages/airflow/example_dags/example_branch_python_dop_operator_3.py for tasks to queue
[2025-12-04T23:50:20.958+0600] {logging_mixin.py:154} INFO - [2025-12-04T23:50:20.958+0600] {dagbag.py:536} INFO - Filling up the DagBag from /Users/asminsadykova/Desktop/h&m/.venv/lib/python3.9/site-packages/airflow/example_dags/example_branch_python_dop_operator_3.py
[2025-12-04T23:50:20.983+0600] {processor.py:839} INFO - DAG(s) dict_keys(['example_branch_dop_operator_v3']) retrieved from /Users/asminsadykova/Desktop/h&m/.venv/lib/python3.9/site-packages/airflow/example_dags/example_branch_python_dop_operator_3.py
[2025-12-04T23:50:21.098+0600] {logging_mixin.py:154} INFO - [2025-12-04T23:50:21.098+0600] {dag.py:2941} INFO - Sync 1 DAGs
[2025-12-04T23:50:21.107+0600] {logging_mixin.py:154} INFO - [2025-12-04T23:50:21.107+0600] {dag.py:3722} INFO - Setting next_dagrun for example_branch_dop_operator_v3 to 2025-12-04T17:49:00+00:00, run_after=2025-12-04T17:50:00+00:00
[2025-12-04T23:50:21.116+0600] {processor.py:179} INFO - Processing /Users/asminsadykova/Desktop/h&m/.venv/lib/python3.9/site-packages/airflow/example_dags/example_branch_python_dop_operator_3.py took 0.159 seconds
[2025-12-04T23:51:57.294+0600] {processor.py:157} INFO - Started process (PID=42037) to work on /Users/asminsadykova/Desktop/h&m/.venv/lib/python3.9/site-packages/airflow/example_dags/example_branch_python_dop_operator_3.py
[2025-12-04T23:51:57.296+0600] {processor.py:829} INFO - Processing file /Users/asminsadykova/Desktop/h&m/.venv/lib/python3.9/site-packages/airflow/example_dags/example_branch_python_dop_operator_3.py for tasks to queue
[2025-12-04T23:51:57.296+0600] {logging_mixin.py:154} INFO - [2025-12-04T23:51:57.296+0600] {dagbag.py:536} INFO - Filling up the DagBag from /Users/asminsadykova/Desktop/h&m/.venv/lib/python3.9/site-packages/airflow/example_dags/example_branch_python_dop_operator_3.py
[2025-12-04T23:51:57.319+0600] {processor.py:839} INFO - DAG(s) dict_keys(['example_branch_dop_operator_v3']) retrieved from /Users/asminsadykova/Desktop/h&m/.venv/lib/python3.9/site-packages/airflow/example_dags/example_branch_python_dop_operator_3.py
[2025-12-04T23:51:57.386+0600] {logging_mixin.py:154} INFO - [2025-12-04T23:51:57.385+0600] {dag.py:2941} INFO - Sync 1 DAGs
[2025-12-04T23:51:57.394+0600] {logging_mixin.py:154} INFO - [2025-12-04T23:51:57.394+0600] {dag.py:3722} INFO - Setting next_dagrun for example_branch_dop_operator_v3 to 2025-12-04T17:50:00+00:00, run_after=2025-12-04T17:51:00+00:00
[2025-12-04T23:51:57.402+0600] {processor.py:179} INFO - Processing /Users/asminsadykova/Desktop/h&m/.venv/lib/python3.9/site-packages/airflow/example_dags/example_branch_python_dop_operator_3.py took 0.108 seconds
[2025-12-04T23:53:35.028+0600] {processor.py:157} INFO - Started process (PID=42138) to work on /Users/asminsadykova/Desktop/h&m/.venv/lib/python3.9/site-packages/airflow/example_dags/example_branch_python_dop_operator_3.py
[2025-12-04T23:53:35.030+0600] {processor.py:829} INFO - Processing file /Users/asminsadykova/Desktop/h&m/.venv/lib/python3.9/site-packages/airflow/example_dags/example_branch_python_dop_operator_3.py for tasks to queue
[2025-12-04T23:53:35.030+0600] {logging_mixin.py:154} INFO - [2025-12-04T23:53:35.030+0600] {dagbag.py:536} INFO - Filling up the DagBag from /Users/asminsadykova/Desktop/h&m/.venv/lib/python3.9/site-packages/airflow/example_dags/example_branch_python_dop_operator_3.py
[2025-12-04T23:53:35.057+0600] {processor.py:839} INFO - DAG(s) dict_keys(['example_branch_dop_operator_v3']) retrieved from /Users/asminsadykova/Desktop/h&m/.venv/lib/python3.9/site-packages/airflow/example_dags/example_branch_python_dop_operator_3.py
[2025-12-04T23:53:35.134+0600] {logging_mixin.py:154} INFO - [2025-12-04T23:53:35.134+0600] {dag.py:2941} INFO - Sync 1 DAGs
[2025-12-04T23:53:35.145+0600] {logging_mixin.py:154} INFO - [2025-12-04T23:53:35.144+0600] {dag.py:3722} INFO - Setting next_dagrun for example_branch_dop_operator_v3 to 2025-12-04T17:52:00+00:00, run_after=2025-12-04T17:53:00+00:00
[2025-12-04T23:53:35.154+0600] {processor.py:179} INFO - Processing /Users/asminsadykova/Desktop/h&m/.venv/lib/python3.9/site-packages/airflow/example_dags/example_branch_python_dop_operator_3.py took 0.126 seconds
[2025-12-04T23:55:01.104+0600] {processor.py:157} INFO - Started process (PID=42215) to work on /Users/asminsadykova/Desktop/h&m/.venv/lib/python3.9/site-packages/airflow/example_dags/example_branch_python_dop_operator_3.py
[2025-12-04T23:55:01.105+0600] {processor.py:829} INFO - Processing file /Users/asminsadykova/Desktop/h&m/.venv/lib/python3.9/site-packages/airflow/example_dags/example_branch_python_dop_operator_3.py for tasks to queue
[2025-12-04T23:55:01.105+0600] {logging_mixin.py:154} INFO - [2025-12-04T23:55:01.105+0600] {dagbag.py:536} INFO - Filling up the DagBag from /Users/asminsadykova/Desktop/h&m/.venv/lib/python3.9/site-packages/airflow/example_dags/example_branch_python_dop_operator_3.py
[2025-12-04T23:55:01.128+0600] {processor.py:839} INFO - DAG(s) dict_keys(['example_branch_dop_operator_v3']) retrieved from /Users/asminsadykova/Desktop/h&m/.venv/lib/python3.9/site-packages/airflow/example_dags/example_branch_python_dop_operator_3.py
[2025-12-04T23:55:01.198+0600] {logging_mixin.py:154} INFO - [2025-12-04T23:55:01.198+0600] {dag.py:2941} INFO - Sync 1 DAGs
[2025-12-04T23:55:01.207+0600] {logging_mixin.py:154} INFO - [2025-12-04T23:55:01.207+0600] {dag.py:3722} INFO - Setting next_dagrun for example_branch_dop_operator_v3 to 2025-12-04T17:54:00+00:00, run_after=2025-12-04T17:55:00+00:00
[2025-12-04T23:55:01.215+0600] {processor.py:179} INFO - Processing /Users/asminsadykova/Desktop/h&m/.venv/lib/python3.9/site-packages/airflow/example_dags/example_branch_python_dop_operator_3.py took 0.112 seconds
[2025-12-04T23:56:30.570+0600] {processor.py:157} INFO - Started process (PID=42290) to work on /Users/asminsadykova/Desktop/h&m/.venv/lib/python3.9/site-packages/airflow/example_dags/example_branch_python_dop_operator_3.py
[2025-12-04T23:56:30.572+0600] {processor.py:829} INFO - Processing file /Users/asminsadykova/Desktop/h&m/.venv/lib/python3.9/site-packages/airflow/example_dags/example_branch_python_dop_operator_3.py for tasks to queue
[2025-12-04T23:56:30.572+0600] {logging_mixin.py:154} INFO - [2025-12-04T23:56:30.572+0600] {dagbag.py:536} INFO - Filling up the DagBag from /Users/asminsadykova/Desktop/h&m/.venv/lib/python3.9/site-packages/airflow/example_dags/example_branch_python_dop_operator_3.py
[2025-12-04T23:56:30.595+0600] {processor.py:839} INFO - DAG(s) dict_keys(['example_branch_dop_operator_v3']) retrieved from /Users/asminsadykova/Desktop/h&m/.venv/lib/python3.9/site-packages/airflow/example_dags/example_branch_python_dop_operator_3.py
[2025-12-04T23:56:30.663+0600] {logging_mixin.py:154} INFO - [2025-12-04T23:56:30.663+0600] {dag.py:2941} INFO - Sync 1 DAGs
[2025-12-04T23:56:30.672+0600] {logging_mixin.py:154} INFO - [2025-12-04T23:56:30.672+0600] {dag.py:3722} INFO - Setting next_dagrun for example_branch_dop_operator_v3 to 2025-12-04T17:55:00+00:00, run_after=2025-12-04T17:56:00+00:00
[2025-12-04T23:56:30.681+0600] {processor.py:179} INFO - Processing /Users/asminsadykova/Desktop/h&m/.venv/lib/python3.9/site-packages/airflow/example_dags/example_branch_python_dop_operator_3.py took 0.111 seconds
[2025-12-04T23:57:59.474+0600] {processor.py:157} INFO - Started process (PID=42373) to work on /Users/asminsadykova/Desktop/h&m/.venv/lib/python3.9/site-packages/airflow/example_dags/example_branch_python_dop_operator_3.py
[2025-12-04T23:57:59.475+0600] {processor.py:829} INFO - Processing file /Users/asminsadykova/Desktop/h&m/.venv/lib/python3.9/site-packages/airflow/example_dags/example_branch_python_dop_operator_3.py for tasks to queue
[2025-12-04T23:57:59.475+0600] {logging_mixin.py:154} INFO - [2025-12-04T23:57:59.475+0600] {dagbag.py:536} INFO - Filling up the DagBag from /Users/asminsadykova/Desktop/h&m/.venv/lib/python3.9/site-packages/airflow/example_dags/example_branch_python_dop_operator_3.py
[2025-12-04T23:57:59.501+0600] {processor.py:839} INFO - DAG(s) dict_keys(['example_branch_dop_operator_v3']) retrieved from /Users/asminsadykova/Desktop/h&m/.venv/lib/python3.9/site-packages/airflow/example_dags/example_branch_python_dop_operator_3.py
[2025-12-04T23:57:59.571+0600] {logging_mixin.py:154} INFO - [2025-12-04T23:57:59.571+0600] {dag.py:2941} INFO - Sync 1 DAGs
[2025-12-04T23:57:59.580+0600] {logging_mixin.py:154} INFO - [2025-12-04T23:57:59.580+0600] {dag.py:3722} INFO - Setting next_dagrun for example_branch_dop_operator_v3 to 2025-12-04T17:56:00+00:00, run_after=2025-12-04T17:57:00+00:00
[2025-12-04T23:57:59.588+0600] {processor.py:179} INFO - Processing /Users/asminsadykova/Desktop/h&m/.venv/lib/python3.9/site-packages/airflow/example_dags/example_branch_python_dop_operator_3.py took 0.114 seconds
[2025-12-04T23:59:27.763+0600] {processor.py:157} INFO - Started process (PID=42617) to work on /Users/asminsadykova/Desktop/h&m/.venv/lib/python3.9/site-packages/airflow/example_dags/example_branch_python_dop_operator_3.py
[2025-12-04T23:59:27.765+0600] {processor.py:829} INFO - Processing file /Users/asminsadykova/Desktop/h&m/.venv/lib/python3.9/site-packages/airflow/example_dags/example_branch_python_dop_operator_3.py for tasks to queue
[2025-12-04T23:59:27.765+0600] {logging_mixin.py:154} INFO - [2025-12-04T23:59:27.765+0600] {dagbag.py:536} INFO - Filling up the DagBag from /Users/asminsadykova/Desktop/h&m/.venv/lib/python3.9/site-packages/airflow/example_dags/example_branch_python_dop_operator_3.py
[2025-12-04T23:59:27.838+0600] {processor.py:839} INFO - DAG(s) dict_keys(['example_branch_dop_operator_v3']) retrieved from /Users/asminsadykova/Desktop/h&m/.venv/lib/python3.9/site-packages/airflow/example_dags/example_branch_python_dop_operator_3.py
[2025-12-04T23:59:27.908+0600] {logging_mixin.py:154} INFO - [2025-12-04T23:59:27.908+0600] {dag.py:2941} INFO - Sync 1 DAGs
[2025-12-04T23:59:27.917+0600] {logging_mixin.py:154} INFO - [2025-12-04T23:59:27.916+0600] {dag.py:3722} INFO - Setting next_dagrun for example_branch_dop_operator_v3 to 2025-12-04T17:58:00+00:00, run_after=2025-12-04T17:59:00+00:00
[2025-12-04T23:59:27.925+0600] {processor.py:179} INFO - Processing /Users/asminsadykova/Desktop/h&m/.venv/lib/python3.9/site-packages/airflow/example_dags/example_branch_python_dop_operator_3.py took 0.163 seconds
[2025-12-05T00:01:04.021+0600] {processor.py:157} INFO - Started process (PID=42837) to work on /Users/asminsadykova/Desktop/h&m/.venv/lib/python3.9/site-packages/airflow/example_dags/example_branch_python_dop_operator_3.py
[2025-12-05T00:01:04.023+0600] {processor.py:829} INFO - Processing file /Users/asminsadykova/Desktop/h&m/.venv/lib/python3.9/site-packages/airflow/example_dags/example_branch_python_dop_operator_3.py for tasks to queue
[2025-12-05T00:01:04.023+0600] {logging_mixin.py:154} INFO - [2025-12-05T00:01:04.023+0600] {dagbag.py:536} INFO - Filling up the DagBag from /Users/asminsadykova/Desktop/h&m/.venv/lib/python3.9/site-packages/airflow/example_dags/example_branch_python_dop_operator_3.py
[2025-12-05T00:01:04.052+0600] {processor.py:839} INFO - DAG(s) dict_keys(['example_branch_dop_operator_v3']) retrieved from /Users/asminsadykova/Desktop/h&m/.venv/lib/python3.9/site-packages/airflow/example_dags/example_branch_python_dop_operator_3.py
[2025-12-05T00:01:04.132+0600] {logging_mixin.py:154} INFO - [2025-12-05T00:01:04.132+0600] {dag.py:2941} INFO - Sync 1 DAGs
[2025-12-05T00:01:04.142+0600] {logging_mixin.py:154} INFO - [2025-12-05T00:01:04.142+0600] {dag.py:3722} INFO - Setting next_dagrun for example_branch_dop_operator_v3 to 2025-12-04T18:00:00+00:00, run_after=2025-12-04T18:01:00+00:00
[2025-12-05T00:01:04.152+0600] {processor.py:179} INFO - Processing /Users/asminsadykova/Desktop/h&m/.venv/lib/python3.9/site-packages/airflow/example_dags/example_branch_python_dop_operator_3.py took 0.131 seconds
[2025-12-05T00:02:36.143+0600] {processor.py:157} INFO - Started process (PID=42929) to work on /Users/asminsadykova/Desktop/h&m/.venv/lib/python3.9/site-packages/airflow/example_dags/example_branch_python_dop_operator_3.py
[2025-12-05T00:02:36.145+0600] {processor.py:829} INFO - Processing file /Users/asminsadykova/Desktop/h&m/.venv/lib/python3.9/site-packages/airflow/example_dags/example_branch_python_dop_operator_3.py for tasks to queue
[2025-12-05T00:02:36.145+0600] {logging_mixin.py:154} INFO - [2025-12-05T00:02:36.145+0600] {dagbag.py:536} INFO - Filling up the DagBag from /Users/asminsadykova/Desktop/h&m/.venv/lib/python3.9/site-packages/airflow/example_dags/example_branch_python_dop_operator_3.py
[2025-12-05T00:02:36.170+0600] {processor.py:839} INFO - DAG(s) dict_keys(['example_branch_dop_operator_v3']) retrieved from /Users/asminsadykova/Desktop/h&m/.venv/lib/python3.9/site-packages/airflow/example_dags/example_branch_python_dop_operator_3.py
[2025-12-05T00:02:36.247+0600] {logging_mixin.py:154} INFO - [2025-12-05T00:02:36.247+0600] {dag.py:2941} INFO - Sync 1 DAGs
[2025-12-05T00:02:36.256+0600] {logging_mixin.py:154} INFO - [2025-12-05T00:02:36.256+0600] {dag.py:3722} INFO - Setting next_dagrun for example_branch_dop_operator_v3 to 2025-12-04T18:01:00+00:00, run_after=2025-12-04T18:02:00+00:00
[2025-12-05T00:02:36.266+0600] {processor.py:179} INFO - Processing /Users/asminsadykova/Desktop/h&m/.venv/lib/python3.9/site-packages/airflow/example_dags/example_branch_python_dop_operator_3.py took 0.125 seconds
[2025-12-05T00:04:07.715+0600] {processor.py:157} INFO - Started process (PID=43073) to work on /Users/asminsadykova/Desktop/h&m/.venv/lib/python3.9/site-packages/airflow/example_dags/example_branch_python_dop_operator_3.py
[2025-12-05T00:04:07.718+0600] {processor.py:829} INFO - Processing file /Users/asminsadykova/Desktop/h&m/.venv/lib/python3.9/site-packages/airflow/example_dags/example_branch_python_dop_operator_3.py for tasks to queue
[2025-12-05T00:04:07.718+0600] {logging_mixin.py:154} INFO - [2025-12-05T00:04:07.718+0600] {dagbag.py:536} INFO - Filling up the DagBag from /Users/asminsadykova/Desktop/h&m/.venv/lib/python3.9/site-packages/airflow/example_dags/example_branch_python_dop_operator_3.py
[2025-12-05T00:04:07.742+0600] {processor.py:839} INFO - DAG(s) dict_keys(['example_branch_dop_operator_v3']) retrieved from /Users/asminsadykova/Desktop/h&m/.venv/lib/python3.9/site-packages/airflow/example_dags/example_branch_python_dop_operator_3.py
[2025-12-05T00:04:07.817+0600] {logging_mixin.py:154} INFO - [2025-12-05T00:04:07.817+0600] {dag.py:2941} INFO - Sync 1 DAGs
[2025-12-05T00:04:07.827+0600] {logging_mixin.py:154} INFO - [2025-12-05T00:04:07.827+0600] {dag.py:3722} INFO - Setting next_dagrun for example_branch_dop_operator_v3 to 2025-12-04T18:03:00+00:00, run_after=2025-12-04T18:04:00+00:00
[2025-12-05T00:04:07.836+0600] {processor.py:179} INFO - Processing /Users/asminsadykova/Desktop/h&m/.venv/lib/python3.9/site-packages/airflow/example_dags/example_branch_python_dop_operator_3.py took 0.121 seconds
[2025-12-05T00:05:44.976+0600] {processor.py:157} INFO - Started process (PID=43291) to work on /Users/asminsadykova/Desktop/h&m/.venv/lib/python3.9/site-packages/airflow/example_dags/example_branch_python_dop_operator_3.py
[2025-12-05T00:05:44.978+0600] {processor.py:829} INFO - Processing file /Users/asminsadykova/Desktop/h&m/.venv/lib/python3.9/site-packages/airflow/example_dags/example_branch_python_dop_operator_3.py for tasks to queue
[2025-12-05T00:05:44.978+0600] {logging_mixin.py:154} INFO - [2025-12-05T00:05:44.978+0600] {dagbag.py:536} INFO - Filling up the DagBag from /Users/asminsadykova/Desktop/h&m/.venv/lib/python3.9/site-packages/airflow/example_dags/example_branch_python_dop_operator_3.py
[2025-12-05T00:05:45.015+0600] {processor.py:839} INFO - DAG(s) dict_keys(['example_branch_dop_operator_v3']) retrieved from /Users/asminsadykova/Desktop/h&m/.venv/lib/python3.9/site-packages/airflow/example_dags/example_branch_python_dop_operator_3.py
[2025-12-05T00:05:45.096+0600] {logging_mixin.py:154} INFO - [2025-12-05T00:05:45.096+0600] {dag.py:2941} INFO - Sync 1 DAGs
[2025-12-05T00:05:45.107+0600] {logging_mixin.py:154} INFO - [2025-12-05T00:05:45.107+0600] {dag.py:3722} INFO - Setting next_dagrun for example_branch_dop_operator_v3 to 2025-12-04T18:04:00+00:00, run_after=2025-12-04T18:05:00+00:00
[2025-12-05T00:05:45.118+0600] {processor.py:179} INFO - Processing /Users/asminsadykova/Desktop/h&m/.venv/lib/python3.9/site-packages/airflow/example_dags/example_branch_python_dop_operator_3.py took 0.142 seconds
[2025-12-05T00:07:09.404+0600] {processor.py:157} INFO - Started process (PID=43433) to work on /Users/asminsadykova/Desktop/h&m/.venv/lib/python3.9/site-packages/airflow/example_dags/example_branch_python_dop_operator_3.py
[2025-12-05T00:07:09.405+0600] {processor.py:829} INFO - Processing file /Users/asminsadykova/Desktop/h&m/.venv/lib/python3.9/site-packages/airflow/example_dags/example_branch_python_dop_operator_3.py for tasks to queue
[2025-12-05T00:07:09.405+0600] {logging_mixin.py:154} INFO - [2025-12-05T00:07:09.405+0600] {dagbag.py:536} INFO - Filling up the DagBag from /Users/asminsadykova/Desktop/h&m/.venv/lib/python3.9/site-packages/airflow/example_dags/example_branch_python_dop_operator_3.py
[2025-12-05T00:07:09.428+0600] {processor.py:839} INFO - DAG(s) dict_keys(['example_branch_dop_operator_v3']) retrieved from /Users/asminsadykova/Desktop/h&m/.venv/lib/python3.9/site-packages/airflow/example_dags/example_branch_python_dop_operator_3.py
[2025-12-05T00:07:09.495+0600] {logging_mixin.py:154} INFO - [2025-12-05T00:07:09.495+0600] {dag.py:2941} INFO - Sync 1 DAGs
[2025-12-05T00:07:09.504+0600] {logging_mixin.py:154} INFO - [2025-12-05T00:07:09.504+0600] {dag.py:3722} INFO - Setting next_dagrun for example_branch_dop_operator_v3 to 2025-12-04T18:06:00+00:00, run_after=2025-12-04T18:07:00+00:00
[2025-12-05T00:07:09.513+0600] {processor.py:179} INFO - Processing /Users/asminsadykova/Desktop/h&m/.venv/lib/python3.9/site-packages/airflow/example_dags/example_branch_python_dop_operator_3.py took 0.109 seconds
[2025-12-05T00:08:36.873+0600] {processor.py:157} INFO - Started process (PID=43588) to work on /Users/asminsadykova/Desktop/h&m/.venv/lib/python3.9/site-packages/airflow/example_dags/example_branch_python_dop_operator_3.py
[2025-12-05T00:08:36.874+0600] {processor.py:829} INFO - Processing file /Users/asminsadykova/Desktop/h&m/.venv/lib/python3.9/site-packages/airflow/example_dags/example_branch_python_dop_operator_3.py for tasks to queue
[2025-12-05T00:08:36.875+0600] {logging_mixin.py:154} INFO - [2025-12-05T00:08:36.875+0600] {dagbag.py:536} INFO - Filling up the DagBag from /Users/asminsadykova/Desktop/h&m/.venv/lib/python3.9/site-packages/airflow/example_dags/example_branch_python_dop_operator_3.py
[2025-12-05T00:08:36.904+0600] {processor.py:839} INFO - DAG(s) dict_keys(['example_branch_dop_operator_v3']) retrieved from /Users/asminsadykova/Desktop/h&m/.venv/lib/python3.9/site-packages/airflow/example_dags/example_branch_python_dop_operator_3.py
[2025-12-05T00:08:36.974+0600] {logging_mixin.py:154} INFO - [2025-12-05T00:08:36.974+0600] {dag.py:2941} INFO - Sync 1 DAGs
[2025-12-05T00:08:36.984+0600] {logging_mixin.py:154} INFO - [2025-12-05T00:08:36.983+0600] {dag.py:3722} INFO - Setting next_dagrun for example_branch_dop_operator_v3 to 2025-12-04T18:07:00+00:00, run_after=2025-12-04T18:08:00+00:00
[2025-12-05T00:08:36.993+0600] {processor.py:179} INFO - Processing /Users/asminsadykova/Desktop/h&m/.venv/lib/python3.9/site-packages/airflow/example_dags/example_branch_python_dop_operator_3.py took 0.121 seconds
[2025-12-05T00:10:12.122+0600] {processor.py:157} INFO - Started process (PID=43751) to work on /Users/asminsadykova/Desktop/h&m/.venv/lib/python3.9/site-packages/airflow/example_dags/example_branch_python_dop_operator_3.py
[2025-12-05T00:10:12.122+0600] {processor.py:829} INFO - Processing file /Users/asminsadykova/Desktop/h&m/.venv/lib/python3.9/site-packages/airflow/example_dags/example_branch_python_dop_operator_3.py for tasks to queue
[2025-12-05T00:10:12.123+0600] {logging_mixin.py:154} INFO - [2025-12-05T00:10:12.123+0600] {dagbag.py:536} INFO - Filling up the DagBag from /Users/asminsadykova/Desktop/h&m/.venv/lib/python3.9/site-packages/airflow/example_dags/example_branch_python_dop_operator_3.py
[2025-12-05T00:10:12.152+0600] {processor.py:839} INFO - DAG(s) dict_keys(['example_branch_dop_operator_v3']) retrieved from /Users/asminsadykova/Desktop/h&m/.venv/lib/python3.9/site-packages/airflow/example_dags/example_branch_python_dop_operator_3.py
[2025-12-05T00:10:12.229+0600] {logging_mixin.py:154} INFO - [2025-12-05T00:10:12.229+0600] {dag.py:2941} INFO - Sync 1 DAGs
[2025-12-05T00:10:12.238+0600] {logging_mixin.py:154} INFO - [2025-12-05T00:10:12.238+0600] {dag.py:3722} INFO - Setting next_dagrun for example_branch_dop_operator_v3 to 2025-12-04T18:09:00+00:00, run_after=2025-12-04T18:10:00+00:00
[2025-12-05T00:10:12.247+0600] {processor.py:179} INFO - Processing /Users/asminsadykova/Desktop/h&m/.venv/lib/python3.9/site-packages/airflow/example_dags/example_branch_python_dop_operator_3.py took 0.126 seconds
[2025-12-05T00:11:45.704+0600] {processor.py:157} INFO - Started process (PID=43908) to work on /Users/asminsadykova/Desktop/h&m/.venv/lib/python3.9/site-packages/airflow/example_dags/example_branch_python_dop_operator_3.py
[2025-12-05T00:11:45.706+0600] {processor.py:829} INFO - Processing file /Users/asminsadykova/Desktop/h&m/.venv/lib/python3.9/site-packages/airflow/example_dags/example_branch_python_dop_operator_3.py for tasks to queue
[2025-12-05T00:11:45.706+0600] {logging_mixin.py:154} INFO - [2025-12-05T00:11:45.706+0600] {dagbag.py:536} INFO - Filling up the DagBag from /Users/asminsadykova/Desktop/h&m/.venv/lib/python3.9/site-packages/airflow/example_dags/example_branch_python_dop_operator_3.py
[2025-12-05T00:11:45.730+0600] {processor.py:839} INFO - DAG(s) dict_keys(['example_branch_dop_operator_v3']) retrieved from /Users/asminsadykova/Desktop/h&m/.venv/lib/python3.9/site-packages/airflow/example_dags/example_branch_python_dop_operator_3.py
[2025-12-05T00:11:45.803+0600] {logging_mixin.py:154} INFO - [2025-12-05T00:11:45.803+0600] {dag.py:2941} INFO - Sync 1 DAGs
[2025-12-05T00:11:45.813+0600] {logging_mixin.py:154} INFO - [2025-12-05T00:11:45.813+0600] {dag.py:3722} INFO - Setting next_dagrun for example_branch_dop_operator_v3 to 2025-12-04T18:10:00+00:00, run_after=2025-12-04T18:11:00+00:00
[2025-12-05T00:11:45.822+0600] {processor.py:179} INFO - Processing /Users/asminsadykova/Desktop/h&m/.venv/lib/python3.9/site-packages/airflow/example_dags/example_branch_python_dop_operator_3.py took 0.118 seconds
