[2025-12-04T23:18:26.003+0600] {processor.py:157} INFO - Started process (PID=38973) to work on /Users/asminsadykova/Desktop/h&m/.venv/lib/python3.9/site-packages/airflow/example_dags/example_datasets.py
[2025-12-04T23:18:26.004+0600] {processor.py:829} INFO - Processing file /Users/asminsadykova/Desktop/h&m/.venv/lib/python3.9/site-packages/airflow/example_dags/example_datasets.py for tasks to queue
[2025-12-04T23:18:26.004+0600] {logging_mixin.py:154} INFO - [2025-12-04T23:18:26.004+0600] {dagbag.py:536} INFO - Filling up the DagBag from /Users/asminsadykova/Desktop/h&m/.venv/lib/python3.9/site-packages/airflow/example_dags/example_datasets.py
[2025-12-04T23:18:26.017+0600] {processor.py:839} INFO - DAG(s) dict_keys(['dataset_consumes_1_never_scheduled', 'dataset_produces_1', 'dataset_produces_2', 'dataset_consumes_1', 'dataset_consumes_unknown_never_scheduled', 'dataset_consumes_1_and_2']) retrieved from /Users/asminsadykova/Desktop/h&m/.venv/lib/python3.9/site-packages/airflow/example_dags/example_datasets.py
[2025-12-04T23:18:26.275+0600] {logging_mixin.py:154} INFO - [2025-12-04T23:18:26.275+0600] {manager.py:499} INFO - Created Permission View: %s
[2025-12-04T23:18:26.278+0600] {logging_mixin.py:154} INFO - [2025-12-04T23:18:26.278+0600] {manager.py:499} INFO - Created Permission View: %s
[2025-12-04T23:18:26.280+0600] {logging_mixin.py:154} INFO - [2025-12-04T23:18:26.280+0600] {manager.py:499} INFO - Created Permission View: %s
[2025-12-04T23:18:26.285+0600] {logging_mixin.py:154} INFO - [2025-12-04T23:18:26.285+0600] {manager.py:499} INFO - Created Permission View: %s
[2025-12-04T23:18:26.287+0600] {logging_mixin.py:154} INFO - [2025-12-04T23:18:26.287+0600] {manager.py:499} INFO - Created Permission View: %s
[2025-12-04T23:18:26.289+0600] {logging_mixin.py:154} INFO - [2025-12-04T23:18:26.289+0600] {manager.py:499} INFO - Created Permission View: %s
[2025-12-04T23:18:26.293+0600] {logging_mixin.py:154} INFO - [2025-12-04T23:18:26.293+0600] {manager.py:499} INFO - Created Permission View: %s
[2025-12-04T23:18:26.295+0600] {logging_mixin.py:154} INFO - [2025-12-04T23:18:26.295+0600] {manager.py:499} INFO - Created Permission View: %s
[2025-12-04T23:18:26.297+0600] {logging_mixin.py:154} INFO - [2025-12-04T23:18:26.297+0600] {manager.py:499} INFO - Created Permission View: %s
[2025-12-04T23:18:26.301+0600] {logging_mixin.py:154} INFO - [2025-12-04T23:18:26.301+0600] {manager.py:499} INFO - Created Permission View: %s
[2025-12-04T23:18:26.303+0600] {logging_mixin.py:154} INFO - [2025-12-04T23:18:26.303+0600] {manager.py:499} INFO - Created Permission View: %s
[2025-12-04T23:18:26.305+0600] {logging_mixin.py:154} INFO - [2025-12-04T23:18:26.305+0600] {manager.py:499} INFO - Created Permission View: %s
[2025-12-04T23:18:26.309+0600] {logging_mixin.py:154} INFO - [2025-12-04T23:18:26.309+0600] {manager.py:499} INFO - Created Permission View: %s
[2025-12-04T23:18:26.311+0600] {logging_mixin.py:154} INFO - [2025-12-04T23:18:26.311+0600] {manager.py:499} INFO - Created Permission View: %s
[2025-12-04T23:18:26.313+0600] {logging_mixin.py:154} INFO - [2025-12-04T23:18:26.313+0600] {manager.py:499} INFO - Created Permission View: %s
[2025-12-04T23:18:26.317+0600] {logging_mixin.py:154} INFO - [2025-12-04T23:18:26.317+0600] {manager.py:499} INFO - Created Permission View: %s
[2025-12-04T23:18:26.319+0600] {logging_mixin.py:154} INFO - [2025-12-04T23:18:26.319+0600] {manager.py:499} INFO - Created Permission View: %s
[2025-12-04T23:18:26.321+0600] {logging_mixin.py:154} INFO - [2025-12-04T23:18:26.321+0600] {manager.py:499} INFO - Created Permission View: %s
[2025-12-04T23:18:26.321+0600] {logging_mixin.py:154} INFO - [2025-12-04T23:18:26.321+0600] {dag.py:2941} INFO - Sync 6 DAGs
[2025-12-04T23:18:26.326+0600] {logging_mixin.py:154} INFO - [2025-12-04T23:18:26.326+0600] {dag.py:2963} INFO - Creating ORM DAG for dataset_produces_2
[2025-12-04T23:18:26.326+0600] {logging_mixin.py:154} INFO - [2025-12-04T23:18:26.326+0600] {dag.py:2963} INFO - Creating ORM DAG for dataset_consumes_1_and_2
[2025-12-04T23:18:26.326+0600] {logging_mixin.py:154} INFO - [2025-12-04T23:18:26.326+0600] {dag.py:2963} INFO - Creating ORM DAG for dataset_consumes_1_never_scheduled
[2025-12-04T23:18:26.326+0600] {logging_mixin.py:154} INFO - [2025-12-04T23:18:26.326+0600] {dag.py:2963} INFO - Creating ORM DAG for dataset_consumes_1
[2025-12-04T23:18:26.327+0600] {logging_mixin.py:154} INFO - [2025-12-04T23:18:26.326+0600] {dag.py:2963} INFO - Creating ORM DAG for dataset_consumes_unknown_never_scheduled
[2025-12-04T23:18:26.327+0600] {logging_mixin.py:154} INFO - [2025-12-04T23:18:26.327+0600] {dag.py:2963} INFO - Creating ORM DAG for dataset_produces_1
[2025-12-04T23:18:26.330+0600] {logging_mixin.py:154} INFO - [2025-12-04T23:18:26.330+0600] {dag.py:3722} INFO - Setting next_dagrun for dataset_consumes_1 to None, run_after=None
[2025-12-04T23:18:26.330+0600] {logging_mixin.py:154} INFO - [2025-12-04T23:18:26.330+0600] {dag.py:3722} INFO - Setting next_dagrun for dataset_consumes_1_and_2 to None, run_after=None
[2025-12-04T23:18:26.330+0600] {logging_mixin.py:154} INFO - [2025-12-04T23:18:26.330+0600] {dag.py:3722} INFO - Setting next_dagrun for dataset_consumes_1_never_scheduled to None, run_after=None
[2025-12-04T23:18:26.330+0600] {logging_mixin.py:154} INFO - [2025-12-04T23:18:26.330+0600] {dag.py:3722} INFO - Setting next_dagrun for dataset_consumes_unknown_never_scheduled to None, run_after=None
[2025-12-04T23:18:26.331+0600] {logging_mixin.py:154} INFO - [2025-12-04T23:18:26.331+0600] {dag.py:3722} INFO - Setting next_dagrun for dataset_produces_1 to 2025-12-03T00:00:00+00:00, run_after=2025-12-04T00:00:00+00:00
[2025-12-04T23:18:26.331+0600] {logging_mixin.py:154} INFO - [2025-12-04T23:18:26.331+0600] {dag.py:3722} INFO - Setting next_dagrun for dataset_produces_2 to None, run_after=None
[2025-12-04T23:18:26.343+0600] {processor.py:179} INFO - Processing /Users/asminsadykova/Desktop/h&m/.venv/lib/python3.9/site-packages/airflow/example_dags/example_datasets.py took 0.340 seconds
[2025-12-04T23:19:55.279+0600] {processor.py:157} INFO - Started process (PID=39077) to work on /Users/asminsadykova/Desktop/h&m/.venv/lib/python3.9/site-packages/airflow/example_dags/example_datasets.py
[2025-12-04T23:19:55.279+0600] {processor.py:829} INFO - Processing file /Users/asminsadykova/Desktop/h&m/.venv/lib/python3.9/site-packages/airflow/example_dags/example_datasets.py for tasks to queue
[2025-12-04T23:19:55.280+0600] {logging_mixin.py:154} INFO - [2025-12-04T23:19:55.280+0600] {dagbag.py:536} INFO - Filling up the DagBag from /Users/asminsadykova/Desktop/h&m/.venv/lib/python3.9/site-packages/airflow/example_dags/example_datasets.py
[2025-12-04T23:19:55.293+0600] {processor.py:839} INFO - DAG(s) dict_keys(['dataset_consumes_1_never_scheduled', 'dataset_produces_1', 'dataset_produces_2', 'dataset_consumes_1', 'dataset_consumes_1_and_2', 'dataset_consumes_unknown_never_scheduled']) retrieved from /Users/asminsadykova/Desktop/h&m/.venv/lib/python3.9/site-packages/airflow/example_dags/example_datasets.py
[2025-12-04T23:19:55.370+0600] {logging_mixin.py:154} INFO - [2025-12-04T23:19:55.370+0600] {dag.py:2941} INFO - Sync 6 DAGs
[2025-12-04T23:19:55.377+0600] {logging_mixin.py:154} INFO - [2025-12-04T23:19:55.377+0600] {dag.py:3722} INFO - Setting next_dagrun for dataset_consumes_1 to None, run_after=None
[2025-12-04T23:19:55.378+0600] {logging_mixin.py:154} INFO - [2025-12-04T23:19:55.378+0600] {dag.py:3722} INFO - Setting next_dagrun for dataset_consumes_1_and_2 to None, run_after=None
[2025-12-04T23:19:55.378+0600] {logging_mixin.py:154} INFO - [2025-12-04T23:19:55.378+0600] {dag.py:3722} INFO - Setting next_dagrun for dataset_consumes_1_never_scheduled to None, run_after=None
[2025-12-04T23:19:55.379+0600] {logging_mixin.py:154} INFO - [2025-12-04T23:19:55.379+0600] {dag.py:3722} INFO - Setting next_dagrun for dataset_consumes_unknown_never_scheduled to None, run_after=None
[2025-12-04T23:19:55.380+0600] {logging_mixin.py:154} INFO - [2025-12-04T23:19:55.380+0600] {dag.py:3722} INFO - Setting next_dagrun for dataset_produces_1 to 2025-12-03T00:00:00+00:00, run_after=2025-12-04T00:00:00+00:00
[2025-12-04T23:19:55.380+0600] {logging_mixin.py:154} INFO - [2025-12-04T23:19:55.380+0600] {dag.py:3722} INFO - Setting next_dagrun for dataset_produces_2 to None, run_after=None
[2025-12-04T23:19:55.390+0600] {processor.py:179} INFO - Processing /Users/asminsadykova/Desktop/h&m/.venv/lib/python3.9/site-packages/airflow/example_dags/example_datasets.py took 0.112 seconds
[2025-12-04T23:21:23.193+0600] {processor.py:157} INFO - Started process (PID=39178) to work on /Users/asminsadykova/Desktop/h&m/.venv/lib/python3.9/site-packages/airflow/example_dags/example_datasets.py
[2025-12-04T23:21:23.195+0600] {processor.py:829} INFO - Processing file /Users/asminsadykova/Desktop/h&m/.venv/lib/python3.9/site-packages/airflow/example_dags/example_datasets.py for tasks to queue
[2025-12-04T23:21:23.195+0600] {logging_mixin.py:154} INFO - [2025-12-04T23:21:23.195+0600] {dagbag.py:536} INFO - Filling up the DagBag from /Users/asminsadykova/Desktop/h&m/.venv/lib/python3.9/site-packages/airflow/example_dags/example_datasets.py
[2025-12-04T23:21:23.209+0600] {processor.py:839} INFO - DAG(s) dict_keys(['dataset_produces_1', 'dataset_produces_2', 'dataset_consumes_1_never_scheduled', 'dataset_consumes_1_and_2', 'dataset_consumes_unknown_never_scheduled', 'dataset_consumes_1']) retrieved from /Users/asminsadykova/Desktop/h&m/.venv/lib/python3.9/site-packages/airflow/example_dags/example_datasets.py
[2025-12-04T23:21:23.287+0600] {logging_mixin.py:154} INFO - [2025-12-04T23:21:23.287+0600] {dag.py:2941} INFO - Sync 6 DAGs
[2025-12-04T23:21:23.294+0600] {logging_mixin.py:154} INFO - [2025-12-04T23:21:23.294+0600] {dag.py:3722} INFO - Setting next_dagrun for dataset_consumes_1 to None, run_after=None
[2025-12-04T23:21:23.295+0600] {logging_mixin.py:154} INFO - [2025-12-04T23:21:23.295+0600] {dag.py:3722} INFO - Setting next_dagrun for dataset_consumes_1_and_2 to None, run_after=None
[2025-12-04T23:21:23.296+0600] {logging_mixin.py:154} INFO - [2025-12-04T23:21:23.296+0600] {dag.py:3722} INFO - Setting next_dagrun for dataset_consumes_1_never_scheduled to None, run_after=None
[2025-12-04T23:21:23.296+0600] {logging_mixin.py:154} INFO - [2025-12-04T23:21:23.296+0600] {dag.py:3722} INFO - Setting next_dagrun for dataset_consumes_unknown_never_scheduled to None, run_after=None
[2025-12-04T23:21:23.297+0600] {logging_mixin.py:154} INFO - [2025-12-04T23:21:23.297+0600] {dag.py:3722} INFO - Setting next_dagrun for dataset_produces_1 to 2025-12-03T00:00:00+00:00, run_after=2025-12-04T00:00:00+00:00
[2025-12-04T23:21:23.297+0600] {logging_mixin.py:154} INFO - [2025-12-04T23:21:23.297+0600] {dag.py:3722} INFO - Setting next_dagrun for dataset_produces_2 to None, run_after=None
[2025-12-04T23:21:23.309+0600] {processor.py:179} INFO - Processing /Users/asminsadykova/Desktop/h&m/.venv/lib/python3.9/site-packages/airflow/example_dags/example_datasets.py took 0.116 seconds
[2025-12-04T23:22:46.837+0600] {processor.py:157} INFO - Started process (PID=39273) to work on /Users/asminsadykova/Desktop/h&m/.venv/lib/python3.9/site-packages/airflow/example_dags/example_datasets.py
[2025-12-04T23:22:46.838+0600] {processor.py:829} INFO - Processing file /Users/asminsadykova/Desktop/h&m/.venv/lib/python3.9/site-packages/airflow/example_dags/example_datasets.py for tasks to queue
[2025-12-04T23:22:46.839+0600] {logging_mixin.py:154} INFO - [2025-12-04T23:22:46.839+0600] {dagbag.py:536} INFO - Filling up the DagBag from /Users/asminsadykova/Desktop/h&m/.venv/lib/python3.9/site-packages/airflow/example_dags/example_datasets.py
[2025-12-04T23:22:46.851+0600] {processor.py:839} INFO - DAG(s) dict_keys(['dataset_consumes_1_never_scheduled', 'dataset_consumes_1_and_2', 'dataset_produces_2', 'dataset_produces_1', 'dataset_consumes_unknown_never_scheduled', 'dataset_consumes_1']) retrieved from /Users/asminsadykova/Desktop/h&m/.venv/lib/python3.9/site-packages/airflow/example_dags/example_datasets.py
[2025-12-04T23:22:46.927+0600] {logging_mixin.py:154} INFO - [2025-12-04T23:22:46.927+0600] {dag.py:2941} INFO - Sync 6 DAGs
[2025-12-04T23:22:46.934+0600] {logging_mixin.py:154} INFO - [2025-12-04T23:22:46.934+0600] {dag.py:3722} INFO - Setting next_dagrun for dataset_consumes_1 to None, run_after=None
[2025-12-04T23:22:46.935+0600] {logging_mixin.py:154} INFO - [2025-12-04T23:22:46.935+0600] {dag.py:3722} INFO - Setting next_dagrun for dataset_consumes_1_and_2 to None, run_after=None
[2025-12-04T23:22:46.935+0600] {logging_mixin.py:154} INFO - [2025-12-04T23:22:46.935+0600] {dag.py:3722} INFO - Setting next_dagrun for dataset_consumes_1_never_scheduled to None, run_after=None
[2025-12-04T23:22:46.936+0600] {logging_mixin.py:154} INFO - [2025-12-04T23:22:46.936+0600] {dag.py:3722} INFO - Setting next_dagrun for dataset_consumes_unknown_never_scheduled to None, run_after=None
[2025-12-04T23:22:46.937+0600] {logging_mixin.py:154} INFO - [2025-12-04T23:22:46.936+0600] {dag.py:3722} INFO - Setting next_dagrun for dataset_produces_1 to 2025-12-03T00:00:00+00:00, run_after=2025-12-04T00:00:00+00:00
[2025-12-04T23:22:46.937+0600] {logging_mixin.py:154} INFO - [2025-12-04T23:22:46.937+0600] {dag.py:3722} INFO - Setting next_dagrun for dataset_produces_2 to None, run_after=None
[2025-12-04T23:22:46.947+0600] {processor.py:179} INFO - Processing /Users/asminsadykova/Desktop/h&m/.venv/lib/python3.9/site-packages/airflow/example_dags/example_datasets.py took 0.111 seconds
[2025-12-04T23:24:23.499+0600] {processor.py:157} INFO - Started process (PID=39469) to work on /Users/asminsadykova/Desktop/h&m/.venv/lib/python3.9/site-packages/airflow/example_dags/example_datasets.py
[2025-12-04T23:24:23.501+0600] {processor.py:829} INFO - Processing file /Users/asminsadykova/Desktop/h&m/.venv/lib/python3.9/site-packages/airflow/example_dags/example_datasets.py for tasks to queue
[2025-12-04T23:24:23.501+0600] {logging_mixin.py:154} INFO - [2025-12-04T23:24:23.501+0600] {dagbag.py:536} INFO - Filling up the DagBag from /Users/asminsadykova/Desktop/h&m/.venv/lib/python3.9/site-packages/airflow/example_dags/example_datasets.py
[2025-12-04T23:24:23.514+0600] {processor.py:839} INFO - DAG(s) dict_keys(['dataset_produces_1', 'dataset_consumes_1', 'dataset_consumes_1_never_scheduled', 'dataset_consumes_1_and_2', 'dataset_produces_2', 'dataset_consumes_unknown_never_scheduled']) retrieved from /Users/asminsadykova/Desktop/h&m/.venv/lib/python3.9/site-packages/airflow/example_dags/example_datasets.py
[2025-12-04T23:24:23.588+0600] {logging_mixin.py:154} INFO - [2025-12-04T23:24:23.588+0600] {dag.py:2941} INFO - Sync 6 DAGs
[2025-12-04T23:24:23.595+0600] {logging_mixin.py:154} INFO - [2025-12-04T23:24:23.595+0600] {dag.py:3722} INFO - Setting next_dagrun for dataset_consumes_1 to None, run_after=None
[2025-12-04T23:24:23.596+0600] {logging_mixin.py:154} INFO - [2025-12-04T23:24:23.596+0600] {dag.py:3722} INFO - Setting next_dagrun for dataset_consumes_1_and_2 to None, run_after=None
[2025-12-04T23:24:23.596+0600] {logging_mixin.py:154} INFO - [2025-12-04T23:24:23.596+0600] {dag.py:3722} INFO - Setting next_dagrun for dataset_consumes_1_never_scheduled to None, run_after=None
[2025-12-04T23:24:23.597+0600] {logging_mixin.py:154} INFO - [2025-12-04T23:24:23.597+0600] {dag.py:3722} INFO - Setting next_dagrun for dataset_consumes_unknown_never_scheduled to None, run_after=None
[2025-12-04T23:24:23.598+0600] {logging_mixin.py:154} INFO - [2025-12-04T23:24:23.598+0600] {dag.py:3722} INFO - Setting next_dagrun for dataset_produces_1 to 2025-12-03T00:00:00+00:00, run_after=2025-12-04T00:00:00+00:00
[2025-12-04T23:24:23.598+0600] {logging_mixin.py:154} INFO - [2025-12-04T23:24:23.598+0600] {dag.py:3722} INFO - Setting next_dagrun for dataset_produces_2 to None, run_after=None
[2025-12-04T23:24:23.609+0600] {processor.py:179} INFO - Processing /Users/asminsadykova/Desktop/h&m/.venv/lib/python3.9/site-packages/airflow/example_dags/example_datasets.py took 0.111 seconds
[2025-12-04T23:25:56.507+0600] {processor.py:157} INFO - Started process (PID=39557) to work on /Users/asminsadykova/Desktop/h&m/.venv/lib/python3.9/site-packages/airflow/example_dags/example_datasets.py
[2025-12-04T23:25:56.508+0600] {processor.py:829} INFO - Processing file /Users/asminsadykova/Desktop/h&m/.venv/lib/python3.9/site-packages/airflow/example_dags/example_datasets.py for tasks to queue
[2025-12-04T23:25:56.508+0600] {logging_mixin.py:154} INFO - [2025-12-04T23:25:56.508+0600] {dagbag.py:536} INFO - Filling up the DagBag from /Users/asminsadykova/Desktop/h&m/.venv/lib/python3.9/site-packages/airflow/example_dags/example_datasets.py
[2025-12-04T23:25:56.521+0600] {processor.py:839} INFO - DAG(s) dict_keys(['dataset_produces_2', 'dataset_consumes_unknown_never_scheduled', 'dataset_consumes_1_never_scheduled', 'dataset_consumes_1', 'dataset_consumes_1_and_2', 'dataset_produces_1']) retrieved from /Users/asminsadykova/Desktop/h&m/.venv/lib/python3.9/site-packages/airflow/example_dags/example_datasets.py
[2025-12-04T23:25:56.597+0600] {logging_mixin.py:154} INFO - [2025-12-04T23:25:56.597+0600] {dag.py:2941} INFO - Sync 6 DAGs
[2025-12-04T23:25:56.603+0600] {logging_mixin.py:154} INFO - [2025-12-04T23:25:56.603+0600] {dag.py:3722} INFO - Setting next_dagrun for dataset_consumes_1 to None, run_after=None
[2025-12-04T23:25:56.604+0600] {logging_mixin.py:154} INFO - [2025-12-04T23:25:56.604+0600] {dag.py:3722} INFO - Setting next_dagrun for dataset_consumes_1_and_2 to None, run_after=None
[2025-12-04T23:25:56.605+0600] {logging_mixin.py:154} INFO - [2025-12-04T23:25:56.605+0600] {dag.py:3722} INFO - Setting next_dagrun for dataset_consumes_1_never_scheduled to None, run_after=None
[2025-12-04T23:25:56.605+0600] {logging_mixin.py:154} INFO - [2025-12-04T23:25:56.605+0600] {dag.py:3722} INFO - Setting next_dagrun for dataset_consumes_unknown_never_scheduled to None, run_after=None
[2025-12-04T23:25:56.606+0600] {logging_mixin.py:154} INFO - [2025-12-04T23:25:56.606+0600] {dag.py:3722} INFO - Setting next_dagrun for dataset_produces_1 to 2025-12-03T00:00:00+00:00, run_after=2025-12-04T00:00:00+00:00
[2025-12-04T23:25:56.606+0600] {logging_mixin.py:154} INFO - [2025-12-04T23:25:56.606+0600] {dag.py:3722} INFO - Setting next_dagrun for dataset_produces_2 to None, run_after=None
[2025-12-04T23:25:56.618+0600] {processor.py:179} INFO - Processing /Users/asminsadykova/Desktop/h&m/.venv/lib/python3.9/site-packages/airflow/example_dags/example_datasets.py took 0.112 seconds
[2025-12-04T23:27:37.233+0600] {processor.py:157} INFO - Started process (PID=39659) to work on /Users/asminsadykova/Desktop/h&m/.venv/lib/python3.9/site-packages/airflow/example_dags/example_datasets.py
[2025-12-04T23:27:37.233+0600] {processor.py:829} INFO - Processing file /Users/asminsadykova/Desktop/h&m/.venv/lib/python3.9/site-packages/airflow/example_dags/example_datasets.py for tasks to queue
[2025-12-04T23:27:37.234+0600] {logging_mixin.py:154} INFO - [2025-12-04T23:27:37.233+0600] {dagbag.py:536} INFO - Filling up the DagBag from /Users/asminsadykova/Desktop/h&m/.venv/lib/python3.9/site-packages/airflow/example_dags/example_datasets.py
[2025-12-04T23:27:37.247+0600] {processor.py:839} INFO - DAG(s) dict_keys(['dataset_produces_2', 'dataset_consumes_unknown_never_scheduled', 'dataset_consumes_1_never_scheduled', 'dataset_produces_1', 'dataset_consumes_1_and_2', 'dataset_consumes_1']) retrieved from /Users/asminsadykova/Desktop/h&m/.venv/lib/python3.9/site-packages/airflow/example_dags/example_datasets.py
[2025-12-04T23:27:37.325+0600] {logging_mixin.py:154} INFO - [2025-12-04T23:27:37.325+0600] {dag.py:2941} INFO - Sync 6 DAGs
[2025-12-04T23:27:37.331+0600] {logging_mixin.py:154} INFO - [2025-12-04T23:27:37.331+0600] {dag.py:3722} INFO - Setting next_dagrun for dataset_consumes_1 to None, run_after=None
[2025-12-04T23:27:37.332+0600] {logging_mixin.py:154} INFO - [2025-12-04T23:27:37.332+0600] {dag.py:3722} INFO - Setting next_dagrun for dataset_consumes_1_and_2 to None, run_after=None
[2025-12-04T23:27:37.333+0600] {logging_mixin.py:154} INFO - [2025-12-04T23:27:37.333+0600] {dag.py:3722} INFO - Setting next_dagrun for dataset_consumes_1_never_scheduled to None, run_after=None
[2025-12-04T23:27:37.333+0600] {logging_mixin.py:154} INFO - [2025-12-04T23:27:37.333+0600] {dag.py:3722} INFO - Setting next_dagrun for dataset_consumes_unknown_never_scheduled to None, run_after=None
[2025-12-04T23:27:37.334+0600] {logging_mixin.py:154} INFO - [2025-12-04T23:27:37.334+0600] {dag.py:3722} INFO - Setting next_dagrun for dataset_produces_1 to 2025-12-03T00:00:00+00:00, run_after=2025-12-04T00:00:00+00:00
[2025-12-04T23:27:37.334+0600] {logging_mixin.py:154} INFO - [2025-12-04T23:27:37.334+0600] {dag.py:3722} INFO - Setting next_dagrun for dataset_produces_2 to None, run_after=None
[2025-12-04T23:27:37.346+0600] {processor.py:179} INFO - Processing /Users/asminsadykova/Desktop/h&m/.venv/lib/python3.9/site-packages/airflow/example_dags/example_datasets.py took 0.114 seconds
[2025-12-04T23:29:01.486+0600] {processor.py:157} INFO - Started process (PID=39746) to work on /Users/asminsadykova/Desktop/h&m/.venv/lib/python3.9/site-packages/airflow/example_dags/example_datasets.py
[2025-12-04T23:29:01.487+0600] {processor.py:829} INFO - Processing file /Users/asminsadykova/Desktop/h&m/.venv/lib/python3.9/site-packages/airflow/example_dags/example_datasets.py for tasks to queue
[2025-12-04T23:29:01.487+0600] {logging_mixin.py:154} INFO - [2025-12-04T23:29:01.487+0600] {dagbag.py:536} INFO - Filling up the DagBag from /Users/asminsadykova/Desktop/h&m/.venv/lib/python3.9/site-packages/airflow/example_dags/example_datasets.py
[2025-12-04T23:29:01.499+0600] {processor.py:839} INFO - DAG(s) dict_keys(['dataset_produces_1', 'dataset_consumes_1', 'dataset_consumes_1_and_2', 'dataset_consumes_unknown_never_scheduled', 'dataset_produces_2', 'dataset_consumes_1_never_scheduled']) retrieved from /Users/asminsadykova/Desktop/h&m/.venv/lib/python3.9/site-packages/airflow/example_dags/example_datasets.py
[2025-12-04T23:29:01.572+0600] {logging_mixin.py:154} INFO - [2025-12-04T23:29:01.572+0600] {dag.py:2941} INFO - Sync 6 DAGs
[2025-12-04T23:29:01.579+0600] {logging_mixin.py:154} INFO - [2025-12-04T23:29:01.579+0600] {dag.py:3722} INFO - Setting next_dagrun for dataset_consumes_1 to None, run_after=None
[2025-12-04T23:29:01.580+0600] {logging_mixin.py:154} INFO - [2025-12-04T23:29:01.580+0600] {dag.py:3722} INFO - Setting next_dagrun for dataset_consumes_1_and_2 to None, run_after=None
[2025-12-04T23:29:01.580+0600] {logging_mixin.py:154} INFO - [2025-12-04T23:29:01.580+0600] {dag.py:3722} INFO - Setting next_dagrun for dataset_consumes_1_never_scheduled to None, run_after=None
[2025-12-04T23:29:01.581+0600] {logging_mixin.py:154} INFO - [2025-12-04T23:29:01.581+0600] {dag.py:3722} INFO - Setting next_dagrun for dataset_consumes_unknown_never_scheduled to None, run_after=None
[2025-12-04T23:29:01.582+0600] {logging_mixin.py:154} INFO - [2025-12-04T23:29:01.582+0600] {dag.py:3722} INFO - Setting next_dagrun for dataset_produces_1 to 2025-12-03T00:00:00+00:00, run_after=2025-12-04T00:00:00+00:00
[2025-12-04T23:29:01.582+0600] {logging_mixin.py:154} INFO - [2025-12-04T23:29:01.582+0600] {dag.py:3722} INFO - Setting next_dagrun for dataset_produces_2 to None, run_after=None
[2025-12-04T23:29:01.594+0600] {processor.py:179} INFO - Processing /Users/asminsadykova/Desktop/h&m/.venv/lib/python3.9/site-packages/airflow/example_dags/example_datasets.py took 0.109 seconds
[2025-12-04T23:30:26.108+0600] {processor.py:157} INFO - Started process (PID=39816) to work on /Users/asminsadykova/Desktop/h&m/.venv/lib/python3.9/site-packages/airflow/example_dags/example_datasets.py
[2025-12-04T23:30:26.109+0600] {processor.py:829} INFO - Processing file /Users/asminsadykova/Desktop/h&m/.venv/lib/python3.9/site-packages/airflow/example_dags/example_datasets.py for tasks to queue
[2025-12-04T23:30:26.109+0600] {logging_mixin.py:154} INFO - [2025-12-04T23:30:26.109+0600] {dagbag.py:536} INFO - Filling up the DagBag from /Users/asminsadykova/Desktop/h&m/.venv/lib/python3.9/site-packages/airflow/example_dags/example_datasets.py
[2025-12-04T23:30:26.122+0600] {processor.py:839} INFO - DAG(s) dict_keys(['dataset_consumes_unknown_never_scheduled', 'dataset_consumes_1_never_scheduled', 'dataset_consumes_1_and_2', 'dataset_consumes_1', 'dataset_produces_2', 'dataset_produces_1']) retrieved from /Users/asminsadykova/Desktop/h&m/.venv/lib/python3.9/site-packages/airflow/example_dags/example_datasets.py
[2025-12-04T23:30:26.197+0600] {logging_mixin.py:154} INFO - [2025-12-04T23:30:26.196+0600] {dag.py:2941} INFO - Sync 6 DAGs
[2025-12-04T23:30:26.203+0600] {logging_mixin.py:154} INFO - [2025-12-04T23:30:26.203+0600] {dag.py:3722} INFO - Setting next_dagrun for dataset_consumes_1 to None, run_after=None
[2025-12-04T23:30:26.204+0600] {logging_mixin.py:154} INFO - [2025-12-04T23:30:26.204+0600] {dag.py:3722} INFO - Setting next_dagrun for dataset_consumes_1_and_2 to None, run_after=None
[2025-12-04T23:30:26.205+0600] {logging_mixin.py:154} INFO - [2025-12-04T23:30:26.204+0600] {dag.py:3722} INFO - Setting next_dagrun for dataset_consumes_1_never_scheduled to None, run_after=None
[2025-12-04T23:30:26.205+0600] {logging_mixin.py:154} INFO - [2025-12-04T23:30:26.205+0600] {dag.py:3722} INFO - Setting next_dagrun for dataset_consumes_unknown_never_scheduled to None, run_after=None
[2025-12-04T23:30:26.206+0600] {logging_mixin.py:154} INFO - [2025-12-04T23:30:26.206+0600] {dag.py:3722} INFO - Setting next_dagrun for dataset_produces_1 to 2025-12-03T00:00:00+00:00, run_after=2025-12-04T00:00:00+00:00
[2025-12-04T23:30:26.206+0600] {logging_mixin.py:154} INFO - [2025-12-04T23:30:26.206+0600] {dag.py:3722} INFO - Setting next_dagrun for dataset_produces_2 to None, run_after=None
[2025-12-04T23:30:26.219+0600] {processor.py:179} INFO - Processing /Users/asminsadykova/Desktop/h&m/.venv/lib/python3.9/site-packages/airflow/example_dags/example_datasets.py took 0.111 seconds
[2025-12-04T23:31:47.750+0600] {processor.py:157} INFO - Started process (PID=39882) to work on /Users/asminsadykova/Desktop/h&m/.venv/lib/python3.9/site-packages/airflow/example_dags/example_datasets.py
[2025-12-04T23:31:47.750+0600] {processor.py:829} INFO - Processing file /Users/asminsadykova/Desktop/h&m/.venv/lib/python3.9/site-packages/airflow/example_dags/example_datasets.py for tasks to queue
[2025-12-04T23:31:47.751+0600] {logging_mixin.py:154} INFO - [2025-12-04T23:31:47.751+0600] {dagbag.py:536} INFO - Filling up the DagBag from /Users/asminsadykova/Desktop/h&m/.venv/lib/python3.9/site-packages/airflow/example_dags/example_datasets.py
[2025-12-04T23:31:47.765+0600] {processor.py:839} INFO - DAG(s) dict_keys(['dataset_produces_2', 'dataset_consumes_unknown_never_scheduled', 'dataset_consumes_1_never_scheduled', 'dataset_consumes_1_and_2', 'dataset_consumes_1', 'dataset_produces_1']) retrieved from /Users/asminsadykova/Desktop/h&m/.venv/lib/python3.9/site-packages/airflow/example_dags/example_datasets.py
[2025-12-04T23:31:47.849+0600] {logging_mixin.py:154} INFO - [2025-12-04T23:31:47.849+0600] {dag.py:2941} INFO - Sync 6 DAGs
[2025-12-04T23:31:47.858+0600] {logging_mixin.py:154} INFO - [2025-12-04T23:31:47.858+0600] {dag.py:3722} INFO - Setting next_dagrun for dataset_consumes_1 to None, run_after=None
[2025-12-04T23:31:47.860+0600] {logging_mixin.py:154} INFO - [2025-12-04T23:31:47.860+0600] {dag.py:3722} INFO - Setting next_dagrun for dataset_consumes_1_and_2 to None, run_after=None
[2025-12-04T23:31:47.860+0600] {logging_mixin.py:154} INFO - [2025-12-04T23:31:47.860+0600] {dag.py:3722} INFO - Setting next_dagrun for dataset_consumes_1_never_scheduled to None, run_after=None
[2025-12-04T23:31:47.862+0600] {logging_mixin.py:154} INFO - [2025-12-04T23:31:47.861+0600] {dag.py:3722} INFO - Setting next_dagrun for dataset_consumes_unknown_never_scheduled to None, run_after=None
[2025-12-04T23:31:47.863+0600] {logging_mixin.py:154} INFO - [2025-12-04T23:31:47.863+0600] {dag.py:3722} INFO - Setting next_dagrun for dataset_produces_1 to 2025-12-03T00:00:00+00:00, run_after=2025-12-04T00:00:00+00:00
[2025-12-04T23:31:47.863+0600] {logging_mixin.py:154} INFO - [2025-12-04T23:31:47.863+0600] {dag.py:3722} INFO - Setting next_dagrun for dataset_produces_2 to None, run_after=None
[2025-12-04T23:31:47.876+0600] {processor.py:179} INFO - Processing /Users/asminsadykova/Desktop/h&m/.venv/lib/python3.9/site-packages/airflow/example_dags/example_datasets.py took 0.127 seconds
[2025-12-04T23:33:15.832+0600] {processor.py:157} INFO - Started process (PID=40105) to work on /Users/asminsadykova/Desktop/h&m/.venv/lib/python3.9/site-packages/airflow/example_dags/example_datasets.py
[2025-12-04T23:33:15.833+0600] {processor.py:829} INFO - Processing file /Users/asminsadykova/Desktop/h&m/.venv/lib/python3.9/site-packages/airflow/example_dags/example_datasets.py for tasks to queue
[2025-12-04T23:33:15.833+0600] {logging_mixin.py:154} INFO - [2025-12-04T23:33:15.833+0600] {dagbag.py:536} INFO - Filling up the DagBag from /Users/asminsadykova/Desktop/h&m/.venv/lib/python3.9/site-packages/airflow/example_dags/example_datasets.py
[2025-12-04T23:33:15.847+0600] {processor.py:839} INFO - DAG(s) dict_keys(['dataset_consumes_1_never_scheduled', 'dataset_consumes_1_and_2', 'dataset_produces_2', 'dataset_produces_1', 'dataset_consumes_1', 'dataset_consumes_unknown_never_scheduled']) retrieved from /Users/asminsadykova/Desktop/h&m/.venv/lib/python3.9/site-packages/airflow/example_dags/example_datasets.py
[2025-12-04T23:33:15.922+0600] {logging_mixin.py:154} INFO - [2025-12-04T23:33:15.922+0600] {dag.py:2941} INFO - Sync 6 DAGs
[2025-12-04T23:33:15.929+0600] {logging_mixin.py:154} INFO - [2025-12-04T23:33:15.929+0600] {dag.py:3722} INFO - Setting next_dagrun for dataset_consumes_1 to None, run_after=None
[2025-12-04T23:33:15.930+0600] {logging_mixin.py:154} INFO - [2025-12-04T23:33:15.930+0600] {dag.py:3722} INFO - Setting next_dagrun for dataset_consumes_1_and_2 to None, run_after=None
[2025-12-04T23:33:15.930+0600] {logging_mixin.py:154} INFO - [2025-12-04T23:33:15.930+0600] {dag.py:3722} INFO - Setting next_dagrun for dataset_consumes_1_never_scheduled to None, run_after=None
[2025-12-04T23:33:15.930+0600] {logging_mixin.py:154} INFO - [2025-12-04T23:33:15.930+0600] {dag.py:3722} INFO - Setting next_dagrun for dataset_consumes_unknown_never_scheduled to None, run_after=None
[2025-12-04T23:33:15.931+0600] {logging_mixin.py:154} INFO - [2025-12-04T23:33:15.931+0600] {dag.py:3722} INFO - Setting next_dagrun for dataset_produces_1 to 2025-12-03T00:00:00+00:00, run_after=2025-12-04T00:00:00+00:00
[2025-12-04T23:33:15.932+0600] {logging_mixin.py:154} INFO - [2025-12-04T23:33:15.932+0600] {dag.py:3722} INFO - Setting next_dagrun for dataset_produces_2 to None, run_after=None
[2025-12-04T23:33:15.944+0600] {processor.py:179} INFO - Processing /Users/asminsadykova/Desktop/h&m/.venv/lib/python3.9/site-packages/airflow/example_dags/example_datasets.py took 0.113 seconds
[2025-12-04T23:34:40.542+0600] {processor.py:157} INFO - Started process (PID=40189) to work on /Users/asminsadykova/Desktop/h&m/.venv/lib/python3.9/site-packages/airflow/example_dags/example_datasets.py
[2025-12-04T23:34:40.543+0600] {processor.py:829} INFO - Processing file /Users/asminsadykova/Desktop/h&m/.venv/lib/python3.9/site-packages/airflow/example_dags/example_datasets.py for tasks to queue
[2025-12-04T23:34:40.543+0600] {logging_mixin.py:154} INFO - [2025-12-04T23:34:40.543+0600] {dagbag.py:536} INFO - Filling up the DagBag from /Users/asminsadykova/Desktop/h&m/.venv/lib/python3.9/site-packages/airflow/example_dags/example_datasets.py
[2025-12-04T23:34:40.556+0600] {processor.py:839} INFO - DAG(s) dict_keys(['dataset_consumes_1_and_2', 'dataset_produces_2', 'dataset_consumes_unknown_never_scheduled', 'dataset_consumes_1', 'dataset_produces_1', 'dataset_consumes_1_never_scheduled']) retrieved from /Users/asminsadykova/Desktop/h&m/.venv/lib/python3.9/site-packages/airflow/example_dags/example_datasets.py
[2025-12-04T23:34:40.632+0600] {logging_mixin.py:154} INFO - [2025-12-04T23:34:40.632+0600] {dag.py:2941} INFO - Sync 6 DAGs
[2025-12-04T23:34:40.639+0600] {logging_mixin.py:154} INFO - [2025-12-04T23:34:40.638+0600] {dag.py:3722} INFO - Setting next_dagrun for dataset_consumes_1 to None, run_after=None
[2025-12-04T23:34:40.640+0600] {logging_mixin.py:154} INFO - [2025-12-04T23:34:40.640+0600] {dag.py:3722} INFO - Setting next_dagrun for dataset_consumes_1_and_2 to None, run_after=None
[2025-12-04T23:34:40.640+0600] {logging_mixin.py:154} INFO - [2025-12-04T23:34:40.640+0600] {dag.py:3722} INFO - Setting next_dagrun for dataset_consumes_1_never_scheduled to None, run_after=None
[2025-12-04T23:34:40.640+0600] {logging_mixin.py:154} INFO - [2025-12-04T23:34:40.640+0600] {dag.py:3722} INFO - Setting next_dagrun for dataset_consumes_unknown_never_scheduled to None, run_after=None
[2025-12-04T23:34:40.641+0600] {logging_mixin.py:154} INFO - [2025-12-04T23:34:40.641+0600] {dag.py:3722} INFO - Setting next_dagrun for dataset_produces_1 to 2025-12-03T00:00:00+00:00, run_after=2025-12-04T00:00:00+00:00
[2025-12-04T23:34:40.642+0600] {logging_mixin.py:154} INFO - [2025-12-04T23:34:40.641+0600] {dag.py:3722} INFO - Setting next_dagrun for dataset_produces_2 to None, run_after=None
[2025-12-04T23:34:40.653+0600] {processor.py:179} INFO - Processing /Users/asminsadykova/Desktop/h&m/.venv/lib/python3.9/site-packages/airflow/example_dags/example_datasets.py took 0.112 seconds
[2025-12-04T23:36:19.610+0600] {processor.py:157} INFO - Started process (PID=40276) to work on /Users/asminsadykova/Desktop/h&m/.venv/lib/python3.9/site-packages/airflow/example_dags/example_datasets.py
[2025-12-04T23:36:19.611+0600] {processor.py:829} INFO - Processing file /Users/asminsadykova/Desktop/h&m/.venv/lib/python3.9/site-packages/airflow/example_dags/example_datasets.py for tasks to queue
[2025-12-04T23:36:19.611+0600] {logging_mixin.py:154} INFO - [2025-12-04T23:36:19.611+0600] {dagbag.py:536} INFO - Filling up the DagBag from /Users/asminsadykova/Desktop/h&m/.venv/lib/python3.9/site-packages/airflow/example_dags/example_datasets.py
[2025-12-04T23:36:19.624+0600] {processor.py:839} INFO - DAG(s) dict_keys(['dataset_consumes_1', 'dataset_consumes_1_and_2', 'dataset_consumes_unknown_never_scheduled', 'dataset_produces_2', 'dataset_produces_1', 'dataset_consumes_1_never_scheduled']) retrieved from /Users/asminsadykova/Desktop/h&m/.venv/lib/python3.9/site-packages/airflow/example_dags/example_datasets.py
[2025-12-04T23:36:19.705+0600] {logging_mixin.py:154} INFO - [2025-12-04T23:36:19.705+0600] {dag.py:2941} INFO - Sync 6 DAGs
[2025-12-04T23:36:19.712+0600] {logging_mixin.py:154} INFO - [2025-12-04T23:36:19.712+0600] {dag.py:3722} INFO - Setting next_dagrun for dataset_consumes_1 to None, run_after=None
[2025-12-04T23:36:19.713+0600] {logging_mixin.py:154} INFO - [2025-12-04T23:36:19.713+0600] {dag.py:3722} INFO - Setting next_dagrun for dataset_consumes_1_and_2 to None, run_after=None
[2025-12-04T23:36:19.713+0600] {logging_mixin.py:154} INFO - [2025-12-04T23:36:19.713+0600] {dag.py:3722} INFO - Setting next_dagrun for dataset_consumes_1_never_scheduled to None, run_after=None
[2025-12-04T23:36:19.713+0600] {logging_mixin.py:154} INFO - [2025-12-04T23:36:19.713+0600] {dag.py:3722} INFO - Setting next_dagrun for dataset_consumes_unknown_never_scheduled to None, run_after=None
[2025-12-04T23:36:19.714+0600] {logging_mixin.py:154} INFO - [2025-12-04T23:36:19.714+0600] {dag.py:3722} INFO - Setting next_dagrun for dataset_produces_1 to 2025-12-03T00:00:00+00:00, run_after=2025-12-04T00:00:00+00:00
[2025-12-04T23:36:19.715+0600] {logging_mixin.py:154} INFO - [2025-12-04T23:36:19.715+0600] {dag.py:3722} INFO - Setting next_dagrun for dataset_produces_2 to None, run_after=None
[2025-12-04T23:36:19.727+0600] {processor.py:179} INFO - Processing /Users/asminsadykova/Desktop/h&m/.venv/lib/python3.9/site-packages/airflow/example_dags/example_datasets.py took 0.118 seconds
[2025-12-04T23:37:47.840+0600] {processor.py:157} INFO - Started process (PID=40373) to work on /Users/asminsadykova/Desktop/h&m/.venv/lib/python3.9/site-packages/airflow/example_dags/example_datasets.py
[2025-12-04T23:37:47.841+0600] {processor.py:829} INFO - Processing file /Users/asminsadykova/Desktop/h&m/.venv/lib/python3.9/site-packages/airflow/example_dags/example_datasets.py for tasks to queue
[2025-12-04T23:37:47.841+0600] {logging_mixin.py:154} INFO - [2025-12-04T23:37:47.841+0600] {dagbag.py:536} INFO - Filling up the DagBag from /Users/asminsadykova/Desktop/h&m/.venv/lib/python3.9/site-packages/airflow/example_dags/example_datasets.py
[2025-12-04T23:37:47.855+0600] {processor.py:839} INFO - DAG(s) dict_keys(['dataset_consumes_unknown_never_scheduled', 'dataset_consumes_1', 'dataset_produces_2', 'dataset_produces_1', 'dataset_consumes_1_never_scheduled', 'dataset_consumes_1_and_2']) retrieved from /Users/asminsadykova/Desktop/h&m/.venv/lib/python3.9/site-packages/airflow/example_dags/example_datasets.py
[2025-12-04T23:37:47.933+0600] {logging_mixin.py:154} INFO - [2025-12-04T23:37:47.933+0600] {dag.py:2941} INFO - Sync 6 DAGs
[2025-12-04T23:37:47.940+0600] {logging_mixin.py:154} INFO - [2025-12-04T23:37:47.940+0600] {dag.py:3722} INFO - Setting next_dagrun for dataset_consumes_1 to None, run_after=None
[2025-12-04T23:37:47.941+0600] {logging_mixin.py:154} INFO - [2025-12-04T23:37:47.941+0600] {dag.py:3722} INFO - Setting next_dagrun for dataset_consumes_1_and_2 to None, run_after=None
[2025-12-04T23:37:47.941+0600] {logging_mixin.py:154} INFO - [2025-12-04T23:37:47.941+0600] {dag.py:3722} INFO - Setting next_dagrun for dataset_consumes_1_never_scheduled to None, run_after=None
[2025-12-04T23:37:47.942+0600] {logging_mixin.py:154} INFO - [2025-12-04T23:37:47.942+0600] {dag.py:3722} INFO - Setting next_dagrun for dataset_consumes_unknown_never_scheduled to None, run_after=None
[2025-12-04T23:37:47.943+0600] {logging_mixin.py:154} INFO - [2025-12-04T23:37:47.943+0600] {dag.py:3722} INFO - Setting next_dagrun for dataset_produces_1 to 2025-12-03T00:00:00+00:00, run_after=2025-12-04T00:00:00+00:00
[2025-12-04T23:37:47.943+0600] {logging_mixin.py:154} INFO - [2025-12-04T23:37:47.943+0600] {dag.py:3722} INFO - Setting next_dagrun for dataset_produces_2 to None, run_after=None
[2025-12-04T23:37:47.956+0600] {processor.py:179} INFO - Processing /Users/asminsadykova/Desktop/h&m/.venv/lib/python3.9/site-packages/airflow/example_dags/example_datasets.py took 0.117 seconds
[2025-12-04T23:39:25.742+0600] {processor.py:157} INFO - Started process (PID=40454) to work on /Users/asminsadykova/Desktop/h&m/.venv/lib/python3.9/site-packages/airflow/example_dags/example_datasets.py
[2025-12-04T23:39:25.747+0600] {processor.py:829} INFO - Processing file /Users/asminsadykova/Desktop/h&m/.venv/lib/python3.9/site-packages/airflow/example_dags/example_datasets.py for tasks to queue
[2025-12-04T23:39:25.747+0600] {logging_mixin.py:154} INFO - [2025-12-04T23:39:25.747+0600] {dagbag.py:536} INFO - Filling up the DagBag from /Users/asminsadykova/Desktop/h&m/.venv/lib/python3.9/site-packages/airflow/example_dags/example_datasets.py
[2025-12-04T23:39:25.762+0600] {processor.py:839} INFO - DAG(s) dict_keys(['dataset_produces_1', 'dataset_consumes_1', 'dataset_consumes_1_never_scheduled', 'dataset_produces_2', 'dataset_consumes_1_and_2', 'dataset_consumes_unknown_never_scheduled']) retrieved from /Users/asminsadykova/Desktop/h&m/.venv/lib/python3.9/site-packages/airflow/example_dags/example_datasets.py
[2025-12-04T23:39:25.846+0600] {logging_mixin.py:154} INFO - [2025-12-04T23:39:25.845+0600] {dag.py:2941} INFO - Sync 6 DAGs
[2025-12-04T23:39:25.852+0600] {logging_mixin.py:154} INFO - [2025-12-04T23:39:25.852+0600] {dag.py:3722} INFO - Setting next_dagrun for dataset_consumes_1 to None, run_after=None
[2025-12-04T23:39:25.854+0600] {logging_mixin.py:154} INFO - [2025-12-04T23:39:25.853+0600] {dag.py:3722} INFO - Setting next_dagrun for dataset_consumes_1_and_2 to None, run_after=None
[2025-12-04T23:39:25.854+0600] {logging_mixin.py:154} INFO - [2025-12-04T23:39:25.854+0600] {dag.py:3722} INFO - Setting next_dagrun for dataset_consumes_1_never_scheduled to None, run_after=None
[2025-12-04T23:39:25.854+0600] {logging_mixin.py:154} INFO - [2025-12-04T23:39:25.854+0600] {dag.py:3722} INFO - Setting next_dagrun for dataset_consumes_unknown_never_scheduled to None, run_after=None
[2025-12-04T23:39:25.855+0600] {logging_mixin.py:154} INFO - [2025-12-04T23:39:25.855+0600] {dag.py:3722} INFO - Setting next_dagrun for dataset_produces_1 to 2025-12-03T00:00:00+00:00, run_after=2025-12-04T00:00:00+00:00
[2025-12-04T23:39:25.856+0600] {logging_mixin.py:154} INFO - [2025-12-04T23:39:25.856+0600] {dag.py:3722} INFO - Setting next_dagrun for dataset_produces_2 to None, run_after=None
[2025-12-04T23:39:25.870+0600] {processor.py:179} INFO - Processing /Users/asminsadykova/Desktop/h&m/.venv/lib/python3.9/site-packages/airflow/example_dags/example_datasets.py took 0.129 seconds
[2025-12-04T23:41:01.937+0600] {processor.py:157} INFO - Started process (PID=40585) to work on /Users/asminsadykova/Desktop/h&m/.venv/lib/python3.9/site-packages/airflow/example_dags/example_datasets.py
[2025-12-04T23:41:01.939+0600] {processor.py:829} INFO - Processing file /Users/asminsadykova/Desktop/h&m/.venv/lib/python3.9/site-packages/airflow/example_dags/example_datasets.py for tasks to queue
[2025-12-04T23:41:01.939+0600] {logging_mixin.py:154} INFO - [2025-12-04T23:41:01.939+0600] {dagbag.py:536} INFO - Filling up the DagBag from /Users/asminsadykova/Desktop/h&m/.venv/lib/python3.9/site-packages/airflow/example_dags/example_datasets.py
[2025-12-04T23:41:01.952+0600] {processor.py:839} INFO - DAG(s) dict_keys(['dataset_produces_2', 'dataset_consumes_1', 'dataset_consumes_1_and_2', 'dataset_produces_1', 'dataset_consumes_unknown_never_scheduled', 'dataset_consumes_1_never_scheduled']) retrieved from /Users/asminsadykova/Desktop/h&m/.venv/lib/python3.9/site-packages/airflow/example_dags/example_datasets.py
[2025-12-04T23:41:02.027+0600] {logging_mixin.py:154} INFO - [2025-12-04T23:41:02.027+0600] {dag.py:2941} INFO - Sync 6 DAGs
[2025-12-04T23:41:02.034+0600] {logging_mixin.py:154} INFO - [2025-12-04T23:41:02.034+0600] {dag.py:3722} INFO - Setting next_dagrun for dataset_consumes_1 to None, run_after=None
[2025-12-04T23:41:02.036+0600] {logging_mixin.py:154} INFO - [2025-12-04T23:41:02.036+0600] {dag.py:3722} INFO - Setting next_dagrun for dataset_consumes_1_and_2 to None, run_after=None
[2025-12-04T23:41:02.036+0600] {logging_mixin.py:154} INFO - [2025-12-04T23:41:02.036+0600] {dag.py:3722} INFO - Setting next_dagrun for dataset_consumes_1_never_scheduled to None, run_after=None
[2025-12-04T23:41:02.036+0600] {logging_mixin.py:154} INFO - [2025-12-04T23:41:02.036+0600] {dag.py:3722} INFO - Setting next_dagrun for dataset_consumes_unknown_never_scheduled to None, run_after=None
[2025-12-04T23:41:02.037+0600] {logging_mixin.py:154} INFO - [2025-12-04T23:41:02.037+0600] {dag.py:3722} INFO - Setting next_dagrun for dataset_produces_1 to 2025-12-03T00:00:00+00:00, run_after=2025-12-04T00:00:00+00:00
[2025-12-04T23:41:02.038+0600] {logging_mixin.py:154} INFO - [2025-12-04T23:41:02.038+0600] {dag.py:3722} INFO - Setting next_dagrun for dataset_produces_2 to None, run_after=None
[2025-12-04T23:41:02.050+0600] {processor.py:179} INFO - Processing /Users/asminsadykova/Desktop/h&m/.venv/lib/python3.9/site-packages/airflow/example_dags/example_datasets.py took 0.113 seconds
[2025-12-04T23:42:27.038+0600] {processor.py:157} INFO - Started process (PID=40672) to work on /Users/asminsadykova/Desktop/h&m/.venv/lib/python3.9/site-packages/airflow/example_dags/example_datasets.py
[2025-12-04T23:42:27.040+0600] {processor.py:829} INFO - Processing file /Users/asminsadykova/Desktop/h&m/.venv/lib/python3.9/site-packages/airflow/example_dags/example_datasets.py for tasks to queue
[2025-12-04T23:42:27.040+0600] {logging_mixin.py:154} INFO - [2025-12-04T23:42:27.040+0600] {dagbag.py:536} INFO - Filling up the DagBag from /Users/asminsadykova/Desktop/h&m/.venv/lib/python3.9/site-packages/airflow/example_dags/example_datasets.py
[2025-12-04T23:42:27.054+0600] {processor.py:839} INFO - DAG(s) dict_keys(['dataset_consumes_1', 'dataset_produces_2', 'dataset_produces_1', 'dataset_consumes_1_never_scheduled', 'dataset_consumes_1_and_2', 'dataset_consumes_unknown_never_scheduled']) retrieved from /Users/asminsadykova/Desktop/h&m/.venv/lib/python3.9/site-packages/airflow/example_dags/example_datasets.py
[2025-12-04T23:42:27.133+0600] {logging_mixin.py:154} INFO - [2025-12-04T23:42:27.133+0600] {dag.py:2941} INFO - Sync 6 DAGs
[2025-12-04T23:42:27.140+0600] {logging_mixin.py:154} INFO - [2025-12-04T23:42:27.140+0600] {dag.py:3722} INFO - Setting next_dagrun for dataset_consumes_1 to None, run_after=None
[2025-12-04T23:42:27.141+0600] {logging_mixin.py:154} INFO - [2025-12-04T23:42:27.141+0600] {dag.py:3722} INFO - Setting next_dagrun for dataset_consumes_1_and_2 to None, run_after=None
[2025-12-04T23:42:27.141+0600] {logging_mixin.py:154} INFO - [2025-12-04T23:42:27.141+0600] {dag.py:3722} INFO - Setting next_dagrun for dataset_consumes_1_never_scheduled to None, run_after=None
[2025-12-04T23:42:27.142+0600] {logging_mixin.py:154} INFO - [2025-12-04T23:42:27.142+0600] {dag.py:3722} INFO - Setting next_dagrun for dataset_consumes_unknown_never_scheduled to None, run_after=None
[2025-12-04T23:42:27.143+0600] {logging_mixin.py:154} INFO - [2025-12-04T23:42:27.143+0600] {dag.py:3722} INFO - Setting next_dagrun for dataset_produces_1 to 2025-12-03T00:00:00+00:00, run_after=2025-12-04T00:00:00+00:00
[2025-12-04T23:42:27.143+0600] {logging_mixin.py:154} INFO - [2025-12-04T23:42:27.143+0600] {dag.py:3722} INFO - Setting next_dagrun for dataset_produces_2 to None, run_after=None
[2025-12-04T23:42:27.159+0600] {processor.py:179} INFO - Processing /Users/asminsadykova/Desktop/h&m/.venv/lib/python3.9/site-packages/airflow/example_dags/example_datasets.py took 0.121 seconds
[2025-12-04T23:44:04.077+0600] {processor.py:157} INFO - Started process (PID=40874) to work on /Users/asminsadykova/Desktop/h&m/.venv/lib/python3.9/site-packages/airflow/example_dags/example_datasets.py
[2025-12-04T23:44:04.078+0600] {processor.py:829} INFO - Processing file /Users/asminsadykova/Desktop/h&m/.venv/lib/python3.9/site-packages/airflow/example_dags/example_datasets.py for tasks to queue
[2025-12-04T23:44:04.078+0600] {logging_mixin.py:154} INFO - [2025-12-04T23:44:04.078+0600] {dagbag.py:536} INFO - Filling up the DagBag from /Users/asminsadykova/Desktop/h&m/.venv/lib/python3.9/site-packages/airflow/example_dags/example_datasets.py
[2025-12-04T23:44:04.092+0600] {processor.py:839} INFO - DAG(s) dict_keys(['dataset_produces_1', 'dataset_consumes_1_never_scheduled', 'dataset_consumes_unknown_never_scheduled', 'dataset_consumes_1', 'dataset_produces_2', 'dataset_consumes_1_and_2']) retrieved from /Users/asminsadykova/Desktop/h&m/.venv/lib/python3.9/site-packages/airflow/example_dags/example_datasets.py
[2025-12-04T23:44:04.170+0600] {logging_mixin.py:154} INFO - [2025-12-04T23:44:04.169+0600] {dag.py:2941} INFO - Sync 6 DAGs
[2025-12-04T23:44:04.177+0600] {logging_mixin.py:154} INFO - [2025-12-04T23:44:04.177+0600] {dag.py:3722} INFO - Setting next_dagrun for dataset_consumes_1 to None, run_after=None
[2025-12-04T23:44:04.178+0600] {logging_mixin.py:154} INFO - [2025-12-04T23:44:04.178+0600] {dag.py:3722} INFO - Setting next_dagrun for dataset_consumes_1_and_2 to None, run_after=None
[2025-12-04T23:44:04.178+0600] {logging_mixin.py:154} INFO - [2025-12-04T23:44:04.178+0600] {dag.py:3722} INFO - Setting next_dagrun for dataset_consumes_1_never_scheduled to None, run_after=None
[2025-12-04T23:44:04.179+0600] {logging_mixin.py:154} INFO - [2025-12-04T23:44:04.178+0600] {dag.py:3722} INFO - Setting next_dagrun for dataset_consumes_unknown_never_scheduled to None, run_after=None
[2025-12-04T23:44:04.179+0600] {logging_mixin.py:154} INFO - [2025-12-04T23:44:04.179+0600] {dag.py:3722} INFO - Setting next_dagrun for dataset_produces_1 to 2025-12-03T00:00:00+00:00, run_after=2025-12-04T00:00:00+00:00
[2025-12-04T23:44:04.180+0600] {logging_mixin.py:154} INFO - [2025-12-04T23:44:04.180+0600] {dag.py:3722} INFO - Setting next_dagrun for dataset_produces_2 to None, run_after=None
[2025-12-04T23:44:04.192+0600] {processor.py:179} INFO - Processing /Users/asminsadykova/Desktop/h&m/.venv/lib/python3.9/site-packages/airflow/example_dags/example_datasets.py took 0.115 seconds
[2025-12-04T23:45:40.478+0600] {processor.py:157} INFO - Started process (PID=41172) to work on /Users/asminsadykova/Desktop/h&m/.venv/lib/python3.9/site-packages/airflow/example_dags/example_datasets.py
[2025-12-04T23:45:40.480+0600] {processor.py:829} INFO - Processing file /Users/asminsadykova/Desktop/h&m/.venv/lib/python3.9/site-packages/airflow/example_dags/example_datasets.py for tasks to queue
[2025-12-04T23:45:40.480+0600] {logging_mixin.py:154} INFO - [2025-12-04T23:45:40.480+0600] {dagbag.py:536} INFO - Filling up the DagBag from /Users/asminsadykova/Desktop/h&m/.venv/lib/python3.9/site-packages/airflow/example_dags/example_datasets.py
[2025-12-04T23:45:40.493+0600] {processor.py:839} INFO - DAG(s) dict_keys(['dataset_consumes_unknown_never_scheduled', 'dataset_produces_1', 'dataset_produces_2', 'dataset_consumes_1_never_scheduled', 'dataset_consumes_1_and_2', 'dataset_consumes_1']) retrieved from /Users/asminsadykova/Desktop/h&m/.venv/lib/python3.9/site-packages/airflow/example_dags/example_datasets.py
[2025-12-04T23:45:40.567+0600] {logging_mixin.py:154} INFO - [2025-12-04T23:45:40.567+0600] {dag.py:2941} INFO - Sync 6 DAGs
[2025-12-04T23:45:40.574+0600] {logging_mixin.py:154} INFO - [2025-12-04T23:45:40.574+0600] {dag.py:3722} INFO - Setting next_dagrun for dataset_consumes_1 to None, run_after=None
[2025-12-04T23:45:40.575+0600] {logging_mixin.py:154} INFO - [2025-12-04T23:45:40.575+0600] {dag.py:3722} INFO - Setting next_dagrun for dataset_consumes_1_and_2 to None, run_after=None
[2025-12-04T23:45:40.575+0600] {logging_mixin.py:154} INFO - [2025-12-04T23:45:40.575+0600] {dag.py:3722} INFO - Setting next_dagrun for dataset_consumes_1_never_scheduled to None, run_after=None
[2025-12-04T23:45:40.576+0600] {logging_mixin.py:154} INFO - [2025-12-04T23:45:40.576+0600] {dag.py:3722} INFO - Setting next_dagrun for dataset_consumes_unknown_never_scheduled to None, run_after=None
[2025-12-04T23:45:40.577+0600] {logging_mixin.py:154} INFO - [2025-12-04T23:45:40.577+0600] {dag.py:3722} INFO - Setting next_dagrun for dataset_produces_1 to 2025-12-03T00:00:00+00:00, run_after=2025-12-04T00:00:00+00:00
[2025-12-04T23:45:40.577+0600] {logging_mixin.py:154} INFO - [2025-12-04T23:45:40.577+0600] {dag.py:3722} INFO - Setting next_dagrun for dataset_produces_2 to None, run_after=None
[2025-12-04T23:45:40.589+0600] {processor.py:179} INFO - Processing /Users/asminsadykova/Desktop/h&m/.venv/lib/python3.9/site-packages/airflow/example_dags/example_datasets.py took 0.112 seconds
[2025-12-04T23:47:16.055+0600] {processor.py:157} INFO - Started process (PID=41494) to work on /Users/asminsadykova/Desktop/h&m/.venv/lib/python3.9/site-packages/airflow/example_dags/example_datasets.py
[2025-12-04T23:47:16.055+0600] {processor.py:829} INFO - Processing file /Users/asminsadykova/Desktop/h&m/.venv/lib/python3.9/site-packages/airflow/example_dags/example_datasets.py for tasks to queue
[2025-12-04T23:47:16.056+0600] {logging_mixin.py:154} INFO - [2025-12-04T23:47:16.055+0600] {dagbag.py:536} INFO - Filling up the DagBag from /Users/asminsadykova/Desktop/h&m/.venv/lib/python3.9/site-packages/airflow/example_dags/example_datasets.py
[2025-12-04T23:47:16.069+0600] {processor.py:839} INFO - DAG(s) dict_keys(['dataset_produces_2', 'dataset_consumes_1_never_scheduled', 'dataset_consumes_1', 'dataset_consumes_1_and_2', 'dataset_consumes_unknown_never_scheduled', 'dataset_produces_1']) retrieved from /Users/asminsadykova/Desktop/h&m/.venv/lib/python3.9/site-packages/airflow/example_dags/example_datasets.py
[2025-12-04T23:47:16.143+0600] {logging_mixin.py:154} INFO - [2025-12-04T23:47:16.143+0600] {dag.py:2941} INFO - Sync 6 DAGs
[2025-12-04T23:47:16.150+0600] {logging_mixin.py:154} INFO - [2025-12-04T23:47:16.150+0600] {dag.py:3722} INFO - Setting next_dagrun for dataset_consumes_1 to None, run_after=None
[2025-12-04T23:47:16.152+0600] {logging_mixin.py:154} INFO - [2025-12-04T23:47:16.152+0600] {dag.py:3722} INFO - Setting next_dagrun for dataset_consumes_1_and_2 to None, run_after=None
[2025-12-04T23:47:16.152+0600] {logging_mixin.py:154} INFO - [2025-12-04T23:47:16.152+0600] {dag.py:3722} INFO - Setting next_dagrun for dataset_consumes_1_never_scheduled to None, run_after=None
[2025-12-04T23:47:16.152+0600] {logging_mixin.py:154} INFO - [2025-12-04T23:47:16.152+0600] {dag.py:3722} INFO - Setting next_dagrun for dataset_consumes_unknown_never_scheduled to None, run_after=None
[2025-12-04T23:47:16.153+0600] {logging_mixin.py:154} INFO - [2025-12-04T23:47:16.153+0600] {dag.py:3722} INFO - Setting next_dagrun for dataset_produces_1 to 2025-12-03T00:00:00+00:00, run_after=2025-12-04T00:00:00+00:00
[2025-12-04T23:47:16.154+0600] {logging_mixin.py:154} INFO - [2025-12-04T23:47:16.153+0600] {dag.py:3722} INFO - Setting next_dagrun for dataset_produces_2 to None, run_after=None
[2025-12-04T23:47:16.165+0600] {processor.py:179} INFO - Processing /Users/asminsadykova/Desktop/h&m/.venv/lib/python3.9/site-packages/airflow/example_dags/example_datasets.py took 0.111 seconds
[2025-12-04T23:48:40.571+0600] {processor.py:157} INFO - Started process (PID=41671) to work on /Users/asminsadykova/Desktop/h&m/.venv/lib/python3.9/site-packages/airflow/example_dags/example_datasets.py
[2025-12-04T23:48:40.572+0600] {processor.py:829} INFO - Processing file /Users/asminsadykova/Desktop/h&m/.venv/lib/python3.9/site-packages/airflow/example_dags/example_datasets.py for tasks to queue
[2025-12-04T23:48:40.572+0600] {logging_mixin.py:154} INFO - [2025-12-04T23:48:40.572+0600] {dagbag.py:536} INFO - Filling up the DagBag from /Users/asminsadykova/Desktop/h&m/.venv/lib/python3.9/site-packages/airflow/example_dags/example_datasets.py
[2025-12-04T23:48:40.587+0600] {processor.py:839} INFO - DAG(s) dict_keys(['dataset_produces_1', 'dataset_produces_2', 'dataset_consumes_1_and_2', 'dataset_consumes_unknown_never_scheduled', 'dataset_consumes_1', 'dataset_consumes_1_never_scheduled']) retrieved from /Users/asminsadykova/Desktop/h&m/.venv/lib/python3.9/site-packages/airflow/example_dags/example_datasets.py
[2025-12-04T23:48:40.669+0600] {logging_mixin.py:154} INFO - [2025-12-04T23:48:40.669+0600] {dag.py:2941} INFO - Sync 6 DAGs
[2025-12-04T23:48:40.676+0600] {logging_mixin.py:154} INFO - [2025-12-04T23:48:40.676+0600] {dag.py:3722} INFO - Setting next_dagrun for dataset_consumes_1 to None, run_after=None
[2025-12-04T23:48:40.677+0600] {logging_mixin.py:154} INFO - [2025-12-04T23:48:40.677+0600] {dag.py:3722} INFO - Setting next_dagrun for dataset_consumes_1_and_2 to None, run_after=None
[2025-12-04T23:48:40.678+0600] {logging_mixin.py:154} INFO - [2025-12-04T23:48:40.678+0600] {dag.py:3722} INFO - Setting next_dagrun for dataset_consumes_1_never_scheduled to None, run_after=None
[2025-12-04T23:48:40.678+0600] {logging_mixin.py:154} INFO - [2025-12-04T23:48:40.678+0600] {dag.py:3722} INFO - Setting next_dagrun for dataset_consumes_unknown_never_scheduled to None, run_after=None
[2025-12-04T23:48:40.679+0600] {logging_mixin.py:154} INFO - [2025-12-04T23:48:40.679+0600] {dag.py:3722} INFO - Setting next_dagrun for dataset_produces_1 to 2025-12-03T00:00:00+00:00, run_after=2025-12-04T00:00:00+00:00
[2025-12-04T23:48:40.679+0600] {logging_mixin.py:154} INFO - [2025-12-04T23:48:40.679+0600] {dag.py:3722} INFO - Setting next_dagrun for dataset_produces_2 to None, run_after=None
[2025-12-04T23:48:40.692+0600] {processor.py:179} INFO - Processing /Users/asminsadykova/Desktop/h&m/.venv/lib/python3.9/site-packages/airflow/example_dags/example_datasets.py took 0.122 seconds
[2025-12-04T23:50:15.402+0600] {processor.py:157} INFO - Started process (PID=41796) to work on /Users/asminsadykova/Desktop/h&m/.venv/lib/python3.9/site-packages/airflow/example_dags/example_datasets.py
[2025-12-04T23:50:15.403+0600] {processor.py:829} INFO - Processing file /Users/asminsadykova/Desktop/h&m/.venv/lib/python3.9/site-packages/airflow/example_dags/example_datasets.py for tasks to queue
[2025-12-04T23:50:15.403+0600] {logging_mixin.py:154} INFO - [2025-12-04T23:50:15.403+0600] {dagbag.py:536} INFO - Filling up the DagBag from /Users/asminsadykova/Desktop/h&m/.venv/lib/python3.9/site-packages/airflow/example_dags/example_datasets.py
[2025-12-04T23:50:15.416+0600] {processor.py:839} INFO - DAG(s) dict_keys(['dataset_consumes_1_and_2', 'dataset_consumes_1_never_scheduled', 'dataset_produces_2', 'dataset_produces_1', 'dataset_consumes_unknown_never_scheduled', 'dataset_consumes_1']) retrieved from /Users/asminsadykova/Desktop/h&m/.venv/lib/python3.9/site-packages/airflow/example_dags/example_datasets.py
[2025-12-04T23:50:15.490+0600] {logging_mixin.py:154} INFO - [2025-12-04T23:50:15.490+0600] {dag.py:2941} INFO - Sync 6 DAGs
[2025-12-04T23:50:15.497+0600] {logging_mixin.py:154} INFO - [2025-12-04T23:50:15.497+0600] {dag.py:3722} INFO - Setting next_dagrun for dataset_consumes_1 to None, run_after=None
[2025-12-04T23:50:15.498+0600] {logging_mixin.py:154} INFO - [2025-12-04T23:50:15.498+0600] {dag.py:3722} INFO - Setting next_dagrun for dataset_consumes_1_and_2 to None, run_after=None
[2025-12-04T23:50:15.498+0600] {logging_mixin.py:154} INFO - [2025-12-04T23:50:15.498+0600] {dag.py:3722} INFO - Setting next_dagrun for dataset_consumes_1_never_scheduled to None, run_after=None
[2025-12-04T23:50:15.499+0600] {logging_mixin.py:154} INFO - [2025-12-04T23:50:15.499+0600] {dag.py:3722} INFO - Setting next_dagrun for dataset_consumes_unknown_never_scheduled to None, run_after=None
[2025-12-04T23:50:15.500+0600] {logging_mixin.py:154} INFO - [2025-12-04T23:50:15.500+0600] {dag.py:3722} INFO - Setting next_dagrun for dataset_produces_1 to 2025-12-03T00:00:00+00:00, run_after=2025-12-04T00:00:00+00:00
[2025-12-04T23:50:15.500+0600] {logging_mixin.py:154} INFO - [2025-12-04T23:50:15.500+0600] {dag.py:3722} INFO - Setting next_dagrun for dataset_produces_2 to None, run_after=None
[2025-12-04T23:50:15.513+0600] {processor.py:179} INFO - Processing /Users/asminsadykova/Desktop/h&m/.venv/lib/python3.9/site-packages/airflow/example_dags/example_datasets.py took 0.111 seconds
[2025-12-04T23:51:52.529+0600] {processor.py:157} INFO - Started process (PID=42033) to work on /Users/asminsadykova/Desktop/h&m/.venv/lib/python3.9/site-packages/airflow/example_dags/example_datasets.py
[2025-12-04T23:51:52.530+0600] {processor.py:829} INFO - Processing file /Users/asminsadykova/Desktop/h&m/.venv/lib/python3.9/site-packages/airflow/example_dags/example_datasets.py for tasks to queue
[2025-12-04T23:51:52.530+0600] {logging_mixin.py:154} INFO - [2025-12-04T23:51:52.530+0600] {dagbag.py:536} INFO - Filling up the DagBag from /Users/asminsadykova/Desktop/h&m/.venv/lib/python3.9/site-packages/airflow/example_dags/example_datasets.py
[2025-12-04T23:51:52.543+0600] {processor.py:839} INFO - DAG(s) dict_keys(['dataset_produces_2', 'dataset_consumes_1_and_2', 'dataset_consumes_1', 'dataset_consumes_unknown_never_scheduled', 'dataset_produces_1', 'dataset_consumes_1_never_scheduled']) retrieved from /Users/asminsadykova/Desktop/h&m/.venv/lib/python3.9/site-packages/airflow/example_dags/example_datasets.py
[2025-12-04T23:51:52.618+0600] {logging_mixin.py:154} INFO - [2025-12-04T23:51:52.618+0600] {dag.py:2941} INFO - Sync 6 DAGs
[2025-12-04T23:51:52.625+0600] {logging_mixin.py:154} INFO - [2025-12-04T23:51:52.624+0600] {dag.py:3722} INFO - Setting next_dagrun for dataset_consumes_1 to None, run_after=None
[2025-12-04T23:51:52.626+0600] {logging_mixin.py:154} INFO - [2025-12-04T23:51:52.626+0600] {dag.py:3722} INFO - Setting next_dagrun for dataset_consumes_1_and_2 to None, run_after=None
[2025-12-04T23:51:52.626+0600] {logging_mixin.py:154} INFO - [2025-12-04T23:51:52.626+0600] {dag.py:3722} INFO - Setting next_dagrun for dataset_consumes_1_never_scheduled to None, run_after=None
[2025-12-04T23:51:52.626+0600] {logging_mixin.py:154} INFO - [2025-12-04T23:51:52.626+0600] {dag.py:3722} INFO - Setting next_dagrun for dataset_consumes_unknown_never_scheduled to None, run_after=None
[2025-12-04T23:51:52.627+0600] {logging_mixin.py:154} INFO - [2025-12-04T23:51:52.627+0600] {dag.py:3722} INFO - Setting next_dagrun for dataset_produces_1 to 2025-12-03T00:00:00+00:00, run_after=2025-12-04T00:00:00+00:00
[2025-12-04T23:51:52.627+0600] {logging_mixin.py:154} INFO - [2025-12-04T23:51:52.627+0600] {dag.py:3722} INFO - Setting next_dagrun for dataset_produces_2 to None, run_after=None
[2025-12-04T23:51:52.640+0600] {processor.py:179} INFO - Processing /Users/asminsadykova/Desktop/h&m/.venv/lib/python3.9/site-packages/airflow/example_dags/example_datasets.py took 0.112 seconds
[2025-12-04T23:53:29.303+0600] {processor.py:157} INFO - Started process (PID=42135) to work on /Users/asminsadykova/Desktop/h&m/.venv/lib/python3.9/site-packages/airflow/example_dags/example_datasets.py
[2025-12-04T23:53:29.304+0600] {processor.py:829} INFO - Processing file /Users/asminsadykova/Desktop/h&m/.venv/lib/python3.9/site-packages/airflow/example_dags/example_datasets.py for tasks to queue
[2025-12-04T23:53:29.304+0600] {logging_mixin.py:154} INFO - [2025-12-04T23:53:29.304+0600] {dagbag.py:536} INFO - Filling up the DagBag from /Users/asminsadykova/Desktop/h&m/.venv/lib/python3.9/site-packages/airflow/example_dags/example_datasets.py
[2025-12-04T23:53:29.317+0600] {processor.py:839} INFO - DAG(s) dict_keys(['dataset_consumes_1_and_2', 'dataset_produces_2', 'dataset_consumes_1_never_scheduled', 'dataset_consumes_unknown_never_scheduled', 'dataset_consumes_1', 'dataset_produces_1']) retrieved from /Users/asminsadykova/Desktop/h&m/.venv/lib/python3.9/site-packages/airflow/example_dags/example_datasets.py
[2025-12-04T23:53:29.392+0600] {logging_mixin.py:154} INFO - [2025-12-04T23:53:29.392+0600] {dag.py:2941} INFO - Sync 6 DAGs
[2025-12-04T23:53:29.399+0600] {logging_mixin.py:154} INFO - [2025-12-04T23:53:29.399+0600] {dag.py:3722} INFO - Setting next_dagrun for dataset_consumes_1 to None, run_after=None
[2025-12-04T23:53:29.400+0600] {logging_mixin.py:154} INFO - [2025-12-04T23:53:29.400+0600] {dag.py:3722} INFO - Setting next_dagrun for dataset_consumes_1_and_2 to None, run_after=None
[2025-12-04T23:53:29.400+0600] {logging_mixin.py:154} INFO - [2025-12-04T23:53:29.400+0600] {dag.py:3722} INFO - Setting next_dagrun for dataset_consumes_1_never_scheduled to None, run_after=None
[2025-12-04T23:53:29.401+0600] {logging_mixin.py:154} INFO - [2025-12-04T23:53:29.401+0600] {dag.py:3722} INFO - Setting next_dagrun for dataset_consumes_unknown_never_scheduled to None, run_after=None
[2025-12-04T23:53:29.402+0600] {logging_mixin.py:154} INFO - [2025-12-04T23:53:29.402+0600] {dag.py:3722} INFO - Setting next_dagrun for dataset_produces_1 to 2025-12-03T00:00:00+00:00, run_after=2025-12-04T00:00:00+00:00
[2025-12-04T23:53:29.402+0600] {logging_mixin.py:154} INFO - [2025-12-04T23:53:29.402+0600] {dag.py:3722} INFO - Setting next_dagrun for dataset_produces_2 to None, run_after=None
[2025-12-04T23:53:29.414+0600] {processor.py:179} INFO - Processing /Users/asminsadykova/Desktop/h&m/.venv/lib/python3.9/site-packages/airflow/example_dags/example_datasets.py took 0.112 seconds
[2025-12-04T23:54:56.353+0600] {processor.py:157} INFO - Started process (PID=42212) to work on /Users/asminsadykova/Desktop/h&m/.venv/lib/python3.9/site-packages/airflow/example_dags/example_datasets.py
[2025-12-04T23:54:56.354+0600] {processor.py:829} INFO - Processing file /Users/asminsadykova/Desktop/h&m/.venv/lib/python3.9/site-packages/airflow/example_dags/example_datasets.py for tasks to queue
[2025-12-04T23:54:56.354+0600] {logging_mixin.py:154} INFO - [2025-12-04T23:54:56.354+0600] {dagbag.py:536} INFO - Filling up the DagBag from /Users/asminsadykova/Desktop/h&m/.venv/lib/python3.9/site-packages/airflow/example_dags/example_datasets.py
[2025-12-04T23:54:56.368+0600] {processor.py:839} INFO - DAG(s) dict_keys(['dataset_produces_2', 'dataset_produces_1', 'dataset_consumes_1_never_scheduled', 'dataset_consumes_1_and_2', 'dataset_consumes_1', 'dataset_consumes_unknown_never_scheduled']) retrieved from /Users/asminsadykova/Desktop/h&m/.venv/lib/python3.9/site-packages/airflow/example_dags/example_datasets.py
[2025-12-04T23:54:56.444+0600] {logging_mixin.py:154} INFO - [2025-12-04T23:54:56.444+0600] {dag.py:2941} INFO - Sync 6 DAGs
[2025-12-04T23:54:56.450+0600] {logging_mixin.py:154} INFO - [2025-12-04T23:54:56.450+0600] {dag.py:3722} INFO - Setting next_dagrun for dataset_consumes_1 to None, run_after=None
[2025-12-04T23:54:56.452+0600] {logging_mixin.py:154} INFO - [2025-12-04T23:54:56.451+0600] {dag.py:3722} INFO - Setting next_dagrun for dataset_consumes_1_and_2 to None, run_after=None
[2025-12-04T23:54:56.452+0600] {logging_mixin.py:154} INFO - [2025-12-04T23:54:56.452+0600] {dag.py:3722} INFO - Setting next_dagrun for dataset_consumes_1_never_scheduled to None, run_after=None
[2025-12-04T23:54:56.452+0600] {logging_mixin.py:154} INFO - [2025-12-04T23:54:56.452+0600] {dag.py:3722} INFO - Setting next_dagrun for dataset_consumes_unknown_never_scheduled to None, run_after=None
[2025-12-04T23:54:56.453+0600] {logging_mixin.py:154} INFO - [2025-12-04T23:54:56.453+0600] {dag.py:3722} INFO - Setting next_dagrun for dataset_produces_1 to 2025-12-03T00:00:00+00:00, run_after=2025-12-04T00:00:00+00:00
[2025-12-04T23:54:56.453+0600] {logging_mixin.py:154} INFO - [2025-12-04T23:54:56.453+0600] {dag.py:3722} INFO - Setting next_dagrun for dataset_produces_2 to None, run_after=None
[2025-12-04T23:54:56.465+0600] {processor.py:179} INFO - Processing /Users/asminsadykova/Desktop/h&m/.venv/lib/python3.9/site-packages/airflow/example_dags/example_datasets.py took 0.113 seconds
[2025-12-04T23:56:25.031+0600] {processor.py:157} INFO - Started process (PID=42285) to work on /Users/asminsadykova/Desktop/h&m/.venv/lib/python3.9/site-packages/airflow/example_dags/example_datasets.py
[2025-12-04T23:56:25.032+0600] {processor.py:829} INFO - Processing file /Users/asminsadykova/Desktop/h&m/.venv/lib/python3.9/site-packages/airflow/example_dags/example_datasets.py for tasks to queue
[2025-12-04T23:56:25.032+0600] {logging_mixin.py:154} INFO - [2025-12-04T23:56:25.032+0600] {dagbag.py:536} INFO - Filling up the DagBag from /Users/asminsadykova/Desktop/h&m/.venv/lib/python3.9/site-packages/airflow/example_dags/example_datasets.py
[2025-12-04T23:56:25.045+0600] {processor.py:839} INFO - DAG(s) dict_keys(['dataset_consumes_1_and_2', 'dataset_produces_1', 'dataset_produces_2', 'dataset_consumes_unknown_never_scheduled', 'dataset_consumes_1', 'dataset_consumes_1_never_scheduled']) retrieved from /Users/asminsadykova/Desktop/h&m/.venv/lib/python3.9/site-packages/airflow/example_dags/example_datasets.py
[2025-12-04T23:56:25.119+0600] {logging_mixin.py:154} INFO - [2025-12-04T23:56:25.119+0600] {dag.py:2941} INFO - Sync 6 DAGs
[2025-12-04T23:56:25.125+0600] {logging_mixin.py:154} INFO - [2025-12-04T23:56:25.125+0600] {dag.py:3722} INFO - Setting next_dagrun for dataset_consumes_1 to None, run_after=None
[2025-12-04T23:56:25.126+0600] {logging_mixin.py:154} INFO - [2025-12-04T23:56:25.126+0600] {dag.py:3722} INFO - Setting next_dagrun for dataset_consumes_1_and_2 to None, run_after=None
[2025-12-04T23:56:25.127+0600] {logging_mixin.py:154} INFO - [2025-12-04T23:56:25.127+0600] {dag.py:3722} INFO - Setting next_dagrun for dataset_consumes_1_never_scheduled to None, run_after=None
[2025-12-04T23:56:25.127+0600] {logging_mixin.py:154} INFO - [2025-12-04T23:56:25.127+0600] {dag.py:3722} INFO - Setting next_dagrun for dataset_consumes_unknown_never_scheduled to None, run_after=None
[2025-12-04T23:56:25.128+0600] {logging_mixin.py:154} INFO - [2025-12-04T23:56:25.128+0600] {dag.py:3722} INFO - Setting next_dagrun for dataset_produces_1 to 2025-12-03T00:00:00+00:00, run_after=2025-12-04T00:00:00+00:00
[2025-12-04T23:56:25.128+0600] {logging_mixin.py:154} INFO - [2025-12-04T23:56:25.128+0600] {dag.py:3722} INFO - Setting next_dagrun for dataset_produces_2 to None, run_after=None
[2025-12-04T23:56:25.141+0600] {processor.py:179} INFO - Processing /Users/asminsadykova/Desktop/h&m/.venv/lib/python3.9/site-packages/airflow/example_dags/example_datasets.py took 0.110 seconds
[2025-12-04T23:57:54.351+0600] {processor.py:157} INFO - Started process (PID=42368) to work on /Users/asminsadykova/Desktop/h&m/.venv/lib/python3.9/site-packages/airflow/example_dags/example_datasets.py
[2025-12-04T23:57:54.353+0600] {processor.py:829} INFO - Processing file /Users/asminsadykova/Desktop/h&m/.venv/lib/python3.9/site-packages/airflow/example_dags/example_datasets.py for tasks to queue
[2025-12-04T23:57:54.353+0600] {logging_mixin.py:154} INFO - [2025-12-04T23:57:54.353+0600] {dagbag.py:536} INFO - Filling up the DagBag from /Users/asminsadykova/Desktop/h&m/.venv/lib/python3.9/site-packages/airflow/example_dags/example_datasets.py
[2025-12-04T23:57:54.367+0600] {processor.py:839} INFO - DAG(s) dict_keys(['dataset_consumes_unknown_never_scheduled', 'dataset_consumes_1_never_scheduled', 'dataset_consumes_1', 'dataset_produces_1', 'dataset_produces_2', 'dataset_consumes_1_and_2']) retrieved from /Users/asminsadykova/Desktop/h&m/.venv/lib/python3.9/site-packages/airflow/example_dags/example_datasets.py
[2025-12-04T23:57:54.443+0600] {logging_mixin.py:154} INFO - [2025-12-04T23:57:54.443+0600] {dag.py:2941} INFO - Sync 6 DAGs
[2025-12-04T23:57:54.449+0600] {logging_mixin.py:154} INFO - [2025-12-04T23:57:54.449+0600] {dag.py:3722} INFO - Setting next_dagrun for dataset_consumes_1 to None, run_after=None
[2025-12-04T23:57:54.450+0600] {logging_mixin.py:154} INFO - [2025-12-04T23:57:54.450+0600] {dag.py:3722} INFO - Setting next_dagrun for dataset_consumes_1_and_2 to None, run_after=None
[2025-12-04T23:57:54.451+0600] {logging_mixin.py:154} INFO - [2025-12-04T23:57:54.451+0600] {dag.py:3722} INFO - Setting next_dagrun for dataset_consumes_1_never_scheduled to None, run_after=None
[2025-12-04T23:57:54.451+0600] {logging_mixin.py:154} INFO - [2025-12-04T23:57:54.451+0600] {dag.py:3722} INFO - Setting next_dagrun for dataset_consumes_unknown_never_scheduled to None, run_after=None
[2025-12-04T23:57:54.452+0600] {logging_mixin.py:154} INFO - [2025-12-04T23:57:54.452+0600] {dag.py:3722} INFO - Setting next_dagrun for dataset_produces_1 to 2025-12-03T00:00:00+00:00, run_after=2025-12-04T00:00:00+00:00
[2025-12-04T23:57:54.452+0600] {logging_mixin.py:154} INFO - [2025-12-04T23:57:54.452+0600] {dag.py:3722} INFO - Setting next_dagrun for dataset_produces_2 to None, run_after=None
[2025-12-04T23:57:54.464+0600] {processor.py:179} INFO - Processing /Users/asminsadykova/Desktop/h&m/.venv/lib/python3.9/site-packages/airflow/example_dags/example_datasets.py took 0.113 seconds
[2025-12-04T23:59:22.203+0600] {processor.py:157} INFO - Started process (PID=42610) to work on /Users/asminsadykova/Desktop/h&m/.venv/lib/python3.9/site-packages/airflow/example_dags/example_datasets.py
[2025-12-04T23:59:22.204+0600] {processor.py:829} INFO - Processing file /Users/asminsadykova/Desktop/h&m/.venv/lib/python3.9/site-packages/airflow/example_dags/example_datasets.py for tasks to queue
[2025-12-04T23:59:22.204+0600] {logging_mixin.py:154} INFO - [2025-12-04T23:59:22.204+0600] {dagbag.py:536} INFO - Filling up the DagBag from /Users/asminsadykova/Desktop/h&m/.venv/lib/python3.9/site-packages/airflow/example_dags/example_datasets.py
[2025-12-04T23:59:22.217+0600] {processor.py:839} INFO - DAG(s) dict_keys(['dataset_consumes_unknown_never_scheduled', 'dataset_consumes_1_and_2', 'dataset_consumes_1_never_scheduled', 'dataset_produces_1', 'dataset_produces_2', 'dataset_consumes_1']) retrieved from /Users/asminsadykova/Desktop/h&m/.venv/lib/python3.9/site-packages/airflow/example_dags/example_datasets.py
[2025-12-04T23:59:22.297+0600] {logging_mixin.py:154} INFO - [2025-12-04T23:59:22.297+0600] {dag.py:2941} INFO - Sync 6 DAGs
[2025-12-04T23:59:22.303+0600] {logging_mixin.py:154} INFO - [2025-12-04T23:59:22.303+0600] {dag.py:3722} INFO - Setting next_dagrun for dataset_consumes_1 to None, run_after=None
[2025-12-04T23:59:22.305+0600] {logging_mixin.py:154} INFO - [2025-12-04T23:59:22.305+0600] {dag.py:3722} INFO - Setting next_dagrun for dataset_consumes_1_and_2 to None, run_after=None
[2025-12-04T23:59:22.305+0600] {logging_mixin.py:154} INFO - [2025-12-04T23:59:22.305+0600] {dag.py:3722} INFO - Setting next_dagrun for dataset_consumes_1_never_scheduled to None, run_after=None
[2025-12-04T23:59:22.305+0600] {logging_mixin.py:154} INFO - [2025-12-04T23:59:22.305+0600] {dag.py:3722} INFO - Setting next_dagrun for dataset_consumes_unknown_never_scheduled to None, run_after=None
[2025-12-04T23:59:22.306+0600] {logging_mixin.py:154} INFO - [2025-12-04T23:59:22.306+0600] {dag.py:3722} INFO - Setting next_dagrun for dataset_produces_1 to 2025-12-03T00:00:00+00:00, run_after=2025-12-04T00:00:00+00:00
[2025-12-04T23:59:22.306+0600] {logging_mixin.py:154} INFO - [2025-12-04T23:59:22.306+0600] {dag.py:3722} INFO - Setting next_dagrun for dataset_produces_2 to None, run_after=None
[2025-12-04T23:59:22.319+0600] {processor.py:179} INFO - Processing /Users/asminsadykova/Desktop/h&m/.venv/lib/python3.9/site-packages/airflow/example_dags/example_datasets.py took 0.117 seconds
[2025-12-05T00:00:58.428+0600] {processor.py:157} INFO - Started process (PID=42833) to work on /Users/asminsadykova/Desktop/h&m/.venv/lib/python3.9/site-packages/airflow/example_dags/example_datasets.py
[2025-12-05T00:00:58.430+0600] {processor.py:829} INFO - Processing file /Users/asminsadykova/Desktop/h&m/.venv/lib/python3.9/site-packages/airflow/example_dags/example_datasets.py for tasks to queue
[2025-12-05T00:00:58.430+0600] {logging_mixin.py:154} INFO - [2025-12-05T00:00:58.430+0600] {dagbag.py:536} INFO - Filling up the DagBag from /Users/asminsadykova/Desktop/h&m/.venv/lib/python3.9/site-packages/airflow/example_dags/example_datasets.py
[2025-12-05T00:00:58.443+0600] {processor.py:839} INFO - DAG(s) dict_keys(['dataset_produces_2', 'dataset_consumes_1_never_scheduled', 'dataset_consumes_unknown_never_scheduled', 'dataset_consumes_1', 'dataset_produces_1', 'dataset_consumes_1_and_2']) retrieved from /Users/asminsadykova/Desktop/h&m/.venv/lib/python3.9/site-packages/airflow/example_dags/example_datasets.py
[2025-12-05T00:00:58.519+0600] {logging_mixin.py:154} INFO - [2025-12-05T00:00:58.519+0600] {dag.py:2941} INFO - Sync 6 DAGs
[2025-12-05T00:00:58.525+0600] {logging_mixin.py:154} INFO - [2025-12-05T00:00:58.525+0600] {dag.py:3722} INFO - Setting next_dagrun for dataset_consumes_1 to None, run_after=None
[2025-12-05T00:00:58.526+0600] {logging_mixin.py:154} INFO - [2025-12-05T00:00:58.526+0600] {dag.py:3722} INFO - Setting next_dagrun for dataset_consumes_1_and_2 to None, run_after=None
[2025-12-05T00:00:58.527+0600] {logging_mixin.py:154} INFO - [2025-12-05T00:00:58.527+0600] {dag.py:3722} INFO - Setting next_dagrun for dataset_consumes_1_never_scheduled to None, run_after=None
[2025-12-05T00:00:58.527+0600] {logging_mixin.py:154} INFO - [2025-12-05T00:00:58.527+0600] {dag.py:3722} INFO - Setting next_dagrun for dataset_consumes_unknown_never_scheduled to None, run_after=None
[2025-12-05T00:00:58.528+0600] {logging_mixin.py:154} INFO - [2025-12-05T00:00:58.528+0600] {dag.py:3722} INFO - Setting next_dagrun for dataset_produces_1 to 2025-12-03T00:00:00+00:00, run_after=2025-12-04T00:00:00+00:00
[2025-12-05T00:00:58.528+0600] {logging_mixin.py:154} INFO - [2025-12-05T00:00:58.528+0600] {dag.py:3722} INFO - Setting next_dagrun for dataset_produces_2 to None, run_after=None
[2025-12-05T00:00:58.540+0600] {processor.py:179} INFO - Processing /Users/asminsadykova/Desktop/h&m/.venv/lib/python3.9/site-packages/airflow/example_dags/example_datasets.py took 0.113 seconds
[2025-12-05T00:02:30.420+0600] {processor.py:157} INFO - Started process (PID=42924) to work on /Users/asminsadykova/Desktop/h&m/.venv/lib/python3.9/site-packages/airflow/example_dags/example_datasets.py
[2025-12-05T00:02:30.421+0600] {processor.py:829} INFO - Processing file /Users/asminsadykova/Desktop/h&m/.venv/lib/python3.9/site-packages/airflow/example_dags/example_datasets.py for tasks to queue
[2025-12-05T00:02:30.422+0600] {logging_mixin.py:154} INFO - [2025-12-05T00:02:30.422+0600] {dagbag.py:536} INFO - Filling up the DagBag from /Users/asminsadykova/Desktop/h&m/.venv/lib/python3.9/site-packages/airflow/example_dags/example_datasets.py
[2025-12-05T00:02:30.435+0600] {processor.py:839} INFO - DAG(s) dict_keys(['dataset_consumes_1', 'dataset_consumes_1_and_2', 'dataset_produces_2', 'dataset_consumes_1_never_scheduled', 'dataset_consumes_unknown_never_scheduled', 'dataset_produces_1']) retrieved from /Users/asminsadykova/Desktop/h&m/.venv/lib/python3.9/site-packages/airflow/example_dags/example_datasets.py
[2025-12-05T00:02:30.511+0600] {logging_mixin.py:154} INFO - [2025-12-05T00:02:30.511+0600] {dag.py:2941} INFO - Sync 6 DAGs
[2025-12-05T00:02:30.518+0600] {logging_mixin.py:154} INFO - [2025-12-05T00:02:30.518+0600] {dag.py:3722} INFO - Setting next_dagrun for dataset_consumes_1 to None, run_after=None
[2025-12-05T00:02:30.519+0600] {logging_mixin.py:154} INFO - [2025-12-05T00:02:30.519+0600] {dag.py:3722} INFO - Setting next_dagrun for dataset_consumes_1_and_2 to None, run_after=None
[2025-12-05T00:02:30.520+0600] {logging_mixin.py:154} INFO - [2025-12-05T00:02:30.520+0600] {dag.py:3722} INFO - Setting next_dagrun for dataset_consumes_1_never_scheduled to None, run_after=None
[2025-12-05T00:02:30.520+0600] {logging_mixin.py:154} INFO - [2025-12-05T00:02:30.520+0600] {dag.py:3722} INFO - Setting next_dagrun for dataset_consumes_unknown_never_scheduled to None, run_after=None
[2025-12-05T00:02:30.521+0600] {logging_mixin.py:154} INFO - [2025-12-05T00:02:30.521+0600] {dag.py:3722} INFO - Setting next_dagrun for dataset_produces_1 to 2025-12-03T00:00:00+00:00, run_after=2025-12-04T00:00:00+00:00
[2025-12-05T00:02:30.521+0600] {logging_mixin.py:154} INFO - [2025-12-05T00:02:30.521+0600] {dag.py:3722} INFO - Setting next_dagrun for dataset_produces_2 to None, run_after=None
[2025-12-05T00:02:30.533+0600] {processor.py:179} INFO - Processing /Users/asminsadykova/Desktop/h&m/.venv/lib/python3.9/site-packages/airflow/example_dags/example_datasets.py took 0.114 seconds
[2025-12-05T00:04:02.719+0600] {processor.py:157} INFO - Started process (PID=43030) to work on /Users/asminsadykova/Desktop/h&m/.venv/lib/python3.9/site-packages/airflow/example_dags/example_datasets.py
[2025-12-05T00:04:02.721+0600] {processor.py:829} INFO - Processing file /Users/asminsadykova/Desktop/h&m/.venv/lib/python3.9/site-packages/airflow/example_dags/example_datasets.py for tasks to queue
[2025-12-05T00:04:02.721+0600] {logging_mixin.py:154} INFO - [2025-12-05T00:04:02.721+0600] {dagbag.py:536} INFO - Filling up the DagBag from /Users/asminsadykova/Desktop/h&m/.venv/lib/python3.9/site-packages/airflow/example_dags/example_datasets.py
[2025-12-05T00:04:02.734+0600] {processor.py:839} INFO - DAG(s) dict_keys(['dataset_produces_2', 'dataset_produces_1', 'dataset_consumes_unknown_never_scheduled', 'dataset_consumes_1', 'dataset_consumes_1_and_2', 'dataset_consumes_1_never_scheduled']) retrieved from /Users/asminsadykova/Desktop/h&m/.venv/lib/python3.9/site-packages/airflow/example_dags/example_datasets.py
[2025-12-05T00:04:02.813+0600] {logging_mixin.py:154} INFO - [2025-12-05T00:04:02.813+0600] {dag.py:2941} INFO - Sync 6 DAGs
[2025-12-05T00:04:02.820+0600] {logging_mixin.py:154} INFO - [2025-12-05T00:04:02.820+0600] {dag.py:3722} INFO - Setting next_dagrun for dataset_consumes_1 to None, run_after=None
[2025-12-05T00:04:02.821+0600] {logging_mixin.py:154} INFO - [2025-12-05T00:04:02.821+0600] {dag.py:3722} INFO - Setting next_dagrun for dataset_consumes_1_and_2 to None, run_after=None
[2025-12-05T00:04:02.821+0600] {logging_mixin.py:154} INFO - [2025-12-05T00:04:02.821+0600] {dag.py:3722} INFO - Setting next_dagrun for dataset_consumes_1_never_scheduled to None, run_after=None
[2025-12-05T00:04:02.822+0600] {logging_mixin.py:154} INFO - [2025-12-05T00:04:02.821+0600] {dag.py:3722} INFO - Setting next_dagrun for dataset_consumes_unknown_never_scheduled to None, run_after=None
[2025-12-05T00:04:02.822+0600] {logging_mixin.py:154} INFO - [2025-12-05T00:04:02.822+0600] {dag.py:3722} INFO - Setting next_dagrun for dataset_produces_1 to 2025-12-03T00:00:00+00:00, run_after=2025-12-04T00:00:00+00:00
[2025-12-05T00:04:02.823+0600] {logging_mixin.py:154} INFO - [2025-12-05T00:04:02.823+0600] {dag.py:3722} INFO - Setting next_dagrun for dataset_produces_2 to None, run_after=None
[2025-12-05T00:04:02.836+0600] {processor.py:179} INFO - Processing /Users/asminsadykova/Desktop/h&m/.venv/lib/python3.9/site-packages/airflow/example_dags/example_datasets.py took 0.118 seconds
[2025-12-05T00:05:39.341+0600] {processor.py:157} INFO - Started process (PID=43280) to work on /Users/asminsadykova/Desktop/h&m/.venv/lib/python3.9/site-packages/airflow/example_dags/example_datasets.py
[2025-12-05T00:05:39.343+0600] {processor.py:829} INFO - Processing file /Users/asminsadykova/Desktop/h&m/.venv/lib/python3.9/site-packages/airflow/example_dags/example_datasets.py for tasks to queue
[2025-12-05T00:05:39.343+0600] {logging_mixin.py:154} INFO - [2025-12-05T00:05:39.343+0600] {dagbag.py:536} INFO - Filling up the DagBag from /Users/asminsadykova/Desktop/h&m/.venv/lib/python3.9/site-packages/airflow/example_dags/example_datasets.py
[2025-12-05T00:05:39.356+0600] {processor.py:839} INFO - DAG(s) dict_keys(['dataset_consumes_1_and_2', 'dataset_consumes_1', 'dataset_produces_2', 'dataset_consumes_1_never_scheduled', 'dataset_consumes_unknown_never_scheduled', 'dataset_produces_1']) retrieved from /Users/asminsadykova/Desktop/h&m/.venv/lib/python3.9/site-packages/airflow/example_dags/example_datasets.py
[2025-12-05T00:05:39.435+0600] {logging_mixin.py:154} INFO - [2025-12-05T00:05:39.434+0600] {dag.py:2941} INFO - Sync 6 DAGs
[2025-12-05T00:05:39.442+0600] {logging_mixin.py:154} INFO - [2025-12-05T00:05:39.442+0600] {dag.py:3722} INFO - Setting next_dagrun for dataset_consumes_1 to None, run_after=None
[2025-12-05T00:05:39.443+0600] {logging_mixin.py:154} INFO - [2025-12-05T00:05:39.443+0600] {dag.py:3722} INFO - Setting next_dagrun for dataset_consumes_1_and_2 to None, run_after=None
[2025-12-05T00:05:39.443+0600] {logging_mixin.py:154} INFO - [2025-12-05T00:05:39.443+0600] {dag.py:3722} INFO - Setting next_dagrun for dataset_consumes_1_never_scheduled to None, run_after=None
[2025-12-05T00:05:39.444+0600] {logging_mixin.py:154} INFO - [2025-12-05T00:05:39.444+0600] {dag.py:3722} INFO - Setting next_dagrun for dataset_consumes_unknown_never_scheduled to None, run_after=None
[2025-12-05T00:05:39.445+0600] {logging_mixin.py:154} INFO - [2025-12-05T00:05:39.445+0600] {dag.py:3722} INFO - Setting next_dagrun for dataset_produces_1 to 2025-12-03T00:00:00+00:00, run_after=2025-12-04T00:00:00+00:00
[2025-12-05T00:05:39.445+0600] {logging_mixin.py:154} INFO - [2025-12-05T00:05:39.445+0600] {dag.py:3722} INFO - Setting next_dagrun for dataset_produces_2 to None, run_after=None
[2025-12-05T00:05:39.458+0600] {processor.py:179} INFO - Processing /Users/asminsadykova/Desktop/h&m/.venv/lib/python3.9/site-packages/airflow/example_dags/example_datasets.py took 0.117 seconds
[2025-12-05T00:07:04.443+0600] {processor.py:157} INFO - Started process (PID=43427) to work on /Users/asminsadykova/Desktop/h&m/.venv/lib/python3.9/site-packages/airflow/example_dags/example_datasets.py
[2025-12-05T00:07:04.444+0600] {processor.py:829} INFO - Processing file /Users/asminsadykova/Desktop/h&m/.venv/lib/python3.9/site-packages/airflow/example_dags/example_datasets.py for tasks to queue
[2025-12-05T00:07:04.444+0600] {logging_mixin.py:154} INFO - [2025-12-05T00:07:04.444+0600] {dagbag.py:536} INFO - Filling up the DagBag from /Users/asminsadykova/Desktop/h&m/.venv/lib/python3.9/site-packages/airflow/example_dags/example_datasets.py
[2025-12-05T00:07:04.457+0600] {processor.py:839} INFO - DAG(s) dict_keys(['dataset_consumes_1_and_2', 'dataset_produces_2', 'dataset_consumes_unknown_never_scheduled', 'dataset_consumes_1', 'dataset_consumes_1_never_scheduled', 'dataset_produces_1']) retrieved from /Users/asminsadykova/Desktop/h&m/.venv/lib/python3.9/site-packages/airflow/example_dags/example_datasets.py
[2025-12-05T00:07:04.533+0600] {logging_mixin.py:154} INFO - [2025-12-05T00:07:04.532+0600] {dag.py:2941} INFO - Sync 6 DAGs
[2025-12-05T00:07:04.539+0600] {logging_mixin.py:154} INFO - [2025-12-05T00:07:04.539+0600] {dag.py:3722} INFO - Setting next_dagrun for dataset_consumes_1 to None, run_after=None
[2025-12-05T00:07:04.540+0600] {logging_mixin.py:154} INFO - [2025-12-05T00:07:04.540+0600] {dag.py:3722} INFO - Setting next_dagrun for dataset_consumes_1_and_2 to None, run_after=None
[2025-12-05T00:07:04.541+0600] {logging_mixin.py:154} INFO - [2025-12-05T00:07:04.541+0600] {dag.py:3722} INFO - Setting next_dagrun for dataset_consumes_1_never_scheduled to None, run_after=None
[2025-12-05T00:07:04.541+0600] {logging_mixin.py:154} INFO - [2025-12-05T00:07:04.541+0600] {dag.py:3722} INFO - Setting next_dagrun for dataset_consumes_unknown_never_scheduled to None, run_after=None
[2025-12-05T00:07:04.542+0600] {logging_mixin.py:154} INFO - [2025-12-05T00:07:04.542+0600] {dag.py:3722} INFO - Setting next_dagrun for dataset_produces_1 to 2025-12-03T00:00:00+00:00, run_after=2025-12-04T00:00:00+00:00
[2025-12-05T00:07:04.542+0600] {logging_mixin.py:154} INFO - [2025-12-05T00:07:04.542+0600] {dag.py:3722} INFO - Setting next_dagrun for dataset_produces_2 to None, run_after=None
[2025-12-05T00:07:04.554+0600] {processor.py:179} INFO - Processing /Users/asminsadykova/Desktop/h&m/.venv/lib/python3.9/site-packages/airflow/example_dags/example_datasets.py took 0.112 seconds
[2025-12-05T00:08:31.172+0600] {processor.py:157} INFO - Started process (PID=43580) to work on /Users/asminsadykova/Desktop/h&m/.venv/lib/python3.9/site-packages/airflow/example_dags/example_datasets.py
[2025-12-05T00:08:31.174+0600] {processor.py:829} INFO - Processing file /Users/asminsadykova/Desktop/h&m/.venv/lib/python3.9/site-packages/airflow/example_dags/example_datasets.py for tasks to queue
[2025-12-05T00:08:31.174+0600] {logging_mixin.py:154} INFO - [2025-12-05T00:08:31.174+0600] {dagbag.py:536} INFO - Filling up the DagBag from /Users/asminsadykova/Desktop/h&m/.venv/lib/python3.9/site-packages/airflow/example_dags/example_datasets.py
[2025-12-05T00:08:31.189+0600] {processor.py:839} INFO - DAG(s) dict_keys(['dataset_consumes_1_and_2', 'dataset_produces_2', 'dataset_consumes_1', 'dataset_consumes_1_never_scheduled', 'dataset_consumes_unknown_never_scheduled', 'dataset_produces_1']) retrieved from /Users/asminsadykova/Desktop/h&m/.venv/lib/python3.9/site-packages/airflow/example_dags/example_datasets.py
[2025-12-05T00:08:31.284+0600] {logging_mixin.py:154} INFO - [2025-12-05T00:08:31.284+0600] {dag.py:2941} INFO - Sync 6 DAGs
[2025-12-05T00:08:31.292+0600] {logging_mixin.py:154} INFO - [2025-12-05T00:08:31.292+0600] {dag.py:3722} INFO - Setting next_dagrun for dataset_consumes_1 to None, run_after=None
[2025-12-05T00:08:31.294+0600] {logging_mixin.py:154} INFO - [2025-12-05T00:08:31.294+0600] {dag.py:3722} INFO - Setting next_dagrun for dataset_consumes_1_and_2 to None, run_after=None
[2025-12-05T00:08:31.294+0600] {logging_mixin.py:154} INFO - [2025-12-05T00:08:31.294+0600] {dag.py:3722} INFO - Setting next_dagrun for dataset_consumes_1_never_scheduled to None, run_after=None
[2025-12-05T00:08:31.294+0600] {logging_mixin.py:154} INFO - [2025-12-05T00:08:31.294+0600] {dag.py:3722} INFO - Setting next_dagrun for dataset_consumes_unknown_never_scheduled to None, run_after=None
[2025-12-05T00:08:31.296+0600] {logging_mixin.py:154} INFO - [2025-12-05T00:08:31.295+0600] {dag.py:3722} INFO - Setting next_dagrun for dataset_produces_1 to 2025-12-03T00:00:00+00:00, run_after=2025-12-04T00:00:00+00:00
[2025-12-05T00:08:31.296+0600] {logging_mixin.py:154} INFO - [2025-12-05T00:08:31.296+0600] {dag.py:3722} INFO - Setting next_dagrun for dataset_produces_2 to None, run_after=None
[2025-12-05T00:08:31.310+0600] {processor.py:179} INFO - Processing /Users/asminsadykova/Desktop/h&m/.venv/lib/python3.9/site-packages/airflow/example_dags/example_datasets.py took 0.138 seconds
[2025-12-05T00:10:07.142+0600] {processor.py:157} INFO - Started process (PID=43743) to work on /Users/asminsadykova/Desktop/h&m/.venv/lib/python3.9/site-packages/airflow/example_dags/example_datasets.py
[2025-12-05T00:10:07.147+0600] {processor.py:829} INFO - Processing file /Users/asminsadykova/Desktop/h&m/.venv/lib/python3.9/site-packages/airflow/example_dags/example_datasets.py for tasks to queue
[2025-12-05T00:10:07.147+0600] {logging_mixin.py:154} INFO - [2025-12-05T00:10:07.147+0600] {dagbag.py:536} INFO - Filling up the DagBag from /Users/asminsadykova/Desktop/h&m/.venv/lib/python3.9/site-packages/airflow/example_dags/example_datasets.py
[2025-12-05T00:10:07.160+0600] {processor.py:839} INFO - DAG(s) dict_keys(['dataset_produces_2', 'dataset_produces_1', 'dataset_consumes_1_never_scheduled', 'dataset_consumes_1_and_2', 'dataset_consumes_1', 'dataset_consumes_unknown_never_scheduled']) retrieved from /Users/asminsadykova/Desktop/h&m/.venv/lib/python3.9/site-packages/airflow/example_dags/example_datasets.py
[2025-12-05T00:10:07.238+0600] {logging_mixin.py:154} INFO - [2025-12-05T00:10:07.238+0600] {dag.py:2941} INFO - Sync 6 DAGs
[2025-12-05T00:10:07.245+0600] {logging_mixin.py:154} INFO - [2025-12-05T00:10:07.245+0600] {dag.py:3722} INFO - Setting next_dagrun for dataset_consumes_1 to None, run_after=None
[2025-12-05T00:10:07.247+0600] {logging_mixin.py:154} INFO - [2025-12-05T00:10:07.247+0600] {dag.py:3722} INFO - Setting next_dagrun for dataset_consumes_1_and_2 to None, run_after=None
[2025-12-05T00:10:07.247+0600] {logging_mixin.py:154} INFO - [2025-12-05T00:10:07.247+0600] {dag.py:3722} INFO - Setting next_dagrun for dataset_consumes_1_never_scheduled to None, run_after=None
[2025-12-05T00:10:07.248+0600] {logging_mixin.py:154} INFO - [2025-12-05T00:10:07.248+0600] {dag.py:3722} INFO - Setting next_dagrun for dataset_consumes_unknown_never_scheduled to None, run_after=None
[2025-12-05T00:10:07.249+0600] {logging_mixin.py:154} INFO - [2025-12-05T00:10:07.249+0600] {dag.py:3722} INFO - Setting next_dagrun for dataset_produces_1 to 2025-12-03T00:00:00+00:00, run_after=2025-12-04T00:00:00+00:00
[2025-12-05T00:10:07.249+0600] {logging_mixin.py:154} INFO - [2025-12-05T00:10:07.249+0600] {dag.py:3722} INFO - Setting next_dagrun for dataset_produces_2 to None, run_after=None
[2025-12-05T00:10:07.262+0600] {processor.py:179} INFO - Processing /Users/asminsadykova/Desktop/h&m/.venv/lib/python3.9/site-packages/airflow/example_dags/example_datasets.py took 0.121 seconds
[2025-12-05T00:11:41.457+0600] {processor.py:157} INFO - Started process (PID=43902) to work on /Users/asminsadykova/Desktop/h&m/.venv/lib/python3.9/site-packages/airflow/example_dags/example_datasets.py
[2025-12-05T00:11:41.459+0600] {processor.py:829} INFO - Processing file /Users/asminsadykova/Desktop/h&m/.venv/lib/python3.9/site-packages/airflow/example_dags/example_datasets.py for tasks to queue
[2025-12-05T00:11:41.459+0600] {logging_mixin.py:154} INFO - [2025-12-05T00:11:41.459+0600] {dagbag.py:536} INFO - Filling up the DagBag from /Users/asminsadykova/Desktop/h&m/.venv/lib/python3.9/site-packages/airflow/example_dags/example_datasets.py
[2025-12-05T00:11:41.472+0600] {processor.py:839} INFO - DAG(s) dict_keys(['dataset_produces_1', 'dataset_produces_2', 'dataset_consumes_1_never_scheduled', 'dataset_consumes_1', 'dataset_consumes_1_and_2', 'dataset_consumes_unknown_never_scheduled']) retrieved from /Users/asminsadykova/Desktop/h&m/.venv/lib/python3.9/site-packages/airflow/example_dags/example_datasets.py
[2025-12-05T00:11:41.551+0600] {logging_mixin.py:154} INFO - [2025-12-05T00:11:41.551+0600] {dag.py:2941} INFO - Sync 6 DAGs
[2025-12-05T00:11:41.558+0600] {logging_mixin.py:154} INFO - [2025-12-05T00:11:41.558+0600] {dag.py:3722} INFO - Setting next_dagrun for dataset_consumes_1 to None, run_after=None
[2025-12-05T00:11:41.559+0600] {logging_mixin.py:154} INFO - [2025-12-05T00:11:41.559+0600] {dag.py:3722} INFO - Setting next_dagrun for dataset_consumes_1_and_2 to None, run_after=None
[2025-12-05T00:11:41.559+0600] {logging_mixin.py:154} INFO - [2025-12-05T00:11:41.559+0600] {dag.py:3722} INFO - Setting next_dagrun for dataset_consumes_1_never_scheduled to None, run_after=None
[2025-12-05T00:11:41.560+0600] {logging_mixin.py:154} INFO - [2025-12-05T00:11:41.560+0600] {dag.py:3722} INFO - Setting next_dagrun for dataset_consumes_unknown_never_scheduled to None, run_after=None
[2025-12-05T00:11:41.561+0600] {logging_mixin.py:154} INFO - [2025-12-05T00:11:41.561+0600] {dag.py:3722} INFO - Setting next_dagrun for dataset_produces_1 to 2025-12-03T00:00:00+00:00, run_after=2025-12-04T00:00:00+00:00
[2025-12-05T00:11:41.561+0600] {logging_mixin.py:154} INFO - [2025-12-05T00:11:41.561+0600] {dag.py:3722} INFO - Setting next_dagrun for dataset_produces_2 to None, run_after=None
[2025-12-05T00:11:41.573+0600] {processor.py:179} INFO - Processing /Users/asminsadykova/Desktop/h&m/.venv/lib/python3.9/site-packages/airflow/example_dags/example_datasets.py took 0.117 seconds
