[2025-12-04T23:18:22.647+0600] {processor.py:157} INFO - Started process (PID=38949) to work on /Users/asminsadykova/Desktop/h&m/.venv/lib/python3.9/site-packages/airflow/example_dags/example_dynamic_task_mapping_with_no_taskflow_operators.py
[2025-12-04T23:18:22.647+0600] {processor.py:829} INFO - Processing file /Users/asminsadykova/Desktop/h&m/.venv/lib/python3.9/site-packages/airflow/example_dags/example_dynamic_task_mapping_with_no_taskflow_operators.py for tasks to queue
[2025-12-04T23:18:22.647+0600] {logging_mixin.py:154} INFO - [2025-12-04T23:18:22.647+0600] {dagbag.py:536} INFO - Filling up the DagBag from /Users/asminsadykova/Desktop/h&m/.venv/lib/python3.9/site-packages/airflow/example_dags/example_dynamic_task_mapping_with_no_taskflow_operators.py
[2025-12-04T23:18:22.659+0600] {processor.py:839} INFO - DAG(s) dict_keys(['example_dynamic_task_mapping_with_no_taskflow_operators']) retrieved from /Users/asminsadykova/Desktop/h&m/.venv/lib/python3.9/site-packages/airflow/example_dags/example_dynamic_task_mapping_with_no_taskflow_operators.py
[2025-12-04T23:18:22.921+0600] {logging_mixin.py:154} INFO - [2025-12-04T23:18:22.921+0600] {manager.py:499} INFO - Created Permission View: %s
[2025-12-04T23:18:22.924+0600] {logging_mixin.py:154} INFO - [2025-12-04T23:18:22.924+0600] {manager.py:499} INFO - Created Permission View: %s
[2025-12-04T23:18:22.926+0600] {logging_mixin.py:154} INFO - [2025-12-04T23:18:22.926+0600] {manager.py:499} INFO - Created Permission View: %s
[2025-12-04T23:18:22.926+0600] {logging_mixin.py:154} INFO - [2025-12-04T23:18:22.926+0600] {dag.py:2941} INFO - Sync 1 DAGs
[2025-12-04T23:18:22.930+0600] {logging_mixin.py:154} INFO - [2025-12-04T23:18:22.930+0600] {dag.py:2963} INFO - Creating ORM DAG for example_dynamic_task_mapping_with_no_taskflow_operators
[2025-12-04T23:18:22.934+0600] {logging_mixin.py:154} INFO - [2025-12-04T23:18:22.934+0600] {dag.py:3722} INFO - Setting next_dagrun for example_dynamic_task_mapping_with_no_taskflow_operators to 2025-12-03T17:18:22.934247+00:00, run_after=2025-12-04T17:18:22.934247+00:00
[2025-12-04T23:18:22.940+0600] {processor.py:179} INFO - Processing /Users/asminsadykova/Desktop/h&m/.venv/lib/python3.9/site-packages/airflow/example_dags/example_dynamic_task_mapping_with_no_taskflow_operators.py took 0.294 seconds
[2025-12-04T23:19:52.783+0600] {processor.py:157} INFO - Started process (PID=39074) to work on /Users/asminsadykova/Desktop/h&m/.venv/lib/python3.9/site-packages/airflow/example_dags/example_dynamic_task_mapping_with_no_taskflow_operators.py
[2025-12-04T23:19:52.784+0600] {processor.py:829} INFO - Processing file /Users/asminsadykova/Desktop/h&m/.venv/lib/python3.9/site-packages/airflow/example_dags/example_dynamic_task_mapping_with_no_taskflow_operators.py for tasks to queue
[2025-12-04T23:19:52.784+0600] {logging_mixin.py:154} INFO - [2025-12-04T23:19:52.784+0600] {dagbag.py:536} INFO - Filling up the DagBag from /Users/asminsadykova/Desktop/h&m/.venv/lib/python3.9/site-packages/airflow/example_dags/example_dynamic_task_mapping_with_no_taskflow_operators.py
[2025-12-04T23:19:52.795+0600] {processor.py:839} INFO - DAG(s) dict_keys(['example_dynamic_task_mapping_with_no_taskflow_operators']) retrieved from /Users/asminsadykova/Desktop/h&m/.venv/lib/python3.9/site-packages/airflow/example_dags/example_dynamic_task_mapping_with_no_taskflow_operators.py
[2025-12-04T23:19:52.865+0600] {logging_mixin.py:154} INFO - [2025-12-04T23:19:52.864+0600] {dag.py:2941} INFO - Sync 1 DAGs
[2025-12-04T23:19:52.871+0600] {logging_mixin.py:154} INFO - [2025-12-04T23:19:52.871+0600] {dag.py:3722} INFO - Setting next_dagrun for example_dynamic_task_mapping_with_no_taskflow_operators to 2025-12-03T17:19:52.871181+00:00, run_after=2025-12-04T17:19:52.871181+00:00
[2025-12-04T23:19:52.878+0600] {processor.py:179} INFO - Processing /Users/asminsadykova/Desktop/h&m/.venv/lib/python3.9/site-packages/airflow/example_dags/example_dynamic_task_mapping_with_no_taskflow_operators.py took 0.096 seconds
[2025-12-04T23:21:19.631+0600] {processor.py:157} INFO - Started process (PID=39173) to work on /Users/asminsadykova/Desktop/h&m/.venv/lib/python3.9/site-packages/airflow/example_dags/example_dynamic_task_mapping_with_no_taskflow_operators.py
[2025-12-04T23:21:19.632+0600] {processor.py:829} INFO - Processing file /Users/asminsadykova/Desktop/h&m/.venv/lib/python3.9/site-packages/airflow/example_dags/example_dynamic_task_mapping_with_no_taskflow_operators.py for tasks to queue
[2025-12-04T23:21:19.632+0600] {logging_mixin.py:154} INFO - [2025-12-04T23:21:19.632+0600] {dagbag.py:536} INFO - Filling up the DagBag from /Users/asminsadykova/Desktop/h&m/.venv/lib/python3.9/site-packages/airflow/example_dags/example_dynamic_task_mapping_with_no_taskflow_operators.py
[2025-12-04T23:21:19.643+0600] {processor.py:839} INFO - DAG(s) dict_keys(['example_dynamic_task_mapping_with_no_taskflow_operators']) retrieved from /Users/asminsadykova/Desktop/h&m/.venv/lib/python3.9/site-packages/airflow/example_dags/example_dynamic_task_mapping_with_no_taskflow_operators.py
[2025-12-04T23:21:19.725+0600] {logging_mixin.py:154} INFO - [2025-12-04T23:21:19.724+0600] {dag.py:2941} INFO - Sync 1 DAGs
[2025-12-04T23:21:19.731+0600] {logging_mixin.py:154} INFO - [2025-12-04T23:21:19.731+0600] {dag.py:3722} INFO - Setting next_dagrun for example_dynamic_task_mapping_with_no_taskflow_operators to 2025-12-03T17:21:19.731488+00:00, run_after=2025-12-04T17:21:19.731488+00:00
[2025-12-04T23:21:19.739+0600] {processor.py:179} INFO - Processing /Users/asminsadykova/Desktop/h&m/.venv/lib/python3.9/site-packages/airflow/example_dags/example_dynamic_task_mapping_with_no_taskflow_operators.py took 0.108 seconds
[2025-12-04T23:22:43.434+0600] {processor.py:157} INFO - Started process (PID=39270) to work on /Users/asminsadykova/Desktop/h&m/.venv/lib/python3.9/site-packages/airflow/example_dags/example_dynamic_task_mapping_with_no_taskflow_operators.py
[2025-12-04T23:22:43.435+0600] {processor.py:829} INFO - Processing file /Users/asminsadykova/Desktop/h&m/.venv/lib/python3.9/site-packages/airflow/example_dags/example_dynamic_task_mapping_with_no_taskflow_operators.py for tasks to queue
[2025-12-04T23:22:43.435+0600] {logging_mixin.py:154} INFO - [2025-12-04T23:22:43.435+0600] {dagbag.py:536} INFO - Filling up the DagBag from /Users/asminsadykova/Desktop/h&m/.venv/lib/python3.9/site-packages/airflow/example_dags/example_dynamic_task_mapping_with_no_taskflow_operators.py
[2025-12-04T23:22:43.445+0600] {processor.py:839} INFO - DAG(s) dict_keys(['example_dynamic_task_mapping_with_no_taskflow_operators']) retrieved from /Users/asminsadykova/Desktop/h&m/.venv/lib/python3.9/site-packages/airflow/example_dags/example_dynamic_task_mapping_with_no_taskflow_operators.py
[2025-12-04T23:22:43.515+0600] {logging_mixin.py:154} INFO - [2025-12-04T23:22:43.515+0600] {dag.py:2941} INFO - Sync 1 DAGs
[2025-12-04T23:22:43.522+0600] {logging_mixin.py:154} INFO - [2025-12-04T23:22:43.522+0600] {dag.py:3722} INFO - Setting next_dagrun for example_dynamic_task_mapping_with_no_taskflow_operators to 2025-12-03T17:22:43.522193+00:00, run_after=2025-12-04T17:22:43.522193+00:00
[2025-12-04T23:22:43.530+0600] {processor.py:179} INFO - Processing /Users/asminsadykova/Desktop/h&m/.venv/lib/python3.9/site-packages/airflow/example_dags/example_dynamic_task_mapping_with_no_taskflow_operators.py took 0.096 seconds
[2025-12-04T23:24:20.086+0600] {processor.py:157} INFO - Started process (PID=39466) to work on /Users/asminsadykova/Desktop/h&m/.venv/lib/python3.9/site-packages/airflow/example_dags/example_dynamic_task_mapping_with_no_taskflow_operators.py
[2025-12-04T23:24:20.087+0600] {processor.py:829} INFO - Processing file /Users/asminsadykova/Desktop/h&m/.venv/lib/python3.9/site-packages/airflow/example_dags/example_dynamic_task_mapping_with_no_taskflow_operators.py for tasks to queue
[2025-12-04T23:24:20.087+0600] {logging_mixin.py:154} INFO - [2025-12-04T23:24:20.087+0600] {dagbag.py:536} INFO - Filling up the DagBag from /Users/asminsadykova/Desktop/h&m/.venv/lib/python3.9/site-packages/airflow/example_dags/example_dynamic_task_mapping_with_no_taskflow_operators.py
[2025-12-04T23:24:20.098+0600] {processor.py:839} INFO - DAG(s) dict_keys(['example_dynamic_task_mapping_with_no_taskflow_operators']) retrieved from /Users/asminsadykova/Desktop/h&m/.venv/lib/python3.9/site-packages/airflow/example_dags/example_dynamic_task_mapping_with_no_taskflow_operators.py
[2025-12-04T23:24:20.167+0600] {logging_mixin.py:154} INFO - [2025-12-04T23:24:20.167+0600] {dag.py:2941} INFO - Sync 1 DAGs
[2025-12-04T23:24:20.173+0600] {logging_mixin.py:154} INFO - [2025-12-04T23:24:20.173+0600] {dag.py:3722} INFO - Setting next_dagrun for example_dynamic_task_mapping_with_no_taskflow_operators to 2025-12-03T17:24:20.173590+00:00, run_after=2025-12-04T17:24:20.173590+00:00
[2025-12-04T23:24:20.181+0600] {processor.py:179} INFO - Processing /Users/asminsadykova/Desktop/h&m/.venv/lib/python3.9/site-packages/airflow/example_dags/example_dynamic_task_mapping_with_no_taskflow_operators.py took 0.095 seconds
[2025-12-04T23:25:53.098+0600] {processor.py:157} INFO - Started process (PID=39554) to work on /Users/asminsadykova/Desktop/h&m/.venv/lib/python3.9/site-packages/airflow/example_dags/example_dynamic_task_mapping_with_no_taskflow_operators.py
[2025-12-04T23:25:53.098+0600] {processor.py:829} INFO - Processing file /Users/asminsadykova/Desktop/h&m/.venv/lib/python3.9/site-packages/airflow/example_dags/example_dynamic_task_mapping_with_no_taskflow_operators.py for tasks to queue
[2025-12-04T23:25:53.098+0600] {logging_mixin.py:154} INFO - [2025-12-04T23:25:53.098+0600] {dagbag.py:536} INFO - Filling up the DagBag from /Users/asminsadykova/Desktop/h&m/.venv/lib/python3.9/site-packages/airflow/example_dags/example_dynamic_task_mapping_with_no_taskflow_operators.py
[2025-12-04T23:25:53.109+0600] {processor.py:839} INFO - DAG(s) dict_keys(['example_dynamic_task_mapping_with_no_taskflow_operators']) retrieved from /Users/asminsadykova/Desktop/h&m/.venv/lib/python3.9/site-packages/airflow/example_dags/example_dynamic_task_mapping_with_no_taskflow_operators.py
[2025-12-04T23:25:53.179+0600] {logging_mixin.py:154} INFO - [2025-12-04T23:25:53.179+0600] {dag.py:2941} INFO - Sync 1 DAGs
[2025-12-04T23:25:53.185+0600] {logging_mixin.py:154} INFO - [2025-12-04T23:25:53.185+0600] {dag.py:3722} INFO - Setting next_dagrun for example_dynamic_task_mapping_with_no_taskflow_operators to 2025-12-03T17:25:53.185512+00:00, run_after=2025-12-04T17:25:53.185512+00:00
[2025-12-04T23:25:53.193+0600] {processor.py:179} INFO - Processing /Users/asminsadykova/Desktop/h&m/.venv/lib/python3.9/site-packages/airflow/example_dags/example_dynamic_task_mapping_with_no_taskflow_operators.py took 0.096 seconds
[2025-12-04T23:27:33.811+0600] {processor.py:157} INFO - Started process (PID=39657) to work on /Users/asminsadykova/Desktop/h&m/.venv/lib/python3.9/site-packages/airflow/example_dags/example_dynamic_task_mapping_with_no_taskflow_operators.py
[2025-12-04T23:27:33.813+0600] {processor.py:829} INFO - Processing file /Users/asminsadykova/Desktop/h&m/.venv/lib/python3.9/site-packages/airflow/example_dags/example_dynamic_task_mapping_with_no_taskflow_operators.py for tasks to queue
[2025-12-04T23:27:33.813+0600] {logging_mixin.py:154} INFO - [2025-12-04T23:27:33.813+0600] {dagbag.py:536} INFO - Filling up the DagBag from /Users/asminsadykova/Desktop/h&m/.venv/lib/python3.9/site-packages/airflow/example_dags/example_dynamic_task_mapping_with_no_taskflow_operators.py
[2025-12-04T23:27:33.825+0600] {processor.py:839} INFO - DAG(s) dict_keys(['example_dynamic_task_mapping_with_no_taskflow_operators']) retrieved from /Users/asminsadykova/Desktop/h&m/.venv/lib/python3.9/site-packages/airflow/example_dags/example_dynamic_task_mapping_with_no_taskflow_operators.py
[2025-12-04T23:27:33.895+0600] {logging_mixin.py:154} INFO - [2025-12-04T23:27:33.895+0600] {dag.py:2941} INFO - Sync 1 DAGs
[2025-12-04T23:27:33.901+0600] {logging_mixin.py:154} INFO - [2025-12-04T23:27:33.901+0600] {dag.py:3722} INFO - Setting next_dagrun for example_dynamic_task_mapping_with_no_taskflow_operators to 2025-12-03T17:27:33.901821+00:00, run_after=2025-12-04T17:27:33.901821+00:00
[2025-12-04T23:27:33.912+0600] {processor.py:179} INFO - Processing /Users/asminsadykova/Desktop/h&m/.venv/lib/python3.9/site-packages/airflow/example_dags/example_dynamic_task_mapping_with_no_taskflow_operators.py took 0.101 seconds
[2025-12-04T23:28:59.024+0600] {processor.py:157} INFO - Started process (PID=39742) to work on /Users/asminsadykova/Desktop/h&m/.venv/lib/python3.9/site-packages/airflow/example_dags/example_dynamic_task_mapping_with_no_taskflow_operators.py
[2025-12-04T23:28:59.025+0600] {processor.py:829} INFO - Processing file /Users/asminsadykova/Desktop/h&m/.venv/lib/python3.9/site-packages/airflow/example_dags/example_dynamic_task_mapping_with_no_taskflow_operators.py for tasks to queue
[2025-12-04T23:28:59.025+0600] {logging_mixin.py:154} INFO - [2025-12-04T23:28:59.025+0600] {dagbag.py:536} INFO - Filling up the DagBag from /Users/asminsadykova/Desktop/h&m/.venv/lib/python3.9/site-packages/airflow/example_dags/example_dynamic_task_mapping_with_no_taskflow_operators.py
[2025-12-04T23:28:59.036+0600] {processor.py:839} INFO - DAG(s) dict_keys(['example_dynamic_task_mapping_with_no_taskflow_operators']) retrieved from /Users/asminsadykova/Desktop/h&m/.venv/lib/python3.9/site-packages/airflow/example_dags/example_dynamic_task_mapping_with_no_taskflow_operators.py
[2025-12-04T23:28:59.105+0600] {logging_mixin.py:154} INFO - [2025-12-04T23:28:59.105+0600] {dag.py:2941} INFO - Sync 1 DAGs
[2025-12-04T23:28:59.111+0600] {logging_mixin.py:154} INFO - [2025-12-04T23:28:59.111+0600] {dag.py:3722} INFO - Setting next_dagrun for example_dynamic_task_mapping_with_no_taskflow_operators to 2025-12-03T17:28:59.111166+00:00, run_after=2025-12-04T17:28:59.111166+00:00
[2025-12-04T23:28:59.118+0600] {processor.py:179} INFO - Processing /Users/asminsadykova/Desktop/h&m/.venv/lib/python3.9/site-packages/airflow/example_dags/example_dynamic_task_mapping_with_no_taskflow_operators.py took 0.094 seconds
[2025-12-04T23:30:23.472+0600] {processor.py:157} INFO - Started process (PID=39811) to work on /Users/asminsadykova/Desktop/h&m/.venv/lib/python3.9/site-packages/airflow/example_dags/example_dynamic_task_mapping_with_no_taskflow_operators.py
[2025-12-04T23:30:23.473+0600] {processor.py:829} INFO - Processing file /Users/asminsadykova/Desktop/h&m/.venv/lib/python3.9/site-packages/airflow/example_dags/example_dynamic_task_mapping_with_no_taskflow_operators.py for tasks to queue
[2025-12-04T23:30:23.474+0600] {logging_mixin.py:154} INFO - [2025-12-04T23:30:23.473+0600] {dagbag.py:536} INFO - Filling up the DagBag from /Users/asminsadykova/Desktop/h&m/.venv/lib/python3.9/site-packages/airflow/example_dags/example_dynamic_task_mapping_with_no_taskflow_operators.py
[2025-12-04T23:30:23.484+0600] {processor.py:839} INFO - DAG(s) dict_keys(['example_dynamic_task_mapping_with_no_taskflow_operators']) retrieved from /Users/asminsadykova/Desktop/h&m/.venv/lib/python3.9/site-packages/airflow/example_dags/example_dynamic_task_mapping_with_no_taskflow_operators.py
[2025-12-04T23:30:23.556+0600] {logging_mixin.py:154} INFO - [2025-12-04T23:30:23.555+0600] {dag.py:2941} INFO - Sync 1 DAGs
[2025-12-04T23:30:23.563+0600] {logging_mixin.py:154} INFO - [2025-12-04T23:30:23.563+0600] {dag.py:3722} INFO - Setting next_dagrun for example_dynamic_task_mapping_with_no_taskflow_operators to 2025-12-03T17:30:23.563126+00:00, run_after=2025-12-04T17:30:23.563126+00:00
[2025-12-04T23:30:23.570+0600] {processor.py:179} INFO - Processing /Users/asminsadykova/Desktop/h&m/.venv/lib/python3.9/site-packages/airflow/example_dags/example_dynamic_task_mapping_with_no_taskflow_operators.py took 0.098 seconds
[2025-12-04T23:31:43.982+0600] {processor.py:157} INFO - Started process (PID=39879) to work on /Users/asminsadykova/Desktop/h&m/.venv/lib/python3.9/site-packages/airflow/example_dags/example_dynamic_task_mapping_with_no_taskflow_operators.py
[2025-12-04T23:31:43.983+0600] {processor.py:829} INFO - Processing file /Users/asminsadykova/Desktop/h&m/.venv/lib/python3.9/site-packages/airflow/example_dags/example_dynamic_task_mapping_with_no_taskflow_operators.py for tasks to queue
[2025-12-04T23:31:43.983+0600] {logging_mixin.py:154} INFO - [2025-12-04T23:31:43.983+0600] {dagbag.py:536} INFO - Filling up the DagBag from /Users/asminsadykova/Desktop/h&m/.venv/lib/python3.9/site-packages/airflow/example_dags/example_dynamic_task_mapping_with_no_taskflow_operators.py
[2025-12-04T23:31:43.994+0600] {processor.py:839} INFO - DAG(s) dict_keys(['example_dynamic_task_mapping_with_no_taskflow_operators']) retrieved from /Users/asminsadykova/Desktop/h&m/.venv/lib/python3.9/site-packages/airflow/example_dags/example_dynamic_task_mapping_with_no_taskflow_operators.py
[2025-12-04T23:31:44.076+0600] {logging_mixin.py:154} INFO - [2025-12-04T23:31:44.076+0600] {dag.py:2941} INFO - Sync 1 DAGs
[2025-12-04T23:31:44.084+0600] {logging_mixin.py:154} INFO - [2025-12-04T23:31:44.084+0600] {dag.py:3722} INFO - Setting next_dagrun for example_dynamic_task_mapping_with_no_taskflow_operators to 2025-12-03T17:31:44.084313+00:00, run_after=2025-12-04T17:31:44.084313+00:00
[2025-12-04T23:31:44.092+0600] {processor.py:179} INFO - Processing /Users/asminsadykova/Desktop/h&m/.venv/lib/python3.9/site-packages/airflow/example_dags/example_dynamic_task_mapping_with_no_taskflow_operators.py took 0.111 seconds
[2025-12-04T23:33:12.361+0600] {processor.py:157} INFO - Started process (PID=40103) to work on /Users/asminsadykova/Desktop/h&m/.venv/lib/python3.9/site-packages/airflow/example_dags/example_dynamic_task_mapping_with_no_taskflow_operators.py
[2025-12-04T23:33:12.362+0600] {processor.py:829} INFO - Processing file /Users/asminsadykova/Desktop/h&m/.venv/lib/python3.9/site-packages/airflow/example_dags/example_dynamic_task_mapping_with_no_taskflow_operators.py for tasks to queue
[2025-12-04T23:33:12.362+0600] {logging_mixin.py:154} INFO - [2025-12-04T23:33:12.362+0600] {dagbag.py:536} INFO - Filling up the DagBag from /Users/asminsadykova/Desktop/h&m/.venv/lib/python3.9/site-packages/airflow/example_dags/example_dynamic_task_mapping_with_no_taskflow_operators.py
[2025-12-04T23:33:12.372+0600] {processor.py:839} INFO - DAG(s) dict_keys(['example_dynamic_task_mapping_with_no_taskflow_operators']) retrieved from /Users/asminsadykova/Desktop/h&m/.venv/lib/python3.9/site-packages/airflow/example_dags/example_dynamic_task_mapping_with_no_taskflow_operators.py
[2025-12-04T23:33:12.442+0600] {logging_mixin.py:154} INFO - [2025-12-04T23:33:12.442+0600] {dag.py:2941} INFO - Sync 1 DAGs
[2025-12-04T23:33:12.449+0600] {logging_mixin.py:154} INFO - [2025-12-04T23:33:12.449+0600] {dag.py:3722} INFO - Setting next_dagrun for example_dynamic_task_mapping_with_no_taskflow_operators to 2025-12-03T17:33:12.449273+00:00, run_after=2025-12-04T17:33:12.449273+00:00
[2025-12-04T23:33:12.456+0600] {processor.py:179} INFO - Processing /Users/asminsadykova/Desktop/h&m/.venv/lib/python3.9/site-packages/airflow/example_dags/example_dynamic_task_mapping_with_no_taskflow_operators.py took 0.096 seconds
[2025-12-04T23:34:37.087+0600] {processor.py:157} INFO - Started process (PID=40185) to work on /Users/asminsadykova/Desktop/h&m/.venv/lib/python3.9/site-packages/airflow/example_dags/example_dynamic_task_mapping_with_no_taskflow_operators.py
[2025-12-04T23:34:37.089+0600] {processor.py:829} INFO - Processing file /Users/asminsadykova/Desktop/h&m/.venv/lib/python3.9/site-packages/airflow/example_dags/example_dynamic_task_mapping_with_no_taskflow_operators.py for tasks to queue
[2025-12-04T23:34:37.089+0600] {logging_mixin.py:154} INFO - [2025-12-04T23:34:37.089+0600] {dagbag.py:536} INFO - Filling up the DagBag from /Users/asminsadykova/Desktop/h&m/.venv/lib/python3.9/site-packages/airflow/example_dags/example_dynamic_task_mapping_with_no_taskflow_operators.py
[2025-12-04T23:34:37.100+0600] {processor.py:839} INFO - DAG(s) dict_keys(['example_dynamic_task_mapping_with_no_taskflow_operators']) retrieved from /Users/asminsadykova/Desktop/h&m/.venv/lib/python3.9/site-packages/airflow/example_dags/example_dynamic_task_mapping_with_no_taskflow_operators.py
[2025-12-04T23:34:37.171+0600] {logging_mixin.py:154} INFO - [2025-12-04T23:34:37.171+0600] {dag.py:2941} INFO - Sync 1 DAGs
[2025-12-04T23:34:37.177+0600] {logging_mixin.py:154} INFO - [2025-12-04T23:34:37.177+0600] {dag.py:3722} INFO - Setting next_dagrun for example_dynamic_task_mapping_with_no_taskflow_operators to 2025-12-03T17:34:37.177236+00:00, run_after=2025-12-04T17:34:37.177236+00:00
[2025-12-04T23:34:37.185+0600] {processor.py:179} INFO - Processing /Users/asminsadykova/Desktop/h&m/.venv/lib/python3.9/site-packages/airflow/example_dags/example_dynamic_task_mapping_with_no_taskflow_operators.py took 0.099 seconds
[2025-12-04T23:36:16.102+0600] {processor.py:157} INFO - Started process (PID=40270) to work on /Users/asminsadykova/Desktop/h&m/.venv/lib/python3.9/site-packages/airflow/example_dags/example_dynamic_task_mapping_with_no_taskflow_operators.py
[2025-12-04T23:36:16.103+0600] {processor.py:829} INFO - Processing file /Users/asminsadykova/Desktop/h&m/.venv/lib/python3.9/site-packages/airflow/example_dags/example_dynamic_task_mapping_with_no_taskflow_operators.py for tasks to queue
[2025-12-04T23:36:16.103+0600] {logging_mixin.py:154} INFO - [2025-12-04T23:36:16.103+0600] {dagbag.py:536} INFO - Filling up the DagBag from /Users/asminsadykova/Desktop/h&m/.venv/lib/python3.9/site-packages/airflow/example_dags/example_dynamic_task_mapping_with_no_taskflow_operators.py
[2025-12-04T23:36:16.116+0600] {processor.py:839} INFO - DAG(s) dict_keys(['example_dynamic_task_mapping_with_no_taskflow_operators']) retrieved from /Users/asminsadykova/Desktop/h&m/.venv/lib/python3.9/site-packages/airflow/example_dags/example_dynamic_task_mapping_with_no_taskflow_operators.py
[2025-12-04T23:36:16.192+0600] {logging_mixin.py:154} INFO - [2025-12-04T23:36:16.192+0600] {dag.py:2941} INFO - Sync 1 DAGs
[2025-12-04T23:36:16.199+0600] {logging_mixin.py:154} INFO - [2025-12-04T23:36:16.198+0600] {dag.py:3722} INFO - Setting next_dagrun for example_dynamic_task_mapping_with_no_taskflow_operators to 2025-12-03T17:36:16.198924+00:00, run_after=2025-12-04T17:36:16.198924+00:00
[2025-12-04T23:36:16.207+0600] {processor.py:179} INFO - Processing /Users/asminsadykova/Desktop/h&m/.venv/lib/python3.9/site-packages/airflow/example_dags/example_dynamic_task_mapping_with_no_taskflow_operators.py took 0.106 seconds
[2025-12-04T23:37:44.300+0600] {processor.py:157} INFO - Started process (PID=40370) to work on /Users/asminsadykova/Desktop/h&m/.venv/lib/python3.9/site-packages/airflow/example_dags/example_dynamic_task_mapping_with_no_taskflow_operators.py
[2025-12-04T23:37:44.301+0600] {processor.py:829} INFO - Processing file /Users/asminsadykova/Desktop/h&m/.venv/lib/python3.9/site-packages/airflow/example_dags/example_dynamic_task_mapping_with_no_taskflow_operators.py for tasks to queue
[2025-12-04T23:37:44.301+0600] {logging_mixin.py:154} INFO - [2025-12-04T23:37:44.301+0600] {dagbag.py:536} INFO - Filling up the DagBag from /Users/asminsadykova/Desktop/h&m/.venv/lib/python3.9/site-packages/airflow/example_dags/example_dynamic_task_mapping_with_no_taskflow_operators.py
[2025-12-04T23:37:44.312+0600] {processor.py:839} INFO - DAG(s) dict_keys(['example_dynamic_task_mapping_with_no_taskflow_operators']) retrieved from /Users/asminsadykova/Desktop/h&m/.venv/lib/python3.9/site-packages/airflow/example_dags/example_dynamic_task_mapping_with_no_taskflow_operators.py
[2025-12-04T23:37:44.385+0600] {logging_mixin.py:154} INFO - [2025-12-04T23:37:44.385+0600] {dag.py:2941} INFO - Sync 1 DAGs
[2025-12-04T23:37:44.391+0600] {logging_mixin.py:154} INFO - [2025-12-04T23:37:44.391+0600] {dag.py:3722} INFO - Setting next_dagrun for example_dynamic_task_mapping_with_no_taskflow_operators to 2025-12-03T17:37:44.391820+00:00, run_after=2025-12-04T17:37:44.391820+00:00
[2025-12-04T23:37:44.400+0600] {processor.py:179} INFO - Processing /Users/asminsadykova/Desktop/h&m/.venv/lib/python3.9/site-packages/airflow/example_dags/example_dynamic_task_mapping_with_no_taskflow_operators.py took 0.100 seconds
[2025-12-04T23:39:22.527+0600] {processor.py:157} INFO - Started process (PID=40449) to work on /Users/asminsadykova/Desktop/h&m/.venv/lib/python3.9/site-packages/airflow/example_dags/example_dynamic_task_mapping_with_no_taskflow_operators.py
[2025-12-04T23:39:22.529+0600] {processor.py:829} INFO - Processing file /Users/asminsadykova/Desktop/h&m/.venv/lib/python3.9/site-packages/airflow/example_dags/example_dynamic_task_mapping_with_no_taskflow_operators.py for tasks to queue
[2025-12-04T23:39:22.530+0600] {logging_mixin.py:154} INFO - [2025-12-04T23:39:22.530+0600] {dagbag.py:536} INFO - Filling up the DagBag from /Users/asminsadykova/Desktop/h&m/.venv/lib/python3.9/site-packages/airflow/example_dags/example_dynamic_task_mapping_with_no_taskflow_operators.py
[2025-12-04T23:39:22.541+0600] {processor.py:839} INFO - DAG(s) dict_keys(['example_dynamic_task_mapping_with_no_taskflow_operators']) retrieved from /Users/asminsadykova/Desktop/h&m/.venv/lib/python3.9/site-packages/airflow/example_dags/example_dynamic_task_mapping_with_no_taskflow_operators.py
[2025-12-04T23:39:22.615+0600] {logging_mixin.py:154} INFO - [2025-12-04T23:39:22.615+0600] {dag.py:2941} INFO - Sync 1 DAGs
[2025-12-04T23:39:22.621+0600] {logging_mixin.py:154} INFO - [2025-12-04T23:39:22.621+0600] {dag.py:3722} INFO - Setting next_dagrun for example_dynamic_task_mapping_with_no_taskflow_operators to 2025-12-03T17:39:22.621852+00:00, run_after=2025-12-04T17:39:22.621852+00:00
[2025-12-04T23:39:22.630+0600] {processor.py:179} INFO - Processing /Users/asminsadykova/Desktop/h&m/.venv/lib/python3.9/site-packages/airflow/example_dags/example_dynamic_task_mapping_with_no_taskflow_operators.py took 0.104 seconds
[2025-12-04T23:40:58.378+0600] {processor.py:157} INFO - Started process (PID=40580) to work on /Users/asminsadykova/Desktop/h&m/.venv/lib/python3.9/site-packages/airflow/example_dags/example_dynamic_task_mapping_with_no_taskflow_operators.py
[2025-12-04T23:40:58.380+0600] {processor.py:829} INFO - Processing file /Users/asminsadykova/Desktop/h&m/.venv/lib/python3.9/site-packages/airflow/example_dags/example_dynamic_task_mapping_with_no_taskflow_operators.py for tasks to queue
[2025-12-04T23:40:58.380+0600] {logging_mixin.py:154} INFO - [2025-12-04T23:40:58.380+0600] {dagbag.py:536} INFO - Filling up the DagBag from /Users/asminsadykova/Desktop/h&m/.venv/lib/python3.9/site-packages/airflow/example_dags/example_dynamic_task_mapping_with_no_taskflow_operators.py
[2025-12-04T23:40:58.391+0600] {processor.py:839} INFO - DAG(s) dict_keys(['example_dynamic_task_mapping_with_no_taskflow_operators']) retrieved from /Users/asminsadykova/Desktop/h&m/.venv/lib/python3.9/site-packages/airflow/example_dags/example_dynamic_task_mapping_with_no_taskflow_operators.py
[2025-12-04T23:40:58.460+0600] {logging_mixin.py:154} INFO - [2025-12-04T23:40:58.460+0600] {dag.py:2941} INFO - Sync 1 DAGs
[2025-12-04T23:40:58.467+0600] {logging_mixin.py:154} INFO - [2025-12-04T23:40:58.467+0600] {dag.py:3722} INFO - Setting next_dagrun for example_dynamic_task_mapping_with_no_taskflow_operators to 2025-12-03T17:40:58.467011+00:00, run_after=2025-12-04T17:40:58.467011+00:00
[2025-12-04T23:40:58.474+0600] {processor.py:179} INFO - Processing /Users/asminsadykova/Desktop/h&m/.venv/lib/python3.9/site-packages/airflow/example_dags/example_dynamic_task_mapping_with_no_taskflow_operators.py took 0.097 seconds
[2025-12-04T23:42:23.824+0600] {processor.py:157} INFO - Started process (PID=40667) to work on /Users/asminsadykova/Desktop/h&m/.venv/lib/python3.9/site-packages/airflow/example_dags/example_dynamic_task_mapping_with_no_taskflow_operators.py
[2025-12-04T23:42:23.827+0600] {processor.py:829} INFO - Processing file /Users/asminsadykova/Desktop/h&m/.venv/lib/python3.9/site-packages/airflow/example_dags/example_dynamic_task_mapping_with_no_taskflow_operators.py for tasks to queue
[2025-12-04T23:42:23.827+0600] {logging_mixin.py:154} INFO - [2025-12-04T23:42:23.827+0600] {dagbag.py:536} INFO - Filling up the DagBag from /Users/asminsadykova/Desktop/h&m/.venv/lib/python3.9/site-packages/airflow/example_dags/example_dynamic_task_mapping_with_no_taskflow_operators.py
[2025-12-04T23:42:23.838+0600] {processor.py:839} INFO - DAG(s) dict_keys(['example_dynamic_task_mapping_with_no_taskflow_operators']) retrieved from /Users/asminsadykova/Desktop/h&m/.venv/lib/python3.9/site-packages/airflow/example_dags/example_dynamic_task_mapping_with_no_taskflow_operators.py
[2025-12-04T23:42:23.907+0600] {logging_mixin.py:154} INFO - [2025-12-04T23:42:23.907+0600] {dag.py:2941} INFO - Sync 1 DAGs
[2025-12-04T23:42:23.913+0600] {logging_mixin.py:154} INFO - [2025-12-04T23:42:23.913+0600] {dag.py:3722} INFO - Setting next_dagrun for example_dynamic_task_mapping_with_no_taskflow_operators to 2025-12-03T17:42:23.913387+00:00, run_after=2025-12-04T17:42:23.913387+00:00
[2025-12-04T23:42:23.921+0600] {processor.py:179} INFO - Processing /Users/asminsadykova/Desktop/h&m/.venv/lib/python3.9/site-packages/airflow/example_dags/example_dynamic_task_mapping_with_no_taskflow_operators.py took 0.098 seconds
[2025-12-04T23:44:00.958+0600] {processor.py:157} INFO - Started process (PID=40872) to work on /Users/asminsadykova/Desktop/h&m/.venv/lib/python3.9/site-packages/airflow/example_dags/example_dynamic_task_mapping_with_no_taskflow_operators.py
[2025-12-04T23:44:00.959+0600] {processor.py:829} INFO - Processing file /Users/asminsadykova/Desktop/h&m/.venv/lib/python3.9/site-packages/airflow/example_dags/example_dynamic_task_mapping_with_no_taskflow_operators.py for tasks to queue
[2025-12-04T23:44:00.959+0600] {logging_mixin.py:154} INFO - [2025-12-04T23:44:00.959+0600] {dagbag.py:536} INFO - Filling up the DagBag from /Users/asminsadykova/Desktop/h&m/.venv/lib/python3.9/site-packages/airflow/example_dags/example_dynamic_task_mapping_with_no_taskflow_operators.py
[2025-12-04T23:44:00.971+0600] {processor.py:839} INFO - DAG(s) dict_keys(['example_dynamic_task_mapping_with_no_taskflow_operators']) retrieved from /Users/asminsadykova/Desktop/h&m/.venv/lib/python3.9/site-packages/airflow/example_dags/example_dynamic_task_mapping_with_no_taskflow_operators.py
[2025-12-04T23:44:01.050+0600] {logging_mixin.py:154} INFO - [2025-12-04T23:44:01.050+0600] {dag.py:2941} INFO - Sync 1 DAGs
[2025-12-04T23:44:01.059+0600] {logging_mixin.py:154} INFO - [2025-12-04T23:44:01.059+0600] {dag.py:3722} INFO - Setting next_dagrun for example_dynamic_task_mapping_with_no_taskflow_operators to 2025-12-03T17:44:01.059315+00:00, run_after=2025-12-04T17:44:01.059315+00:00
[2025-12-04T23:44:01.068+0600] {processor.py:179} INFO - Processing /Users/asminsadykova/Desktop/h&m/.venv/lib/python3.9/site-packages/airflow/example_dags/example_dynamic_task_mapping_with_no_taskflow_operators.py took 0.111 seconds
[2025-12-04T23:45:37.569+0600] {processor.py:157} INFO - Started process (PID=41168) to work on /Users/asminsadykova/Desktop/h&m/.venv/lib/python3.9/site-packages/airflow/example_dags/example_dynamic_task_mapping_with_no_taskflow_operators.py
[2025-12-04T23:45:37.571+0600] {processor.py:829} INFO - Processing file /Users/asminsadykova/Desktop/h&m/.venv/lib/python3.9/site-packages/airflow/example_dags/example_dynamic_task_mapping_with_no_taskflow_operators.py for tasks to queue
[2025-12-04T23:45:37.571+0600] {logging_mixin.py:154} INFO - [2025-12-04T23:45:37.571+0600] {dagbag.py:536} INFO - Filling up the DagBag from /Users/asminsadykova/Desktop/h&m/.venv/lib/python3.9/site-packages/airflow/example_dags/example_dynamic_task_mapping_with_no_taskflow_operators.py
[2025-12-04T23:45:37.586+0600] {processor.py:839} INFO - DAG(s) dict_keys(['example_dynamic_task_mapping_with_no_taskflow_operators']) retrieved from /Users/asminsadykova/Desktop/h&m/.venv/lib/python3.9/site-packages/airflow/example_dags/example_dynamic_task_mapping_with_no_taskflow_operators.py
[2025-12-04T23:45:37.687+0600] {logging_mixin.py:154} INFO - [2025-12-04T23:45:37.687+0600] {dag.py:2941} INFO - Sync 1 DAGs
[2025-12-04T23:45:37.694+0600] {logging_mixin.py:154} INFO - [2025-12-04T23:45:37.694+0600] {dag.py:3722} INFO - Setting next_dagrun for example_dynamic_task_mapping_with_no_taskflow_operators to 2025-12-03T17:45:37.694142+00:00, run_after=2025-12-04T17:45:37.694142+00:00
[2025-12-04T23:45:37.702+0600] {processor.py:179} INFO - Processing /Users/asminsadykova/Desktop/h&m/.venv/lib/python3.9/site-packages/airflow/example_dags/example_dynamic_task_mapping_with_no_taskflow_operators.py took 0.133 seconds
[2025-12-04T23:47:12.440+0600] {processor.py:157} INFO - Started process (PID=41491) to work on /Users/asminsadykova/Desktop/h&m/.venv/lib/python3.9/site-packages/airflow/example_dags/example_dynamic_task_mapping_with_no_taskflow_operators.py
[2025-12-04T23:47:12.441+0600] {processor.py:829} INFO - Processing file /Users/asminsadykova/Desktop/h&m/.venv/lib/python3.9/site-packages/airflow/example_dags/example_dynamic_task_mapping_with_no_taskflow_operators.py for tasks to queue
[2025-12-04T23:47:12.441+0600] {logging_mixin.py:154} INFO - [2025-12-04T23:47:12.441+0600] {dagbag.py:536} INFO - Filling up the DagBag from /Users/asminsadykova/Desktop/h&m/.venv/lib/python3.9/site-packages/airflow/example_dags/example_dynamic_task_mapping_with_no_taskflow_operators.py
[2025-12-04T23:47:12.451+0600] {processor.py:839} INFO - DAG(s) dict_keys(['example_dynamic_task_mapping_with_no_taskflow_operators']) retrieved from /Users/asminsadykova/Desktop/h&m/.venv/lib/python3.9/site-packages/airflow/example_dags/example_dynamic_task_mapping_with_no_taskflow_operators.py
[2025-12-04T23:47:12.522+0600] {logging_mixin.py:154} INFO - [2025-12-04T23:47:12.522+0600] {dag.py:2941} INFO - Sync 1 DAGs
[2025-12-04T23:47:12.529+0600] {logging_mixin.py:154} INFO - [2025-12-04T23:47:12.529+0600] {dag.py:3722} INFO - Setting next_dagrun for example_dynamic_task_mapping_with_no_taskflow_operators to 2025-12-03T17:47:12.529074+00:00, run_after=2025-12-04T17:47:12.529074+00:00
[2025-12-04T23:47:12.537+0600] {processor.py:179} INFO - Processing /Users/asminsadykova/Desktop/h&m/.venv/lib/python3.9/site-packages/airflow/example_dags/example_dynamic_task_mapping_with_no_taskflow_operators.py took 0.098 seconds
[2025-12-04T23:48:37.268+0600] {processor.py:157} INFO - Started process (PID=41666) to work on /Users/asminsadykova/Desktop/h&m/.venv/lib/python3.9/site-packages/airflow/example_dags/example_dynamic_task_mapping_with_no_taskflow_operators.py
[2025-12-04T23:48:37.272+0600] {processor.py:829} INFO - Processing file /Users/asminsadykova/Desktop/h&m/.venv/lib/python3.9/site-packages/airflow/example_dags/example_dynamic_task_mapping_with_no_taskflow_operators.py for tasks to queue
[2025-12-04T23:48:37.272+0600] {logging_mixin.py:154} INFO - [2025-12-04T23:48:37.272+0600] {dagbag.py:536} INFO - Filling up the DagBag from /Users/asminsadykova/Desktop/h&m/.venv/lib/python3.9/site-packages/airflow/example_dags/example_dynamic_task_mapping_with_no_taskflow_operators.py
[2025-12-04T23:48:37.283+0600] {processor.py:839} INFO - DAG(s) dict_keys(['example_dynamic_task_mapping_with_no_taskflow_operators']) retrieved from /Users/asminsadykova/Desktop/h&m/.venv/lib/python3.9/site-packages/airflow/example_dags/example_dynamic_task_mapping_with_no_taskflow_operators.py
[2025-12-04T23:48:37.353+0600] {logging_mixin.py:154} INFO - [2025-12-04T23:48:37.353+0600] {dag.py:2941} INFO - Sync 1 DAGs
[2025-12-04T23:48:37.360+0600] {logging_mixin.py:154} INFO - [2025-12-04T23:48:37.360+0600] {dag.py:3722} INFO - Setting next_dagrun for example_dynamic_task_mapping_with_no_taskflow_operators to 2025-12-03T17:48:37.359966+00:00, run_after=2025-12-04T17:48:37.359966+00:00
[2025-12-04T23:48:37.369+0600] {processor.py:179} INFO - Processing /Users/asminsadykova/Desktop/h&m/.venv/lib/python3.9/site-packages/airflow/example_dags/example_dynamic_task_mapping_with_no_taskflow_operators.py took 0.102 seconds
[2025-12-04T23:50:11.933+0600] {processor.py:157} INFO - Started process (PID=41793) to work on /Users/asminsadykova/Desktop/h&m/.venv/lib/python3.9/site-packages/airflow/example_dags/example_dynamic_task_mapping_with_no_taskflow_operators.py
[2025-12-04T23:50:11.933+0600] {processor.py:829} INFO - Processing file /Users/asminsadykova/Desktop/h&m/.venv/lib/python3.9/site-packages/airflow/example_dags/example_dynamic_task_mapping_with_no_taskflow_operators.py for tasks to queue
[2025-12-04T23:50:11.934+0600] {logging_mixin.py:154} INFO - [2025-12-04T23:50:11.934+0600] {dagbag.py:536} INFO - Filling up the DagBag from /Users/asminsadykova/Desktop/h&m/.venv/lib/python3.9/site-packages/airflow/example_dags/example_dynamic_task_mapping_with_no_taskflow_operators.py
[2025-12-04T23:50:11.944+0600] {processor.py:839} INFO - DAG(s) dict_keys(['example_dynamic_task_mapping_with_no_taskflow_operators']) retrieved from /Users/asminsadykova/Desktop/h&m/.venv/lib/python3.9/site-packages/airflow/example_dags/example_dynamic_task_mapping_with_no_taskflow_operators.py
[2025-12-04T23:50:12.013+0600] {logging_mixin.py:154} INFO - [2025-12-04T23:50:12.013+0600] {dag.py:2941} INFO - Sync 1 DAGs
[2025-12-04T23:50:12.019+0600] {logging_mixin.py:154} INFO - [2025-12-04T23:50:12.019+0600] {dag.py:3722} INFO - Setting next_dagrun for example_dynamic_task_mapping_with_no_taskflow_operators to 2025-12-03T17:50:12.019819+00:00, run_after=2025-12-04T17:50:12.019819+00:00
[2025-12-04T23:50:12.027+0600] {processor.py:179} INFO - Processing /Users/asminsadykova/Desktop/h&m/.venv/lib/python3.9/site-packages/airflow/example_dags/example_dynamic_task_mapping_with_no_taskflow_operators.py took 0.095 seconds
[2025-12-04T23:51:50.022+0600] {processor.py:157} INFO - Started process (PID=42031) to work on /Users/asminsadykova/Desktop/h&m/.venv/lib/python3.9/site-packages/airflow/example_dags/example_dynamic_task_mapping_with_no_taskflow_operators.py
[2025-12-04T23:51:50.023+0600] {processor.py:829} INFO - Processing file /Users/asminsadykova/Desktop/h&m/.venv/lib/python3.9/site-packages/airflow/example_dags/example_dynamic_task_mapping_with_no_taskflow_operators.py for tasks to queue
[2025-12-04T23:51:50.023+0600] {logging_mixin.py:154} INFO - [2025-12-04T23:51:50.023+0600] {dagbag.py:536} INFO - Filling up the DagBag from /Users/asminsadykova/Desktop/h&m/.venv/lib/python3.9/site-packages/airflow/example_dags/example_dynamic_task_mapping_with_no_taskflow_operators.py
[2025-12-04T23:51:50.034+0600] {processor.py:839} INFO - DAG(s) dict_keys(['example_dynamic_task_mapping_with_no_taskflow_operators']) retrieved from /Users/asminsadykova/Desktop/h&m/.venv/lib/python3.9/site-packages/airflow/example_dags/example_dynamic_task_mapping_with_no_taskflow_operators.py
[2025-12-04T23:51:50.104+0600] {logging_mixin.py:154} INFO - [2025-12-04T23:51:50.104+0600] {dag.py:2941} INFO - Sync 1 DAGs
[2025-12-04T23:51:50.110+0600] {logging_mixin.py:154} INFO - [2025-12-04T23:51:50.110+0600] {dag.py:3722} INFO - Setting next_dagrun for example_dynamic_task_mapping_with_no_taskflow_operators to 2025-12-03T17:51:50.110224+00:00, run_after=2025-12-04T17:51:50.110224+00:00
[2025-12-04T23:51:50.118+0600] {processor.py:179} INFO - Processing /Users/asminsadykova/Desktop/h&m/.venv/lib/python3.9/site-packages/airflow/example_dags/example_dynamic_task_mapping_with_no_taskflow_operators.py took 0.096 seconds
[2025-12-04T23:53:25.796+0600] {processor.py:157} INFO - Started process (PID=42131) to work on /Users/asminsadykova/Desktop/h&m/.venv/lib/python3.9/site-packages/airflow/example_dags/example_dynamic_task_mapping_with_no_taskflow_operators.py
[2025-12-04T23:53:25.801+0600] {processor.py:829} INFO - Processing file /Users/asminsadykova/Desktop/h&m/.venv/lib/python3.9/site-packages/airflow/example_dags/example_dynamic_task_mapping_with_no_taskflow_operators.py for tasks to queue
[2025-12-04T23:53:25.801+0600] {logging_mixin.py:154} INFO - [2025-12-04T23:53:25.801+0600] {dagbag.py:536} INFO - Filling up the DagBag from /Users/asminsadykova/Desktop/h&m/.venv/lib/python3.9/site-packages/airflow/example_dags/example_dynamic_task_mapping_with_no_taskflow_operators.py
[2025-12-04T23:53:25.815+0600] {processor.py:839} INFO - DAG(s) dict_keys(['example_dynamic_task_mapping_with_no_taskflow_operators']) retrieved from /Users/asminsadykova/Desktop/h&m/.venv/lib/python3.9/site-packages/airflow/example_dags/example_dynamic_task_mapping_with_no_taskflow_operators.py
[2025-12-04T23:53:25.893+0600] {logging_mixin.py:154} INFO - [2025-12-04T23:53:25.893+0600] {dag.py:2941} INFO - Sync 1 DAGs
[2025-12-04T23:53:25.899+0600] {logging_mixin.py:154} INFO - [2025-12-04T23:53:25.899+0600] {dag.py:3722} INFO - Setting next_dagrun for example_dynamic_task_mapping_with_no_taskflow_operators to 2025-12-03T17:53:25.899343+00:00, run_after=2025-12-04T17:53:25.899343+00:00
[2025-12-04T23:53:25.907+0600] {processor.py:179} INFO - Processing /Users/asminsadykova/Desktop/h&m/.venv/lib/python3.9/site-packages/airflow/example_dags/example_dynamic_task_mapping_with_no_taskflow_operators.py took 0.112 seconds
[2025-12-04T23:54:53.325+0600] {processor.py:157} INFO - Started process (PID=42209) to work on /Users/asminsadykova/Desktop/h&m/.venv/lib/python3.9/site-packages/airflow/example_dags/example_dynamic_task_mapping_with_no_taskflow_operators.py
[2025-12-04T23:54:53.326+0600] {processor.py:829} INFO - Processing file /Users/asminsadykova/Desktop/h&m/.venv/lib/python3.9/site-packages/airflow/example_dags/example_dynamic_task_mapping_with_no_taskflow_operators.py for tasks to queue
[2025-12-04T23:54:53.326+0600] {logging_mixin.py:154} INFO - [2025-12-04T23:54:53.326+0600] {dagbag.py:536} INFO - Filling up the DagBag from /Users/asminsadykova/Desktop/h&m/.venv/lib/python3.9/site-packages/airflow/example_dags/example_dynamic_task_mapping_with_no_taskflow_operators.py
[2025-12-04T23:54:53.337+0600] {processor.py:839} INFO - DAG(s) dict_keys(['example_dynamic_task_mapping_with_no_taskflow_operators']) retrieved from /Users/asminsadykova/Desktop/h&m/.venv/lib/python3.9/site-packages/airflow/example_dags/example_dynamic_task_mapping_with_no_taskflow_operators.py
[2025-12-04T23:54:53.409+0600] {logging_mixin.py:154} INFO - [2025-12-04T23:54:53.409+0600] {dag.py:2941} INFO - Sync 1 DAGs
[2025-12-04T23:54:53.415+0600] {logging_mixin.py:154} INFO - [2025-12-04T23:54:53.415+0600] {dag.py:3722} INFO - Setting next_dagrun for example_dynamic_task_mapping_with_no_taskflow_operators to 2025-12-03T17:54:53.415810+00:00, run_after=2025-12-04T17:54:53.415810+00:00
[2025-12-04T23:54:53.423+0600] {processor.py:179} INFO - Processing /Users/asminsadykova/Desktop/h&m/.venv/lib/python3.9/site-packages/airflow/example_dags/example_dynamic_task_mapping_with_no_taskflow_operators.py took 0.099 seconds
[2025-12-04T23:56:21.585+0600] {processor.py:157} INFO - Started process (PID=42282) to work on /Users/asminsadykova/Desktop/h&m/.venv/lib/python3.9/site-packages/airflow/example_dags/example_dynamic_task_mapping_with_no_taskflow_operators.py
[2025-12-04T23:56:21.586+0600] {processor.py:829} INFO - Processing file /Users/asminsadykova/Desktop/h&m/.venv/lib/python3.9/site-packages/airflow/example_dags/example_dynamic_task_mapping_with_no_taskflow_operators.py for tasks to queue
[2025-12-04T23:56:21.586+0600] {logging_mixin.py:154} INFO - [2025-12-04T23:56:21.586+0600] {dagbag.py:536} INFO - Filling up the DagBag from /Users/asminsadykova/Desktop/h&m/.venv/lib/python3.9/site-packages/airflow/example_dags/example_dynamic_task_mapping_with_no_taskflow_operators.py
[2025-12-04T23:56:21.596+0600] {processor.py:839} INFO - DAG(s) dict_keys(['example_dynamic_task_mapping_with_no_taskflow_operators']) retrieved from /Users/asminsadykova/Desktop/h&m/.venv/lib/python3.9/site-packages/airflow/example_dags/example_dynamic_task_mapping_with_no_taskflow_operators.py
[2025-12-04T23:56:21.666+0600] {logging_mixin.py:154} INFO - [2025-12-04T23:56:21.666+0600] {dag.py:2941} INFO - Sync 1 DAGs
[2025-12-04T23:56:21.673+0600] {logging_mixin.py:154} INFO - [2025-12-04T23:56:21.672+0600] {dag.py:3722} INFO - Setting next_dagrun for example_dynamic_task_mapping_with_no_taskflow_operators to 2025-12-03T17:56:21.672906+00:00, run_after=2025-12-04T17:56:21.672906+00:00
[2025-12-04T23:56:21.679+0600] {processor.py:179} INFO - Processing /Users/asminsadykova/Desktop/h&m/.venv/lib/python3.9/site-packages/airflow/example_dags/example_dynamic_task_mapping_with_no_taskflow_operators.py took 0.095 seconds
[2025-12-04T23:57:50.924+0600] {processor.py:157} INFO - Started process (PID=42364) to work on /Users/asminsadykova/Desktop/h&m/.venv/lib/python3.9/site-packages/airflow/example_dags/example_dynamic_task_mapping_with_no_taskflow_operators.py
[2025-12-04T23:57:50.925+0600] {processor.py:829} INFO - Processing file /Users/asminsadykova/Desktop/h&m/.venv/lib/python3.9/site-packages/airflow/example_dags/example_dynamic_task_mapping_with_no_taskflow_operators.py for tasks to queue
[2025-12-04T23:57:50.925+0600] {logging_mixin.py:154} INFO - [2025-12-04T23:57:50.925+0600] {dagbag.py:536} INFO - Filling up the DagBag from /Users/asminsadykova/Desktop/h&m/.venv/lib/python3.9/site-packages/airflow/example_dags/example_dynamic_task_mapping_with_no_taskflow_operators.py
[2025-12-04T23:57:50.936+0600] {processor.py:839} INFO - DAG(s) dict_keys(['example_dynamic_task_mapping_with_no_taskflow_operators']) retrieved from /Users/asminsadykova/Desktop/h&m/.venv/lib/python3.9/site-packages/airflow/example_dags/example_dynamic_task_mapping_with_no_taskflow_operators.py
[2025-12-04T23:57:51.006+0600] {logging_mixin.py:154} INFO - [2025-12-04T23:57:51.006+0600] {dag.py:2941} INFO - Sync 1 DAGs
[2025-12-04T23:57:51.012+0600] {logging_mixin.py:154} INFO - [2025-12-04T23:57:51.012+0600] {dag.py:3722} INFO - Setting next_dagrun for example_dynamic_task_mapping_with_no_taskflow_operators to 2025-12-03T17:57:51.012195+00:00, run_after=2025-12-04T17:57:51.012195+00:00
[2025-12-04T23:57:51.019+0600] {processor.py:179} INFO - Processing /Users/asminsadykova/Desktop/h&m/.venv/lib/python3.9/site-packages/airflow/example_dags/example_dynamic_task_mapping_with_no_taskflow_operators.py took 0.096 seconds
[2025-12-04T23:59:18.711+0600] {processor.py:157} INFO - Started process (PID=42498) to work on /Users/asminsadykova/Desktop/h&m/.venv/lib/python3.9/site-packages/airflow/example_dags/example_dynamic_task_mapping_with_no_taskflow_operators.py
[2025-12-04T23:59:18.712+0600] {processor.py:829} INFO - Processing file /Users/asminsadykova/Desktop/h&m/.venv/lib/python3.9/site-packages/airflow/example_dags/example_dynamic_task_mapping_with_no_taskflow_operators.py for tasks to queue
[2025-12-04T23:59:18.712+0600] {logging_mixin.py:154} INFO - [2025-12-04T23:59:18.712+0600] {dagbag.py:536} INFO - Filling up the DagBag from /Users/asminsadykova/Desktop/h&m/.venv/lib/python3.9/site-packages/airflow/example_dags/example_dynamic_task_mapping_with_no_taskflow_operators.py
[2025-12-04T23:59:18.723+0600] {processor.py:839} INFO - DAG(s) dict_keys(['example_dynamic_task_mapping_with_no_taskflow_operators']) retrieved from /Users/asminsadykova/Desktop/h&m/.venv/lib/python3.9/site-packages/airflow/example_dags/example_dynamic_task_mapping_with_no_taskflow_operators.py
[2025-12-04T23:59:18.797+0600] {logging_mixin.py:154} INFO - [2025-12-04T23:59:18.797+0600] {dag.py:2941} INFO - Sync 1 DAGs
[2025-12-04T23:59:18.804+0600] {logging_mixin.py:154} INFO - [2025-12-04T23:59:18.804+0600] {dag.py:3722} INFO - Setting next_dagrun for example_dynamic_task_mapping_with_no_taskflow_operators to 2025-12-03T17:59:18.804157+00:00, run_after=2025-12-04T17:59:18.804157+00:00
[2025-12-04T23:59:18.811+0600] {processor.py:179} INFO - Processing /Users/asminsadykova/Desktop/h&m/.venv/lib/python3.9/site-packages/airflow/example_dags/example_dynamic_task_mapping_with_no_taskflow_operators.py took 0.101 seconds
[2025-12-05T00:00:54.979+0600] {processor.py:157} INFO - Started process (PID=42831) to work on /Users/asminsadykova/Desktop/h&m/.venv/lib/python3.9/site-packages/airflow/example_dags/example_dynamic_task_mapping_with_no_taskflow_operators.py
[2025-12-05T00:00:54.980+0600] {processor.py:829} INFO - Processing file /Users/asminsadykova/Desktop/h&m/.venv/lib/python3.9/site-packages/airflow/example_dags/example_dynamic_task_mapping_with_no_taskflow_operators.py for tasks to queue
[2025-12-05T00:00:54.980+0600] {logging_mixin.py:154} INFO - [2025-12-05T00:00:54.980+0600] {dagbag.py:536} INFO - Filling up the DagBag from /Users/asminsadykova/Desktop/h&m/.venv/lib/python3.9/site-packages/airflow/example_dags/example_dynamic_task_mapping_with_no_taskflow_operators.py
[2025-12-05T00:00:54.991+0600] {processor.py:839} INFO - DAG(s) dict_keys(['example_dynamic_task_mapping_with_no_taskflow_operators']) retrieved from /Users/asminsadykova/Desktop/h&m/.venv/lib/python3.9/site-packages/airflow/example_dags/example_dynamic_task_mapping_with_no_taskflow_operators.py
[2025-12-05T00:00:55.064+0600] {logging_mixin.py:154} INFO - [2025-12-05T00:00:55.064+0600] {dag.py:2941} INFO - Sync 1 DAGs
[2025-12-05T00:00:55.070+0600] {logging_mixin.py:154} INFO - [2025-12-05T00:00:55.070+0600] {dag.py:3722} INFO - Setting next_dagrun for example_dynamic_task_mapping_with_no_taskflow_operators to 2025-12-03T18:00:55.070390+00:00, run_after=2025-12-04T18:00:55.070390+00:00
[2025-12-05T00:00:55.078+0600] {processor.py:179} INFO - Processing /Users/asminsadykova/Desktop/h&m/.venv/lib/python3.9/site-packages/airflow/example_dags/example_dynamic_task_mapping_with_no_taskflow_operators.py took 0.099 seconds
[2025-12-05T00:02:27.981+0600] {processor.py:157} INFO - Started process (PID=42920) to work on /Users/asminsadykova/Desktop/h&m/.venv/lib/python3.9/site-packages/airflow/example_dags/example_dynamic_task_mapping_with_no_taskflow_operators.py
[2025-12-05T00:02:27.982+0600] {processor.py:829} INFO - Processing file /Users/asminsadykova/Desktop/h&m/.venv/lib/python3.9/site-packages/airflow/example_dags/example_dynamic_task_mapping_with_no_taskflow_operators.py for tasks to queue
[2025-12-05T00:02:27.982+0600] {logging_mixin.py:154} INFO - [2025-12-05T00:02:27.982+0600] {dagbag.py:536} INFO - Filling up the DagBag from /Users/asminsadykova/Desktop/h&m/.venv/lib/python3.9/site-packages/airflow/example_dags/example_dynamic_task_mapping_with_no_taskflow_operators.py
[2025-12-05T00:02:27.993+0600] {processor.py:839} INFO - DAG(s) dict_keys(['example_dynamic_task_mapping_with_no_taskflow_operators']) retrieved from /Users/asminsadykova/Desktop/h&m/.venv/lib/python3.9/site-packages/airflow/example_dags/example_dynamic_task_mapping_with_no_taskflow_operators.py
[2025-12-05T00:02:28.065+0600] {logging_mixin.py:154} INFO - [2025-12-05T00:02:28.065+0600] {dag.py:2941} INFO - Sync 1 DAGs
[2025-12-05T00:02:28.071+0600] {logging_mixin.py:154} INFO - [2025-12-05T00:02:28.071+0600] {dag.py:3722} INFO - Setting next_dagrun for example_dynamic_task_mapping_with_no_taskflow_operators to 2025-12-03T18:02:28.071652+00:00, run_after=2025-12-04T18:02:28.071652+00:00
[2025-12-05T00:02:28.079+0600] {processor.py:179} INFO - Processing /Users/asminsadykova/Desktop/h&m/.venv/lib/python3.9/site-packages/airflow/example_dags/example_dynamic_task_mapping_with_no_taskflow_operators.py took 0.099 seconds
[2025-12-05T00:04:00.207+0600] {processor.py:157} INFO - Started process (PID=42995) to work on /Users/asminsadykova/Desktop/h&m/.venv/lib/python3.9/site-packages/airflow/example_dags/example_dynamic_task_mapping_with_no_taskflow_operators.py
[2025-12-05T00:04:00.208+0600] {processor.py:829} INFO - Processing file /Users/asminsadykova/Desktop/h&m/.venv/lib/python3.9/site-packages/airflow/example_dags/example_dynamic_task_mapping_with_no_taskflow_operators.py for tasks to queue
[2025-12-05T00:04:00.208+0600] {logging_mixin.py:154} INFO - [2025-12-05T00:04:00.208+0600] {dagbag.py:536} INFO - Filling up the DagBag from /Users/asminsadykova/Desktop/h&m/.venv/lib/python3.9/site-packages/airflow/example_dags/example_dynamic_task_mapping_with_no_taskflow_operators.py
[2025-12-05T00:04:00.219+0600] {processor.py:839} INFO - DAG(s) dict_keys(['example_dynamic_task_mapping_with_no_taskflow_operators']) retrieved from /Users/asminsadykova/Desktop/h&m/.venv/lib/python3.9/site-packages/airflow/example_dags/example_dynamic_task_mapping_with_no_taskflow_operators.py
[2025-12-05T00:04:00.294+0600] {logging_mixin.py:154} INFO - [2025-12-05T00:04:00.294+0600] {dag.py:2941} INFO - Sync 1 DAGs
[2025-12-05T00:04:00.301+0600] {logging_mixin.py:154} INFO - [2025-12-05T00:04:00.301+0600] {dag.py:3722} INFO - Setting next_dagrun for example_dynamic_task_mapping_with_no_taskflow_operators to 2025-12-03T18:04:00.300952+00:00, run_after=2025-12-04T18:04:00.300952+00:00
[2025-12-05T00:04:00.308+0600] {processor.py:179} INFO - Processing /Users/asminsadykova/Desktop/h&m/.venv/lib/python3.9/site-packages/airflow/example_dags/example_dynamic_task_mapping_with_no_taskflow_operators.py took 0.102 seconds
[2025-12-05T00:05:35.657+0600] {processor.py:157} INFO - Started process (PID=43274) to work on /Users/asminsadykova/Desktop/h&m/.venv/lib/python3.9/site-packages/airflow/example_dags/example_dynamic_task_mapping_with_no_taskflow_operators.py
[2025-12-05T00:05:35.658+0600] {processor.py:829} INFO - Processing file /Users/asminsadykova/Desktop/h&m/.venv/lib/python3.9/site-packages/airflow/example_dags/example_dynamic_task_mapping_with_no_taskflow_operators.py for tasks to queue
[2025-12-05T00:05:35.658+0600] {logging_mixin.py:154} INFO - [2025-12-05T00:05:35.658+0600] {dagbag.py:536} INFO - Filling up the DagBag from /Users/asminsadykova/Desktop/h&m/.venv/lib/python3.9/site-packages/airflow/example_dags/example_dynamic_task_mapping_with_no_taskflow_operators.py
[2025-12-05T00:05:35.670+0600] {processor.py:839} INFO - DAG(s) dict_keys(['example_dynamic_task_mapping_with_no_taskflow_operators']) retrieved from /Users/asminsadykova/Desktop/h&m/.venv/lib/python3.9/site-packages/airflow/example_dags/example_dynamic_task_mapping_with_no_taskflow_operators.py
[2025-12-05T00:05:35.743+0600] {logging_mixin.py:154} INFO - [2025-12-05T00:05:35.743+0600] {dag.py:2941} INFO - Sync 1 DAGs
[2025-12-05T00:05:35.750+0600] {logging_mixin.py:154} INFO - [2025-12-05T00:05:35.750+0600] {dag.py:3722} INFO - Setting next_dagrun for example_dynamic_task_mapping_with_no_taskflow_operators to 2025-12-03T18:05:35.750412+00:00, run_after=2025-12-04T18:05:35.750412+00:00
[2025-12-05T00:05:35.758+0600] {processor.py:179} INFO - Processing /Users/asminsadykova/Desktop/h&m/.venv/lib/python3.9/site-packages/airflow/example_dags/example_dynamic_task_mapping_with_no_taskflow_operators.py took 0.101 seconds
[2025-12-05T00:07:02.359+0600] {processor.py:157} INFO - Started process (PID=43424) to work on /Users/asminsadykova/Desktop/h&m/.venv/lib/python3.9/site-packages/airflow/example_dags/example_dynamic_task_mapping_with_no_taskflow_operators.py
[2025-12-05T00:07:02.360+0600] {processor.py:829} INFO - Processing file /Users/asminsadykova/Desktop/h&m/.venv/lib/python3.9/site-packages/airflow/example_dags/example_dynamic_task_mapping_with_no_taskflow_operators.py for tasks to queue
[2025-12-05T00:07:02.360+0600] {logging_mixin.py:154} INFO - [2025-12-05T00:07:02.360+0600] {dagbag.py:536} INFO - Filling up the DagBag from /Users/asminsadykova/Desktop/h&m/.venv/lib/python3.9/site-packages/airflow/example_dags/example_dynamic_task_mapping_with_no_taskflow_operators.py
[2025-12-05T00:07:02.370+0600] {processor.py:839} INFO - DAG(s) dict_keys(['example_dynamic_task_mapping_with_no_taskflow_operators']) retrieved from /Users/asminsadykova/Desktop/h&m/.venv/lib/python3.9/site-packages/airflow/example_dags/example_dynamic_task_mapping_with_no_taskflow_operators.py
[2025-12-05T00:07:02.440+0600] {logging_mixin.py:154} INFO - [2025-12-05T00:07:02.440+0600] {dag.py:2941} INFO - Sync 1 DAGs
[2025-12-05T00:07:02.447+0600] {logging_mixin.py:154} INFO - [2025-12-05T00:07:02.447+0600] {dag.py:3722} INFO - Setting next_dagrun for example_dynamic_task_mapping_with_no_taskflow_operators to 2025-12-03T18:07:02.447200+00:00, run_after=2025-12-04T18:07:02.447200+00:00
[2025-12-05T00:07:02.455+0600] {processor.py:179} INFO - Processing /Users/asminsadykova/Desktop/h&m/.venv/lib/python3.9/site-packages/airflow/example_dags/example_dynamic_task_mapping_with_no_taskflow_operators.py took 0.096 seconds
[2025-12-05T00:08:28.476+0600] {processor.py:157} INFO - Started process (PID=43573) to work on /Users/asminsadykova/Desktop/h&m/.venv/lib/python3.9/site-packages/airflow/example_dags/example_dynamic_task_mapping_with_no_taskflow_operators.py
[2025-12-05T00:08:28.477+0600] {processor.py:829} INFO - Processing file /Users/asminsadykova/Desktop/h&m/.venv/lib/python3.9/site-packages/airflow/example_dags/example_dynamic_task_mapping_with_no_taskflow_operators.py for tasks to queue
[2025-12-05T00:08:28.477+0600] {logging_mixin.py:154} INFO - [2025-12-05T00:08:28.477+0600] {dagbag.py:536} INFO - Filling up the DagBag from /Users/asminsadykova/Desktop/h&m/.venv/lib/python3.9/site-packages/airflow/example_dags/example_dynamic_task_mapping_with_no_taskflow_operators.py
[2025-12-05T00:08:28.488+0600] {processor.py:839} INFO - DAG(s) dict_keys(['example_dynamic_task_mapping_with_no_taskflow_operators']) retrieved from /Users/asminsadykova/Desktop/h&m/.venv/lib/python3.9/site-packages/airflow/example_dags/example_dynamic_task_mapping_with_no_taskflow_operators.py
[2025-12-05T00:08:28.563+0600] {logging_mixin.py:154} INFO - [2025-12-05T00:08:28.563+0600] {dag.py:2941} INFO - Sync 1 DAGs
[2025-12-05T00:08:28.569+0600] {logging_mixin.py:154} INFO - [2025-12-05T00:08:28.569+0600] {dag.py:3722} INFO - Setting next_dagrun for example_dynamic_task_mapping_with_no_taskflow_operators to 2025-12-03T18:08:28.569735+00:00, run_after=2025-12-04T18:08:28.569735+00:00
[2025-12-05T00:08:28.578+0600] {processor.py:179} INFO - Processing /Users/asminsadykova/Desktop/h&m/.venv/lib/python3.9/site-packages/airflow/example_dags/example_dynamic_task_mapping_with_no_taskflow_operators.py took 0.103 seconds
[2025-12-05T00:10:03.594+0600] {processor.py:157} INFO - Started process (PID=43738) to work on /Users/asminsadykova/Desktop/h&m/.venv/lib/python3.9/site-packages/airflow/example_dags/example_dynamic_task_mapping_with_no_taskflow_operators.py
[2025-12-05T00:10:03.595+0600] {processor.py:829} INFO - Processing file /Users/asminsadykova/Desktop/h&m/.venv/lib/python3.9/site-packages/airflow/example_dags/example_dynamic_task_mapping_with_no_taskflow_operators.py for tasks to queue
[2025-12-05T00:10:03.596+0600] {logging_mixin.py:154} INFO - [2025-12-05T00:10:03.596+0600] {dagbag.py:536} INFO - Filling up the DagBag from /Users/asminsadykova/Desktop/h&m/.venv/lib/python3.9/site-packages/airflow/example_dags/example_dynamic_task_mapping_with_no_taskflow_operators.py
[2025-12-05T00:10:03.607+0600] {processor.py:839} INFO - DAG(s) dict_keys(['example_dynamic_task_mapping_with_no_taskflow_operators']) retrieved from /Users/asminsadykova/Desktop/h&m/.venv/lib/python3.9/site-packages/airflow/example_dags/example_dynamic_task_mapping_with_no_taskflow_operators.py
[2025-12-05T00:10:03.709+0600] {logging_mixin.py:154} INFO - [2025-12-05T00:10:03.708+0600] {dag.py:2941} INFO - Sync 1 DAGs
[2025-12-05T00:10:03.719+0600] {logging_mixin.py:154} INFO - [2025-12-05T00:10:03.719+0600] {dag.py:3722} INFO - Setting next_dagrun for example_dynamic_task_mapping_with_no_taskflow_operators to 2025-12-03T18:10:03.719229+00:00, run_after=2025-12-04T18:10:03.719229+00:00
[2025-12-05T00:10:03.733+0600] {processor.py:179} INFO - Processing /Users/asminsadykova/Desktop/h&m/.venv/lib/python3.9/site-packages/airflow/example_dags/example_dynamic_task_mapping_with_no_taskflow_operators.py took 0.140 seconds
[2025-12-05T00:11:38.770+0600] {processor.py:157} INFO - Started process (PID=43895) to work on /Users/asminsadykova/Desktop/h&m/.venv/lib/python3.9/site-packages/airflow/example_dags/example_dynamic_task_mapping_with_no_taskflow_operators.py
[2025-12-05T00:11:38.772+0600] {processor.py:829} INFO - Processing file /Users/asminsadykova/Desktop/h&m/.venv/lib/python3.9/site-packages/airflow/example_dags/example_dynamic_task_mapping_with_no_taskflow_operators.py for tasks to queue
[2025-12-05T00:11:38.772+0600] {logging_mixin.py:154} INFO - [2025-12-05T00:11:38.772+0600] {dagbag.py:536} INFO - Filling up the DagBag from /Users/asminsadykova/Desktop/h&m/.venv/lib/python3.9/site-packages/airflow/example_dags/example_dynamic_task_mapping_with_no_taskflow_operators.py
[2025-12-05T00:11:38.783+0600] {processor.py:839} INFO - DAG(s) dict_keys(['example_dynamic_task_mapping_with_no_taskflow_operators']) retrieved from /Users/asminsadykova/Desktop/h&m/.venv/lib/python3.9/site-packages/airflow/example_dags/example_dynamic_task_mapping_with_no_taskflow_operators.py
[2025-12-05T00:11:38.858+0600] {logging_mixin.py:154} INFO - [2025-12-05T00:11:38.858+0600] {dag.py:2941} INFO - Sync 1 DAGs
[2025-12-05T00:11:38.868+0600] {logging_mixin.py:154} INFO - [2025-12-05T00:11:38.868+0600] {dag.py:3722} INFO - Setting next_dagrun for example_dynamic_task_mapping_with_no_taskflow_operators to 2025-12-03T18:11:38.868491+00:00, run_after=2025-12-04T18:11:38.868491+00:00
[2025-12-05T00:11:38.879+0600] {processor.py:179} INFO - Processing /Users/asminsadykova/Desktop/h&m/.venv/lib/python3.9/site-packages/airflow/example_dags/example_dynamic_task_mapping_with_no_taskflow_operators.py took 0.110 seconds
