[2025-12-04T23:17:46.542+0600] {processor.py:157} INFO - Started process (PID=38925) to work on /Users/asminsadykova/Desktop/h&m/.venv/lib/python3.9/site-packages/airflow/example_dags/example_task_group.py
[2025-12-04T23:17:46.543+0600] {processor.py:829} INFO - Processing file /Users/asminsadykova/Desktop/h&m/.venv/lib/python3.9/site-packages/airflow/example_dags/example_task_group.py for tasks to queue
[2025-12-04T23:17:46.543+0600] {logging_mixin.py:154} INFO - [2025-12-04T23:17:46.543+0600] {dagbag.py:536} INFO - Filling up the DagBag from /Users/asminsadykova/Desktop/h&m/.venv/lib/python3.9/site-packages/airflow/example_dags/example_task_group.py
[2025-12-04T23:17:46.555+0600] {processor.py:839} INFO - DAG(s) dict_keys(['example_task_group']) retrieved from /Users/asminsadykova/Desktop/h&m/.venv/lib/python3.9/site-packages/airflow/example_dags/example_task_group.py
[2025-12-04T23:17:46.811+0600] {logging_mixin.py:154} INFO - [2025-12-04T23:17:46.811+0600] {manager.py:499} INFO - Created Permission View: %s
[2025-12-04T23:17:46.815+0600] {logging_mixin.py:154} INFO - [2025-12-04T23:17:46.815+0600] {manager.py:499} INFO - Created Permission View: %s
[2025-12-04T23:17:46.818+0600] {logging_mixin.py:154} INFO - [2025-12-04T23:17:46.818+0600] {manager.py:499} INFO - Created Permission View: %s
[2025-12-04T23:17:46.818+0600] {logging_mixin.py:154} INFO - [2025-12-04T23:17:46.818+0600] {dag.py:2941} INFO - Sync 1 DAGs
[2025-12-04T23:17:46.822+0600] {logging_mixin.py:154} INFO - [2025-12-04T23:17:46.822+0600] {dag.py:2963} INFO - Creating ORM DAG for example_task_group
[2025-12-04T23:17:46.825+0600] {logging_mixin.py:154} INFO - [2025-12-04T23:17:46.825+0600] {dag.py:3722} INFO - Setting next_dagrun for example_task_group to 2025-12-03T17:17:46.825622+00:00, run_after=2025-12-04T17:17:46.825622+00:00
[2025-12-04T23:17:46.833+0600] {processor.py:179} INFO - Processing /Users/asminsadykova/Desktop/h&m/.venv/lib/python3.9/site-packages/airflow/example_dags/example_task_group.py took 0.291 seconds
[2025-12-04T23:19:05.322+0600] {processor.py:157} INFO - Started process (PID=39017) to work on /Users/asminsadykova/Desktop/h&m/.venv/lib/python3.9/site-packages/airflow/example_dags/example_task_group.py
[2025-12-04T23:19:05.322+0600] {processor.py:829} INFO - Processing file /Users/asminsadykova/Desktop/h&m/.venv/lib/python3.9/site-packages/airflow/example_dags/example_task_group.py for tasks to queue
[2025-12-04T23:19:05.322+0600] {logging_mixin.py:154} INFO - [2025-12-04T23:19:05.322+0600] {dagbag.py:536} INFO - Filling up the DagBag from /Users/asminsadykova/Desktop/h&m/.venv/lib/python3.9/site-packages/airflow/example_dags/example_task_group.py
[2025-12-04T23:19:05.334+0600] {processor.py:839} INFO - DAG(s) dict_keys(['example_task_group']) retrieved from /Users/asminsadykova/Desktop/h&m/.venv/lib/python3.9/site-packages/airflow/example_dags/example_task_group.py
[2025-12-04T23:19:05.406+0600] {logging_mixin.py:154} INFO - [2025-12-04T23:19:05.406+0600] {dag.py:2941} INFO - Sync 1 DAGs
[2025-12-04T23:19:05.412+0600] {logging_mixin.py:154} INFO - [2025-12-04T23:19:05.412+0600] {dag.py:3722} INFO - Setting next_dagrun for example_task_group to 2025-12-03T17:19:05.412396+00:00, run_after=2025-12-04T17:19:05.412396+00:00
[2025-12-04T23:19:05.420+0600] {processor.py:179} INFO - Processing /Users/asminsadykova/Desktop/h&m/.venv/lib/python3.9/site-packages/airflow/example_dags/example_task_group.py took 0.099 seconds
[2025-12-04T23:20:31.324+0600] {processor.py:157} INFO - Started process (PID=39122) to work on /Users/asminsadykova/Desktop/h&m/.venv/lib/python3.9/site-packages/airflow/example_dags/example_task_group.py
[2025-12-04T23:20:31.325+0600] {processor.py:829} INFO - Processing file /Users/asminsadykova/Desktop/h&m/.venv/lib/python3.9/site-packages/airflow/example_dags/example_task_group.py for tasks to queue
[2025-12-04T23:20:31.325+0600] {logging_mixin.py:154} INFO - [2025-12-04T23:20:31.325+0600] {dagbag.py:536} INFO - Filling up the DagBag from /Users/asminsadykova/Desktop/h&m/.venv/lib/python3.9/site-packages/airflow/example_dags/example_task_group.py
[2025-12-04T23:20:31.337+0600] {processor.py:839} INFO - DAG(s) dict_keys(['example_task_group']) retrieved from /Users/asminsadykova/Desktop/h&m/.venv/lib/python3.9/site-packages/airflow/example_dags/example_task_group.py
[2025-12-04T23:20:31.408+0600] {logging_mixin.py:154} INFO - [2025-12-04T23:20:31.408+0600] {dag.py:2941} INFO - Sync 1 DAGs
[2025-12-04T23:20:31.414+0600] {logging_mixin.py:154} INFO - [2025-12-04T23:20:31.414+0600] {dag.py:3722} INFO - Setting next_dagrun for example_task_group to 2025-12-03T17:20:31.414690+00:00, run_after=2025-12-04T17:20:31.414690+00:00
[2025-12-04T23:20:31.421+0600] {processor.py:179} INFO - Processing /Users/asminsadykova/Desktop/h&m/.venv/lib/python3.9/site-packages/airflow/example_dags/example_task_group.py took 0.097 seconds
[2025-12-04T23:21:57.959+0600] {processor.py:157} INFO - Started process (PID=39225) to work on /Users/asminsadykova/Desktop/h&m/.venv/lib/python3.9/site-packages/airflow/example_dags/example_task_group.py
[2025-12-04T23:21:57.960+0600] {processor.py:829} INFO - Processing file /Users/asminsadykova/Desktop/h&m/.venv/lib/python3.9/site-packages/airflow/example_dags/example_task_group.py for tasks to queue
[2025-12-04T23:21:57.960+0600] {logging_mixin.py:154} INFO - [2025-12-04T23:21:57.960+0600] {dagbag.py:536} INFO - Filling up the DagBag from /Users/asminsadykova/Desktop/h&m/.venv/lib/python3.9/site-packages/airflow/example_dags/example_task_group.py
[2025-12-04T23:21:57.972+0600] {processor.py:839} INFO - DAG(s) dict_keys(['example_task_group']) retrieved from /Users/asminsadykova/Desktop/h&m/.venv/lib/python3.9/site-packages/airflow/example_dags/example_task_group.py
[2025-12-04T23:21:58.050+0600] {logging_mixin.py:154} INFO - [2025-12-04T23:21:58.050+0600] {dag.py:2941} INFO - Sync 1 DAGs
[2025-12-04T23:21:58.057+0600] {logging_mixin.py:154} INFO - [2025-12-04T23:21:58.057+0600] {dag.py:3722} INFO - Setting next_dagrun for example_task_group to 2025-12-03T17:21:58.057572+00:00, run_after=2025-12-04T17:21:58.057572+00:00
[2025-12-04T23:21:58.067+0600] {processor.py:179} INFO - Processing /Users/asminsadykova/Desktop/h&m/.venv/lib/python3.9/site-packages/airflow/example_dags/example_task_group.py took 0.108 seconds
[2025-12-04T23:23:26.529+0600] {processor.py:157} INFO - Started process (PID=39303) to work on /Users/asminsadykova/Desktop/h&m/.venv/lib/python3.9/site-packages/airflow/example_dags/example_task_group.py
[2025-12-04T23:23:26.529+0600] {processor.py:829} INFO - Processing file /Users/asminsadykova/Desktop/h&m/.venv/lib/python3.9/site-packages/airflow/example_dags/example_task_group.py for tasks to queue
[2025-12-04T23:23:26.530+0600] {logging_mixin.py:154} INFO - [2025-12-04T23:23:26.530+0600] {dagbag.py:536} INFO - Filling up the DagBag from /Users/asminsadykova/Desktop/h&m/.venv/lib/python3.9/site-packages/airflow/example_dags/example_task_group.py
[2025-12-04T23:23:26.541+0600] {processor.py:839} INFO - DAG(s) dict_keys(['example_task_group']) retrieved from /Users/asminsadykova/Desktop/h&m/.venv/lib/python3.9/site-packages/airflow/example_dags/example_task_group.py
[2025-12-04T23:23:26.614+0600] {logging_mixin.py:154} INFO - [2025-12-04T23:23:26.614+0600] {dag.py:2941} INFO - Sync 1 DAGs
[2025-12-04T23:23:26.621+0600] {logging_mixin.py:154} INFO - [2025-12-04T23:23:26.621+0600] {dag.py:3722} INFO - Setting next_dagrun for example_task_group to 2025-12-03T17:23:26.621331+00:00, run_after=2025-12-04T17:23:26.621331+00:00
[2025-12-04T23:23:26.629+0600] {processor.py:179} INFO - Processing /Users/asminsadykova/Desktop/h&m/.venv/lib/python3.9/site-packages/airflow/example_dags/example_task_group.py took 0.101 seconds
[2025-12-04T23:25:04.642+0600] {processor.py:157} INFO - Started process (PID=39501) to work on /Users/asminsadykova/Desktop/h&m/.venv/lib/python3.9/site-packages/airflow/example_dags/example_task_group.py
[2025-12-04T23:25:04.643+0600] {processor.py:829} INFO - Processing file /Users/asminsadykova/Desktop/h&m/.venv/lib/python3.9/site-packages/airflow/example_dags/example_task_group.py for tasks to queue
[2025-12-04T23:25:04.643+0600] {logging_mixin.py:154} INFO - [2025-12-04T23:25:04.643+0600] {dagbag.py:536} INFO - Filling up the DagBag from /Users/asminsadykova/Desktop/h&m/.venv/lib/python3.9/site-packages/airflow/example_dags/example_task_group.py
[2025-12-04T23:25:04.654+0600] {processor.py:839} INFO - DAG(s) dict_keys(['example_task_group']) retrieved from /Users/asminsadykova/Desktop/h&m/.venv/lib/python3.9/site-packages/airflow/example_dags/example_task_group.py
[2025-12-04T23:25:04.724+0600] {logging_mixin.py:154} INFO - [2025-12-04T23:25:04.724+0600] {dag.py:2941} INFO - Sync 1 DAGs
[2025-12-04T23:25:04.730+0600] {logging_mixin.py:154} INFO - [2025-12-04T23:25:04.730+0600] {dag.py:3722} INFO - Setting next_dagrun for example_task_group to 2025-12-03T17:25:04.730866+00:00, run_after=2025-12-04T17:25:04.730866+00:00
[2025-12-04T23:25:04.738+0600] {processor.py:179} INFO - Processing /Users/asminsadykova/Desktop/h&m/.venv/lib/python3.9/site-packages/airflow/example_dags/example_task_group.py took 0.097 seconds
[2025-12-04T23:26:38.518+0600] {processor.py:157} INFO - Started process (PID=39601) to work on /Users/asminsadykova/Desktop/h&m/.venv/lib/python3.9/site-packages/airflow/example_dags/example_task_group.py
[2025-12-04T23:26:38.519+0600] {processor.py:829} INFO - Processing file /Users/asminsadykova/Desktop/h&m/.venv/lib/python3.9/site-packages/airflow/example_dags/example_task_group.py for tasks to queue
[2025-12-04T23:26:38.519+0600] {logging_mixin.py:154} INFO - [2025-12-04T23:26:38.519+0600] {dagbag.py:536} INFO - Filling up the DagBag from /Users/asminsadykova/Desktop/h&m/.venv/lib/python3.9/site-packages/airflow/example_dags/example_task_group.py
[2025-12-04T23:26:38.530+0600] {processor.py:839} INFO - DAG(s) dict_keys(['example_task_group']) retrieved from /Users/asminsadykova/Desktop/h&m/.venv/lib/python3.9/site-packages/airflow/example_dags/example_task_group.py
[2025-12-04T23:26:38.601+0600] {logging_mixin.py:154} INFO - [2025-12-04T23:26:38.601+0600] {dag.py:2941} INFO - Sync 1 DAGs
[2025-12-04T23:26:38.608+0600] {logging_mixin.py:154} INFO - [2025-12-04T23:26:38.608+0600] {dag.py:3722} INFO - Setting next_dagrun for example_task_group to 2025-12-03T17:26:38.608472+00:00, run_after=2025-12-04T17:26:38.608472+00:00
[2025-12-04T23:26:38.616+0600] {processor.py:179} INFO - Processing /Users/asminsadykova/Desktop/h&m/.venv/lib/python3.9/site-packages/airflow/example_dags/example_task_group.py took 0.098 seconds
[2025-12-04T23:28:11.771+0600] {processor.py:157} INFO - Started process (PID=39701) to work on /Users/asminsadykova/Desktop/h&m/.venv/lib/python3.9/site-packages/airflow/example_dags/example_task_group.py
[2025-12-04T23:28:11.772+0600] {processor.py:829} INFO - Processing file /Users/asminsadykova/Desktop/h&m/.venv/lib/python3.9/site-packages/airflow/example_dags/example_task_group.py for tasks to queue
[2025-12-04T23:28:11.772+0600] {logging_mixin.py:154} INFO - [2025-12-04T23:28:11.772+0600] {dagbag.py:536} INFO - Filling up the DagBag from /Users/asminsadykova/Desktop/h&m/.venv/lib/python3.9/site-packages/airflow/example_dags/example_task_group.py
[2025-12-04T23:28:11.783+0600] {processor.py:839} INFO - DAG(s) dict_keys(['example_task_group']) retrieved from /Users/asminsadykova/Desktop/h&m/.venv/lib/python3.9/site-packages/airflow/example_dags/example_task_group.py
[2025-12-04T23:28:11.853+0600] {logging_mixin.py:154} INFO - [2025-12-04T23:28:11.853+0600] {dag.py:2941} INFO - Sync 1 DAGs
[2025-12-04T23:28:11.860+0600] {logging_mixin.py:154} INFO - [2025-12-04T23:28:11.860+0600] {dag.py:3722} INFO - Setting next_dagrun for example_task_group to 2025-12-03T17:28:11.859993+00:00, run_after=2025-12-04T17:28:11.859993+00:00
[2025-12-04T23:28:11.867+0600] {processor.py:179} INFO - Processing /Users/asminsadykova/Desktop/h&m/.venv/lib/python3.9/site-packages/airflow/example_dags/example_task_group.py took 0.096 seconds
[2025-12-04T23:29:36.203+0600] {processor.py:157} INFO - Started process (PID=39773) to work on /Users/asminsadykova/Desktop/h&m/.venv/lib/python3.9/site-packages/airflow/example_dags/example_task_group.py
[2025-12-04T23:29:36.204+0600] {processor.py:829} INFO - Processing file /Users/asminsadykova/Desktop/h&m/.venv/lib/python3.9/site-packages/airflow/example_dags/example_task_group.py for tasks to queue
[2025-12-04T23:29:36.204+0600] {logging_mixin.py:154} INFO - [2025-12-04T23:29:36.204+0600] {dagbag.py:536} INFO - Filling up the DagBag from /Users/asminsadykova/Desktop/h&m/.venv/lib/python3.9/site-packages/airflow/example_dags/example_task_group.py
[2025-12-04T23:29:36.215+0600] {processor.py:839} INFO - DAG(s) dict_keys(['example_task_group']) retrieved from /Users/asminsadykova/Desktop/h&m/.venv/lib/python3.9/site-packages/airflow/example_dags/example_task_group.py
[2025-12-04T23:29:36.286+0600] {logging_mixin.py:154} INFO - [2025-12-04T23:29:36.286+0600] {dag.py:2941} INFO - Sync 1 DAGs
[2025-12-04T23:29:36.292+0600] {logging_mixin.py:154} INFO - [2025-12-04T23:29:36.292+0600] {dag.py:3722} INFO - Setting next_dagrun for example_task_group to 2025-12-03T17:29:36.292410+00:00, run_after=2025-12-04T17:29:36.292410+00:00
[2025-12-04T23:29:36.300+0600] {processor.py:179} INFO - Processing /Users/asminsadykova/Desktop/h&m/.venv/lib/python3.9/site-packages/airflow/example_dags/example_task_group.py took 0.097 seconds
[2025-12-04T23:30:57.518+0600] {processor.py:157} INFO - Started process (PID=39843) to work on /Users/asminsadykova/Desktop/h&m/.venv/lib/python3.9/site-packages/airflow/example_dags/example_task_group.py
[2025-12-04T23:30:57.519+0600] {processor.py:829} INFO - Processing file /Users/asminsadykova/Desktop/h&m/.venv/lib/python3.9/site-packages/airflow/example_dags/example_task_group.py for tasks to queue
[2025-12-04T23:30:57.519+0600] {logging_mixin.py:154} INFO - [2025-12-04T23:30:57.519+0600] {dagbag.py:536} INFO - Filling up the DagBag from /Users/asminsadykova/Desktop/h&m/.venv/lib/python3.9/site-packages/airflow/example_dags/example_task_group.py
[2025-12-04T23:30:57.531+0600] {processor.py:839} INFO - DAG(s) dict_keys(['example_task_group']) retrieved from /Users/asminsadykova/Desktop/h&m/.venv/lib/python3.9/site-packages/airflow/example_dags/example_task_group.py
[2025-12-04T23:30:57.601+0600] {logging_mixin.py:154} INFO - [2025-12-04T23:30:57.601+0600] {dag.py:2941} INFO - Sync 1 DAGs
[2025-12-04T23:30:57.607+0600] {logging_mixin.py:154} INFO - [2025-12-04T23:30:57.607+0600] {dag.py:3722} INFO - Setting next_dagrun for example_task_group to 2025-12-03T17:30:57.607801+00:00, run_after=2025-12-04T17:30:57.607801+00:00
[2025-12-04T23:30:57.615+0600] {processor.py:179} INFO - Processing /Users/asminsadykova/Desktop/h&m/.venv/lib/python3.9/site-packages/airflow/example_dags/example_task_group.py took 0.097 seconds
[2025-12-04T23:32:26.193+0600] {processor.py:157} INFO - Started process (PID=40056) to work on /Users/asminsadykova/Desktop/h&m/.venv/lib/python3.9/site-packages/airflow/example_dags/example_task_group.py
[2025-12-04T23:32:26.194+0600] {processor.py:829} INFO - Processing file /Users/asminsadykova/Desktop/h&m/.venv/lib/python3.9/site-packages/airflow/example_dags/example_task_group.py for tasks to queue
[2025-12-04T23:32:26.194+0600] {logging_mixin.py:154} INFO - [2025-12-04T23:32:26.194+0600] {dagbag.py:536} INFO - Filling up the DagBag from /Users/asminsadykova/Desktop/h&m/.venv/lib/python3.9/site-packages/airflow/example_dags/example_task_group.py
[2025-12-04T23:32:26.206+0600] {processor.py:839} INFO - DAG(s) dict_keys(['example_task_group']) retrieved from /Users/asminsadykova/Desktop/h&m/.venv/lib/python3.9/site-packages/airflow/example_dags/example_task_group.py
[2025-12-04T23:32:26.277+0600] {logging_mixin.py:154} INFO - [2025-12-04T23:32:26.277+0600] {dag.py:2941} INFO - Sync 1 DAGs
[2025-12-04T23:32:26.283+0600] {logging_mixin.py:154} INFO - [2025-12-04T23:32:26.283+0600] {dag.py:3722} INFO - Setting next_dagrun for example_task_group to 2025-12-03T17:32:26.283398+00:00, run_after=2025-12-04T17:32:26.283398+00:00
[2025-12-04T23:32:26.291+0600] {processor.py:179} INFO - Processing /Users/asminsadykova/Desktop/h&m/.venv/lib/python3.9/site-packages/airflow/example_dags/example_task_group.py took 0.098 seconds
[2025-12-04T23:33:47.201+0600] {processor.py:157} INFO - Started process (PID=40138) to work on /Users/asminsadykova/Desktop/h&m/.venv/lib/python3.9/site-packages/airflow/example_dags/example_task_group.py
[2025-12-04T23:33:47.202+0600] {processor.py:829} INFO - Processing file /Users/asminsadykova/Desktop/h&m/.venv/lib/python3.9/site-packages/airflow/example_dags/example_task_group.py for tasks to queue
[2025-12-04T23:33:47.203+0600] {logging_mixin.py:154} INFO - [2025-12-04T23:33:47.202+0600] {dagbag.py:536} INFO - Filling up the DagBag from /Users/asminsadykova/Desktop/h&m/.venv/lib/python3.9/site-packages/airflow/example_dags/example_task_group.py
[2025-12-04T23:33:47.214+0600] {processor.py:839} INFO - DAG(s) dict_keys(['example_task_group']) retrieved from /Users/asminsadykova/Desktop/h&m/.venv/lib/python3.9/site-packages/airflow/example_dags/example_task_group.py
[2025-12-04T23:33:47.286+0600] {logging_mixin.py:154} INFO - [2025-12-04T23:33:47.286+0600] {dag.py:2941} INFO - Sync 1 DAGs
[2025-12-04T23:33:47.293+0600] {logging_mixin.py:154} INFO - [2025-12-04T23:33:47.293+0600] {dag.py:3722} INFO - Setting next_dagrun for example_task_group to 2025-12-03T17:33:47.292963+00:00, run_after=2025-12-04T17:33:47.292963+00:00
[2025-12-04T23:33:47.300+0600] {processor.py:179} INFO - Processing /Users/asminsadykova/Desktop/h&m/.venv/lib/python3.9/site-packages/airflow/example_dags/example_task_group.py took 0.100 seconds
[2025-12-04T23:35:20.814+0600] {processor.py:157} INFO - Started process (PID=40228) to work on /Users/asminsadykova/Desktop/h&m/.venv/lib/python3.9/site-packages/airflow/example_dags/example_task_group.py
[2025-12-04T23:35:20.814+0600] {processor.py:829} INFO - Processing file /Users/asminsadykova/Desktop/h&m/.venv/lib/python3.9/site-packages/airflow/example_dags/example_task_group.py for tasks to queue
[2025-12-04T23:35:20.814+0600] {logging_mixin.py:154} INFO - [2025-12-04T23:35:20.814+0600] {dagbag.py:536} INFO - Filling up the DagBag from /Users/asminsadykova/Desktop/h&m/.venv/lib/python3.9/site-packages/airflow/example_dags/example_task_group.py
[2025-12-04T23:35:20.826+0600] {processor.py:839} INFO - DAG(s) dict_keys(['example_task_group']) retrieved from /Users/asminsadykova/Desktop/h&m/.venv/lib/python3.9/site-packages/airflow/example_dags/example_task_group.py
[2025-12-04T23:35:20.898+0600] {logging_mixin.py:154} INFO - [2025-12-04T23:35:20.898+0600] {dag.py:2941} INFO - Sync 1 DAGs
[2025-12-04T23:35:20.904+0600] {logging_mixin.py:154} INFO - [2025-12-04T23:35:20.904+0600] {dag.py:3722} INFO - Setting next_dagrun for example_task_group to 2025-12-03T17:35:20.904839+00:00, run_after=2025-12-04T17:35:20.904839+00:00
[2025-12-04T23:35:20.912+0600] {processor.py:179} INFO - Processing /Users/asminsadykova/Desktop/h&m/.venv/lib/python3.9/site-packages/airflow/example_dags/example_task_group.py took 0.099 seconds
[2025-12-04T23:36:57.960+0600] {processor.py:157} INFO - Started process (PID=40312) to work on /Users/asminsadykova/Desktop/h&m/.venv/lib/python3.9/site-packages/airflow/example_dags/example_task_group.py
[2025-12-04T23:36:57.960+0600] {processor.py:829} INFO - Processing file /Users/asminsadykova/Desktop/h&m/.venv/lib/python3.9/site-packages/airflow/example_dags/example_task_group.py for tasks to queue
[2025-12-04T23:36:57.961+0600] {logging_mixin.py:154} INFO - [2025-12-04T23:36:57.961+0600] {dagbag.py:536} INFO - Filling up the DagBag from /Users/asminsadykova/Desktop/h&m/.venv/lib/python3.9/site-packages/airflow/example_dags/example_task_group.py
[2025-12-04T23:36:57.975+0600] {processor.py:839} INFO - DAG(s) dict_keys(['example_task_group']) retrieved from /Users/asminsadykova/Desktop/h&m/.venv/lib/python3.9/site-packages/airflow/example_dags/example_task_group.py
[2025-12-04T23:36:58.063+0600] {logging_mixin.py:154} INFO - [2025-12-04T23:36:58.063+0600] {dag.py:2941} INFO - Sync 1 DAGs
[2025-12-04T23:36:58.084+0600] {logging_mixin.py:154} INFO - [2025-12-04T23:36:58.084+0600] {dag.py:3722} INFO - Setting next_dagrun for example_task_group to 2025-12-03T17:36:58.084012+00:00, run_after=2025-12-04T17:36:58.084012+00:00
[2025-12-04T23:36:58.097+0600] {processor.py:179} INFO - Processing /Users/asminsadykova/Desktop/h&m/.venv/lib/python3.9/site-packages/airflow/example_dags/example_task_group.py took 0.138 seconds
[2025-12-04T23:38:29.574+0600] {processor.py:157} INFO - Started process (PID=40404) to work on /Users/asminsadykova/Desktop/h&m/.venv/lib/python3.9/site-packages/airflow/example_dags/example_task_group.py
[2025-12-04T23:38:29.575+0600] {processor.py:829} INFO - Processing file /Users/asminsadykova/Desktop/h&m/.venv/lib/python3.9/site-packages/airflow/example_dags/example_task_group.py for tasks to queue
[2025-12-04T23:38:29.575+0600] {logging_mixin.py:154} INFO - [2025-12-04T23:38:29.575+0600] {dagbag.py:536} INFO - Filling up the DagBag from /Users/asminsadykova/Desktop/h&m/.venv/lib/python3.9/site-packages/airflow/example_dags/example_task_group.py
[2025-12-04T23:38:29.587+0600] {processor.py:839} INFO - DAG(s) dict_keys(['example_task_group']) retrieved from /Users/asminsadykova/Desktop/h&m/.venv/lib/python3.9/site-packages/airflow/example_dags/example_task_group.py
[2025-12-04T23:38:29.658+0600] {logging_mixin.py:154} INFO - [2025-12-04T23:38:29.658+0600] {dag.py:2941} INFO - Sync 1 DAGs
[2025-12-04T23:38:29.664+0600] {logging_mixin.py:154} INFO - [2025-12-04T23:38:29.664+0600] {dag.py:3722} INFO - Setting next_dagrun for example_task_group to 2025-12-03T17:38:29.664288+00:00, run_after=2025-12-04T17:38:29.664288+00:00
[2025-12-04T23:38:29.672+0600] {processor.py:179} INFO - Processing /Users/asminsadykova/Desktop/h&m/.venv/lib/python3.9/site-packages/airflow/example_dags/example_task_group.py took 0.098 seconds
[2025-12-04T23:40:02.363+0600] {processor.py:157} INFO - Started process (PID=40485) to work on /Users/asminsadykova/Desktop/h&m/.venv/lib/python3.9/site-packages/airflow/example_dags/example_task_group.py
[2025-12-04T23:40:02.364+0600] {processor.py:829} INFO - Processing file /Users/asminsadykova/Desktop/h&m/.venv/lib/python3.9/site-packages/airflow/example_dags/example_task_group.py for tasks to queue
[2025-12-04T23:40:02.364+0600] {logging_mixin.py:154} INFO - [2025-12-04T23:40:02.364+0600] {dagbag.py:536} INFO - Filling up the DagBag from /Users/asminsadykova/Desktop/h&m/.venv/lib/python3.9/site-packages/airflow/example_dags/example_task_group.py
[2025-12-04T23:40:02.375+0600] {processor.py:839} INFO - DAG(s) dict_keys(['example_task_group']) retrieved from /Users/asminsadykova/Desktop/h&m/.venv/lib/python3.9/site-packages/airflow/example_dags/example_task_group.py
[2025-12-04T23:40:02.446+0600] {logging_mixin.py:154} INFO - [2025-12-04T23:40:02.446+0600] {dag.py:2941} INFO - Sync 1 DAGs
[2025-12-04T23:40:02.452+0600] {logging_mixin.py:154} INFO - [2025-12-04T23:40:02.452+0600] {dag.py:3722} INFO - Setting next_dagrun for example_task_group to 2025-12-03T17:40:02.452449+00:00, run_after=2025-12-04T17:40:02.452449+00:00
[2025-12-04T23:40:02.459+0600] {processor.py:179} INFO - Processing /Users/asminsadykova/Desktop/h&m/.venv/lib/python3.9/site-packages/airflow/example_dags/example_task_group.py took 0.097 seconds
[2025-12-04T23:41:38.325+0600] {processor.py:157} INFO - Started process (PID=40619) to work on /Users/asminsadykova/Desktop/h&m/.venv/lib/python3.9/site-packages/airflow/example_dags/example_task_group.py
[2025-12-04T23:41:38.326+0600] {processor.py:829} INFO - Processing file /Users/asminsadykova/Desktop/h&m/.venv/lib/python3.9/site-packages/airflow/example_dags/example_task_group.py for tasks to queue
[2025-12-04T23:41:38.327+0600] {logging_mixin.py:154} INFO - [2025-12-04T23:41:38.327+0600] {dagbag.py:536} INFO - Filling up the DagBag from /Users/asminsadykova/Desktop/h&m/.venv/lib/python3.9/site-packages/airflow/example_dags/example_task_group.py
[2025-12-04T23:41:38.340+0600] {processor.py:839} INFO - DAG(s) dict_keys(['example_task_group']) retrieved from /Users/asminsadykova/Desktop/h&m/.venv/lib/python3.9/site-packages/airflow/example_dags/example_task_group.py
[2025-12-04T23:41:38.439+0600] {logging_mixin.py:154} INFO - [2025-12-04T23:41:38.439+0600] {dag.py:2941} INFO - Sync 1 DAGs
[2025-12-04T23:41:38.446+0600] {logging_mixin.py:154} INFO - [2025-12-04T23:41:38.446+0600] {dag.py:3722} INFO - Setting next_dagrun for example_task_group to 2025-12-03T17:41:38.446428+00:00, run_after=2025-12-04T17:41:38.446428+00:00
[2025-12-04T23:41:38.455+0600] {processor.py:179} INFO - Processing /Users/asminsadykova/Desktop/h&m/.venv/lib/python3.9/site-packages/airflow/example_dags/example_task_group.py took 0.131 seconds
[2025-12-04T23:43:07.453+0600] {processor.py:157} INFO - Started process (PID=40735) to work on /Users/asminsadykova/Desktop/h&m/.venv/lib/python3.9/site-packages/airflow/example_dags/example_task_group.py
[2025-12-04T23:43:07.454+0600] {processor.py:829} INFO - Processing file /Users/asminsadykova/Desktop/h&m/.venv/lib/python3.9/site-packages/airflow/example_dags/example_task_group.py for tasks to queue
[2025-12-04T23:43:07.454+0600] {logging_mixin.py:154} INFO - [2025-12-04T23:43:07.454+0600] {dagbag.py:536} INFO - Filling up the DagBag from /Users/asminsadykova/Desktop/h&m/.venv/lib/python3.9/site-packages/airflow/example_dags/example_task_group.py
[2025-12-04T23:43:07.465+0600] {processor.py:839} INFO - DAG(s) dict_keys(['example_task_group']) retrieved from /Users/asminsadykova/Desktop/h&m/.venv/lib/python3.9/site-packages/airflow/example_dags/example_task_group.py
[2025-12-04T23:43:07.539+0600] {logging_mixin.py:154} INFO - [2025-12-04T23:43:07.539+0600] {dag.py:2941} INFO - Sync 1 DAGs
[2025-12-04T23:43:07.545+0600] {logging_mixin.py:154} INFO - [2025-12-04T23:43:07.545+0600] {dag.py:3722} INFO - Setting next_dagrun for example_task_group to 2025-12-03T17:43:07.545270+00:00, run_after=2025-12-04T17:43:07.545270+00:00
[2025-12-04T23:43:07.553+0600] {processor.py:179} INFO - Processing /Users/asminsadykova/Desktop/h&m/.venv/lib/python3.9/site-packages/airflow/example_dags/example_task_group.py took 0.101 seconds
[2025-12-04T23:44:44.332+0600] {processor.py:157} INFO - Started process (PID=41045) to work on /Users/asminsadykova/Desktop/h&m/.venv/lib/python3.9/site-packages/airflow/example_dags/example_task_group.py
[2025-12-04T23:44:44.332+0600] {processor.py:829} INFO - Processing file /Users/asminsadykova/Desktop/h&m/.venv/lib/python3.9/site-packages/airflow/example_dags/example_task_group.py for tasks to queue
[2025-12-04T23:44:44.333+0600] {logging_mixin.py:154} INFO - [2025-12-04T23:44:44.333+0600] {dagbag.py:536} INFO - Filling up the DagBag from /Users/asminsadykova/Desktop/h&m/.venv/lib/python3.9/site-packages/airflow/example_dags/example_task_group.py
[2025-12-04T23:44:44.344+0600] {processor.py:839} INFO - DAG(s) dict_keys(['example_task_group']) retrieved from /Users/asminsadykova/Desktop/h&m/.venv/lib/python3.9/site-packages/airflow/example_dags/example_task_group.py
[2025-12-04T23:44:44.419+0600] {logging_mixin.py:154} INFO - [2025-12-04T23:44:44.418+0600] {dag.py:2941} INFO - Sync 1 DAGs
[2025-12-04T23:44:44.425+0600] {logging_mixin.py:154} INFO - [2025-12-04T23:44:44.425+0600] {dag.py:3722} INFO - Setting next_dagrun for example_task_group to 2025-12-03T17:44:44.425721+00:00, run_after=2025-12-04T17:44:44.425721+00:00
[2025-12-04T23:44:44.433+0600] {processor.py:179} INFO - Processing /Users/asminsadykova/Desktop/h&m/.venv/lib/python3.9/site-packages/airflow/example_dags/example_task_group.py took 0.102 seconds
[2025-12-04T23:46:20.360+0600] {processor.py:157} INFO - Started process (PID=41300) to work on /Users/asminsadykova/Desktop/h&m/.venv/lib/python3.9/site-packages/airflow/example_dags/example_task_group.py
[2025-12-04T23:46:20.361+0600] {processor.py:829} INFO - Processing file /Users/asminsadykova/Desktop/h&m/.venv/lib/python3.9/site-packages/airflow/example_dags/example_task_group.py for tasks to queue
[2025-12-04T23:46:20.361+0600] {logging_mixin.py:154} INFO - [2025-12-04T23:46:20.361+0600] {dagbag.py:536} INFO - Filling up the DagBag from /Users/asminsadykova/Desktop/h&m/.venv/lib/python3.9/site-packages/airflow/example_dags/example_task_group.py
[2025-12-04T23:46:20.374+0600] {processor.py:839} INFO - DAG(s) dict_keys(['example_task_group']) retrieved from /Users/asminsadykova/Desktop/h&m/.venv/lib/python3.9/site-packages/airflow/example_dags/example_task_group.py
[2025-12-04T23:46:20.449+0600] {logging_mixin.py:154} INFO - [2025-12-04T23:46:20.448+0600] {dag.py:2941} INFO - Sync 1 DAGs
[2025-12-04T23:46:20.455+0600] {logging_mixin.py:154} INFO - [2025-12-04T23:46:20.455+0600] {dag.py:3722} INFO - Setting next_dagrun for example_task_group to 2025-12-03T17:46:20.455297+00:00, run_after=2025-12-04T17:46:20.455297+00:00
[2025-12-04T23:46:20.462+0600] {processor.py:179} INFO - Processing /Users/asminsadykova/Desktop/h&m/.venv/lib/python3.9/site-packages/airflow/example_dags/example_task_group.py took 0.103 seconds
[2025-12-04T23:47:49.045+0600] {processor.py:157} INFO - Started process (PID=41599) to work on /Users/asminsadykova/Desktop/h&m/.venv/lib/python3.9/site-packages/airflow/example_dags/example_task_group.py
[2025-12-04T23:47:49.046+0600] {processor.py:829} INFO - Processing file /Users/asminsadykova/Desktop/h&m/.venv/lib/python3.9/site-packages/airflow/example_dags/example_task_group.py for tasks to queue
[2025-12-04T23:47:49.046+0600] {logging_mixin.py:154} INFO - [2025-12-04T23:47:49.046+0600] {dagbag.py:536} INFO - Filling up the DagBag from /Users/asminsadykova/Desktop/h&m/.venv/lib/python3.9/site-packages/airflow/example_dags/example_task_group.py
[2025-12-04T23:47:49.057+0600] {processor.py:839} INFO - DAG(s) dict_keys(['example_task_group']) retrieved from /Users/asminsadykova/Desktop/h&m/.venv/lib/python3.9/site-packages/airflow/example_dags/example_task_group.py
[2025-12-04T23:47:49.128+0600] {logging_mixin.py:154} INFO - [2025-12-04T23:47:49.127+0600] {dag.py:2941} INFO - Sync 1 DAGs
[2025-12-04T23:47:49.134+0600] {logging_mixin.py:154} INFO - [2025-12-04T23:47:49.134+0600] {dag.py:3722} INFO - Setting next_dagrun for example_task_group to 2025-12-03T17:47:49.134056+00:00, run_after=2025-12-04T17:47:49.134056+00:00
[2025-12-04T23:47:49.141+0600] {processor.py:179} INFO - Processing /Users/asminsadykova/Desktop/h&m/.venv/lib/python3.9/site-packages/airflow/example_dags/example_task_group.py took 0.097 seconds
[2025-12-04T23:49:17.346+0600] {processor.py:157} INFO - Started process (PID=41702) to work on /Users/asminsadykova/Desktop/h&m/.venv/lib/python3.9/site-packages/airflow/example_dags/example_task_group.py
[2025-12-04T23:49:17.348+0600] {processor.py:829} INFO - Processing file /Users/asminsadykova/Desktop/h&m/.venv/lib/python3.9/site-packages/airflow/example_dags/example_task_group.py for tasks to queue
[2025-12-04T23:49:17.348+0600] {logging_mixin.py:154} INFO - [2025-12-04T23:49:17.348+0600] {dagbag.py:536} INFO - Filling up the DagBag from /Users/asminsadykova/Desktop/h&m/.venv/lib/python3.9/site-packages/airflow/example_dags/example_task_group.py
[2025-12-04T23:49:17.362+0600] {processor.py:839} INFO - DAG(s) dict_keys(['example_task_group']) retrieved from /Users/asminsadykova/Desktop/h&m/.venv/lib/python3.9/site-packages/airflow/example_dags/example_task_group.py
[2025-12-04T23:49:17.441+0600] {logging_mixin.py:154} INFO - [2025-12-04T23:49:17.441+0600] {dag.py:2941} INFO - Sync 1 DAGs
[2025-12-04T23:49:17.448+0600] {logging_mixin.py:154} INFO - [2025-12-04T23:49:17.447+0600] {dag.py:3722} INFO - Setting next_dagrun for example_task_group to 2025-12-03T17:49:17.447817+00:00, run_after=2025-12-04T17:49:17.447817+00:00
[2025-12-04T23:49:17.457+0600] {processor.py:179} INFO - Processing /Users/asminsadykova/Desktop/h&m/.venv/lib/python3.9/site-packages/airflow/example_dags/example_task_group.py took 0.112 seconds
[2025-12-04T23:50:56.980+0600] {processor.py:157} INFO - Started process (PID=41830) to work on /Users/asminsadykova/Desktop/h&m/.venv/lib/python3.9/site-packages/airflow/example_dags/example_task_group.py
[2025-12-04T23:50:56.981+0600] {processor.py:829} INFO - Processing file /Users/asminsadykova/Desktop/h&m/.venv/lib/python3.9/site-packages/airflow/example_dags/example_task_group.py for tasks to queue
[2025-12-04T23:50:56.981+0600] {logging_mixin.py:154} INFO - [2025-12-04T23:50:56.981+0600] {dagbag.py:536} INFO - Filling up the DagBag from /Users/asminsadykova/Desktop/h&m/.venv/lib/python3.9/site-packages/airflow/example_dags/example_task_group.py
[2025-12-04T23:50:56.993+0600] {processor.py:839} INFO - DAG(s) dict_keys(['example_task_group']) retrieved from /Users/asminsadykova/Desktop/h&m/.venv/lib/python3.9/site-packages/airflow/example_dags/example_task_group.py
[2025-12-04T23:50:57.069+0600] {logging_mixin.py:154} INFO - [2025-12-04T23:50:57.069+0600] {dag.py:2941} INFO - Sync 1 DAGs
[2025-12-04T23:50:57.076+0600] {logging_mixin.py:154} INFO - [2025-12-04T23:50:57.076+0600] {dag.py:3722} INFO - Setting next_dagrun for example_task_group to 2025-12-03T17:50:57.075967+00:00, run_after=2025-12-04T17:50:57.075967+00:00
[2025-12-04T23:50:57.083+0600] {processor.py:179} INFO - Processing /Users/asminsadykova/Desktop/h&m/.venv/lib/python3.9/site-packages/airflow/example_dags/example_task_group.py took 0.103 seconds
[2025-12-04T23:52:30.010+0600] {processor.py:157} INFO - Started process (PID=42065) to work on /Users/asminsadykova/Desktop/h&m/.venv/lib/python3.9/site-packages/airflow/example_dags/example_task_group.py
[2025-12-04T23:52:30.011+0600] {processor.py:829} INFO - Processing file /Users/asminsadykova/Desktop/h&m/.venv/lib/python3.9/site-packages/airflow/example_dags/example_task_group.py for tasks to queue
[2025-12-04T23:52:30.011+0600] {logging_mixin.py:154} INFO - [2025-12-04T23:52:30.011+0600] {dagbag.py:536} INFO - Filling up the DagBag from /Users/asminsadykova/Desktop/h&m/.venv/lib/python3.9/site-packages/airflow/example_dags/example_task_group.py
[2025-12-04T23:52:30.023+0600] {processor.py:839} INFO - DAG(s) dict_keys(['example_task_group']) retrieved from /Users/asminsadykova/Desktop/h&m/.venv/lib/python3.9/site-packages/airflow/example_dags/example_task_group.py
[2025-12-04T23:52:30.097+0600] {logging_mixin.py:154} INFO - [2025-12-04T23:52:30.097+0600] {dag.py:2941} INFO - Sync 1 DAGs
[2025-12-04T23:52:30.103+0600] {logging_mixin.py:154} INFO - [2025-12-04T23:52:30.103+0600] {dag.py:3722} INFO - Setting next_dagrun for example_task_group to 2025-12-03T17:52:30.103655+00:00, run_after=2025-12-04T17:52:30.103655+00:00
[2025-12-04T23:52:30.111+0600] {processor.py:179} INFO - Processing /Users/asminsadykova/Desktop/h&m/.venv/lib/python3.9/site-packages/airflow/example_dags/example_task_group.py took 0.102 seconds
[2025-12-04T23:54:05.397+0600] {processor.py:157} INFO - Started process (PID=42162) to work on /Users/asminsadykova/Desktop/h&m/.venv/lib/python3.9/site-packages/airflow/example_dags/example_task_group.py
[2025-12-04T23:54:05.398+0600] {processor.py:829} INFO - Processing file /Users/asminsadykova/Desktop/h&m/.venv/lib/python3.9/site-packages/airflow/example_dags/example_task_group.py for tasks to queue
[2025-12-04T23:54:05.398+0600] {logging_mixin.py:154} INFO - [2025-12-04T23:54:05.398+0600] {dagbag.py:536} INFO - Filling up the DagBag from /Users/asminsadykova/Desktop/h&m/.venv/lib/python3.9/site-packages/airflow/example_dags/example_task_group.py
[2025-12-04T23:54:05.409+0600] {processor.py:839} INFO - DAG(s) dict_keys(['example_task_group']) retrieved from /Users/asminsadykova/Desktop/h&m/.venv/lib/python3.9/site-packages/airflow/example_dags/example_task_group.py
[2025-12-04T23:54:05.479+0600] {logging_mixin.py:154} INFO - [2025-12-04T23:54:05.479+0600] {dag.py:2941} INFO - Sync 1 DAGs
[2025-12-04T23:54:05.486+0600] {logging_mixin.py:154} INFO - [2025-12-04T23:54:05.486+0600] {dag.py:3722} INFO - Setting next_dagrun for example_task_group to 2025-12-03T17:54:05.486148+00:00, run_after=2025-12-04T17:54:05.486148+00:00
[2025-12-04T23:54:05.494+0600] {processor.py:179} INFO - Processing /Users/asminsadykova/Desktop/h&m/.venv/lib/python3.9/site-packages/airflow/example_dags/example_task_group.py took 0.097 seconds
[2025-12-04T23:55:32.337+0600] {processor.py:157} INFO - Started process (PID=42241) to work on /Users/asminsadykova/Desktop/h&m/.venv/lib/python3.9/site-packages/airflow/example_dags/example_task_group.py
[2025-12-04T23:55:32.338+0600] {processor.py:829} INFO - Processing file /Users/asminsadykova/Desktop/h&m/.venv/lib/python3.9/site-packages/airflow/example_dags/example_task_group.py for tasks to queue
[2025-12-04T23:55:32.338+0600] {logging_mixin.py:154} INFO - [2025-12-04T23:55:32.338+0600] {dagbag.py:536} INFO - Filling up the DagBag from /Users/asminsadykova/Desktop/h&m/.venv/lib/python3.9/site-packages/airflow/example_dags/example_task_group.py
[2025-12-04T23:55:32.351+0600] {processor.py:839} INFO - DAG(s) dict_keys(['example_task_group']) retrieved from /Users/asminsadykova/Desktop/h&m/.venv/lib/python3.9/site-packages/airflow/example_dags/example_task_group.py
[2025-12-04T23:55:32.431+0600] {logging_mixin.py:154} INFO - [2025-12-04T23:55:32.431+0600] {dag.py:2941} INFO - Sync 1 DAGs
[2025-12-04T23:55:32.437+0600] {logging_mixin.py:154} INFO - [2025-12-04T23:55:32.437+0600] {dag.py:3722} INFO - Setting next_dagrun for example_task_group to 2025-12-03T17:55:32.437763+00:00, run_after=2025-12-04T17:55:32.437763+00:00
[2025-12-04T23:55:32.445+0600] {processor.py:179} INFO - Processing /Users/asminsadykova/Desktop/h&m/.venv/lib/python3.9/site-packages/airflow/example_dags/example_task_group.py took 0.109 seconds
[2025-12-04T23:57:04.213+0600] {processor.py:157} INFO - Started process (PID=42315) to work on /Users/asminsadykova/Desktop/h&m/.venv/lib/python3.9/site-packages/airflow/example_dags/example_task_group.py
[2025-12-04T23:57:04.213+0600] {processor.py:829} INFO - Processing file /Users/asminsadykova/Desktop/h&m/.venv/lib/python3.9/site-packages/airflow/example_dags/example_task_group.py for tasks to queue
[2025-12-04T23:57:04.214+0600] {logging_mixin.py:154} INFO - [2025-12-04T23:57:04.214+0600] {dagbag.py:536} INFO - Filling up the DagBag from /Users/asminsadykova/Desktop/h&m/.venv/lib/python3.9/site-packages/airflow/example_dags/example_task_group.py
[2025-12-04T23:57:04.226+0600] {processor.py:839} INFO - DAG(s) dict_keys(['example_task_group']) retrieved from /Users/asminsadykova/Desktop/h&m/.venv/lib/python3.9/site-packages/airflow/example_dags/example_task_group.py
[2025-12-04T23:57:04.305+0600] {logging_mixin.py:154} INFO - [2025-12-04T23:57:04.305+0600] {dag.py:2941} INFO - Sync 1 DAGs
[2025-12-04T23:57:04.311+0600] {logging_mixin.py:154} INFO - [2025-12-04T23:57:04.311+0600] {dag.py:3722} INFO - Setting next_dagrun for example_task_group to 2025-12-03T17:57:04.311644+00:00, run_after=2025-12-04T17:57:04.311644+00:00
[2025-12-04T23:57:04.321+0600] {processor.py:179} INFO - Processing /Users/asminsadykova/Desktop/h&m/.venv/lib/python3.9/site-packages/airflow/example_dags/example_task_group.py took 0.109 seconds
[2025-12-04T23:58:28.250+0600] {processor.py:157} INFO - Started process (PID=42398) to work on /Users/asminsadykova/Desktop/h&m/.venv/lib/python3.9/site-packages/airflow/example_dags/example_task_group.py
[2025-12-04T23:58:28.251+0600] {processor.py:829} INFO - Processing file /Users/asminsadykova/Desktop/h&m/.venv/lib/python3.9/site-packages/airflow/example_dags/example_task_group.py for tasks to queue
[2025-12-04T23:58:28.251+0600] {logging_mixin.py:154} INFO - [2025-12-04T23:58:28.251+0600] {dagbag.py:536} INFO - Filling up the DagBag from /Users/asminsadykova/Desktop/h&m/.venv/lib/python3.9/site-packages/airflow/example_dags/example_task_group.py
[2025-12-04T23:58:28.263+0600] {processor.py:839} INFO - DAG(s) dict_keys(['example_task_group']) retrieved from /Users/asminsadykova/Desktop/h&m/.venv/lib/python3.9/site-packages/airflow/example_dags/example_task_group.py
[2025-12-04T23:58:28.337+0600] {logging_mixin.py:154} INFO - [2025-12-04T23:58:28.337+0600] {dag.py:2941} INFO - Sync 1 DAGs
[2025-12-04T23:58:28.344+0600] {logging_mixin.py:154} INFO - [2025-12-04T23:58:28.344+0600] {dag.py:3722} INFO - Setting next_dagrun for example_task_group to 2025-12-03T17:58:28.344126+00:00, run_after=2025-12-04T17:58:28.344126+00:00
[2025-12-04T23:58:28.352+0600] {processor.py:179} INFO - Processing /Users/asminsadykova/Desktop/h&m/.venv/lib/python3.9/site-packages/airflow/example_dags/example_task_group.py took 0.103 seconds
[2025-12-04T23:59:59.238+0600] {processor.py:157} INFO - Started process (PID=42651) to work on /Users/asminsadykova/Desktop/h&m/.venv/lib/python3.9/site-packages/airflow/example_dags/example_task_group.py
[2025-12-04T23:59:59.239+0600] {processor.py:829} INFO - Processing file /Users/asminsadykova/Desktop/h&m/.venv/lib/python3.9/site-packages/airflow/example_dags/example_task_group.py for tasks to queue
[2025-12-04T23:59:59.239+0600] {logging_mixin.py:154} INFO - [2025-12-04T23:59:59.239+0600] {dagbag.py:536} INFO - Filling up the DagBag from /Users/asminsadykova/Desktop/h&m/.venv/lib/python3.9/site-packages/airflow/example_dags/example_task_group.py
[2025-12-04T23:59:59.252+0600] {processor.py:839} INFO - DAG(s) dict_keys(['example_task_group']) retrieved from /Users/asminsadykova/Desktop/h&m/.venv/lib/python3.9/site-packages/airflow/example_dags/example_task_group.py
[2025-12-04T23:59:59.329+0600] {logging_mixin.py:154} INFO - [2025-12-04T23:59:59.329+0600] {dag.py:2941} INFO - Sync 1 DAGs
[2025-12-04T23:59:59.336+0600] {logging_mixin.py:154} INFO - [2025-12-04T23:59:59.336+0600] {dag.py:3722} INFO - Setting next_dagrun for example_task_group to 2025-12-03T17:59:59.336349+00:00, run_after=2025-12-04T17:59:59.336349+00:00
[2025-12-04T23:59:59.344+0600] {processor.py:179} INFO - Processing /Users/asminsadykova/Desktop/h&m/.venv/lib/python3.9/site-packages/airflow/example_dags/example_task_group.py took 0.106 seconds
[2025-12-05T00:01:35.230+0600] {processor.py:157} INFO - Started process (PID=42880) to work on /Users/asminsadykova/Desktop/h&m/.venv/lib/python3.9/site-packages/airflow/example_dags/example_task_group.py
[2025-12-05T00:01:35.231+0600] {processor.py:829} INFO - Processing file /Users/asminsadykova/Desktop/h&m/.venv/lib/python3.9/site-packages/airflow/example_dags/example_task_group.py for tasks to queue
[2025-12-05T00:01:35.232+0600] {logging_mixin.py:154} INFO - [2025-12-05T00:01:35.232+0600] {dagbag.py:536} INFO - Filling up the DagBag from /Users/asminsadykova/Desktop/h&m/.venv/lib/python3.9/site-packages/airflow/example_dags/example_task_group.py
[2025-12-05T00:01:35.244+0600] {processor.py:839} INFO - DAG(s) dict_keys(['example_task_group']) retrieved from /Users/asminsadykova/Desktop/h&m/.venv/lib/python3.9/site-packages/airflow/example_dags/example_task_group.py
[2025-12-05T00:01:35.324+0600] {logging_mixin.py:154} INFO - [2025-12-05T00:01:35.324+0600] {dag.py:2941} INFO - Sync 1 DAGs
[2025-12-05T00:01:35.332+0600] {logging_mixin.py:154} INFO - [2025-12-05T00:01:35.332+0600] {dag.py:3722} INFO - Setting next_dagrun for example_task_group to 2025-12-03T18:01:35.332438+00:00, run_after=2025-12-04T18:01:35.332438+00:00
[2025-12-05T00:01:35.340+0600] {processor.py:179} INFO - Processing /Users/asminsadykova/Desktop/h&m/.venv/lib/python3.9/site-packages/airflow/example_dags/example_task_group.py took 0.111 seconds
[2025-12-05T00:03:08.252+0600] {processor.py:157} INFO - Started process (PID=42953) to work on /Users/asminsadykova/Desktop/h&m/.venv/lib/python3.9/site-packages/airflow/example_dags/example_task_group.py
[2025-12-05T00:03:08.253+0600] {processor.py:829} INFO - Processing file /Users/asminsadykova/Desktop/h&m/.venv/lib/python3.9/site-packages/airflow/example_dags/example_task_group.py for tasks to queue
[2025-12-05T00:03:08.253+0600] {logging_mixin.py:154} INFO - [2025-12-05T00:03:08.253+0600] {dagbag.py:536} INFO - Filling up the DagBag from /Users/asminsadykova/Desktop/h&m/.venv/lib/python3.9/site-packages/airflow/example_dags/example_task_group.py
[2025-12-05T00:03:08.264+0600] {processor.py:839} INFO - DAG(s) dict_keys(['example_task_group']) retrieved from /Users/asminsadykova/Desktop/h&m/.venv/lib/python3.9/site-packages/airflow/example_dags/example_task_group.py
[2025-12-05T00:03:08.335+0600] {logging_mixin.py:154} INFO - [2025-12-05T00:03:08.334+0600] {dag.py:2941} INFO - Sync 1 DAGs
[2025-12-05T00:03:08.341+0600] {logging_mixin.py:154} INFO - [2025-12-05T00:03:08.341+0600] {dag.py:3722} INFO - Setting next_dagrun for example_task_group to 2025-12-03T18:03:08.341043+00:00, run_after=2025-12-04T18:03:08.341043+00:00
[2025-12-05T00:03:08.348+0600] {processor.py:179} INFO - Processing /Users/asminsadykova/Desktop/h&m/.venv/lib/python3.9/site-packages/airflow/example_dags/example_task_group.py took 0.097 seconds
[2025-12-05T00:04:40.424+0600] {processor.py:157} INFO - Started process (PID=43167) to work on /Users/asminsadykova/Desktop/h&m/.venv/lib/python3.9/site-packages/airflow/example_dags/example_task_group.py
[2025-12-05T00:04:40.425+0600] {processor.py:829} INFO - Processing file /Users/asminsadykova/Desktop/h&m/.venv/lib/python3.9/site-packages/airflow/example_dags/example_task_group.py for tasks to queue
[2025-12-05T00:04:40.425+0600] {logging_mixin.py:154} INFO - [2025-12-05T00:04:40.425+0600] {dagbag.py:536} INFO - Filling up the DagBag from /Users/asminsadykova/Desktop/h&m/.venv/lib/python3.9/site-packages/airflow/example_dags/example_task_group.py
[2025-12-05T00:04:40.439+0600] {processor.py:839} INFO - DAG(s) dict_keys(['example_task_group']) retrieved from /Users/asminsadykova/Desktop/h&m/.venv/lib/python3.9/site-packages/airflow/example_dags/example_task_group.py
[2025-12-05T00:04:40.521+0600] {logging_mixin.py:154} INFO - [2025-12-05T00:04:40.521+0600] {dag.py:2941} INFO - Sync 1 DAGs
[2025-12-05T00:04:40.528+0600] {logging_mixin.py:154} INFO - [2025-12-05T00:04:40.528+0600] {dag.py:3722} INFO - Setting next_dagrun for example_task_group to 2025-12-03T18:04:40.528243+00:00, run_after=2025-12-04T18:04:40.528243+00:00
[2025-12-05T00:04:40.536+0600] {processor.py:179} INFO - Processing /Users/asminsadykova/Desktop/h&m/.venv/lib/python3.9/site-packages/airflow/example_dags/example_task_group.py took 0.113 seconds
[2025-12-05T00:06:14.659+0600] {processor.py:157} INFO - Started process (PID=43342) to work on /Users/asminsadykova/Desktop/h&m/.venv/lib/python3.9/site-packages/airflow/example_dags/example_task_group.py
[2025-12-05T00:06:14.660+0600] {processor.py:829} INFO - Processing file /Users/asminsadykova/Desktop/h&m/.venv/lib/python3.9/site-packages/airflow/example_dags/example_task_group.py for tasks to queue
[2025-12-05T00:06:14.660+0600] {logging_mixin.py:154} INFO - [2025-12-05T00:06:14.660+0600] {dagbag.py:536} INFO - Filling up the DagBag from /Users/asminsadykova/Desktop/h&m/.venv/lib/python3.9/site-packages/airflow/example_dags/example_task_group.py
[2025-12-05T00:06:14.672+0600] {processor.py:839} INFO - DAG(s) dict_keys(['example_task_group']) retrieved from /Users/asminsadykova/Desktop/h&m/.venv/lib/python3.9/site-packages/airflow/example_dags/example_task_group.py
[2025-12-05T00:06:14.751+0600] {logging_mixin.py:154} INFO - [2025-12-05T00:06:14.750+0600] {dag.py:2941} INFO - Sync 1 DAGs
[2025-12-05T00:06:14.759+0600] {logging_mixin.py:154} INFO - [2025-12-05T00:06:14.759+0600] {dag.py:3722} INFO - Setting next_dagrun for example_task_group to 2025-12-03T18:06:14.759215+00:00, run_after=2025-12-04T18:06:14.759215+00:00
[2025-12-05T00:06:14.768+0600] {processor.py:179} INFO - Processing /Users/asminsadykova/Desktop/h&m/.venv/lib/python3.9/site-packages/airflow/example_dags/example_task_group.py took 0.109 seconds
[2025-12-05T00:07:38.323+0600] {processor.py:157} INFO - Started process (PID=43491) to work on /Users/asminsadykova/Desktop/h&m/.venv/lib/python3.9/site-packages/airflow/example_dags/example_task_group.py
[2025-12-05T00:07:38.324+0600] {processor.py:829} INFO - Processing file /Users/asminsadykova/Desktop/h&m/.venv/lib/python3.9/site-packages/airflow/example_dags/example_task_group.py for tasks to queue
[2025-12-05T00:07:38.324+0600] {logging_mixin.py:154} INFO - [2025-12-05T00:07:38.324+0600] {dagbag.py:536} INFO - Filling up the DagBag from /Users/asminsadykova/Desktop/h&m/.venv/lib/python3.9/site-packages/airflow/example_dags/example_task_group.py
[2025-12-05T00:07:38.336+0600] {processor.py:839} INFO - DAG(s) dict_keys(['example_task_group']) retrieved from /Users/asminsadykova/Desktop/h&m/.venv/lib/python3.9/site-packages/airflow/example_dags/example_task_group.py
[2025-12-05T00:07:38.406+0600] {logging_mixin.py:154} INFO - [2025-12-05T00:07:38.406+0600] {dag.py:2941} INFO - Sync 1 DAGs
[2025-12-05T00:07:38.413+0600] {logging_mixin.py:154} INFO - [2025-12-05T00:07:38.413+0600] {dag.py:3722} INFO - Setting next_dagrun for example_task_group to 2025-12-03T18:07:38.413046+00:00, run_after=2025-12-04T18:07:38.413046+00:00
[2025-12-05T00:07:38.421+0600] {processor.py:179} INFO - Processing /Users/asminsadykova/Desktop/h&m/.venv/lib/python3.9/site-packages/airflow/example_dags/example_task_group.py took 0.098 seconds
[2025-12-05T00:09:08.916+0600] {processor.py:157} INFO - Started process (PID=43638) to work on /Users/asminsadykova/Desktop/h&m/.venv/lib/python3.9/site-packages/airflow/example_dags/example_task_group.py
[2025-12-05T00:09:08.916+0600] {processor.py:829} INFO - Processing file /Users/asminsadykova/Desktop/h&m/.venv/lib/python3.9/site-packages/airflow/example_dags/example_task_group.py for tasks to queue
[2025-12-05T00:09:08.917+0600] {logging_mixin.py:154} INFO - [2025-12-05T00:09:08.917+0600] {dagbag.py:536} INFO - Filling up the DagBag from /Users/asminsadykova/Desktop/h&m/.venv/lib/python3.9/site-packages/airflow/example_dags/example_task_group.py
[2025-12-05T00:09:08.929+0600] {processor.py:839} INFO - DAG(s) dict_keys(['example_task_group']) retrieved from /Users/asminsadykova/Desktop/h&m/.venv/lib/python3.9/site-packages/airflow/example_dags/example_task_group.py
[2025-12-05T00:09:09.008+0600] {logging_mixin.py:154} INFO - [2025-12-05T00:09:09.008+0600] {dag.py:2941} INFO - Sync 1 DAGs
[2025-12-05T00:09:09.016+0600] {logging_mixin.py:154} INFO - [2025-12-05T00:09:09.015+0600] {dag.py:3722} INFO - Setting next_dagrun for example_task_group to 2025-12-03T18:09:09.015912+00:00, run_after=2025-12-04T18:09:09.015912+00:00
[2025-12-05T00:09:09.023+0600] {processor.py:179} INFO - Processing /Users/asminsadykova/Desktop/h&m/.venv/lib/python3.9/site-packages/airflow/example_dags/example_task_group.py took 0.108 seconds
[2025-12-05T00:10:46.273+0600] {processor.py:157} INFO - Started process (PID=43804) to work on /Users/asminsadykova/Desktop/h&m/.venv/lib/python3.9/site-packages/airflow/example_dags/example_task_group.py
[2025-12-05T00:10:46.274+0600] {processor.py:829} INFO - Processing file /Users/asminsadykova/Desktop/h&m/.venv/lib/python3.9/site-packages/airflow/example_dags/example_task_group.py for tasks to queue
[2025-12-05T00:10:46.274+0600] {logging_mixin.py:154} INFO - [2025-12-05T00:10:46.274+0600] {dagbag.py:536} INFO - Filling up the DagBag from /Users/asminsadykova/Desktop/h&m/.venv/lib/python3.9/site-packages/airflow/example_dags/example_task_group.py
[2025-12-05T00:10:46.286+0600] {processor.py:839} INFO - DAG(s) dict_keys(['example_task_group']) retrieved from /Users/asminsadykova/Desktop/h&m/.venv/lib/python3.9/site-packages/airflow/example_dags/example_task_group.py
[2025-12-05T00:10:46.362+0600] {logging_mixin.py:154} INFO - [2025-12-05T00:10:46.362+0600] {dag.py:2941} INFO - Sync 1 DAGs
[2025-12-05T00:10:46.369+0600] {logging_mixin.py:154} INFO - [2025-12-05T00:10:46.368+0600] {dag.py:3722} INFO - Setting next_dagrun for example_task_group to 2025-12-03T18:10:46.368876+00:00, run_after=2025-12-04T18:10:46.368876+00:00
[2025-12-05T00:10:46.376+0600] {processor.py:179} INFO - Processing /Users/asminsadykova/Desktop/h&m/.venv/lib/python3.9/site-packages/airflow/example_dags/example_task_group.py took 0.103 seconds
[2025-12-05T00:12:16.621+0600] {processor.py:157} INFO - Started process (PID=43967) to work on /Users/asminsadykova/Desktop/h&m/.venv/lib/python3.9/site-packages/airflow/example_dags/example_task_group.py
[2025-12-05T00:12:16.622+0600] {processor.py:829} INFO - Processing file /Users/asminsadykova/Desktop/h&m/.venv/lib/python3.9/site-packages/airflow/example_dags/example_task_group.py for tasks to queue
[2025-12-05T00:12:16.622+0600] {logging_mixin.py:154} INFO - [2025-12-05T00:12:16.622+0600] {dagbag.py:536} INFO - Filling up the DagBag from /Users/asminsadykova/Desktop/h&m/.venv/lib/python3.9/site-packages/airflow/example_dags/example_task_group.py
[2025-12-05T00:12:16.634+0600] {processor.py:839} INFO - DAG(s) dict_keys(['example_task_group']) retrieved from /Users/asminsadykova/Desktop/h&m/.venv/lib/python3.9/site-packages/airflow/example_dags/example_task_group.py
[2025-12-05T00:12:16.707+0600] {logging_mixin.py:154} INFO - [2025-12-05T00:12:16.707+0600] {dag.py:2941} INFO - Sync 1 DAGs
[2025-12-05T00:12:16.713+0600] {logging_mixin.py:154} INFO - [2025-12-05T00:12:16.713+0600] {dag.py:3722} INFO - Setting next_dagrun for example_task_group to 2025-12-03T18:12:16.713753+00:00, run_after=2025-12-04T18:12:16.713753+00:00
[2025-12-05T00:12:16.722+0600] {processor.py:179} INFO - Processing /Users/asminsadykova/Desktop/h&m/.venv/lib/python3.9/site-packages/airflow/example_dags/example_task_group.py took 0.102 seconds
