[2025-12-04T23:18:15.659+0600] {processor.py:157} INFO - Started process (PID=38945) to work on /Users/asminsadykova/Desktop/h&m/.venv/lib/python3.9/site-packages/airflow/example_dags/example_latest_only_with_trigger.py
[2025-12-04T23:18:15.659+0600] {processor.py:829} INFO - Processing file /Users/asminsadykova/Desktop/h&m/.venv/lib/python3.9/site-packages/airflow/example_dags/example_latest_only_with_trigger.py for tasks to queue
[2025-12-04T23:18:15.659+0600] {logging_mixin.py:154} INFO - [2025-12-04T23:18:15.659+0600] {dagbag.py:536} INFO - Filling up the DagBag from /Users/asminsadykova/Desktop/h&m/.venv/lib/python3.9/site-packages/airflow/example_dags/example_latest_only_with_trigger.py
[2025-12-04T23:18:15.671+0600] {processor.py:839} INFO - DAG(s) dict_keys(['latest_only_with_trigger']) retrieved from /Users/asminsadykova/Desktop/h&m/.venv/lib/python3.9/site-packages/airflow/example_dags/example_latest_only_with_trigger.py
[2025-12-04T23:18:15.922+0600] {logging_mixin.py:154} INFO - [2025-12-04T23:18:15.922+0600] {manager.py:499} INFO - Created Permission View: %s
[2025-12-04T23:18:15.926+0600] {logging_mixin.py:154} INFO - [2025-12-04T23:18:15.926+0600] {manager.py:499} INFO - Created Permission View: %s
[2025-12-04T23:18:15.928+0600] {logging_mixin.py:154} INFO - [2025-12-04T23:18:15.928+0600] {manager.py:499} INFO - Created Permission View: %s
[2025-12-04T23:18:15.928+0600] {logging_mixin.py:154} INFO - [2025-12-04T23:18:15.928+0600] {dag.py:2941} INFO - Sync 1 DAGs
[2025-12-04T23:18:15.932+0600] {logging_mixin.py:154} INFO - [2025-12-04T23:18:15.932+0600] {dag.py:2963} INFO - Creating ORM DAG for latest_only_with_trigger
[2025-12-04T23:18:15.936+0600] {logging_mixin.py:154} INFO - [2025-12-04T23:18:15.935+0600] {dag.py:3722} INFO - Setting next_dagrun for latest_only_with_trigger to 2025-12-04T13:18:15.935897+00:00, run_after=2025-12-04T17:18:15.935897+00:00
[2025-12-04T23:18:15.942+0600] {processor.py:179} INFO - Processing /Users/asminsadykova/Desktop/h&m/.venv/lib/python3.9/site-packages/airflow/example_dags/example_latest_only_with_trigger.py took 0.284 seconds
[2025-12-04T23:19:46.260+0600] {processor.py:157} INFO - Started process (PID=39069) to work on /Users/asminsadykova/Desktop/h&m/.venv/lib/python3.9/site-packages/airflow/example_dags/example_latest_only_with_trigger.py
[2025-12-04T23:19:46.260+0600] {processor.py:829} INFO - Processing file /Users/asminsadykova/Desktop/h&m/.venv/lib/python3.9/site-packages/airflow/example_dags/example_latest_only_with_trigger.py for tasks to queue
[2025-12-04T23:19:46.261+0600] {logging_mixin.py:154} INFO - [2025-12-04T23:19:46.260+0600] {dagbag.py:536} INFO - Filling up the DagBag from /Users/asminsadykova/Desktop/h&m/.venv/lib/python3.9/site-packages/airflow/example_dags/example_latest_only_with_trigger.py
[2025-12-04T23:19:46.272+0600] {processor.py:839} INFO - DAG(s) dict_keys(['latest_only_with_trigger']) retrieved from /Users/asminsadykova/Desktop/h&m/.venv/lib/python3.9/site-packages/airflow/example_dags/example_latest_only_with_trigger.py
[2025-12-04T23:19:46.347+0600] {logging_mixin.py:154} INFO - [2025-12-04T23:19:46.346+0600] {dag.py:2941} INFO - Sync 1 DAGs
[2025-12-04T23:19:46.353+0600] {logging_mixin.py:154} INFO - [2025-12-04T23:19:46.353+0600] {dag.py:3722} INFO - Setting next_dagrun for latest_only_with_trigger to 2025-12-04T13:19:46.353265+00:00, run_after=2025-12-04T17:19:46.353265+00:00
[2025-12-04T23:19:46.360+0600] {processor.py:179} INFO - Processing /Users/asminsadykova/Desktop/h&m/.venv/lib/python3.9/site-packages/airflow/example_dags/example_latest_only_with_trigger.py took 0.101 seconds
[2025-12-04T23:21:13.866+0600] {processor.py:157} INFO - Started process (PID=39163) to work on /Users/asminsadykova/Desktop/h&m/.venv/lib/python3.9/site-packages/airflow/example_dags/example_latest_only_with_trigger.py
[2025-12-04T23:21:13.867+0600] {processor.py:829} INFO - Processing file /Users/asminsadykova/Desktop/h&m/.venv/lib/python3.9/site-packages/airflow/example_dags/example_latest_only_with_trigger.py for tasks to queue
[2025-12-04T23:21:13.867+0600] {logging_mixin.py:154} INFO - [2025-12-04T23:21:13.867+0600] {dagbag.py:536} INFO - Filling up the DagBag from /Users/asminsadykova/Desktop/h&m/.venv/lib/python3.9/site-packages/airflow/example_dags/example_latest_only_with_trigger.py
[2025-12-04T23:21:13.880+0600] {processor.py:839} INFO - DAG(s) dict_keys(['latest_only_with_trigger']) retrieved from /Users/asminsadykova/Desktop/h&m/.venv/lib/python3.9/site-packages/airflow/example_dags/example_latest_only_with_trigger.py
[2025-12-04T23:21:13.976+0600] {logging_mixin.py:154} INFO - [2025-12-04T23:21:13.976+0600] {dag.py:2941} INFO - Sync 1 DAGs
[2025-12-04T23:21:13.983+0600] {logging_mixin.py:154} INFO - [2025-12-04T23:21:13.983+0600] {dag.py:3722} INFO - Setting next_dagrun for latest_only_with_trigger to 2025-12-04T13:21:13.983481+00:00, run_after=2025-12-04T17:21:13.983481+00:00
[2025-12-04T23:21:13.991+0600] {processor.py:179} INFO - Processing /Users/asminsadykova/Desktop/h&m/.venv/lib/python3.9/site-packages/airflow/example_dags/example_latest_only_with_trigger.py took 0.125 seconds
[2025-12-04T23:22:36.521+0600] {processor.py:157} INFO - Started process (PID=39264) to work on /Users/asminsadykova/Desktop/h&m/.venv/lib/python3.9/site-packages/airflow/example_dags/example_latest_only_with_trigger.py
[2025-12-04T23:22:36.522+0600] {processor.py:829} INFO - Processing file /Users/asminsadykova/Desktop/h&m/.venv/lib/python3.9/site-packages/airflow/example_dags/example_latest_only_with_trigger.py for tasks to queue
[2025-12-04T23:22:36.522+0600] {logging_mixin.py:154} INFO - [2025-12-04T23:22:36.522+0600] {dagbag.py:536} INFO - Filling up the DagBag from /Users/asminsadykova/Desktop/h&m/.venv/lib/python3.9/site-packages/airflow/example_dags/example_latest_only_with_trigger.py
[2025-12-04T23:22:36.534+0600] {processor.py:839} INFO - DAG(s) dict_keys(['latest_only_with_trigger']) retrieved from /Users/asminsadykova/Desktop/h&m/.venv/lib/python3.9/site-packages/airflow/example_dags/example_latest_only_with_trigger.py
[2025-12-04T23:22:36.605+0600] {logging_mixin.py:154} INFO - [2025-12-04T23:22:36.605+0600] {dag.py:2941} INFO - Sync 1 DAGs
[2025-12-04T23:22:36.611+0600] {logging_mixin.py:154} INFO - [2025-12-04T23:22:36.611+0600] {dag.py:3722} INFO - Setting next_dagrun for latest_only_with_trigger to 2025-12-04T13:22:36.611560+00:00, run_after=2025-12-04T17:22:36.611560+00:00
[2025-12-04T23:22:36.618+0600] {processor.py:179} INFO - Processing /Users/asminsadykova/Desktop/h&m/.venv/lib/python3.9/site-packages/airflow/example_dags/example_latest_only_with_trigger.py took 0.098 seconds
[2025-12-04T23:24:13.277+0600] {processor.py:157} INFO - Started process (PID=39462) to work on /Users/asminsadykova/Desktop/h&m/.venv/lib/python3.9/site-packages/airflow/example_dags/example_latest_only_with_trigger.py
[2025-12-04T23:24:13.278+0600] {processor.py:829} INFO - Processing file /Users/asminsadykova/Desktop/h&m/.venv/lib/python3.9/site-packages/airflow/example_dags/example_latest_only_with_trigger.py for tasks to queue
[2025-12-04T23:24:13.278+0600] {logging_mixin.py:154} INFO - [2025-12-04T23:24:13.278+0600] {dagbag.py:536} INFO - Filling up the DagBag from /Users/asminsadykova/Desktop/h&m/.venv/lib/python3.9/site-packages/airflow/example_dags/example_latest_only_with_trigger.py
[2025-12-04T23:24:13.289+0600] {processor.py:839} INFO - DAG(s) dict_keys(['latest_only_with_trigger']) retrieved from /Users/asminsadykova/Desktop/h&m/.venv/lib/python3.9/site-packages/airflow/example_dags/example_latest_only_with_trigger.py
[2025-12-04T23:24:13.360+0600] {logging_mixin.py:154} INFO - [2025-12-04T23:24:13.360+0600] {dag.py:2941} INFO - Sync 1 DAGs
[2025-12-04T23:24:13.366+0600] {logging_mixin.py:154} INFO - [2025-12-04T23:24:13.366+0600] {dag.py:3722} INFO - Setting next_dagrun for latest_only_with_trigger to 2025-12-04T13:24:13.366711+00:00, run_after=2025-12-04T17:24:13.366711+00:00
[2025-12-04T23:24:13.374+0600] {processor.py:179} INFO - Processing /Users/asminsadykova/Desktop/h&m/.venv/lib/python3.9/site-packages/airflow/example_dags/example_latest_only_with_trigger.py took 0.097 seconds
[2025-12-04T23:25:46.302+0600] {processor.py:157} INFO - Started process (PID=39550) to work on /Users/asminsadykova/Desktop/h&m/.venv/lib/python3.9/site-packages/airflow/example_dags/example_latest_only_with_trigger.py
[2025-12-04T23:25:46.303+0600] {processor.py:829} INFO - Processing file /Users/asminsadykova/Desktop/h&m/.venv/lib/python3.9/site-packages/airflow/example_dags/example_latest_only_with_trigger.py for tasks to queue
[2025-12-04T23:25:46.303+0600] {logging_mixin.py:154} INFO - [2025-12-04T23:25:46.303+0600] {dagbag.py:536} INFO - Filling up the DagBag from /Users/asminsadykova/Desktop/h&m/.venv/lib/python3.9/site-packages/airflow/example_dags/example_latest_only_with_trigger.py
[2025-12-04T23:25:46.317+0600] {processor.py:839} INFO - DAG(s) dict_keys(['latest_only_with_trigger']) retrieved from /Users/asminsadykova/Desktop/h&m/.venv/lib/python3.9/site-packages/airflow/example_dags/example_latest_only_with_trigger.py
[2025-12-04T23:25:46.388+0600] {logging_mixin.py:154} INFO - [2025-12-04T23:25:46.388+0600] {dag.py:2941} INFO - Sync 1 DAGs
[2025-12-04T23:25:46.394+0600] {logging_mixin.py:154} INFO - [2025-12-04T23:25:46.394+0600] {dag.py:3722} INFO - Setting next_dagrun for latest_only_with_trigger to 2025-12-04T13:25:46.394837+00:00, run_after=2025-12-04T17:25:46.394837+00:00
[2025-12-04T23:25:46.402+0600] {processor.py:179} INFO - Processing /Users/asminsadykova/Desktop/h&m/.venv/lib/python3.9/site-packages/airflow/example_dags/example_latest_only_with_trigger.py took 0.100 seconds
[2025-12-04T23:27:27.029+0600] {processor.py:157} INFO - Started process (PID=39650) to work on /Users/asminsadykova/Desktop/h&m/.venv/lib/python3.9/site-packages/airflow/example_dags/example_latest_only_with_trigger.py
[2025-12-04T23:27:27.030+0600] {processor.py:829} INFO - Processing file /Users/asminsadykova/Desktop/h&m/.venv/lib/python3.9/site-packages/airflow/example_dags/example_latest_only_with_trigger.py for tasks to queue
[2025-12-04T23:27:27.030+0600] {logging_mixin.py:154} INFO - [2025-12-04T23:27:27.030+0600] {dagbag.py:536} INFO - Filling up the DagBag from /Users/asminsadykova/Desktop/h&m/.venv/lib/python3.9/site-packages/airflow/example_dags/example_latest_only_with_trigger.py
[2025-12-04T23:27:27.041+0600] {processor.py:839} INFO - DAG(s) dict_keys(['latest_only_with_trigger']) retrieved from /Users/asminsadykova/Desktop/h&m/.venv/lib/python3.9/site-packages/airflow/example_dags/example_latest_only_with_trigger.py
[2025-12-04T23:27:27.112+0600] {logging_mixin.py:154} INFO - [2025-12-04T23:27:27.112+0600] {dag.py:2941} INFO - Sync 1 DAGs
[2025-12-04T23:27:27.118+0600] {logging_mixin.py:154} INFO - [2025-12-04T23:27:27.118+0600] {dag.py:3722} INFO - Setting next_dagrun for latest_only_with_trigger to 2025-12-04T13:27:27.118556+00:00, run_after=2025-12-04T17:27:27.118556+00:00
[2025-12-04T23:27:27.126+0600] {processor.py:179} INFO - Processing /Users/asminsadykova/Desktop/h&m/.venv/lib/python3.9/site-packages/airflow/example_dags/example_latest_only_with_trigger.py took 0.097 seconds
[2025-12-04T23:28:52.468+0600] {processor.py:157} INFO - Started process (PID=39737) to work on /Users/asminsadykova/Desktop/h&m/.venv/lib/python3.9/site-packages/airflow/example_dags/example_latest_only_with_trigger.py
[2025-12-04T23:28:52.468+0600] {processor.py:829} INFO - Processing file /Users/asminsadykova/Desktop/h&m/.venv/lib/python3.9/site-packages/airflow/example_dags/example_latest_only_with_trigger.py for tasks to queue
[2025-12-04T23:28:52.469+0600] {logging_mixin.py:154} INFO - [2025-12-04T23:28:52.469+0600] {dagbag.py:536} INFO - Filling up the DagBag from /Users/asminsadykova/Desktop/h&m/.venv/lib/python3.9/site-packages/airflow/example_dags/example_latest_only_with_trigger.py
[2025-12-04T23:28:52.482+0600] {processor.py:839} INFO - DAG(s) dict_keys(['latest_only_with_trigger']) retrieved from /Users/asminsadykova/Desktop/h&m/.venv/lib/python3.9/site-packages/airflow/example_dags/example_latest_only_with_trigger.py
[2025-12-04T23:28:52.557+0600] {logging_mixin.py:154} INFO - [2025-12-04T23:28:52.557+0600] {dag.py:2941} INFO - Sync 1 DAGs
[2025-12-04T23:28:52.563+0600] {logging_mixin.py:154} INFO - [2025-12-04T23:28:52.563+0600] {dag.py:3722} INFO - Setting next_dagrun for latest_only_with_trigger to 2025-12-04T13:28:52.563325+00:00, run_after=2025-12-04T17:28:52.563325+00:00
[2025-12-04T23:28:52.571+0600] {processor.py:179} INFO - Processing /Users/asminsadykova/Desktop/h&m/.venv/lib/python3.9/site-packages/airflow/example_dags/example_latest_only_with_trigger.py took 0.104 seconds
[2025-12-04T23:30:16.088+0600] {processor.py:157} INFO - Started process (PID=39807) to work on /Users/asminsadykova/Desktop/h&m/.venv/lib/python3.9/site-packages/airflow/example_dags/example_latest_only_with_trigger.py
[2025-12-04T23:30:16.089+0600] {processor.py:829} INFO - Processing file /Users/asminsadykova/Desktop/h&m/.venv/lib/python3.9/site-packages/airflow/example_dags/example_latest_only_with_trigger.py for tasks to queue
[2025-12-04T23:30:16.089+0600] {logging_mixin.py:154} INFO - [2025-12-04T23:30:16.089+0600] {dagbag.py:536} INFO - Filling up the DagBag from /Users/asminsadykova/Desktop/h&m/.venv/lib/python3.9/site-packages/airflow/example_dags/example_latest_only_with_trigger.py
[2025-12-04T23:30:16.100+0600] {processor.py:839} INFO - DAG(s) dict_keys(['latest_only_with_trigger']) retrieved from /Users/asminsadykova/Desktop/h&m/.venv/lib/python3.9/site-packages/airflow/example_dags/example_latest_only_with_trigger.py
[2025-12-04T23:30:16.175+0600] {logging_mixin.py:154} INFO - [2025-12-04T23:30:16.175+0600] {dag.py:2941} INFO - Sync 1 DAGs
[2025-12-04T23:30:16.182+0600] {logging_mixin.py:154} INFO - [2025-12-04T23:30:16.182+0600] {dag.py:3722} INFO - Setting next_dagrun for latest_only_with_trigger to 2025-12-04T13:30:16.182165+00:00, run_after=2025-12-04T17:30:16.182165+00:00
[2025-12-04T23:30:16.189+0600] {processor.py:179} INFO - Processing /Users/asminsadykova/Desktop/h&m/.venv/lib/python3.9/site-packages/airflow/example_dags/example_latest_only_with_trigger.py took 0.102 seconds
[2025-12-04T23:31:37.032+0600] {processor.py:157} INFO - Started process (PID=39873) to work on /Users/asminsadykova/Desktop/h&m/.venv/lib/python3.9/site-packages/airflow/example_dags/example_latest_only_with_trigger.py
[2025-12-04T23:31:37.033+0600] {processor.py:829} INFO - Processing file /Users/asminsadykova/Desktop/h&m/.venv/lib/python3.9/site-packages/airflow/example_dags/example_latest_only_with_trigger.py for tasks to queue
[2025-12-04T23:31:37.033+0600] {logging_mixin.py:154} INFO - [2025-12-04T23:31:37.033+0600] {dagbag.py:536} INFO - Filling up the DagBag from /Users/asminsadykova/Desktop/h&m/.venv/lib/python3.9/site-packages/airflow/example_dags/example_latest_only_with_trigger.py
[2025-12-04T23:31:37.044+0600] {processor.py:839} INFO - DAG(s) dict_keys(['latest_only_with_trigger']) retrieved from /Users/asminsadykova/Desktop/h&m/.venv/lib/python3.9/site-packages/airflow/example_dags/example_latest_only_with_trigger.py
[2025-12-04T23:31:37.116+0600] {logging_mixin.py:154} INFO - [2025-12-04T23:31:37.116+0600] {dag.py:2941} INFO - Sync 1 DAGs
[2025-12-04T23:31:37.122+0600] {logging_mixin.py:154} INFO - [2025-12-04T23:31:37.122+0600] {dag.py:3722} INFO - Setting next_dagrun for latest_only_with_trigger to 2025-12-04T13:31:37.122252+00:00, run_after=2025-12-04T17:31:37.122252+00:00
[2025-12-04T23:31:37.130+0600] {processor.py:179} INFO - Processing /Users/asminsadykova/Desktop/h&m/.venv/lib/python3.9/site-packages/airflow/example_dags/example_latest_only_with_trigger.py took 0.099 seconds
[2025-12-04T23:33:05.900+0600] {processor.py:157} INFO - Started process (PID=40089) to work on /Users/asminsadykova/Desktop/h&m/.venv/lib/python3.9/site-packages/airflow/example_dags/example_latest_only_with_trigger.py
[2025-12-04T23:33:05.902+0600] {processor.py:829} INFO - Processing file /Users/asminsadykova/Desktop/h&m/.venv/lib/python3.9/site-packages/airflow/example_dags/example_latest_only_with_trigger.py for tasks to queue
[2025-12-04T23:33:05.903+0600] {logging_mixin.py:154} INFO - [2025-12-04T23:33:05.903+0600] {dagbag.py:536} INFO - Filling up the DagBag from /Users/asminsadykova/Desktop/h&m/.venv/lib/python3.9/site-packages/airflow/example_dags/example_latest_only_with_trigger.py
[2025-12-04T23:33:05.915+0600] {processor.py:839} INFO - DAG(s) dict_keys(['latest_only_with_trigger']) retrieved from /Users/asminsadykova/Desktop/h&m/.venv/lib/python3.9/site-packages/airflow/example_dags/example_latest_only_with_trigger.py
[2025-12-04T23:33:05.985+0600] {logging_mixin.py:154} INFO - [2025-12-04T23:33:05.985+0600] {dag.py:2941} INFO - Sync 1 DAGs
[2025-12-04T23:33:05.991+0600] {logging_mixin.py:154} INFO - [2025-12-04T23:33:05.991+0600] {dag.py:3722} INFO - Setting next_dagrun for latest_only_with_trigger to 2025-12-04T13:33:05.991356+00:00, run_after=2025-12-04T17:33:05.991356+00:00
[2025-12-04T23:33:05.999+0600] {processor.py:179} INFO - Processing /Users/asminsadykova/Desktop/h&m/.venv/lib/python3.9/site-packages/airflow/example_dags/example_latest_only_with_trigger.py took 0.099 seconds
[2025-12-04T23:34:31.525+0600] {processor.py:157} INFO - Started process (PID=40180) to work on /Users/asminsadykova/Desktop/h&m/.venv/lib/python3.9/site-packages/airflow/example_dags/example_latest_only_with_trigger.py
[2025-12-04T23:34:31.526+0600] {processor.py:829} INFO - Processing file /Users/asminsadykova/Desktop/h&m/.venv/lib/python3.9/site-packages/airflow/example_dags/example_latest_only_with_trigger.py for tasks to queue
[2025-12-04T23:34:31.526+0600] {logging_mixin.py:154} INFO - [2025-12-04T23:34:31.526+0600] {dagbag.py:536} INFO - Filling up the DagBag from /Users/asminsadykova/Desktop/h&m/.venv/lib/python3.9/site-packages/airflow/example_dags/example_latest_only_with_trigger.py
[2025-12-04T23:34:31.537+0600] {processor.py:839} INFO - DAG(s) dict_keys(['latest_only_with_trigger']) retrieved from /Users/asminsadykova/Desktop/h&m/.venv/lib/python3.9/site-packages/airflow/example_dags/example_latest_only_with_trigger.py
[2025-12-04T23:34:31.606+0600] {logging_mixin.py:154} INFO - [2025-12-04T23:34:31.606+0600] {dag.py:2941} INFO - Sync 1 DAGs
[2025-12-04T23:34:31.612+0600] {logging_mixin.py:154} INFO - [2025-12-04T23:34:31.612+0600] {dag.py:3722} INFO - Setting next_dagrun for latest_only_with_trigger to 2025-12-04T13:34:31.612849+00:00, run_after=2025-12-04T17:34:31.612849+00:00
[2025-12-04T23:34:31.620+0600] {processor.py:179} INFO - Processing /Users/asminsadykova/Desktop/h&m/.venv/lib/python3.9/site-packages/airflow/example_dags/example_latest_only_with_trigger.py took 0.096 seconds
[2025-12-04T23:36:09.263+0600] {processor.py:157} INFO - Started process (PID=40264) to work on /Users/asminsadykova/Desktop/h&m/.venv/lib/python3.9/site-packages/airflow/example_dags/example_latest_only_with_trigger.py
[2025-12-04T23:36:09.265+0600] {processor.py:829} INFO - Processing file /Users/asminsadykova/Desktop/h&m/.venv/lib/python3.9/site-packages/airflow/example_dags/example_latest_only_with_trigger.py for tasks to queue
[2025-12-04T23:36:09.265+0600] {logging_mixin.py:154} INFO - [2025-12-04T23:36:09.265+0600] {dagbag.py:536} INFO - Filling up the DagBag from /Users/asminsadykova/Desktop/h&m/.venv/lib/python3.9/site-packages/airflow/example_dags/example_latest_only_with_trigger.py
[2025-12-04T23:36:09.276+0600] {processor.py:839} INFO - DAG(s) dict_keys(['latest_only_with_trigger']) retrieved from /Users/asminsadykova/Desktop/h&m/.venv/lib/python3.9/site-packages/airflow/example_dags/example_latest_only_with_trigger.py
[2025-12-04T23:36:09.348+0600] {logging_mixin.py:154} INFO - [2025-12-04T23:36:09.347+0600] {dag.py:2941} INFO - Sync 1 DAGs
[2025-12-04T23:36:09.354+0600] {logging_mixin.py:154} INFO - [2025-12-04T23:36:09.354+0600] {dag.py:3722} INFO - Setting next_dagrun for latest_only_with_trigger to 2025-12-04T13:36:09.354065+00:00, run_after=2025-12-04T17:36:09.354065+00:00
[2025-12-04T23:36:09.362+0600] {processor.py:179} INFO - Processing /Users/asminsadykova/Desktop/h&m/.venv/lib/python3.9/site-packages/airflow/example_dags/example_latest_only_with_trigger.py took 0.099 seconds
[2025-12-04T23:37:37.587+0600] {processor.py:157} INFO - Started process (PID=40364) to work on /Users/asminsadykova/Desktop/h&m/.venv/lib/python3.9/site-packages/airflow/example_dags/example_latest_only_with_trigger.py
[2025-12-04T23:37:37.591+0600] {processor.py:829} INFO - Processing file /Users/asminsadykova/Desktop/h&m/.venv/lib/python3.9/site-packages/airflow/example_dags/example_latest_only_with_trigger.py for tasks to queue
[2025-12-04T23:37:37.591+0600] {logging_mixin.py:154} INFO - [2025-12-04T23:37:37.591+0600] {dagbag.py:536} INFO - Filling up the DagBag from /Users/asminsadykova/Desktop/h&m/.venv/lib/python3.9/site-packages/airflow/example_dags/example_latest_only_with_trigger.py
[2025-12-04T23:37:37.606+0600] {processor.py:839} INFO - DAG(s) dict_keys(['latest_only_with_trigger']) retrieved from /Users/asminsadykova/Desktop/h&m/.venv/lib/python3.9/site-packages/airflow/example_dags/example_latest_only_with_trigger.py
[2025-12-04T23:37:37.683+0600] {logging_mixin.py:154} INFO - [2025-12-04T23:37:37.683+0600] {dag.py:2941} INFO - Sync 1 DAGs
[2025-12-04T23:37:37.689+0600] {logging_mixin.py:154} INFO - [2025-12-04T23:37:37.689+0600] {dag.py:3722} INFO - Setting next_dagrun for latest_only_with_trigger to 2025-12-04T13:37:37.689590+00:00, run_after=2025-12-04T17:37:37.689590+00:00
[2025-12-04T23:37:37.697+0600] {processor.py:179} INFO - Processing /Users/asminsadykova/Desktop/h&m/.venv/lib/python3.9/site-packages/airflow/example_dags/example_latest_only_with_trigger.py took 0.111 seconds
[2025-12-04T23:39:16.338+0600] {processor.py:157} INFO - Started process (PID=40439) to work on /Users/asminsadykova/Desktop/h&m/.venv/lib/python3.9/site-packages/airflow/example_dags/example_latest_only_with_trigger.py
[2025-12-04T23:39:16.339+0600] {processor.py:829} INFO - Processing file /Users/asminsadykova/Desktop/h&m/.venv/lib/python3.9/site-packages/airflow/example_dags/example_latest_only_with_trigger.py for tasks to queue
[2025-12-04T23:39:16.339+0600] {logging_mixin.py:154} INFO - [2025-12-04T23:39:16.339+0600] {dagbag.py:536} INFO - Filling up the DagBag from /Users/asminsadykova/Desktop/h&m/.venv/lib/python3.9/site-packages/airflow/example_dags/example_latest_only_with_trigger.py
[2025-12-04T23:39:16.352+0600] {processor.py:839} INFO - DAG(s) dict_keys(['latest_only_with_trigger']) retrieved from /Users/asminsadykova/Desktop/h&m/.venv/lib/python3.9/site-packages/airflow/example_dags/example_latest_only_with_trigger.py
[2025-12-04T23:39:16.429+0600] {logging_mixin.py:154} INFO - [2025-12-04T23:39:16.429+0600] {dag.py:2941} INFO - Sync 1 DAGs
[2025-12-04T23:39:16.435+0600] {logging_mixin.py:154} INFO - [2025-12-04T23:39:16.435+0600] {dag.py:3722} INFO - Setting next_dagrun for latest_only_with_trigger to 2025-12-04T13:39:16.435831+00:00, run_after=2025-12-04T17:39:16.435831+00:00
[2025-12-04T23:39:16.445+0600] {processor.py:179} INFO - Processing /Users/asminsadykova/Desktop/h&m/.venv/lib/python3.9/site-packages/airflow/example_dags/example_latest_only_with_trigger.py took 0.108 seconds
[2025-12-04T23:40:51.450+0600] {processor.py:157} INFO - Started process (PID=40574) to work on /Users/asminsadykova/Desktop/h&m/.venv/lib/python3.9/site-packages/airflow/example_dags/example_latest_only_with_trigger.py
[2025-12-04T23:40:51.450+0600] {processor.py:829} INFO - Processing file /Users/asminsadykova/Desktop/h&m/.venv/lib/python3.9/site-packages/airflow/example_dags/example_latest_only_with_trigger.py for tasks to queue
[2025-12-04T23:40:51.451+0600] {logging_mixin.py:154} INFO - [2025-12-04T23:40:51.451+0600] {dagbag.py:536} INFO - Filling up the DagBag from /Users/asminsadykova/Desktop/h&m/.venv/lib/python3.9/site-packages/airflow/example_dags/example_latest_only_with_trigger.py
[2025-12-04T23:40:51.463+0600] {processor.py:839} INFO - DAG(s) dict_keys(['latest_only_with_trigger']) retrieved from /Users/asminsadykova/Desktop/h&m/.venv/lib/python3.9/site-packages/airflow/example_dags/example_latest_only_with_trigger.py
[2025-12-04T23:40:51.536+0600] {logging_mixin.py:154} INFO - [2025-12-04T23:40:51.535+0600] {dag.py:2941} INFO - Sync 1 DAGs
[2025-12-04T23:40:51.542+0600] {logging_mixin.py:154} INFO - [2025-12-04T23:40:51.542+0600] {dag.py:3722} INFO - Setting next_dagrun for latest_only_with_trigger to 2025-12-04T13:40:51.542729+00:00, run_after=2025-12-04T17:40:51.542729+00:00
[2025-12-04T23:40:51.551+0600] {processor.py:179} INFO - Processing /Users/asminsadykova/Desktop/h&m/.venv/lib/python3.9/site-packages/airflow/example_dags/example_latest_only_with_trigger.py took 0.102 seconds
[2025-12-04T23:42:17.848+0600] {processor.py:157} INFO - Started process (PID=40662) to work on /Users/asminsadykova/Desktop/h&m/.venv/lib/python3.9/site-packages/airflow/example_dags/example_latest_only_with_trigger.py
[2025-12-04T23:42:17.849+0600] {processor.py:829} INFO - Processing file /Users/asminsadykova/Desktop/h&m/.venv/lib/python3.9/site-packages/airflow/example_dags/example_latest_only_with_trigger.py for tasks to queue
[2025-12-04T23:42:17.850+0600] {logging_mixin.py:154} INFO - [2025-12-04T23:42:17.850+0600] {dagbag.py:536} INFO - Filling up the DagBag from /Users/asminsadykova/Desktop/h&m/.venv/lib/python3.9/site-packages/airflow/example_dags/example_latest_only_with_trigger.py
[2025-12-04T23:42:17.861+0600] {processor.py:839} INFO - DAG(s) dict_keys(['latest_only_with_trigger']) retrieved from /Users/asminsadykova/Desktop/h&m/.venv/lib/python3.9/site-packages/airflow/example_dags/example_latest_only_with_trigger.py
[2025-12-04T23:42:17.931+0600] {logging_mixin.py:154} INFO - [2025-12-04T23:42:17.931+0600] {dag.py:2941} INFO - Sync 1 DAGs
[2025-12-04T23:42:17.938+0600] {logging_mixin.py:154} INFO - [2025-12-04T23:42:17.938+0600] {dag.py:3722} INFO - Setting next_dagrun for latest_only_with_trigger to 2025-12-04T13:42:17.938059+00:00, run_after=2025-12-04T17:42:17.938059+00:00
[2025-12-04T23:42:17.946+0600] {processor.py:179} INFO - Processing /Users/asminsadykova/Desktop/h&m/.venv/lib/python3.9/site-packages/airflow/example_dags/example_latest_only_with_trigger.py took 0.098 seconds
[2025-12-04T23:43:54.298+0600] {processor.py:157} INFO - Started process (PID=40868) to work on /Users/asminsadykova/Desktop/h&m/.venv/lib/python3.9/site-packages/airflow/example_dags/example_latest_only_with_trigger.py
[2025-12-04T23:43:54.299+0600] {processor.py:829} INFO - Processing file /Users/asminsadykova/Desktop/h&m/.venv/lib/python3.9/site-packages/airflow/example_dags/example_latest_only_with_trigger.py for tasks to queue
[2025-12-04T23:43:54.299+0600] {logging_mixin.py:154} INFO - [2025-12-04T23:43:54.299+0600] {dagbag.py:536} INFO - Filling up the DagBag from /Users/asminsadykova/Desktop/h&m/.venv/lib/python3.9/site-packages/airflow/example_dags/example_latest_only_with_trigger.py
[2025-12-04T23:43:54.311+0600] {processor.py:839} INFO - DAG(s) dict_keys(['latest_only_with_trigger']) retrieved from /Users/asminsadykova/Desktop/h&m/.venv/lib/python3.9/site-packages/airflow/example_dags/example_latest_only_with_trigger.py
[2025-12-04T23:43:54.385+0600] {logging_mixin.py:154} INFO - [2025-12-04T23:43:54.384+0600] {dag.py:2941} INFO - Sync 1 DAGs
[2025-12-04T23:43:54.391+0600] {logging_mixin.py:154} INFO - [2025-12-04T23:43:54.391+0600] {dag.py:3722} INFO - Setting next_dagrun for latest_only_with_trigger to 2025-12-04T13:43:54.391674+00:00, run_after=2025-12-04T17:43:54.391674+00:00
[2025-12-04T23:43:54.400+0600] {processor.py:179} INFO - Processing /Users/asminsadykova/Desktop/h&m/.venv/lib/python3.9/site-packages/airflow/example_dags/example_latest_only_with_trigger.py took 0.102 seconds
[2025-12-04T23:45:30.747+0600] {processor.py:157} INFO - Started process (PID=41162) to work on /Users/asminsadykova/Desktop/h&m/.venv/lib/python3.9/site-packages/airflow/example_dags/example_latest_only_with_trigger.py
[2025-12-04T23:45:30.747+0600] {processor.py:829} INFO - Processing file /Users/asminsadykova/Desktop/h&m/.venv/lib/python3.9/site-packages/airflow/example_dags/example_latest_only_with_trigger.py for tasks to queue
[2025-12-04T23:45:30.748+0600] {logging_mixin.py:154} INFO - [2025-12-04T23:45:30.748+0600] {dagbag.py:536} INFO - Filling up the DagBag from /Users/asminsadykova/Desktop/h&m/.venv/lib/python3.9/site-packages/airflow/example_dags/example_latest_only_with_trigger.py
[2025-12-04T23:45:30.759+0600] {processor.py:839} INFO - DAG(s) dict_keys(['latest_only_with_trigger']) retrieved from /Users/asminsadykova/Desktop/h&m/.venv/lib/python3.9/site-packages/airflow/example_dags/example_latest_only_with_trigger.py
[2025-12-04T23:45:30.830+0600] {logging_mixin.py:154} INFO - [2025-12-04T23:45:30.830+0600] {dag.py:2941} INFO - Sync 1 DAGs
[2025-12-04T23:45:30.836+0600] {logging_mixin.py:154} INFO - [2025-12-04T23:45:30.836+0600] {dag.py:3722} INFO - Setting next_dagrun for latest_only_with_trigger to 2025-12-04T13:45:30.836803+00:00, run_after=2025-12-04T17:45:30.836803+00:00
[2025-12-04T23:45:30.844+0600] {processor.py:179} INFO - Processing /Users/asminsadykova/Desktop/h&m/.venv/lib/python3.9/site-packages/airflow/example_dags/example_latest_only_with_trigger.py took 0.098 seconds
[2025-12-04T23:47:05.538+0600] {processor.py:157} INFO - Started process (PID=41480) to work on /Users/asminsadykova/Desktop/h&m/.venv/lib/python3.9/site-packages/airflow/example_dags/example_latest_only_with_trigger.py
[2025-12-04T23:47:05.539+0600] {processor.py:829} INFO - Processing file /Users/asminsadykova/Desktop/h&m/.venv/lib/python3.9/site-packages/airflow/example_dags/example_latest_only_with_trigger.py for tasks to queue
[2025-12-04T23:47:05.539+0600] {logging_mixin.py:154} INFO - [2025-12-04T23:47:05.539+0600] {dagbag.py:536} INFO - Filling up the DagBag from /Users/asminsadykova/Desktop/h&m/.venv/lib/python3.9/site-packages/airflow/example_dags/example_latest_only_with_trigger.py
[2025-12-04T23:47:05.551+0600] {processor.py:839} INFO - DAG(s) dict_keys(['latest_only_with_trigger']) retrieved from /Users/asminsadykova/Desktop/h&m/.venv/lib/python3.9/site-packages/airflow/example_dags/example_latest_only_with_trigger.py
[2025-12-04T23:47:05.622+0600] {logging_mixin.py:154} INFO - [2025-12-04T23:47:05.622+0600] {dag.py:2941} INFO - Sync 1 DAGs
[2025-12-04T23:47:05.628+0600] {logging_mixin.py:154} INFO - [2025-12-04T23:47:05.628+0600] {dag.py:3722} INFO - Setting next_dagrun for latest_only_with_trigger to 2025-12-04T13:47:05.628807+00:00, run_after=2025-12-04T17:47:05.628807+00:00
[2025-12-04T23:47:05.636+0600] {processor.py:179} INFO - Processing /Users/asminsadykova/Desktop/h&m/.venv/lib/python3.9/site-packages/airflow/example_dags/example_latest_only_with_trigger.py took 0.098 seconds
[2025-12-04T23:48:30.288+0600] {processor.py:157} INFO - Started process (PID=41661) to work on /Users/asminsadykova/Desktop/h&m/.venv/lib/python3.9/site-packages/airflow/example_dags/example_latest_only_with_trigger.py
[2025-12-04T23:48:30.290+0600] {processor.py:829} INFO - Processing file /Users/asminsadykova/Desktop/h&m/.venv/lib/python3.9/site-packages/airflow/example_dags/example_latest_only_with_trigger.py for tasks to queue
[2025-12-04T23:48:30.290+0600] {logging_mixin.py:154} INFO - [2025-12-04T23:48:30.290+0600] {dagbag.py:536} INFO - Filling up the DagBag from /Users/asminsadykova/Desktop/h&m/.venv/lib/python3.9/site-packages/airflow/example_dags/example_latest_only_with_trigger.py
[2025-12-04T23:48:30.302+0600] {processor.py:839} INFO - DAG(s) dict_keys(['latest_only_with_trigger']) retrieved from /Users/asminsadykova/Desktop/h&m/.venv/lib/python3.9/site-packages/airflow/example_dags/example_latest_only_with_trigger.py
[2025-12-04T23:48:30.375+0600] {logging_mixin.py:154} INFO - [2025-12-04T23:48:30.375+0600] {dag.py:2941} INFO - Sync 1 DAGs
[2025-12-04T23:48:30.381+0600] {logging_mixin.py:154} INFO - [2025-12-04T23:48:30.381+0600] {dag.py:3722} INFO - Setting next_dagrun for latest_only_with_trigger to 2025-12-04T13:48:30.381846+00:00, run_after=2025-12-04T17:48:30.381846+00:00
[2025-12-04T23:48:30.389+0600] {processor.py:179} INFO - Processing /Users/asminsadykova/Desktop/h&m/.venv/lib/python3.9/site-packages/airflow/example_dags/example_latest_only_with_trigger.py took 0.102 seconds
[2025-12-04T23:50:04.974+0600] {processor.py:157} INFO - Started process (PID=41787) to work on /Users/asminsadykova/Desktop/h&m/.venv/lib/python3.9/site-packages/airflow/example_dags/example_latest_only_with_trigger.py
[2025-12-04T23:50:04.975+0600] {processor.py:829} INFO - Processing file /Users/asminsadykova/Desktop/h&m/.venv/lib/python3.9/site-packages/airflow/example_dags/example_latest_only_with_trigger.py for tasks to queue
[2025-12-04T23:50:04.975+0600] {logging_mixin.py:154} INFO - [2025-12-04T23:50:04.975+0600] {dagbag.py:536} INFO - Filling up the DagBag from /Users/asminsadykova/Desktop/h&m/.venv/lib/python3.9/site-packages/airflow/example_dags/example_latest_only_with_trigger.py
[2025-12-04T23:50:04.986+0600] {processor.py:839} INFO - DAG(s) dict_keys(['latest_only_with_trigger']) retrieved from /Users/asminsadykova/Desktop/h&m/.venv/lib/python3.9/site-packages/airflow/example_dags/example_latest_only_with_trigger.py
[2025-12-04T23:50:05.057+0600] {logging_mixin.py:154} INFO - [2025-12-04T23:50:05.056+0600] {dag.py:2941} INFO - Sync 1 DAGs
[2025-12-04T23:50:05.063+0600] {logging_mixin.py:154} INFO - [2025-12-04T23:50:05.063+0600] {dag.py:3722} INFO - Setting next_dagrun for latest_only_with_trigger to 2025-12-04T13:50:05.063154+00:00, run_after=2025-12-04T17:50:05.063154+00:00
[2025-12-04T23:50:05.071+0600] {processor.py:179} INFO - Processing /Users/asminsadykova/Desktop/h&m/.venv/lib/python3.9/site-packages/airflow/example_dags/example_latest_only_with_trigger.py took 0.097 seconds
[2025-12-04T23:51:43.723+0600] {processor.py:157} INFO - Started process (PID=42019) to work on /Users/asminsadykova/Desktop/h&m/.venv/lib/python3.9/site-packages/airflow/example_dags/example_latest_only_with_trigger.py
[2025-12-04T23:51:43.723+0600] {processor.py:829} INFO - Processing file /Users/asminsadykova/Desktop/h&m/.venv/lib/python3.9/site-packages/airflow/example_dags/example_latest_only_with_trigger.py for tasks to queue
[2025-12-04T23:51:43.724+0600] {logging_mixin.py:154} INFO - [2025-12-04T23:51:43.724+0600] {dagbag.py:536} INFO - Filling up the DagBag from /Users/asminsadykova/Desktop/h&m/.venv/lib/python3.9/site-packages/airflow/example_dags/example_latest_only_with_trigger.py
[2025-12-04T23:51:43.737+0600] {processor.py:839} INFO - DAG(s) dict_keys(['latest_only_with_trigger']) retrieved from /Users/asminsadykova/Desktop/h&m/.venv/lib/python3.9/site-packages/airflow/example_dags/example_latest_only_with_trigger.py
[2025-12-04T23:51:43.815+0600] {logging_mixin.py:154} INFO - [2025-12-04T23:51:43.815+0600] {dag.py:2941} INFO - Sync 1 DAGs
[2025-12-04T23:51:43.821+0600] {logging_mixin.py:154} INFO - [2025-12-04T23:51:43.821+0600] {dag.py:3722} INFO - Setting next_dagrun for latest_only_with_trigger to 2025-12-04T13:51:43.821754+00:00, run_after=2025-12-04T17:51:43.821754+00:00
[2025-12-04T23:51:43.830+0600] {processor.py:179} INFO - Processing /Users/asminsadykova/Desktop/h&m/.venv/lib/python3.9/site-packages/airflow/example_dags/example_latest_only_with_trigger.py took 0.108 seconds
[2025-12-04T23:53:18.821+0600] {processor.py:157} INFO - Started process (PID=42126) to work on /Users/asminsadykova/Desktop/h&m/.venv/lib/python3.9/site-packages/airflow/example_dags/example_latest_only_with_trigger.py
[2025-12-04T23:53:18.822+0600] {processor.py:829} INFO - Processing file /Users/asminsadykova/Desktop/h&m/.venv/lib/python3.9/site-packages/airflow/example_dags/example_latest_only_with_trigger.py for tasks to queue
[2025-12-04T23:53:18.822+0600] {logging_mixin.py:154} INFO - [2025-12-04T23:53:18.822+0600] {dagbag.py:536} INFO - Filling up the DagBag from /Users/asminsadykova/Desktop/h&m/.venv/lib/python3.9/site-packages/airflow/example_dags/example_latest_only_with_trigger.py
[2025-12-04T23:53:18.834+0600] {processor.py:839} INFO - DAG(s) dict_keys(['latest_only_with_trigger']) retrieved from /Users/asminsadykova/Desktop/h&m/.venv/lib/python3.9/site-packages/airflow/example_dags/example_latest_only_with_trigger.py
[2025-12-04T23:53:18.906+0600] {logging_mixin.py:154} INFO - [2025-12-04T23:53:18.905+0600] {dag.py:2941} INFO - Sync 1 DAGs
[2025-12-04T23:53:18.912+0600] {logging_mixin.py:154} INFO - [2025-12-04T23:53:18.912+0600] {dag.py:3722} INFO - Setting next_dagrun for latest_only_with_trigger to 2025-12-04T13:53:18.912374+00:00, run_after=2025-12-04T17:53:18.912374+00:00
[2025-12-04T23:53:18.921+0600] {processor.py:179} INFO - Processing /Users/asminsadykova/Desktop/h&m/.venv/lib/python3.9/site-packages/airflow/example_dags/example_latest_only_with_trigger.py took 0.100 seconds
[2025-12-04T23:54:46.372+0600] {processor.py:157} INFO - Started process (PID=42202) to work on /Users/asminsadykova/Desktop/h&m/.venv/lib/python3.9/site-packages/airflow/example_dags/example_latest_only_with_trigger.py
[2025-12-04T23:54:46.373+0600] {processor.py:829} INFO - Processing file /Users/asminsadykova/Desktop/h&m/.venv/lib/python3.9/site-packages/airflow/example_dags/example_latest_only_with_trigger.py for tasks to queue
[2025-12-04T23:54:46.373+0600] {logging_mixin.py:154} INFO - [2025-12-04T23:54:46.373+0600] {dagbag.py:536} INFO - Filling up the DagBag from /Users/asminsadykova/Desktop/h&m/.venv/lib/python3.9/site-packages/airflow/example_dags/example_latest_only_with_trigger.py
[2025-12-04T23:54:46.385+0600] {processor.py:839} INFO - DAG(s) dict_keys(['latest_only_with_trigger']) retrieved from /Users/asminsadykova/Desktop/h&m/.venv/lib/python3.9/site-packages/airflow/example_dags/example_latest_only_with_trigger.py
[2025-12-04T23:54:46.465+0600] {logging_mixin.py:154} INFO - [2025-12-04T23:54:46.465+0600] {dag.py:2941} INFO - Sync 1 DAGs
[2025-12-04T23:54:46.472+0600] {logging_mixin.py:154} INFO - [2025-12-04T23:54:46.472+0600] {dag.py:3722} INFO - Setting next_dagrun for latest_only_with_trigger to 2025-12-04T13:54:46.471943+00:00, run_after=2025-12-04T17:54:46.471943+00:00
[2025-12-04T23:54:46.482+0600] {processor.py:179} INFO - Processing /Users/asminsadykova/Desktop/h&m/.venv/lib/python3.9/site-packages/airflow/example_dags/example_latest_only_with_trigger.py took 0.110 seconds
[2025-12-04T23:56:14.713+0600] {processor.py:157} INFO - Started process (PID=42278) to work on /Users/asminsadykova/Desktop/h&m/.venv/lib/python3.9/site-packages/airflow/example_dags/example_latest_only_with_trigger.py
[2025-12-04T23:56:14.714+0600] {processor.py:829} INFO - Processing file /Users/asminsadykova/Desktop/h&m/.venv/lib/python3.9/site-packages/airflow/example_dags/example_latest_only_with_trigger.py for tasks to queue
[2025-12-04T23:56:14.714+0600] {logging_mixin.py:154} INFO - [2025-12-04T23:56:14.714+0600] {dagbag.py:536} INFO - Filling up the DagBag from /Users/asminsadykova/Desktop/h&m/.venv/lib/python3.9/site-packages/airflow/example_dags/example_latest_only_with_trigger.py
[2025-12-04T23:56:14.728+0600] {processor.py:839} INFO - DAG(s) dict_keys(['latest_only_with_trigger']) retrieved from /Users/asminsadykova/Desktop/h&m/.venv/lib/python3.9/site-packages/airflow/example_dags/example_latest_only_with_trigger.py
[2025-12-04T23:56:14.801+0600] {logging_mixin.py:154} INFO - [2025-12-04T23:56:14.801+0600] {dag.py:2941} INFO - Sync 1 DAGs
[2025-12-04T23:56:14.807+0600] {logging_mixin.py:154} INFO - [2025-12-04T23:56:14.807+0600] {dag.py:3722} INFO - Setting next_dagrun for latest_only_with_trigger to 2025-12-04T13:56:14.807555+00:00, run_after=2025-12-04T17:56:14.807555+00:00
[2025-12-04T23:56:14.815+0600] {processor.py:179} INFO - Processing /Users/asminsadykova/Desktop/h&m/.venv/lib/python3.9/site-packages/airflow/example_dags/example_latest_only_with_trigger.py took 0.102 seconds
[2025-12-04T23:57:44.261+0600] {processor.py:157} INFO - Started process (PID=42352) to work on /Users/asminsadykova/Desktop/h&m/.venv/lib/python3.9/site-packages/airflow/example_dags/example_latest_only_with_trigger.py
[2025-12-04T23:57:44.262+0600] {processor.py:829} INFO - Processing file /Users/asminsadykova/Desktop/h&m/.venv/lib/python3.9/site-packages/airflow/example_dags/example_latest_only_with_trigger.py for tasks to queue
[2025-12-04T23:57:44.262+0600] {logging_mixin.py:154} INFO - [2025-12-04T23:57:44.262+0600] {dagbag.py:536} INFO - Filling up the DagBag from /Users/asminsadykova/Desktop/h&m/.venv/lib/python3.9/site-packages/airflow/example_dags/example_latest_only_with_trigger.py
[2025-12-04T23:57:44.273+0600] {processor.py:839} INFO - DAG(s) dict_keys(['latest_only_with_trigger']) retrieved from /Users/asminsadykova/Desktop/h&m/.venv/lib/python3.9/site-packages/airflow/example_dags/example_latest_only_with_trigger.py
[2025-12-04T23:57:44.344+0600] {logging_mixin.py:154} INFO - [2025-12-04T23:57:44.344+0600] {dag.py:2941} INFO - Sync 1 DAGs
[2025-12-04T23:57:44.350+0600] {logging_mixin.py:154} INFO - [2025-12-04T23:57:44.350+0600] {dag.py:3722} INFO - Setting next_dagrun for latest_only_with_trigger to 2025-12-04T13:57:44.350455+00:00, run_after=2025-12-04T17:57:44.350455+00:00
[2025-12-04T23:57:44.358+0600] {processor.py:179} INFO - Processing /Users/asminsadykova/Desktop/h&m/.venv/lib/python3.9/site-packages/airflow/example_dags/example_latest_only_with_trigger.py took 0.098 seconds
[2025-12-04T23:59:11.797+0600] {processor.py:157} INFO - Started process (PID=42435) to work on /Users/asminsadykova/Desktop/h&m/.venv/lib/python3.9/site-packages/airflow/example_dags/example_latest_only_with_trigger.py
[2025-12-04T23:59:11.799+0600] {processor.py:829} INFO - Processing file /Users/asminsadykova/Desktop/h&m/.venv/lib/python3.9/site-packages/airflow/example_dags/example_latest_only_with_trigger.py for tasks to queue
[2025-12-04T23:59:11.799+0600] {logging_mixin.py:154} INFO - [2025-12-04T23:59:11.799+0600] {dagbag.py:536} INFO - Filling up the DagBag from /Users/asminsadykova/Desktop/h&m/.venv/lib/python3.9/site-packages/airflow/example_dags/example_latest_only_with_trigger.py
[2025-12-04T23:59:11.813+0600] {processor.py:839} INFO - DAG(s) dict_keys(['latest_only_with_trigger']) retrieved from /Users/asminsadykova/Desktop/h&m/.venv/lib/python3.9/site-packages/airflow/example_dags/example_latest_only_with_trigger.py
[2025-12-04T23:59:11.891+0600] {logging_mixin.py:154} INFO - [2025-12-04T23:59:11.891+0600] {dag.py:2941} INFO - Sync 1 DAGs
[2025-12-04T23:59:11.898+0600] {logging_mixin.py:154} INFO - [2025-12-04T23:59:11.898+0600] {dag.py:3722} INFO - Setting next_dagrun for latest_only_with_trigger to 2025-12-04T13:59:11.897949+00:00, run_after=2025-12-04T17:59:11.897949+00:00
[2025-12-04T23:59:11.906+0600] {processor.py:179} INFO - Processing /Users/asminsadykova/Desktop/h&m/.venv/lib/python3.9/site-packages/airflow/example_dags/example_latest_only_with_trigger.py took 0.109 seconds
[2025-12-05T00:00:47.996+0600] {processor.py:157} INFO - Started process (PID=42823) to work on /Users/asminsadykova/Desktop/h&m/.venv/lib/python3.9/site-packages/airflow/example_dags/example_latest_only_with_trigger.py
[2025-12-05T00:00:47.997+0600] {processor.py:829} INFO - Processing file /Users/asminsadykova/Desktop/h&m/.venv/lib/python3.9/site-packages/airflow/example_dags/example_latest_only_with_trigger.py for tasks to queue
[2025-12-05T00:00:47.997+0600] {logging_mixin.py:154} INFO - [2025-12-05T00:00:47.997+0600] {dagbag.py:536} INFO - Filling up the DagBag from /Users/asminsadykova/Desktop/h&m/.venv/lib/python3.9/site-packages/airflow/example_dags/example_latest_only_with_trigger.py
[2025-12-05T00:00:48.010+0600] {processor.py:839} INFO - DAG(s) dict_keys(['latest_only_with_trigger']) retrieved from /Users/asminsadykova/Desktop/h&m/.venv/lib/python3.9/site-packages/airflow/example_dags/example_latest_only_with_trigger.py
[2025-12-05T00:00:48.084+0600] {logging_mixin.py:154} INFO - [2025-12-05T00:00:48.083+0600] {dag.py:2941} INFO - Sync 1 DAGs
[2025-12-05T00:00:48.090+0600] {logging_mixin.py:154} INFO - [2025-12-05T00:00:48.090+0600] {dag.py:3722} INFO - Setting next_dagrun for latest_only_with_trigger to 2025-12-04T14:00:48.090096+00:00, run_after=2025-12-04T18:00:48.090096+00:00
[2025-12-05T00:00:48.098+0600] {processor.py:179} INFO - Processing /Users/asminsadykova/Desktop/h&m/.venv/lib/python3.9/site-packages/airflow/example_dags/example_latest_only_with_trigger.py took 0.103 seconds
[2025-12-05T00:02:21.298+0600] {processor.py:157} INFO - Started process (PID=42915) to work on /Users/asminsadykova/Desktop/h&m/.venv/lib/python3.9/site-packages/airflow/example_dags/example_latest_only_with_trigger.py
[2025-12-05T00:02:21.301+0600] {processor.py:829} INFO - Processing file /Users/asminsadykova/Desktop/h&m/.venv/lib/python3.9/site-packages/airflow/example_dags/example_latest_only_with_trigger.py for tasks to queue
[2025-12-05T00:02:21.301+0600] {logging_mixin.py:154} INFO - [2025-12-05T00:02:21.301+0600] {dagbag.py:536} INFO - Filling up the DagBag from /Users/asminsadykova/Desktop/h&m/.venv/lib/python3.9/site-packages/airflow/example_dags/example_latest_only_with_trigger.py
[2025-12-05T00:02:21.313+0600] {processor.py:839} INFO - DAG(s) dict_keys(['latest_only_with_trigger']) retrieved from /Users/asminsadykova/Desktop/h&m/.venv/lib/python3.9/site-packages/airflow/example_dags/example_latest_only_with_trigger.py
[2025-12-05T00:02:21.383+0600] {logging_mixin.py:154} INFO - [2025-12-05T00:02:21.383+0600] {dag.py:2941} INFO - Sync 1 DAGs
[2025-12-05T00:02:21.389+0600] {logging_mixin.py:154} INFO - [2025-12-05T00:02:21.389+0600] {dag.py:3722} INFO - Setting next_dagrun for latest_only_with_trigger to 2025-12-04T14:02:21.389546+00:00, run_after=2025-12-04T18:02:21.389546+00:00
[2025-12-05T00:02:21.396+0600] {processor.py:179} INFO - Processing /Users/asminsadykova/Desktop/h&m/.venv/lib/python3.9/site-packages/airflow/example_dags/example_latest_only_with_trigger.py took 0.099 seconds
[2025-12-05T00:03:53.750+0600] {processor.py:157} INFO - Started process (PID=42990) to work on /Users/asminsadykova/Desktop/h&m/.venv/lib/python3.9/site-packages/airflow/example_dags/example_latest_only_with_trigger.py
[2025-12-05T00:03:53.752+0600] {processor.py:829} INFO - Processing file /Users/asminsadykova/Desktop/h&m/.venv/lib/python3.9/site-packages/airflow/example_dags/example_latest_only_with_trigger.py for tasks to queue
[2025-12-05T00:03:53.752+0600] {logging_mixin.py:154} INFO - [2025-12-05T00:03:53.752+0600] {dagbag.py:536} INFO - Filling up the DagBag from /Users/asminsadykova/Desktop/h&m/.venv/lib/python3.9/site-packages/airflow/example_dags/example_latest_only_with_trigger.py
[2025-12-05T00:03:53.764+0600] {processor.py:839} INFO - DAG(s) dict_keys(['latest_only_with_trigger']) retrieved from /Users/asminsadykova/Desktop/h&m/.venv/lib/python3.9/site-packages/airflow/example_dags/example_latest_only_with_trigger.py
[2025-12-05T00:03:53.838+0600] {logging_mixin.py:154} INFO - [2025-12-05T00:03:53.838+0600] {dag.py:2941} INFO - Sync 1 DAGs
[2025-12-05T00:03:53.844+0600] {logging_mixin.py:154} INFO - [2025-12-05T00:03:53.844+0600] {dag.py:3722} INFO - Setting next_dagrun for latest_only_with_trigger to 2025-12-04T14:03:53.844288+00:00, run_after=2025-12-04T18:03:53.844288+00:00
[2025-12-05T00:03:53.851+0600] {processor.py:179} INFO - Processing /Users/asminsadykova/Desktop/h&m/.venv/lib/python3.9/site-packages/airflow/example_dags/example_latest_only_with_trigger.py took 0.101 seconds
[2025-12-05T00:05:29.243+0600] {processor.py:157} INFO - Started process (PID=43266) to work on /Users/asminsadykova/Desktop/h&m/.venv/lib/python3.9/site-packages/airflow/example_dags/example_latest_only_with_trigger.py
[2025-12-05T00:05:29.245+0600] {processor.py:829} INFO - Processing file /Users/asminsadykova/Desktop/h&m/.venv/lib/python3.9/site-packages/airflow/example_dags/example_latest_only_with_trigger.py for tasks to queue
[2025-12-05T00:05:29.245+0600] {logging_mixin.py:154} INFO - [2025-12-05T00:05:29.245+0600] {dagbag.py:536} INFO - Filling up the DagBag from /Users/asminsadykova/Desktop/h&m/.venv/lib/python3.9/site-packages/airflow/example_dags/example_latest_only_with_trigger.py
[2025-12-05T00:05:29.257+0600] {processor.py:839} INFO - DAG(s) dict_keys(['latest_only_with_trigger']) retrieved from /Users/asminsadykova/Desktop/h&m/.venv/lib/python3.9/site-packages/airflow/example_dags/example_latest_only_with_trigger.py
[2025-12-05T00:05:29.333+0600] {logging_mixin.py:154} INFO - [2025-12-05T00:05:29.333+0600] {dag.py:2941} INFO - Sync 1 DAGs
[2025-12-05T00:05:29.341+0600] {logging_mixin.py:154} INFO - [2025-12-05T00:05:29.341+0600] {dag.py:3722} INFO - Setting next_dagrun for latest_only_with_trigger to 2025-12-04T14:05:29.341396+00:00, run_after=2025-12-04T18:05:29.341396+00:00
[2025-12-05T00:05:29.350+0600] {processor.py:179} INFO - Processing /Users/asminsadykova/Desktop/h&m/.venv/lib/python3.9/site-packages/airflow/example_dags/example_latest_only_with_trigger.py took 0.108 seconds
[2025-12-05T00:06:56.331+0600] {processor.py:157} INFO - Started process (PID=43416) to work on /Users/asminsadykova/Desktop/h&m/.venv/lib/python3.9/site-packages/airflow/example_dags/example_latest_only_with_trigger.py
[2025-12-05T00:06:56.332+0600] {processor.py:829} INFO - Processing file /Users/asminsadykova/Desktop/h&m/.venv/lib/python3.9/site-packages/airflow/example_dags/example_latest_only_with_trigger.py for tasks to queue
[2025-12-05T00:06:56.332+0600] {logging_mixin.py:154} INFO - [2025-12-05T00:06:56.332+0600] {dagbag.py:536} INFO - Filling up the DagBag from /Users/asminsadykova/Desktop/h&m/.venv/lib/python3.9/site-packages/airflow/example_dags/example_latest_only_with_trigger.py
[2025-12-05T00:06:56.343+0600] {processor.py:839} INFO - DAG(s) dict_keys(['latest_only_with_trigger']) retrieved from /Users/asminsadykova/Desktop/h&m/.venv/lib/python3.9/site-packages/airflow/example_dags/example_latest_only_with_trigger.py
[2025-12-05T00:06:56.415+0600] {logging_mixin.py:154} INFO - [2025-12-05T00:06:56.415+0600] {dag.py:2941} INFO - Sync 1 DAGs
[2025-12-05T00:06:56.421+0600] {logging_mixin.py:154} INFO - [2025-12-05T00:06:56.421+0600] {dag.py:3722} INFO - Setting next_dagrun for latest_only_with_trigger to 2025-12-04T14:06:56.421774+00:00, run_after=2025-12-04T18:06:56.421774+00:00
[2025-12-05T00:06:56.429+0600] {processor.py:179} INFO - Processing /Users/asminsadykova/Desktop/h&m/.venv/lib/python3.9/site-packages/airflow/example_dags/example_latest_only_with_trigger.py took 0.099 seconds
[2025-12-05T00:08:22.849+0600] {processor.py:157} INFO - Started process (PID=43560) to work on /Users/asminsadykova/Desktop/h&m/.venv/lib/python3.9/site-packages/airflow/example_dags/example_latest_only_with_trigger.py
[2025-12-05T00:08:22.850+0600] {processor.py:829} INFO - Processing file /Users/asminsadykova/Desktop/h&m/.venv/lib/python3.9/site-packages/airflow/example_dags/example_latest_only_with_trigger.py for tasks to queue
[2025-12-05T00:08:22.851+0600] {logging_mixin.py:154} INFO - [2025-12-05T00:08:22.851+0600] {dagbag.py:536} INFO - Filling up the DagBag from /Users/asminsadykova/Desktop/h&m/.venv/lib/python3.9/site-packages/airflow/example_dags/example_latest_only_with_trigger.py
[2025-12-05T00:08:22.868+0600] {processor.py:839} INFO - DAG(s) dict_keys(['latest_only_with_trigger']) retrieved from /Users/asminsadykova/Desktop/h&m/.venv/lib/python3.9/site-packages/airflow/example_dags/example_latest_only_with_trigger.py
[2025-12-05T00:08:22.963+0600] {logging_mixin.py:154} INFO - [2025-12-05T00:08:22.962+0600] {dag.py:2941} INFO - Sync 1 DAGs
[2025-12-05T00:08:22.970+0600] {logging_mixin.py:154} INFO - [2025-12-05T00:08:22.970+0600] {dag.py:3722} INFO - Setting next_dagrun for latest_only_with_trigger to 2025-12-04T14:08:22.970163+00:00, run_after=2025-12-04T18:08:22.970163+00:00
[2025-12-05T00:08:22.978+0600] {processor.py:179} INFO - Processing /Users/asminsadykova/Desktop/h&m/.venv/lib/python3.9/site-packages/airflow/example_dags/example_latest_only_with_trigger.py took 0.130 seconds
[2025-12-05T00:09:56.310+0600] {processor.py:157} INFO - Started process (PID=43726) to work on /Users/asminsadykova/Desktop/h&m/.venv/lib/python3.9/site-packages/airflow/example_dags/example_latest_only_with_trigger.py
[2025-12-05T00:09:56.311+0600] {processor.py:829} INFO - Processing file /Users/asminsadykova/Desktop/h&m/.venv/lib/python3.9/site-packages/airflow/example_dags/example_latest_only_with_trigger.py for tasks to queue
[2025-12-05T00:09:56.311+0600] {logging_mixin.py:154} INFO - [2025-12-05T00:09:56.311+0600] {dagbag.py:536} INFO - Filling up the DagBag from /Users/asminsadykova/Desktop/h&m/.venv/lib/python3.9/site-packages/airflow/example_dags/example_latest_only_with_trigger.py
[2025-12-05T00:09:56.323+0600] {processor.py:839} INFO - DAG(s) dict_keys(['latest_only_with_trigger']) retrieved from /Users/asminsadykova/Desktop/h&m/.venv/lib/python3.9/site-packages/airflow/example_dags/example_latest_only_with_trigger.py
[2025-12-05T00:09:56.397+0600] {logging_mixin.py:154} INFO - [2025-12-05T00:09:56.397+0600] {dag.py:2941} INFO - Sync 1 DAGs
[2025-12-05T00:09:56.403+0600] {logging_mixin.py:154} INFO - [2025-12-05T00:09:56.403+0600] {dag.py:3722} INFO - Setting next_dagrun for latest_only_with_trigger to 2025-12-04T14:09:56.403632+00:00, run_after=2025-12-04T18:09:56.403632+00:00
[2025-12-05T00:09:56.412+0600] {processor.py:179} INFO - Processing /Users/asminsadykova/Desktop/h&m/.venv/lib/python3.9/site-packages/airflow/example_dags/example_latest_only_with_trigger.py took 0.102 seconds
[2025-12-05T00:11:32.861+0600] {processor.py:157} INFO - Started process (PID=43886) to work on /Users/asminsadykova/Desktop/h&m/.venv/lib/python3.9/site-packages/airflow/example_dags/example_latest_only_with_trigger.py
[2025-12-05T00:11:32.862+0600] {processor.py:829} INFO - Processing file /Users/asminsadykova/Desktop/h&m/.venv/lib/python3.9/site-packages/airflow/example_dags/example_latest_only_with_trigger.py for tasks to queue
[2025-12-05T00:11:32.862+0600] {logging_mixin.py:154} INFO - [2025-12-05T00:11:32.862+0600] {dagbag.py:536} INFO - Filling up the DagBag from /Users/asminsadykova/Desktop/h&m/.venv/lib/python3.9/site-packages/airflow/example_dags/example_latest_only_with_trigger.py
[2025-12-05T00:11:32.874+0600] {processor.py:839} INFO - DAG(s) dict_keys(['latest_only_with_trigger']) retrieved from /Users/asminsadykova/Desktop/h&m/.venv/lib/python3.9/site-packages/airflow/example_dags/example_latest_only_with_trigger.py
[2025-12-05T00:11:32.947+0600] {logging_mixin.py:154} INFO - [2025-12-05T00:11:32.947+0600] {dag.py:2941} INFO - Sync 1 DAGs
[2025-12-05T00:11:32.955+0600] {logging_mixin.py:154} INFO - [2025-12-05T00:11:32.955+0600] {dag.py:3722} INFO - Setting next_dagrun for latest_only_with_trigger to 2025-12-04T14:11:32.955021+00:00, run_after=2025-12-04T18:11:32.955021+00:00
[2025-12-05T00:11:32.963+0600] {processor.py:179} INFO - Processing /Users/asminsadykova/Desktop/h&m/.venv/lib/python3.9/site-packages/airflow/example_dags/example_latest_only_with_trigger.py took 0.102 seconds
