[2025-12-04T23:18:18.983+0600] {processor.py:157} INFO - Started process (PID=38947) to work on /Users/asminsadykova/Desktop/h&m/.venv/lib/python3.9/site-packages/airflow/example_dags/example_kubernetes_executor.py
[2025-12-04T23:18:18.984+0600] {processor.py:829} INFO - Processing file /Users/asminsadykova/Desktop/h&m/.venv/lib/python3.9/site-packages/airflow/example_dags/example_kubernetes_executor.py for tasks to queue
[2025-12-04T23:18:18.984+0600] {logging_mixin.py:154} INFO - [2025-12-04T23:18:18.984+0600] {dagbag.py:536} INFO - Filling up the DagBag from /Users/asminsadykova/Desktop/h&m/.venv/lib/python3.9/site-packages/airflow/example_dags/example_kubernetes_executor.py
[2025-12-04T23:18:19.005+0600] {logging_mixin.py:154} INFO - [2025-12-04T23:18:19.005+0600] {example_kubernetes_executor.py:38} WARNING - The example_kubernetes_executor example DAG requires the kubernetes provider. Please install it with: pip install apache-airflow[cncf.kubernetes]
[2025-12-04T23:18:19.005+0600] {processor.py:841} WARNING - No viable dags retrieved from /Users/asminsadykova/Desktop/h&m/.venv/lib/python3.9/site-packages/airflow/example_dags/example_kubernetes_executor.py
[2025-12-04T23:18:19.052+0600] {processor.py:179} INFO - Processing /Users/asminsadykova/Desktop/h&m/.venv/lib/python3.9/site-packages/airflow/example_dags/example_kubernetes_executor.py took 0.069 seconds
[2025-12-04T23:19:49.318+0600] {processor.py:157} INFO - Started process (PID=39071) to work on /Users/asminsadykova/Desktop/h&m/.venv/lib/python3.9/site-packages/airflow/example_dags/example_kubernetes_executor.py
[2025-12-04T23:19:49.319+0600] {processor.py:829} INFO - Processing file /Users/asminsadykova/Desktop/h&m/.venv/lib/python3.9/site-packages/airflow/example_dags/example_kubernetes_executor.py for tasks to queue
[2025-12-04T23:19:49.319+0600] {logging_mixin.py:154} INFO - [2025-12-04T23:19:49.319+0600] {dagbag.py:536} INFO - Filling up the DagBag from /Users/asminsadykova/Desktop/h&m/.venv/lib/python3.9/site-packages/airflow/example_dags/example_kubernetes_executor.py
[2025-12-04T23:19:49.339+0600] {logging_mixin.py:154} INFO - [2025-12-04T23:19:49.339+0600] {example_kubernetes_executor.py:38} WARNING - The example_kubernetes_executor example DAG requires the kubernetes provider. Please install it with: pip install apache-airflow[cncf.kubernetes]
[2025-12-04T23:19:49.339+0600] {processor.py:841} WARNING - No viable dags retrieved from /Users/asminsadykova/Desktop/h&m/.venv/lib/python3.9/site-packages/airflow/example_dags/example_kubernetes_executor.py
[2025-12-04T23:19:49.384+0600] {processor.py:179} INFO - Processing /Users/asminsadykova/Desktop/h&m/.venv/lib/python3.9/site-packages/airflow/example_dags/example_kubernetes_executor.py took 0.067 seconds
[2025-12-04T23:21:17.466+0600] {processor.py:157} INFO - Started process (PID=39171) to work on /Users/asminsadykova/Desktop/h&m/.venv/lib/python3.9/site-packages/airflow/example_dags/example_kubernetes_executor.py
[2025-12-04T23:21:17.466+0600] {processor.py:829} INFO - Processing file /Users/asminsadykova/Desktop/h&m/.venv/lib/python3.9/site-packages/airflow/example_dags/example_kubernetes_executor.py for tasks to queue
[2025-12-04T23:21:17.467+0600] {logging_mixin.py:154} INFO - [2025-12-04T23:21:17.466+0600] {dagbag.py:536} INFO - Filling up the DagBag from /Users/asminsadykova/Desktop/h&m/.venv/lib/python3.9/site-packages/airflow/example_dags/example_kubernetes_executor.py
[2025-12-04T23:21:17.492+0600] {logging_mixin.py:154} INFO - [2025-12-04T23:21:17.491+0600] {example_kubernetes_executor.py:38} WARNING - The example_kubernetes_executor example DAG requires the kubernetes provider. Please install it with: pip install apache-airflow[cncf.kubernetes]
[2025-12-04T23:21:17.492+0600] {processor.py:841} WARNING - No viable dags retrieved from /Users/asminsadykova/Desktop/h&m/.venv/lib/python3.9/site-packages/airflow/example_dags/example_kubernetes_executor.py
[2025-12-04T23:21:17.537+0600] {processor.py:179} INFO - Processing /Users/asminsadykova/Desktop/h&m/.venv/lib/python3.9/site-packages/airflow/example_dags/example_kubernetes_executor.py took 0.072 seconds
[2025-12-04T23:22:40.006+0600] {processor.py:157} INFO - Started process (PID=39267) to work on /Users/asminsadykova/Desktop/h&m/.venv/lib/python3.9/site-packages/airflow/example_dags/example_kubernetes_executor.py
[2025-12-04T23:22:40.007+0600] {processor.py:829} INFO - Processing file /Users/asminsadykova/Desktop/h&m/.venv/lib/python3.9/site-packages/airflow/example_dags/example_kubernetes_executor.py for tasks to queue
[2025-12-04T23:22:40.008+0600] {logging_mixin.py:154} INFO - [2025-12-04T23:22:40.008+0600] {dagbag.py:536} INFO - Filling up the DagBag from /Users/asminsadykova/Desktop/h&m/.venv/lib/python3.9/site-packages/airflow/example_dags/example_kubernetes_executor.py
[2025-12-04T23:22:40.028+0600] {logging_mixin.py:154} INFO - [2025-12-04T23:22:40.028+0600] {example_kubernetes_executor.py:38} WARNING - The example_kubernetes_executor example DAG requires the kubernetes provider. Please install it with: pip install apache-airflow[cncf.kubernetes]
[2025-12-04T23:22:40.028+0600] {processor.py:841} WARNING - No viable dags retrieved from /Users/asminsadykova/Desktop/h&m/.venv/lib/python3.9/site-packages/airflow/example_dags/example_kubernetes_executor.py
[2025-12-04T23:22:40.075+0600] {processor.py:179} INFO - Processing /Users/asminsadykova/Desktop/h&m/.venv/lib/python3.9/site-packages/airflow/example_dags/example_kubernetes_executor.py took 0.069 seconds
[2025-12-04T23:24:16.688+0600] {processor.py:157} INFO - Started process (PID=39464) to work on /Users/asminsadykova/Desktop/h&m/.venv/lib/python3.9/site-packages/airflow/example_dags/example_kubernetes_executor.py
[2025-12-04T23:24:16.689+0600] {processor.py:829} INFO - Processing file /Users/asminsadykova/Desktop/h&m/.venv/lib/python3.9/site-packages/airflow/example_dags/example_kubernetes_executor.py for tasks to queue
[2025-12-04T23:24:16.689+0600] {logging_mixin.py:154} INFO - [2025-12-04T23:24:16.689+0600] {dagbag.py:536} INFO - Filling up the DagBag from /Users/asminsadykova/Desktop/h&m/.venv/lib/python3.9/site-packages/airflow/example_dags/example_kubernetes_executor.py
[2025-12-04T23:24:16.709+0600] {logging_mixin.py:154} INFO - [2025-12-04T23:24:16.709+0600] {example_kubernetes_executor.py:38} WARNING - The example_kubernetes_executor example DAG requires the kubernetes provider. Please install it with: pip install apache-airflow[cncf.kubernetes]
[2025-12-04T23:24:16.709+0600] {processor.py:841} WARNING - No viable dags retrieved from /Users/asminsadykova/Desktop/h&m/.venv/lib/python3.9/site-packages/airflow/example_dags/example_kubernetes_executor.py
[2025-12-04T23:24:16.754+0600] {processor.py:179} INFO - Processing /Users/asminsadykova/Desktop/h&m/.venv/lib/python3.9/site-packages/airflow/example_dags/example_kubernetes_executor.py took 0.067 seconds
[2025-12-04T23:25:49.689+0600] {processor.py:157} INFO - Started process (PID=39552) to work on /Users/asminsadykova/Desktop/h&m/.venv/lib/python3.9/site-packages/airflow/example_dags/example_kubernetes_executor.py
[2025-12-04T23:25:49.690+0600] {processor.py:829} INFO - Processing file /Users/asminsadykova/Desktop/h&m/.venv/lib/python3.9/site-packages/airflow/example_dags/example_kubernetes_executor.py for tasks to queue
[2025-12-04T23:25:49.690+0600] {logging_mixin.py:154} INFO - [2025-12-04T23:25:49.690+0600] {dagbag.py:536} INFO - Filling up the DagBag from /Users/asminsadykova/Desktop/h&m/.venv/lib/python3.9/site-packages/airflow/example_dags/example_kubernetes_executor.py
[2025-12-04T23:25:49.711+0600] {logging_mixin.py:154} INFO - [2025-12-04T23:25:49.711+0600] {example_kubernetes_executor.py:38} WARNING - The example_kubernetes_executor example DAG requires the kubernetes provider. Please install it with: pip install apache-airflow[cncf.kubernetes]
[2025-12-04T23:25:49.711+0600] {processor.py:841} WARNING - No viable dags retrieved from /Users/asminsadykova/Desktop/h&m/.venv/lib/python3.9/site-packages/airflow/example_dags/example_kubernetes_executor.py
[2025-12-04T23:25:49.756+0600] {processor.py:179} INFO - Processing /Users/asminsadykova/Desktop/h&m/.venv/lib/python3.9/site-packages/airflow/example_dags/example_kubernetes_executor.py took 0.067 seconds
[2025-12-04T23:27:30.432+0600] {processor.py:157} INFO - Started process (PID=39655) to work on /Users/asminsadykova/Desktop/h&m/.venv/lib/python3.9/site-packages/airflow/example_dags/example_kubernetes_executor.py
[2025-12-04T23:27:30.433+0600] {processor.py:829} INFO - Processing file /Users/asminsadykova/Desktop/h&m/.venv/lib/python3.9/site-packages/airflow/example_dags/example_kubernetes_executor.py for tasks to queue
[2025-12-04T23:27:30.433+0600] {logging_mixin.py:154} INFO - [2025-12-04T23:27:30.433+0600] {dagbag.py:536} INFO - Filling up the DagBag from /Users/asminsadykova/Desktop/h&m/.venv/lib/python3.9/site-packages/airflow/example_dags/example_kubernetes_executor.py
[2025-12-04T23:27:30.453+0600] {logging_mixin.py:154} INFO - [2025-12-04T23:27:30.453+0600] {example_kubernetes_executor.py:38} WARNING - The example_kubernetes_executor example DAG requires the kubernetes provider. Please install it with: pip install apache-airflow[cncf.kubernetes]
[2025-12-04T23:27:30.453+0600] {processor.py:841} WARNING - No viable dags retrieved from /Users/asminsadykova/Desktop/h&m/.venv/lib/python3.9/site-packages/airflow/example_dags/example_kubernetes_executor.py
[2025-12-04T23:27:30.499+0600] {processor.py:179} INFO - Processing /Users/asminsadykova/Desktop/h&m/.venv/lib/python3.9/site-packages/airflow/example_dags/example_kubernetes_executor.py took 0.067 seconds
[2025-12-04T23:28:55.811+0600] {processor.py:157} INFO - Started process (PID=39740) to work on /Users/asminsadykova/Desktop/h&m/.venv/lib/python3.9/site-packages/airflow/example_dags/example_kubernetes_executor.py
[2025-12-04T23:28:55.813+0600] {processor.py:829} INFO - Processing file /Users/asminsadykova/Desktop/h&m/.venv/lib/python3.9/site-packages/airflow/example_dags/example_kubernetes_executor.py for tasks to queue
[2025-12-04T23:28:55.814+0600] {logging_mixin.py:154} INFO - [2025-12-04T23:28:55.814+0600] {dagbag.py:536} INFO - Filling up the DagBag from /Users/asminsadykova/Desktop/h&m/.venv/lib/python3.9/site-packages/airflow/example_dags/example_kubernetes_executor.py
[2025-12-04T23:28:55.835+0600] {logging_mixin.py:154} INFO - [2025-12-04T23:28:55.835+0600] {example_kubernetes_executor.py:38} WARNING - The example_kubernetes_executor example DAG requires the kubernetes provider. Please install it with: pip install apache-airflow[cncf.kubernetes]
[2025-12-04T23:28:55.835+0600] {processor.py:841} WARNING - No viable dags retrieved from /Users/asminsadykova/Desktop/h&m/.venv/lib/python3.9/site-packages/airflow/example_dags/example_kubernetes_executor.py
[2025-12-04T23:28:55.885+0600] {processor.py:179} INFO - Processing /Users/asminsadykova/Desktop/h&m/.venv/lib/python3.9/site-packages/airflow/example_dags/example_kubernetes_executor.py took 0.074 seconds
[2025-12-04T23:30:19.528+0600] {processor.py:157} INFO - Started process (PID=39809) to work on /Users/asminsadykova/Desktop/h&m/.venv/lib/python3.9/site-packages/airflow/example_dags/example_kubernetes_executor.py
[2025-12-04T23:30:19.529+0600] {processor.py:829} INFO - Processing file /Users/asminsadykova/Desktop/h&m/.venv/lib/python3.9/site-packages/airflow/example_dags/example_kubernetes_executor.py for tasks to queue
[2025-12-04T23:30:19.529+0600] {logging_mixin.py:154} INFO - [2025-12-04T23:30:19.529+0600] {dagbag.py:536} INFO - Filling up the DagBag from /Users/asminsadykova/Desktop/h&m/.venv/lib/python3.9/site-packages/airflow/example_dags/example_kubernetes_executor.py
[2025-12-04T23:30:19.549+0600] {logging_mixin.py:154} INFO - [2025-12-04T23:30:19.549+0600] {example_kubernetes_executor.py:38} WARNING - The example_kubernetes_executor example DAG requires the kubernetes provider. Please install it with: pip install apache-airflow[cncf.kubernetes]
[2025-12-04T23:30:19.549+0600] {processor.py:841} WARNING - No viable dags retrieved from /Users/asminsadykova/Desktop/h&m/.venv/lib/python3.9/site-packages/airflow/example_dags/example_kubernetes_executor.py
[2025-12-04T23:30:19.595+0600] {processor.py:179} INFO - Processing /Users/asminsadykova/Desktop/h&m/.venv/lib/python3.9/site-packages/airflow/example_dags/example_kubernetes_executor.py took 0.068 seconds
[2025-12-04T23:31:40.491+0600] {processor.py:157} INFO - Started process (PID=39876) to work on /Users/asminsadykova/Desktop/h&m/.venv/lib/python3.9/site-packages/airflow/example_dags/example_kubernetes_executor.py
[2025-12-04T23:31:40.493+0600] {processor.py:829} INFO - Processing file /Users/asminsadykova/Desktop/h&m/.venv/lib/python3.9/site-packages/airflow/example_dags/example_kubernetes_executor.py for tasks to queue
[2025-12-04T23:31:40.493+0600] {logging_mixin.py:154} INFO - [2025-12-04T23:31:40.493+0600] {dagbag.py:536} INFO - Filling up the DagBag from /Users/asminsadykova/Desktop/h&m/.venv/lib/python3.9/site-packages/airflow/example_dags/example_kubernetes_executor.py
[2025-12-04T23:31:40.514+0600] {logging_mixin.py:154} INFO - [2025-12-04T23:31:40.514+0600] {example_kubernetes_executor.py:38} WARNING - The example_kubernetes_executor example DAG requires the kubernetes provider. Please install it with: pip install apache-airflow[cncf.kubernetes]
[2025-12-04T23:31:40.514+0600] {processor.py:841} WARNING - No viable dags retrieved from /Users/asminsadykova/Desktop/h&m/.venv/lib/python3.9/site-packages/airflow/example_dags/example_kubernetes_executor.py
[2025-12-04T23:31:40.560+0600] {processor.py:179} INFO - Processing /Users/asminsadykova/Desktop/h&m/.venv/lib/python3.9/site-packages/airflow/example_dags/example_kubernetes_executor.py took 0.069 seconds
[2025-12-04T23:33:09.390+0600] {processor.py:157} INFO - Started process (PID=40096) to work on /Users/asminsadykova/Desktop/h&m/.venv/lib/python3.9/site-packages/airflow/example_dags/example_kubernetes_executor.py
[2025-12-04T23:33:09.391+0600] {processor.py:829} INFO - Processing file /Users/asminsadykova/Desktop/h&m/.venv/lib/python3.9/site-packages/airflow/example_dags/example_kubernetes_executor.py for tasks to queue
[2025-12-04T23:33:09.391+0600] {logging_mixin.py:154} INFO - [2025-12-04T23:33:09.391+0600] {dagbag.py:536} INFO - Filling up the DagBag from /Users/asminsadykova/Desktop/h&m/.venv/lib/python3.9/site-packages/airflow/example_dags/example_kubernetes_executor.py
[2025-12-04T23:33:09.415+0600] {logging_mixin.py:154} INFO - [2025-12-04T23:33:09.415+0600] {example_kubernetes_executor.py:38} WARNING - The example_kubernetes_executor example DAG requires the kubernetes provider. Please install it with: pip install apache-airflow[cncf.kubernetes]
[2025-12-04T23:33:09.415+0600] {processor.py:841} WARNING - No viable dags retrieved from /Users/asminsadykova/Desktop/h&m/.venv/lib/python3.9/site-packages/airflow/example_dags/example_kubernetes_executor.py
[2025-12-04T23:33:09.463+0600] {processor.py:179} INFO - Processing /Users/asminsadykova/Desktop/h&m/.venv/lib/python3.9/site-packages/airflow/example_dags/example_kubernetes_executor.py took 0.073 seconds
[2025-12-04T23:34:34.545+0600] {processor.py:157} INFO - Started process (PID=40182) to work on /Users/asminsadykova/Desktop/h&m/.venv/lib/python3.9/site-packages/airflow/example_dags/example_kubernetes_executor.py
[2025-12-04T23:34:34.545+0600] {processor.py:829} INFO - Processing file /Users/asminsadykova/Desktop/h&m/.venv/lib/python3.9/site-packages/airflow/example_dags/example_kubernetes_executor.py for tasks to queue
[2025-12-04T23:34:34.546+0600] {logging_mixin.py:154} INFO - [2025-12-04T23:34:34.546+0600] {dagbag.py:536} INFO - Filling up the DagBag from /Users/asminsadykova/Desktop/h&m/.venv/lib/python3.9/site-packages/airflow/example_dags/example_kubernetes_executor.py
[2025-12-04T23:34:34.565+0600] {logging_mixin.py:154} INFO - [2025-12-04T23:34:34.565+0600] {example_kubernetes_executor.py:38} WARNING - The example_kubernetes_executor example DAG requires the kubernetes provider. Please install it with: pip install apache-airflow[cncf.kubernetes]
[2025-12-04T23:34:34.565+0600] {processor.py:841} WARNING - No viable dags retrieved from /Users/asminsadykova/Desktop/h&m/.venv/lib/python3.9/site-packages/airflow/example_dags/example_kubernetes_executor.py
[2025-12-04T23:34:34.609+0600] {processor.py:179} INFO - Processing /Users/asminsadykova/Desktop/h&m/.venv/lib/python3.9/site-packages/airflow/example_dags/example_kubernetes_executor.py took 0.065 seconds
[2025-12-04T23:36:12.693+0600] {processor.py:157} INFO - Started process (PID=40267) to work on /Users/asminsadykova/Desktop/h&m/.venv/lib/python3.9/site-packages/airflow/example_dags/example_kubernetes_executor.py
[2025-12-04T23:36:12.693+0600] {processor.py:829} INFO - Processing file /Users/asminsadykova/Desktop/h&m/.venv/lib/python3.9/site-packages/airflow/example_dags/example_kubernetes_executor.py for tasks to queue
[2025-12-04T23:36:12.694+0600] {logging_mixin.py:154} INFO - [2025-12-04T23:36:12.694+0600] {dagbag.py:536} INFO - Filling up the DagBag from /Users/asminsadykova/Desktop/h&m/.venv/lib/python3.9/site-packages/airflow/example_dags/example_kubernetes_executor.py
[2025-12-04T23:36:12.714+0600] {logging_mixin.py:154} INFO - [2025-12-04T23:36:12.713+0600] {example_kubernetes_executor.py:38} WARNING - The example_kubernetes_executor example DAG requires the kubernetes provider. Please install it with: pip install apache-airflow[cncf.kubernetes]
[2025-12-04T23:36:12.714+0600] {processor.py:841} WARNING - No viable dags retrieved from /Users/asminsadykova/Desktop/h&m/.venv/lib/python3.9/site-packages/airflow/example_dags/example_kubernetes_executor.py
[2025-12-04T23:36:12.759+0600] {processor.py:179} INFO - Processing /Users/asminsadykova/Desktop/h&m/.venv/lib/python3.9/site-packages/airflow/example_dags/example_kubernetes_executor.py took 0.067 seconds
[2025-12-04T23:37:41.064+0600] {processor.py:157} INFO - Started process (PID=40367) to work on /Users/asminsadykova/Desktop/h&m/.venv/lib/python3.9/site-packages/airflow/example_dags/example_kubernetes_executor.py
[2025-12-04T23:37:41.065+0600] {processor.py:829} INFO - Processing file /Users/asminsadykova/Desktop/h&m/.venv/lib/python3.9/site-packages/airflow/example_dags/example_kubernetes_executor.py for tasks to queue
[2025-12-04T23:37:41.065+0600] {logging_mixin.py:154} INFO - [2025-12-04T23:37:41.065+0600] {dagbag.py:536} INFO - Filling up the DagBag from /Users/asminsadykova/Desktop/h&m/.venv/lib/python3.9/site-packages/airflow/example_dags/example_kubernetes_executor.py
[2025-12-04T23:37:41.085+0600] {logging_mixin.py:154} INFO - [2025-12-04T23:37:41.085+0600] {example_kubernetes_executor.py:38} WARNING - The example_kubernetes_executor example DAG requires the kubernetes provider. Please install it with: pip install apache-airflow[cncf.kubernetes]
[2025-12-04T23:37:41.085+0600] {processor.py:841} WARNING - No viable dags retrieved from /Users/asminsadykova/Desktop/h&m/.venv/lib/python3.9/site-packages/airflow/example_dags/example_kubernetes_executor.py
[2025-12-04T23:37:41.131+0600] {processor.py:179} INFO - Processing /Users/asminsadykova/Desktop/h&m/.venv/lib/python3.9/site-packages/airflow/example_dags/example_kubernetes_executor.py took 0.068 seconds
[2025-12-04T23:39:19.087+0600] {processor.py:157} INFO - Started process (PID=40444) to work on /Users/asminsadykova/Desktop/h&m/.venv/lib/python3.9/site-packages/airflow/example_dags/example_kubernetes_executor.py
[2025-12-04T23:39:19.088+0600] {processor.py:829} INFO - Processing file /Users/asminsadykova/Desktop/h&m/.venv/lib/python3.9/site-packages/airflow/example_dags/example_kubernetes_executor.py for tasks to queue
[2025-12-04T23:39:19.089+0600] {logging_mixin.py:154} INFO - [2025-12-04T23:39:19.089+0600] {dagbag.py:536} INFO - Filling up the DagBag from /Users/asminsadykova/Desktop/h&m/.venv/lib/python3.9/site-packages/airflow/example_dags/example_kubernetes_executor.py
[2025-12-04T23:39:19.111+0600] {logging_mixin.py:154} INFO - [2025-12-04T23:39:19.111+0600] {example_kubernetes_executor.py:38} WARNING - The example_kubernetes_executor example DAG requires the kubernetes provider. Please install it with: pip install apache-airflow[cncf.kubernetes]
[2025-12-04T23:39:19.111+0600] {processor.py:841} WARNING - No viable dags retrieved from /Users/asminsadykova/Desktop/h&m/.venv/lib/python3.9/site-packages/airflow/example_dags/example_kubernetes_executor.py
[2025-12-04T23:39:19.160+0600] {processor.py:179} INFO - Processing /Users/asminsadykova/Desktop/h&m/.venv/lib/python3.9/site-packages/airflow/example_dags/example_kubernetes_executor.py took 0.073 seconds
[2025-12-04T23:40:54.957+0600] {processor.py:157} INFO - Started process (PID=40577) to work on /Users/asminsadykova/Desktop/h&m/.venv/lib/python3.9/site-packages/airflow/example_dags/example_kubernetes_executor.py
[2025-12-04T23:40:54.958+0600] {processor.py:829} INFO - Processing file /Users/asminsadykova/Desktop/h&m/.venv/lib/python3.9/site-packages/airflow/example_dags/example_kubernetes_executor.py for tasks to queue
[2025-12-04T23:40:54.958+0600] {logging_mixin.py:154} INFO - [2025-12-04T23:40:54.958+0600] {dagbag.py:536} INFO - Filling up the DagBag from /Users/asminsadykova/Desktop/h&m/.venv/lib/python3.9/site-packages/airflow/example_dags/example_kubernetes_executor.py
[2025-12-04T23:40:54.979+0600] {logging_mixin.py:154} INFO - [2025-12-04T23:40:54.979+0600] {example_kubernetes_executor.py:38} WARNING - The example_kubernetes_executor example DAG requires the kubernetes provider. Please install it with: pip install apache-airflow[cncf.kubernetes]
[2025-12-04T23:40:54.979+0600] {processor.py:841} WARNING - No viable dags retrieved from /Users/asminsadykova/Desktop/h&m/.venv/lib/python3.9/site-packages/airflow/example_dags/example_kubernetes_executor.py
[2025-12-04T23:40:55.027+0600] {processor.py:179} INFO - Processing /Users/asminsadykova/Desktop/h&m/.venv/lib/python3.9/site-packages/airflow/example_dags/example_kubernetes_executor.py took 0.071 seconds
[2025-12-04T23:42:20.393+0600] {processor.py:157} INFO - Started process (PID=40665) to work on /Users/asminsadykova/Desktop/h&m/.venv/lib/python3.9/site-packages/airflow/example_dags/example_kubernetes_executor.py
[2025-12-04T23:42:20.396+0600] {processor.py:829} INFO - Processing file /Users/asminsadykova/Desktop/h&m/.venv/lib/python3.9/site-packages/airflow/example_dags/example_kubernetes_executor.py for tasks to queue
[2025-12-04T23:42:20.397+0600] {logging_mixin.py:154} INFO - [2025-12-04T23:42:20.397+0600] {dagbag.py:536} INFO - Filling up the DagBag from /Users/asminsadykova/Desktop/h&m/.venv/lib/python3.9/site-packages/airflow/example_dags/example_kubernetes_executor.py
[2025-12-04T23:42:20.416+0600] {logging_mixin.py:154} INFO - [2025-12-04T23:42:20.416+0600] {example_kubernetes_executor.py:38} WARNING - The example_kubernetes_executor example DAG requires the kubernetes provider. Please install it with: pip install apache-airflow[cncf.kubernetes]
[2025-12-04T23:42:20.416+0600] {processor.py:841} WARNING - No viable dags retrieved from /Users/asminsadykova/Desktop/h&m/.venv/lib/python3.9/site-packages/airflow/example_dags/example_kubernetes_executor.py
[2025-12-04T23:42:20.462+0600] {processor.py:179} INFO - Processing /Users/asminsadykova/Desktop/h&m/.venv/lib/python3.9/site-packages/airflow/example_dags/example_kubernetes_executor.py took 0.070 seconds
[2025-12-04T23:43:57.424+0600] {processor.py:157} INFO - Started process (PID=40870) to work on /Users/asminsadykova/Desktop/h&m/.venv/lib/python3.9/site-packages/airflow/example_dags/example_kubernetes_executor.py
[2025-12-04T23:43:57.425+0600] {processor.py:829} INFO - Processing file /Users/asminsadykova/Desktop/h&m/.venv/lib/python3.9/site-packages/airflow/example_dags/example_kubernetes_executor.py for tasks to queue
[2025-12-04T23:43:57.425+0600] {logging_mixin.py:154} INFO - [2025-12-04T23:43:57.425+0600] {dagbag.py:536} INFO - Filling up the DagBag from /Users/asminsadykova/Desktop/h&m/.venv/lib/python3.9/site-packages/airflow/example_dags/example_kubernetes_executor.py
[2025-12-04T23:43:57.449+0600] {logging_mixin.py:154} INFO - [2025-12-04T23:43:57.449+0600] {example_kubernetes_executor.py:38} WARNING - The example_kubernetes_executor example DAG requires the kubernetes provider. Please install it with: pip install apache-airflow[cncf.kubernetes]
[2025-12-04T23:43:57.449+0600] {processor.py:841} WARNING - No viable dags retrieved from /Users/asminsadykova/Desktop/h&m/.venv/lib/python3.9/site-packages/airflow/example_dags/example_kubernetes_executor.py
[2025-12-04T23:43:57.502+0600] {processor.py:179} INFO - Processing /Users/asminsadykova/Desktop/h&m/.venv/lib/python3.9/site-packages/airflow/example_dags/example_kubernetes_executor.py took 0.079 seconds
[2025-12-04T23:45:34.157+0600] {processor.py:157} INFO - Started process (PID=41166) to work on /Users/asminsadykova/Desktop/h&m/.venv/lib/python3.9/site-packages/airflow/example_dags/example_kubernetes_executor.py
[2025-12-04T23:45:34.157+0600] {processor.py:829} INFO - Processing file /Users/asminsadykova/Desktop/h&m/.venv/lib/python3.9/site-packages/airflow/example_dags/example_kubernetes_executor.py for tasks to queue
[2025-12-04T23:45:34.158+0600] {logging_mixin.py:154} INFO - [2025-12-04T23:45:34.158+0600] {dagbag.py:536} INFO - Filling up the DagBag from /Users/asminsadykova/Desktop/h&m/.venv/lib/python3.9/site-packages/airflow/example_dags/example_kubernetes_executor.py
[2025-12-04T23:45:34.177+0600] {logging_mixin.py:154} INFO - [2025-12-04T23:45:34.177+0600] {example_kubernetes_executor.py:38} WARNING - The example_kubernetes_executor example DAG requires the kubernetes provider. Please install it with: pip install apache-airflow[cncf.kubernetes]
[2025-12-04T23:45:34.177+0600] {processor.py:841} WARNING - No viable dags retrieved from /Users/asminsadykova/Desktop/h&m/.venv/lib/python3.9/site-packages/airflow/example_dags/example_kubernetes_executor.py
[2025-12-04T23:45:34.224+0600] {processor.py:179} INFO - Processing /Users/asminsadykova/Desktop/h&m/.venv/lib/python3.9/site-packages/airflow/example_dags/example_kubernetes_executor.py took 0.068 seconds
[2025-12-04T23:47:08.934+0600] {processor.py:157} INFO - Started process (PID=41483) to work on /Users/asminsadykova/Desktop/h&m/.venv/lib/python3.9/site-packages/airflow/example_dags/example_kubernetes_executor.py
[2025-12-04T23:47:08.935+0600] {processor.py:829} INFO - Processing file /Users/asminsadykova/Desktop/h&m/.venv/lib/python3.9/site-packages/airflow/example_dags/example_kubernetes_executor.py for tasks to queue
[2025-12-04T23:47:08.935+0600] {logging_mixin.py:154} INFO - [2025-12-04T23:47:08.935+0600] {dagbag.py:536} INFO - Filling up the DagBag from /Users/asminsadykova/Desktop/h&m/.venv/lib/python3.9/site-packages/airflow/example_dags/example_kubernetes_executor.py
[2025-12-04T23:47:08.958+0600] {logging_mixin.py:154} INFO - [2025-12-04T23:47:08.958+0600] {example_kubernetes_executor.py:38} WARNING - The example_kubernetes_executor example DAG requires the kubernetes provider. Please install it with: pip install apache-airflow[cncf.kubernetes]
[2025-12-04T23:47:08.958+0600] {processor.py:841} WARNING - No viable dags retrieved from /Users/asminsadykova/Desktop/h&m/.venv/lib/python3.9/site-packages/airflow/example_dags/example_kubernetes_executor.py
[2025-12-04T23:47:09.009+0600] {processor.py:179} INFO - Processing /Users/asminsadykova/Desktop/h&m/.venv/lib/python3.9/site-packages/airflow/example_dags/example_kubernetes_executor.py took 0.076 seconds
[2025-12-04T23:48:33.717+0600] {processor.py:157} INFO - Started process (PID=41664) to work on /Users/asminsadykova/Desktop/h&m/.venv/lib/python3.9/site-packages/airflow/example_dags/example_kubernetes_executor.py
[2025-12-04T23:48:33.718+0600] {processor.py:829} INFO - Processing file /Users/asminsadykova/Desktop/h&m/.venv/lib/python3.9/site-packages/airflow/example_dags/example_kubernetes_executor.py for tasks to queue
[2025-12-04T23:48:33.719+0600] {logging_mixin.py:154} INFO - [2025-12-04T23:48:33.719+0600] {dagbag.py:536} INFO - Filling up the DagBag from /Users/asminsadykova/Desktop/h&m/.venv/lib/python3.9/site-packages/airflow/example_dags/example_kubernetes_executor.py
[2025-12-04T23:48:33.739+0600] {logging_mixin.py:154} INFO - [2025-12-04T23:48:33.739+0600] {example_kubernetes_executor.py:38} WARNING - The example_kubernetes_executor example DAG requires the kubernetes provider. Please install it with: pip install apache-airflow[cncf.kubernetes]
[2025-12-04T23:48:33.739+0600] {processor.py:841} WARNING - No viable dags retrieved from /Users/asminsadykova/Desktop/h&m/.venv/lib/python3.9/site-packages/airflow/example_dags/example_kubernetes_executor.py
[2025-12-04T23:48:33.784+0600] {processor.py:179} INFO - Processing /Users/asminsadykova/Desktop/h&m/.venv/lib/python3.9/site-packages/airflow/example_dags/example_kubernetes_executor.py took 0.067 seconds
[2025-12-04T23:50:08.500+0600] {processor.py:157} INFO - Started process (PID=41789) to work on /Users/asminsadykova/Desktop/h&m/.venv/lib/python3.9/site-packages/airflow/example_dags/example_kubernetes_executor.py
[2025-12-04T23:50:08.502+0600] {processor.py:829} INFO - Processing file /Users/asminsadykova/Desktop/h&m/.venv/lib/python3.9/site-packages/airflow/example_dags/example_kubernetes_executor.py for tasks to queue
[2025-12-04T23:50:08.502+0600] {logging_mixin.py:154} INFO - [2025-12-04T23:50:08.502+0600] {dagbag.py:536} INFO - Filling up the DagBag from /Users/asminsadykova/Desktop/h&m/.venv/lib/python3.9/site-packages/airflow/example_dags/example_kubernetes_executor.py
[2025-12-04T23:50:08.524+0600] {logging_mixin.py:154} INFO - [2025-12-04T23:50:08.524+0600] {example_kubernetes_executor.py:38} WARNING - The example_kubernetes_executor example DAG requires the kubernetes provider. Please install it with: pip install apache-airflow[cncf.kubernetes]
[2025-12-04T23:50:08.524+0600] {processor.py:841} WARNING - No viable dags retrieved from /Users/asminsadykova/Desktop/h&m/.venv/lib/python3.9/site-packages/airflow/example_dags/example_kubernetes_executor.py
[2025-12-04T23:50:08.573+0600] {processor.py:179} INFO - Processing /Users/asminsadykova/Desktop/h&m/.venv/lib/python3.9/site-packages/airflow/example_dags/example_kubernetes_executor.py took 0.074 seconds
[2025-12-04T23:51:46.605+0600] {processor.py:157} INFO - Started process (PID=42027) to work on /Users/asminsadykova/Desktop/h&m/.venv/lib/python3.9/site-packages/airflow/example_dags/example_kubernetes_executor.py
[2025-12-04T23:51:46.607+0600] {processor.py:829} INFO - Processing file /Users/asminsadykova/Desktop/h&m/.venv/lib/python3.9/site-packages/airflow/example_dags/example_kubernetes_executor.py for tasks to queue
[2025-12-04T23:51:46.607+0600] {logging_mixin.py:154} INFO - [2025-12-04T23:51:46.607+0600] {dagbag.py:536} INFO - Filling up the DagBag from /Users/asminsadykova/Desktop/h&m/.venv/lib/python3.9/site-packages/airflow/example_dags/example_kubernetes_executor.py
[2025-12-04T23:51:46.628+0600] {logging_mixin.py:154} INFO - [2025-12-04T23:51:46.628+0600] {example_kubernetes_executor.py:38} WARNING - The example_kubernetes_executor example DAG requires the kubernetes provider. Please install it with: pip install apache-airflow[cncf.kubernetes]
[2025-12-04T23:51:46.628+0600] {processor.py:841} WARNING - No viable dags retrieved from /Users/asminsadykova/Desktop/h&m/.venv/lib/python3.9/site-packages/airflow/example_dags/example_kubernetes_executor.py
[2025-12-04T23:51:46.675+0600] {processor.py:179} INFO - Processing /Users/asminsadykova/Desktop/h&m/.venv/lib/python3.9/site-packages/airflow/example_dags/example_kubernetes_executor.py took 0.070 seconds
[2025-12-04T23:53:22.330+0600] {processor.py:157} INFO - Started process (PID=42128) to work on /Users/asminsadykova/Desktop/h&m/.venv/lib/python3.9/site-packages/airflow/example_dags/example_kubernetes_executor.py
[2025-12-04T23:53:22.332+0600] {processor.py:829} INFO - Processing file /Users/asminsadykova/Desktop/h&m/.venv/lib/python3.9/site-packages/airflow/example_dags/example_kubernetes_executor.py for tasks to queue
[2025-12-04T23:53:22.332+0600] {logging_mixin.py:154} INFO - [2025-12-04T23:53:22.332+0600] {dagbag.py:536} INFO - Filling up the DagBag from /Users/asminsadykova/Desktop/h&m/.venv/lib/python3.9/site-packages/airflow/example_dags/example_kubernetes_executor.py
[2025-12-04T23:53:22.354+0600] {logging_mixin.py:154} INFO - [2025-12-04T23:53:22.354+0600] {example_kubernetes_executor.py:38} WARNING - The example_kubernetes_executor example DAG requires the kubernetes provider. Please install it with: pip install apache-airflow[cncf.kubernetes]
[2025-12-04T23:53:22.354+0600] {processor.py:841} WARNING - No viable dags retrieved from /Users/asminsadykova/Desktop/h&m/.venv/lib/python3.9/site-packages/airflow/example_dags/example_kubernetes_executor.py
[2025-12-04T23:53:22.402+0600] {processor.py:179} INFO - Processing /Users/asminsadykova/Desktop/h&m/.venv/lib/python3.9/site-packages/airflow/example_dags/example_kubernetes_executor.py took 0.073 seconds
[2025-12-04T23:54:49.928+0600] {processor.py:157} INFO - Started process (PID=42206) to work on /Users/asminsadykova/Desktop/h&m/.venv/lib/python3.9/site-packages/airflow/example_dags/example_kubernetes_executor.py
[2025-12-04T23:54:49.928+0600] {processor.py:829} INFO - Processing file /Users/asminsadykova/Desktop/h&m/.venv/lib/python3.9/site-packages/airflow/example_dags/example_kubernetes_executor.py for tasks to queue
[2025-12-04T23:54:49.929+0600] {logging_mixin.py:154} INFO - [2025-12-04T23:54:49.929+0600] {dagbag.py:536} INFO - Filling up the DagBag from /Users/asminsadykova/Desktop/h&m/.venv/lib/python3.9/site-packages/airflow/example_dags/example_kubernetes_executor.py
[2025-12-04T23:54:49.949+0600] {logging_mixin.py:154} INFO - [2025-12-04T23:54:49.949+0600] {example_kubernetes_executor.py:38} WARNING - The example_kubernetes_executor example DAG requires the kubernetes provider. Please install it with: pip install apache-airflow[cncf.kubernetes]
[2025-12-04T23:54:49.949+0600] {processor.py:841} WARNING - No viable dags retrieved from /Users/asminsadykova/Desktop/h&m/.venv/lib/python3.9/site-packages/airflow/example_dags/example_kubernetes_executor.py
[2025-12-04T23:54:49.997+0600] {processor.py:179} INFO - Processing /Users/asminsadykova/Desktop/h&m/.venv/lib/python3.9/site-packages/airflow/example_dags/example_kubernetes_executor.py took 0.070 seconds
[2025-12-04T23:56:18.182+0600] {processor.py:157} INFO - Started process (PID=42280) to work on /Users/asminsadykova/Desktop/h&m/.venv/lib/python3.9/site-packages/airflow/example_dags/example_kubernetes_executor.py
[2025-12-04T23:56:18.183+0600] {processor.py:829} INFO - Processing file /Users/asminsadykova/Desktop/h&m/.venv/lib/python3.9/site-packages/airflow/example_dags/example_kubernetes_executor.py for tasks to queue
[2025-12-04T23:56:18.183+0600] {logging_mixin.py:154} INFO - [2025-12-04T23:56:18.183+0600] {dagbag.py:536} INFO - Filling up the DagBag from /Users/asminsadykova/Desktop/h&m/.venv/lib/python3.9/site-packages/airflow/example_dags/example_kubernetes_executor.py
[2025-12-04T23:56:18.205+0600] {logging_mixin.py:154} INFO - [2025-12-04T23:56:18.205+0600] {example_kubernetes_executor.py:38} WARNING - The example_kubernetes_executor example DAG requires the kubernetes provider. Please install it with: pip install apache-airflow[cncf.kubernetes]
[2025-12-04T23:56:18.205+0600] {processor.py:841} WARNING - No viable dags retrieved from /Users/asminsadykova/Desktop/h&m/.venv/lib/python3.9/site-packages/airflow/example_dags/example_kubernetes_executor.py
[2025-12-04T23:56:18.251+0600] {processor.py:179} INFO - Processing /Users/asminsadykova/Desktop/h&m/.venv/lib/python3.9/site-packages/airflow/example_dags/example_kubernetes_executor.py took 0.070 seconds
[2025-12-04T23:57:47.527+0600] {processor.py:157} INFO - Started process (PID=42358) to work on /Users/asminsadykova/Desktop/h&m/.venv/lib/python3.9/site-packages/airflow/example_dags/example_kubernetes_executor.py
[2025-12-04T23:57:47.528+0600] {processor.py:829} INFO - Processing file /Users/asminsadykova/Desktop/h&m/.venv/lib/python3.9/site-packages/airflow/example_dags/example_kubernetes_executor.py for tasks to queue
[2025-12-04T23:57:47.528+0600] {logging_mixin.py:154} INFO - [2025-12-04T23:57:47.528+0600] {dagbag.py:536} INFO - Filling up the DagBag from /Users/asminsadykova/Desktop/h&m/.venv/lib/python3.9/site-packages/airflow/example_dags/example_kubernetes_executor.py
[2025-12-04T23:57:47.549+0600] {logging_mixin.py:154} INFO - [2025-12-04T23:57:47.549+0600] {example_kubernetes_executor.py:38} WARNING - The example_kubernetes_executor example DAG requires the kubernetes provider. Please install it with: pip install apache-airflow[cncf.kubernetes]
[2025-12-04T23:57:47.549+0600] {processor.py:841} WARNING - No viable dags retrieved from /Users/asminsadykova/Desktop/h&m/.venv/lib/python3.9/site-packages/airflow/example_dags/example_kubernetes_executor.py
[2025-12-04T23:57:47.595+0600] {processor.py:179} INFO - Processing /Users/asminsadykova/Desktop/h&m/.venv/lib/python3.9/site-packages/airflow/example_dags/example_kubernetes_executor.py took 0.068 seconds
[2025-12-04T23:59:15.260+0600] {processor.py:157} INFO - Started process (PID=42491) to work on /Users/asminsadykova/Desktop/h&m/.venv/lib/python3.9/site-packages/airflow/example_dags/example_kubernetes_executor.py
[2025-12-04T23:59:15.261+0600] {processor.py:829} INFO - Processing file /Users/asminsadykova/Desktop/h&m/.venv/lib/python3.9/site-packages/airflow/example_dags/example_kubernetes_executor.py for tasks to queue
[2025-12-04T23:59:15.261+0600] {logging_mixin.py:154} INFO - [2025-12-04T23:59:15.261+0600] {dagbag.py:536} INFO - Filling up the DagBag from /Users/asminsadykova/Desktop/h&m/.venv/lib/python3.9/site-packages/airflow/example_dags/example_kubernetes_executor.py
[2025-12-04T23:59:15.281+0600] {logging_mixin.py:154} INFO - [2025-12-04T23:59:15.281+0600] {example_kubernetes_executor.py:38} WARNING - The example_kubernetes_executor example DAG requires the kubernetes provider. Please install it with: pip install apache-airflow[cncf.kubernetes]
[2025-12-04T23:59:15.281+0600] {processor.py:841} WARNING - No viable dags retrieved from /Users/asminsadykova/Desktop/h&m/.venv/lib/python3.9/site-packages/airflow/example_dags/example_kubernetes_executor.py
[2025-12-04T23:59:15.327+0600] {processor.py:179} INFO - Processing /Users/asminsadykova/Desktop/h&m/.venv/lib/python3.9/site-packages/airflow/example_dags/example_kubernetes_executor.py took 0.068 seconds
[2025-12-05T00:00:51.437+0600] {processor.py:157} INFO - Started process (PID=42828) to work on /Users/asminsadykova/Desktop/h&m/.venv/lib/python3.9/site-packages/airflow/example_dags/example_kubernetes_executor.py
[2025-12-05T00:00:51.438+0600] {processor.py:829} INFO - Processing file /Users/asminsadykova/Desktop/h&m/.venv/lib/python3.9/site-packages/airflow/example_dags/example_kubernetes_executor.py for tasks to queue
[2025-12-05T00:00:51.438+0600] {logging_mixin.py:154} INFO - [2025-12-05T00:00:51.438+0600] {dagbag.py:536} INFO - Filling up the DagBag from /Users/asminsadykova/Desktop/h&m/.venv/lib/python3.9/site-packages/airflow/example_dags/example_kubernetes_executor.py
[2025-12-05T00:00:51.458+0600] {logging_mixin.py:154} INFO - [2025-12-05T00:00:51.458+0600] {example_kubernetes_executor.py:38} WARNING - The example_kubernetes_executor example DAG requires the kubernetes provider. Please install it with: pip install apache-airflow[cncf.kubernetes]
[2025-12-05T00:00:51.459+0600] {processor.py:841} WARNING - No viable dags retrieved from /Users/asminsadykova/Desktop/h&m/.venv/lib/python3.9/site-packages/airflow/example_dags/example_kubernetes_executor.py
[2025-12-05T00:00:51.505+0600] {processor.py:179} INFO - Processing /Users/asminsadykova/Desktop/h&m/.venv/lib/python3.9/site-packages/airflow/example_dags/example_kubernetes_executor.py took 0.069 seconds
[2025-12-05T00:02:24.743+0600] {processor.py:157} INFO - Started process (PID=42917) to work on /Users/asminsadykova/Desktop/h&m/.venv/lib/python3.9/site-packages/airflow/example_dags/example_kubernetes_executor.py
[2025-12-05T00:02:24.744+0600] {processor.py:829} INFO - Processing file /Users/asminsadykova/Desktop/h&m/.venv/lib/python3.9/site-packages/airflow/example_dags/example_kubernetes_executor.py for tasks to queue
[2025-12-05T00:02:24.745+0600] {logging_mixin.py:154} INFO - [2025-12-05T00:02:24.745+0600] {dagbag.py:536} INFO - Filling up the DagBag from /Users/asminsadykova/Desktop/h&m/.venv/lib/python3.9/site-packages/airflow/example_dags/example_kubernetes_executor.py
[2025-12-05T00:02:24.772+0600] {logging_mixin.py:154} INFO - [2025-12-05T00:02:24.772+0600] {example_kubernetes_executor.py:38} WARNING - The example_kubernetes_executor example DAG requires the kubernetes provider. Please install it with: pip install apache-airflow[cncf.kubernetes]
[2025-12-05T00:02:24.772+0600] {processor.py:841} WARNING - No viable dags retrieved from /Users/asminsadykova/Desktop/h&m/.venv/lib/python3.9/site-packages/airflow/example_dags/example_kubernetes_executor.py
[2025-12-05T00:02:24.824+0600] {processor.py:179} INFO - Processing /Users/asminsadykova/Desktop/h&m/.venv/lib/python3.9/site-packages/airflow/example_dags/example_kubernetes_executor.py took 0.082 seconds
[2025-12-05T00:03:56.678+0600] {processor.py:157} INFO - Started process (PID=42993) to work on /Users/asminsadykova/Desktop/h&m/.venv/lib/python3.9/site-packages/airflow/example_dags/example_kubernetes_executor.py
[2025-12-05T00:03:56.679+0600] {processor.py:829} INFO - Processing file /Users/asminsadykova/Desktop/h&m/.venv/lib/python3.9/site-packages/airflow/example_dags/example_kubernetes_executor.py for tasks to queue
[2025-12-05T00:03:56.680+0600] {logging_mixin.py:154} INFO - [2025-12-05T00:03:56.679+0600] {dagbag.py:536} INFO - Filling up the DagBag from /Users/asminsadykova/Desktop/h&m/.venv/lib/python3.9/site-packages/airflow/example_dags/example_kubernetes_executor.py
[2025-12-05T00:03:56.699+0600] {logging_mixin.py:154} INFO - [2025-12-05T00:03:56.699+0600] {example_kubernetes_executor.py:38} WARNING - The example_kubernetes_executor example DAG requires the kubernetes provider. Please install it with: pip install apache-airflow[cncf.kubernetes]
[2025-12-05T00:03:56.699+0600] {processor.py:841} WARNING - No viable dags retrieved from /Users/asminsadykova/Desktop/h&m/.venv/lib/python3.9/site-packages/airflow/example_dags/example_kubernetes_executor.py
[2025-12-05T00:03:56.745+0600] {processor.py:179} INFO - Processing /Users/asminsadykova/Desktop/h&m/.venv/lib/python3.9/site-packages/airflow/example_dags/example_kubernetes_executor.py took 0.067 seconds
[2025-12-05T00:05:32.225+0600] {processor.py:157} INFO - Started process (PID=43270) to work on /Users/asminsadykova/Desktop/h&m/.venv/lib/python3.9/site-packages/airflow/example_dags/example_kubernetes_executor.py
[2025-12-05T00:05:32.226+0600] {processor.py:829} INFO - Processing file /Users/asminsadykova/Desktop/h&m/.venv/lib/python3.9/site-packages/airflow/example_dags/example_kubernetes_executor.py for tasks to queue
[2025-12-05T00:05:32.226+0600] {logging_mixin.py:154} INFO - [2025-12-05T00:05:32.226+0600] {dagbag.py:536} INFO - Filling up the DagBag from /Users/asminsadykova/Desktop/h&m/.venv/lib/python3.9/site-packages/airflow/example_dags/example_kubernetes_executor.py
[2025-12-05T00:05:32.289+0600] {logging_mixin.py:154} INFO - [2025-12-05T00:05:32.289+0600] {example_kubernetes_executor.py:38} WARNING - The example_kubernetes_executor example DAG requires the kubernetes provider. Please install it with: pip install apache-airflow[cncf.kubernetes]
[2025-12-05T00:05:32.289+0600] {processor.py:841} WARNING - No viable dags retrieved from /Users/asminsadykova/Desktop/h&m/.venv/lib/python3.9/site-packages/airflow/example_dags/example_kubernetes_executor.py
[2025-12-05T00:05:32.338+0600] {processor.py:179} INFO - Processing /Users/asminsadykova/Desktop/h&m/.venv/lib/python3.9/site-packages/airflow/example_dags/example_kubernetes_executor.py took 0.114 seconds
[2025-12-05T00:06:59.716+0600] {processor.py:157} INFO - Started process (PID=43420) to work on /Users/asminsadykova/Desktop/h&m/.venv/lib/python3.9/site-packages/airflow/example_dags/example_kubernetes_executor.py
[2025-12-05T00:06:59.717+0600] {processor.py:829} INFO - Processing file /Users/asminsadykova/Desktop/h&m/.venv/lib/python3.9/site-packages/airflow/example_dags/example_kubernetes_executor.py for tasks to queue
[2025-12-05T00:06:59.717+0600] {logging_mixin.py:154} INFO - [2025-12-05T00:06:59.717+0600] {dagbag.py:536} INFO - Filling up the DagBag from /Users/asminsadykova/Desktop/h&m/.venv/lib/python3.9/site-packages/airflow/example_dags/example_kubernetes_executor.py
[2025-12-05T00:06:59.738+0600] {logging_mixin.py:154} INFO - [2025-12-05T00:06:59.738+0600] {example_kubernetes_executor.py:38} WARNING - The example_kubernetes_executor example DAG requires the kubernetes provider. Please install it with: pip install apache-airflow[cncf.kubernetes]
[2025-12-05T00:06:59.738+0600] {processor.py:841} WARNING - No viable dags retrieved from /Users/asminsadykova/Desktop/h&m/.venv/lib/python3.9/site-packages/airflow/example_dags/example_kubernetes_executor.py
[2025-12-05T00:06:59.786+0600] {processor.py:179} INFO - Processing /Users/asminsadykova/Desktop/h&m/.venv/lib/python3.9/site-packages/airflow/example_dags/example_kubernetes_executor.py took 0.071 seconds
[2025-12-05T00:08:25.453+0600] {processor.py:157} INFO - Started process (PID=43565) to work on /Users/asminsadykova/Desktop/h&m/.venv/lib/python3.9/site-packages/airflow/example_dags/example_kubernetes_executor.py
[2025-12-05T00:08:25.454+0600] {processor.py:829} INFO - Processing file /Users/asminsadykova/Desktop/h&m/.venv/lib/python3.9/site-packages/airflow/example_dags/example_kubernetes_executor.py for tasks to queue
[2025-12-05T00:08:25.455+0600] {logging_mixin.py:154} INFO - [2025-12-05T00:08:25.455+0600] {dagbag.py:536} INFO - Filling up the DagBag from /Users/asminsadykova/Desktop/h&m/.venv/lib/python3.9/site-packages/airflow/example_dags/example_kubernetes_executor.py
[2025-12-05T00:08:25.474+0600] {logging_mixin.py:154} INFO - [2025-12-05T00:08:25.474+0600] {example_kubernetes_executor.py:38} WARNING - The example_kubernetes_executor example DAG requires the kubernetes provider. Please install it with: pip install apache-airflow[cncf.kubernetes]
[2025-12-05T00:08:25.474+0600] {processor.py:841} WARNING - No viable dags retrieved from /Users/asminsadykova/Desktop/h&m/.venv/lib/python3.9/site-packages/airflow/example_dags/example_kubernetes_executor.py
[2025-12-05T00:08:25.520+0600] {processor.py:179} INFO - Processing /Users/asminsadykova/Desktop/h&m/.venv/lib/python3.9/site-packages/airflow/example_dags/example_kubernetes_executor.py took 0.067 seconds
[2025-12-05T00:09:59.815+0600] {processor.py:157} INFO - Started process (PID=43732) to work on /Users/asminsadykova/Desktop/h&m/.venv/lib/python3.9/site-packages/airflow/example_dags/example_kubernetes_executor.py
[2025-12-05T00:09:59.817+0600] {processor.py:829} INFO - Processing file /Users/asminsadykova/Desktop/h&m/.venv/lib/python3.9/site-packages/airflow/example_dags/example_kubernetes_executor.py for tasks to queue
[2025-12-05T00:09:59.817+0600] {logging_mixin.py:154} INFO - [2025-12-05T00:09:59.817+0600] {dagbag.py:536} INFO - Filling up the DagBag from /Users/asminsadykova/Desktop/h&m/.venv/lib/python3.9/site-packages/airflow/example_dags/example_kubernetes_executor.py
[2025-12-05T00:09:59.837+0600] {logging_mixin.py:154} INFO - [2025-12-05T00:09:59.837+0600] {example_kubernetes_executor.py:38} WARNING - The example_kubernetes_executor example DAG requires the kubernetes provider. Please install it with: pip install apache-airflow[cncf.kubernetes]
[2025-12-05T00:09:59.837+0600] {processor.py:841} WARNING - No viable dags retrieved from /Users/asminsadykova/Desktop/h&m/.venv/lib/python3.9/site-packages/airflow/example_dags/example_kubernetes_executor.py
[2025-12-05T00:09:59.882+0600] {processor.py:179} INFO - Processing /Users/asminsadykova/Desktop/h&m/.venv/lib/python3.9/site-packages/airflow/example_dags/example_kubernetes_executor.py took 0.068 seconds
[2025-12-05T00:11:36.106+0600] {processor.py:157} INFO - Started process (PID=43890) to work on /Users/asminsadykova/Desktop/h&m/.venv/lib/python3.9/site-packages/airflow/example_dags/example_kubernetes_executor.py
[2025-12-05T00:11:36.108+0600] {processor.py:829} INFO - Processing file /Users/asminsadykova/Desktop/h&m/.venv/lib/python3.9/site-packages/airflow/example_dags/example_kubernetes_executor.py for tasks to queue
[2025-12-05T00:11:36.108+0600] {logging_mixin.py:154} INFO - [2025-12-05T00:11:36.108+0600] {dagbag.py:536} INFO - Filling up the DagBag from /Users/asminsadykova/Desktop/h&m/.venv/lib/python3.9/site-packages/airflow/example_dags/example_kubernetes_executor.py
[2025-12-05T00:11:36.129+0600] {logging_mixin.py:154} INFO - [2025-12-05T00:11:36.129+0600] {example_kubernetes_executor.py:38} WARNING - The example_kubernetes_executor example DAG requires the kubernetes provider. Please install it with: pip install apache-airflow[cncf.kubernetes]
[2025-12-05T00:11:36.129+0600] {processor.py:841} WARNING - No viable dags retrieved from /Users/asminsadykova/Desktop/h&m/.venv/lib/python3.9/site-packages/airflow/example_dags/example_kubernetes_executor.py
[2025-12-05T00:11:36.175+0600] {processor.py:179} INFO - Processing /Users/asminsadykova/Desktop/h&m/.venv/lib/python3.9/site-packages/airflow/example_dags/example_kubernetes_executor.py took 0.070 seconds
