[2025-12-04T23:18:13.952+0600] {processor.py:157} INFO - Started process (PID=38944) to work on /Users/asminsadykova/Desktop/h&m/.venv/lib/python3.9/site-packages/airflow/example_dags/example_local_kubernetes_executor.py
[2025-12-04T23:18:13.952+0600] {processor.py:829} INFO - Processing file /Users/asminsadykova/Desktop/h&m/.venv/lib/python3.9/site-packages/airflow/example_dags/example_local_kubernetes_executor.py for tasks to queue
[2025-12-04T23:18:13.952+0600] {logging_mixin.py:154} INFO - [2025-12-04T23:18:13.952+0600] {dagbag.py:536} INFO - Filling up the DagBag from /Users/asminsadykova/Desktop/h&m/.venv/lib/python3.9/site-packages/airflow/example_dags/example_local_kubernetes_executor.py
[2025-12-04T23:18:13.975+0600] {logging_mixin.py:154} INFO - [2025-12-04T23:18:13.974+0600] {example_local_kubernetes_executor.py:39} WARNING - Could not import DAGs in example_local_kubernetes_executor.py
Traceback (most recent call last):
  File "/Users/asminsadykova/Desktop/h&m/.venv/lib/python3.9/site-packages/airflow/example_dags/example_local_kubernetes_executor.py", line 37, in <module>
    from kubernetes.client import models as k8s
ModuleNotFoundError: No module named 'kubernetes'
[2025-12-04T23:18:13.975+0600] {logging_mixin.py:154} INFO - [2025-12-04T23:18:13.975+0600] {example_local_kubernetes_executor.py:40} WARNING - Install Kubernetes dependencies with: pip install apache-airflow[cncf.kubernetes]
[2025-12-04T23:18:13.976+0600] {processor.py:841} WARNING - No viable dags retrieved from /Users/asminsadykova/Desktop/h&m/.venv/lib/python3.9/site-packages/airflow/example_dags/example_local_kubernetes_executor.py
[2025-12-04T23:18:14.022+0600] {processor.py:179} INFO - Processing /Users/asminsadykova/Desktop/h&m/.venv/lib/python3.9/site-packages/airflow/example_dags/example_local_kubernetes_executor.py took 0.071 seconds
[2025-12-04T23:19:44.561+0600] {processor.py:157} INFO - Started process (PID=39066) to work on /Users/asminsadykova/Desktop/h&m/.venv/lib/python3.9/site-packages/airflow/example_dags/example_local_kubernetes_executor.py
[2025-12-04T23:19:44.561+0600] {processor.py:829} INFO - Processing file /Users/asminsadykova/Desktop/h&m/.venv/lib/python3.9/site-packages/airflow/example_dags/example_local_kubernetes_executor.py for tasks to queue
[2025-12-04T23:19:44.562+0600] {logging_mixin.py:154} INFO - [2025-12-04T23:19:44.562+0600] {dagbag.py:536} INFO - Filling up the DagBag from /Users/asminsadykova/Desktop/h&m/.venv/lib/python3.9/site-packages/airflow/example_dags/example_local_kubernetes_executor.py
[2025-12-04T23:19:44.585+0600] {logging_mixin.py:154} INFO - [2025-12-04T23:19:44.584+0600] {example_local_kubernetes_executor.py:39} WARNING - Could not import DAGs in example_local_kubernetes_executor.py
Traceback (most recent call last):
  File "/Users/asminsadykova/Desktop/h&m/.venv/lib/python3.9/site-packages/airflow/example_dags/example_local_kubernetes_executor.py", line 37, in <module>
    from kubernetes.client import models as k8s
ModuleNotFoundError: No module named 'kubernetes'
[2025-12-04T23:19:44.585+0600] {logging_mixin.py:154} INFO - [2025-12-04T23:19:44.585+0600] {example_local_kubernetes_executor.py:40} WARNING - Install Kubernetes dependencies with: pip install apache-airflow[cncf.kubernetes]
[2025-12-04T23:19:44.585+0600] {processor.py:841} WARNING - No viable dags retrieved from /Users/asminsadykova/Desktop/h&m/.venv/lib/python3.9/site-packages/airflow/example_dags/example_local_kubernetes_executor.py
[2025-12-04T23:19:44.631+0600] {processor.py:179} INFO - Processing /Users/asminsadykova/Desktop/h&m/.venv/lib/python3.9/site-packages/airflow/example_dags/example_local_kubernetes_executor.py took 0.071 seconds
[2025-12-04T23:21:12.004+0600] {processor.py:157} INFO - Started process (PID=39156) to work on /Users/asminsadykova/Desktop/h&m/.venv/lib/python3.9/site-packages/airflow/example_dags/example_local_kubernetes_executor.py
[2025-12-04T23:21:12.005+0600] {processor.py:829} INFO - Processing file /Users/asminsadykova/Desktop/h&m/.venv/lib/python3.9/site-packages/airflow/example_dags/example_local_kubernetes_executor.py for tasks to queue
[2025-12-04T23:21:12.005+0600] {logging_mixin.py:154} INFO - [2025-12-04T23:21:12.005+0600] {dagbag.py:536} INFO - Filling up the DagBag from /Users/asminsadykova/Desktop/h&m/.venv/lib/python3.9/site-packages/airflow/example_dags/example_local_kubernetes_executor.py
[2025-12-04T23:21:12.029+0600] {logging_mixin.py:154} INFO - [2025-12-04T23:21:12.028+0600] {example_local_kubernetes_executor.py:39} WARNING - Could not import DAGs in example_local_kubernetes_executor.py
Traceback (most recent call last):
  File "/Users/asminsadykova/Desktop/h&m/.venv/lib/python3.9/site-packages/airflow/example_dags/example_local_kubernetes_executor.py", line 37, in <module>
    from kubernetes.client import models as k8s
ModuleNotFoundError: No module named 'kubernetes'
[2025-12-04T23:21:12.029+0600] {logging_mixin.py:154} INFO - [2025-12-04T23:21:12.029+0600] {example_local_kubernetes_executor.py:40} WARNING - Install Kubernetes dependencies with: pip install apache-airflow[cncf.kubernetes]
[2025-12-04T23:21:12.029+0600] {processor.py:841} WARNING - No viable dags retrieved from /Users/asminsadykova/Desktop/h&m/.venv/lib/python3.9/site-packages/airflow/example_dags/example_local_kubernetes_executor.py
[2025-12-04T23:21:12.076+0600] {processor.py:179} INFO - Processing /Users/asminsadykova/Desktop/h&m/.venv/lib/python3.9/site-packages/airflow/example_dags/example_local_kubernetes_executor.py took 0.073 seconds
[2025-12-04T23:22:35.140+0600] {processor.py:157} INFO - Started process (PID=39263) to work on /Users/asminsadykova/Desktop/h&m/.venv/lib/python3.9/site-packages/airflow/example_dags/example_local_kubernetes_executor.py
[2025-12-04T23:22:35.140+0600] {processor.py:829} INFO - Processing file /Users/asminsadykova/Desktop/h&m/.venv/lib/python3.9/site-packages/airflow/example_dags/example_local_kubernetes_executor.py for tasks to queue
[2025-12-04T23:22:35.141+0600] {logging_mixin.py:154} INFO - [2025-12-04T23:22:35.141+0600] {dagbag.py:536} INFO - Filling up the DagBag from /Users/asminsadykova/Desktop/h&m/.venv/lib/python3.9/site-packages/airflow/example_dags/example_local_kubernetes_executor.py
[2025-12-04T23:22:35.162+0600] {logging_mixin.py:154} INFO - [2025-12-04T23:22:35.160+0600] {example_local_kubernetes_executor.py:39} WARNING - Could not import DAGs in example_local_kubernetes_executor.py
Traceback (most recent call last):
  File "/Users/asminsadykova/Desktop/h&m/.venv/lib/python3.9/site-packages/airflow/example_dags/example_local_kubernetes_executor.py", line 37, in <module>
    from kubernetes.client import models as k8s
ModuleNotFoundError: No module named 'kubernetes'
[2025-12-04T23:22:35.162+0600] {logging_mixin.py:154} INFO - [2025-12-04T23:22:35.162+0600] {example_local_kubernetes_executor.py:40} WARNING - Install Kubernetes dependencies with: pip install apache-airflow[cncf.kubernetes]
[2025-12-04T23:22:35.162+0600] {processor.py:841} WARNING - No viable dags retrieved from /Users/asminsadykova/Desktop/h&m/.venv/lib/python3.9/site-packages/airflow/example_dags/example_local_kubernetes_executor.py
[2025-12-04T23:22:35.207+0600] {processor.py:179} INFO - Processing /Users/asminsadykova/Desktop/h&m/.venv/lib/python3.9/site-packages/airflow/example_dags/example_local_kubernetes_executor.py took 0.068 seconds
[2025-12-04T23:24:11.596+0600] {processor.py:157} INFO - Started process (PID=39461) to work on /Users/asminsadykova/Desktop/h&m/.venv/lib/python3.9/site-packages/airflow/example_dags/example_local_kubernetes_executor.py
[2025-12-04T23:24:11.597+0600] {processor.py:829} INFO - Processing file /Users/asminsadykova/Desktop/h&m/.venv/lib/python3.9/site-packages/airflow/example_dags/example_local_kubernetes_executor.py for tasks to queue
[2025-12-04T23:24:11.597+0600] {logging_mixin.py:154} INFO - [2025-12-04T23:24:11.597+0600] {dagbag.py:536} INFO - Filling up the DagBag from /Users/asminsadykova/Desktop/h&m/.venv/lib/python3.9/site-packages/airflow/example_dags/example_local_kubernetes_executor.py
[2025-12-04T23:24:11.619+0600] {logging_mixin.py:154} INFO - [2025-12-04T23:24:11.618+0600] {example_local_kubernetes_executor.py:39} WARNING - Could not import DAGs in example_local_kubernetes_executor.py
Traceback (most recent call last):
  File "/Users/asminsadykova/Desktop/h&m/.venv/lib/python3.9/site-packages/airflow/example_dags/example_local_kubernetes_executor.py", line 37, in <module>
    from kubernetes.client import models as k8s
ModuleNotFoundError: No module named 'kubernetes'
[2025-12-04T23:24:11.619+0600] {logging_mixin.py:154} INFO - [2025-12-04T23:24:11.619+0600] {example_local_kubernetes_executor.py:40} WARNING - Install Kubernetes dependencies with: pip install apache-airflow[cncf.kubernetes]
[2025-12-04T23:24:11.619+0600] {processor.py:841} WARNING - No viable dags retrieved from /Users/asminsadykova/Desktop/h&m/.venv/lib/python3.9/site-packages/airflow/example_dags/example_local_kubernetes_executor.py
[2025-12-04T23:24:11.665+0600] {processor.py:179} INFO - Processing /Users/asminsadykova/Desktop/h&m/.venv/lib/python3.9/site-packages/airflow/example_dags/example_local_kubernetes_executor.py took 0.069 seconds
[2025-12-04T23:25:44.612+0600] {processor.py:157} INFO - Started process (PID=39548) to work on /Users/asminsadykova/Desktop/h&m/.venv/lib/python3.9/site-packages/airflow/example_dags/example_local_kubernetes_executor.py
[2025-12-04T23:25:44.613+0600] {processor.py:829} INFO - Processing file /Users/asminsadykova/Desktop/h&m/.venv/lib/python3.9/site-packages/airflow/example_dags/example_local_kubernetes_executor.py for tasks to queue
[2025-12-04T23:25:44.613+0600] {logging_mixin.py:154} INFO - [2025-12-04T23:25:44.613+0600] {dagbag.py:536} INFO - Filling up the DagBag from /Users/asminsadykova/Desktop/h&m/.venv/lib/python3.9/site-packages/airflow/example_dags/example_local_kubernetes_executor.py
[2025-12-04T23:25:44.635+0600] {logging_mixin.py:154} INFO - [2025-12-04T23:25:44.633+0600] {example_local_kubernetes_executor.py:39} WARNING - Could not import DAGs in example_local_kubernetes_executor.py
Traceback (most recent call last):
  File "/Users/asminsadykova/Desktop/h&m/.venv/lib/python3.9/site-packages/airflow/example_dags/example_local_kubernetes_executor.py", line 37, in <module>
    from kubernetes.client import models as k8s
ModuleNotFoundError: No module named 'kubernetes'
[2025-12-04T23:25:44.635+0600] {logging_mixin.py:154} INFO - [2025-12-04T23:25:44.635+0600] {example_local_kubernetes_executor.py:40} WARNING - Install Kubernetes dependencies with: pip install apache-airflow[cncf.kubernetes]
[2025-12-04T23:25:44.635+0600] {processor.py:841} WARNING - No viable dags retrieved from /Users/asminsadykova/Desktop/h&m/.venv/lib/python3.9/site-packages/airflow/example_dags/example_local_kubernetes_executor.py
[2025-12-04T23:25:44.681+0600] {processor.py:179} INFO - Processing /Users/asminsadykova/Desktop/h&m/.venv/lib/python3.9/site-packages/airflow/example_dags/example_local_kubernetes_executor.py took 0.069 seconds
[2025-12-04T23:27:25.335+0600] {processor.py:157} INFO - Started process (PID=39649) to work on /Users/asminsadykova/Desktop/h&m/.venv/lib/python3.9/site-packages/airflow/example_dags/example_local_kubernetes_executor.py
[2025-12-04T23:27:25.336+0600] {processor.py:829} INFO - Processing file /Users/asminsadykova/Desktop/h&m/.venv/lib/python3.9/site-packages/airflow/example_dags/example_local_kubernetes_executor.py for tasks to queue
[2025-12-04T23:27:25.336+0600] {logging_mixin.py:154} INFO - [2025-12-04T23:27:25.336+0600] {dagbag.py:536} INFO - Filling up the DagBag from /Users/asminsadykova/Desktop/h&m/.venv/lib/python3.9/site-packages/airflow/example_dags/example_local_kubernetes_executor.py
[2025-12-04T23:27:25.358+0600] {logging_mixin.py:154} INFO - [2025-12-04T23:27:25.357+0600] {example_local_kubernetes_executor.py:39} WARNING - Could not import DAGs in example_local_kubernetes_executor.py
Traceback (most recent call last):
  File "/Users/asminsadykova/Desktop/h&m/.venv/lib/python3.9/site-packages/airflow/example_dags/example_local_kubernetes_executor.py", line 37, in <module>
    from kubernetes.client import models as k8s
ModuleNotFoundError: No module named 'kubernetes'
[2025-12-04T23:27:25.358+0600] {logging_mixin.py:154} INFO - [2025-12-04T23:27:25.358+0600] {example_local_kubernetes_executor.py:40} WARNING - Install Kubernetes dependencies with: pip install apache-airflow[cncf.kubernetes]
[2025-12-04T23:27:25.358+0600] {processor.py:841} WARNING - No viable dags retrieved from /Users/asminsadykova/Desktop/h&m/.venv/lib/python3.9/site-packages/airflow/example_dags/example_local_kubernetes_executor.py
[2025-12-04T23:27:25.403+0600] {processor.py:179} INFO - Processing /Users/asminsadykova/Desktop/h&m/.venv/lib/python3.9/site-packages/airflow/example_dags/example_local_kubernetes_executor.py took 0.068 seconds
[2025-12-04T23:28:50.776+0600] {processor.py:157} INFO - Started process (PID=39736) to work on /Users/asminsadykova/Desktop/h&m/.venv/lib/python3.9/site-packages/airflow/example_dags/example_local_kubernetes_executor.py
[2025-12-04T23:28:50.777+0600] {processor.py:829} INFO - Processing file /Users/asminsadykova/Desktop/h&m/.venv/lib/python3.9/site-packages/airflow/example_dags/example_local_kubernetes_executor.py for tasks to queue
[2025-12-04T23:28:50.777+0600] {logging_mixin.py:154} INFO - [2025-12-04T23:28:50.777+0600] {dagbag.py:536} INFO - Filling up the DagBag from /Users/asminsadykova/Desktop/h&m/.venv/lib/python3.9/site-packages/airflow/example_dags/example_local_kubernetes_executor.py
[2025-12-04T23:28:50.799+0600] {logging_mixin.py:154} INFO - [2025-12-04T23:28:50.798+0600] {example_local_kubernetes_executor.py:39} WARNING - Could not import DAGs in example_local_kubernetes_executor.py
Traceback (most recent call last):
  File "/Users/asminsadykova/Desktop/h&m/.venv/lib/python3.9/site-packages/airflow/example_dags/example_local_kubernetes_executor.py", line 37, in <module>
    from kubernetes.client import models as k8s
ModuleNotFoundError: No module named 'kubernetes'
[2025-12-04T23:28:50.799+0600] {logging_mixin.py:154} INFO - [2025-12-04T23:28:50.799+0600] {example_local_kubernetes_executor.py:40} WARNING - Install Kubernetes dependencies with: pip install apache-airflow[cncf.kubernetes]
[2025-12-04T23:28:50.799+0600] {processor.py:841} WARNING - No viable dags retrieved from /Users/asminsadykova/Desktop/h&m/.venv/lib/python3.9/site-packages/airflow/example_dags/example_local_kubernetes_executor.py
[2025-12-04T23:28:50.844+0600] {processor.py:179} INFO - Processing /Users/asminsadykova/Desktop/h&m/.venv/lib/python3.9/site-packages/airflow/example_dags/example_local_kubernetes_executor.py took 0.068 seconds
[2025-12-04T23:30:15.209+0600] {processor.py:157} INFO - Started process (PID=39806) to work on /Users/asminsadykova/Desktop/h&m/.venv/lib/python3.9/site-packages/airflow/example_dags/example_local_kubernetes_executor.py
[2025-12-04T23:30:15.210+0600] {processor.py:829} INFO - Processing file /Users/asminsadykova/Desktop/h&m/.venv/lib/python3.9/site-packages/airflow/example_dags/example_local_kubernetes_executor.py for tasks to queue
[2025-12-04T23:30:15.210+0600] {logging_mixin.py:154} INFO - [2025-12-04T23:30:15.210+0600] {dagbag.py:536} INFO - Filling up the DagBag from /Users/asminsadykova/Desktop/h&m/.venv/lib/python3.9/site-packages/airflow/example_dags/example_local_kubernetes_executor.py
[2025-12-04T23:30:15.232+0600] {logging_mixin.py:154} INFO - [2025-12-04T23:30:15.231+0600] {example_local_kubernetes_executor.py:39} WARNING - Could not import DAGs in example_local_kubernetes_executor.py
Traceback (most recent call last):
  File "/Users/asminsadykova/Desktop/h&m/.venv/lib/python3.9/site-packages/airflow/example_dags/example_local_kubernetes_executor.py", line 37, in <module>
    from kubernetes.client import models as k8s
ModuleNotFoundError: No module named 'kubernetes'
[2025-12-04T23:30:15.232+0600] {logging_mixin.py:154} INFO - [2025-12-04T23:30:15.232+0600] {example_local_kubernetes_executor.py:40} WARNING - Install Kubernetes dependencies with: pip install apache-airflow[cncf.kubernetes]
[2025-12-04T23:30:15.233+0600] {processor.py:841} WARNING - No viable dags retrieved from /Users/asminsadykova/Desktop/h&m/.venv/lib/python3.9/site-packages/airflow/example_dags/example_local_kubernetes_executor.py
[2025-12-04T23:30:15.277+0600] {processor.py:179} INFO - Processing /Users/asminsadykova/Desktop/h&m/.venv/lib/python3.9/site-packages/airflow/example_dags/example_local_kubernetes_executor.py took 0.069 seconds
[2025-12-04T23:31:35.316+0600] {processor.py:157} INFO - Started process (PID=39872) to work on /Users/asminsadykova/Desktop/h&m/.venv/lib/python3.9/site-packages/airflow/example_dags/example_local_kubernetes_executor.py
[2025-12-04T23:31:35.318+0600] {processor.py:829} INFO - Processing file /Users/asminsadykova/Desktop/h&m/.venv/lib/python3.9/site-packages/airflow/example_dags/example_local_kubernetes_executor.py for tasks to queue
[2025-12-04T23:31:35.318+0600] {logging_mixin.py:154} INFO - [2025-12-04T23:31:35.318+0600] {dagbag.py:536} INFO - Filling up the DagBag from /Users/asminsadykova/Desktop/h&m/.venv/lib/python3.9/site-packages/airflow/example_dags/example_local_kubernetes_executor.py
[2025-12-04T23:31:35.341+0600] {logging_mixin.py:154} INFO - [2025-12-04T23:31:35.340+0600] {example_local_kubernetes_executor.py:39} WARNING - Could not import DAGs in example_local_kubernetes_executor.py
Traceback (most recent call last):
  File "/Users/asminsadykova/Desktop/h&m/.venv/lib/python3.9/site-packages/airflow/example_dags/example_local_kubernetes_executor.py", line 37, in <module>
    from kubernetes.client import models as k8s
ModuleNotFoundError: No module named 'kubernetes'
[2025-12-04T23:31:35.341+0600] {logging_mixin.py:154} INFO - [2025-12-04T23:31:35.341+0600] {example_local_kubernetes_executor.py:40} WARNING - Install Kubernetes dependencies with: pip install apache-airflow[cncf.kubernetes]
[2025-12-04T23:31:35.341+0600] {processor.py:841} WARNING - No viable dags retrieved from /Users/asminsadykova/Desktop/h&m/.venv/lib/python3.9/site-packages/airflow/example_dags/example_local_kubernetes_executor.py
[2025-12-04T23:31:35.392+0600] {processor.py:179} INFO - Processing /Users/asminsadykova/Desktop/h&m/.venv/lib/python3.9/site-packages/airflow/example_dags/example_local_kubernetes_executor.py took 0.077 seconds
[2025-12-04T23:33:05.050+0600] {processor.py:157} INFO - Started process (PID=40088) to work on /Users/asminsadykova/Desktop/h&m/.venv/lib/python3.9/site-packages/airflow/example_dags/example_local_kubernetes_executor.py
[2025-12-04T23:33:05.052+0600] {processor.py:829} INFO - Processing file /Users/asminsadykova/Desktop/h&m/.venv/lib/python3.9/site-packages/airflow/example_dags/example_local_kubernetes_executor.py for tasks to queue
[2025-12-04T23:33:05.053+0600] {logging_mixin.py:154} INFO - [2025-12-04T23:33:05.053+0600] {dagbag.py:536} INFO - Filling up the DagBag from /Users/asminsadykova/Desktop/h&m/.venv/lib/python3.9/site-packages/airflow/example_dags/example_local_kubernetes_executor.py
[2025-12-04T23:33:05.074+0600] {logging_mixin.py:154} INFO - [2025-12-04T23:33:05.073+0600] {example_local_kubernetes_executor.py:39} WARNING - Could not import DAGs in example_local_kubernetes_executor.py
Traceback (most recent call last):
  File "/Users/asminsadykova/Desktop/h&m/.venv/lib/python3.9/site-packages/airflow/example_dags/example_local_kubernetes_executor.py", line 37, in <module>
    from kubernetes.client import models as k8s
ModuleNotFoundError: No module named 'kubernetes'
[2025-12-04T23:33:05.075+0600] {logging_mixin.py:154} INFO - [2025-12-04T23:33:05.075+0600] {example_local_kubernetes_executor.py:40} WARNING - Install Kubernetes dependencies with: pip install apache-airflow[cncf.kubernetes]
[2025-12-04T23:33:05.075+0600] {processor.py:841} WARNING - No viable dags retrieved from /Users/asminsadykova/Desktop/h&m/.venv/lib/python3.9/site-packages/airflow/example_dags/example_local_kubernetes_executor.py
[2025-12-04T23:33:05.120+0600] {processor.py:179} INFO - Processing /Users/asminsadykova/Desktop/h&m/.venv/lib/python3.9/site-packages/airflow/example_dags/example_local_kubernetes_executor.py took 0.070 seconds
[2025-12-04T23:34:29.842+0600] {processor.py:157} INFO - Started process (PID=40179) to work on /Users/asminsadykova/Desktop/h&m/.venv/lib/python3.9/site-packages/airflow/example_dags/example_local_kubernetes_executor.py
[2025-12-04T23:34:29.843+0600] {processor.py:829} INFO - Processing file /Users/asminsadykova/Desktop/h&m/.venv/lib/python3.9/site-packages/airflow/example_dags/example_local_kubernetes_executor.py for tasks to queue
[2025-12-04T23:34:29.843+0600] {logging_mixin.py:154} INFO - [2025-12-04T23:34:29.843+0600] {dagbag.py:536} INFO - Filling up the DagBag from /Users/asminsadykova/Desktop/h&m/.venv/lib/python3.9/site-packages/airflow/example_dags/example_local_kubernetes_executor.py
[2025-12-04T23:34:29.866+0600] {logging_mixin.py:154} INFO - [2025-12-04T23:34:29.865+0600] {example_local_kubernetes_executor.py:39} WARNING - Could not import DAGs in example_local_kubernetes_executor.py
Traceback (most recent call last):
  File "/Users/asminsadykova/Desktop/h&m/.venv/lib/python3.9/site-packages/airflow/example_dags/example_local_kubernetes_executor.py", line 37, in <module>
    from kubernetes.client import models as k8s
ModuleNotFoundError: No module named 'kubernetes'
[2025-12-04T23:34:29.866+0600] {logging_mixin.py:154} INFO - [2025-12-04T23:34:29.866+0600] {example_local_kubernetes_executor.py:40} WARNING - Install Kubernetes dependencies with: pip install apache-airflow[cncf.kubernetes]
[2025-12-04T23:34:29.866+0600] {processor.py:841} WARNING - No viable dags retrieved from /Users/asminsadykova/Desktop/h&m/.venv/lib/python3.9/site-packages/airflow/example_dags/example_local_kubernetes_executor.py
[2025-12-04T23:34:29.912+0600] {processor.py:179} INFO - Processing /Users/asminsadykova/Desktop/h&m/.venv/lib/python3.9/site-packages/airflow/example_dags/example_local_kubernetes_executor.py took 0.071 seconds
[2025-12-04T23:36:07.586+0600] {processor.py:157} INFO - Started process (PID=40262) to work on /Users/asminsadykova/Desktop/h&m/.venv/lib/python3.9/site-packages/airflow/example_dags/example_local_kubernetes_executor.py
[2025-12-04T23:36:07.587+0600] {processor.py:829} INFO - Processing file /Users/asminsadykova/Desktop/h&m/.venv/lib/python3.9/site-packages/airflow/example_dags/example_local_kubernetes_executor.py for tasks to queue
[2025-12-04T23:36:07.587+0600] {logging_mixin.py:154} INFO - [2025-12-04T23:36:07.587+0600] {dagbag.py:536} INFO - Filling up the DagBag from /Users/asminsadykova/Desktop/h&m/.venv/lib/python3.9/site-packages/airflow/example_dags/example_local_kubernetes_executor.py
[2025-12-04T23:36:07.609+0600] {logging_mixin.py:154} INFO - [2025-12-04T23:36:07.608+0600] {example_local_kubernetes_executor.py:39} WARNING - Could not import DAGs in example_local_kubernetes_executor.py
Traceback (most recent call last):
  File "/Users/asminsadykova/Desktop/h&m/.venv/lib/python3.9/site-packages/airflow/example_dags/example_local_kubernetes_executor.py", line 37, in <module>
    from kubernetes.client import models as k8s
ModuleNotFoundError: No module named 'kubernetes'
[2025-12-04T23:36:07.609+0600] {logging_mixin.py:154} INFO - [2025-12-04T23:36:07.609+0600] {example_local_kubernetes_executor.py:40} WARNING - Install Kubernetes dependencies with: pip install apache-airflow[cncf.kubernetes]
[2025-12-04T23:36:07.609+0600] {processor.py:841} WARNING - No viable dags retrieved from /Users/asminsadykova/Desktop/h&m/.venv/lib/python3.9/site-packages/airflow/example_dags/example_local_kubernetes_executor.py
[2025-12-04T23:36:07.654+0600] {processor.py:179} INFO - Processing /Users/asminsadykova/Desktop/h&m/.venv/lib/python3.9/site-packages/airflow/example_dags/example_local_kubernetes_executor.py took 0.069 seconds
[2025-12-04T23:37:36.211+0600] {processor.py:157} INFO - Started process (PID=40363) to work on /Users/asminsadykova/Desktop/h&m/.venv/lib/python3.9/site-packages/airflow/example_dags/example_local_kubernetes_executor.py
[2025-12-04T23:37:36.212+0600] {processor.py:829} INFO - Processing file /Users/asminsadykova/Desktop/h&m/.venv/lib/python3.9/site-packages/airflow/example_dags/example_local_kubernetes_executor.py for tasks to queue
[2025-12-04T23:37:36.212+0600] {logging_mixin.py:154} INFO - [2025-12-04T23:37:36.212+0600] {dagbag.py:536} INFO - Filling up the DagBag from /Users/asminsadykova/Desktop/h&m/.venv/lib/python3.9/site-packages/airflow/example_dags/example_local_kubernetes_executor.py
[2025-12-04T23:37:36.237+0600] {logging_mixin.py:154} INFO - [2025-12-04T23:37:36.235+0600] {example_local_kubernetes_executor.py:39} WARNING - Could not import DAGs in example_local_kubernetes_executor.py
Traceback (most recent call last):
  File "/Users/asminsadykova/Desktop/h&m/.venv/lib/python3.9/site-packages/airflow/example_dags/example_local_kubernetes_executor.py", line 37, in <module>
    from kubernetes.client import models as k8s
ModuleNotFoundError: No module named 'kubernetes'
[2025-12-04T23:37:36.237+0600] {logging_mixin.py:154} INFO - [2025-12-04T23:37:36.237+0600] {example_local_kubernetes_executor.py:40} WARNING - Install Kubernetes dependencies with: pip install apache-airflow[cncf.kubernetes]
[2025-12-04T23:37:36.237+0600] {processor.py:841} WARNING - No viable dags retrieved from /Users/asminsadykova/Desktop/h&m/.venv/lib/python3.9/site-packages/airflow/example_dags/example_local_kubernetes_executor.py
[2025-12-04T23:37:36.284+0600] {processor.py:179} INFO - Processing /Users/asminsadykova/Desktop/h&m/.venv/lib/python3.9/site-packages/airflow/example_dags/example_local_kubernetes_executor.py took 0.074 seconds
[2025-12-04T23:39:14.636+0600] {processor.py:157} INFO - Started process (PID=40438) to work on /Users/asminsadykova/Desktop/h&m/.venv/lib/python3.9/site-packages/airflow/example_dags/example_local_kubernetes_executor.py
[2025-12-04T23:39:14.637+0600] {processor.py:829} INFO - Processing file /Users/asminsadykova/Desktop/h&m/.venv/lib/python3.9/site-packages/airflow/example_dags/example_local_kubernetes_executor.py for tasks to queue
[2025-12-04T23:39:14.638+0600] {logging_mixin.py:154} INFO - [2025-12-04T23:39:14.638+0600] {dagbag.py:536} INFO - Filling up the DagBag from /Users/asminsadykova/Desktop/h&m/.venv/lib/python3.9/site-packages/airflow/example_dags/example_local_kubernetes_executor.py
[2025-12-04T23:39:14.662+0600] {logging_mixin.py:154} INFO - [2025-12-04T23:39:14.660+0600] {example_local_kubernetes_executor.py:39} WARNING - Could not import DAGs in example_local_kubernetes_executor.py
Traceback (most recent call last):
  File "/Users/asminsadykova/Desktop/h&m/.venv/lib/python3.9/site-packages/airflow/example_dags/example_local_kubernetes_executor.py", line 37, in <module>
    from kubernetes.client import models as k8s
ModuleNotFoundError: No module named 'kubernetes'
[2025-12-04T23:39:14.662+0600] {logging_mixin.py:154} INFO - [2025-12-04T23:39:14.662+0600] {example_local_kubernetes_executor.py:40} WARNING - Install Kubernetes dependencies with: pip install apache-airflow[cncf.kubernetes]
[2025-12-04T23:39:14.662+0600] {processor.py:841} WARNING - No viable dags retrieved from /Users/asminsadykova/Desktop/h&m/.venv/lib/python3.9/site-packages/airflow/example_dags/example_local_kubernetes_executor.py
[2025-12-04T23:39:14.716+0600] {processor.py:179} INFO - Processing /Users/asminsadykova/Desktop/h&m/.venv/lib/python3.9/site-packages/airflow/example_dags/example_local_kubernetes_executor.py took 0.080 seconds
[2025-12-04T23:40:49.735+0600] {processor.py:157} INFO - Started process (PID=40573) to work on /Users/asminsadykova/Desktop/h&m/.venv/lib/python3.9/site-packages/airflow/example_dags/example_local_kubernetes_executor.py
[2025-12-04T23:40:49.736+0600] {processor.py:829} INFO - Processing file /Users/asminsadykova/Desktop/h&m/.venv/lib/python3.9/site-packages/airflow/example_dags/example_local_kubernetes_executor.py for tasks to queue
[2025-12-04T23:40:49.736+0600] {logging_mixin.py:154} INFO - [2025-12-04T23:40:49.736+0600] {dagbag.py:536} INFO - Filling up the DagBag from /Users/asminsadykova/Desktop/h&m/.venv/lib/python3.9/site-packages/airflow/example_dags/example_local_kubernetes_executor.py
[2025-12-04T23:40:49.758+0600] {logging_mixin.py:154} INFO - [2025-12-04T23:40:49.757+0600] {example_local_kubernetes_executor.py:39} WARNING - Could not import DAGs in example_local_kubernetes_executor.py
Traceback (most recent call last):
  File "/Users/asminsadykova/Desktop/h&m/.venv/lib/python3.9/site-packages/airflow/example_dags/example_local_kubernetes_executor.py", line 37, in <module>
    from kubernetes.client import models as k8s
ModuleNotFoundError: No module named 'kubernetes'
[2025-12-04T23:40:49.758+0600] {logging_mixin.py:154} INFO - [2025-12-04T23:40:49.758+0600] {example_local_kubernetes_executor.py:40} WARNING - Install Kubernetes dependencies with: pip install apache-airflow[cncf.kubernetes]
[2025-12-04T23:40:49.758+0600] {processor.py:841} WARNING - No viable dags retrieved from /Users/asminsadykova/Desktop/h&m/.venv/lib/python3.9/site-packages/airflow/example_dags/example_local_kubernetes_executor.py
[2025-12-04T23:40:49.807+0600] {processor.py:179} INFO - Processing /Users/asminsadykova/Desktop/h&m/.venv/lib/python3.9/site-packages/airflow/example_dags/example_local_kubernetes_executor.py took 0.073 seconds
[2025-12-04T23:42:16.159+0600] {processor.py:157} INFO - Started process (PID=40661) to work on /Users/asminsadykova/Desktop/h&m/.venv/lib/python3.9/site-packages/airflow/example_dags/example_local_kubernetes_executor.py
[2025-12-04T23:42:16.160+0600] {processor.py:829} INFO - Processing file /Users/asminsadykova/Desktop/h&m/.venv/lib/python3.9/site-packages/airflow/example_dags/example_local_kubernetes_executor.py for tasks to queue
[2025-12-04T23:42:16.160+0600] {logging_mixin.py:154} INFO - [2025-12-04T23:42:16.160+0600] {dagbag.py:536} INFO - Filling up the DagBag from /Users/asminsadykova/Desktop/h&m/.venv/lib/python3.9/site-packages/airflow/example_dags/example_local_kubernetes_executor.py
[2025-12-04T23:42:16.184+0600] {logging_mixin.py:154} INFO - [2025-12-04T23:42:16.183+0600] {example_local_kubernetes_executor.py:39} WARNING - Could not import DAGs in example_local_kubernetes_executor.py
Traceback (most recent call last):
  File "/Users/asminsadykova/Desktop/h&m/.venv/lib/python3.9/site-packages/airflow/example_dags/example_local_kubernetes_executor.py", line 37, in <module>
    from kubernetes.client import models as k8s
ModuleNotFoundError: No module named 'kubernetes'
[2025-12-04T23:42:16.184+0600] {logging_mixin.py:154} INFO - [2025-12-04T23:42:16.184+0600] {example_local_kubernetes_executor.py:40} WARNING - Install Kubernetes dependencies with: pip install apache-airflow[cncf.kubernetes]
[2025-12-04T23:42:16.184+0600] {processor.py:841} WARNING - No viable dags retrieved from /Users/asminsadykova/Desktop/h&m/.venv/lib/python3.9/site-packages/airflow/example_dags/example_local_kubernetes_executor.py
[2025-12-04T23:42:16.229+0600] {processor.py:179} INFO - Processing /Users/asminsadykova/Desktop/h&m/.venv/lib/python3.9/site-packages/airflow/example_dags/example_local_kubernetes_executor.py took 0.071 seconds
[2025-12-04T23:43:53.372+0600] {processor.py:157} INFO - Started process (PID=40866) to work on /Users/asminsadykova/Desktop/h&m/.venv/lib/python3.9/site-packages/airflow/example_dags/example_local_kubernetes_executor.py
[2025-12-04T23:43:53.375+0600] {processor.py:829} INFO - Processing file /Users/asminsadykova/Desktop/h&m/.venv/lib/python3.9/site-packages/airflow/example_dags/example_local_kubernetes_executor.py for tasks to queue
[2025-12-04T23:43:53.375+0600] {logging_mixin.py:154} INFO - [2025-12-04T23:43:53.375+0600] {dagbag.py:536} INFO - Filling up the DagBag from /Users/asminsadykova/Desktop/h&m/.venv/lib/python3.9/site-packages/airflow/example_dags/example_local_kubernetes_executor.py
[2025-12-04T23:43:53.398+0600] {logging_mixin.py:154} INFO - [2025-12-04T23:43:53.396+0600] {example_local_kubernetes_executor.py:39} WARNING - Could not import DAGs in example_local_kubernetes_executor.py
Traceback (most recent call last):
  File "/Users/asminsadykova/Desktop/h&m/.venv/lib/python3.9/site-packages/airflow/example_dags/example_local_kubernetes_executor.py", line 37, in <module>
    from kubernetes.client import models as k8s
ModuleNotFoundError: No module named 'kubernetes'
[2025-12-04T23:43:53.398+0600] {logging_mixin.py:154} INFO - [2025-12-04T23:43:53.398+0600] {example_local_kubernetes_executor.py:40} WARNING - Install Kubernetes dependencies with: pip install apache-airflow[cncf.kubernetes]
[2025-12-04T23:43:53.398+0600] {processor.py:841} WARNING - No viable dags retrieved from /Users/asminsadykova/Desktop/h&m/.venv/lib/python3.9/site-packages/airflow/example_dags/example_local_kubernetes_executor.py
[2025-12-04T23:43:53.444+0600] {processor.py:179} INFO - Processing /Users/asminsadykova/Desktop/h&m/.venv/lib/python3.9/site-packages/airflow/example_dags/example_local_kubernetes_executor.py took 0.072 seconds
[2025-12-04T23:45:29.768+0600] {processor.py:157} INFO - Started process (PID=41161) to work on /Users/asminsadykova/Desktop/h&m/.venv/lib/python3.9/site-packages/airflow/example_dags/example_local_kubernetes_executor.py
[2025-12-04T23:45:29.769+0600] {processor.py:829} INFO - Processing file /Users/asminsadykova/Desktop/h&m/.venv/lib/python3.9/site-packages/airflow/example_dags/example_local_kubernetes_executor.py for tasks to queue
[2025-12-04T23:45:29.770+0600] {logging_mixin.py:154} INFO - [2025-12-04T23:45:29.769+0600] {dagbag.py:536} INFO - Filling up the DagBag from /Users/asminsadykova/Desktop/h&m/.venv/lib/python3.9/site-packages/airflow/example_dags/example_local_kubernetes_executor.py
[2025-12-04T23:45:29.792+0600] {logging_mixin.py:154} INFO - [2025-12-04T23:45:29.790+0600] {example_local_kubernetes_executor.py:39} WARNING - Could not import DAGs in example_local_kubernetes_executor.py
Traceback (most recent call last):
  File "/Users/asminsadykova/Desktop/h&m/.venv/lib/python3.9/site-packages/airflow/example_dags/example_local_kubernetes_executor.py", line 37, in <module>
    from kubernetes.client import models as k8s
ModuleNotFoundError: No module named 'kubernetes'
[2025-12-04T23:45:29.792+0600] {logging_mixin.py:154} INFO - [2025-12-04T23:45:29.792+0600] {example_local_kubernetes_executor.py:40} WARNING - Install Kubernetes dependencies with: pip install apache-airflow[cncf.kubernetes]
[2025-12-04T23:45:29.792+0600] {processor.py:841} WARNING - No viable dags retrieved from /Users/asminsadykova/Desktop/h&m/.venv/lib/python3.9/site-packages/airflow/example_dags/example_local_kubernetes_executor.py
[2025-12-04T23:45:29.836+0600] {processor.py:179} INFO - Processing /Users/asminsadykova/Desktop/h&m/.venv/lib/python3.9/site-packages/airflow/example_dags/example_local_kubernetes_executor.py took 0.069 seconds
[2025-12-04T23:47:03.861+0600] {processor.py:157} INFO - Started process (PID=41479) to work on /Users/asminsadykova/Desktop/h&m/.venv/lib/python3.9/site-packages/airflow/example_dags/example_local_kubernetes_executor.py
[2025-12-04T23:47:03.862+0600] {processor.py:829} INFO - Processing file /Users/asminsadykova/Desktop/h&m/.venv/lib/python3.9/site-packages/airflow/example_dags/example_local_kubernetes_executor.py for tasks to queue
[2025-12-04T23:47:03.862+0600] {logging_mixin.py:154} INFO - [2025-12-04T23:47:03.862+0600] {dagbag.py:536} INFO - Filling up the DagBag from /Users/asminsadykova/Desktop/h&m/.venv/lib/python3.9/site-packages/airflow/example_dags/example_local_kubernetes_executor.py
[2025-12-04T23:47:03.884+0600] {logging_mixin.py:154} INFO - [2025-12-04T23:47:03.882+0600] {example_local_kubernetes_executor.py:39} WARNING - Could not import DAGs in example_local_kubernetes_executor.py
Traceback (most recent call last):
  File "/Users/asminsadykova/Desktop/h&m/.venv/lib/python3.9/site-packages/airflow/example_dags/example_local_kubernetes_executor.py", line 37, in <module>
    from kubernetes.client import models as k8s
ModuleNotFoundError: No module named 'kubernetes'
[2025-12-04T23:47:03.884+0600] {logging_mixin.py:154} INFO - [2025-12-04T23:47:03.884+0600] {example_local_kubernetes_executor.py:40} WARNING - Install Kubernetes dependencies with: pip install apache-airflow[cncf.kubernetes]
[2025-12-04T23:47:03.884+0600] {processor.py:841} WARNING - No viable dags retrieved from /Users/asminsadykova/Desktop/h&m/.venv/lib/python3.9/site-packages/airflow/example_dags/example_local_kubernetes_executor.py
[2025-12-04T23:47:03.929+0600] {processor.py:179} INFO - Processing /Users/asminsadykova/Desktop/h&m/.venv/lib/python3.9/site-packages/airflow/example_dags/example_local_kubernetes_executor.py took 0.069 seconds
[2025-12-04T23:48:28.551+0600] {processor.py:157} INFO - Started process (PID=41658) to work on /Users/asminsadykova/Desktop/h&m/.venv/lib/python3.9/site-packages/airflow/example_dags/example_local_kubernetes_executor.py
[2025-12-04T23:48:28.552+0600] {processor.py:829} INFO - Processing file /Users/asminsadykova/Desktop/h&m/.venv/lib/python3.9/site-packages/airflow/example_dags/example_local_kubernetes_executor.py for tasks to queue
[2025-12-04T23:48:28.552+0600] {logging_mixin.py:154} INFO - [2025-12-04T23:48:28.552+0600] {dagbag.py:536} INFO - Filling up the DagBag from /Users/asminsadykova/Desktop/h&m/.venv/lib/python3.9/site-packages/airflow/example_dags/example_local_kubernetes_executor.py
[2025-12-04T23:48:28.580+0600] {logging_mixin.py:154} INFO - [2025-12-04T23:48:28.578+0600] {example_local_kubernetes_executor.py:39} WARNING - Could not import DAGs in example_local_kubernetes_executor.py
Traceback (most recent call last):
  File "/Users/asminsadykova/Desktop/h&m/.venv/lib/python3.9/site-packages/airflow/example_dags/example_local_kubernetes_executor.py", line 37, in <module>
    from kubernetes.client import models as k8s
ModuleNotFoundError: No module named 'kubernetes'
[2025-12-04T23:48:28.580+0600] {logging_mixin.py:154} INFO - [2025-12-04T23:48:28.580+0600] {example_local_kubernetes_executor.py:40} WARNING - Install Kubernetes dependencies with: pip install apache-airflow[cncf.kubernetes]
[2025-12-04T23:48:28.580+0600] {processor.py:841} WARNING - No viable dags retrieved from /Users/asminsadykova/Desktop/h&m/.venv/lib/python3.9/site-packages/airflow/example_dags/example_local_kubernetes_executor.py
[2025-12-04T23:48:28.631+0600] {processor.py:179} INFO - Processing /Users/asminsadykova/Desktop/h&m/.venv/lib/python3.9/site-packages/airflow/example_dags/example_local_kubernetes_executor.py took 0.081 seconds
[2025-12-04T23:50:03.317+0600] {processor.py:157} INFO - Started process (PID=41786) to work on /Users/asminsadykova/Desktop/h&m/.venv/lib/python3.9/site-packages/airflow/example_dags/example_local_kubernetes_executor.py
[2025-12-04T23:50:03.318+0600] {processor.py:829} INFO - Processing file /Users/asminsadykova/Desktop/h&m/.venv/lib/python3.9/site-packages/airflow/example_dags/example_local_kubernetes_executor.py for tasks to queue
[2025-12-04T23:50:03.319+0600] {logging_mixin.py:154} INFO - [2025-12-04T23:50:03.319+0600] {dagbag.py:536} INFO - Filling up the DagBag from /Users/asminsadykova/Desktop/h&m/.venv/lib/python3.9/site-packages/airflow/example_dags/example_local_kubernetes_executor.py
[2025-12-04T23:50:03.340+0600] {logging_mixin.py:154} INFO - [2025-12-04T23:50:03.338+0600] {example_local_kubernetes_executor.py:39} WARNING - Could not import DAGs in example_local_kubernetes_executor.py
Traceback (most recent call last):
  File "/Users/asminsadykova/Desktop/h&m/.venv/lib/python3.9/site-packages/airflow/example_dags/example_local_kubernetes_executor.py", line 37, in <module>
    from kubernetes.client import models as k8s
ModuleNotFoundError: No module named 'kubernetes'
[2025-12-04T23:50:03.340+0600] {logging_mixin.py:154} INFO - [2025-12-04T23:50:03.340+0600] {example_local_kubernetes_executor.py:40} WARNING - Install Kubernetes dependencies with: pip install apache-airflow[cncf.kubernetes]
[2025-12-04T23:50:03.340+0600] {processor.py:841} WARNING - No viable dags retrieved from /Users/asminsadykova/Desktop/h&m/.venv/lib/python3.9/site-packages/airflow/example_dags/example_local_kubernetes_executor.py
[2025-12-04T23:50:03.384+0600] {processor.py:179} INFO - Processing /Users/asminsadykova/Desktop/h&m/.venv/lib/python3.9/site-packages/airflow/example_dags/example_local_kubernetes_executor.py took 0.068 seconds
[2025-12-04T23:51:42.033+0600] {processor.py:157} INFO - Started process (PID=42017) to work on /Users/asminsadykova/Desktop/h&m/.venv/lib/python3.9/site-packages/airflow/example_dags/example_local_kubernetes_executor.py
[2025-12-04T23:51:42.035+0600] {processor.py:829} INFO - Processing file /Users/asminsadykova/Desktop/h&m/.venv/lib/python3.9/site-packages/airflow/example_dags/example_local_kubernetes_executor.py for tasks to queue
[2025-12-04T23:51:42.035+0600] {logging_mixin.py:154} INFO - [2025-12-04T23:51:42.035+0600] {dagbag.py:536} INFO - Filling up the DagBag from /Users/asminsadykova/Desktop/h&m/.venv/lib/python3.9/site-packages/airflow/example_dags/example_local_kubernetes_executor.py
[2025-12-04T23:51:42.058+0600] {logging_mixin.py:154} INFO - [2025-12-04T23:51:42.057+0600] {example_local_kubernetes_executor.py:39} WARNING - Could not import DAGs in example_local_kubernetes_executor.py
Traceback (most recent call last):
  File "/Users/asminsadykova/Desktop/h&m/.venv/lib/python3.9/site-packages/airflow/example_dags/example_local_kubernetes_executor.py", line 37, in <module>
    from kubernetes.client import models as k8s
ModuleNotFoundError: No module named 'kubernetes'
[2025-12-04T23:51:42.058+0600] {logging_mixin.py:154} INFO - [2025-12-04T23:51:42.058+0600] {example_local_kubernetes_executor.py:40} WARNING - Install Kubernetes dependencies with: pip install apache-airflow[cncf.kubernetes]
[2025-12-04T23:51:42.058+0600] {processor.py:841} WARNING - No viable dags retrieved from /Users/asminsadykova/Desktop/h&m/.venv/lib/python3.9/site-packages/airflow/example_dags/example_local_kubernetes_executor.py
[2025-12-04T23:51:42.105+0600] {processor.py:179} INFO - Processing /Users/asminsadykova/Desktop/h&m/.venv/lib/python3.9/site-packages/airflow/example_dags/example_local_kubernetes_executor.py took 0.072 seconds
[2025-12-04T23:53:17.138+0600] {processor.py:157} INFO - Started process (PID=42121) to work on /Users/asminsadykova/Desktop/h&m/.venv/lib/python3.9/site-packages/airflow/example_dags/example_local_kubernetes_executor.py
[2025-12-04T23:53:17.140+0600] {processor.py:829} INFO - Processing file /Users/asminsadykova/Desktop/h&m/.venv/lib/python3.9/site-packages/airflow/example_dags/example_local_kubernetes_executor.py for tasks to queue
[2025-12-04T23:53:17.140+0600] {logging_mixin.py:154} INFO - [2025-12-04T23:53:17.140+0600] {dagbag.py:536} INFO - Filling up the DagBag from /Users/asminsadykova/Desktop/h&m/.venv/lib/python3.9/site-packages/airflow/example_dags/example_local_kubernetes_executor.py
[2025-12-04T23:53:17.163+0600] {logging_mixin.py:154} INFO - [2025-12-04T23:53:17.161+0600] {example_local_kubernetes_executor.py:39} WARNING - Could not import DAGs in example_local_kubernetes_executor.py
Traceback (most recent call last):
  File "/Users/asminsadykova/Desktop/h&m/.venv/lib/python3.9/site-packages/airflow/example_dags/example_local_kubernetes_executor.py", line 37, in <module>
    from kubernetes.client import models as k8s
ModuleNotFoundError: No module named 'kubernetes'
[2025-12-04T23:53:17.163+0600] {logging_mixin.py:154} INFO - [2025-12-04T23:53:17.163+0600] {example_local_kubernetes_executor.py:40} WARNING - Install Kubernetes dependencies with: pip install apache-airflow[cncf.kubernetes]
[2025-12-04T23:53:17.163+0600] {processor.py:841} WARNING - No viable dags retrieved from /Users/asminsadykova/Desktop/h&m/.venv/lib/python3.9/site-packages/airflow/example_dags/example_local_kubernetes_executor.py
[2025-12-04T23:53:17.210+0600] {processor.py:179} INFO - Processing /Users/asminsadykova/Desktop/h&m/.venv/lib/python3.9/site-packages/airflow/example_dags/example_local_kubernetes_executor.py took 0.073 seconds
[2025-12-04T23:54:45.638+0600] {processor.py:157} INFO - Started process (PID=42201) to work on /Users/asminsadykova/Desktop/h&m/.venv/lib/python3.9/site-packages/airflow/example_dags/example_local_kubernetes_executor.py
[2025-12-04T23:54:45.639+0600] {processor.py:829} INFO - Processing file /Users/asminsadykova/Desktop/h&m/.venv/lib/python3.9/site-packages/airflow/example_dags/example_local_kubernetes_executor.py for tasks to queue
[2025-12-04T23:54:45.639+0600] {logging_mixin.py:154} INFO - [2025-12-04T23:54:45.639+0600] {dagbag.py:536} INFO - Filling up the DagBag from /Users/asminsadykova/Desktop/h&m/.venv/lib/python3.9/site-packages/airflow/example_dags/example_local_kubernetes_executor.py
[2025-12-04T23:54:45.662+0600] {logging_mixin.py:154} INFO - [2025-12-04T23:54:45.660+0600] {example_local_kubernetes_executor.py:39} WARNING - Could not import DAGs in example_local_kubernetes_executor.py
Traceback (most recent call last):
  File "/Users/asminsadykova/Desktop/h&m/.venv/lib/python3.9/site-packages/airflow/example_dags/example_local_kubernetes_executor.py", line 37, in <module>
    from kubernetes.client import models as k8s
ModuleNotFoundError: No module named 'kubernetes'
[2025-12-04T23:54:45.662+0600] {logging_mixin.py:154} INFO - [2025-12-04T23:54:45.662+0600] {example_local_kubernetes_executor.py:40} WARNING - Install Kubernetes dependencies with: pip install apache-airflow[cncf.kubernetes]
[2025-12-04T23:54:45.662+0600] {processor.py:841} WARNING - No viable dags retrieved from /Users/asminsadykova/Desktop/h&m/.venv/lib/python3.9/site-packages/airflow/example_dags/example_local_kubernetes_executor.py
[2025-12-04T23:54:45.709+0600] {processor.py:179} INFO - Processing /Users/asminsadykova/Desktop/h&m/.venv/lib/python3.9/site-packages/airflow/example_dags/example_local_kubernetes_executor.py took 0.072 seconds
[2025-12-04T23:56:13.011+0600] {processor.py:157} INFO - Started process (PID=42277) to work on /Users/asminsadykova/Desktop/h&m/.venv/lib/python3.9/site-packages/airflow/example_dags/example_local_kubernetes_executor.py
[2025-12-04T23:56:13.012+0600] {processor.py:829} INFO - Processing file /Users/asminsadykova/Desktop/h&m/.venv/lib/python3.9/site-packages/airflow/example_dags/example_local_kubernetes_executor.py for tasks to queue
[2025-12-04T23:56:13.013+0600] {logging_mixin.py:154} INFO - [2025-12-04T23:56:13.013+0600] {dagbag.py:536} INFO - Filling up the DagBag from /Users/asminsadykova/Desktop/h&m/.venv/lib/python3.9/site-packages/airflow/example_dags/example_local_kubernetes_executor.py
[2025-12-04T23:56:13.035+0600] {logging_mixin.py:154} INFO - [2025-12-04T23:56:13.033+0600] {example_local_kubernetes_executor.py:39} WARNING - Could not import DAGs in example_local_kubernetes_executor.py
Traceback (most recent call last):
  File "/Users/asminsadykova/Desktop/h&m/.venv/lib/python3.9/site-packages/airflow/example_dags/example_local_kubernetes_executor.py", line 37, in <module>
    from kubernetes.client import models as k8s
ModuleNotFoundError: No module named 'kubernetes'
[2025-12-04T23:56:13.035+0600] {logging_mixin.py:154} INFO - [2025-12-04T23:56:13.035+0600] {example_local_kubernetes_executor.py:40} WARNING - Install Kubernetes dependencies with: pip install apache-airflow[cncf.kubernetes]
[2025-12-04T23:56:13.035+0600] {processor.py:841} WARNING - No viable dags retrieved from /Users/asminsadykova/Desktop/h&m/.venv/lib/python3.9/site-packages/airflow/example_dags/example_local_kubernetes_executor.py
[2025-12-04T23:56:13.080+0600] {processor.py:179} INFO - Processing /Users/asminsadykova/Desktop/h&m/.venv/lib/python3.9/site-packages/airflow/example_dags/example_local_kubernetes_executor.py took 0.070 seconds
[2025-12-04T23:57:43.512+0600] {processor.py:157} INFO - Started process (PID=42351) to work on /Users/asminsadykova/Desktop/h&m/.venv/lib/python3.9/site-packages/airflow/example_dags/example_local_kubernetes_executor.py
[2025-12-04T23:57:43.515+0600] {processor.py:829} INFO - Processing file /Users/asminsadykova/Desktop/h&m/.venv/lib/python3.9/site-packages/airflow/example_dags/example_local_kubernetes_executor.py for tasks to queue
[2025-12-04T23:57:43.515+0600] {logging_mixin.py:154} INFO - [2025-12-04T23:57:43.515+0600] {dagbag.py:536} INFO - Filling up the DagBag from /Users/asminsadykova/Desktop/h&m/.venv/lib/python3.9/site-packages/airflow/example_dags/example_local_kubernetes_executor.py
[2025-12-04T23:57:43.537+0600] {logging_mixin.py:154} INFO - [2025-12-04T23:57:43.536+0600] {example_local_kubernetes_executor.py:39} WARNING - Could not import DAGs in example_local_kubernetes_executor.py
Traceback (most recent call last):
  File "/Users/asminsadykova/Desktop/h&m/.venv/lib/python3.9/site-packages/airflow/example_dags/example_local_kubernetes_executor.py", line 37, in <module>
    from kubernetes.client import models as k8s
ModuleNotFoundError: No module named 'kubernetes'
[2025-12-04T23:57:43.537+0600] {logging_mixin.py:154} INFO - [2025-12-04T23:57:43.537+0600] {example_local_kubernetes_executor.py:40} WARNING - Install Kubernetes dependencies with: pip install apache-airflow[cncf.kubernetes]
[2025-12-04T23:57:43.537+0600] {processor.py:841} WARNING - No viable dags retrieved from /Users/asminsadykova/Desktop/h&m/.venv/lib/python3.9/site-packages/airflow/example_dags/example_local_kubernetes_executor.py
[2025-12-04T23:57:43.583+0600] {processor.py:179} INFO - Processing /Users/asminsadykova/Desktop/h&m/.venv/lib/python3.9/site-packages/airflow/example_dags/example_local_kubernetes_executor.py took 0.071 seconds
[2025-12-04T23:59:10.013+0600] {processor.py:157} INFO - Started process (PID=42432) to work on /Users/asminsadykova/Desktop/h&m/.venv/lib/python3.9/site-packages/airflow/example_dags/example_local_kubernetes_executor.py
[2025-12-04T23:59:10.014+0600] {processor.py:829} INFO - Processing file /Users/asminsadykova/Desktop/h&m/.venv/lib/python3.9/site-packages/airflow/example_dags/example_local_kubernetes_executor.py for tasks to queue
[2025-12-04T23:59:10.014+0600] {logging_mixin.py:154} INFO - [2025-12-04T23:59:10.014+0600] {dagbag.py:536} INFO - Filling up the DagBag from /Users/asminsadykova/Desktop/h&m/.venv/lib/python3.9/site-packages/airflow/example_dags/example_local_kubernetes_executor.py
[2025-12-04T23:59:10.037+0600] {logging_mixin.py:154} INFO - [2025-12-04T23:59:10.035+0600] {example_local_kubernetes_executor.py:39} WARNING - Could not import DAGs in example_local_kubernetes_executor.py
Traceback (most recent call last):
  File "/Users/asminsadykova/Desktop/h&m/.venv/lib/python3.9/site-packages/airflow/example_dags/example_local_kubernetes_executor.py", line 37, in <module>
    from kubernetes.client import models as k8s
ModuleNotFoundError: No module named 'kubernetes'
[2025-12-04T23:59:10.037+0600] {logging_mixin.py:154} INFO - [2025-12-04T23:59:10.037+0600] {example_local_kubernetes_executor.py:40} WARNING - Install Kubernetes dependencies with: pip install apache-airflow[cncf.kubernetes]
[2025-12-04T23:59:10.037+0600] {processor.py:841} WARNING - No viable dags retrieved from /Users/asminsadykova/Desktop/h&m/.venv/lib/python3.9/site-packages/airflow/example_dags/example_local_kubernetes_executor.py
[2025-12-04T23:59:10.082+0600] {processor.py:179} INFO - Processing /Users/asminsadykova/Desktop/h&m/.venv/lib/python3.9/site-packages/airflow/example_dags/example_local_kubernetes_executor.py took 0.069 seconds
[2025-12-05T00:00:46.277+0600] {processor.py:157} INFO - Started process (PID=42820) to work on /Users/asminsadykova/Desktop/h&m/.venv/lib/python3.9/site-packages/airflow/example_dags/example_local_kubernetes_executor.py
[2025-12-05T00:00:46.279+0600] {processor.py:829} INFO - Processing file /Users/asminsadykova/Desktop/h&m/.venv/lib/python3.9/site-packages/airflow/example_dags/example_local_kubernetes_executor.py for tasks to queue
[2025-12-05T00:00:46.279+0600] {logging_mixin.py:154} INFO - [2025-12-05T00:00:46.279+0600] {dagbag.py:536} INFO - Filling up the DagBag from /Users/asminsadykova/Desktop/h&m/.venv/lib/python3.9/site-packages/airflow/example_dags/example_local_kubernetes_executor.py
[2025-12-05T00:00:46.301+0600] {logging_mixin.py:154} INFO - [2025-12-05T00:00:46.299+0600] {example_local_kubernetes_executor.py:39} WARNING - Could not import DAGs in example_local_kubernetes_executor.py
Traceback (most recent call last):
  File "/Users/asminsadykova/Desktop/h&m/.venv/lib/python3.9/site-packages/airflow/example_dags/example_local_kubernetes_executor.py", line 37, in <module>
    from kubernetes.client import models as k8s
ModuleNotFoundError: No module named 'kubernetes'
[2025-12-05T00:00:46.301+0600] {logging_mixin.py:154} INFO - [2025-12-05T00:00:46.301+0600] {example_local_kubernetes_executor.py:40} WARNING - Install Kubernetes dependencies with: pip install apache-airflow[cncf.kubernetes]
[2025-12-05T00:00:46.301+0600] {processor.py:841} WARNING - No viable dags retrieved from /Users/asminsadykova/Desktop/h&m/.venv/lib/python3.9/site-packages/airflow/example_dags/example_local_kubernetes_executor.py
[2025-12-05T00:00:46.349+0600] {processor.py:179} INFO - Processing /Users/asminsadykova/Desktop/h&m/.venv/lib/python3.9/site-packages/airflow/example_dags/example_local_kubernetes_executor.py took 0.072 seconds
[2025-12-05T00:02:19.599+0600] {processor.py:157} INFO - Started process (PID=42914) to work on /Users/asminsadykova/Desktop/h&m/.venv/lib/python3.9/site-packages/airflow/example_dags/example_local_kubernetes_executor.py
[2025-12-05T00:02:19.600+0600] {processor.py:829} INFO - Processing file /Users/asminsadykova/Desktop/h&m/.venv/lib/python3.9/site-packages/airflow/example_dags/example_local_kubernetes_executor.py for tasks to queue
[2025-12-05T00:02:19.601+0600] {logging_mixin.py:154} INFO - [2025-12-05T00:02:19.600+0600] {dagbag.py:536} INFO - Filling up the DagBag from /Users/asminsadykova/Desktop/h&m/.venv/lib/python3.9/site-packages/airflow/example_dags/example_local_kubernetes_executor.py
[2025-12-05T00:02:19.623+0600] {logging_mixin.py:154} INFO - [2025-12-05T00:02:19.622+0600] {example_local_kubernetes_executor.py:39} WARNING - Could not import DAGs in example_local_kubernetes_executor.py
Traceback (most recent call last):
  File "/Users/asminsadykova/Desktop/h&m/.venv/lib/python3.9/site-packages/airflow/example_dags/example_local_kubernetes_executor.py", line 37, in <module>
    from kubernetes.client import models as k8s
ModuleNotFoundError: No module named 'kubernetes'
[2025-12-05T00:02:19.623+0600] {logging_mixin.py:154} INFO - [2025-12-05T00:02:19.623+0600] {example_local_kubernetes_executor.py:40} WARNING - Install Kubernetes dependencies with: pip install apache-airflow[cncf.kubernetes]
[2025-12-05T00:02:19.623+0600] {processor.py:841} WARNING - No viable dags retrieved from /Users/asminsadykova/Desktop/h&m/.venv/lib/python3.9/site-packages/airflow/example_dags/example_local_kubernetes_executor.py
[2025-12-05T00:02:19.669+0600] {processor.py:179} INFO - Processing /Users/asminsadykova/Desktop/h&m/.venv/lib/python3.9/site-packages/airflow/example_dags/example_local_kubernetes_executor.py took 0.071 seconds
[2025-12-05T00:03:52.076+0600] {processor.py:157} INFO - Started process (PID=42989) to work on /Users/asminsadykova/Desktop/h&m/.venv/lib/python3.9/site-packages/airflow/example_dags/example_local_kubernetes_executor.py
[2025-12-05T00:03:52.077+0600] {processor.py:829} INFO - Processing file /Users/asminsadykova/Desktop/h&m/.venv/lib/python3.9/site-packages/airflow/example_dags/example_local_kubernetes_executor.py for tasks to queue
[2025-12-05T00:03:52.077+0600] {logging_mixin.py:154} INFO - [2025-12-05T00:03:52.077+0600] {dagbag.py:536} INFO - Filling up the DagBag from /Users/asminsadykova/Desktop/h&m/.venv/lib/python3.9/site-packages/airflow/example_dags/example_local_kubernetes_executor.py
[2025-12-05T00:03:52.099+0600] {logging_mixin.py:154} INFO - [2025-12-05T00:03:52.098+0600] {example_local_kubernetes_executor.py:39} WARNING - Could not import DAGs in example_local_kubernetes_executor.py
Traceback (most recent call last):
  File "/Users/asminsadykova/Desktop/h&m/.venv/lib/python3.9/site-packages/airflow/example_dags/example_local_kubernetes_executor.py", line 37, in <module>
    from kubernetes.client import models as k8s
ModuleNotFoundError: No module named 'kubernetes'
[2025-12-05T00:03:52.099+0600] {logging_mixin.py:154} INFO - [2025-12-05T00:03:52.099+0600] {example_local_kubernetes_executor.py:40} WARNING - Install Kubernetes dependencies with: pip install apache-airflow[cncf.kubernetes]
[2025-12-05T00:03:52.100+0600] {processor.py:841} WARNING - No viable dags retrieved from /Users/asminsadykova/Desktop/h&m/.venv/lib/python3.9/site-packages/airflow/example_dags/example_local_kubernetes_executor.py
[2025-12-05T00:03:52.144+0600] {processor.py:179} INFO - Processing /Users/asminsadykova/Desktop/h&m/.venv/lib/python3.9/site-packages/airflow/example_dags/example_local_kubernetes_executor.py took 0.069 seconds
[2025-12-05T00:05:27.502+0600] {processor.py:157} INFO - Started process (PID=43262) to work on /Users/asminsadykova/Desktop/h&m/.venv/lib/python3.9/site-packages/airflow/example_dags/example_local_kubernetes_executor.py
[2025-12-05T00:05:27.503+0600] {processor.py:829} INFO - Processing file /Users/asminsadykova/Desktop/h&m/.venv/lib/python3.9/site-packages/airflow/example_dags/example_local_kubernetes_executor.py for tasks to queue
[2025-12-05T00:05:27.504+0600] {logging_mixin.py:154} INFO - [2025-12-05T00:05:27.504+0600] {dagbag.py:536} INFO - Filling up the DagBag from /Users/asminsadykova/Desktop/h&m/.venv/lib/python3.9/site-packages/airflow/example_dags/example_local_kubernetes_executor.py
[2025-12-05T00:05:27.529+0600] {logging_mixin.py:154} INFO - [2025-12-05T00:05:27.527+0600] {example_local_kubernetes_executor.py:39} WARNING - Could not import DAGs in example_local_kubernetes_executor.py
Traceback (most recent call last):
  File "/Users/asminsadykova/Desktop/h&m/.venv/lib/python3.9/site-packages/airflow/example_dags/example_local_kubernetes_executor.py", line 37, in <module>
    from kubernetes.client import models as k8s
ModuleNotFoundError: No module named 'kubernetes'
[2025-12-05T00:05:27.529+0600] {logging_mixin.py:154} INFO - [2025-12-05T00:05:27.529+0600] {example_local_kubernetes_executor.py:40} WARNING - Install Kubernetes dependencies with: pip install apache-airflow[cncf.kubernetes]
[2025-12-05T00:05:27.529+0600] {processor.py:841} WARNING - No viable dags retrieved from /Users/asminsadykova/Desktop/h&m/.venv/lib/python3.9/site-packages/airflow/example_dags/example_local_kubernetes_executor.py
[2025-12-05T00:05:27.583+0600] {processor.py:179} INFO - Processing /Users/asminsadykova/Desktop/h&m/.venv/lib/python3.9/site-packages/airflow/example_dags/example_local_kubernetes_executor.py took 0.083 seconds
[2025-12-05T00:06:54.681+0600] {processor.py:157} INFO - Started process (PID=43413) to work on /Users/asminsadykova/Desktop/h&m/.venv/lib/python3.9/site-packages/airflow/example_dags/example_local_kubernetes_executor.py
[2025-12-05T00:06:54.683+0600] {processor.py:829} INFO - Processing file /Users/asminsadykova/Desktop/h&m/.venv/lib/python3.9/site-packages/airflow/example_dags/example_local_kubernetes_executor.py for tasks to queue
[2025-12-05T00:06:54.683+0600] {logging_mixin.py:154} INFO - [2025-12-05T00:06:54.683+0600] {dagbag.py:536} INFO - Filling up the DagBag from /Users/asminsadykova/Desktop/h&m/.venv/lib/python3.9/site-packages/airflow/example_dags/example_local_kubernetes_executor.py
[2025-12-05T00:06:54.707+0600] {logging_mixin.py:154} INFO - [2025-12-05T00:06:54.706+0600] {example_local_kubernetes_executor.py:39} WARNING - Could not import DAGs in example_local_kubernetes_executor.py
Traceback (most recent call last):
  File "/Users/asminsadykova/Desktop/h&m/.venv/lib/python3.9/site-packages/airflow/example_dags/example_local_kubernetes_executor.py", line 37, in <module>
    from kubernetes.client import models as k8s
ModuleNotFoundError: No module named 'kubernetes'
[2025-12-05T00:06:54.708+0600] {logging_mixin.py:154} INFO - [2025-12-05T00:06:54.708+0600] {example_local_kubernetes_executor.py:40} WARNING - Install Kubernetes dependencies with: pip install apache-airflow[cncf.kubernetes]
[2025-12-05T00:06:54.708+0600] {processor.py:841} WARNING - No viable dags retrieved from /Users/asminsadykova/Desktop/h&m/.venv/lib/python3.9/site-packages/airflow/example_dags/example_local_kubernetes_executor.py
[2025-12-05T00:06:54.754+0600] {processor.py:179} INFO - Processing /Users/asminsadykova/Desktop/h&m/.venv/lib/python3.9/site-packages/airflow/example_dags/example_local_kubernetes_executor.py took 0.074 seconds
[2025-12-05T00:08:21.522+0600] {processor.py:157} INFO - Started process (PID=43550) to work on /Users/asminsadykova/Desktop/h&m/.venv/lib/python3.9/site-packages/airflow/example_dags/example_local_kubernetes_executor.py
[2025-12-05T00:08:21.523+0600] {processor.py:829} INFO - Processing file /Users/asminsadykova/Desktop/h&m/.venv/lib/python3.9/site-packages/airflow/example_dags/example_local_kubernetes_executor.py for tasks to queue
[2025-12-05T00:08:21.524+0600] {logging_mixin.py:154} INFO - [2025-12-05T00:08:21.524+0600] {dagbag.py:536} INFO - Filling up the DagBag from /Users/asminsadykova/Desktop/h&m/.venv/lib/python3.9/site-packages/airflow/example_dags/example_local_kubernetes_executor.py
[2025-12-05T00:08:21.548+0600] {logging_mixin.py:154} INFO - [2025-12-05T00:08:21.547+0600] {example_local_kubernetes_executor.py:39} WARNING - Could not import DAGs in example_local_kubernetes_executor.py
Traceback (most recent call last):
  File "/Users/asminsadykova/Desktop/h&m/.venv/lib/python3.9/site-packages/airflow/example_dags/example_local_kubernetes_executor.py", line 37, in <module>
    from kubernetes.client import models as k8s
ModuleNotFoundError: No module named 'kubernetes'
[2025-12-05T00:08:21.548+0600] {logging_mixin.py:154} INFO - [2025-12-05T00:08:21.548+0600] {example_local_kubernetes_executor.py:40} WARNING - Install Kubernetes dependencies with: pip install apache-airflow[cncf.kubernetes]
[2025-12-05T00:08:21.548+0600] {processor.py:841} WARNING - No viable dags retrieved from /Users/asminsadykova/Desktop/h&m/.venv/lib/python3.9/site-packages/airflow/example_dags/example_local_kubernetes_executor.py
[2025-12-05T00:08:21.595+0600] {processor.py:179} INFO - Processing /Users/asminsadykova/Desktop/h&m/.venv/lib/python3.9/site-packages/airflow/example_dags/example_local_kubernetes_executor.py took 0.074 seconds
[2025-12-05T00:09:54.609+0600] {processor.py:157} INFO - Started process (PID=43723) to work on /Users/asminsadykova/Desktop/h&m/.venv/lib/python3.9/site-packages/airflow/example_dags/example_local_kubernetes_executor.py
[2025-12-05T00:09:54.611+0600] {processor.py:829} INFO - Processing file /Users/asminsadykova/Desktop/h&m/.venv/lib/python3.9/site-packages/airflow/example_dags/example_local_kubernetes_executor.py for tasks to queue
[2025-12-05T00:09:54.611+0600] {logging_mixin.py:154} INFO - [2025-12-05T00:09:54.611+0600] {dagbag.py:536} INFO - Filling up the DagBag from /Users/asminsadykova/Desktop/h&m/.venv/lib/python3.9/site-packages/airflow/example_dags/example_local_kubernetes_executor.py
[2025-12-05T00:09:54.633+0600] {logging_mixin.py:154} INFO - [2025-12-05T00:09:54.632+0600] {example_local_kubernetes_executor.py:39} WARNING - Could not import DAGs in example_local_kubernetes_executor.py
Traceback (most recent call last):
  File "/Users/asminsadykova/Desktop/h&m/.venv/lib/python3.9/site-packages/airflow/example_dags/example_local_kubernetes_executor.py", line 37, in <module>
    from kubernetes.client import models as k8s
ModuleNotFoundError: No module named 'kubernetes'
[2025-12-05T00:09:54.633+0600] {logging_mixin.py:154} INFO - [2025-12-05T00:09:54.633+0600] {example_local_kubernetes_executor.py:40} WARNING - Install Kubernetes dependencies with: pip install apache-airflow[cncf.kubernetes]
[2025-12-05T00:09:54.633+0600] {processor.py:841} WARNING - No viable dags retrieved from /Users/asminsadykova/Desktop/h&m/.venv/lib/python3.9/site-packages/airflow/example_dags/example_local_kubernetes_executor.py
[2025-12-05T00:09:54.679+0600] {processor.py:179} INFO - Processing /Users/asminsadykova/Desktop/h&m/.venv/lib/python3.9/site-packages/airflow/example_dags/example_local_kubernetes_executor.py took 0.071 seconds
[2025-12-05T00:11:31.151+0600] {processor.py:157} INFO - Started process (PID=43884) to work on /Users/asminsadykova/Desktop/h&m/.venv/lib/python3.9/site-packages/airflow/example_dags/example_local_kubernetes_executor.py
[2025-12-05T00:11:31.153+0600] {processor.py:829} INFO - Processing file /Users/asminsadykova/Desktop/h&m/.venv/lib/python3.9/site-packages/airflow/example_dags/example_local_kubernetes_executor.py for tasks to queue
[2025-12-05T00:11:31.153+0600] {logging_mixin.py:154} INFO - [2025-12-05T00:11:31.153+0600] {dagbag.py:536} INFO - Filling up the DagBag from /Users/asminsadykova/Desktop/h&m/.venv/lib/python3.9/site-packages/airflow/example_dags/example_local_kubernetes_executor.py
[2025-12-05T00:11:31.180+0600] {logging_mixin.py:154} INFO - [2025-12-05T00:11:31.179+0600] {example_local_kubernetes_executor.py:39} WARNING - Could not import DAGs in example_local_kubernetes_executor.py
Traceback (most recent call last):
  File "/Users/asminsadykova/Desktop/h&m/.venv/lib/python3.9/site-packages/airflow/example_dags/example_local_kubernetes_executor.py", line 37, in <module>
    from kubernetes.client import models as k8s
ModuleNotFoundError: No module named 'kubernetes'
[2025-12-05T00:11:31.181+0600] {logging_mixin.py:154} INFO - [2025-12-05T00:11:31.181+0600] {example_local_kubernetes_executor.py:40} WARNING - Install Kubernetes dependencies with: pip install apache-airflow[cncf.kubernetes]
[2025-12-05T00:11:31.181+0600] {processor.py:841} WARNING - No viable dags retrieved from /Users/asminsadykova/Desktop/h&m/.venv/lib/python3.9/site-packages/airflow/example_dags/example_local_kubernetes_executor.py
[2025-12-05T00:11:31.230+0600] {processor.py:179} INFO - Processing /Users/asminsadykova/Desktop/h&m/.venv/lib/python3.9/site-packages/airflow/example_dags/example_local_kubernetes_executor.py took 0.080 seconds
