[2025-12-04T23:18:04.175+0600] {processor.py:157} INFO - Started process (PID=38937) to work on /Users/asminsadykova/Desktop/h&m/.venv/lib/python3.9/site-packages/airflow/example_dags/example_python_operator.py
[2025-12-04T23:18:04.175+0600] {processor.py:829} INFO - Processing file /Users/asminsadykova/Desktop/h&m/.venv/lib/python3.9/site-packages/airflow/example_dags/example_python_operator.py for tasks to queue
[2025-12-04T23:18:04.175+0600] {logging_mixin.py:154} INFO - [2025-12-04T23:18:04.175+0600] {dagbag.py:536} INFO - Filling up the DagBag from /Users/asminsadykova/Desktop/h&m/.venv/lib/python3.9/site-packages/airflow/example_dags/example_python_operator.py
[2025-12-04T23:18:04.197+0600] {logging_mixin.py:154} INFO - [2025-12-04T23:18:04.197+0600] {example_python_operator.py:86} WARNING - The virtalenv_python example task requires virtualenv, please install it.
[2025-12-04T23:18:04.200+0600] {processor.py:839} INFO - DAG(s) dict_keys(['example_python_operator']) retrieved from /Users/asminsadykova/Desktop/h&m/.venv/lib/python3.9/site-packages/airflow/example_dags/example_python_operator.py
[2025-12-04T23:18:04.448+0600] {logging_mixin.py:154} INFO - [2025-12-04T23:18:04.448+0600] {manager.py:499} INFO - Created Permission View: %s
[2025-12-04T23:18:04.451+0600] {logging_mixin.py:154} INFO - [2025-12-04T23:18:04.451+0600] {manager.py:499} INFO - Created Permission View: %s
[2025-12-04T23:18:04.455+0600] {logging_mixin.py:154} INFO - [2025-12-04T23:18:04.455+0600] {manager.py:499} INFO - Created Permission View: %s
[2025-12-04T23:18:04.455+0600] {logging_mixin.py:154} INFO - [2025-12-04T23:18:04.455+0600] {dag.py:2941} INFO - Sync 1 DAGs
[2025-12-04T23:18:04.459+0600] {logging_mixin.py:154} INFO - [2025-12-04T23:18:04.459+0600] {dag.py:2963} INFO - Creating ORM DAG for example_python_operator
[2025-12-04T23:18:04.459+0600] {logging_mixin.py:154} INFO - [2025-12-04T23:18:04.459+0600] {dag.py:3722} INFO - Setting next_dagrun for example_python_operator to None, run_after=None
[2025-12-04T23:18:04.467+0600] {processor.py:179} INFO - Processing /Users/asminsadykova/Desktop/h&m/.venv/lib/python3.9/site-packages/airflow/example_dags/example_python_operator.py took 0.293 seconds
[2025-12-04T23:19:21.433+0600] {processor.py:157} INFO - Started process (PID=39032) to work on /Users/asminsadykova/Desktop/h&m/.venv/lib/python3.9/site-packages/airflow/example_dags/example_python_operator.py
[2025-12-04T23:19:21.434+0600] {processor.py:829} INFO - Processing file /Users/asminsadykova/Desktop/h&m/.venv/lib/python3.9/site-packages/airflow/example_dags/example_python_operator.py for tasks to queue
[2025-12-04T23:19:21.434+0600] {logging_mixin.py:154} INFO - [2025-12-04T23:19:21.434+0600] {dagbag.py:536} INFO - Filling up the DagBag from /Users/asminsadykova/Desktop/h&m/.venv/lib/python3.9/site-packages/airflow/example_dags/example_python_operator.py
[2025-12-04T23:19:21.461+0600] {logging_mixin.py:154} INFO - [2025-12-04T23:19:21.461+0600] {example_python_operator.py:86} WARNING - The virtalenv_python example task requires virtualenv, please install it.
[2025-12-04T23:19:21.464+0600] {processor.py:839} INFO - DAG(s) dict_keys(['example_python_operator']) retrieved from /Users/asminsadykova/Desktop/h&m/.venv/lib/python3.9/site-packages/airflow/example_dags/example_python_operator.py
[2025-12-04T23:19:21.533+0600] {logging_mixin.py:154} INFO - [2025-12-04T23:19:21.533+0600] {dag.py:2941} INFO - Sync 1 DAGs
[2025-12-04T23:19:21.537+0600] {logging_mixin.py:154} INFO - [2025-12-04T23:19:21.537+0600] {dag.py:3722} INFO - Setting next_dagrun for example_python_operator to None, run_after=None
[2025-12-04T23:19:21.547+0600] {processor.py:179} INFO - Processing /Users/asminsadykova/Desktop/h&m/.venv/lib/python3.9/site-packages/airflow/example_dags/example_python_operator.py took 0.115 seconds
[2025-12-04T23:20:46.676+0600] {processor.py:157} INFO - Started process (PID=39137) to work on /Users/asminsadykova/Desktop/h&m/.venv/lib/python3.9/site-packages/airflow/example_dags/example_python_operator.py
[2025-12-04T23:20:46.677+0600] {processor.py:829} INFO - Processing file /Users/asminsadykova/Desktop/h&m/.venv/lib/python3.9/site-packages/airflow/example_dags/example_python_operator.py for tasks to queue
[2025-12-04T23:20:46.677+0600] {logging_mixin.py:154} INFO - [2025-12-04T23:20:46.677+0600] {dagbag.py:536} INFO - Filling up the DagBag from /Users/asminsadykova/Desktop/h&m/.venv/lib/python3.9/site-packages/airflow/example_dags/example_python_operator.py
[2025-12-04T23:20:46.699+0600] {logging_mixin.py:154} INFO - [2025-12-04T23:20:46.699+0600] {example_python_operator.py:86} WARNING - The virtalenv_python example task requires virtualenv, please install it.
[2025-12-04T23:20:46.701+0600] {processor.py:839} INFO - DAG(s) dict_keys(['example_python_operator']) retrieved from /Users/asminsadykova/Desktop/h&m/.venv/lib/python3.9/site-packages/airflow/example_dags/example_python_operator.py
[2025-12-04T23:20:46.772+0600] {logging_mixin.py:154} INFO - [2025-12-04T23:20:46.772+0600] {dag.py:2941} INFO - Sync 1 DAGs
[2025-12-04T23:20:46.775+0600] {logging_mixin.py:154} INFO - [2025-12-04T23:20:46.775+0600] {dag.py:3722} INFO - Setting next_dagrun for example_python_operator to None, run_after=None
[2025-12-04T23:20:46.783+0600] {processor.py:179} INFO - Processing /Users/asminsadykova/Desktop/h&m/.venv/lib/python3.9/site-packages/airflow/example_dags/example_python_operator.py took 0.108 seconds
[2025-12-04T23:22:13.763+0600] {processor.py:157} INFO - Started process (PID=39239) to work on /Users/asminsadykova/Desktop/h&m/.venv/lib/python3.9/site-packages/airflow/example_dags/example_python_operator.py
[2025-12-04T23:22:13.763+0600] {processor.py:829} INFO - Processing file /Users/asminsadykova/Desktop/h&m/.venv/lib/python3.9/site-packages/airflow/example_dags/example_python_operator.py for tasks to queue
[2025-12-04T23:22:13.764+0600] {logging_mixin.py:154} INFO - [2025-12-04T23:22:13.764+0600] {dagbag.py:536} INFO - Filling up the DagBag from /Users/asminsadykova/Desktop/h&m/.venv/lib/python3.9/site-packages/airflow/example_dags/example_python_operator.py
[2025-12-04T23:22:13.784+0600] {logging_mixin.py:154} INFO - [2025-12-04T23:22:13.784+0600] {example_python_operator.py:86} WARNING - The virtalenv_python example task requires virtualenv, please install it.
[2025-12-04T23:22:13.786+0600] {processor.py:839} INFO - DAG(s) dict_keys(['example_python_operator']) retrieved from /Users/asminsadykova/Desktop/h&m/.venv/lib/python3.9/site-packages/airflow/example_dags/example_python_operator.py
[2025-12-04T23:22:13.852+0600] {logging_mixin.py:154} INFO - [2025-12-04T23:22:13.852+0600] {dag.py:2941} INFO - Sync 1 DAGs
[2025-12-04T23:22:13.855+0600] {logging_mixin.py:154} INFO - [2025-12-04T23:22:13.855+0600] {dag.py:3722} INFO - Setting next_dagrun for example_python_operator to None, run_after=None
[2025-12-04T23:22:13.863+0600] {processor.py:179} INFO - Processing /Users/asminsadykova/Desktop/h&m/.venv/lib/python3.9/site-packages/airflow/example_dags/example_python_operator.py took 0.101 seconds
[2025-12-04T23:23:44.104+0600] {processor.py:157} INFO - Started process (PID=39379) to work on /Users/asminsadykova/Desktop/h&m/.venv/lib/python3.9/site-packages/airflow/example_dags/example_python_operator.py
[2025-12-04T23:23:44.105+0600] {processor.py:829} INFO - Processing file /Users/asminsadykova/Desktop/h&m/.venv/lib/python3.9/site-packages/airflow/example_dags/example_python_operator.py for tasks to queue
[2025-12-04T23:23:44.105+0600] {logging_mixin.py:154} INFO - [2025-12-04T23:23:44.105+0600] {dagbag.py:536} INFO - Filling up the DagBag from /Users/asminsadykova/Desktop/h&m/.venv/lib/python3.9/site-packages/airflow/example_dags/example_python_operator.py
[2025-12-04T23:23:44.126+0600] {logging_mixin.py:154} INFO - [2025-12-04T23:23:44.126+0600] {example_python_operator.py:86} WARNING - The virtalenv_python example task requires virtualenv, please install it.
[2025-12-04T23:23:44.129+0600] {processor.py:839} INFO - DAG(s) dict_keys(['example_python_operator']) retrieved from /Users/asminsadykova/Desktop/h&m/.venv/lib/python3.9/site-packages/airflow/example_dags/example_python_operator.py
[2025-12-04T23:23:44.199+0600] {logging_mixin.py:154} INFO - [2025-12-04T23:23:44.198+0600] {dag.py:2941} INFO - Sync 1 DAGs
[2025-12-04T23:23:44.202+0600] {logging_mixin.py:154} INFO - [2025-12-04T23:23:44.202+0600] {dag.py:3722} INFO - Setting next_dagrun for example_python_operator to None, run_after=None
[2025-12-04T23:23:44.211+0600] {processor.py:179} INFO - Processing /Users/asminsadykova/Desktop/h&m/.venv/lib/python3.9/site-packages/airflow/example_dags/example_python_operator.py took 0.108 seconds
[2025-12-04T23:25:21.747+0600] {processor.py:157} INFO - Started process (PID=39513) to work on /Users/asminsadykova/Desktop/h&m/.venv/lib/python3.9/site-packages/airflow/example_dags/example_python_operator.py
[2025-12-04T23:25:21.748+0600] {processor.py:829} INFO - Processing file /Users/asminsadykova/Desktop/h&m/.venv/lib/python3.9/site-packages/airflow/example_dags/example_python_operator.py for tasks to queue
[2025-12-04T23:25:21.748+0600] {logging_mixin.py:154} INFO - [2025-12-04T23:25:21.748+0600] {dagbag.py:536} INFO - Filling up the DagBag from /Users/asminsadykova/Desktop/h&m/.venv/lib/python3.9/site-packages/airflow/example_dags/example_python_operator.py
[2025-12-04T23:25:21.769+0600] {logging_mixin.py:154} INFO - [2025-12-04T23:25:21.769+0600] {example_python_operator.py:86} WARNING - The virtalenv_python example task requires virtualenv, please install it.
[2025-12-04T23:25:21.771+0600] {processor.py:839} INFO - DAG(s) dict_keys(['example_python_operator']) retrieved from /Users/asminsadykova/Desktop/h&m/.venv/lib/python3.9/site-packages/airflow/example_dags/example_python_operator.py
[2025-12-04T23:25:21.840+0600] {logging_mixin.py:154} INFO - [2025-12-04T23:25:21.840+0600] {dag.py:2941} INFO - Sync 1 DAGs
[2025-12-04T23:25:21.844+0600] {logging_mixin.py:154} INFO - [2025-12-04T23:25:21.844+0600] {dag.py:3722} INFO - Setting next_dagrun for example_python_operator to None, run_after=None
[2025-12-04T23:25:21.854+0600] {processor.py:179} INFO - Processing /Users/asminsadykova/Desktop/h&m/.venv/lib/python3.9/site-packages/airflow/example_dags/example_python_operator.py took 0.107 seconds
[2025-12-04T23:26:55.970+0600] {processor.py:157} INFO - Started process (PID=39614) to work on /Users/asminsadykova/Desktop/h&m/.venv/lib/python3.9/site-packages/airflow/example_dags/example_python_operator.py
[2025-12-04T23:26:55.971+0600] {processor.py:829} INFO - Processing file /Users/asminsadykova/Desktop/h&m/.venv/lib/python3.9/site-packages/airflow/example_dags/example_python_operator.py for tasks to queue
[2025-12-04T23:26:55.971+0600] {logging_mixin.py:154} INFO - [2025-12-04T23:26:55.971+0600] {dagbag.py:536} INFO - Filling up the DagBag from /Users/asminsadykova/Desktop/h&m/.venv/lib/python3.9/site-packages/airflow/example_dags/example_python_operator.py
[2025-12-04T23:26:55.996+0600] {logging_mixin.py:154} INFO - [2025-12-04T23:26:55.996+0600] {example_python_operator.py:86} WARNING - The virtalenv_python example task requires virtualenv, please install it.
[2025-12-04T23:26:56.000+0600] {processor.py:839} INFO - DAG(s) dict_keys(['example_python_operator']) retrieved from /Users/asminsadykova/Desktop/h&m/.venv/lib/python3.9/site-packages/airflow/example_dags/example_python_operator.py
[2025-12-04T23:26:56.068+0600] {logging_mixin.py:154} INFO - [2025-12-04T23:26:56.068+0600] {dag.py:2941} INFO - Sync 1 DAGs
[2025-12-04T23:26:56.072+0600] {logging_mixin.py:154} INFO - [2025-12-04T23:26:56.072+0600] {dag.py:3722} INFO - Setting next_dagrun for example_python_operator to None, run_after=None
[2025-12-04T23:26:56.080+0600] {processor.py:179} INFO - Processing /Users/asminsadykova/Desktop/h&m/.venv/lib/python3.9/site-packages/airflow/example_dags/example_python_operator.py took 0.111 seconds
[2025-12-04T23:28:26.974+0600] {processor.py:157} INFO - Started process (PID=39716) to work on /Users/asminsadykova/Desktop/h&m/.venv/lib/python3.9/site-packages/airflow/example_dags/example_python_operator.py
[2025-12-04T23:28:26.975+0600] {processor.py:829} INFO - Processing file /Users/asminsadykova/Desktop/h&m/.venv/lib/python3.9/site-packages/airflow/example_dags/example_python_operator.py for tasks to queue
[2025-12-04T23:28:26.976+0600] {logging_mixin.py:154} INFO - [2025-12-04T23:28:26.975+0600] {dagbag.py:536} INFO - Filling up the DagBag from /Users/asminsadykova/Desktop/h&m/.venv/lib/python3.9/site-packages/airflow/example_dags/example_python_operator.py
[2025-12-04T23:28:26.997+0600] {logging_mixin.py:154} INFO - [2025-12-04T23:28:26.997+0600] {example_python_operator.py:86} WARNING - The virtalenv_python example task requires virtualenv, please install it.
[2025-12-04T23:28:27.000+0600] {processor.py:839} INFO - DAG(s) dict_keys(['example_python_operator']) retrieved from /Users/asminsadykova/Desktop/h&m/.venv/lib/python3.9/site-packages/airflow/example_dags/example_python_operator.py
[2025-12-04T23:28:27.073+0600] {logging_mixin.py:154} INFO - [2025-12-04T23:28:27.073+0600] {dag.py:2941} INFO - Sync 1 DAGs
[2025-12-04T23:28:27.077+0600] {logging_mixin.py:154} INFO - [2025-12-04T23:28:27.077+0600] {dag.py:3722} INFO - Setting next_dagrun for example_python_operator to None, run_after=None
[2025-12-04T23:28:27.085+0600] {processor.py:179} INFO - Processing /Users/asminsadykova/Desktop/h&m/.venv/lib/python3.9/site-packages/airflow/example_dags/example_python_operator.py took 0.111 seconds
[2025-12-04T23:29:52.102+0600] {processor.py:157} INFO - Started process (PID=39787) to work on /Users/asminsadykova/Desktop/h&m/.venv/lib/python3.9/site-packages/airflow/example_dags/example_python_operator.py
[2025-12-04T23:29:52.102+0600] {processor.py:829} INFO - Processing file /Users/asminsadykova/Desktop/h&m/.venv/lib/python3.9/site-packages/airflow/example_dags/example_python_operator.py for tasks to queue
[2025-12-04T23:29:52.103+0600] {logging_mixin.py:154} INFO - [2025-12-04T23:29:52.103+0600] {dagbag.py:536} INFO - Filling up the DagBag from /Users/asminsadykova/Desktop/h&m/.venv/lib/python3.9/site-packages/airflow/example_dags/example_python_operator.py
[2025-12-04T23:29:52.123+0600] {logging_mixin.py:154} INFO - [2025-12-04T23:29:52.123+0600] {example_python_operator.py:86} WARNING - The virtalenv_python example task requires virtualenv, please install it.
[2025-12-04T23:29:52.126+0600] {processor.py:839} INFO - DAG(s) dict_keys(['example_python_operator']) retrieved from /Users/asminsadykova/Desktop/h&m/.venv/lib/python3.9/site-packages/airflow/example_dags/example_python_operator.py
[2025-12-04T23:29:52.194+0600] {logging_mixin.py:154} INFO - [2025-12-04T23:29:52.194+0600] {dag.py:2941} INFO - Sync 1 DAGs
[2025-12-04T23:29:52.198+0600] {logging_mixin.py:154} INFO - [2025-12-04T23:29:52.198+0600] {dag.py:3722} INFO - Setting next_dagrun for example_python_operator to None, run_after=None
[2025-12-04T23:29:52.206+0600] {processor.py:179} INFO - Processing /Users/asminsadykova/Desktop/h&m/.venv/lib/python3.9/site-packages/airflow/example_dags/example_python_operator.py took 0.105 seconds
[2025-12-04T23:31:12.903+0600] {processor.py:157} INFO - Started process (PID=39854) to work on /Users/asminsadykova/Desktop/h&m/.venv/lib/python3.9/site-packages/airflow/example_dags/example_python_operator.py
[2025-12-04T23:31:12.904+0600] {processor.py:829} INFO - Processing file /Users/asminsadykova/Desktop/h&m/.venv/lib/python3.9/site-packages/airflow/example_dags/example_python_operator.py for tasks to queue
[2025-12-04T23:31:12.904+0600] {logging_mixin.py:154} INFO - [2025-12-04T23:31:12.904+0600] {dagbag.py:536} INFO - Filling up the DagBag from /Users/asminsadykova/Desktop/h&m/.venv/lib/python3.9/site-packages/airflow/example_dags/example_python_operator.py
[2025-12-04T23:31:12.925+0600] {logging_mixin.py:154} INFO - [2025-12-04T23:31:12.925+0600] {example_python_operator.py:86} WARNING - The virtalenv_python example task requires virtualenv, please install it.
[2025-12-04T23:31:12.927+0600] {processor.py:839} INFO - DAG(s) dict_keys(['example_python_operator']) retrieved from /Users/asminsadykova/Desktop/h&m/.venv/lib/python3.9/site-packages/airflow/example_dags/example_python_operator.py
[2025-12-04T23:31:12.995+0600] {logging_mixin.py:154} INFO - [2025-12-04T23:31:12.995+0600] {dag.py:2941} INFO - Sync 1 DAGs
[2025-12-04T23:31:12.999+0600] {logging_mixin.py:154} INFO - [2025-12-04T23:31:12.999+0600] {dag.py:3722} INFO - Setting next_dagrun for example_python_operator to None, run_after=None
[2025-12-04T23:31:13.007+0600] {processor.py:179} INFO - Processing /Users/asminsadykova/Desktop/h&m/.venv/lib/python3.9/site-packages/airflow/example_dags/example_python_operator.py took 0.104 seconds
[2025-12-04T23:32:41.958+0600] {processor.py:157} INFO - Started process (PID=40071) to work on /Users/asminsadykova/Desktop/h&m/.venv/lib/python3.9/site-packages/airflow/example_dags/example_python_operator.py
[2025-12-04T23:32:41.959+0600] {processor.py:829} INFO - Processing file /Users/asminsadykova/Desktop/h&m/.venv/lib/python3.9/site-packages/airflow/example_dags/example_python_operator.py for tasks to queue
[2025-12-04T23:32:41.959+0600] {logging_mixin.py:154} INFO - [2025-12-04T23:32:41.959+0600] {dagbag.py:536} INFO - Filling up the DagBag from /Users/asminsadykova/Desktop/h&m/.venv/lib/python3.9/site-packages/airflow/example_dags/example_python_operator.py
[2025-12-04T23:32:41.980+0600] {logging_mixin.py:154} INFO - [2025-12-04T23:32:41.980+0600] {example_python_operator.py:86} WARNING - The virtalenv_python example task requires virtualenv, please install it.
[2025-12-04T23:32:41.982+0600] {processor.py:839} INFO - DAG(s) dict_keys(['example_python_operator']) retrieved from /Users/asminsadykova/Desktop/h&m/.venv/lib/python3.9/site-packages/airflow/example_dags/example_python_operator.py
[2025-12-04T23:32:42.049+0600] {logging_mixin.py:154} INFO - [2025-12-04T23:32:42.049+0600] {dag.py:2941} INFO - Sync 1 DAGs
[2025-12-04T23:32:42.053+0600] {logging_mixin.py:154} INFO - [2025-12-04T23:32:42.053+0600] {dag.py:3722} INFO - Setting next_dagrun for example_python_operator to None, run_after=None
[2025-12-04T23:32:42.061+0600] {processor.py:179} INFO - Processing /Users/asminsadykova/Desktop/h&m/.venv/lib/python3.9/site-packages/airflow/example_dags/example_python_operator.py took 0.103 seconds
[2025-12-04T23:34:04.138+0600] {processor.py:157} INFO - Started process (PID=40149) to work on /Users/asminsadykova/Desktop/h&m/.venv/lib/python3.9/site-packages/airflow/example_dags/example_python_operator.py
[2025-12-04T23:34:04.139+0600] {processor.py:829} INFO - Processing file /Users/asminsadykova/Desktop/h&m/.venv/lib/python3.9/site-packages/airflow/example_dags/example_python_operator.py for tasks to queue
[2025-12-04T23:34:04.139+0600] {logging_mixin.py:154} INFO - [2025-12-04T23:34:04.139+0600] {dagbag.py:536} INFO - Filling up the DagBag from /Users/asminsadykova/Desktop/h&m/.venv/lib/python3.9/site-packages/airflow/example_dags/example_python_operator.py
[2025-12-04T23:34:04.160+0600] {logging_mixin.py:154} INFO - [2025-12-04T23:34:04.160+0600] {example_python_operator.py:86} WARNING - The virtalenv_python example task requires virtualenv, please install it.
[2025-12-04T23:34:04.162+0600] {processor.py:839} INFO - DAG(s) dict_keys(['example_python_operator']) retrieved from /Users/asminsadykova/Desktop/h&m/.venv/lib/python3.9/site-packages/airflow/example_dags/example_python_operator.py
[2025-12-04T23:34:04.231+0600] {logging_mixin.py:154} INFO - [2025-12-04T23:34:04.231+0600] {dag.py:2941} INFO - Sync 1 DAGs
[2025-12-04T23:34:04.235+0600] {logging_mixin.py:154} INFO - [2025-12-04T23:34:04.235+0600] {dag.py:3722} INFO - Setting next_dagrun for example_python_operator to None, run_after=None
[2025-12-04T23:34:04.243+0600] {processor.py:179} INFO - Processing /Users/asminsadykova/Desktop/h&m/.venv/lib/python3.9/site-packages/airflow/example_dags/example_python_operator.py took 0.105 seconds
[2025-12-04T23:35:38.279+0600] {processor.py:157} INFO - Started process (PID=40241) to work on /Users/asminsadykova/Desktop/h&m/.venv/lib/python3.9/site-packages/airflow/example_dags/example_python_operator.py
[2025-12-04T23:35:38.280+0600] {processor.py:829} INFO - Processing file /Users/asminsadykova/Desktop/h&m/.venv/lib/python3.9/site-packages/airflow/example_dags/example_python_operator.py for tasks to queue
[2025-12-04T23:35:38.281+0600] {logging_mixin.py:154} INFO - [2025-12-04T23:35:38.281+0600] {dagbag.py:536} INFO - Filling up the DagBag from /Users/asminsadykova/Desktop/h&m/.venv/lib/python3.9/site-packages/airflow/example_dags/example_python_operator.py
[2025-12-04T23:35:38.302+0600] {logging_mixin.py:154} INFO - [2025-12-04T23:35:38.302+0600] {example_python_operator.py:86} WARNING - The virtalenv_python example task requires virtualenv, please install it.
[2025-12-04T23:35:38.305+0600] {processor.py:839} INFO - DAG(s) dict_keys(['example_python_operator']) retrieved from /Users/asminsadykova/Desktop/h&m/.venv/lib/python3.9/site-packages/airflow/example_dags/example_python_operator.py
[2025-12-04T23:35:38.378+0600] {logging_mixin.py:154} INFO - [2025-12-04T23:35:38.377+0600] {dag.py:2941} INFO - Sync 1 DAGs
[2025-12-04T23:35:38.381+0600] {logging_mixin.py:154} INFO - [2025-12-04T23:35:38.381+0600] {dag.py:3722} INFO - Setting next_dagrun for example_python_operator to None, run_after=None
[2025-12-04T23:35:38.390+0600] {processor.py:179} INFO - Processing /Users/asminsadykova/Desktop/h&m/.venv/lib/python3.9/site-packages/airflow/example_dags/example_python_operator.py took 0.111 seconds
[2025-12-04T23:37:12.871+0600] {processor.py:157} INFO - Started process (PID=40333) to work on /Users/asminsadykova/Desktop/h&m/.venv/lib/python3.9/site-packages/airflow/example_dags/example_python_operator.py
[2025-12-04T23:37:12.872+0600] {processor.py:829} INFO - Processing file /Users/asminsadykova/Desktop/h&m/.venv/lib/python3.9/site-packages/airflow/example_dags/example_python_operator.py for tasks to queue
[2025-12-04T23:37:12.872+0600] {logging_mixin.py:154} INFO - [2025-12-04T23:37:12.872+0600] {dagbag.py:536} INFO - Filling up the DagBag from /Users/asminsadykova/Desktop/h&m/.venv/lib/python3.9/site-packages/airflow/example_dags/example_python_operator.py
[2025-12-04T23:37:12.893+0600] {logging_mixin.py:154} INFO - [2025-12-04T23:37:12.893+0600] {example_python_operator.py:86} WARNING - The virtalenv_python example task requires virtualenv, please install it.
[2025-12-04T23:37:12.896+0600] {processor.py:839} INFO - DAG(s) dict_keys(['example_python_operator']) retrieved from /Users/asminsadykova/Desktop/h&m/.venv/lib/python3.9/site-packages/airflow/example_dags/example_python_operator.py
[2025-12-04T23:37:12.963+0600] {logging_mixin.py:154} INFO - [2025-12-04T23:37:12.963+0600] {dag.py:2941} INFO - Sync 1 DAGs
[2025-12-04T23:37:12.967+0600] {logging_mixin.py:154} INFO - [2025-12-04T23:37:12.966+0600] {dag.py:3722} INFO - Setting next_dagrun for example_python_operator to None, run_after=None
[2025-12-04T23:37:12.975+0600] {processor.py:179} INFO - Processing /Users/asminsadykova/Desktop/h&m/.venv/lib/python3.9/site-packages/airflow/example_dags/example_python_operator.py took 0.104 seconds
[2025-12-04T23:38:47.152+0600] {processor.py:157} INFO - Started process (PID=40417) to work on /Users/asminsadykova/Desktop/h&m/.venv/lib/python3.9/site-packages/airflow/example_dags/example_python_operator.py
[2025-12-04T23:38:47.152+0600] {processor.py:829} INFO - Processing file /Users/asminsadykova/Desktop/h&m/.venv/lib/python3.9/site-packages/airflow/example_dags/example_python_operator.py for tasks to queue
[2025-12-04T23:38:47.153+0600] {logging_mixin.py:154} INFO - [2025-12-04T23:38:47.153+0600] {dagbag.py:536} INFO - Filling up the DagBag from /Users/asminsadykova/Desktop/h&m/.venv/lib/python3.9/site-packages/airflow/example_dags/example_python_operator.py
[2025-12-04T23:38:47.174+0600] {logging_mixin.py:154} INFO - [2025-12-04T23:38:47.174+0600] {example_python_operator.py:86} WARNING - The virtalenv_python example task requires virtualenv, please install it.
[2025-12-04T23:38:47.177+0600] {processor.py:839} INFO - DAG(s) dict_keys(['example_python_operator']) retrieved from /Users/asminsadykova/Desktop/h&m/.venv/lib/python3.9/site-packages/airflow/example_dags/example_python_operator.py
[2025-12-04T23:38:47.259+0600] {logging_mixin.py:154} INFO - [2025-12-04T23:38:47.258+0600] {dag.py:2941} INFO - Sync 1 DAGs
[2025-12-04T23:38:47.262+0600] {logging_mixin.py:154} INFO - [2025-12-04T23:38:47.262+0600] {dag.py:3722} INFO - Setting next_dagrun for example_python_operator to None, run_after=None
[2025-12-04T23:38:47.270+0600] {processor.py:179} INFO - Processing /Users/asminsadykova/Desktop/h&m/.venv/lib/python3.9/site-packages/airflow/example_dags/example_python_operator.py took 0.119 seconds
[2025-12-04T23:40:20.275+0600] {processor.py:157} INFO - Started process (PID=40543) to work on /Users/asminsadykova/Desktop/h&m/.venv/lib/python3.9/site-packages/airflow/example_dags/example_python_operator.py
[2025-12-04T23:40:20.277+0600] {processor.py:829} INFO - Processing file /Users/asminsadykova/Desktop/h&m/.venv/lib/python3.9/site-packages/airflow/example_dags/example_python_operator.py for tasks to queue
[2025-12-04T23:40:20.277+0600] {logging_mixin.py:154} INFO - [2025-12-04T23:40:20.277+0600] {dagbag.py:536} INFO - Filling up the DagBag from /Users/asminsadykova/Desktop/h&m/.venv/lib/python3.9/site-packages/airflow/example_dags/example_python_operator.py
[2025-12-04T23:40:20.309+0600] {logging_mixin.py:154} INFO - [2025-12-04T23:40:20.309+0600] {example_python_operator.py:86} WARNING - The virtalenv_python example task requires virtualenv, please install it.
[2025-12-04T23:40:20.312+0600] {processor.py:839} INFO - DAG(s) dict_keys(['example_python_operator']) retrieved from /Users/asminsadykova/Desktop/h&m/.venv/lib/python3.9/site-packages/airflow/example_dags/example_python_operator.py
[2025-12-04T23:40:20.403+0600] {logging_mixin.py:154} INFO - [2025-12-04T23:40:20.403+0600] {dag.py:2941} INFO - Sync 1 DAGs
[2025-12-04T23:40:20.407+0600] {logging_mixin.py:154} INFO - [2025-12-04T23:40:20.407+0600] {dag.py:3722} INFO - Setting next_dagrun for example_python_operator to None, run_after=None
[2025-12-04T23:40:20.417+0600] {processor.py:179} INFO - Processing /Users/asminsadykova/Desktop/h&m/.venv/lib/python3.9/site-packages/airflow/example_dags/example_python_operator.py took 0.143 seconds
[2025-12-04T23:41:53.340+0600] {processor.py:157} INFO - Started process (PID=40632) to work on /Users/asminsadykova/Desktop/h&m/.venv/lib/python3.9/site-packages/airflow/example_dags/example_python_operator.py
[2025-12-04T23:41:53.341+0600] {processor.py:829} INFO - Processing file /Users/asminsadykova/Desktop/h&m/.venv/lib/python3.9/site-packages/airflow/example_dags/example_python_operator.py for tasks to queue
[2025-12-04T23:41:53.341+0600] {logging_mixin.py:154} INFO - [2025-12-04T23:41:53.341+0600] {dagbag.py:536} INFO - Filling up the DagBag from /Users/asminsadykova/Desktop/h&m/.venv/lib/python3.9/site-packages/airflow/example_dags/example_python_operator.py
[2025-12-04T23:41:53.362+0600] {logging_mixin.py:154} INFO - [2025-12-04T23:41:53.362+0600] {example_python_operator.py:86} WARNING - The virtalenv_python example task requires virtualenv, please install it.
[2025-12-04T23:41:53.364+0600] {processor.py:839} INFO - DAG(s) dict_keys(['example_python_operator']) retrieved from /Users/asminsadykova/Desktop/h&m/.venv/lib/python3.9/site-packages/airflow/example_dags/example_python_operator.py
[2025-12-04T23:41:53.432+0600] {logging_mixin.py:154} INFO - [2025-12-04T23:41:53.432+0600] {dag.py:2941} INFO - Sync 1 DAGs
[2025-12-04T23:41:53.436+0600] {logging_mixin.py:154} INFO - [2025-12-04T23:41:53.436+0600] {dag.py:3722} INFO - Setting next_dagrun for example_python_operator to None, run_after=None
[2025-12-04T23:41:53.445+0600] {processor.py:179} INFO - Processing /Users/asminsadykova/Desktop/h&m/.venv/lib/python3.9/site-packages/airflow/example_dags/example_python_operator.py took 0.105 seconds
[2025-12-04T23:43:24.819+0600] {processor.py:157} INFO - Started process (PID=40753) to work on /Users/asminsadykova/Desktop/h&m/.venv/lib/python3.9/site-packages/airflow/example_dags/example_python_operator.py
[2025-12-04T23:43:24.827+0600] {processor.py:829} INFO - Processing file /Users/asminsadykova/Desktop/h&m/.venv/lib/python3.9/site-packages/airflow/example_dags/example_python_operator.py for tasks to queue
[2025-12-04T23:43:24.827+0600] {logging_mixin.py:154} INFO - [2025-12-04T23:43:24.827+0600] {dagbag.py:536} INFO - Filling up the DagBag from /Users/asminsadykova/Desktop/h&m/.venv/lib/python3.9/site-packages/airflow/example_dags/example_python_operator.py
[2025-12-04T23:43:24.849+0600] {logging_mixin.py:154} INFO - [2025-12-04T23:43:24.849+0600] {example_python_operator.py:86} WARNING - The virtalenv_python example task requires virtualenv, please install it.
[2025-12-04T23:43:24.851+0600] {processor.py:839} INFO - DAG(s) dict_keys(['example_python_operator']) retrieved from /Users/asminsadykova/Desktop/h&m/.venv/lib/python3.9/site-packages/airflow/example_dags/example_python_operator.py
[2025-12-04T23:43:24.920+0600] {logging_mixin.py:154} INFO - [2025-12-04T23:43:24.920+0600] {dag.py:2941} INFO - Sync 1 DAGs
[2025-12-04T23:43:24.924+0600] {logging_mixin.py:154} INFO - [2025-12-04T23:43:24.924+0600] {dag.py:3722} INFO - Setting next_dagrun for example_python_operator to None, run_after=None
[2025-12-04T23:43:24.932+0600] {processor.py:179} INFO - Processing /Users/asminsadykova/Desktop/h&m/.venv/lib/python3.9/site-packages/airflow/example_dags/example_python_operator.py took 0.114 seconds
[2025-12-04T23:45:01.721+0600] {processor.py:157} INFO - Started process (PID=41060) to work on /Users/asminsadykova/Desktop/h&m/.venv/lib/python3.9/site-packages/airflow/example_dags/example_python_operator.py
[2025-12-04T23:45:01.722+0600] {processor.py:829} INFO - Processing file /Users/asminsadykova/Desktop/h&m/.venv/lib/python3.9/site-packages/airflow/example_dags/example_python_operator.py for tasks to queue
[2025-12-04T23:45:01.723+0600] {logging_mixin.py:154} INFO - [2025-12-04T23:45:01.723+0600] {dagbag.py:536} INFO - Filling up the DagBag from /Users/asminsadykova/Desktop/h&m/.venv/lib/python3.9/site-packages/airflow/example_dags/example_python_operator.py
[2025-12-04T23:45:01.750+0600] {logging_mixin.py:154} INFO - [2025-12-04T23:45:01.749+0600] {example_python_operator.py:86} WARNING - The virtalenv_python example task requires virtualenv, please install it.
[2025-12-04T23:45:01.753+0600] {processor.py:839} INFO - DAG(s) dict_keys(['example_python_operator']) retrieved from /Users/asminsadykova/Desktop/h&m/.venv/lib/python3.9/site-packages/airflow/example_dags/example_python_operator.py
[2025-12-04T23:45:01.832+0600] {logging_mixin.py:154} INFO - [2025-12-04T23:45:01.832+0600] {dag.py:2941} INFO - Sync 1 DAGs
[2025-12-04T23:45:01.836+0600] {logging_mixin.py:154} INFO - [2025-12-04T23:45:01.836+0600] {dag.py:3722} INFO - Setting next_dagrun for example_python_operator to None, run_after=None
[2025-12-04T23:45:01.846+0600] {processor.py:179} INFO - Processing /Users/asminsadykova/Desktop/h&m/.venv/lib/python3.9/site-packages/airflow/example_dags/example_python_operator.py took 0.126 seconds
[2025-12-04T23:46:37.823+0600] {processor.py:157} INFO - Started process (PID=41380) to work on /Users/asminsadykova/Desktop/h&m/.venv/lib/python3.9/site-packages/airflow/example_dags/example_python_operator.py
[2025-12-04T23:46:37.823+0600] {processor.py:829} INFO - Processing file /Users/asminsadykova/Desktop/h&m/.venv/lib/python3.9/site-packages/airflow/example_dags/example_python_operator.py for tasks to queue
[2025-12-04T23:46:37.824+0600] {logging_mixin.py:154} INFO - [2025-12-04T23:46:37.824+0600] {dagbag.py:536} INFO - Filling up the DagBag from /Users/asminsadykova/Desktop/h&m/.venv/lib/python3.9/site-packages/airflow/example_dags/example_python_operator.py
[2025-12-04T23:46:37.845+0600] {logging_mixin.py:154} INFO - [2025-12-04T23:46:37.845+0600] {example_python_operator.py:86} WARNING - The virtalenv_python example task requires virtualenv, please install it.
[2025-12-04T23:46:37.847+0600] {processor.py:839} INFO - DAG(s) dict_keys(['example_python_operator']) retrieved from /Users/asminsadykova/Desktop/h&m/.venv/lib/python3.9/site-packages/airflow/example_dags/example_python_operator.py
[2025-12-04T23:46:37.915+0600] {logging_mixin.py:154} INFO - [2025-12-04T23:46:37.915+0600] {dag.py:2941} INFO - Sync 1 DAGs
[2025-12-04T23:46:37.919+0600] {logging_mixin.py:154} INFO - [2025-12-04T23:46:37.919+0600] {dag.py:3722} INFO - Setting next_dagrun for example_python_operator to None, run_after=None
[2025-12-04T23:46:37.927+0600] {processor.py:179} INFO - Processing /Users/asminsadykova/Desktop/h&m/.venv/lib/python3.9/site-packages/airflow/example_dags/example_python_operator.py took 0.105 seconds
[2025-12-04T23:48:04.762+0600] {processor.py:157} INFO - Started process (PID=41621) to work on /Users/asminsadykova/Desktop/h&m/.venv/lib/python3.9/site-packages/airflow/example_dags/example_python_operator.py
[2025-12-04T23:48:04.763+0600] {processor.py:829} INFO - Processing file /Users/asminsadykova/Desktop/h&m/.venv/lib/python3.9/site-packages/airflow/example_dags/example_python_operator.py for tasks to queue
[2025-12-04T23:48:04.763+0600] {logging_mixin.py:154} INFO - [2025-12-04T23:48:04.763+0600] {dagbag.py:536} INFO - Filling up the DagBag from /Users/asminsadykova/Desktop/h&m/.venv/lib/python3.9/site-packages/airflow/example_dags/example_python_operator.py
[2025-12-04T23:48:04.785+0600] {logging_mixin.py:154} INFO - [2025-12-04T23:48:04.785+0600] {example_python_operator.py:86} WARNING - The virtalenv_python example task requires virtualenv, please install it.
[2025-12-04T23:48:04.788+0600] {processor.py:839} INFO - DAG(s) dict_keys(['example_python_operator']) retrieved from /Users/asminsadykova/Desktop/h&m/.venv/lib/python3.9/site-packages/airflow/example_dags/example_python_operator.py
[2025-12-04T23:48:04.860+0600] {logging_mixin.py:154} INFO - [2025-12-04T23:48:04.860+0600] {dag.py:2941} INFO - Sync 1 DAGs
[2025-12-04T23:48:04.863+0600] {logging_mixin.py:154} INFO - [2025-12-04T23:48:04.863+0600] {dag.py:3722} INFO - Setting next_dagrun for example_python_operator to None, run_after=None
[2025-12-04T23:48:04.871+0600] {processor.py:179} INFO - Processing /Users/asminsadykova/Desktop/h&m/.venv/lib/python3.9/site-packages/airflow/example_dags/example_python_operator.py took 0.110 seconds
[2025-12-04T23:49:34.164+0600] {processor.py:157} INFO - Started process (PID=41750) to work on /Users/asminsadykova/Desktop/h&m/.venv/lib/python3.9/site-packages/airflow/example_dags/example_python_operator.py
[2025-12-04T23:49:34.165+0600] {processor.py:829} INFO - Processing file /Users/asminsadykova/Desktop/h&m/.venv/lib/python3.9/site-packages/airflow/example_dags/example_python_operator.py for tasks to queue
[2025-12-04T23:49:34.165+0600] {logging_mixin.py:154} INFO - [2025-12-04T23:49:34.165+0600] {dagbag.py:536} INFO - Filling up the DagBag from /Users/asminsadykova/Desktop/h&m/.venv/lib/python3.9/site-packages/airflow/example_dags/example_python_operator.py
[2025-12-04T23:49:34.195+0600] {logging_mixin.py:154} INFO - [2025-12-04T23:49:34.195+0600] {example_python_operator.py:86} WARNING - The virtalenv_python example task requires virtualenv, please install it.
[2025-12-04T23:49:34.198+0600] {processor.py:839} INFO - DAG(s) dict_keys(['example_python_operator']) retrieved from /Users/asminsadykova/Desktop/h&m/.venv/lib/python3.9/site-packages/airflow/example_dags/example_python_operator.py
[2025-12-04T23:49:34.312+0600] {logging_mixin.py:154} INFO - [2025-12-04T23:49:34.311+0600] {dag.py:2941} INFO - Sync 1 DAGs
[2025-12-04T23:49:34.318+0600] {logging_mixin.py:154} INFO - [2025-12-04T23:49:34.318+0600] {dag.py:3722} INFO - Setting next_dagrun for example_python_operator to None, run_after=None
[2025-12-04T23:49:34.335+0600] {processor.py:179} INFO - Processing /Users/asminsadykova/Desktop/h&m/.venv/lib/python3.9/site-packages/airflow/example_dags/example_python_operator.py took 0.172 seconds
[2025-12-04T23:51:14.575+0600] {processor.py:157} INFO - Started process (PID=41918) to work on /Users/asminsadykova/Desktop/h&m/.venv/lib/python3.9/site-packages/airflow/example_dags/example_python_operator.py
[2025-12-04T23:51:14.576+0600] {processor.py:829} INFO - Processing file /Users/asminsadykova/Desktop/h&m/.venv/lib/python3.9/site-packages/airflow/example_dags/example_python_operator.py for tasks to queue
[2025-12-04T23:51:14.576+0600] {logging_mixin.py:154} INFO - [2025-12-04T23:51:14.576+0600] {dagbag.py:536} INFO - Filling up the DagBag from /Users/asminsadykova/Desktop/h&m/.venv/lib/python3.9/site-packages/airflow/example_dags/example_python_operator.py
[2025-12-04T23:51:14.601+0600] {logging_mixin.py:154} INFO - [2025-12-04T23:51:14.601+0600] {example_python_operator.py:86} WARNING - The virtalenv_python example task requires virtualenv, please install it.
[2025-12-04T23:51:14.603+0600] {processor.py:839} INFO - DAG(s) dict_keys(['example_python_operator']) retrieved from /Users/asminsadykova/Desktop/h&m/.venv/lib/python3.9/site-packages/airflow/example_dags/example_python_operator.py
[2025-12-04T23:51:14.680+0600] {logging_mixin.py:154} INFO - [2025-12-04T23:51:14.680+0600] {dag.py:2941} INFO - Sync 1 DAGs
[2025-12-04T23:51:14.684+0600] {logging_mixin.py:154} INFO - [2025-12-04T23:51:14.683+0600] {dag.py:3722} INFO - Setting next_dagrun for example_python_operator to None, run_after=None
[2025-12-04T23:51:14.694+0600] {processor.py:179} INFO - Processing /Users/asminsadykova/Desktop/h&m/.venv/lib/python3.9/site-packages/airflow/example_dags/example_python_operator.py took 0.120 seconds
[2025-12-04T23:52:47.535+0600] {processor.py:157} INFO - Started process (PID=42081) to work on /Users/asminsadykova/Desktop/h&m/.venv/lib/python3.9/site-packages/airflow/example_dags/example_python_operator.py
[2025-12-04T23:52:47.536+0600] {processor.py:829} INFO - Processing file /Users/asminsadykova/Desktop/h&m/.venv/lib/python3.9/site-packages/airflow/example_dags/example_python_operator.py for tasks to queue
[2025-12-04T23:52:47.536+0600] {logging_mixin.py:154} INFO - [2025-12-04T23:52:47.536+0600] {dagbag.py:536} INFO - Filling up the DagBag from /Users/asminsadykova/Desktop/h&m/.venv/lib/python3.9/site-packages/airflow/example_dags/example_python_operator.py
[2025-12-04T23:52:47.558+0600] {logging_mixin.py:154} INFO - [2025-12-04T23:52:47.558+0600] {example_python_operator.py:86} WARNING - The virtalenv_python example task requires virtualenv, please install it.
[2025-12-04T23:52:47.560+0600] {processor.py:839} INFO - DAG(s) dict_keys(['example_python_operator']) retrieved from /Users/asminsadykova/Desktop/h&m/.venv/lib/python3.9/site-packages/airflow/example_dags/example_python_operator.py
[2025-12-04T23:52:47.629+0600] {logging_mixin.py:154} INFO - [2025-12-04T23:52:47.629+0600] {dag.py:2941} INFO - Sync 1 DAGs
[2025-12-04T23:52:47.632+0600] {logging_mixin.py:154} INFO - [2025-12-04T23:52:47.632+0600] {dag.py:3722} INFO - Setting next_dagrun for example_python_operator to None, run_after=None
[2025-12-04T23:52:47.641+0600] {processor.py:179} INFO - Processing /Users/asminsadykova/Desktop/h&m/.venv/lib/python3.9/site-packages/airflow/example_dags/example_python_operator.py took 0.107 seconds
[2025-12-04T23:54:21.488+0600] {processor.py:157} INFO - Started process (PID=42175) to work on /Users/asminsadykova/Desktop/h&m/.venv/lib/python3.9/site-packages/airflow/example_dags/example_python_operator.py
[2025-12-04T23:54:21.489+0600] {processor.py:829} INFO - Processing file /Users/asminsadykova/Desktop/h&m/.venv/lib/python3.9/site-packages/airflow/example_dags/example_python_operator.py for tasks to queue
[2025-12-04T23:54:21.490+0600] {logging_mixin.py:154} INFO - [2025-12-04T23:54:21.490+0600] {dagbag.py:536} INFO - Filling up the DagBag from /Users/asminsadykova/Desktop/h&m/.venv/lib/python3.9/site-packages/airflow/example_dags/example_python_operator.py
[2025-12-04T23:54:21.511+0600] {logging_mixin.py:154} INFO - [2025-12-04T23:54:21.511+0600] {example_python_operator.py:86} WARNING - The virtalenv_python example task requires virtualenv, please install it.
[2025-12-04T23:54:21.513+0600] {processor.py:839} INFO - DAG(s) dict_keys(['example_python_operator']) retrieved from /Users/asminsadykova/Desktop/h&m/.venv/lib/python3.9/site-packages/airflow/example_dags/example_python_operator.py
[2025-12-04T23:54:21.580+0600] {logging_mixin.py:154} INFO - [2025-12-04T23:54:21.579+0600] {dag.py:2941} INFO - Sync 1 DAGs
[2025-12-04T23:54:21.583+0600] {logging_mixin.py:154} INFO - [2025-12-04T23:54:21.583+0600] {dag.py:3722} INFO - Setting next_dagrun for example_python_operator to None, run_after=None
[2025-12-04T23:54:21.591+0600] {processor.py:179} INFO - Processing /Users/asminsadykova/Desktop/h&m/.venv/lib/python3.9/site-packages/airflow/example_dags/example_python_operator.py took 0.103 seconds
[2025-12-04T23:55:47.256+0600] {processor.py:157} INFO - Started process (PID=42255) to work on /Users/asminsadykova/Desktop/h&m/.venv/lib/python3.9/site-packages/airflow/example_dags/example_python_operator.py
[2025-12-04T23:55:47.256+0600] {processor.py:829} INFO - Processing file /Users/asminsadykova/Desktop/h&m/.venv/lib/python3.9/site-packages/airflow/example_dags/example_python_operator.py for tasks to queue
[2025-12-04T23:55:47.257+0600] {logging_mixin.py:154} INFO - [2025-12-04T23:55:47.256+0600] {dagbag.py:536} INFO - Filling up the DagBag from /Users/asminsadykova/Desktop/h&m/.venv/lib/python3.9/site-packages/airflow/example_dags/example_python_operator.py
[2025-12-04T23:55:47.277+0600] {logging_mixin.py:154} INFO - [2025-12-04T23:55:47.277+0600] {example_python_operator.py:86} WARNING - The virtalenv_python example task requires virtualenv, please install it.
[2025-12-04T23:55:47.280+0600] {processor.py:839} INFO - DAG(s) dict_keys(['example_python_operator']) retrieved from /Users/asminsadykova/Desktop/h&m/.venv/lib/python3.9/site-packages/airflow/example_dags/example_python_operator.py
[2025-12-04T23:55:47.347+0600] {logging_mixin.py:154} INFO - [2025-12-04T23:55:47.347+0600] {dag.py:2941} INFO - Sync 1 DAGs
[2025-12-04T23:55:47.350+0600] {logging_mixin.py:154} INFO - [2025-12-04T23:55:47.350+0600] {dag.py:3722} INFO - Setting next_dagrun for example_python_operator to None, run_after=None
[2025-12-04T23:55:47.358+0600] {processor.py:179} INFO - Processing /Users/asminsadykova/Desktop/h&m/.venv/lib/python3.9/site-packages/airflow/example_dags/example_python_operator.py took 0.103 seconds
[2025-12-04T23:57:19.606+0600] {processor.py:157} INFO - Started process (PID=42327) to work on /Users/asminsadykova/Desktop/h&m/.venv/lib/python3.9/site-packages/airflow/example_dags/example_python_operator.py
[2025-12-04T23:57:19.607+0600] {processor.py:829} INFO - Processing file /Users/asminsadykova/Desktop/h&m/.venv/lib/python3.9/site-packages/airflow/example_dags/example_python_operator.py for tasks to queue
[2025-12-04T23:57:19.607+0600] {logging_mixin.py:154} INFO - [2025-12-04T23:57:19.607+0600] {dagbag.py:536} INFO - Filling up the DagBag from /Users/asminsadykova/Desktop/h&m/.venv/lib/python3.9/site-packages/airflow/example_dags/example_python_operator.py
[2025-12-04T23:57:19.629+0600] {logging_mixin.py:154} INFO - [2025-12-04T23:57:19.628+0600] {example_python_operator.py:86} WARNING - The virtalenv_python example task requires virtualenv, please install it.
[2025-12-04T23:57:19.631+0600] {processor.py:839} INFO - DAG(s) dict_keys(['example_python_operator']) retrieved from /Users/asminsadykova/Desktop/h&m/.venv/lib/python3.9/site-packages/airflow/example_dags/example_python_operator.py
[2025-12-04T23:57:19.703+0600] {logging_mixin.py:154} INFO - [2025-12-04T23:57:19.703+0600] {dag.py:2941} INFO - Sync 1 DAGs
[2025-12-04T23:57:19.707+0600] {logging_mixin.py:154} INFO - [2025-12-04T23:57:19.707+0600] {dag.py:3722} INFO - Setting next_dagrun for example_python_operator to None, run_after=None
[2025-12-04T23:57:19.717+0600] {processor.py:179} INFO - Processing /Users/asminsadykova/Desktop/h&m/.venv/lib/python3.9/site-packages/airflow/example_dags/example_python_operator.py took 0.112 seconds
[2025-12-04T23:58:44.967+0600] {processor.py:157} INFO - Started process (PID=42412) to work on /Users/asminsadykova/Desktop/h&m/.venv/lib/python3.9/site-packages/airflow/example_dags/example_python_operator.py
[2025-12-04T23:58:44.968+0600] {processor.py:829} INFO - Processing file /Users/asminsadykova/Desktop/h&m/.venv/lib/python3.9/site-packages/airflow/example_dags/example_python_operator.py for tasks to queue
[2025-12-04T23:58:44.968+0600] {logging_mixin.py:154} INFO - [2025-12-04T23:58:44.968+0600] {dagbag.py:536} INFO - Filling up the DagBag from /Users/asminsadykova/Desktop/h&m/.venv/lib/python3.9/site-packages/airflow/example_dags/example_python_operator.py
[2025-12-04T23:58:44.989+0600] {logging_mixin.py:154} INFO - [2025-12-04T23:58:44.989+0600] {example_python_operator.py:86} WARNING - The virtalenv_python example task requires virtualenv, please install it.
[2025-12-04T23:58:44.991+0600] {processor.py:839} INFO - DAG(s) dict_keys(['example_python_operator']) retrieved from /Users/asminsadykova/Desktop/h&m/.venv/lib/python3.9/site-packages/airflow/example_dags/example_python_operator.py
[2025-12-04T23:58:45.061+0600] {logging_mixin.py:154} INFO - [2025-12-04T23:58:45.061+0600] {dag.py:2941} INFO - Sync 1 DAGs
[2025-12-04T23:58:45.064+0600] {logging_mixin.py:154} INFO - [2025-12-04T23:58:45.064+0600] {dag.py:3722} INFO - Setting next_dagrun for example_python_operator to None, run_after=None
[2025-12-04T23:58:45.073+0600] {processor.py:179} INFO - Processing /Users/asminsadykova/Desktop/h&m/.venv/lib/python3.9/site-packages/airflow/example_dags/example_python_operator.py took 0.106 seconds
[2025-12-05T00:00:16.651+0600] {processor.py:157} INFO - Started process (PID=42663) to work on /Users/asminsadykova/Desktop/h&m/.venv/lib/python3.9/site-packages/airflow/example_dags/example_python_operator.py
[2025-12-05T00:00:16.652+0600] {processor.py:829} INFO - Processing file /Users/asminsadykova/Desktop/h&m/.venv/lib/python3.9/site-packages/airflow/example_dags/example_python_operator.py for tasks to queue
[2025-12-05T00:00:16.652+0600] {logging_mixin.py:154} INFO - [2025-12-05T00:00:16.652+0600] {dagbag.py:536} INFO - Filling up the DagBag from /Users/asminsadykova/Desktop/h&m/.venv/lib/python3.9/site-packages/airflow/example_dags/example_python_operator.py
[2025-12-05T00:00:16.676+0600] {logging_mixin.py:154} INFO - [2025-12-05T00:00:16.676+0600] {example_python_operator.py:86} WARNING - The virtalenv_python example task requires virtualenv, please install it.
[2025-12-05T00:00:16.680+0600] {processor.py:839} INFO - DAG(s) dict_keys(['example_python_operator']) retrieved from /Users/asminsadykova/Desktop/h&m/.venv/lib/python3.9/site-packages/airflow/example_dags/example_python_operator.py
[2025-12-05T00:00:16.752+0600] {logging_mixin.py:154} INFO - [2025-12-05T00:00:16.752+0600] {dag.py:2941} INFO - Sync 1 DAGs
[2025-12-05T00:00:16.756+0600] {logging_mixin.py:154} INFO - [2025-12-05T00:00:16.756+0600] {dag.py:3722} INFO - Setting next_dagrun for example_python_operator to None, run_after=None
[2025-12-05T00:00:16.764+0600] {processor.py:179} INFO - Processing /Users/asminsadykova/Desktop/h&m/.venv/lib/python3.9/site-packages/airflow/example_dags/example_python_operator.py took 0.114 seconds
[2025-12-05T00:01:51.673+0600] {processor.py:157} INFO - Started process (PID=42895) to work on /Users/asminsadykova/Desktop/h&m/.venv/lib/python3.9/site-packages/airflow/example_dags/example_python_operator.py
[2025-12-05T00:01:51.674+0600] {processor.py:829} INFO - Processing file /Users/asminsadykova/Desktop/h&m/.venv/lib/python3.9/site-packages/airflow/example_dags/example_python_operator.py for tasks to queue
[2025-12-05T00:01:51.675+0600] {logging_mixin.py:154} INFO - [2025-12-05T00:01:51.675+0600] {dagbag.py:536} INFO - Filling up the DagBag from /Users/asminsadykova/Desktop/h&m/.venv/lib/python3.9/site-packages/airflow/example_dags/example_python_operator.py
[2025-12-05T00:01:51.700+0600] {logging_mixin.py:154} INFO - [2025-12-05T00:01:51.700+0600] {example_python_operator.py:86} WARNING - The virtalenv_python example task requires virtualenv, please install it.
[2025-12-05T00:01:51.703+0600] {processor.py:839} INFO - DAG(s) dict_keys(['example_python_operator']) retrieved from /Users/asminsadykova/Desktop/h&m/.venv/lib/python3.9/site-packages/airflow/example_dags/example_python_operator.py
[2025-12-05T00:01:51.781+0600] {logging_mixin.py:154} INFO - [2025-12-05T00:01:51.781+0600] {dag.py:2941} INFO - Sync 1 DAGs
[2025-12-05T00:01:51.785+0600] {logging_mixin.py:154} INFO - [2025-12-05T00:01:51.785+0600] {dag.py:3722} INFO - Setting next_dagrun for example_python_operator to None, run_after=None
[2025-12-05T00:01:51.794+0600] {processor.py:179} INFO - Processing /Users/asminsadykova/Desktop/h&m/.venv/lib/python3.9/site-packages/airflow/example_dags/example_python_operator.py took 0.123 seconds
[2025-12-05T00:03:25.581+0600] {processor.py:157} INFO - Started process (PID=42966) to work on /Users/asminsadykova/Desktop/h&m/.venv/lib/python3.9/site-packages/airflow/example_dags/example_python_operator.py
[2025-12-05T00:03:25.582+0600] {processor.py:829} INFO - Processing file /Users/asminsadykova/Desktop/h&m/.venv/lib/python3.9/site-packages/airflow/example_dags/example_python_operator.py for tasks to queue
[2025-12-05T00:03:25.582+0600] {logging_mixin.py:154} INFO - [2025-12-05T00:03:25.582+0600] {dagbag.py:536} INFO - Filling up the DagBag from /Users/asminsadykova/Desktop/h&m/.venv/lib/python3.9/site-packages/airflow/example_dags/example_python_operator.py
[2025-12-05T00:03:25.605+0600] {logging_mixin.py:154} INFO - [2025-12-05T00:03:25.605+0600] {example_python_operator.py:86} WARNING - The virtalenv_python example task requires virtualenv, please install it.
[2025-12-05T00:03:25.608+0600] {processor.py:839} INFO - DAG(s) dict_keys(['example_python_operator']) retrieved from /Users/asminsadykova/Desktop/h&m/.venv/lib/python3.9/site-packages/airflow/example_dags/example_python_operator.py
[2025-12-05T00:03:25.685+0600] {logging_mixin.py:154} INFO - [2025-12-05T00:03:25.685+0600] {dag.py:2941} INFO - Sync 1 DAGs
[2025-12-05T00:03:25.689+0600] {logging_mixin.py:154} INFO - [2025-12-05T00:03:25.689+0600] {dag.py:3722} INFO - Setting next_dagrun for example_python_operator to None, run_after=None
[2025-12-05T00:03:25.699+0600] {processor.py:179} INFO - Processing /Users/asminsadykova/Desktop/h&m/.venv/lib/python3.9/site-packages/airflow/example_dags/example_python_operator.py took 0.119 seconds
[2025-12-05T00:04:57.072+0600] {processor.py:157} INFO - Started process (PID=43208) to work on /Users/asminsadykova/Desktop/h&m/.venv/lib/python3.9/site-packages/airflow/example_dags/example_python_operator.py
[2025-12-05T00:04:57.073+0600] {processor.py:829} INFO - Processing file /Users/asminsadykova/Desktop/h&m/.venv/lib/python3.9/site-packages/airflow/example_dags/example_python_operator.py for tasks to queue
[2025-12-05T00:04:57.073+0600] {logging_mixin.py:154} INFO - [2025-12-05T00:04:57.073+0600] {dagbag.py:536} INFO - Filling up the DagBag from /Users/asminsadykova/Desktop/h&m/.venv/lib/python3.9/site-packages/airflow/example_dags/example_python_operator.py
[2025-12-05T00:04:57.096+0600] {logging_mixin.py:154} INFO - [2025-12-05T00:04:57.096+0600] {example_python_operator.py:86} WARNING - The virtalenv_python example task requires virtualenv, please install it.
[2025-12-05T00:04:57.099+0600] {processor.py:839} INFO - DAG(s) dict_keys(['example_python_operator']) retrieved from /Users/asminsadykova/Desktop/h&m/.venv/lib/python3.9/site-packages/airflow/example_dags/example_python_operator.py
[2025-12-05T00:04:57.175+0600] {logging_mixin.py:154} INFO - [2025-12-05T00:04:57.175+0600] {dag.py:2941} INFO - Sync 1 DAGs
[2025-12-05T00:04:57.179+0600] {logging_mixin.py:154} INFO - [2025-12-05T00:04:57.179+0600] {dag.py:3722} INFO - Setting next_dagrun for example_python_operator to None, run_after=None
[2025-12-05T00:04:57.188+0600] {processor.py:179} INFO - Processing /Users/asminsadykova/Desktop/h&m/.venv/lib/python3.9/site-packages/airflow/example_dags/example_python_operator.py took 0.117 seconds
[2025-12-05T00:06:30.303+0600] {processor.py:157} INFO - Started process (PID=43372) to work on /Users/asminsadykova/Desktop/h&m/.venv/lib/python3.9/site-packages/airflow/example_dags/example_python_operator.py
[2025-12-05T00:06:30.304+0600] {processor.py:829} INFO - Processing file /Users/asminsadykova/Desktop/h&m/.venv/lib/python3.9/site-packages/airflow/example_dags/example_python_operator.py for tasks to queue
[2025-12-05T00:06:30.304+0600] {logging_mixin.py:154} INFO - [2025-12-05T00:06:30.304+0600] {dagbag.py:536} INFO - Filling up the DagBag from /Users/asminsadykova/Desktop/h&m/.venv/lib/python3.9/site-packages/airflow/example_dags/example_python_operator.py
[2025-12-05T00:06:30.324+0600] {logging_mixin.py:154} INFO - [2025-12-05T00:06:30.324+0600] {example_python_operator.py:86} WARNING - The virtalenv_python example task requires virtualenv, please install it.
[2025-12-05T00:06:30.327+0600] {processor.py:839} INFO - DAG(s) dict_keys(['example_python_operator']) retrieved from /Users/asminsadykova/Desktop/h&m/.venv/lib/python3.9/site-packages/airflow/example_dags/example_python_operator.py
[2025-12-05T00:06:30.397+0600] {logging_mixin.py:154} INFO - [2025-12-05T00:06:30.397+0600] {dag.py:2941} INFO - Sync 1 DAGs
[2025-12-05T00:06:30.400+0600] {logging_mixin.py:154} INFO - [2025-12-05T00:06:30.400+0600] {dag.py:3722} INFO - Setting next_dagrun for example_python_operator to None, run_after=None
[2025-12-05T00:06:30.408+0600] {processor.py:179} INFO - Processing /Users/asminsadykova/Desktop/h&m/.venv/lib/python3.9/site-packages/airflow/example_dags/example_python_operator.py took 0.106 seconds
[2025-12-05T00:07:54.785+0600] {processor.py:157} INFO - Started process (PID=43514) to work on /Users/asminsadykova/Desktop/h&m/.venv/lib/python3.9/site-packages/airflow/example_dags/example_python_operator.py
[2025-12-05T00:07:54.785+0600] {processor.py:829} INFO - Processing file /Users/asminsadykova/Desktop/h&m/.venv/lib/python3.9/site-packages/airflow/example_dags/example_python_operator.py for tasks to queue
[2025-12-05T00:07:54.786+0600] {logging_mixin.py:154} INFO - [2025-12-05T00:07:54.786+0600] {dagbag.py:536} INFO - Filling up the DagBag from /Users/asminsadykova/Desktop/h&m/.venv/lib/python3.9/site-packages/airflow/example_dags/example_python_operator.py
[2025-12-05T00:07:54.808+0600] {logging_mixin.py:154} INFO - [2025-12-05T00:07:54.808+0600] {example_python_operator.py:86} WARNING - The virtalenv_python example task requires virtualenv, please install it.
[2025-12-05T00:07:54.810+0600] {processor.py:839} INFO - DAG(s) dict_keys(['example_python_operator']) retrieved from /Users/asminsadykova/Desktop/h&m/.venv/lib/python3.9/site-packages/airflow/example_dags/example_python_operator.py
[2025-12-05T00:07:54.880+0600] {logging_mixin.py:154} INFO - [2025-12-05T00:07:54.880+0600] {dag.py:2941} INFO - Sync 1 DAGs
[2025-12-05T00:07:54.884+0600] {logging_mixin.py:154} INFO - [2025-12-05T00:07:54.883+0600] {dag.py:3722} INFO - Setting next_dagrun for example_python_operator to None, run_after=None
[2025-12-05T00:07:54.893+0600] {processor.py:179} INFO - Processing /Users/asminsadykova/Desktop/h&m/.venv/lib/python3.9/site-packages/airflow/example_dags/example_python_operator.py took 0.109 seconds
[2025-12-05T00:09:27.111+0600] {processor.py:157} INFO - Started process (PID=43675) to work on /Users/asminsadykova/Desktop/h&m/.venv/lib/python3.9/site-packages/airflow/example_dags/example_python_operator.py
[2025-12-05T00:09:27.113+0600] {processor.py:829} INFO - Processing file /Users/asminsadykova/Desktop/h&m/.venv/lib/python3.9/site-packages/airflow/example_dags/example_python_operator.py for tasks to queue
[2025-12-05T00:09:27.114+0600] {logging_mixin.py:154} INFO - [2025-12-05T00:09:27.113+0600] {dagbag.py:536} INFO - Filling up the DagBag from /Users/asminsadykova/Desktop/h&m/.venv/lib/python3.9/site-packages/airflow/example_dags/example_python_operator.py
[2025-12-05T00:09:27.140+0600] {logging_mixin.py:154} INFO - [2025-12-05T00:09:27.140+0600] {example_python_operator.py:86} WARNING - The virtalenv_python example task requires virtualenv, please install it.
[2025-12-05T00:09:27.143+0600] {processor.py:839} INFO - DAG(s) dict_keys(['example_python_operator']) retrieved from /Users/asminsadykova/Desktop/h&m/.venv/lib/python3.9/site-packages/airflow/example_dags/example_python_operator.py
[2025-12-05T00:09:27.234+0600] {logging_mixin.py:154} INFO - [2025-12-05T00:09:27.234+0600] {dag.py:2941} INFO - Sync 1 DAGs
[2025-12-05T00:09:27.238+0600] {logging_mixin.py:154} INFO - [2025-12-05T00:09:27.238+0600] {dag.py:3722} INFO - Setting next_dagrun for example_python_operator to None, run_after=None
[2025-12-05T00:09:27.248+0600] {processor.py:179} INFO - Processing /Users/asminsadykova/Desktop/h&m/.venv/lib/python3.9/site-packages/airflow/example_dags/example_python_operator.py took 0.137 seconds
[2025-12-05T00:11:03.993+0600] {processor.py:157} INFO - Started process (PID=43828) to work on /Users/asminsadykova/Desktop/h&m/.venv/lib/python3.9/site-packages/airflow/example_dags/example_python_operator.py
[2025-12-05T00:11:03.995+0600] {processor.py:829} INFO - Processing file /Users/asminsadykova/Desktop/h&m/.venv/lib/python3.9/site-packages/airflow/example_dags/example_python_operator.py for tasks to queue
[2025-12-05T00:11:03.995+0600] {logging_mixin.py:154} INFO - [2025-12-05T00:11:03.995+0600] {dagbag.py:536} INFO - Filling up the DagBag from /Users/asminsadykova/Desktop/h&m/.venv/lib/python3.9/site-packages/airflow/example_dags/example_python_operator.py
[2025-12-05T00:11:04.022+0600] {logging_mixin.py:154} INFO - [2025-12-05T00:11:04.022+0600] {example_python_operator.py:86} WARNING - The virtalenv_python example task requires virtualenv, please install it.
[2025-12-05T00:11:04.025+0600] {processor.py:839} INFO - DAG(s) dict_keys(['example_python_operator']) retrieved from /Users/asminsadykova/Desktop/h&m/.venv/lib/python3.9/site-packages/airflow/example_dags/example_python_operator.py
[2025-12-05T00:11:04.102+0600] {logging_mixin.py:154} INFO - [2025-12-05T00:11:04.102+0600] {dag.py:2941} INFO - Sync 1 DAGs
[2025-12-05T00:11:04.106+0600] {logging_mixin.py:154} INFO - [2025-12-05T00:11:04.106+0600] {dag.py:3722} INFO - Setting next_dagrun for example_python_operator to None, run_after=None
[2025-12-05T00:11:04.115+0600] {processor.py:179} INFO - Processing /Users/asminsadykova/Desktop/h&m/.venv/lib/python3.9/site-packages/airflow/example_dags/example_python_operator.py took 0.122 seconds
[2025-12-05T00:12:34.196+0600] {processor.py:157} INFO - Started process (PID=43997) to work on /Users/asminsadykova/Desktop/h&m/.venv/lib/python3.9/site-packages/airflow/example_dags/example_python_operator.py
[2025-12-05T00:12:34.198+0600] {processor.py:829} INFO - Processing file /Users/asminsadykova/Desktop/h&m/.venv/lib/python3.9/site-packages/airflow/example_dags/example_python_operator.py for tasks to queue
[2025-12-05T00:12:34.198+0600] {logging_mixin.py:154} INFO - [2025-12-05T00:12:34.198+0600] {dagbag.py:536} INFO - Filling up the DagBag from /Users/asminsadykova/Desktop/h&m/.venv/lib/python3.9/site-packages/airflow/example_dags/example_python_operator.py
[2025-12-05T00:12:34.221+0600] {logging_mixin.py:154} INFO - [2025-12-05T00:12:34.221+0600] {example_python_operator.py:86} WARNING - The virtalenv_python example task requires virtualenv, please install it.
[2025-12-05T00:12:34.224+0600] {processor.py:839} INFO - DAG(s) dict_keys(['example_python_operator']) retrieved from /Users/asminsadykova/Desktop/h&m/.venv/lib/python3.9/site-packages/airflow/example_dags/example_python_operator.py
[2025-12-05T00:12:34.298+0600] {logging_mixin.py:154} INFO - [2025-12-05T00:12:34.298+0600] {dag.py:2941} INFO - Sync 1 DAGs
[2025-12-05T00:12:34.303+0600] {logging_mixin.py:154} INFO - [2025-12-05T00:12:34.303+0600] {dag.py:3722} INFO - Setting next_dagrun for example_python_operator to None, run_after=None
[2025-12-05T00:12:34.315+0600] {processor.py:179} INFO - Processing /Users/asminsadykova/Desktop/h&m/.venv/lib/python3.9/site-packages/airflow/example_dags/example_python_operator.py took 0.120 seconds
