[2025-12-04T23:18:35.876+0600] {processor.py:157} INFO - Started process (PID=38984) to work on /Users/asminsadykova/Desktop/h&m/.venv/lib/python3.9/site-packages/airflow/example_dags/example_branch_operator.py
[2025-12-04T23:18:35.876+0600] {processor.py:829} INFO - Processing file /Users/asminsadykova/Desktop/h&m/.venv/lib/python3.9/site-packages/airflow/example_dags/example_branch_operator.py for tasks to queue
[2025-12-04T23:18:35.877+0600] {logging_mixin.py:154} INFO - [2025-12-04T23:18:35.877+0600] {dagbag.py:536} INFO - Filling up the DagBag from /Users/asminsadykova/Desktop/h&m/.venv/lib/python3.9/site-packages/airflow/example_dags/example_branch_operator.py
[2025-12-04T23:18:35.894+0600] {processor.py:839} INFO - DAG(s) dict_keys(['example_branch_operator']) retrieved from /Users/asminsadykova/Desktop/h&m/.venv/lib/python3.9/site-packages/airflow/example_dags/example_branch_operator.py
[2025-12-04T23:18:36.165+0600] {logging_mixin.py:154} INFO - [2025-12-04T23:18:36.165+0600] {manager.py:499} INFO - Created Permission View: %s
[2025-12-04T23:18:36.169+0600] {logging_mixin.py:154} INFO - [2025-12-04T23:18:36.169+0600] {manager.py:499} INFO - Created Permission View: %s
[2025-12-04T23:18:36.171+0600] {logging_mixin.py:154} INFO - [2025-12-04T23:18:36.171+0600] {manager.py:499} INFO - Created Permission View: %s
[2025-12-04T23:18:36.172+0600] {logging_mixin.py:154} INFO - [2025-12-04T23:18:36.171+0600] {dag.py:2941} INFO - Sync 1 DAGs
[2025-12-04T23:18:36.176+0600] {logging_mixin.py:154} INFO - [2025-12-04T23:18:36.175+0600] {dag.py:2963} INFO - Creating ORM DAG for example_branch_operator
[2025-12-04T23:18:36.179+0600] {logging_mixin.py:154} INFO - [2025-12-04T23:18:36.179+0600] {dag.py:3722} INFO - Setting next_dagrun for example_branch_operator to 2025-12-03T00:00:00+00:00, run_after=2025-12-04T00:00:00+00:00
[2025-12-04T23:18:36.191+0600] {processor.py:179} INFO - Processing /Users/asminsadykova/Desktop/h&m/.venv/lib/python3.9/site-packages/airflow/example_dags/example_branch_operator.py took 0.316 seconds
[2025-12-04T23:20:03.626+0600] {processor.py:157} INFO - Started process (PID=39086) to work on /Users/asminsadykova/Desktop/h&m/.venv/lib/python3.9/site-packages/airflow/example_dags/example_branch_operator.py
[2025-12-04T23:20:03.627+0600] {processor.py:829} INFO - Processing file /Users/asminsadykova/Desktop/h&m/.venv/lib/python3.9/site-packages/airflow/example_dags/example_branch_operator.py for tasks to queue
[2025-12-04T23:20:03.628+0600] {logging_mixin.py:154} INFO - [2025-12-04T23:20:03.628+0600] {dagbag.py:536} INFO - Filling up the DagBag from /Users/asminsadykova/Desktop/h&m/.venv/lib/python3.9/site-packages/airflow/example_dags/example_branch_operator.py
[2025-12-04T23:20:03.645+0600] {processor.py:839} INFO - DAG(s) dict_keys(['example_branch_operator']) retrieved from /Users/asminsadykova/Desktop/h&m/.venv/lib/python3.9/site-packages/airflow/example_dags/example_branch_operator.py
[2025-12-04T23:20:03.718+0600] {logging_mixin.py:154} INFO - [2025-12-04T23:20:03.717+0600] {dag.py:2941} INFO - Sync 1 DAGs
[2025-12-04T23:20:03.728+0600] {logging_mixin.py:154} INFO - [2025-12-04T23:20:03.728+0600] {dag.py:3722} INFO - Setting next_dagrun for example_branch_operator to 2025-12-03T00:00:00+00:00, run_after=2025-12-04T00:00:00+00:00
[2025-12-04T23:20:03.737+0600] {processor.py:179} INFO - Processing /Users/asminsadykova/Desktop/h&m/.venv/lib/python3.9/site-packages/airflow/example_dags/example_branch_operator.py took 0.112 seconds
[2025-12-04T23:21:30.874+0600] {processor.py:157} INFO - Started process (PID=39185) to work on /Users/asminsadykova/Desktop/h&m/.venv/lib/python3.9/site-packages/airflow/example_dags/example_branch_operator.py
[2025-12-04T23:21:30.874+0600] {processor.py:829} INFO - Processing file /Users/asminsadykova/Desktop/h&m/.venv/lib/python3.9/site-packages/airflow/example_dags/example_branch_operator.py for tasks to queue
[2025-12-04T23:21:30.874+0600] {logging_mixin.py:154} INFO - [2025-12-04T23:21:30.874+0600] {dagbag.py:536} INFO - Filling up the DagBag from /Users/asminsadykova/Desktop/h&m/.venv/lib/python3.9/site-packages/airflow/example_dags/example_branch_operator.py
[2025-12-04T23:21:30.892+0600] {processor.py:839} INFO - DAG(s) dict_keys(['example_branch_operator']) retrieved from /Users/asminsadykova/Desktop/h&m/.venv/lib/python3.9/site-packages/airflow/example_dags/example_branch_operator.py
[2025-12-04T23:21:30.962+0600] {logging_mixin.py:154} INFO - [2025-12-04T23:21:30.962+0600] {dag.py:2941} INFO - Sync 1 DAGs
[2025-12-04T23:21:30.969+0600] {logging_mixin.py:154} INFO - [2025-12-04T23:21:30.969+0600] {dag.py:3722} INFO - Setting next_dagrun for example_branch_operator to 2025-12-03T00:00:00+00:00, run_after=2025-12-04T00:00:00+00:00
[2025-12-04T23:21:30.977+0600] {processor.py:179} INFO - Processing /Users/asminsadykova/Desktop/h&m/.venv/lib/python3.9/site-packages/airflow/example_dags/example_branch_operator.py took 0.104 seconds
[2025-12-04T23:22:55.692+0600] {processor.py:157} INFO - Started process (PID=39279) to work on /Users/asminsadykova/Desktop/h&m/.venv/lib/python3.9/site-packages/airflow/example_dags/example_branch_operator.py
[2025-12-04T23:22:55.693+0600] {processor.py:829} INFO - Processing file /Users/asminsadykova/Desktop/h&m/.venv/lib/python3.9/site-packages/airflow/example_dags/example_branch_operator.py for tasks to queue
[2025-12-04T23:22:55.693+0600] {logging_mixin.py:154} INFO - [2025-12-04T23:22:55.693+0600] {dagbag.py:536} INFO - Filling up the DagBag from /Users/asminsadykova/Desktop/h&m/.venv/lib/python3.9/site-packages/airflow/example_dags/example_branch_operator.py
[2025-12-04T23:22:55.711+0600] {processor.py:839} INFO - DAG(s) dict_keys(['example_branch_operator']) retrieved from /Users/asminsadykova/Desktop/h&m/.venv/lib/python3.9/site-packages/airflow/example_dags/example_branch_operator.py
[2025-12-04T23:22:55.782+0600] {logging_mixin.py:154} INFO - [2025-12-04T23:22:55.782+0600] {dag.py:2941} INFO - Sync 1 DAGs
[2025-12-04T23:22:55.788+0600] {logging_mixin.py:154} INFO - [2025-12-04T23:22:55.788+0600] {dag.py:3722} INFO - Setting next_dagrun for example_branch_operator to 2025-12-03T00:00:00+00:00, run_after=2025-12-04T00:00:00+00:00
[2025-12-04T23:22:55.796+0600] {processor.py:179} INFO - Processing /Users/asminsadykova/Desktop/h&m/.venv/lib/python3.9/site-packages/airflow/example_dags/example_branch_operator.py took 0.105 seconds
[2025-12-04T23:24:32.419+0600] {processor.py:157} INFO - Started process (PID=39476) to work on /Users/asminsadykova/Desktop/h&m/.venv/lib/python3.9/site-packages/airflow/example_dags/example_branch_operator.py
[2025-12-04T23:24:32.420+0600] {processor.py:829} INFO - Processing file /Users/asminsadykova/Desktop/h&m/.venv/lib/python3.9/site-packages/airflow/example_dags/example_branch_operator.py for tasks to queue
[2025-12-04T23:24:32.420+0600] {logging_mixin.py:154} INFO - [2025-12-04T23:24:32.420+0600] {dagbag.py:536} INFO - Filling up the DagBag from /Users/asminsadykova/Desktop/h&m/.venv/lib/python3.9/site-packages/airflow/example_dags/example_branch_operator.py
[2025-12-04T23:24:32.437+0600] {processor.py:839} INFO - DAG(s) dict_keys(['example_branch_operator']) retrieved from /Users/asminsadykova/Desktop/h&m/.venv/lib/python3.9/site-packages/airflow/example_dags/example_branch_operator.py
[2025-12-04T23:24:32.507+0600] {logging_mixin.py:154} INFO - [2025-12-04T23:24:32.507+0600] {dag.py:2941} INFO - Sync 1 DAGs
[2025-12-04T23:24:32.514+0600] {logging_mixin.py:154} INFO - [2025-12-04T23:24:32.514+0600] {dag.py:3722} INFO - Setting next_dagrun for example_branch_operator to 2025-12-03T00:00:00+00:00, run_after=2025-12-04T00:00:00+00:00
[2025-12-04T23:24:32.522+0600] {processor.py:179} INFO - Processing /Users/asminsadykova/Desktop/h&m/.venv/lib/python3.9/site-packages/airflow/example_dags/example_branch_operator.py took 0.103 seconds
[2025-12-04T23:26:05.473+0600] {processor.py:157} INFO - Started process (PID=39562) to work on /Users/asminsadykova/Desktop/h&m/.venv/lib/python3.9/site-packages/airflow/example_dags/example_branch_operator.py
[2025-12-04T23:26:05.474+0600] {processor.py:829} INFO - Processing file /Users/asminsadykova/Desktop/h&m/.venv/lib/python3.9/site-packages/airflow/example_dags/example_branch_operator.py for tasks to queue
[2025-12-04T23:26:05.474+0600] {logging_mixin.py:154} INFO - [2025-12-04T23:26:05.474+0600] {dagbag.py:536} INFO - Filling up the DagBag from /Users/asminsadykova/Desktop/h&m/.venv/lib/python3.9/site-packages/airflow/example_dags/example_branch_operator.py
[2025-12-04T23:26:05.492+0600] {processor.py:839} INFO - DAG(s) dict_keys(['example_branch_operator']) retrieved from /Users/asminsadykova/Desktop/h&m/.venv/lib/python3.9/site-packages/airflow/example_dags/example_branch_operator.py
[2025-12-04T23:26:05.561+0600] {logging_mixin.py:154} INFO - [2025-12-04T23:26:05.561+0600] {dag.py:2941} INFO - Sync 1 DAGs
[2025-12-04T23:26:05.568+0600] {logging_mixin.py:154} INFO - [2025-12-04T23:26:05.568+0600] {dag.py:3722} INFO - Setting next_dagrun for example_branch_operator to 2025-12-03T00:00:00+00:00, run_after=2025-12-04T00:00:00+00:00
[2025-12-04T23:26:05.576+0600] {processor.py:179} INFO - Processing /Users/asminsadykova/Desktop/h&m/.venv/lib/python3.9/site-packages/airflow/example_dags/example_branch_operator.py took 0.103 seconds
[2025-12-04T23:27:46.277+0600] {processor.py:157} INFO - Started process (PID=39669) to work on /Users/asminsadykova/Desktop/h&m/.venv/lib/python3.9/site-packages/airflow/example_dags/example_branch_operator.py
[2025-12-04T23:27:46.278+0600] {processor.py:829} INFO - Processing file /Users/asminsadykova/Desktop/h&m/.venv/lib/python3.9/site-packages/airflow/example_dags/example_branch_operator.py for tasks to queue
[2025-12-04T23:27:46.278+0600] {logging_mixin.py:154} INFO - [2025-12-04T23:27:46.278+0600] {dagbag.py:536} INFO - Filling up the DagBag from /Users/asminsadykova/Desktop/h&m/.venv/lib/python3.9/site-packages/airflow/example_dags/example_branch_operator.py
[2025-12-04T23:27:46.296+0600] {processor.py:839} INFO - DAG(s) dict_keys(['example_branch_operator']) retrieved from /Users/asminsadykova/Desktop/h&m/.venv/lib/python3.9/site-packages/airflow/example_dags/example_branch_operator.py
[2025-12-04T23:27:46.366+0600] {logging_mixin.py:154} INFO - [2025-12-04T23:27:46.366+0600] {dag.py:2941} INFO - Sync 1 DAGs
[2025-12-04T23:27:46.373+0600] {logging_mixin.py:154} INFO - [2025-12-04T23:27:46.373+0600] {dag.py:3722} INFO - Setting next_dagrun for example_branch_operator to 2025-12-03T00:00:00+00:00, run_after=2025-12-04T00:00:00+00:00
[2025-12-04T23:27:46.381+0600] {processor.py:179} INFO - Processing /Users/asminsadykova/Desktop/h&m/.venv/lib/python3.9/site-packages/airflow/example_dags/example_branch_operator.py took 0.105 seconds
[2025-12-04T23:29:09.823+0600] {processor.py:157} INFO - Started process (PID=39752) to work on /Users/asminsadykova/Desktop/h&m/.venv/lib/python3.9/site-packages/airflow/example_dags/example_branch_operator.py
[2025-12-04T23:29:09.824+0600] {processor.py:829} INFO - Processing file /Users/asminsadykova/Desktop/h&m/.venv/lib/python3.9/site-packages/airflow/example_dags/example_branch_operator.py for tasks to queue
[2025-12-04T23:29:09.824+0600] {logging_mixin.py:154} INFO - [2025-12-04T23:29:09.824+0600] {dagbag.py:536} INFO - Filling up the DagBag from /Users/asminsadykova/Desktop/h&m/.venv/lib/python3.9/site-packages/airflow/example_dags/example_branch_operator.py
[2025-12-04T23:29:09.842+0600] {processor.py:839} INFO - DAG(s) dict_keys(['example_branch_operator']) retrieved from /Users/asminsadykova/Desktop/h&m/.venv/lib/python3.9/site-packages/airflow/example_dags/example_branch_operator.py
[2025-12-04T23:29:09.913+0600] {logging_mixin.py:154} INFO - [2025-12-04T23:29:09.913+0600] {dag.py:2941} INFO - Sync 1 DAGs
[2025-12-04T23:29:09.919+0600] {logging_mixin.py:154} INFO - [2025-12-04T23:29:09.919+0600] {dag.py:3722} INFO - Setting next_dagrun for example_branch_operator to 2025-12-03T00:00:00+00:00, run_after=2025-12-04T00:00:00+00:00
[2025-12-04T23:29:09.927+0600] {processor.py:179} INFO - Processing /Users/asminsadykova/Desktop/h&m/.venv/lib/python3.9/site-packages/airflow/example_dags/example_branch_operator.py took 0.105 seconds
[2025-12-04T23:30:32.988+0600] {processor.py:157} INFO - Started process (PID=39821) to work on /Users/asminsadykova/Desktop/h&m/.venv/lib/python3.9/site-packages/airflow/example_dags/example_branch_operator.py
[2025-12-04T23:30:32.989+0600] {processor.py:829} INFO - Processing file /Users/asminsadykova/Desktop/h&m/.venv/lib/python3.9/site-packages/airflow/example_dags/example_branch_operator.py for tasks to queue
[2025-12-04T23:30:32.989+0600] {logging_mixin.py:154} INFO - [2025-12-04T23:30:32.989+0600] {dagbag.py:536} INFO - Filling up the DagBag from /Users/asminsadykova/Desktop/h&m/.venv/lib/python3.9/site-packages/airflow/example_dags/example_branch_operator.py
[2025-12-04T23:30:33.006+0600] {processor.py:839} INFO - DAG(s) dict_keys(['example_branch_operator']) retrieved from /Users/asminsadykova/Desktop/h&m/.venv/lib/python3.9/site-packages/airflow/example_dags/example_branch_operator.py
[2025-12-04T23:30:33.075+0600] {logging_mixin.py:154} INFO - [2025-12-04T23:30:33.075+0600] {dag.py:2941} INFO - Sync 1 DAGs
[2025-12-04T23:30:33.082+0600] {logging_mixin.py:154} INFO - [2025-12-04T23:30:33.082+0600] {dag.py:3722} INFO - Setting next_dagrun for example_branch_operator to 2025-12-03T00:00:00+00:00, run_after=2025-12-04T00:00:00+00:00
[2025-12-04T23:30:33.090+0600] {processor.py:179} INFO - Processing /Users/asminsadykova/Desktop/h&m/.venv/lib/python3.9/site-packages/airflow/example_dags/example_branch_operator.py took 0.103 seconds
[2025-12-04T23:31:56.953+0600] {processor.py:157} INFO - Started process (PID=39891) to work on /Users/asminsadykova/Desktop/h&m/.venv/lib/python3.9/site-packages/airflow/example_dags/example_branch_operator.py
[2025-12-04T23:31:56.953+0600] {processor.py:829} INFO - Processing file /Users/asminsadykova/Desktop/h&m/.venv/lib/python3.9/site-packages/airflow/example_dags/example_branch_operator.py for tasks to queue
[2025-12-04T23:31:56.954+0600] {logging_mixin.py:154} INFO - [2025-12-04T23:31:56.954+0600] {dagbag.py:536} INFO - Filling up the DagBag from /Users/asminsadykova/Desktop/h&m/.venv/lib/python3.9/site-packages/airflow/example_dags/example_branch_operator.py
[2025-12-04T23:31:56.976+0600] {processor.py:839} INFO - DAG(s) dict_keys(['example_branch_operator']) retrieved from /Users/asminsadykova/Desktop/h&m/.venv/lib/python3.9/site-packages/airflow/example_dags/example_branch_operator.py
[2025-12-04T23:31:57.047+0600] {logging_mixin.py:154} INFO - [2025-12-04T23:31:57.047+0600] {dag.py:2941} INFO - Sync 1 DAGs
[2025-12-04T23:31:57.054+0600] {logging_mixin.py:154} INFO - [2025-12-04T23:31:57.054+0600] {dag.py:3722} INFO - Setting next_dagrun for example_branch_operator to 2025-12-03T00:00:00+00:00, run_after=2025-12-04T00:00:00+00:00
[2025-12-04T23:31:57.063+0600] {processor.py:179} INFO - Processing /Users/asminsadykova/Desktop/h&m/.venv/lib/python3.9/site-packages/airflow/example_dags/example_branch_operator.py took 0.111 seconds
[2025-12-04T23:33:24.142+0600] {processor.py:157} INFO - Started process (PID=40113) to work on /Users/asminsadykova/Desktop/h&m/.venv/lib/python3.9/site-packages/airflow/example_dags/example_branch_operator.py
[2025-12-04T23:33:24.142+0600] {processor.py:829} INFO - Processing file /Users/asminsadykova/Desktop/h&m/.venv/lib/python3.9/site-packages/airflow/example_dags/example_branch_operator.py for tasks to queue
[2025-12-04T23:33:24.143+0600] {logging_mixin.py:154} INFO - [2025-12-04T23:33:24.143+0600] {dagbag.py:536} INFO - Filling up the DagBag from /Users/asminsadykova/Desktop/h&m/.venv/lib/python3.9/site-packages/airflow/example_dags/example_branch_operator.py
[2025-12-04T23:33:24.160+0600] {processor.py:839} INFO - DAG(s) dict_keys(['example_branch_operator']) retrieved from /Users/asminsadykova/Desktop/h&m/.venv/lib/python3.9/site-packages/airflow/example_dags/example_branch_operator.py
[2025-12-04T23:33:24.236+0600] {logging_mixin.py:154} INFO - [2025-12-04T23:33:24.236+0600] {dag.py:2941} INFO - Sync 1 DAGs
[2025-12-04T23:33:24.243+0600] {logging_mixin.py:154} INFO - [2025-12-04T23:33:24.243+0600] {dag.py:3722} INFO - Setting next_dagrun for example_branch_operator to 2025-12-03T00:00:00+00:00, run_after=2025-12-04T00:00:00+00:00
[2025-12-04T23:33:24.251+0600] {processor.py:179} INFO - Processing /Users/asminsadykova/Desktop/h&m/.venv/lib/python3.9/site-packages/airflow/example_dags/example_branch_operator.py took 0.110 seconds
[2025-12-04T23:34:49.630+0600] {processor.py:157} INFO - Started process (PID=40200) to work on /Users/asminsadykova/Desktop/h&m/.venv/lib/python3.9/site-packages/airflow/example_dags/example_branch_operator.py
[2025-12-04T23:34:49.631+0600] {processor.py:829} INFO - Processing file /Users/asminsadykova/Desktop/h&m/.venv/lib/python3.9/site-packages/airflow/example_dags/example_branch_operator.py for tasks to queue
[2025-12-04T23:34:49.631+0600] {logging_mixin.py:154} INFO - [2025-12-04T23:34:49.631+0600] {dagbag.py:536} INFO - Filling up the DagBag from /Users/asminsadykova/Desktop/h&m/.venv/lib/python3.9/site-packages/airflow/example_dags/example_branch_operator.py
[2025-12-04T23:34:49.648+0600] {processor.py:839} INFO - DAG(s) dict_keys(['example_branch_operator']) retrieved from /Users/asminsadykova/Desktop/h&m/.venv/lib/python3.9/site-packages/airflow/example_dags/example_branch_operator.py
[2025-12-04T23:34:49.719+0600] {logging_mixin.py:154} INFO - [2025-12-04T23:34:49.719+0600] {dag.py:2941} INFO - Sync 1 DAGs
[2025-12-04T23:34:49.726+0600] {logging_mixin.py:154} INFO - [2025-12-04T23:34:49.726+0600] {dag.py:3722} INFO - Setting next_dagrun for example_branch_operator to 2025-12-03T00:00:00+00:00, run_after=2025-12-04T00:00:00+00:00
[2025-12-04T23:34:49.734+0600] {processor.py:179} INFO - Processing /Users/asminsadykova/Desktop/h&m/.venv/lib/python3.9/site-packages/airflow/example_dags/example_branch_operator.py took 0.105 seconds
[2025-12-04T23:36:28.858+0600] {processor.py:157} INFO - Started process (PID=40289) to work on /Users/asminsadykova/Desktop/h&m/.venv/lib/python3.9/site-packages/airflow/example_dags/example_branch_operator.py
[2025-12-04T23:36:28.860+0600] {processor.py:829} INFO - Processing file /Users/asminsadykova/Desktop/h&m/.venv/lib/python3.9/site-packages/airflow/example_dags/example_branch_operator.py for tasks to queue
[2025-12-04T23:36:28.860+0600] {logging_mixin.py:154} INFO - [2025-12-04T23:36:28.860+0600] {dagbag.py:536} INFO - Filling up the DagBag from /Users/asminsadykova/Desktop/h&m/.venv/lib/python3.9/site-packages/airflow/example_dags/example_branch_operator.py
[2025-12-04T23:36:28.880+0600] {processor.py:839} INFO - DAG(s) dict_keys(['example_branch_operator']) retrieved from /Users/asminsadykova/Desktop/h&m/.venv/lib/python3.9/site-packages/airflow/example_dags/example_branch_operator.py
[2025-12-04T23:36:28.956+0600] {logging_mixin.py:154} INFO - [2025-12-04T23:36:28.956+0600] {dag.py:2941} INFO - Sync 1 DAGs
[2025-12-04T23:36:28.964+0600] {logging_mixin.py:154} INFO - [2025-12-04T23:36:28.964+0600] {dag.py:3722} INFO - Setting next_dagrun for example_branch_operator to 2025-12-03T00:00:00+00:00, run_after=2025-12-04T00:00:00+00:00
[2025-12-04T23:36:28.974+0600] {processor.py:179} INFO - Processing /Users/asminsadykova/Desktop/h&m/.venv/lib/python3.9/site-packages/airflow/example_dags/example_branch_operator.py took 0.117 seconds
[2025-12-04T23:37:56.771+0600] {processor.py:157} INFO - Started process (PID=40379) to work on /Users/asminsadykova/Desktop/h&m/.venv/lib/python3.9/site-packages/airflow/example_dags/example_branch_operator.py
[2025-12-04T23:37:56.771+0600] {processor.py:829} INFO - Processing file /Users/asminsadykova/Desktop/h&m/.venv/lib/python3.9/site-packages/airflow/example_dags/example_branch_operator.py for tasks to queue
[2025-12-04T23:37:56.772+0600] {logging_mixin.py:154} INFO - [2025-12-04T23:37:56.771+0600] {dagbag.py:536} INFO - Filling up the DagBag from /Users/asminsadykova/Desktop/h&m/.venv/lib/python3.9/site-packages/airflow/example_dags/example_branch_operator.py
[2025-12-04T23:37:56.791+0600] {processor.py:839} INFO - DAG(s) dict_keys(['example_branch_operator']) retrieved from /Users/asminsadykova/Desktop/h&m/.venv/lib/python3.9/site-packages/airflow/example_dags/example_branch_operator.py
[2025-12-04T23:37:56.864+0600] {logging_mixin.py:154} INFO - [2025-12-04T23:37:56.864+0600] {dag.py:2941} INFO - Sync 1 DAGs
[2025-12-04T23:37:56.871+0600] {logging_mixin.py:154} INFO - [2025-12-04T23:37:56.871+0600] {dag.py:3722} INFO - Setting next_dagrun for example_branch_operator to 2025-12-03T00:00:00+00:00, run_after=2025-12-04T00:00:00+00:00
[2025-12-04T23:37:56.879+0600] {processor.py:179} INFO - Processing /Users/asminsadykova/Desktop/h&m/.venv/lib/python3.9/site-packages/airflow/example_dags/example_branch_operator.py took 0.109 seconds
[2025-12-04T23:39:34.456+0600] {processor.py:157} INFO - Started process (PID=40464) to work on /Users/asminsadykova/Desktop/h&m/.venv/lib/python3.9/site-packages/airflow/example_dags/example_branch_operator.py
[2025-12-04T23:39:34.457+0600] {processor.py:829} INFO - Processing file /Users/asminsadykova/Desktop/h&m/.venv/lib/python3.9/site-packages/airflow/example_dags/example_branch_operator.py for tasks to queue
[2025-12-04T23:39:34.458+0600] {logging_mixin.py:154} INFO - [2025-12-04T23:39:34.457+0600] {dagbag.py:536} INFO - Filling up the DagBag from /Users/asminsadykova/Desktop/h&m/.venv/lib/python3.9/site-packages/airflow/example_dags/example_branch_operator.py
[2025-12-04T23:39:34.475+0600] {processor.py:839} INFO - DAG(s) dict_keys(['example_branch_operator']) retrieved from /Users/asminsadykova/Desktop/h&m/.venv/lib/python3.9/site-packages/airflow/example_dags/example_branch_operator.py
[2025-12-04T23:39:34.548+0600] {logging_mixin.py:154} INFO - [2025-12-04T23:39:34.548+0600] {dag.py:2941} INFO - Sync 1 DAGs
[2025-12-04T23:39:34.555+0600] {logging_mixin.py:154} INFO - [2025-12-04T23:39:34.555+0600] {dag.py:3722} INFO - Setting next_dagrun for example_branch_operator to 2025-12-03T00:00:00+00:00, run_after=2025-12-04T00:00:00+00:00
[2025-12-04T23:39:34.565+0600] {processor.py:179} INFO - Processing /Users/asminsadykova/Desktop/h&m/.venv/lib/python3.9/site-packages/airflow/example_dags/example_branch_operator.py took 0.109 seconds
[2025-12-04T23:41:10.947+0600] {processor.py:157} INFO - Started process (PID=40591) to work on /Users/asminsadykova/Desktop/h&m/.venv/lib/python3.9/site-packages/airflow/example_dags/example_branch_operator.py
[2025-12-04T23:41:10.948+0600] {processor.py:829} INFO - Processing file /Users/asminsadykova/Desktop/h&m/.venv/lib/python3.9/site-packages/airflow/example_dags/example_branch_operator.py for tasks to queue
[2025-12-04T23:41:10.949+0600] {logging_mixin.py:154} INFO - [2025-12-04T23:41:10.948+0600] {dagbag.py:536} INFO - Filling up the DagBag from /Users/asminsadykova/Desktop/h&m/.venv/lib/python3.9/site-packages/airflow/example_dags/example_branch_operator.py
[2025-12-04T23:41:10.966+0600] {processor.py:839} INFO - DAG(s) dict_keys(['example_branch_operator']) retrieved from /Users/asminsadykova/Desktop/h&m/.venv/lib/python3.9/site-packages/airflow/example_dags/example_branch_operator.py
[2025-12-04T23:41:11.037+0600] {logging_mixin.py:154} INFO - [2025-12-04T23:41:11.037+0600] {dag.py:2941} INFO - Sync 1 DAGs
[2025-12-04T23:41:11.044+0600] {logging_mixin.py:154} INFO - [2025-12-04T23:41:11.044+0600] {dag.py:3722} INFO - Setting next_dagrun for example_branch_operator to 2025-12-03T00:00:00+00:00, run_after=2025-12-04T00:00:00+00:00
[2025-12-04T23:41:11.051+0600] {processor.py:179} INFO - Processing /Users/asminsadykova/Desktop/h&m/.venv/lib/python3.9/site-packages/airflow/example_dags/example_branch_operator.py took 0.105 seconds
[2025-12-04T23:42:36.126+0600] {processor.py:157} INFO - Started process (PID=40685) to work on /Users/asminsadykova/Desktop/h&m/.venv/lib/python3.9/site-packages/airflow/example_dags/example_branch_operator.py
[2025-12-04T23:42:36.126+0600] {processor.py:829} INFO - Processing file /Users/asminsadykova/Desktop/h&m/.venv/lib/python3.9/site-packages/airflow/example_dags/example_branch_operator.py for tasks to queue
[2025-12-04T23:42:36.127+0600] {logging_mixin.py:154} INFO - [2025-12-04T23:42:36.127+0600] {dagbag.py:536} INFO - Filling up the DagBag from /Users/asminsadykova/Desktop/h&m/.venv/lib/python3.9/site-packages/airflow/example_dags/example_branch_operator.py
[2025-12-04T23:42:36.146+0600] {processor.py:839} INFO - DAG(s) dict_keys(['example_branch_operator']) retrieved from /Users/asminsadykova/Desktop/h&m/.venv/lib/python3.9/site-packages/airflow/example_dags/example_branch_operator.py
[2025-12-04T23:42:36.232+0600] {logging_mixin.py:154} INFO - [2025-12-04T23:42:36.232+0600] {dag.py:2941} INFO - Sync 1 DAGs
[2025-12-04T23:42:36.241+0600] {logging_mixin.py:154} INFO - [2025-12-04T23:42:36.241+0600] {dag.py:3722} INFO - Setting next_dagrun for example_branch_operator to 2025-12-03T00:00:00+00:00, run_after=2025-12-04T00:00:00+00:00
[2025-12-04T23:42:36.251+0600] {processor.py:179} INFO - Processing /Users/asminsadykova/Desktop/h&m/.venv/lib/python3.9/site-packages/airflow/example_dags/example_branch_operator.py took 0.125 seconds
[2025-12-04T23:44:13.267+0600] {processor.py:157} INFO - Started process (PID=40881) to work on /Users/asminsadykova/Desktop/h&m/.venv/lib/python3.9/site-packages/airflow/example_dags/example_branch_operator.py
[2025-12-04T23:44:13.268+0600] {processor.py:829} INFO - Processing file /Users/asminsadykova/Desktop/h&m/.venv/lib/python3.9/site-packages/airflow/example_dags/example_branch_operator.py for tasks to queue
[2025-12-04T23:44:13.269+0600] {logging_mixin.py:154} INFO - [2025-12-04T23:44:13.269+0600] {dagbag.py:536} INFO - Filling up the DagBag from /Users/asminsadykova/Desktop/h&m/.venv/lib/python3.9/site-packages/airflow/example_dags/example_branch_operator.py
[2025-12-04T23:44:13.286+0600] {processor.py:839} INFO - DAG(s) dict_keys(['example_branch_operator']) retrieved from /Users/asminsadykova/Desktop/h&m/.venv/lib/python3.9/site-packages/airflow/example_dags/example_branch_operator.py
[2025-12-04T23:44:13.359+0600] {logging_mixin.py:154} INFO - [2025-12-04T23:44:13.359+0600] {dag.py:2941} INFO - Sync 1 DAGs
[2025-12-04T23:44:13.367+0600] {logging_mixin.py:154} INFO - [2025-12-04T23:44:13.367+0600] {dag.py:3722} INFO - Setting next_dagrun for example_branch_operator to 2025-12-03T00:00:00+00:00, run_after=2025-12-04T00:00:00+00:00
[2025-12-04T23:44:13.376+0600] {processor.py:179} INFO - Processing /Users/asminsadykova/Desktop/h&m/.venv/lib/python3.9/site-packages/airflow/example_dags/example_branch_operator.py took 0.110 seconds
[2025-12-04T23:45:48.889+0600] {processor.py:157} INFO - Started process (PID=41186) to work on /Users/asminsadykova/Desktop/h&m/.venv/lib/python3.9/site-packages/airflow/example_dags/example_branch_operator.py
[2025-12-04T23:45:48.891+0600] {processor.py:829} INFO - Processing file /Users/asminsadykova/Desktop/h&m/.venv/lib/python3.9/site-packages/airflow/example_dags/example_branch_operator.py for tasks to queue
[2025-12-04T23:45:48.891+0600] {logging_mixin.py:154} INFO - [2025-12-04T23:45:48.891+0600] {dagbag.py:536} INFO - Filling up the DagBag from /Users/asminsadykova/Desktop/h&m/.venv/lib/python3.9/site-packages/airflow/example_dags/example_branch_operator.py
[2025-12-04T23:45:48.963+0600] {processor.py:839} INFO - DAG(s) dict_keys(['example_branch_operator']) retrieved from /Users/asminsadykova/Desktop/h&m/.venv/lib/python3.9/site-packages/airflow/example_dags/example_branch_operator.py
[2025-12-04T23:45:49.044+0600] {logging_mixin.py:154} INFO - [2025-12-04T23:45:49.044+0600] {dag.py:2941} INFO - Sync 1 DAGs
[2025-12-04T23:45:49.052+0600] {logging_mixin.py:154} INFO - [2025-12-04T23:45:49.051+0600] {dag.py:3722} INFO - Setting next_dagrun for example_branch_operator to 2025-12-03T00:00:00+00:00, run_after=2025-12-04T00:00:00+00:00
[2025-12-04T23:45:49.060+0600] {processor.py:179} INFO - Processing /Users/asminsadykova/Desktop/h&m/.venv/lib/python3.9/site-packages/airflow/example_dags/example_branch_operator.py took 0.172 seconds
[2025-12-04T23:47:24.965+0600] {processor.py:157} INFO - Started process (PID=41570) to work on /Users/asminsadykova/Desktop/h&m/.venv/lib/python3.9/site-packages/airflow/example_dags/example_branch_operator.py
[2025-12-04T23:47:24.966+0600] {processor.py:829} INFO - Processing file /Users/asminsadykova/Desktop/h&m/.venv/lib/python3.9/site-packages/airflow/example_dags/example_branch_operator.py for tasks to queue
[2025-12-04T23:47:24.966+0600] {logging_mixin.py:154} INFO - [2025-12-04T23:47:24.966+0600] {dagbag.py:536} INFO - Filling up the DagBag from /Users/asminsadykova/Desktop/h&m/.venv/lib/python3.9/site-packages/airflow/example_dags/example_branch_operator.py
[2025-12-04T23:47:24.984+0600] {processor.py:839} INFO - DAG(s) dict_keys(['example_branch_operator']) retrieved from /Users/asminsadykova/Desktop/h&m/.venv/lib/python3.9/site-packages/airflow/example_dags/example_branch_operator.py
[2025-12-04T23:47:25.056+0600] {logging_mixin.py:154} INFO - [2025-12-04T23:47:25.056+0600] {dag.py:2941} INFO - Sync 1 DAGs
[2025-12-04T23:47:25.063+0600] {logging_mixin.py:154} INFO - [2025-12-04T23:47:25.063+0600] {dag.py:3722} INFO - Setting next_dagrun for example_branch_operator to 2025-12-03T00:00:00+00:00, run_after=2025-12-04T00:00:00+00:00
[2025-12-04T23:47:25.071+0600] {processor.py:179} INFO - Processing /Users/asminsadykova/Desktop/h&m/.venv/lib/python3.9/site-packages/airflow/example_dags/example_branch_operator.py took 0.106 seconds
[2025-12-04T23:48:49.758+0600] {processor.py:157} INFO - Started process (PID=41679) to work on /Users/asminsadykova/Desktop/h&m/.venv/lib/python3.9/site-packages/airflow/example_dags/example_branch_operator.py
[2025-12-04T23:48:49.759+0600] {processor.py:829} INFO - Processing file /Users/asminsadykova/Desktop/h&m/.venv/lib/python3.9/site-packages/airflow/example_dags/example_branch_operator.py for tasks to queue
[2025-12-04T23:48:49.759+0600] {logging_mixin.py:154} INFO - [2025-12-04T23:48:49.759+0600] {dagbag.py:536} INFO - Filling up the DagBag from /Users/asminsadykova/Desktop/h&m/.venv/lib/python3.9/site-packages/airflow/example_dags/example_branch_operator.py
[2025-12-04T23:48:49.776+0600] {processor.py:839} INFO - DAG(s) dict_keys(['example_branch_operator']) retrieved from /Users/asminsadykova/Desktop/h&m/.venv/lib/python3.9/site-packages/airflow/example_dags/example_branch_operator.py
[2025-12-04T23:48:49.847+0600] {logging_mixin.py:154} INFO - [2025-12-04T23:48:49.847+0600] {dag.py:2941} INFO - Sync 1 DAGs
[2025-12-04T23:48:49.854+0600] {logging_mixin.py:154} INFO - [2025-12-04T23:48:49.854+0600] {dag.py:3722} INFO - Setting next_dagrun for example_branch_operator to 2025-12-03T00:00:00+00:00, run_after=2025-12-04T00:00:00+00:00
[2025-12-04T23:48:49.862+0600] {processor.py:179} INFO - Processing /Users/asminsadykova/Desktop/h&m/.venv/lib/python3.9/site-packages/airflow/example_dags/example_branch_operator.py took 0.105 seconds
[2025-12-04T23:50:24.205+0600] {processor.py:157} INFO - Started process (PID=41801) to work on /Users/asminsadykova/Desktop/h&m/.venv/lib/python3.9/site-packages/airflow/example_dags/example_branch_operator.py
[2025-12-04T23:50:24.206+0600] {processor.py:829} INFO - Processing file /Users/asminsadykova/Desktop/h&m/.venv/lib/python3.9/site-packages/airflow/example_dags/example_branch_operator.py for tasks to queue
[2025-12-04T23:50:24.206+0600] {logging_mixin.py:154} INFO - [2025-12-04T23:50:24.206+0600] {dagbag.py:536} INFO - Filling up the DagBag from /Users/asminsadykova/Desktop/h&m/.venv/lib/python3.9/site-packages/airflow/example_dags/example_branch_operator.py
[2025-12-04T23:50:24.224+0600] {processor.py:839} INFO - DAG(s) dict_keys(['example_branch_operator']) retrieved from /Users/asminsadykova/Desktop/h&m/.venv/lib/python3.9/site-packages/airflow/example_dags/example_branch_operator.py
[2025-12-04T23:50:24.297+0600] {logging_mixin.py:154} INFO - [2025-12-04T23:50:24.296+0600] {dag.py:2941} INFO - Sync 1 DAGs
[2025-12-04T23:50:24.304+0600] {logging_mixin.py:154} INFO - [2025-12-04T23:50:24.304+0600] {dag.py:3722} INFO - Setting next_dagrun for example_branch_operator to 2025-12-03T00:00:00+00:00, run_after=2025-12-04T00:00:00+00:00
[2025-12-04T23:50:24.313+0600] {processor.py:179} INFO - Processing /Users/asminsadykova/Desktop/h&m/.venv/lib/python3.9/site-packages/airflow/example_dags/example_branch_operator.py took 0.108 seconds
[2025-12-04T23:52:00.767+0600] {processor.py:157} INFO - Started process (PID=42039) to work on /Users/asminsadykova/Desktop/h&m/.venv/lib/python3.9/site-packages/airflow/example_dags/example_branch_operator.py
[2025-12-04T23:52:00.768+0600] {processor.py:829} INFO - Processing file /Users/asminsadykova/Desktop/h&m/.venv/lib/python3.9/site-packages/airflow/example_dags/example_branch_operator.py for tasks to queue
[2025-12-04T23:52:00.768+0600] {logging_mixin.py:154} INFO - [2025-12-04T23:52:00.768+0600] {dagbag.py:536} INFO - Filling up the DagBag from /Users/asminsadykova/Desktop/h&m/.venv/lib/python3.9/site-packages/airflow/example_dags/example_branch_operator.py
[2025-12-04T23:52:00.785+0600] {processor.py:839} INFO - DAG(s) dict_keys(['example_branch_operator']) retrieved from /Users/asminsadykova/Desktop/h&m/.venv/lib/python3.9/site-packages/airflow/example_dags/example_branch_operator.py
[2025-12-04T23:52:00.856+0600] {logging_mixin.py:154} INFO - [2025-12-04T23:52:00.856+0600] {dag.py:2941} INFO - Sync 1 DAGs
[2025-12-04T23:52:00.864+0600] {logging_mixin.py:154} INFO - [2025-12-04T23:52:00.863+0600] {dag.py:3722} INFO - Setting next_dagrun for example_branch_operator to 2025-12-03T00:00:00+00:00, run_after=2025-12-04T00:00:00+00:00
[2025-12-04T23:52:00.871+0600] {processor.py:179} INFO - Processing /Users/asminsadykova/Desktop/h&m/.venv/lib/python3.9/site-packages/airflow/example_dags/example_branch_operator.py took 0.105 seconds
[2025-12-04T23:53:38.622+0600] {processor.py:157} INFO - Started process (PID=42140) to work on /Users/asminsadykova/Desktop/h&m/.venv/lib/python3.9/site-packages/airflow/example_dags/example_branch_operator.py
[2025-12-04T23:53:38.623+0600] {processor.py:829} INFO - Processing file /Users/asminsadykova/Desktop/h&m/.venv/lib/python3.9/site-packages/airflow/example_dags/example_branch_operator.py for tasks to queue
[2025-12-04T23:53:38.623+0600] {logging_mixin.py:154} INFO - [2025-12-04T23:53:38.623+0600] {dagbag.py:536} INFO - Filling up the DagBag from /Users/asminsadykova/Desktop/h&m/.venv/lib/python3.9/site-packages/airflow/example_dags/example_branch_operator.py
[2025-12-04T23:53:38.642+0600] {processor.py:839} INFO - DAG(s) dict_keys(['example_branch_operator']) retrieved from /Users/asminsadykova/Desktop/h&m/.venv/lib/python3.9/site-packages/airflow/example_dags/example_branch_operator.py
[2025-12-04T23:53:38.723+0600] {logging_mixin.py:154} INFO - [2025-12-04T23:53:38.723+0600] {dag.py:2941} INFO - Sync 1 DAGs
[2025-12-04T23:53:38.731+0600] {logging_mixin.py:154} INFO - [2025-12-04T23:53:38.731+0600] {dag.py:3722} INFO - Setting next_dagrun for example_branch_operator to 2025-12-03T00:00:00+00:00, run_after=2025-12-04T00:00:00+00:00
[2025-12-04T23:53:38.741+0600] {processor.py:179} INFO - Processing /Users/asminsadykova/Desktop/h&m/.venv/lib/python3.9/site-packages/airflow/example_dags/example_branch_operator.py took 0.119 seconds
[2025-12-04T23:55:04.650+0600] {processor.py:157} INFO - Started process (PID=42217) to work on /Users/asminsadykova/Desktop/h&m/.venv/lib/python3.9/site-packages/airflow/example_dags/example_branch_operator.py
[2025-12-04T23:55:04.650+0600] {processor.py:829} INFO - Processing file /Users/asminsadykova/Desktop/h&m/.venv/lib/python3.9/site-packages/airflow/example_dags/example_branch_operator.py for tasks to queue
[2025-12-04T23:55:04.651+0600] {logging_mixin.py:154} INFO - [2025-12-04T23:55:04.651+0600] {dagbag.py:536} INFO - Filling up the DagBag from /Users/asminsadykova/Desktop/h&m/.venv/lib/python3.9/site-packages/airflow/example_dags/example_branch_operator.py
[2025-12-04T23:55:04.669+0600] {processor.py:839} INFO - DAG(s) dict_keys(['example_branch_operator']) retrieved from /Users/asminsadykova/Desktop/h&m/.venv/lib/python3.9/site-packages/airflow/example_dags/example_branch_operator.py
[2025-12-04T23:55:04.739+0600] {logging_mixin.py:154} INFO - [2025-12-04T23:55:04.739+0600] {dag.py:2941} INFO - Sync 1 DAGs
[2025-12-04T23:55:04.746+0600] {logging_mixin.py:154} INFO - [2025-12-04T23:55:04.746+0600] {dag.py:3722} INFO - Setting next_dagrun for example_branch_operator to 2025-12-03T00:00:00+00:00, run_after=2025-12-04T00:00:00+00:00
[2025-12-04T23:55:04.754+0600] {processor.py:179} INFO - Processing /Users/asminsadykova/Desktop/h&m/.venv/lib/python3.9/site-packages/airflow/example_dags/example_branch_operator.py took 0.104 seconds
[2025-12-04T23:56:34.008+0600] {processor.py:157} INFO - Started process (PID=42292) to work on /Users/asminsadykova/Desktop/h&m/.venv/lib/python3.9/site-packages/airflow/example_dags/example_branch_operator.py
[2025-12-04T23:56:34.008+0600] {processor.py:829} INFO - Processing file /Users/asminsadykova/Desktop/h&m/.venv/lib/python3.9/site-packages/airflow/example_dags/example_branch_operator.py for tasks to queue
[2025-12-04T23:56:34.009+0600] {logging_mixin.py:154} INFO - [2025-12-04T23:56:34.009+0600] {dagbag.py:536} INFO - Filling up the DagBag from /Users/asminsadykova/Desktop/h&m/.venv/lib/python3.9/site-packages/airflow/example_dags/example_branch_operator.py
[2025-12-04T23:56:34.026+0600] {processor.py:839} INFO - DAG(s) dict_keys(['example_branch_operator']) retrieved from /Users/asminsadykova/Desktop/h&m/.venv/lib/python3.9/site-packages/airflow/example_dags/example_branch_operator.py
[2025-12-04T23:56:34.096+0600] {logging_mixin.py:154} INFO - [2025-12-04T23:56:34.096+0600] {dag.py:2941} INFO - Sync 1 DAGs
[2025-12-04T23:56:34.103+0600] {logging_mixin.py:154} INFO - [2025-12-04T23:56:34.103+0600] {dag.py:3722} INFO - Setting next_dagrun for example_branch_operator to 2025-12-03T00:00:00+00:00, run_after=2025-12-04T00:00:00+00:00
[2025-12-04T23:56:34.112+0600] {processor.py:179} INFO - Processing /Users/asminsadykova/Desktop/h&m/.venv/lib/python3.9/site-packages/airflow/example_dags/example_branch_operator.py took 0.105 seconds
[2025-12-04T23:58:02.160+0600] {processor.py:157} INFO - Started process (PID=42375) to work on /Users/asminsadykova/Desktop/h&m/.venv/lib/python3.9/site-packages/airflow/example_dags/example_branch_operator.py
[2025-12-04T23:58:02.161+0600] {processor.py:829} INFO - Processing file /Users/asminsadykova/Desktop/h&m/.venv/lib/python3.9/site-packages/airflow/example_dags/example_branch_operator.py for tasks to queue
[2025-12-04T23:58:02.162+0600] {logging_mixin.py:154} INFO - [2025-12-04T23:58:02.162+0600] {dagbag.py:536} INFO - Filling up the DagBag from /Users/asminsadykova/Desktop/h&m/.venv/lib/python3.9/site-packages/airflow/example_dags/example_branch_operator.py
[2025-12-04T23:58:02.179+0600] {processor.py:839} INFO - DAG(s) dict_keys(['example_branch_operator']) retrieved from /Users/asminsadykova/Desktop/h&m/.venv/lib/python3.9/site-packages/airflow/example_dags/example_branch_operator.py
[2025-12-04T23:58:02.250+0600] {logging_mixin.py:154} INFO - [2025-12-04T23:58:02.250+0600] {dag.py:2941} INFO - Sync 1 DAGs
[2025-12-04T23:58:02.257+0600] {logging_mixin.py:154} INFO - [2025-12-04T23:58:02.257+0600] {dag.py:3722} INFO - Setting next_dagrun for example_branch_operator to 2025-12-03T00:00:00+00:00, run_after=2025-12-04T00:00:00+00:00
[2025-12-04T23:58:02.265+0600] {processor.py:179} INFO - Processing /Users/asminsadykova/Desktop/h&m/.venv/lib/python3.9/site-packages/airflow/example_dags/example_branch_operator.py took 0.105 seconds
[2025-12-04T23:59:30.951+0600] {processor.py:157} INFO - Started process (PID=42623) to work on /Users/asminsadykova/Desktop/h&m/.venv/lib/python3.9/site-packages/airflow/example_dags/example_branch_operator.py
[2025-12-04T23:59:30.951+0600] {processor.py:829} INFO - Processing file /Users/asminsadykova/Desktop/h&m/.venv/lib/python3.9/site-packages/airflow/example_dags/example_branch_operator.py for tasks to queue
[2025-12-04T23:59:30.952+0600] {logging_mixin.py:154} INFO - [2025-12-04T23:59:30.951+0600] {dagbag.py:536} INFO - Filling up the DagBag from /Users/asminsadykova/Desktop/h&m/.venv/lib/python3.9/site-packages/airflow/example_dags/example_branch_operator.py
[2025-12-04T23:59:30.970+0600] {processor.py:839} INFO - DAG(s) dict_keys(['example_branch_operator']) retrieved from /Users/asminsadykova/Desktop/h&m/.venv/lib/python3.9/site-packages/airflow/example_dags/example_branch_operator.py
[2025-12-04T23:59:31.042+0600] {logging_mixin.py:154} INFO - [2025-12-04T23:59:31.041+0600] {dag.py:2941} INFO - Sync 1 DAGs
[2025-12-04T23:59:31.048+0600] {logging_mixin.py:154} INFO - [2025-12-04T23:59:31.048+0600] {dag.py:3722} INFO - Setting next_dagrun for example_branch_operator to 2025-12-03T00:00:00+00:00, run_after=2025-12-04T00:00:00+00:00
[2025-12-04T23:59:31.056+0600] {processor.py:179} INFO - Processing /Users/asminsadykova/Desktop/h&m/.venv/lib/python3.9/site-packages/airflow/example_dags/example_branch_operator.py took 0.106 seconds
[2025-12-05T00:01:07.197+0600] {processor.py:157} INFO - Started process (PID=42839) to work on /Users/asminsadykova/Desktop/h&m/.venv/lib/python3.9/site-packages/airflow/example_dags/example_branch_operator.py
[2025-12-05T00:01:07.198+0600] {processor.py:829} INFO - Processing file /Users/asminsadykova/Desktop/h&m/.venv/lib/python3.9/site-packages/airflow/example_dags/example_branch_operator.py for tasks to queue
[2025-12-05T00:01:07.199+0600] {logging_mixin.py:154} INFO - [2025-12-05T00:01:07.199+0600] {dagbag.py:536} INFO - Filling up the DagBag from /Users/asminsadykova/Desktop/h&m/.venv/lib/python3.9/site-packages/airflow/example_dags/example_branch_operator.py
[2025-12-05T00:01:07.219+0600] {processor.py:839} INFO - DAG(s) dict_keys(['example_branch_operator']) retrieved from /Users/asminsadykova/Desktop/h&m/.venv/lib/python3.9/site-packages/airflow/example_dags/example_branch_operator.py
[2025-12-05T00:01:07.302+0600] {logging_mixin.py:154} INFO - [2025-12-05T00:01:07.301+0600] {dag.py:2941} INFO - Sync 1 DAGs
[2025-12-05T00:01:07.309+0600] {logging_mixin.py:154} INFO - [2025-12-05T00:01:07.309+0600] {dag.py:3722} INFO - Setting next_dagrun for example_branch_operator to 2025-12-03T00:00:00+00:00, run_after=2025-12-04T00:00:00+00:00
[2025-12-05T00:01:07.320+0600] {processor.py:179} INFO - Processing /Users/asminsadykova/Desktop/h&m/.venv/lib/python3.9/site-packages/airflow/example_dags/example_branch_operator.py took 0.123 seconds
[2025-12-05T00:02:38.684+0600] {processor.py:157} INFO - Started process (PID=42931) to work on /Users/asminsadykova/Desktop/h&m/.venv/lib/python3.9/site-packages/airflow/example_dags/example_branch_operator.py
[2025-12-05T00:02:38.685+0600] {processor.py:829} INFO - Processing file /Users/asminsadykova/Desktop/h&m/.venv/lib/python3.9/site-packages/airflow/example_dags/example_branch_operator.py for tasks to queue
[2025-12-05T00:02:38.685+0600] {logging_mixin.py:154} INFO - [2025-12-05T00:02:38.685+0600] {dagbag.py:536} INFO - Filling up the DagBag from /Users/asminsadykova/Desktop/h&m/.venv/lib/python3.9/site-packages/airflow/example_dags/example_branch_operator.py
[2025-12-05T00:02:38.705+0600] {processor.py:839} INFO - DAG(s) dict_keys(['example_branch_operator']) retrieved from /Users/asminsadykova/Desktop/h&m/.venv/lib/python3.9/site-packages/airflow/example_dags/example_branch_operator.py
[2025-12-05T00:02:38.782+0600] {logging_mixin.py:154} INFO - [2025-12-05T00:02:38.782+0600] {dag.py:2941} INFO - Sync 1 DAGs
[2025-12-05T00:02:38.789+0600] {logging_mixin.py:154} INFO - [2025-12-05T00:02:38.789+0600] {dag.py:3722} INFO - Setting next_dagrun for example_branch_operator to 2025-12-03T00:00:00+00:00, run_after=2025-12-04T00:00:00+00:00
[2025-12-05T00:02:38.799+0600] {processor.py:179} INFO - Processing /Users/asminsadykova/Desktop/h&m/.venv/lib/python3.9/site-packages/airflow/example_dags/example_branch_operator.py took 0.116 seconds
[2025-12-05T00:04:11.280+0600] {processor.py:157} INFO - Started process (PID=43076) to work on /Users/asminsadykova/Desktop/h&m/.venv/lib/python3.9/site-packages/airflow/example_dags/example_branch_operator.py
[2025-12-05T00:04:11.281+0600] {processor.py:829} INFO - Processing file /Users/asminsadykova/Desktop/h&m/.venv/lib/python3.9/site-packages/airflow/example_dags/example_branch_operator.py for tasks to queue
[2025-12-05T00:04:11.282+0600] {logging_mixin.py:154} INFO - [2025-12-05T00:04:11.282+0600] {dagbag.py:536} INFO - Filling up the DagBag from /Users/asminsadykova/Desktop/h&m/.venv/lib/python3.9/site-packages/airflow/example_dags/example_branch_operator.py
[2025-12-05T00:04:11.301+0600] {processor.py:839} INFO - DAG(s) dict_keys(['example_branch_operator']) retrieved from /Users/asminsadykova/Desktop/h&m/.venv/lib/python3.9/site-packages/airflow/example_dags/example_branch_operator.py
[2025-12-05T00:04:11.374+0600] {logging_mixin.py:154} INFO - [2025-12-05T00:04:11.374+0600] {dag.py:2941} INFO - Sync 1 DAGs
[2025-12-05T00:04:11.381+0600] {logging_mixin.py:154} INFO - [2025-12-05T00:04:11.381+0600] {dag.py:3722} INFO - Setting next_dagrun for example_branch_operator to 2025-12-03T00:00:00+00:00, run_after=2025-12-04T00:00:00+00:00
[2025-12-05T00:04:11.389+0600] {processor.py:179} INFO - Processing /Users/asminsadykova/Desktop/h&m/.venv/lib/python3.9/site-packages/airflow/example_dags/example_branch_operator.py took 0.109 seconds
[2025-12-05T00:05:47.130+0600] {processor.py:157} INFO - Started process (PID=43294) to work on /Users/asminsadykova/Desktop/h&m/.venv/lib/python3.9/site-packages/airflow/example_dags/example_branch_operator.py
[2025-12-05T00:05:47.132+0600] {processor.py:829} INFO - Processing file /Users/asminsadykova/Desktop/h&m/.venv/lib/python3.9/site-packages/airflow/example_dags/example_branch_operator.py for tasks to queue
[2025-12-05T00:05:47.132+0600] {logging_mixin.py:154} INFO - [2025-12-05T00:05:47.132+0600] {dagbag.py:536} INFO - Filling up the DagBag from /Users/asminsadykova/Desktop/h&m/.venv/lib/python3.9/site-packages/airflow/example_dags/example_branch_operator.py
[2025-12-05T00:05:47.150+0600] {processor.py:839} INFO - DAG(s) dict_keys(['example_branch_operator']) retrieved from /Users/asminsadykova/Desktop/h&m/.venv/lib/python3.9/site-packages/airflow/example_dags/example_branch_operator.py
[2025-12-05T00:05:47.224+0600] {logging_mixin.py:154} INFO - [2025-12-05T00:05:47.224+0600] {dag.py:2941} INFO - Sync 1 DAGs
[2025-12-05T00:05:47.232+0600] {logging_mixin.py:154} INFO - [2025-12-05T00:05:47.232+0600] {dag.py:3722} INFO - Setting next_dagrun for example_branch_operator to 2025-12-03T00:00:00+00:00, run_after=2025-12-04T00:00:00+00:00
[2025-12-05T00:05:47.242+0600] {processor.py:179} INFO - Processing /Users/asminsadykova/Desktop/h&m/.venv/lib/python3.9/site-packages/airflow/example_dags/example_branch_operator.py took 0.112 seconds
[2025-12-05T00:07:12.826+0600] {processor.py:157} INFO - Started process (PID=43438) to work on /Users/asminsadykova/Desktop/h&m/.venv/lib/python3.9/site-packages/airflow/example_dags/example_branch_operator.py
[2025-12-05T00:07:12.827+0600] {processor.py:829} INFO - Processing file /Users/asminsadykova/Desktop/h&m/.venv/lib/python3.9/site-packages/airflow/example_dags/example_branch_operator.py for tasks to queue
[2025-12-05T00:07:12.827+0600] {logging_mixin.py:154} INFO - [2025-12-05T00:07:12.827+0600] {dagbag.py:536} INFO - Filling up the DagBag from /Users/asminsadykova/Desktop/h&m/.venv/lib/python3.9/site-packages/airflow/example_dags/example_branch_operator.py
[2025-12-05T00:07:12.844+0600] {processor.py:839} INFO - DAG(s) dict_keys(['example_branch_operator']) retrieved from /Users/asminsadykova/Desktop/h&m/.venv/lib/python3.9/site-packages/airflow/example_dags/example_branch_operator.py
[2025-12-05T00:07:12.917+0600] {logging_mixin.py:154} INFO - [2025-12-05T00:07:12.917+0600] {dag.py:2941} INFO - Sync 1 DAGs
[2025-12-05T00:07:12.924+0600] {logging_mixin.py:154} INFO - [2025-12-05T00:07:12.924+0600] {dag.py:3722} INFO - Setting next_dagrun for example_branch_operator to 2025-12-03T00:00:00+00:00, run_after=2025-12-04T00:00:00+00:00
[2025-12-05T00:07:12.933+0600] {processor.py:179} INFO - Processing /Users/asminsadykova/Desktop/h&m/.venv/lib/python3.9/site-packages/airflow/example_dags/example_branch_operator.py took 0.108 seconds
[2025-12-05T00:08:40.639+0600] {processor.py:157} INFO - Started process (PID=43601) to work on /Users/asminsadykova/Desktop/h&m/.venv/lib/python3.9/site-packages/airflow/example_dags/example_branch_operator.py
[2025-12-05T00:08:40.640+0600] {processor.py:829} INFO - Processing file /Users/asminsadykova/Desktop/h&m/.venv/lib/python3.9/site-packages/airflow/example_dags/example_branch_operator.py for tasks to queue
[2025-12-05T00:08:40.640+0600] {logging_mixin.py:154} INFO - [2025-12-05T00:08:40.640+0600] {dagbag.py:536} INFO - Filling up the DagBag from /Users/asminsadykova/Desktop/h&m/.venv/lib/python3.9/site-packages/airflow/example_dags/example_branch_operator.py
[2025-12-05T00:08:40.659+0600] {processor.py:839} INFO - DAG(s) dict_keys(['example_branch_operator']) retrieved from /Users/asminsadykova/Desktop/h&m/.venv/lib/python3.9/site-packages/airflow/example_dags/example_branch_operator.py
[2025-12-05T00:08:40.738+0600] {logging_mixin.py:154} INFO - [2025-12-05T00:08:40.738+0600] {dag.py:2941} INFO - Sync 1 DAGs
[2025-12-05T00:08:40.745+0600] {logging_mixin.py:154} INFO - [2025-12-05T00:08:40.745+0600] {dag.py:3722} INFO - Setting next_dagrun for example_branch_operator to 2025-12-03T00:00:00+00:00, run_after=2025-12-04T00:00:00+00:00
[2025-12-05T00:08:40.754+0600] {processor.py:179} INFO - Processing /Users/asminsadykova/Desktop/h&m/.venv/lib/python3.9/site-packages/airflow/example_dags/example_branch_operator.py took 0.115 seconds
[2025-12-05T00:10:15.770+0600] {processor.py:157} INFO - Started process (PID=43756) to work on /Users/asminsadykova/Desktop/h&m/.venv/lib/python3.9/site-packages/airflow/example_dags/example_branch_operator.py
[2025-12-05T00:10:15.771+0600] {processor.py:829} INFO - Processing file /Users/asminsadykova/Desktop/h&m/.venv/lib/python3.9/site-packages/airflow/example_dags/example_branch_operator.py for tasks to queue
[2025-12-05T00:10:15.771+0600] {logging_mixin.py:154} INFO - [2025-12-05T00:10:15.771+0600] {dagbag.py:536} INFO - Filling up the DagBag from /Users/asminsadykova/Desktop/h&m/.venv/lib/python3.9/site-packages/airflow/example_dags/example_branch_operator.py
[2025-12-05T00:10:15.795+0600] {processor.py:839} INFO - DAG(s) dict_keys(['example_branch_operator']) retrieved from /Users/asminsadykova/Desktop/h&m/.venv/lib/python3.9/site-packages/airflow/example_dags/example_branch_operator.py
[2025-12-05T00:10:15.937+0600] {logging_mixin.py:154} INFO - [2025-12-05T00:10:15.937+0600] {dag.py:2941} INFO - Sync 1 DAGs
[2025-12-05T00:10:15.944+0600] {logging_mixin.py:154} INFO - [2025-12-05T00:10:15.944+0600] {dag.py:3722} INFO - Setting next_dagrun for example_branch_operator to 2025-12-03T00:00:00+00:00, run_after=2025-12-04T00:00:00+00:00
[2025-12-05T00:10:15.955+0600] {processor.py:179} INFO - Processing /Users/asminsadykova/Desktop/h&m/.venv/lib/python3.9/site-packages/airflow/example_dags/example_branch_operator.py took 0.185 seconds
[2025-12-05T00:11:48.632+0600] {processor.py:157} INFO - Started process (PID=43916) to work on /Users/asminsadykova/Desktop/h&m/.venv/lib/python3.9/site-packages/airflow/example_dags/example_branch_operator.py
[2025-12-05T00:11:48.633+0600] {processor.py:829} INFO - Processing file /Users/asminsadykova/Desktop/h&m/.venv/lib/python3.9/site-packages/airflow/example_dags/example_branch_operator.py for tasks to queue
[2025-12-05T00:11:48.633+0600] {logging_mixin.py:154} INFO - [2025-12-05T00:11:48.633+0600] {dagbag.py:536} INFO - Filling up the DagBag from /Users/asminsadykova/Desktop/h&m/.venv/lib/python3.9/site-packages/airflow/example_dags/example_branch_operator.py
[2025-12-05T00:11:48.650+0600] {processor.py:839} INFO - DAG(s) dict_keys(['example_branch_operator']) retrieved from /Users/asminsadykova/Desktop/h&m/.venv/lib/python3.9/site-packages/airflow/example_dags/example_branch_operator.py
[2025-12-05T00:11:48.726+0600] {logging_mixin.py:154} INFO - [2025-12-05T00:11:48.726+0600] {dag.py:2941} INFO - Sync 1 DAGs
[2025-12-05T00:11:48.733+0600] {logging_mixin.py:154} INFO - [2025-12-05T00:11:48.733+0600] {dag.py:3722} INFO - Setting next_dagrun for example_branch_operator to 2025-12-03T00:00:00+00:00, run_after=2025-12-04T00:00:00+00:00
[2025-12-05T00:11:48.742+0600] {processor.py:179} INFO - Processing /Users/asminsadykova/Desktop/h&m/.venv/lib/python3.9/site-packages/airflow/example_dags/example_branch_operator.py took 0.111 seconds
