[2025-12-04T23:18:40.961+0600] {processor.py:157} INFO - Started process (PID=38989) to work on /Users/asminsadykova/Desktop/h&m/.venv/lib/python3.9/site-packages/airflow/example_dags/example_branch_datetime_operator.py
[2025-12-04T23:18:40.961+0600] {processor.py:829} INFO - Processing file /Users/asminsadykova/Desktop/h&m/.venv/lib/python3.9/site-packages/airflow/example_dags/example_branch_datetime_operator.py for tasks to queue
[2025-12-04T23:18:40.961+0600] {logging_mixin.py:154} INFO - [2025-12-04T23:18:40.961+0600] {dagbag.py:536} INFO - Filling up the DagBag from /Users/asminsadykova/Desktop/h&m/.venv/lib/python3.9/site-packages/airflow/example_dags/example_branch_datetime_operator.py
[2025-12-04T23:18:40.974+0600] {processor.py:839} INFO - DAG(s) dict_keys(['example_branch_datetime_operator', 'example_branch_datetime_operator_3', 'example_branch_datetime_operator_2']) retrieved from /Users/asminsadykova/Desktop/h&m/.venv/lib/python3.9/site-packages/airflow/example_dags/example_branch_datetime_operator.py
[2025-12-04T23:18:41.235+0600] {logging_mixin.py:154} INFO - [2025-12-04T23:18:41.235+0600] {manager.py:499} INFO - Created Permission View: %s
[2025-12-04T23:18:41.239+0600] {logging_mixin.py:154} INFO - [2025-12-04T23:18:41.239+0600] {manager.py:499} INFO - Created Permission View: %s
[2025-12-04T23:18:41.241+0600] {logging_mixin.py:154} INFO - [2025-12-04T23:18:41.241+0600] {manager.py:499} INFO - Created Permission View: %s
[2025-12-04T23:18:41.247+0600] {logging_mixin.py:154} INFO - [2025-12-04T23:18:41.247+0600] {manager.py:499} INFO - Created Permission View: %s
[2025-12-04T23:18:41.249+0600] {logging_mixin.py:154} INFO - [2025-12-04T23:18:41.249+0600] {manager.py:499} INFO - Created Permission View: %s
[2025-12-04T23:18:41.252+0600] {logging_mixin.py:154} INFO - [2025-12-04T23:18:41.252+0600] {manager.py:499} INFO - Created Permission View: %s
[2025-12-04T23:18:41.257+0600] {logging_mixin.py:154} INFO - [2025-12-04T23:18:41.256+0600] {manager.py:499} INFO - Created Permission View: %s
[2025-12-04T23:18:41.259+0600] {logging_mixin.py:154} INFO - [2025-12-04T23:18:41.259+0600] {manager.py:499} INFO - Created Permission View: %s
[2025-12-04T23:18:41.261+0600] {logging_mixin.py:154} INFO - [2025-12-04T23:18:41.261+0600] {manager.py:499} INFO - Created Permission View: %s
[2025-12-04T23:18:41.261+0600] {logging_mixin.py:154} INFO - [2025-12-04T23:18:41.261+0600] {dag.py:2941} INFO - Sync 3 DAGs
[2025-12-04T23:18:41.266+0600] {logging_mixin.py:154} INFO - [2025-12-04T23:18:41.266+0600] {dag.py:2963} INFO - Creating ORM DAG for example_branch_datetime_operator_2
[2025-12-04T23:18:41.267+0600] {logging_mixin.py:154} INFO - [2025-12-04T23:18:41.267+0600] {dag.py:2963} INFO - Creating ORM DAG for example_branch_datetime_operator
[2025-12-04T23:18:41.267+0600] {logging_mixin.py:154} INFO - [2025-12-04T23:18:41.267+0600] {dag.py:2963} INFO - Creating ORM DAG for example_branch_datetime_operator_3
[2025-12-04T23:18:41.271+0600] {logging_mixin.py:154} INFO - [2025-12-04T23:18:41.271+0600] {dag.py:3722} INFO - Setting next_dagrun for example_branch_datetime_operator to 2025-12-03T00:00:00+00:00, run_after=2025-12-04T00:00:00+00:00
[2025-12-04T23:18:41.271+0600] {logging_mixin.py:154} INFO - [2025-12-04T23:18:41.271+0600] {dag.py:3722} INFO - Setting next_dagrun for example_branch_datetime_operator_2 to 2025-12-03T00:00:00+00:00, run_after=2025-12-04T00:00:00+00:00
[2025-12-04T23:18:41.272+0600] {logging_mixin.py:154} INFO - [2025-12-04T23:18:41.272+0600] {dag.py:3722} INFO - Setting next_dagrun for example_branch_datetime_operator_3 to 2025-12-03T00:00:00+00:00, run_after=2025-12-04T00:00:00+00:00
[2025-12-04T23:18:41.279+0600] {processor.py:179} INFO - Processing /Users/asminsadykova/Desktop/h&m/.venv/lib/python3.9/site-packages/airflow/example_dags/example_branch_datetime_operator.py took 0.319 seconds
[2025-12-04T23:20:08.824+0600] {processor.py:157} INFO - Started process (PID=39094) to work on /Users/asminsadykova/Desktop/h&m/.venv/lib/python3.9/site-packages/airflow/example_dags/example_branch_datetime_operator.py
[2025-12-04T23:20:08.825+0600] {processor.py:829} INFO - Processing file /Users/asminsadykova/Desktop/h&m/.venv/lib/python3.9/site-packages/airflow/example_dags/example_branch_datetime_operator.py for tasks to queue
[2025-12-04T23:20:08.825+0600] {logging_mixin.py:154} INFO - [2025-12-04T23:20:08.825+0600] {dagbag.py:536} INFO - Filling up the DagBag from /Users/asminsadykova/Desktop/h&m/.venv/lib/python3.9/site-packages/airflow/example_dags/example_branch_datetime_operator.py
[2025-12-04T23:20:08.838+0600] {processor.py:839} INFO - DAG(s) dict_keys(['example_branch_datetime_operator_2', 'example_branch_datetime_operator_3', 'example_branch_datetime_operator']) retrieved from /Users/asminsadykova/Desktop/h&m/.venv/lib/python3.9/site-packages/airflow/example_dags/example_branch_datetime_operator.py
[2025-12-04T23:20:08.915+0600] {logging_mixin.py:154} INFO - [2025-12-04T23:20:08.915+0600] {dag.py:2941} INFO - Sync 3 DAGs
[2025-12-04T23:20:08.923+0600] {logging_mixin.py:154} INFO - [2025-12-04T23:20:08.923+0600] {dag.py:3722} INFO - Setting next_dagrun for example_branch_datetime_operator to 2025-12-03T00:00:00+00:00, run_after=2025-12-04T00:00:00+00:00
[2025-12-04T23:20:08.925+0600] {logging_mixin.py:154} INFO - [2025-12-04T23:20:08.925+0600] {dag.py:3722} INFO - Setting next_dagrun for example_branch_datetime_operator_2 to 2025-12-03T00:00:00+00:00, run_after=2025-12-04T00:00:00+00:00
[2025-12-04T23:20:08.926+0600] {logging_mixin.py:154} INFO - [2025-12-04T23:20:08.926+0600] {dag.py:3722} INFO - Setting next_dagrun for example_branch_datetime_operator_3 to 2025-12-03T00:00:00+00:00, run_after=2025-12-04T00:00:00+00:00
[2025-12-04T23:20:08.932+0600] {processor.py:179} INFO - Processing /Users/asminsadykova/Desktop/h&m/.venv/lib/python3.9/site-packages/airflow/example_dags/example_branch_datetime_operator.py took 0.109 seconds
[2025-12-04T23:21:35.611+0600] {processor.py:157} INFO - Started process (PID=39193) to work on /Users/asminsadykova/Desktop/h&m/.venv/lib/python3.9/site-packages/airflow/example_dags/example_branch_datetime_operator.py
[2025-12-04T23:21:35.612+0600] {processor.py:829} INFO - Processing file /Users/asminsadykova/Desktop/h&m/.venv/lib/python3.9/site-packages/airflow/example_dags/example_branch_datetime_operator.py for tasks to queue
[2025-12-04T23:21:35.612+0600] {logging_mixin.py:154} INFO - [2025-12-04T23:21:35.612+0600] {dagbag.py:536} INFO - Filling up the DagBag from /Users/asminsadykova/Desktop/h&m/.venv/lib/python3.9/site-packages/airflow/example_dags/example_branch_datetime_operator.py
[2025-12-04T23:21:35.628+0600] {processor.py:839} INFO - DAG(s) dict_keys(['example_branch_datetime_operator_2', 'example_branch_datetime_operator_3', 'example_branch_datetime_operator']) retrieved from /Users/asminsadykova/Desktop/h&m/.venv/lib/python3.9/site-packages/airflow/example_dags/example_branch_datetime_operator.py
[2025-12-04T23:21:35.703+0600] {logging_mixin.py:154} INFO - [2025-12-04T23:21:35.703+0600] {dag.py:2941} INFO - Sync 3 DAGs
[2025-12-04T23:21:35.710+0600] {logging_mixin.py:154} INFO - [2025-12-04T23:21:35.710+0600] {dag.py:3722} INFO - Setting next_dagrun for example_branch_datetime_operator to 2025-12-03T00:00:00+00:00, run_after=2025-12-04T00:00:00+00:00
[2025-12-04T23:21:35.712+0600] {logging_mixin.py:154} INFO - [2025-12-04T23:21:35.712+0600] {dag.py:3722} INFO - Setting next_dagrun for example_branch_datetime_operator_2 to 2025-12-03T00:00:00+00:00, run_after=2025-12-04T00:00:00+00:00
[2025-12-04T23:21:35.713+0600] {logging_mixin.py:154} INFO - [2025-12-04T23:21:35.713+0600] {dag.py:3722} INFO - Setting next_dagrun for example_branch_datetime_operator_3 to 2025-12-03T00:00:00+00:00, run_after=2025-12-04T00:00:00+00:00
[2025-12-04T23:21:35.720+0600] {processor.py:179} INFO - Processing /Users/asminsadykova/Desktop/h&m/.venv/lib/python3.9/site-packages/airflow/example_dags/example_branch_datetime_operator.py took 0.110 seconds
[2025-12-04T23:23:00.840+0600] {processor.py:157} INFO - Started process (PID=39282) to work on /Users/asminsadykova/Desktop/h&m/.venv/lib/python3.9/site-packages/airflow/example_dags/example_branch_datetime_operator.py
[2025-12-04T23:23:00.841+0600] {processor.py:829} INFO - Processing file /Users/asminsadykova/Desktop/h&m/.venv/lib/python3.9/site-packages/airflow/example_dags/example_branch_datetime_operator.py for tasks to queue
[2025-12-04T23:23:00.841+0600] {logging_mixin.py:154} INFO - [2025-12-04T23:23:00.841+0600] {dagbag.py:536} INFO - Filling up the DagBag from /Users/asminsadykova/Desktop/h&m/.venv/lib/python3.9/site-packages/airflow/example_dags/example_branch_datetime_operator.py
[2025-12-04T23:23:00.854+0600] {processor.py:839} INFO - DAG(s) dict_keys(['example_branch_datetime_operator_2', 'example_branch_datetime_operator_3', 'example_branch_datetime_operator']) retrieved from /Users/asminsadykova/Desktop/h&m/.venv/lib/python3.9/site-packages/airflow/example_dags/example_branch_datetime_operator.py
[2025-12-04T23:23:00.926+0600] {logging_mixin.py:154} INFO - [2025-12-04T23:23:00.926+0600] {dag.py:2941} INFO - Sync 3 DAGs
[2025-12-04T23:23:00.933+0600] {logging_mixin.py:154} INFO - [2025-12-04T23:23:00.932+0600] {dag.py:3722} INFO - Setting next_dagrun for example_branch_datetime_operator to 2025-12-03T00:00:00+00:00, run_after=2025-12-04T00:00:00+00:00
[2025-12-04T23:23:00.934+0600] {logging_mixin.py:154} INFO - [2025-12-04T23:23:00.934+0600] {dag.py:3722} INFO - Setting next_dagrun for example_branch_datetime_operator_2 to 2025-12-03T00:00:00+00:00, run_after=2025-12-04T00:00:00+00:00
[2025-12-04T23:23:00.935+0600] {logging_mixin.py:154} INFO - [2025-12-04T23:23:00.935+0600] {dag.py:3722} INFO - Setting next_dagrun for example_branch_datetime_operator_3 to 2025-12-03T00:00:00+00:00, run_after=2025-12-04T00:00:00+00:00
[2025-12-04T23:23:00.943+0600] {processor.py:179} INFO - Processing /Users/asminsadykova/Desktop/h&m/.venv/lib/python3.9/site-packages/airflow/example_dags/example_branch_datetime_operator.py took 0.104 seconds
[2025-12-04T23:24:37.522+0600] {processor.py:157} INFO - Started process (PID=39479) to work on /Users/asminsadykova/Desktop/h&m/.venv/lib/python3.9/site-packages/airflow/example_dags/example_branch_datetime_operator.py
[2025-12-04T23:24:37.523+0600] {processor.py:829} INFO - Processing file /Users/asminsadykova/Desktop/h&m/.venv/lib/python3.9/site-packages/airflow/example_dags/example_branch_datetime_operator.py for tasks to queue
[2025-12-04T23:24:37.523+0600] {logging_mixin.py:154} INFO - [2025-12-04T23:24:37.523+0600] {dagbag.py:536} INFO - Filling up the DagBag from /Users/asminsadykova/Desktop/h&m/.venv/lib/python3.9/site-packages/airflow/example_dags/example_branch_datetime_operator.py
[2025-12-04T23:24:37.536+0600] {processor.py:839} INFO - DAG(s) dict_keys(['example_branch_datetime_operator_3', 'example_branch_datetime_operator_2', 'example_branch_datetime_operator']) retrieved from /Users/asminsadykova/Desktop/h&m/.venv/lib/python3.9/site-packages/airflow/example_dags/example_branch_datetime_operator.py
[2025-12-04T23:24:37.608+0600] {logging_mixin.py:154} INFO - [2025-12-04T23:24:37.608+0600] {dag.py:2941} INFO - Sync 3 DAGs
[2025-12-04T23:24:37.615+0600] {logging_mixin.py:154} INFO - [2025-12-04T23:24:37.614+0600] {dag.py:3722} INFO - Setting next_dagrun for example_branch_datetime_operator to 2025-12-03T00:00:00+00:00, run_after=2025-12-04T00:00:00+00:00
[2025-12-04T23:24:37.616+0600] {logging_mixin.py:154} INFO - [2025-12-04T23:24:37.616+0600] {dag.py:3722} INFO - Setting next_dagrun for example_branch_datetime_operator_2 to 2025-12-03T00:00:00+00:00, run_after=2025-12-04T00:00:00+00:00
[2025-12-04T23:24:37.617+0600] {logging_mixin.py:154} INFO - [2025-12-04T23:24:37.617+0600] {dag.py:3722} INFO - Setting next_dagrun for example_branch_datetime_operator_3 to 2025-12-03T00:00:00+00:00, run_after=2025-12-04T00:00:00+00:00
[2025-12-04T23:24:37.624+0600] {processor.py:179} INFO - Processing /Users/asminsadykova/Desktop/h&m/.venv/lib/python3.9/site-packages/airflow/example_dags/example_branch_datetime_operator.py took 0.102 seconds
[2025-12-04T23:26:10.700+0600] {processor.py:157} INFO - Started process (PID=39569) to work on /Users/asminsadykova/Desktop/h&m/.venv/lib/python3.9/site-packages/airflow/example_dags/example_branch_datetime_operator.py
[2025-12-04T23:26:10.701+0600] {processor.py:829} INFO - Processing file /Users/asminsadykova/Desktop/h&m/.venv/lib/python3.9/site-packages/airflow/example_dags/example_branch_datetime_operator.py for tasks to queue
[2025-12-04T23:26:10.701+0600] {logging_mixin.py:154} INFO - [2025-12-04T23:26:10.701+0600] {dagbag.py:536} INFO - Filling up the DagBag from /Users/asminsadykova/Desktop/h&m/.venv/lib/python3.9/site-packages/airflow/example_dags/example_branch_datetime_operator.py
[2025-12-04T23:26:10.714+0600] {processor.py:839} INFO - DAG(s) dict_keys(['example_branch_datetime_operator_3', 'example_branch_datetime_operator', 'example_branch_datetime_operator_2']) retrieved from /Users/asminsadykova/Desktop/h&m/.venv/lib/python3.9/site-packages/airflow/example_dags/example_branch_datetime_operator.py
[2025-12-04T23:26:10.790+0600] {logging_mixin.py:154} INFO - [2025-12-04T23:26:10.790+0600] {dag.py:2941} INFO - Sync 3 DAGs
[2025-12-04T23:26:10.797+0600] {logging_mixin.py:154} INFO - [2025-12-04T23:26:10.797+0600] {dag.py:3722} INFO - Setting next_dagrun for example_branch_datetime_operator to 2025-12-03T00:00:00+00:00, run_after=2025-12-04T00:00:00+00:00
[2025-12-04T23:26:10.799+0600] {logging_mixin.py:154} INFO - [2025-12-04T23:26:10.799+0600] {dag.py:3722} INFO - Setting next_dagrun for example_branch_datetime_operator_2 to 2025-12-03T00:00:00+00:00, run_after=2025-12-04T00:00:00+00:00
[2025-12-04T23:26:10.800+0600] {logging_mixin.py:154} INFO - [2025-12-04T23:26:10.800+0600] {dag.py:3722} INFO - Setting next_dagrun for example_branch_datetime_operator_3 to 2025-12-03T00:00:00+00:00, run_after=2025-12-04T00:00:00+00:00
[2025-12-04T23:26:10.807+0600] {processor.py:179} INFO - Processing /Users/asminsadykova/Desktop/h&m/.venv/lib/python3.9/site-packages/airflow/example_dags/example_branch_datetime_operator.py took 0.108 seconds
[2025-12-04T23:27:50.239+0600] {processor.py:157} INFO - Started process (PID=39673) to work on /Users/asminsadykova/Desktop/h&m/.venv/lib/python3.9/site-packages/airflow/example_dags/example_branch_datetime_operator.py
[2025-12-04T23:27:50.241+0600] {processor.py:829} INFO - Processing file /Users/asminsadykova/Desktop/h&m/.venv/lib/python3.9/site-packages/airflow/example_dags/example_branch_datetime_operator.py for tasks to queue
[2025-12-04T23:27:50.241+0600] {logging_mixin.py:154} INFO - [2025-12-04T23:27:50.241+0600] {dagbag.py:536} INFO - Filling up the DagBag from /Users/asminsadykova/Desktop/h&m/.venv/lib/python3.9/site-packages/airflow/example_dags/example_branch_datetime_operator.py
[2025-12-04T23:27:50.254+0600] {processor.py:839} INFO - DAG(s) dict_keys(['example_branch_datetime_operator_3', 'example_branch_datetime_operator', 'example_branch_datetime_operator_2']) retrieved from /Users/asminsadykova/Desktop/h&m/.venv/lib/python3.9/site-packages/airflow/example_dags/example_branch_datetime_operator.py
[2025-12-04T23:27:50.327+0600] {logging_mixin.py:154} INFO - [2025-12-04T23:27:50.326+0600] {dag.py:2941} INFO - Sync 3 DAGs
[2025-12-04T23:27:50.333+0600] {logging_mixin.py:154} INFO - [2025-12-04T23:27:50.333+0600] {dag.py:3722} INFO - Setting next_dagrun for example_branch_datetime_operator to 2025-12-03T00:00:00+00:00, run_after=2025-12-04T00:00:00+00:00
[2025-12-04T23:27:50.335+0600] {logging_mixin.py:154} INFO - [2025-12-04T23:27:50.335+0600] {dag.py:3722} INFO - Setting next_dagrun for example_branch_datetime_operator_2 to 2025-12-03T00:00:00+00:00, run_after=2025-12-04T00:00:00+00:00
[2025-12-04T23:27:50.336+0600] {logging_mixin.py:154} INFO - [2025-12-04T23:27:50.336+0600] {dag.py:3722} INFO - Setting next_dagrun for example_branch_datetime_operator_3 to 2025-12-03T00:00:00+00:00, run_after=2025-12-04T00:00:00+00:00
[2025-12-04T23:27:50.343+0600] {processor.py:179} INFO - Processing /Users/asminsadykova/Desktop/h&m/.venv/lib/python3.9/site-packages/airflow/example_dags/example_branch_datetime_operator.py took 0.104 seconds
[2025-12-04T23:29:14.479+0600] {processor.py:157} INFO - Started process (PID=39756) to work on /Users/asminsadykova/Desktop/h&m/.venv/lib/python3.9/site-packages/airflow/example_dags/example_branch_datetime_operator.py
[2025-12-04T23:29:14.480+0600] {processor.py:829} INFO - Processing file /Users/asminsadykova/Desktop/h&m/.venv/lib/python3.9/site-packages/airflow/example_dags/example_branch_datetime_operator.py for tasks to queue
[2025-12-04T23:29:14.480+0600] {logging_mixin.py:154} INFO - [2025-12-04T23:29:14.480+0600] {dagbag.py:536} INFO - Filling up the DagBag from /Users/asminsadykova/Desktop/h&m/.venv/lib/python3.9/site-packages/airflow/example_dags/example_branch_datetime_operator.py
[2025-12-04T23:29:14.494+0600] {processor.py:839} INFO - DAG(s) dict_keys(['example_branch_datetime_operator_3', 'example_branch_datetime_operator', 'example_branch_datetime_operator_2']) retrieved from /Users/asminsadykova/Desktop/h&m/.venv/lib/python3.9/site-packages/airflow/example_dags/example_branch_datetime_operator.py
[2025-12-04T23:29:14.575+0600] {logging_mixin.py:154} INFO - [2025-12-04T23:29:14.575+0600] {dag.py:2941} INFO - Sync 3 DAGs
[2025-12-04T23:29:14.583+0600] {logging_mixin.py:154} INFO - [2025-12-04T23:29:14.583+0600] {dag.py:3722} INFO - Setting next_dagrun for example_branch_datetime_operator to 2025-12-03T00:00:00+00:00, run_after=2025-12-04T00:00:00+00:00
[2025-12-04T23:29:14.585+0600] {logging_mixin.py:154} INFO - [2025-12-04T23:29:14.585+0600] {dag.py:3722} INFO - Setting next_dagrun for example_branch_datetime_operator_2 to 2025-12-03T00:00:00+00:00, run_after=2025-12-04T00:00:00+00:00
[2025-12-04T23:29:14.586+0600] {logging_mixin.py:154} INFO - [2025-12-04T23:29:14.586+0600] {dag.py:3722} INFO - Setting next_dagrun for example_branch_datetime_operator_3 to 2025-12-03T00:00:00+00:00, run_after=2025-12-04T00:00:00+00:00
[2025-12-04T23:29:14.593+0600] {processor.py:179} INFO - Processing /Users/asminsadykova/Desktop/h&m/.venv/lib/python3.9/site-packages/airflow/example_dags/example_branch_datetime_operator.py took 0.115 seconds
[2025-12-04T23:30:37.590+0600] {processor.py:157} INFO - Started process (PID=39824) to work on /Users/asminsadykova/Desktop/h&m/.venv/lib/python3.9/site-packages/airflow/example_dags/example_branch_datetime_operator.py
[2025-12-04T23:30:37.591+0600] {processor.py:829} INFO - Processing file /Users/asminsadykova/Desktop/h&m/.venv/lib/python3.9/site-packages/airflow/example_dags/example_branch_datetime_operator.py for tasks to queue
[2025-12-04T23:30:37.591+0600] {logging_mixin.py:154} INFO - [2025-12-04T23:30:37.591+0600] {dagbag.py:536} INFO - Filling up the DagBag from /Users/asminsadykova/Desktop/h&m/.venv/lib/python3.9/site-packages/airflow/example_dags/example_branch_datetime_operator.py
[2025-12-04T23:30:37.604+0600] {processor.py:839} INFO - DAG(s) dict_keys(['example_branch_datetime_operator_3', 'example_branch_datetime_operator_2', 'example_branch_datetime_operator']) retrieved from /Users/asminsadykova/Desktop/h&m/.venv/lib/python3.9/site-packages/airflow/example_dags/example_branch_datetime_operator.py
[2025-12-04T23:30:37.676+0600] {logging_mixin.py:154} INFO - [2025-12-04T23:30:37.676+0600] {dag.py:2941} INFO - Sync 3 DAGs
[2025-12-04T23:30:37.683+0600] {logging_mixin.py:154} INFO - [2025-12-04T23:30:37.683+0600] {dag.py:3722} INFO - Setting next_dagrun for example_branch_datetime_operator to 2025-12-03T00:00:00+00:00, run_after=2025-12-04T00:00:00+00:00
[2025-12-04T23:30:37.685+0600] {logging_mixin.py:154} INFO - [2025-12-04T23:30:37.685+0600] {dag.py:3722} INFO - Setting next_dagrun for example_branch_datetime_operator_2 to 2025-12-03T00:00:00+00:00, run_after=2025-12-04T00:00:00+00:00
[2025-12-04T23:30:37.686+0600] {logging_mixin.py:154} INFO - [2025-12-04T23:30:37.686+0600] {dag.py:3722} INFO - Setting next_dagrun for example_branch_datetime_operator_3 to 2025-12-03T00:00:00+00:00, run_after=2025-12-04T00:00:00+00:00
[2025-12-04T23:30:37.692+0600] {processor.py:179} INFO - Processing /Users/asminsadykova/Desktop/h&m/.venv/lib/python3.9/site-packages/airflow/example_dags/example_branch_datetime_operator.py took 0.102 seconds
[2025-12-04T23:32:00.928+0600] {processor.py:157} INFO - Started process (PID=39894) to work on /Users/asminsadykova/Desktop/h&m/.venv/lib/python3.9/site-packages/airflow/example_dags/example_branch_datetime_operator.py
[2025-12-04T23:32:00.929+0600] {processor.py:829} INFO - Processing file /Users/asminsadykova/Desktop/h&m/.venv/lib/python3.9/site-packages/airflow/example_dags/example_branch_datetime_operator.py for tasks to queue
[2025-12-04T23:32:00.929+0600] {logging_mixin.py:154} INFO - [2025-12-04T23:32:00.929+0600] {dagbag.py:536} INFO - Filling up the DagBag from /Users/asminsadykova/Desktop/h&m/.venv/lib/python3.9/site-packages/airflow/example_dags/example_branch_datetime_operator.py
[2025-12-04T23:32:00.942+0600] {processor.py:839} INFO - DAG(s) dict_keys(['example_branch_datetime_operator_2', 'example_branch_datetime_operator_3', 'example_branch_datetime_operator']) retrieved from /Users/asminsadykova/Desktop/h&m/.venv/lib/python3.9/site-packages/airflow/example_dags/example_branch_datetime_operator.py
[2025-12-04T23:32:01.013+0600] {logging_mixin.py:154} INFO - [2025-12-04T23:32:01.013+0600] {dag.py:2941} INFO - Sync 3 DAGs
[2025-12-04T23:32:01.020+0600] {logging_mixin.py:154} INFO - [2025-12-04T23:32:01.020+0600] {dag.py:3722} INFO - Setting next_dagrun for example_branch_datetime_operator to 2025-12-03T00:00:00+00:00, run_after=2025-12-04T00:00:00+00:00
[2025-12-04T23:32:01.022+0600] {logging_mixin.py:154} INFO - [2025-12-04T23:32:01.022+0600] {dag.py:3722} INFO - Setting next_dagrun for example_branch_datetime_operator_2 to 2025-12-03T00:00:00+00:00, run_after=2025-12-04T00:00:00+00:00
[2025-12-04T23:32:01.023+0600] {logging_mixin.py:154} INFO - [2025-12-04T23:32:01.023+0600] {dag.py:3722} INFO - Setting next_dagrun for example_branch_datetime_operator_3 to 2025-12-03T00:00:00+00:00, run_after=2025-12-04T00:00:00+00:00
[2025-12-04T23:32:01.029+0600] {processor.py:179} INFO - Processing /Users/asminsadykova/Desktop/h&m/.venv/lib/python3.9/site-packages/airflow/example_dags/example_branch_datetime_operator.py took 0.102 seconds
[2025-12-04T23:33:28.104+0600] {processor.py:157} INFO - Started process (PID=40121) to work on /Users/asminsadykova/Desktop/h&m/.venv/lib/python3.9/site-packages/airflow/example_dags/example_branch_datetime_operator.py
[2025-12-04T23:33:28.105+0600] {processor.py:829} INFO - Processing file /Users/asminsadykova/Desktop/h&m/.venv/lib/python3.9/site-packages/airflow/example_dags/example_branch_datetime_operator.py for tasks to queue
[2025-12-04T23:33:28.106+0600] {logging_mixin.py:154} INFO - [2025-12-04T23:33:28.106+0600] {dagbag.py:536} INFO - Filling up the DagBag from /Users/asminsadykova/Desktop/h&m/.venv/lib/python3.9/site-packages/airflow/example_dags/example_branch_datetime_operator.py
[2025-12-04T23:33:28.118+0600] {processor.py:839} INFO - DAG(s) dict_keys(['example_branch_datetime_operator', 'example_branch_datetime_operator_2', 'example_branch_datetime_operator_3']) retrieved from /Users/asminsadykova/Desktop/h&m/.venv/lib/python3.9/site-packages/airflow/example_dags/example_branch_datetime_operator.py
[2025-12-04T23:33:28.191+0600] {logging_mixin.py:154} INFO - [2025-12-04T23:33:28.191+0600] {dag.py:2941} INFO - Sync 3 DAGs
[2025-12-04T23:33:28.198+0600] {logging_mixin.py:154} INFO - [2025-12-04T23:33:28.198+0600] {dag.py:3722} INFO - Setting next_dagrun for example_branch_datetime_operator to 2025-12-03T00:00:00+00:00, run_after=2025-12-04T00:00:00+00:00
[2025-12-04T23:33:28.199+0600] {logging_mixin.py:154} INFO - [2025-12-04T23:33:28.199+0600] {dag.py:3722} INFO - Setting next_dagrun for example_branch_datetime_operator_2 to 2025-12-03T00:00:00+00:00, run_after=2025-12-04T00:00:00+00:00
[2025-12-04T23:33:28.200+0600] {logging_mixin.py:154} INFO - [2025-12-04T23:33:28.200+0600] {dag.py:3722} INFO - Setting next_dagrun for example_branch_datetime_operator_3 to 2025-12-03T00:00:00+00:00, run_after=2025-12-04T00:00:00+00:00
[2025-12-04T23:33:28.209+0600] {processor.py:179} INFO - Processing /Users/asminsadykova/Desktop/h&m/.venv/lib/python3.9/site-packages/airflow/example_dags/example_branch_datetime_operator.py took 0.105 seconds
[2025-12-04T23:34:54.807+0600] {processor.py:157} INFO - Started process (PID=40205) to work on /Users/asminsadykova/Desktop/h&m/.venv/lib/python3.9/site-packages/airflow/example_dags/example_branch_datetime_operator.py
[2025-12-04T23:34:54.808+0600] {processor.py:829} INFO - Processing file /Users/asminsadykova/Desktop/h&m/.venv/lib/python3.9/site-packages/airflow/example_dags/example_branch_datetime_operator.py for tasks to queue
[2025-12-04T23:34:54.809+0600] {logging_mixin.py:154} INFO - [2025-12-04T23:34:54.808+0600] {dagbag.py:536} INFO - Filling up the DagBag from /Users/asminsadykova/Desktop/h&m/.venv/lib/python3.9/site-packages/airflow/example_dags/example_branch_datetime_operator.py
[2025-12-04T23:34:54.822+0600] {processor.py:839} INFO - DAG(s) dict_keys(['example_branch_datetime_operator', 'example_branch_datetime_operator_2', 'example_branch_datetime_operator_3']) retrieved from /Users/asminsadykova/Desktop/h&m/.venv/lib/python3.9/site-packages/airflow/example_dags/example_branch_datetime_operator.py
[2025-12-04T23:34:54.894+0600] {logging_mixin.py:154} INFO - [2025-12-04T23:34:54.894+0600] {dag.py:2941} INFO - Sync 3 DAGs
[2025-12-04T23:34:54.901+0600] {logging_mixin.py:154} INFO - [2025-12-04T23:34:54.901+0600] {dag.py:3722} INFO - Setting next_dagrun for example_branch_datetime_operator to 2025-12-03T00:00:00+00:00, run_after=2025-12-04T00:00:00+00:00
[2025-12-04T23:34:54.903+0600] {logging_mixin.py:154} INFO - [2025-12-04T23:34:54.903+0600] {dag.py:3722} INFO - Setting next_dagrun for example_branch_datetime_operator_2 to 2025-12-03T00:00:00+00:00, run_after=2025-12-04T00:00:00+00:00
[2025-12-04T23:34:54.904+0600] {logging_mixin.py:154} INFO - [2025-12-04T23:34:54.904+0600] {dag.py:3722} INFO - Setting next_dagrun for example_branch_datetime_operator_3 to 2025-12-03T00:00:00+00:00, run_after=2025-12-04T00:00:00+00:00
[2025-12-04T23:34:54.912+0600] {processor.py:179} INFO - Processing /Users/asminsadykova/Desktop/h&m/.venv/lib/python3.9/site-packages/airflow/example_dags/example_branch_datetime_operator.py took 0.105 seconds
[2025-12-04T23:36:33.745+0600] {processor.py:157} INFO - Started process (PID=40292) to work on /Users/asminsadykova/Desktop/h&m/.venv/lib/python3.9/site-packages/airflow/example_dags/example_branch_datetime_operator.py
[2025-12-04T23:36:33.746+0600] {processor.py:829} INFO - Processing file /Users/asminsadykova/Desktop/h&m/.venv/lib/python3.9/site-packages/airflow/example_dags/example_branch_datetime_operator.py for tasks to queue
[2025-12-04T23:36:33.746+0600] {logging_mixin.py:154} INFO - [2025-12-04T23:36:33.746+0600] {dagbag.py:536} INFO - Filling up the DagBag from /Users/asminsadykova/Desktop/h&m/.venv/lib/python3.9/site-packages/airflow/example_dags/example_branch_datetime_operator.py
[2025-12-04T23:36:33.760+0600] {processor.py:839} INFO - DAG(s) dict_keys(['example_branch_datetime_operator_2', 'example_branch_datetime_operator', 'example_branch_datetime_operator_3']) retrieved from /Users/asminsadykova/Desktop/h&m/.venv/lib/python3.9/site-packages/airflow/example_dags/example_branch_datetime_operator.py
[2025-12-04T23:36:33.839+0600] {logging_mixin.py:154} INFO - [2025-12-04T23:36:33.839+0600] {dag.py:2941} INFO - Sync 3 DAGs
[2025-12-04T23:36:33.847+0600] {logging_mixin.py:154} INFO - [2025-12-04T23:36:33.847+0600] {dag.py:3722} INFO - Setting next_dagrun for example_branch_datetime_operator to 2025-12-03T00:00:00+00:00, run_after=2025-12-04T00:00:00+00:00
[2025-12-04T23:36:33.849+0600] {logging_mixin.py:154} INFO - [2025-12-04T23:36:33.849+0600] {dag.py:3722} INFO - Setting next_dagrun for example_branch_datetime_operator_2 to 2025-12-03T00:00:00+00:00, run_after=2025-12-04T00:00:00+00:00
[2025-12-04T23:36:33.850+0600] {logging_mixin.py:154} INFO - [2025-12-04T23:36:33.850+0600] {dag.py:3722} INFO - Setting next_dagrun for example_branch_datetime_operator_3 to 2025-12-03T00:00:00+00:00, run_after=2025-12-04T00:00:00+00:00
[2025-12-04T23:36:33.857+0600] {processor.py:179} INFO - Processing /Users/asminsadykova/Desktop/h&m/.venv/lib/python3.9/site-packages/airflow/example_dags/example_branch_datetime_operator.py took 0.114 seconds
[2025-12-04T23:38:02.020+0600] {processor.py:157} INFO - Started process (PID=40382) to work on /Users/asminsadykova/Desktop/h&m/.venv/lib/python3.9/site-packages/airflow/example_dags/example_branch_datetime_operator.py
[2025-12-04T23:38:02.021+0600] {processor.py:829} INFO - Processing file /Users/asminsadykova/Desktop/h&m/.venv/lib/python3.9/site-packages/airflow/example_dags/example_branch_datetime_operator.py for tasks to queue
[2025-12-04T23:38:02.021+0600] {logging_mixin.py:154} INFO - [2025-12-04T23:38:02.021+0600] {dagbag.py:536} INFO - Filling up the DagBag from /Users/asminsadykova/Desktop/h&m/.venv/lib/python3.9/site-packages/airflow/example_dags/example_branch_datetime_operator.py
[2025-12-04T23:38:02.034+0600] {processor.py:839} INFO - DAG(s) dict_keys(['example_branch_datetime_operator_3', 'example_branch_datetime_operator_2', 'example_branch_datetime_operator']) retrieved from /Users/asminsadykova/Desktop/h&m/.venv/lib/python3.9/site-packages/airflow/example_dags/example_branch_datetime_operator.py
[2025-12-04T23:38:02.107+0600] {logging_mixin.py:154} INFO - [2025-12-04T23:38:02.107+0600] {dag.py:2941} INFO - Sync 3 DAGs
[2025-12-04T23:38:02.114+0600] {logging_mixin.py:154} INFO - [2025-12-04T23:38:02.114+0600] {dag.py:3722} INFO - Setting next_dagrun for example_branch_datetime_operator to 2025-12-03T00:00:00+00:00, run_after=2025-12-04T00:00:00+00:00
[2025-12-04T23:38:02.116+0600] {logging_mixin.py:154} INFO - [2025-12-04T23:38:02.116+0600] {dag.py:3722} INFO - Setting next_dagrun for example_branch_datetime_operator_2 to 2025-12-03T00:00:00+00:00, run_after=2025-12-04T00:00:00+00:00
[2025-12-04T23:38:02.117+0600] {logging_mixin.py:154} INFO - [2025-12-04T23:38:02.117+0600] {dag.py:3722} INFO - Setting next_dagrun for example_branch_datetime_operator_3 to 2025-12-03T00:00:00+00:00, run_after=2025-12-04T00:00:00+00:00
[2025-12-04T23:38:02.126+0600] {processor.py:179} INFO - Processing /Users/asminsadykova/Desktop/h&m/.venv/lib/python3.9/site-packages/airflow/example_dags/example_branch_datetime_operator.py took 0.106 seconds
[2025-12-04T23:39:39.115+0600] {processor.py:157} INFO - Started process (PID=40468) to work on /Users/asminsadykova/Desktop/h&m/.venv/lib/python3.9/site-packages/airflow/example_dags/example_branch_datetime_operator.py
[2025-12-04T23:39:39.116+0600] {processor.py:829} INFO - Processing file /Users/asminsadykova/Desktop/h&m/.venv/lib/python3.9/site-packages/airflow/example_dags/example_branch_datetime_operator.py for tasks to queue
[2025-12-04T23:39:39.117+0600] {logging_mixin.py:154} INFO - [2025-12-04T23:39:39.117+0600] {dagbag.py:536} INFO - Filling up the DagBag from /Users/asminsadykova/Desktop/h&m/.venv/lib/python3.9/site-packages/airflow/example_dags/example_branch_datetime_operator.py
[2025-12-04T23:39:39.130+0600] {processor.py:839} INFO - DAG(s) dict_keys(['example_branch_datetime_operator_2', 'example_branch_datetime_operator', 'example_branch_datetime_operator_3']) retrieved from /Users/asminsadykova/Desktop/h&m/.venv/lib/python3.9/site-packages/airflow/example_dags/example_branch_datetime_operator.py
[2025-12-04T23:39:39.210+0600] {logging_mixin.py:154} INFO - [2025-12-04T23:39:39.210+0600] {dag.py:2941} INFO - Sync 3 DAGs
[2025-12-04T23:39:39.217+0600] {logging_mixin.py:154} INFO - [2025-12-04T23:39:39.217+0600] {dag.py:3722} INFO - Setting next_dagrun for example_branch_datetime_operator to 2025-12-03T00:00:00+00:00, run_after=2025-12-04T00:00:00+00:00
[2025-12-04T23:39:39.219+0600] {logging_mixin.py:154} INFO - [2025-12-04T23:39:39.219+0600] {dag.py:3722} INFO - Setting next_dagrun for example_branch_datetime_operator_2 to 2025-12-03T00:00:00+00:00, run_after=2025-12-04T00:00:00+00:00
[2025-12-04T23:39:39.220+0600] {logging_mixin.py:154} INFO - [2025-12-04T23:39:39.220+0600] {dag.py:3722} INFO - Setting next_dagrun for example_branch_datetime_operator_3 to 2025-12-03T00:00:00+00:00, run_after=2025-12-04T00:00:00+00:00
[2025-12-04T23:39:39.227+0600] {processor.py:179} INFO - Processing /Users/asminsadykova/Desktop/h&m/.venv/lib/python3.9/site-packages/airflow/example_dags/example_branch_datetime_operator.py took 0.112 seconds
[2025-12-04T23:41:16.124+0600] {processor.py:157} INFO - Started process (PID=40595) to work on /Users/asminsadykova/Desktop/h&m/.venv/lib/python3.9/site-packages/airflow/example_dags/example_branch_datetime_operator.py
[2025-12-04T23:41:16.124+0600] {processor.py:829} INFO - Processing file /Users/asminsadykova/Desktop/h&m/.venv/lib/python3.9/site-packages/airflow/example_dags/example_branch_datetime_operator.py for tasks to queue
[2025-12-04T23:41:16.125+0600] {logging_mixin.py:154} INFO - [2025-12-04T23:41:16.125+0600] {dagbag.py:536} INFO - Filling up the DagBag from /Users/asminsadykova/Desktop/h&m/.venv/lib/python3.9/site-packages/airflow/example_dags/example_branch_datetime_operator.py
[2025-12-04T23:41:16.137+0600] {processor.py:839} INFO - DAG(s) dict_keys(['example_branch_datetime_operator_3', 'example_branch_datetime_operator', 'example_branch_datetime_operator_2']) retrieved from /Users/asminsadykova/Desktop/h&m/.venv/lib/python3.9/site-packages/airflow/example_dags/example_branch_datetime_operator.py
[2025-12-04T23:41:16.209+0600] {logging_mixin.py:154} INFO - [2025-12-04T23:41:16.209+0600] {dag.py:2941} INFO - Sync 3 DAGs
[2025-12-04T23:41:16.216+0600] {logging_mixin.py:154} INFO - [2025-12-04T23:41:16.216+0600] {dag.py:3722} INFO - Setting next_dagrun for example_branch_datetime_operator to 2025-12-03T00:00:00+00:00, run_after=2025-12-04T00:00:00+00:00
[2025-12-04T23:41:16.218+0600] {logging_mixin.py:154} INFO - [2025-12-04T23:41:16.218+0600] {dag.py:3722} INFO - Setting next_dagrun for example_branch_datetime_operator_2 to 2025-12-03T00:00:00+00:00, run_after=2025-12-04T00:00:00+00:00
[2025-12-04T23:41:16.218+0600] {logging_mixin.py:154} INFO - [2025-12-04T23:41:16.218+0600] {dag.py:3722} INFO - Setting next_dagrun for example_branch_datetime_operator_3 to 2025-12-03T00:00:00+00:00, run_after=2025-12-04T00:00:00+00:00
[2025-12-04T23:41:16.225+0600] {processor.py:179} INFO - Processing /Users/asminsadykova/Desktop/h&m/.venv/lib/python3.9/site-packages/airflow/example_dags/example_branch_datetime_operator.py took 0.101 seconds
[2025-12-04T23:42:41.433+0600] {processor.py:157} INFO - Started process (PID=40705) to work on /Users/asminsadykova/Desktop/h&m/.venv/lib/python3.9/site-packages/airflow/example_dags/example_branch_datetime_operator.py
[2025-12-04T23:42:41.434+0600] {processor.py:829} INFO - Processing file /Users/asminsadykova/Desktop/h&m/.venv/lib/python3.9/site-packages/airflow/example_dags/example_branch_datetime_operator.py for tasks to queue
[2025-12-04T23:42:41.434+0600] {logging_mixin.py:154} INFO - [2025-12-04T23:42:41.434+0600] {dagbag.py:536} INFO - Filling up the DagBag from /Users/asminsadykova/Desktop/h&m/.venv/lib/python3.9/site-packages/airflow/example_dags/example_branch_datetime_operator.py
[2025-12-04T23:42:41.448+0600] {processor.py:839} INFO - DAG(s) dict_keys(['example_branch_datetime_operator', 'example_branch_datetime_operator_3', 'example_branch_datetime_operator_2']) retrieved from /Users/asminsadykova/Desktop/h&m/.venv/lib/python3.9/site-packages/airflow/example_dags/example_branch_datetime_operator.py
[2025-12-04T23:42:41.536+0600] {logging_mixin.py:154} INFO - [2025-12-04T23:42:41.536+0600] {dag.py:2941} INFO - Sync 3 DAGs
[2025-12-04T23:42:41.544+0600] {logging_mixin.py:154} INFO - [2025-12-04T23:42:41.544+0600] {dag.py:3722} INFO - Setting next_dagrun for example_branch_datetime_operator to 2025-12-03T00:00:00+00:00, run_after=2025-12-04T00:00:00+00:00
[2025-12-04T23:42:41.546+0600] {logging_mixin.py:154} INFO - [2025-12-04T23:42:41.546+0600] {dag.py:3722} INFO - Setting next_dagrun for example_branch_datetime_operator_2 to 2025-12-03T00:00:00+00:00, run_after=2025-12-04T00:00:00+00:00
[2025-12-04T23:42:41.547+0600] {logging_mixin.py:154} INFO - [2025-12-04T23:42:41.547+0600] {dag.py:3722} INFO - Setting next_dagrun for example_branch_datetime_operator_3 to 2025-12-03T00:00:00+00:00, run_after=2025-12-04T00:00:00+00:00
[2025-12-04T23:42:41.555+0600] {processor.py:179} INFO - Processing /Users/asminsadykova/Desktop/h&m/.venv/lib/python3.9/site-packages/airflow/example_dags/example_branch_datetime_operator.py took 0.123 seconds
[2025-12-04T23:44:18.257+0600] {processor.py:157} INFO - Started process (PID=40884) to work on /Users/asminsadykova/Desktop/h&m/.venv/lib/python3.9/site-packages/airflow/example_dags/example_branch_datetime_operator.py
[2025-12-04T23:44:18.258+0600] {processor.py:829} INFO - Processing file /Users/asminsadykova/Desktop/h&m/.venv/lib/python3.9/site-packages/airflow/example_dags/example_branch_datetime_operator.py for tasks to queue
[2025-12-04T23:44:18.258+0600] {logging_mixin.py:154} INFO - [2025-12-04T23:44:18.258+0600] {dagbag.py:536} INFO - Filling up the DagBag from /Users/asminsadykova/Desktop/h&m/.venv/lib/python3.9/site-packages/airflow/example_dags/example_branch_datetime_operator.py
[2025-12-04T23:44:18.275+0600] {processor.py:839} INFO - DAG(s) dict_keys(['example_branch_datetime_operator_2', 'example_branch_datetime_operator', 'example_branch_datetime_operator_3']) retrieved from /Users/asminsadykova/Desktop/h&m/.venv/lib/python3.9/site-packages/airflow/example_dags/example_branch_datetime_operator.py
[2025-12-04T23:44:18.361+0600] {logging_mixin.py:154} INFO - [2025-12-04T23:44:18.361+0600] {dag.py:2941} INFO - Sync 3 DAGs
[2025-12-04T23:44:18.368+0600] {logging_mixin.py:154} INFO - [2025-12-04T23:44:18.368+0600] {dag.py:3722} INFO - Setting next_dagrun for example_branch_datetime_operator to 2025-12-03T00:00:00+00:00, run_after=2025-12-04T00:00:00+00:00
[2025-12-04T23:44:18.370+0600] {logging_mixin.py:154} INFO - [2025-12-04T23:44:18.370+0600] {dag.py:3722} INFO - Setting next_dagrun for example_branch_datetime_operator_2 to 2025-12-03T00:00:00+00:00, run_after=2025-12-04T00:00:00+00:00
[2025-12-04T23:44:18.371+0600] {logging_mixin.py:154} INFO - [2025-12-04T23:44:18.371+0600] {dag.py:3722} INFO - Setting next_dagrun for example_branch_datetime_operator_3 to 2025-12-03T00:00:00+00:00, run_after=2025-12-04T00:00:00+00:00
[2025-12-04T23:44:18.379+0600] {processor.py:179} INFO - Processing /Users/asminsadykova/Desktop/h&m/.venv/lib/python3.9/site-packages/airflow/example_dags/example_branch_datetime_operator.py took 0.123 seconds
[2025-12-04T23:45:54.136+0600] {processor.py:157} INFO - Started process (PID=41191) to work on /Users/asminsadykova/Desktop/h&m/.venv/lib/python3.9/site-packages/airflow/example_dags/example_branch_datetime_operator.py
[2025-12-04T23:45:54.137+0600] {processor.py:829} INFO - Processing file /Users/asminsadykova/Desktop/h&m/.venv/lib/python3.9/site-packages/airflow/example_dags/example_branch_datetime_operator.py for tasks to queue
[2025-12-04T23:45:54.137+0600] {logging_mixin.py:154} INFO - [2025-12-04T23:45:54.137+0600] {dagbag.py:536} INFO - Filling up the DagBag from /Users/asminsadykova/Desktop/h&m/.venv/lib/python3.9/site-packages/airflow/example_dags/example_branch_datetime_operator.py
[2025-12-04T23:45:54.150+0600] {processor.py:839} INFO - DAG(s) dict_keys(['example_branch_datetime_operator_2', 'example_branch_datetime_operator', 'example_branch_datetime_operator_3']) retrieved from /Users/asminsadykova/Desktop/h&m/.venv/lib/python3.9/site-packages/airflow/example_dags/example_branch_datetime_operator.py
[2025-12-04T23:45:54.222+0600] {logging_mixin.py:154} INFO - [2025-12-04T23:45:54.222+0600] {dag.py:2941} INFO - Sync 3 DAGs
[2025-12-04T23:45:54.229+0600] {logging_mixin.py:154} INFO - [2025-12-04T23:45:54.229+0600] {dag.py:3722} INFO - Setting next_dagrun for example_branch_datetime_operator to 2025-12-03T00:00:00+00:00, run_after=2025-12-04T00:00:00+00:00
[2025-12-04T23:45:54.231+0600] {logging_mixin.py:154} INFO - [2025-12-04T23:45:54.231+0600] {dag.py:3722} INFO - Setting next_dagrun for example_branch_datetime_operator_2 to 2025-12-03T00:00:00+00:00, run_after=2025-12-04T00:00:00+00:00
[2025-12-04T23:45:54.232+0600] {logging_mixin.py:154} INFO - [2025-12-04T23:45:54.232+0600] {dag.py:3722} INFO - Setting next_dagrun for example_branch_datetime_operator_3 to 2025-12-03T00:00:00+00:00, run_after=2025-12-04T00:00:00+00:00
[2025-12-04T23:45:54.239+0600] {processor.py:179} INFO - Processing /Users/asminsadykova/Desktop/h&m/.venv/lib/python3.9/site-packages/airflow/example_dags/example_branch_datetime_operator.py took 0.104 seconds
[2025-12-04T23:47:28.923+0600] {processor.py:157} INFO - Started process (PID=41575) to work on /Users/asminsadykova/Desktop/h&m/.venv/lib/python3.9/site-packages/airflow/example_dags/example_branch_datetime_operator.py
[2025-12-04T23:47:28.924+0600] {processor.py:829} INFO - Processing file /Users/asminsadykova/Desktop/h&m/.venv/lib/python3.9/site-packages/airflow/example_dags/example_branch_datetime_operator.py for tasks to queue
[2025-12-04T23:47:28.924+0600] {logging_mixin.py:154} INFO - [2025-12-04T23:47:28.924+0600] {dagbag.py:536} INFO - Filling up the DagBag from /Users/asminsadykova/Desktop/h&m/.venv/lib/python3.9/site-packages/airflow/example_dags/example_branch_datetime_operator.py
[2025-12-04T23:47:28.937+0600] {processor.py:839} INFO - DAG(s) dict_keys(['example_branch_datetime_operator', 'example_branch_datetime_operator_2', 'example_branch_datetime_operator_3']) retrieved from /Users/asminsadykova/Desktop/h&m/.venv/lib/python3.9/site-packages/airflow/example_dags/example_branch_datetime_operator.py
[2025-12-04T23:47:29.010+0600] {logging_mixin.py:154} INFO - [2025-12-04T23:47:29.010+0600] {dag.py:2941} INFO - Sync 3 DAGs
[2025-12-04T23:47:29.017+0600] {logging_mixin.py:154} INFO - [2025-12-04T23:47:29.017+0600] {dag.py:3722} INFO - Setting next_dagrun for example_branch_datetime_operator to 2025-12-03T00:00:00+00:00, run_after=2025-12-04T00:00:00+00:00
[2025-12-04T23:47:29.019+0600] {logging_mixin.py:154} INFO - [2025-12-04T23:47:29.019+0600] {dag.py:3722} INFO - Setting next_dagrun for example_branch_datetime_operator_2 to 2025-12-03T00:00:00+00:00, run_after=2025-12-04T00:00:00+00:00
[2025-12-04T23:47:29.020+0600] {logging_mixin.py:154} INFO - [2025-12-04T23:47:29.020+0600] {dag.py:3722} INFO - Setting next_dagrun for example_branch_datetime_operator_3 to 2025-12-03T00:00:00+00:00, run_after=2025-12-04T00:00:00+00:00
[2025-12-04T23:47:29.026+0600] {processor.py:179} INFO - Processing /Users/asminsadykova/Desktop/h&m/.venv/lib/python3.9/site-packages/airflow/example_dags/example_branch_datetime_operator.py took 0.104 seconds
[2025-12-04T23:48:54.700+0600] {processor.py:157} INFO - Started process (PID=41683) to work on /Users/asminsadykova/Desktop/h&m/.venv/lib/python3.9/site-packages/airflow/example_dags/example_branch_datetime_operator.py
[2025-12-04T23:48:54.702+0600] {processor.py:829} INFO - Processing file /Users/asminsadykova/Desktop/h&m/.venv/lib/python3.9/site-packages/airflow/example_dags/example_branch_datetime_operator.py for tasks to queue
[2025-12-04T23:48:54.702+0600] {logging_mixin.py:154} INFO - [2025-12-04T23:48:54.702+0600] {dagbag.py:536} INFO - Filling up the DagBag from /Users/asminsadykova/Desktop/h&m/.venv/lib/python3.9/site-packages/airflow/example_dags/example_branch_datetime_operator.py
[2025-12-04T23:48:54.714+0600] {processor.py:839} INFO - DAG(s) dict_keys(['example_branch_datetime_operator', 'example_branch_datetime_operator_2', 'example_branch_datetime_operator_3']) retrieved from /Users/asminsadykova/Desktop/h&m/.venv/lib/python3.9/site-packages/airflow/example_dags/example_branch_datetime_operator.py
[2025-12-04T23:48:54.788+0600] {logging_mixin.py:154} INFO - [2025-12-04T23:48:54.788+0600] {dag.py:2941} INFO - Sync 3 DAGs
[2025-12-04T23:48:54.795+0600] {logging_mixin.py:154} INFO - [2025-12-04T23:48:54.794+0600] {dag.py:3722} INFO - Setting next_dagrun for example_branch_datetime_operator to 2025-12-03T00:00:00+00:00, run_after=2025-12-04T00:00:00+00:00
[2025-12-04T23:48:54.796+0600] {logging_mixin.py:154} INFO - [2025-12-04T23:48:54.796+0600] {dag.py:3722} INFO - Setting next_dagrun for example_branch_datetime_operator_2 to 2025-12-03T00:00:00+00:00, run_after=2025-12-04T00:00:00+00:00
[2025-12-04T23:48:54.797+0600] {logging_mixin.py:154} INFO - [2025-12-04T23:48:54.797+0600] {dag.py:3722} INFO - Setting next_dagrun for example_branch_datetime_operator_3 to 2025-12-03T00:00:00+00:00, run_after=2025-12-04T00:00:00+00:00
[2025-12-04T23:48:54.804+0600] {processor.py:179} INFO - Processing /Users/asminsadykova/Desktop/h&m/.venv/lib/python3.9/site-packages/airflow/example_dags/example_branch_datetime_operator.py took 0.105 seconds
[2025-12-04T23:50:29.551+0600] {processor.py:157} INFO - Started process (PID=41809) to work on /Users/asminsadykova/Desktop/h&m/.venv/lib/python3.9/site-packages/airflow/example_dags/example_branch_datetime_operator.py
[2025-12-04T23:50:29.552+0600] {processor.py:829} INFO - Processing file /Users/asminsadykova/Desktop/h&m/.venv/lib/python3.9/site-packages/airflow/example_dags/example_branch_datetime_operator.py for tasks to queue
[2025-12-04T23:50:29.552+0600] {logging_mixin.py:154} INFO - [2025-12-04T23:50:29.552+0600] {dagbag.py:536} INFO - Filling up the DagBag from /Users/asminsadykova/Desktop/h&m/.venv/lib/python3.9/site-packages/airflow/example_dags/example_branch_datetime_operator.py
[2025-12-04T23:50:29.566+0600] {processor.py:839} INFO - DAG(s) dict_keys(['example_branch_datetime_operator_2', 'example_branch_datetime_operator', 'example_branch_datetime_operator_3']) retrieved from /Users/asminsadykova/Desktop/h&m/.venv/lib/python3.9/site-packages/airflow/example_dags/example_branch_datetime_operator.py
[2025-12-04T23:50:29.640+0600] {logging_mixin.py:154} INFO - [2025-12-04T23:50:29.640+0600] {dag.py:2941} INFO - Sync 3 DAGs
[2025-12-04T23:50:29.647+0600] {logging_mixin.py:154} INFO - [2025-12-04T23:50:29.647+0600] {dag.py:3722} INFO - Setting next_dagrun for example_branch_datetime_operator to 2025-12-03T00:00:00+00:00, run_after=2025-12-04T00:00:00+00:00
[2025-12-04T23:50:29.648+0600] {logging_mixin.py:154} INFO - [2025-12-04T23:50:29.648+0600] {dag.py:3722} INFO - Setting next_dagrun for example_branch_datetime_operator_2 to 2025-12-03T00:00:00+00:00, run_after=2025-12-04T00:00:00+00:00
[2025-12-04T23:50:29.649+0600] {logging_mixin.py:154} INFO - [2025-12-04T23:50:29.649+0600] {dag.py:3722} INFO - Setting next_dagrun for example_branch_datetime_operator_3 to 2025-12-03T00:00:00+00:00, run_after=2025-12-04T00:00:00+00:00
[2025-12-04T23:50:29.656+0600] {processor.py:179} INFO - Processing /Users/asminsadykova/Desktop/h&m/.venv/lib/python3.9/site-packages/airflow/example_dags/example_branch_datetime_operator.py took 0.106 seconds
[2025-12-04T23:52:05.700+0600] {processor.py:157} INFO - Started process (PID=42045) to work on /Users/asminsadykova/Desktop/h&m/.venv/lib/python3.9/site-packages/airflow/example_dags/example_branch_datetime_operator.py
[2025-12-04T23:52:05.702+0600] {processor.py:829} INFO - Processing file /Users/asminsadykova/Desktop/h&m/.venv/lib/python3.9/site-packages/airflow/example_dags/example_branch_datetime_operator.py for tasks to queue
[2025-12-04T23:52:05.702+0600] {logging_mixin.py:154} INFO - [2025-12-04T23:52:05.702+0600] {dagbag.py:536} INFO - Filling up the DagBag from /Users/asminsadykova/Desktop/h&m/.venv/lib/python3.9/site-packages/airflow/example_dags/example_branch_datetime_operator.py
[2025-12-04T23:52:05.717+0600] {processor.py:839} INFO - DAG(s) dict_keys(['example_branch_datetime_operator_2', 'example_branch_datetime_operator_3', 'example_branch_datetime_operator']) retrieved from /Users/asminsadykova/Desktop/h&m/.venv/lib/python3.9/site-packages/airflow/example_dags/example_branch_datetime_operator.py
[2025-12-04T23:52:05.789+0600] {logging_mixin.py:154} INFO - [2025-12-04T23:52:05.789+0600] {dag.py:2941} INFO - Sync 3 DAGs
[2025-12-04T23:52:05.796+0600] {logging_mixin.py:154} INFO - [2025-12-04T23:52:05.796+0600] {dag.py:3722} INFO - Setting next_dagrun for example_branch_datetime_operator to 2025-12-03T00:00:00+00:00, run_after=2025-12-04T00:00:00+00:00
[2025-12-04T23:52:05.798+0600] {logging_mixin.py:154} INFO - [2025-12-04T23:52:05.798+0600] {dag.py:3722} INFO - Setting next_dagrun for example_branch_datetime_operator_2 to 2025-12-03T00:00:00+00:00, run_after=2025-12-04T00:00:00+00:00
[2025-12-04T23:52:05.799+0600] {logging_mixin.py:154} INFO - [2025-12-04T23:52:05.799+0600] {dag.py:3722} INFO - Setting next_dagrun for example_branch_datetime_operator_3 to 2025-12-03T00:00:00+00:00, run_after=2025-12-04T00:00:00+00:00
[2025-12-04T23:52:05.806+0600] {processor.py:179} INFO - Processing /Users/asminsadykova/Desktop/h&m/.venv/lib/python3.9/site-packages/airflow/example_dags/example_branch_datetime_operator.py took 0.107 seconds
[2025-12-04T23:53:42.228+0600] {processor.py:157} INFO - Started process (PID=42144) to work on /Users/asminsadykova/Desktop/h&m/.venv/lib/python3.9/site-packages/airflow/example_dags/example_branch_datetime_operator.py
[2025-12-04T23:53:42.229+0600] {processor.py:829} INFO - Processing file /Users/asminsadykova/Desktop/h&m/.venv/lib/python3.9/site-packages/airflow/example_dags/example_branch_datetime_operator.py for tasks to queue
[2025-12-04T23:53:42.230+0600] {logging_mixin.py:154} INFO - [2025-12-04T23:53:42.229+0600] {dagbag.py:536} INFO - Filling up the DagBag from /Users/asminsadykova/Desktop/h&m/.venv/lib/python3.9/site-packages/airflow/example_dags/example_branch_datetime_operator.py
[2025-12-04T23:53:42.243+0600] {processor.py:839} INFO - DAG(s) dict_keys(['example_branch_datetime_operator', 'example_branch_datetime_operator_3', 'example_branch_datetime_operator_2']) retrieved from /Users/asminsadykova/Desktop/h&m/.venv/lib/python3.9/site-packages/airflow/example_dags/example_branch_datetime_operator.py
[2025-12-04T23:53:42.323+0600] {logging_mixin.py:154} INFO - [2025-12-04T23:53:42.323+0600] {dag.py:2941} INFO - Sync 3 DAGs
[2025-12-04T23:53:42.331+0600] {logging_mixin.py:154} INFO - [2025-12-04T23:53:42.330+0600] {dag.py:3722} INFO - Setting next_dagrun for example_branch_datetime_operator to 2025-12-03T00:00:00+00:00, run_after=2025-12-04T00:00:00+00:00
[2025-12-04T23:53:42.333+0600] {logging_mixin.py:154} INFO - [2025-12-04T23:53:42.333+0600] {dag.py:3722} INFO - Setting next_dagrun for example_branch_datetime_operator_2 to 2025-12-03T00:00:00+00:00, run_after=2025-12-04T00:00:00+00:00
[2025-12-04T23:53:42.334+0600] {logging_mixin.py:154} INFO - [2025-12-04T23:53:42.334+0600] {dag.py:3722} INFO - Setting next_dagrun for example_branch_datetime_operator_3 to 2025-12-03T00:00:00+00:00, run_after=2025-12-04T00:00:00+00:00
[2025-12-04T23:53:42.343+0600] {processor.py:179} INFO - Processing /Users/asminsadykova/Desktop/h&m/.venv/lib/python3.9/site-packages/airflow/example_dags/example_branch_datetime_operator.py took 0.116 seconds
[2025-12-04T23:55:08.635+0600] {processor.py:157} INFO - Started process (PID=42220) to work on /Users/asminsadykova/Desktop/h&m/.venv/lib/python3.9/site-packages/airflow/example_dags/example_branch_datetime_operator.py
[2025-12-04T23:55:08.637+0600] {processor.py:829} INFO - Processing file /Users/asminsadykova/Desktop/h&m/.venv/lib/python3.9/site-packages/airflow/example_dags/example_branch_datetime_operator.py for tasks to queue
[2025-12-04T23:55:08.637+0600] {logging_mixin.py:154} INFO - [2025-12-04T23:55:08.637+0600] {dagbag.py:536} INFO - Filling up the DagBag from /Users/asminsadykova/Desktop/h&m/.venv/lib/python3.9/site-packages/airflow/example_dags/example_branch_datetime_operator.py
[2025-12-04T23:55:08.650+0600] {processor.py:839} INFO - DAG(s) dict_keys(['example_branch_datetime_operator_3', 'example_branch_datetime_operator', 'example_branch_datetime_operator_2']) retrieved from /Users/asminsadykova/Desktop/h&m/.venv/lib/python3.9/site-packages/airflow/example_dags/example_branch_datetime_operator.py
[2025-12-04T23:55:08.721+0600] {logging_mixin.py:154} INFO - [2025-12-04T23:55:08.721+0600] {dag.py:2941} INFO - Sync 3 DAGs
[2025-12-04T23:55:08.728+0600] {logging_mixin.py:154} INFO - [2025-12-04T23:55:08.728+0600] {dag.py:3722} INFO - Setting next_dagrun for example_branch_datetime_operator to 2025-12-03T00:00:00+00:00, run_after=2025-12-04T00:00:00+00:00
[2025-12-04T23:55:08.730+0600] {logging_mixin.py:154} INFO - [2025-12-04T23:55:08.730+0600] {dag.py:3722} INFO - Setting next_dagrun for example_branch_datetime_operator_2 to 2025-12-03T00:00:00+00:00, run_after=2025-12-04T00:00:00+00:00
[2025-12-04T23:55:08.731+0600] {logging_mixin.py:154} INFO - [2025-12-04T23:55:08.731+0600] {dag.py:3722} INFO - Setting next_dagrun for example_branch_datetime_operator_3 to 2025-12-03T00:00:00+00:00, run_after=2025-12-04T00:00:00+00:00
[2025-12-04T23:55:08.738+0600] {processor.py:179} INFO - Processing /Users/asminsadykova/Desktop/h&m/.venv/lib/python3.9/site-packages/airflow/example_dags/example_branch_datetime_operator.py took 0.103 seconds
[2025-12-04T23:56:39.054+0600] {processor.py:157} INFO - Started process (PID=42295) to work on /Users/asminsadykova/Desktop/h&m/.venv/lib/python3.9/site-packages/airflow/example_dags/example_branch_datetime_operator.py
[2025-12-04T23:56:39.055+0600] {processor.py:829} INFO - Processing file /Users/asminsadykova/Desktop/h&m/.venv/lib/python3.9/site-packages/airflow/example_dags/example_branch_datetime_operator.py for tasks to queue
[2025-12-04T23:56:39.056+0600] {logging_mixin.py:154} INFO - [2025-12-04T23:56:39.056+0600] {dagbag.py:536} INFO - Filling up the DagBag from /Users/asminsadykova/Desktop/h&m/.venv/lib/python3.9/site-packages/airflow/example_dags/example_branch_datetime_operator.py
[2025-12-04T23:56:39.069+0600] {processor.py:839} INFO - DAG(s) dict_keys(['example_branch_datetime_operator', 'example_branch_datetime_operator_3', 'example_branch_datetime_operator_2']) retrieved from /Users/asminsadykova/Desktop/h&m/.venv/lib/python3.9/site-packages/airflow/example_dags/example_branch_datetime_operator.py
[2025-12-04T23:56:39.150+0600] {logging_mixin.py:154} INFO - [2025-12-04T23:56:39.150+0600] {dag.py:2941} INFO - Sync 3 DAGs
[2025-12-04T23:56:39.158+0600] {logging_mixin.py:154} INFO - [2025-12-04T23:56:39.158+0600] {dag.py:3722} INFO - Setting next_dagrun for example_branch_datetime_operator to 2025-12-03T00:00:00+00:00, run_after=2025-12-04T00:00:00+00:00
[2025-12-04T23:56:39.160+0600] {logging_mixin.py:154} INFO - [2025-12-04T23:56:39.160+0600] {dag.py:3722} INFO - Setting next_dagrun for example_branch_datetime_operator_2 to 2025-12-03T00:00:00+00:00, run_after=2025-12-04T00:00:00+00:00
[2025-12-04T23:56:39.161+0600] {logging_mixin.py:154} INFO - [2025-12-04T23:56:39.161+0600] {dag.py:3722} INFO - Setting next_dagrun for example_branch_datetime_operator_3 to 2025-12-03T00:00:00+00:00, run_after=2025-12-04T00:00:00+00:00
[2025-12-04T23:56:39.168+0600] {processor.py:179} INFO - Processing /Users/asminsadykova/Desktop/h&m/.venv/lib/python3.9/site-packages/airflow/example_dags/example_branch_datetime_operator.py took 0.115 seconds
[2025-12-04T23:58:06.854+0600] {processor.py:157} INFO - Started process (PID=42379) to work on /Users/asminsadykova/Desktop/h&m/.venv/lib/python3.9/site-packages/airflow/example_dags/example_branch_datetime_operator.py
[2025-12-04T23:58:06.855+0600] {processor.py:829} INFO - Processing file /Users/asminsadykova/Desktop/h&m/.venv/lib/python3.9/site-packages/airflow/example_dags/example_branch_datetime_operator.py for tasks to queue
[2025-12-04T23:58:06.856+0600] {logging_mixin.py:154} INFO - [2025-12-04T23:58:06.856+0600] {dagbag.py:536} INFO - Filling up the DagBag from /Users/asminsadykova/Desktop/h&m/.venv/lib/python3.9/site-packages/airflow/example_dags/example_branch_datetime_operator.py
[2025-12-04T23:58:06.869+0600] {processor.py:839} INFO - DAG(s) dict_keys(['example_branch_datetime_operator_2', 'example_branch_datetime_operator', 'example_branch_datetime_operator_3']) retrieved from /Users/asminsadykova/Desktop/h&m/.venv/lib/python3.9/site-packages/airflow/example_dags/example_branch_datetime_operator.py
[2025-12-04T23:58:06.944+0600] {logging_mixin.py:154} INFO - [2025-12-04T23:58:06.944+0600] {dag.py:2941} INFO - Sync 3 DAGs
[2025-12-04T23:58:06.951+0600] {logging_mixin.py:154} INFO - [2025-12-04T23:58:06.951+0600] {dag.py:3722} INFO - Setting next_dagrun for example_branch_datetime_operator to 2025-12-03T00:00:00+00:00, run_after=2025-12-04T00:00:00+00:00
[2025-12-04T23:58:06.953+0600] {logging_mixin.py:154} INFO - [2025-12-04T23:58:06.953+0600] {dag.py:3722} INFO - Setting next_dagrun for example_branch_datetime_operator_2 to 2025-12-03T00:00:00+00:00, run_after=2025-12-04T00:00:00+00:00
[2025-12-04T23:58:06.954+0600] {logging_mixin.py:154} INFO - [2025-12-04T23:58:06.954+0600] {dag.py:3722} INFO - Setting next_dagrun for example_branch_datetime_operator_3 to 2025-12-03T00:00:00+00:00, run_after=2025-12-04T00:00:00+00:00
[2025-12-04T23:58:06.963+0600] {processor.py:179} INFO - Processing /Users/asminsadykova/Desktop/h&m/.venv/lib/python3.9/site-packages/airflow/example_dags/example_branch_datetime_operator.py took 0.109 seconds
[2025-12-04T23:59:35.395+0600] {processor.py:157} INFO - Started process (PID=42627) to work on /Users/asminsadykova/Desktop/h&m/.venv/lib/python3.9/site-packages/airflow/example_dags/example_branch_datetime_operator.py
[2025-12-04T23:59:35.396+0600] {processor.py:829} INFO - Processing file /Users/asminsadykova/Desktop/h&m/.venv/lib/python3.9/site-packages/airflow/example_dags/example_branch_datetime_operator.py for tasks to queue
[2025-12-04T23:59:35.396+0600] {logging_mixin.py:154} INFO - [2025-12-04T23:59:35.396+0600] {dagbag.py:536} INFO - Filling up the DagBag from /Users/asminsadykova/Desktop/h&m/.venv/lib/python3.9/site-packages/airflow/example_dags/example_branch_datetime_operator.py
[2025-12-04T23:59:35.409+0600] {processor.py:839} INFO - DAG(s) dict_keys(['example_branch_datetime_operator_3', 'example_branch_datetime_operator_2', 'example_branch_datetime_operator']) retrieved from /Users/asminsadykova/Desktop/h&m/.venv/lib/python3.9/site-packages/airflow/example_dags/example_branch_datetime_operator.py
[2025-12-04T23:59:35.485+0600] {logging_mixin.py:154} INFO - [2025-12-04T23:59:35.484+0600] {dag.py:2941} INFO - Sync 3 DAGs
[2025-12-04T23:59:35.492+0600] {logging_mixin.py:154} INFO - [2025-12-04T23:59:35.492+0600] {dag.py:3722} INFO - Setting next_dagrun for example_branch_datetime_operator to 2025-12-03T00:00:00+00:00, run_after=2025-12-04T00:00:00+00:00
[2025-12-04T23:59:35.494+0600] {logging_mixin.py:154} INFO - [2025-12-04T23:59:35.494+0600] {dag.py:3722} INFO - Setting next_dagrun for example_branch_datetime_operator_2 to 2025-12-03T00:00:00+00:00, run_after=2025-12-04T00:00:00+00:00
[2025-12-04T23:59:35.495+0600] {logging_mixin.py:154} INFO - [2025-12-04T23:59:35.495+0600] {dag.py:3722} INFO - Setting next_dagrun for example_branch_datetime_operator_3 to 2025-12-03T00:00:00+00:00, run_after=2025-12-04T00:00:00+00:00
[2025-12-04T23:59:35.503+0600] {processor.py:179} INFO - Processing /Users/asminsadykova/Desktop/h&m/.venv/lib/python3.9/site-packages/airflow/example_dags/example_branch_datetime_operator.py took 0.109 seconds
[2025-12-05T00:01:11.579+0600] {processor.py:157} INFO - Started process (PID=42843) to work on /Users/asminsadykova/Desktop/h&m/.venv/lib/python3.9/site-packages/airflow/example_dags/example_branch_datetime_operator.py
[2025-12-05T00:01:11.580+0600] {processor.py:829} INFO - Processing file /Users/asminsadykova/Desktop/h&m/.venv/lib/python3.9/site-packages/airflow/example_dags/example_branch_datetime_operator.py for tasks to queue
[2025-12-05T00:01:11.580+0600] {logging_mixin.py:154} INFO - [2025-12-05T00:01:11.580+0600] {dagbag.py:536} INFO - Filling up the DagBag from /Users/asminsadykova/Desktop/h&m/.venv/lib/python3.9/site-packages/airflow/example_dags/example_branch_datetime_operator.py
[2025-12-05T00:01:11.593+0600] {processor.py:839} INFO - DAG(s) dict_keys(['example_branch_datetime_operator_3', 'example_branch_datetime_operator', 'example_branch_datetime_operator_2']) retrieved from /Users/asminsadykova/Desktop/h&m/.venv/lib/python3.9/site-packages/airflow/example_dags/example_branch_datetime_operator.py
[2025-12-05T00:01:11.677+0600] {logging_mixin.py:154} INFO - [2025-12-05T00:01:11.677+0600] {dag.py:2941} INFO - Sync 3 DAGs
[2025-12-05T00:01:11.686+0600] {logging_mixin.py:154} INFO - [2025-12-05T00:01:11.686+0600] {dag.py:3722} INFO - Setting next_dagrun for example_branch_datetime_operator to 2025-12-03T00:00:00+00:00, run_after=2025-12-04T00:00:00+00:00
[2025-12-05T00:01:11.688+0600] {logging_mixin.py:154} INFO - [2025-12-05T00:01:11.688+0600] {dag.py:3722} INFO - Setting next_dagrun for example_branch_datetime_operator_2 to 2025-12-03T00:00:00+00:00, run_after=2025-12-04T00:00:00+00:00
[2025-12-05T00:01:11.689+0600] {logging_mixin.py:154} INFO - [2025-12-05T00:01:11.689+0600] {dag.py:3722} INFO - Setting next_dagrun for example_branch_datetime_operator_3 to 2025-12-03T00:00:00+00:00, run_after=2025-12-04T00:00:00+00:00
[2025-12-05T00:01:11.697+0600] {processor.py:179} INFO - Processing /Users/asminsadykova/Desktop/h&m/.venv/lib/python3.9/site-packages/airflow/example_dags/example_branch_datetime_operator.py took 0.119 seconds
[2025-12-05T00:02:43.714+0600] {processor.py:157} INFO - Started process (PID=42936) to work on /Users/asminsadykova/Desktop/h&m/.venv/lib/python3.9/site-packages/airflow/example_dags/example_branch_datetime_operator.py
[2025-12-05T00:02:43.716+0600] {processor.py:829} INFO - Processing file /Users/asminsadykova/Desktop/h&m/.venv/lib/python3.9/site-packages/airflow/example_dags/example_branch_datetime_operator.py for tasks to queue
[2025-12-05T00:02:43.716+0600] {logging_mixin.py:154} INFO - [2025-12-05T00:02:43.716+0600] {dagbag.py:536} INFO - Filling up the DagBag from /Users/asminsadykova/Desktop/h&m/.venv/lib/python3.9/site-packages/airflow/example_dags/example_branch_datetime_operator.py
[2025-12-05T00:02:43.732+0600] {processor.py:839} INFO - DAG(s) dict_keys(['example_branch_datetime_operator_2', 'example_branch_datetime_operator_3', 'example_branch_datetime_operator']) retrieved from /Users/asminsadykova/Desktop/h&m/.venv/lib/python3.9/site-packages/airflow/example_dags/example_branch_datetime_operator.py
[2025-12-05T00:02:43.812+0600] {logging_mixin.py:154} INFO - [2025-12-05T00:02:43.812+0600] {dag.py:2941} INFO - Sync 3 DAGs
[2025-12-05T00:02:43.819+0600] {logging_mixin.py:154} INFO - [2025-12-05T00:02:43.819+0600] {dag.py:3722} INFO - Setting next_dagrun for example_branch_datetime_operator to 2025-12-03T00:00:00+00:00, run_after=2025-12-04T00:00:00+00:00
[2025-12-05T00:02:43.821+0600] {logging_mixin.py:154} INFO - [2025-12-05T00:02:43.821+0600] {dag.py:3722} INFO - Setting next_dagrun for example_branch_datetime_operator_2 to 2025-12-03T00:00:00+00:00, run_after=2025-12-04T00:00:00+00:00
[2025-12-05T00:02:43.822+0600] {logging_mixin.py:154} INFO - [2025-12-05T00:02:43.822+0600] {dag.py:3722} INFO - Setting next_dagrun for example_branch_datetime_operator_3 to 2025-12-03T00:00:00+00:00, run_after=2025-12-04T00:00:00+00:00
[2025-12-05T00:02:43.829+0600] {processor.py:179} INFO - Processing /Users/asminsadykova/Desktop/h&m/.venv/lib/python3.9/site-packages/airflow/example_dags/example_branch_datetime_operator.py took 0.116 seconds
[2025-12-05T00:04:15.361+0600] {processor.py:157} INFO - Started process (PID=43080) to work on /Users/asminsadykova/Desktop/h&m/.venv/lib/python3.9/site-packages/airflow/example_dags/example_branch_datetime_operator.py
[2025-12-05T00:04:15.362+0600] {processor.py:829} INFO - Processing file /Users/asminsadykova/Desktop/h&m/.venv/lib/python3.9/site-packages/airflow/example_dags/example_branch_datetime_operator.py for tasks to queue
[2025-12-05T00:04:15.362+0600] {logging_mixin.py:154} INFO - [2025-12-05T00:04:15.362+0600] {dagbag.py:536} INFO - Filling up the DagBag from /Users/asminsadykova/Desktop/h&m/.venv/lib/python3.9/site-packages/airflow/example_dags/example_branch_datetime_operator.py
[2025-12-05T00:04:15.375+0600] {processor.py:839} INFO - DAG(s) dict_keys(['example_branch_datetime_operator_2', 'example_branch_datetime_operator_3', 'example_branch_datetime_operator']) retrieved from /Users/asminsadykova/Desktop/h&m/.venv/lib/python3.9/site-packages/airflow/example_dags/example_branch_datetime_operator.py
[2025-12-05T00:04:15.452+0600] {logging_mixin.py:154} INFO - [2025-12-05T00:04:15.452+0600] {dag.py:2941} INFO - Sync 3 DAGs
[2025-12-05T00:04:15.459+0600] {logging_mixin.py:154} INFO - [2025-12-05T00:04:15.459+0600] {dag.py:3722} INFO - Setting next_dagrun for example_branch_datetime_operator to 2025-12-03T00:00:00+00:00, run_after=2025-12-04T00:00:00+00:00
[2025-12-05T00:04:15.461+0600] {logging_mixin.py:154} INFO - [2025-12-05T00:04:15.461+0600] {dag.py:3722} INFO - Setting next_dagrun for example_branch_datetime_operator_2 to 2025-12-03T00:00:00+00:00, run_after=2025-12-04T00:00:00+00:00
[2025-12-05T00:04:15.462+0600] {logging_mixin.py:154} INFO - [2025-12-05T00:04:15.462+0600] {dag.py:3722} INFO - Setting next_dagrun for example_branch_datetime_operator_3 to 2025-12-03T00:00:00+00:00, run_after=2025-12-04T00:00:00+00:00
[2025-12-05T00:04:15.469+0600] {processor.py:179} INFO - Processing /Users/asminsadykova/Desktop/h&m/.venv/lib/python3.9/site-packages/airflow/example_dags/example_branch_datetime_operator.py took 0.109 seconds
[2025-12-05T00:05:51.920+0600] {processor.py:157} INFO - Started process (PID=43301) to work on /Users/asminsadykova/Desktop/h&m/.venv/lib/python3.9/site-packages/airflow/example_dags/example_branch_datetime_operator.py
[2025-12-05T00:05:51.921+0600] {processor.py:829} INFO - Processing file /Users/asminsadykova/Desktop/h&m/.venv/lib/python3.9/site-packages/airflow/example_dags/example_branch_datetime_operator.py for tasks to queue
[2025-12-05T00:05:51.922+0600] {logging_mixin.py:154} INFO - [2025-12-05T00:05:51.922+0600] {dagbag.py:536} INFO - Filling up the DagBag from /Users/asminsadykova/Desktop/h&m/.venv/lib/python3.9/site-packages/airflow/example_dags/example_branch_datetime_operator.py
[2025-12-05T00:05:51.936+0600] {processor.py:839} INFO - DAG(s) dict_keys(['example_branch_datetime_operator_3', 'example_branch_datetime_operator_2', 'example_branch_datetime_operator']) retrieved from /Users/asminsadykova/Desktop/h&m/.venv/lib/python3.9/site-packages/airflow/example_dags/example_branch_datetime_operator.py
[2025-12-05T00:05:52.021+0600] {logging_mixin.py:154} INFO - [2025-12-05T00:05:52.021+0600] {dag.py:2941} INFO - Sync 3 DAGs
[2025-12-05T00:05:52.029+0600] {logging_mixin.py:154} INFO - [2025-12-05T00:05:52.029+0600] {dag.py:3722} INFO - Setting next_dagrun for example_branch_datetime_operator to 2025-12-03T00:00:00+00:00, run_after=2025-12-04T00:00:00+00:00
[2025-12-05T00:05:52.031+0600] {logging_mixin.py:154} INFO - [2025-12-05T00:05:52.031+0600] {dag.py:3722} INFO - Setting next_dagrun for example_branch_datetime_operator_2 to 2025-12-03T00:00:00+00:00, run_after=2025-12-04T00:00:00+00:00
[2025-12-05T00:05:52.032+0600] {logging_mixin.py:154} INFO - [2025-12-05T00:05:52.032+0600] {dag.py:3722} INFO - Setting next_dagrun for example_branch_datetime_operator_3 to 2025-12-03T00:00:00+00:00, run_after=2025-12-04T00:00:00+00:00
[2025-12-05T00:05:52.041+0600] {processor.py:179} INFO - Processing /Users/asminsadykova/Desktop/h&m/.venv/lib/python3.9/site-packages/airflow/example_dags/example_branch_datetime_operator.py took 0.121 seconds
[2025-12-05T00:07:18.026+0600] {processor.py:157} INFO - Started process (PID=43445) to work on /Users/asminsadykova/Desktop/h&m/.venv/lib/python3.9/site-packages/airflow/example_dags/example_branch_datetime_operator.py
[2025-12-05T00:07:18.027+0600] {processor.py:829} INFO - Processing file /Users/asminsadykova/Desktop/h&m/.venv/lib/python3.9/site-packages/airflow/example_dags/example_branch_datetime_operator.py for tasks to queue
[2025-12-05T00:07:18.027+0600] {logging_mixin.py:154} INFO - [2025-12-05T00:07:18.027+0600] {dagbag.py:536} INFO - Filling up the DagBag from /Users/asminsadykova/Desktop/h&m/.venv/lib/python3.9/site-packages/airflow/example_dags/example_branch_datetime_operator.py
[2025-12-05T00:07:18.040+0600] {processor.py:839} INFO - DAG(s) dict_keys(['example_branch_datetime_operator_3', 'example_branch_datetime_operator_2', 'example_branch_datetime_operator']) retrieved from /Users/asminsadykova/Desktop/h&m/.venv/lib/python3.9/site-packages/airflow/example_dags/example_branch_datetime_operator.py
[2025-12-05T00:07:18.117+0600] {logging_mixin.py:154} INFO - [2025-12-05T00:07:18.117+0600] {dag.py:2941} INFO - Sync 3 DAGs
[2025-12-05T00:07:18.125+0600] {logging_mixin.py:154} INFO - [2025-12-05T00:07:18.125+0600] {dag.py:3722} INFO - Setting next_dagrun for example_branch_datetime_operator to 2025-12-03T00:00:00+00:00, run_after=2025-12-04T00:00:00+00:00
[2025-12-05T00:07:18.127+0600] {logging_mixin.py:154} INFO - [2025-12-05T00:07:18.127+0600] {dag.py:3722} INFO - Setting next_dagrun for example_branch_datetime_operator_2 to 2025-12-03T00:00:00+00:00, run_after=2025-12-04T00:00:00+00:00
[2025-12-05T00:07:18.128+0600] {logging_mixin.py:154} INFO - [2025-12-05T00:07:18.128+0600] {dag.py:3722} INFO - Setting next_dagrun for example_branch_datetime_operator_3 to 2025-12-03T00:00:00+00:00, run_after=2025-12-04T00:00:00+00:00
[2025-12-05T00:07:18.135+0600] {processor.py:179} INFO - Processing /Users/asminsadykova/Desktop/h&m/.venv/lib/python3.9/site-packages/airflow/example_dags/example_branch_datetime_operator.py took 0.110 seconds
[2025-12-05T00:08:46.052+0600] {processor.py:157} INFO - Started process (PID=43608) to work on /Users/asminsadykova/Desktop/h&m/.venv/lib/python3.9/site-packages/airflow/example_dags/example_branch_datetime_operator.py
[2025-12-05T00:08:46.053+0600] {processor.py:829} INFO - Processing file /Users/asminsadykova/Desktop/h&m/.venv/lib/python3.9/site-packages/airflow/example_dags/example_branch_datetime_operator.py for tasks to queue
[2025-12-05T00:08:46.053+0600] {logging_mixin.py:154} INFO - [2025-12-05T00:08:46.053+0600] {dagbag.py:536} INFO - Filling up the DagBag from /Users/asminsadykova/Desktop/h&m/.venv/lib/python3.9/site-packages/airflow/example_dags/example_branch_datetime_operator.py
[2025-12-05T00:08:46.067+0600] {processor.py:839} INFO - DAG(s) dict_keys(['example_branch_datetime_operator', 'example_branch_datetime_operator_3', 'example_branch_datetime_operator_2']) retrieved from /Users/asminsadykova/Desktop/h&m/.venv/lib/python3.9/site-packages/airflow/example_dags/example_branch_datetime_operator.py
[2025-12-05T00:08:46.143+0600] {logging_mixin.py:154} INFO - [2025-12-05T00:08:46.143+0600] {dag.py:2941} INFO - Sync 3 DAGs
[2025-12-05T00:08:46.150+0600] {logging_mixin.py:154} INFO - [2025-12-05T00:08:46.150+0600] {dag.py:3722} INFO - Setting next_dagrun for example_branch_datetime_operator to 2025-12-03T00:00:00+00:00, run_after=2025-12-04T00:00:00+00:00
[2025-12-05T00:08:46.152+0600] {logging_mixin.py:154} INFO - [2025-12-05T00:08:46.152+0600] {dag.py:3722} INFO - Setting next_dagrun for example_branch_datetime_operator_2 to 2025-12-03T00:00:00+00:00, run_after=2025-12-04T00:00:00+00:00
[2025-12-05T00:08:46.153+0600] {logging_mixin.py:154} INFO - [2025-12-05T00:08:46.153+0600] {dag.py:3722} INFO - Setting next_dagrun for example_branch_datetime_operator_3 to 2025-12-03T00:00:00+00:00, run_after=2025-12-04T00:00:00+00:00
[2025-12-05T00:08:46.161+0600] {processor.py:179} INFO - Processing /Users/asminsadykova/Desktop/h&m/.venv/lib/python3.9/site-packages/airflow/example_dags/example_branch_datetime_operator.py took 0.110 seconds
[2025-12-05T00:10:20.497+0600] {processor.py:157} INFO - Started process (PID=43762) to work on /Users/asminsadykova/Desktop/h&m/.venv/lib/python3.9/site-packages/airflow/example_dags/example_branch_datetime_operator.py
[2025-12-05T00:10:20.498+0600] {processor.py:829} INFO - Processing file /Users/asminsadykova/Desktop/h&m/.venv/lib/python3.9/site-packages/airflow/example_dags/example_branch_datetime_operator.py for tasks to queue
[2025-12-05T00:10:20.498+0600] {logging_mixin.py:154} INFO - [2025-12-05T00:10:20.498+0600] {dagbag.py:536} INFO - Filling up the DagBag from /Users/asminsadykova/Desktop/h&m/.venv/lib/python3.9/site-packages/airflow/example_dags/example_branch_datetime_operator.py
[2025-12-05T00:10:20.510+0600] {processor.py:839} INFO - DAG(s) dict_keys(['example_branch_datetime_operator_3', 'example_branch_datetime_operator_2', 'example_branch_datetime_operator']) retrieved from /Users/asminsadykova/Desktop/h&m/.venv/lib/python3.9/site-packages/airflow/example_dags/example_branch_datetime_operator.py
[2025-12-05T00:10:20.585+0600] {logging_mixin.py:154} INFO - [2025-12-05T00:10:20.585+0600] {dag.py:2941} INFO - Sync 3 DAGs
[2025-12-05T00:10:20.592+0600] {logging_mixin.py:154} INFO - [2025-12-05T00:10:20.592+0600] {dag.py:3722} INFO - Setting next_dagrun for example_branch_datetime_operator to 2025-12-03T00:00:00+00:00, run_after=2025-12-04T00:00:00+00:00
[2025-12-05T00:10:20.594+0600] {logging_mixin.py:154} INFO - [2025-12-05T00:10:20.594+0600] {dag.py:3722} INFO - Setting next_dagrun for example_branch_datetime_operator_2 to 2025-12-03T00:00:00+00:00, run_after=2025-12-04T00:00:00+00:00
[2025-12-05T00:10:20.595+0600] {logging_mixin.py:154} INFO - [2025-12-05T00:10:20.595+0600] {dag.py:3722} INFO - Setting next_dagrun for example_branch_datetime_operator_3 to 2025-12-03T00:00:00+00:00, run_after=2025-12-04T00:00:00+00:00
[2025-12-05T00:10:20.603+0600] {processor.py:179} INFO - Processing /Users/asminsadykova/Desktop/h&m/.venv/lib/python3.9/site-packages/airflow/example_dags/example_branch_datetime_operator.py took 0.106 seconds
[2025-12-05T00:11:53.895+0600] {processor.py:157} INFO - Started process (PID=43929) to work on /Users/asminsadykova/Desktop/h&m/.venv/lib/python3.9/site-packages/airflow/example_dags/example_branch_datetime_operator.py
[2025-12-05T00:11:53.896+0600] {processor.py:829} INFO - Processing file /Users/asminsadykova/Desktop/h&m/.venv/lib/python3.9/site-packages/airflow/example_dags/example_branch_datetime_operator.py for tasks to queue
[2025-12-05T00:11:53.896+0600] {logging_mixin.py:154} INFO - [2025-12-05T00:11:53.896+0600] {dagbag.py:536} INFO - Filling up the DagBag from /Users/asminsadykova/Desktop/h&m/.venv/lib/python3.9/site-packages/airflow/example_dags/example_branch_datetime_operator.py
[2025-12-05T00:11:53.911+0600] {processor.py:839} INFO - DAG(s) dict_keys(['example_branch_datetime_operator_3', 'example_branch_datetime_operator', 'example_branch_datetime_operator_2']) retrieved from /Users/asminsadykova/Desktop/h&m/.venv/lib/python3.9/site-packages/airflow/example_dags/example_branch_datetime_operator.py
[2025-12-05T00:11:53.988+0600] {logging_mixin.py:154} INFO - [2025-12-05T00:11:53.988+0600] {dag.py:2941} INFO - Sync 3 DAGs
[2025-12-05T00:11:53.995+0600] {logging_mixin.py:154} INFO - [2025-12-05T00:11:53.995+0600] {dag.py:3722} INFO - Setting next_dagrun for example_branch_datetime_operator to 2025-12-03T00:00:00+00:00, run_after=2025-12-04T00:00:00+00:00
[2025-12-05T00:11:53.997+0600] {logging_mixin.py:154} INFO - [2025-12-05T00:11:53.997+0600] {dag.py:3722} INFO - Setting next_dagrun for example_branch_datetime_operator_2 to 2025-12-03T00:00:00+00:00, run_after=2025-12-04T00:00:00+00:00
[2025-12-05T00:11:53.998+0600] {logging_mixin.py:154} INFO - [2025-12-05T00:11:53.998+0600] {dag.py:3722} INFO - Setting next_dagrun for example_branch_datetime_operator_3 to 2025-12-03T00:00:00+00:00, run_after=2025-12-04T00:00:00+00:00
[2025-12-05T00:11:54.005+0600] {processor.py:179} INFO - Processing /Users/asminsadykova/Desktop/h&m/.venv/lib/python3.9/site-packages/airflow/example_dags/example_branch_datetime_operator.py took 0.111 seconds
