[2025-12-04T23:17:48.557+0600] {processor.py:157} INFO - Started process (PID=38926) to work on /Users/asminsadykova/Desktop/h&m/.venv/lib/python3.9/site-packages/airflow/example_dags/example_subdag_operator.py
[2025-12-04T23:17:48.558+0600] {processor.py:829} INFO - Processing file /Users/asminsadykova/Desktop/h&m/.venv/lib/python3.9/site-packages/airflow/example_dags/example_subdag_operator.py for tasks to queue
[2025-12-04T23:17:48.558+0600] {logging_mixin.py:154} INFO - [2025-12-04T23:17:48.558+0600] {dagbag.py:536} INFO - Filling up the DagBag from /Users/asminsadykova/Desktop/h&m/.venv/lib/python3.9/site-packages/airflow/example_dags/example_subdag_operator.py
[2025-12-04T23:17:48.631+0600] {processor.py:839} INFO - DAG(s) dict_keys(['example_subdag_operator.section-1', 'example_subdag_operator.section-2', 'example_subdag_operator']) retrieved from /Users/asminsadykova/Desktop/h&m/.venv/lib/python3.9/site-packages/airflow/example_dags/example_subdag_operator.py
[2025-12-04T23:17:48.869+0600] {logging_mixin.py:154} INFO - [2025-12-04T23:17:48.869+0600] {manager.py:499} INFO - Created Permission View: %s
[2025-12-04T23:17:48.873+0600] {logging_mixin.py:154} INFO - [2025-12-04T23:17:48.873+0600] {manager.py:499} INFO - Created Permission View: %s
[2025-12-04T23:17:48.876+0600] {logging_mixin.py:154} INFO - [2025-12-04T23:17:48.876+0600] {manager.py:499} INFO - Created Permission View: %s
[2025-12-04T23:17:48.876+0600] {logging_mixin.py:154} INFO - [2025-12-04T23:17:48.876+0600] {dag.py:2941} INFO - Sync 3 DAGs
[2025-12-04T23:17:48.880+0600] {logging_mixin.py:154} INFO - [2025-12-04T23:17:48.880+0600] {dag.py:2963} INFO - Creating ORM DAG for example_subdag_operator.section-2
[2025-12-04T23:17:48.881+0600] {logging_mixin.py:154} INFO - [2025-12-04T23:17:48.881+0600] {dag.py:2963} INFO - Creating ORM DAG for example_subdag_operator
[2025-12-04T23:17:48.881+0600] {logging_mixin.py:154} INFO - [2025-12-04T23:17:48.881+0600] {dag.py:2963} INFO - Creating ORM DAG for example_subdag_operator.section-1
[2025-12-04T23:17:48.884+0600] {logging_mixin.py:154} INFO - [2025-12-04T23:17:48.884+0600] {dag.py:3722} INFO - Setting next_dagrun for example_subdag_operator to 2022-01-01T00:00:00+00:00, run_after=2022-01-01T00:00:00+00:00
[2025-12-04T23:17:48.884+0600] {logging_mixin.py:154} INFO - [2025-12-04T23:17:48.884+0600] {dag.py:3722} INFO - Setting next_dagrun for example_subdag_operator.section-1 to None, run_after=None
[2025-12-04T23:17:48.884+0600] {logging_mixin.py:154} INFO - [2025-12-04T23:17:48.884+0600] {dag.py:3722} INFO - Setting next_dagrun for example_subdag_operator.section-2 to None, run_after=None
[2025-12-04T23:17:48.887+0600] {logging_mixin.py:154} INFO - [2025-12-04T23:17:48.887+0600] {dag.py:2941} INFO - Sync 2 DAGs
[2025-12-04T23:17:48.889+0600] {logging_mixin.py:154} INFO - [2025-12-04T23:17:48.889+0600] {dag.py:3722} INFO - Setting next_dagrun for example_subdag_operator.section-1 to None, run_after=None
[2025-12-04T23:17:48.890+0600] {logging_mixin.py:154} INFO - [2025-12-04T23:17:48.890+0600] {dag.py:3722} INFO - Setting next_dagrun for example_subdag_operator.section-2 to None, run_after=None
[2025-12-04T23:17:48.896+0600] {processor.py:179} INFO - Processing /Users/asminsadykova/Desktop/h&m/.venv/lib/python3.9/site-packages/airflow/example_dags/example_subdag_operator.py took 0.340 seconds
[2025-12-04T23:19:07.065+0600] {processor.py:157} INFO - Started process (PID=39018) to work on /Users/asminsadykova/Desktop/h&m/.venv/lib/python3.9/site-packages/airflow/example_dags/example_subdag_operator.py
[2025-12-04T23:19:07.066+0600] {processor.py:829} INFO - Processing file /Users/asminsadykova/Desktop/h&m/.venv/lib/python3.9/site-packages/airflow/example_dags/example_subdag_operator.py for tasks to queue
[2025-12-04T23:19:07.066+0600] {logging_mixin.py:154} INFO - [2025-12-04T23:19:07.066+0600] {dagbag.py:536} INFO - Filling up the DagBag from /Users/asminsadykova/Desktop/h&m/.venv/lib/python3.9/site-packages/airflow/example_dags/example_subdag_operator.py
[2025-12-04T23:19:07.131+0600] {processor.py:839} INFO - DAG(s) dict_keys(['example_subdag_operator.section-1', 'example_subdag_operator.section-2', 'example_subdag_operator']) retrieved from /Users/asminsadykova/Desktop/h&m/.venv/lib/python3.9/site-packages/airflow/example_dags/example_subdag_operator.py
[2025-12-04T23:19:07.161+0600] {logging_mixin.py:154} INFO - [2025-12-04T23:19:07.161+0600] {dag.py:2941} INFO - Sync 3 DAGs
[2025-12-04T23:19:07.167+0600] {logging_mixin.py:154} INFO - [2025-12-04T23:19:07.167+0600] {dag.py:3722} INFO - Setting next_dagrun for example_subdag_operator to 2022-01-01T00:00:00+00:00, run_after=2022-01-01T00:00:00+00:00
[2025-12-04T23:19:07.168+0600] {logging_mixin.py:154} INFO - [2025-12-04T23:19:07.168+0600] {dag.py:3722} INFO - Setting next_dagrun for example_subdag_operator.section-1 to None, run_after=None
[2025-12-04T23:19:07.168+0600] {logging_mixin.py:154} INFO - [2025-12-04T23:19:07.168+0600] {dag.py:3722} INFO - Setting next_dagrun for example_subdag_operator.section-2 to None, run_after=None
[2025-12-04T23:19:07.170+0600] {logging_mixin.py:154} INFO - [2025-12-04T23:19:07.170+0600] {dag.py:2941} INFO - Sync 2 DAGs
[2025-12-04T23:19:07.172+0600] {logging_mixin.py:154} INFO - [2025-12-04T23:19:07.172+0600] {dag.py:3722} INFO - Setting next_dagrun for example_subdag_operator.section-1 to None, run_after=None
[2025-12-04T23:19:07.172+0600] {logging_mixin.py:154} INFO - [2025-12-04T23:19:07.172+0600] {dag.py:3722} INFO - Setting next_dagrun for example_subdag_operator.section-2 to None, run_after=None
[2025-12-04T23:19:07.177+0600] {processor.py:179} INFO - Processing /Users/asminsadykova/Desktop/h&m/.venv/lib/python3.9/site-packages/airflow/example_dags/example_subdag_operator.py took 0.112 seconds
[2025-12-04T23:20:33.063+0600] {processor.py:157} INFO - Started process (PID=39123) to work on /Users/asminsadykova/Desktop/h&m/.venv/lib/python3.9/site-packages/airflow/example_dags/example_subdag_operator.py
[2025-12-04T23:20:33.064+0600] {processor.py:829} INFO - Processing file /Users/asminsadykova/Desktop/h&m/.venv/lib/python3.9/site-packages/airflow/example_dags/example_subdag_operator.py for tasks to queue
[2025-12-04T23:20:33.064+0600] {logging_mixin.py:154} INFO - [2025-12-04T23:20:33.064+0600] {dagbag.py:536} INFO - Filling up the DagBag from /Users/asminsadykova/Desktop/h&m/.venv/lib/python3.9/site-packages/airflow/example_dags/example_subdag_operator.py
[2025-12-04T23:20:33.128+0600] {processor.py:839} INFO - DAG(s) dict_keys(['example_subdag_operator.section-1', 'example_subdag_operator.section-2', 'example_subdag_operator']) retrieved from /Users/asminsadykova/Desktop/h&m/.venv/lib/python3.9/site-packages/airflow/example_dags/example_subdag_operator.py
[2025-12-04T23:20:33.160+0600] {logging_mixin.py:154} INFO - [2025-12-04T23:20:33.160+0600] {dag.py:2941} INFO - Sync 3 DAGs
[2025-12-04T23:20:33.167+0600] {logging_mixin.py:154} INFO - [2025-12-04T23:20:33.167+0600] {dag.py:3722} INFO - Setting next_dagrun for example_subdag_operator to 2022-01-01T00:00:00+00:00, run_after=2022-01-01T00:00:00+00:00
[2025-12-04T23:20:33.168+0600] {logging_mixin.py:154} INFO - [2025-12-04T23:20:33.168+0600] {dag.py:3722} INFO - Setting next_dagrun for example_subdag_operator.section-1 to None, run_after=None
[2025-12-04T23:20:33.168+0600] {logging_mixin.py:154} INFO - [2025-12-04T23:20:33.168+0600] {dag.py:3722} INFO - Setting next_dagrun for example_subdag_operator.section-2 to None, run_after=None
[2025-12-04T23:20:33.171+0600] {logging_mixin.py:154} INFO - [2025-12-04T23:20:33.171+0600] {dag.py:2941} INFO - Sync 2 DAGs
[2025-12-04T23:20:33.172+0600] {logging_mixin.py:154} INFO - [2025-12-04T23:20:33.172+0600] {dag.py:3722} INFO - Setting next_dagrun for example_subdag_operator.section-1 to None, run_after=None
[2025-12-04T23:20:33.172+0600] {logging_mixin.py:154} INFO - [2025-12-04T23:20:33.172+0600] {dag.py:3722} INFO - Setting next_dagrun for example_subdag_operator.section-2 to None, run_after=None
[2025-12-04T23:20:33.177+0600] {processor.py:179} INFO - Processing /Users/asminsadykova/Desktop/h&m/.venv/lib/python3.9/site-packages/airflow/example_dags/example_subdag_operator.py took 0.115 seconds
[2025-12-04T23:21:59.492+0600] {processor.py:157} INFO - Started process (PID=39227) to work on /Users/asminsadykova/Desktop/h&m/.venv/lib/python3.9/site-packages/airflow/example_dags/example_subdag_operator.py
[2025-12-04T23:21:59.493+0600] {processor.py:829} INFO - Processing file /Users/asminsadykova/Desktop/h&m/.venv/lib/python3.9/site-packages/airflow/example_dags/example_subdag_operator.py for tasks to queue
[2025-12-04T23:21:59.494+0600] {logging_mixin.py:154} INFO - [2025-12-04T23:21:59.494+0600] {dagbag.py:536} INFO - Filling up the DagBag from /Users/asminsadykova/Desktop/h&m/.venv/lib/python3.9/site-packages/airflow/example_dags/example_subdag_operator.py
[2025-12-04T23:21:59.564+0600] {processor.py:839} INFO - DAG(s) dict_keys(['example_subdag_operator.section-1', 'example_subdag_operator.section-2', 'example_subdag_operator']) retrieved from /Users/asminsadykova/Desktop/h&m/.venv/lib/python3.9/site-packages/airflow/example_dags/example_subdag_operator.py
[2025-12-04T23:21:59.595+0600] {logging_mixin.py:154} INFO - [2025-12-04T23:21:59.595+0600] {dag.py:2941} INFO - Sync 3 DAGs
[2025-12-04T23:21:59.601+0600] {logging_mixin.py:154} INFO - [2025-12-04T23:21:59.601+0600] {dag.py:3722} INFO - Setting next_dagrun for example_subdag_operator to 2022-01-01T00:00:00+00:00, run_after=2022-01-01T00:00:00+00:00
[2025-12-04T23:21:59.602+0600] {logging_mixin.py:154} INFO - [2025-12-04T23:21:59.602+0600] {dag.py:3722} INFO - Setting next_dagrun for example_subdag_operator.section-1 to None, run_after=None
[2025-12-04T23:21:59.602+0600] {logging_mixin.py:154} INFO - [2025-12-04T23:21:59.602+0600] {dag.py:3722} INFO - Setting next_dagrun for example_subdag_operator.section-2 to None, run_after=None
[2025-12-04T23:21:59.605+0600] {logging_mixin.py:154} INFO - [2025-12-04T23:21:59.604+0600] {dag.py:2941} INFO - Sync 2 DAGs
[2025-12-04T23:21:59.606+0600] {logging_mixin.py:154} INFO - [2025-12-04T23:21:59.606+0600] {dag.py:3722} INFO - Setting next_dagrun for example_subdag_operator.section-1 to None, run_after=None
[2025-12-04T23:21:59.606+0600] {logging_mixin.py:154} INFO - [2025-12-04T23:21:59.606+0600] {dag.py:3722} INFO - Setting next_dagrun for example_subdag_operator.section-2 to None, run_after=None
[2025-12-04T23:21:59.611+0600] {processor.py:179} INFO - Processing /Users/asminsadykova/Desktop/h&m/.venv/lib/python3.9/site-packages/airflow/example_dags/example_subdag_operator.py took 0.120 seconds
[2025-12-04T23:23:28.259+0600] {processor.py:157} INFO - Started process (PID=39304) to work on /Users/asminsadykova/Desktop/h&m/.venv/lib/python3.9/site-packages/airflow/example_dags/example_subdag_operator.py
[2025-12-04T23:23:28.261+0600] {processor.py:829} INFO - Processing file /Users/asminsadykova/Desktop/h&m/.venv/lib/python3.9/site-packages/airflow/example_dags/example_subdag_operator.py for tasks to queue
[2025-12-04T23:23:28.261+0600] {logging_mixin.py:154} INFO - [2025-12-04T23:23:28.261+0600] {dagbag.py:536} INFO - Filling up the DagBag from /Users/asminsadykova/Desktop/h&m/.venv/lib/python3.9/site-packages/airflow/example_dags/example_subdag_operator.py
[2025-12-04T23:23:28.330+0600] {processor.py:839} INFO - DAG(s) dict_keys(['example_subdag_operator.section-1', 'example_subdag_operator.section-2', 'example_subdag_operator']) retrieved from /Users/asminsadykova/Desktop/h&m/.venv/lib/python3.9/site-packages/airflow/example_dags/example_subdag_operator.py
[2025-12-04T23:23:28.360+0600] {logging_mixin.py:154} INFO - [2025-12-04T23:23:28.360+0600] {dag.py:2941} INFO - Sync 3 DAGs
[2025-12-04T23:23:28.366+0600] {logging_mixin.py:154} INFO - [2025-12-04T23:23:28.366+0600] {dag.py:3722} INFO - Setting next_dagrun for example_subdag_operator to 2022-01-01T00:00:00+00:00, run_after=2022-01-01T00:00:00+00:00
[2025-12-04T23:23:28.367+0600] {logging_mixin.py:154} INFO - [2025-12-04T23:23:28.367+0600] {dag.py:3722} INFO - Setting next_dagrun for example_subdag_operator.section-1 to None, run_after=None
[2025-12-04T23:23:28.367+0600] {logging_mixin.py:154} INFO - [2025-12-04T23:23:28.367+0600] {dag.py:3722} INFO - Setting next_dagrun for example_subdag_operator.section-2 to None, run_after=None
[2025-12-04T23:23:28.369+0600] {logging_mixin.py:154} INFO - [2025-12-04T23:23:28.369+0600] {dag.py:2941} INFO - Sync 2 DAGs
[2025-12-04T23:23:28.371+0600] {logging_mixin.py:154} INFO - [2025-12-04T23:23:28.371+0600] {dag.py:3722} INFO - Setting next_dagrun for example_subdag_operator.section-1 to None, run_after=None
[2025-12-04T23:23:28.371+0600] {logging_mixin.py:154} INFO - [2025-12-04T23:23:28.371+0600] {dag.py:3722} INFO - Setting next_dagrun for example_subdag_operator.section-2 to None, run_after=None
[2025-12-04T23:23:28.376+0600] {processor.py:179} INFO - Processing /Users/asminsadykova/Desktop/h&m/.venv/lib/python3.9/site-packages/airflow/example_dags/example_subdag_operator.py took 0.118 seconds
[2025-12-04T23:25:06.338+0600] {processor.py:157} INFO - Started process (PID=39502) to work on /Users/asminsadykova/Desktop/h&m/.venv/lib/python3.9/site-packages/airflow/example_dags/example_subdag_operator.py
[2025-12-04T23:25:06.339+0600] {processor.py:829} INFO - Processing file /Users/asminsadykova/Desktop/h&m/.venv/lib/python3.9/site-packages/airflow/example_dags/example_subdag_operator.py for tasks to queue
[2025-12-04T23:25:06.339+0600] {logging_mixin.py:154} INFO - [2025-12-04T23:25:06.339+0600] {dagbag.py:536} INFO - Filling up the DagBag from /Users/asminsadykova/Desktop/h&m/.venv/lib/python3.9/site-packages/airflow/example_dags/example_subdag_operator.py
[2025-12-04T23:25:06.401+0600] {processor.py:839} INFO - DAG(s) dict_keys(['example_subdag_operator.section-1', 'example_subdag_operator.section-2', 'example_subdag_operator']) retrieved from /Users/asminsadykova/Desktop/h&m/.venv/lib/python3.9/site-packages/airflow/example_dags/example_subdag_operator.py
[2025-12-04T23:25:06.430+0600] {logging_mixin.py:154} INFO - [2025-12-04T23:25:06.429+0600] {dag.py:2941} INFO - Sync 3 DAGs
[2025-12-04T23:25:06.436+0600] {logging_mixin.py:154} INFO - [2025-12-04T23:25:06.436+0600] {dag.py:3722} INFO - Setting next_dagrun for example_subdag_operator to 2022-01-01T00:00:00+00:00, run_after=2022-01-01T00:00:00+00:00
[2025-12-04T23:25:06.437+0600] {logging_mixin.py:154} INFO - [2025-12-04T23:25:06.437+0600] {dag.py:3722} INFO - Setting next_dagrun for example_subdag_operator.section-1 to None, run_after=None
[2025-12-04T23:25:06.437+0600] {logging_mixin.py:154} INFO - [2025-12-04T23:25:06.437+0600] {dag.py:3722} INFO - Setting next_dagrun for example_subdag_operator.section-2 to None, run_after=None
[2025-12-04T23:25:06.439+0600] {logging_mixin.py:154} INFO - [2025-12-04T23:25:06.439+0600] {dag.py:2941} INFO - Sync 2 DAGs
[2025-12-04T23:25:06.441+0600] {logging_mixin.py:154} INFO - [2025-12-04T23:25:06.440+0600] {dag.py:3722} INFO - Setting next_dagrun for example_subdag_operator.section-1 to None, run_after=None
[2025-12-04T23:25:06.441+0600] {logging_mixin.py:154} INFO - [2025-12-04T23:25:06.441+0600] {dag.py:3722} INFO - Setting next_dagrun for example_subdag_operator.section-2 to None, run_after=None
[2025-12-04T23:25:06.446+0600] {processor.py:179} INFO - Processing /Users/asminsadykova/Desktop/h&m/.venv/lib/python3.9/site-packages/airflow/example_dags/example_subdag_operator.py took 0.109 seconds
[2025-12-04T23:26:40.227+0600] {processor.py:157} INFO - Started process (PID=39602) to work on /Users/asminsadykova/Desktop/h&m/.venv/lib/python3.9/site-packages/airflow/example_dags/example_subdag_operator.py
[2025-12-04T23:26:40.231+0600] {processor.py:829} INFO - Processing file /Users/asminsadykova/Desktop/h&m/.venv/lib/python3.9/site-packages/airflow/example_dags/example_subdag_operator.py for tasks to queue
[2025-12-04T23:26:40.231+0600] {logging_mixin.py:154} INFO - [2025-12-04T23:26:40.231+0600] {dagbag.py:536} INFO - Filling up the DagBag from /Users/asminsadykova/Desktop/h&m/.venv/lib/python3.9/site-packages/airflow/example_dags/example_subdag_operator.py
[2025-12-04T23:26:40.311+0600] {processor.py:839} INFO - DAG(s) dict_keys(['example_subdag_operator.section-1', 'example_subdag_operator.section-2', 'example_subdag_operator']) retrieved from /Users/asminsadykova/Desktop/h&m/.venv/lib/python3.9/site-packages/airflow/example_dags/example_subdag_operator.py
[2025-12-04T23:26:40.340+0600] {logging_mixin.py:154} INFO - [2025-12-04T23:26:40.340+0600] {dag.py:2941} INFO - Sync 3 DAGs
[2025-12-04T23:26:40.347+0600] {logging_mixin.py:154} INFO - [2025-12-04T23:26:40.347+0600] {dag.py:3722} INFO - Setting next_dagrun for example_subdag_operator to 2022-01-01T00:00:00+00:00, run_after=2022-01-01T00:00:00+00:00
[2025-12-04T23:26:40.348+0600] {logging_mixin.py:154} INFO - [2025-12-04T23:26:40.348+0600] {dag.py:3722} INFO - Setting next_dagrun for example_subdag_operator.section-1 to None, run_after=None
[2025-12-04T23:26:40.348+0600] {logging_mixin.py:154} INFO - [2025-12-04T23:26:40.348+0600] {dag.py:3722} INFO - Setting next_dagrun for example_subdag_operator.section-2 to None, run_after=None
[2025-12-04T23:26:40.350+0600] {logging_mixin.py:154} INFO - [2025-12-04T23:26:40.350+0600] {dag.py:2941} INFO - Sync 2 DAGs
[2025-12-04T23:26:40.352+0600] {logging_mixin.py:154} INFO - [2025-12-04T23:26:40.352+0600] {dag.py:3722} INFO - Setting next_dagrun for example_subdag_operator.section-1 to None, run_after=None
[2025-12-04T23:26:40.352+0600] {logging_mixin.py:154} INFO - [2025-12-04T23:26:40.352+0600] {dag.py:3722} INFO - Setting next_dagrun for example_subdag_operator.section-2 to None, run_after=None
[2025-12-04T23:26:40.357+0600] {processor.py:179} INFO - Processing /Users/asminsadykova/Desktop/h&m/.venv/lib/python3.9/site-packages/airflow/example_dags/example_subdag_operator.py took 0.131 seconds
[2025-12-04T23:28:13.452+0600] {processor.py:157} INFO - Started process (PID=39702) to work on /Users/asminsadykova/Desktop/h&m/.venv/lib/python3.9/site-packages/airflow/example_dags/example_subdag_operator.py
[2025-12-04T23:28:13.453+0600] {processor.py:829} INFO - Processing file /Users/asminsadykova/Desktop/h&m/.venv/lib/python3.9/site-packages/airflow/example_dags/example_subdag_operator.py for tasks to queue
[2025-12-04T23:28:13.454+0600] {logging_mixin.py:154} INFO - [2025-12-04T23:28:13.453+0600] {dagbag.py:536} INFO - Filling up the DagBag from /Users/asminsadykova/Desktop/h&m/.venv/lib/python3.9/site-packages/airflow/example_dags/example_subdag_operator.py
[2025-12-04T23:28:13.516+0600] {processor.py:839} INFO - DAG(s) dict_keys(['example_subdag_operator.section-1', 'example_subdag_operator.section-2', 'example_subdag_operator']) retrieved from /Users/asminsadykova/Desktop/h&m/.venv/lib/python3.9/site-packages/airflow/example_dags/example_subdag_operator.py
[2025-12-04T23:28:13.545+0600] {logging_mixin.py:154} INFO - [2025-12-04T23:28:13.545+0600] {dag.py:2941} INFO - Sync 3 DAGs
[2025-12-04T23:28:13.551+0600] {logging_mixin.py:154} INFO - [2025-12-04T23:28:13.551+0600] {dag.py:3722} INFO - Setting next_dagrun for example_subdag_operator to 2022-01-01T00:00:00+00:00, run_after=2022-01-01T00:00:00+00:00
[2025-12-04T23:28:13.553+0600] {logging_mixin.py:154} INFO - [2025-12-04T23:28:13.553+0600] {dag.py:3722} INFO - Setting next_dagrun for example_subdag_operator.section-1 to None, run_after=None
[2025-12-04T23:28:13.553+0600] {logging_mixin.py:154} INFO - [2025-12-04T23:28:13.553+0600] {dag.py:3722} INFO - Setting next_dagrun for example_subdag_operator.section-2 to None, run_after=None
[2025-12-04T23:28:13.555+0600] {logging_mixin.py:154} INFO - [2025-12-04T23:28:13.555+0600] {dag.py:2941} INFO - Sync 2 DAGs
[2025-12-04T23:28:13.556+0600] {logging_mixin.py:154} INFO - [2025-12-04T23:28:13.556+0600] {dag.py:3722} INFO - Setting next_dagrun for example_subdag_operator.section-1 to None, run_after=None
[2025-12-04T23:28:13.556+0600] {logging_mixin.py:154} INFO - [2025-12-04T23:28:13.556+0600] {dag.py:3722} INFO - Setting next_dagrun for example_subdag_operator.section-2 to None, run_after=None
[2025-12-04T23:28:13.561+0600] {processor.py:179} INFO - Processing /Users/asminsadykova/Desktop/h&m/.venv/lib/python3.9/site-packages/airflow/example_dags/example_subdag_operator.py took 0.109 seconds
[2025-12-04T23:29:37.619+0600] {processor.py:157} INFO - Started process (PID=39775) to work on /Users/asminsadykova/Desktop/h&m/.venv/lib/python3.9/site-packages/airflow/example_dags/example_subdag_operator.py
[2025-12-04T23:29:37.620+0600] {processor.py:829} INFO - Processing file /Users/asminsadykova/Desktop/h&m/.venv/lib/python3.9/site-packages/airflow/example_dags/example_subdag_operator.py for tasks to queue
[2025-12-04T23:29:37.620+0600] {logging_mixin.py:154} INFO - [2025-12-04T23:29:37.620+0600] {dagbag.py:536} INFO - Filling up the DagBag from /Users/asminsadykova/Desktop/h&m/.venv/lib/python3.9/site-packages/airflow/example_dags/example_subdag_operator.py
[2025-12-04T23:29:37.684+0600] {processor.py:839} INFO - DAG(s) dict_keys(['example_subdag_operator.section-1', 'example_subdag_operator.section-2', 'example_subdag_operator']) retrieved from /Users/asminsadykova/Desktop/h&m/.venv/lib/python3.9/site-packages/airflow/example_dags/example_subdag_operator.py
[2025-12-04T23:29:37.714+0600] {logging_mixin.py:154} INFO - [2025-12-04T23:29:37.714+0600] {dag.py:2941} INFO - Sync 3 DAGs
[2025-12-04T23:29:37.720+0600] {logging_mixin.py:154} INFO - [2025-12-04T23:29:37.720+0600] {dag.py:3722} INFO - Setting next_dagrun for example_subdag_operator to 2022-01-01T00:00:00+00:00, run_after=2022-01-01T00:00:00+00:00
[2025-12-04T23:29:37.721+0600] {logging_mixin.py:154} INFO - [2025-12-04T23:29:37.721+0600] {dag.py:3722} INFO - Setting next_dagrun for example_subdag_operator.section-1 to None, run_after=None
[2025-12-04T23:29:37.721+0600] {logging_mixin.py:154} INFO - [2025-12-04T23:29:37.721+0600] {dag.py:3722} INFO - Setting next_dagrun for example_subdag_operator.section-2 to None, run_after=None
[2025-12-04T23:29:37.723+0600] {logging_mixin.py:154} INFO - [2025-12-04T23:29:37.723+0600] {dag.py:2941} INFO - Sync 2 DAGs
[2025-12-04T23:29:37.725+0600] {logging_mixin.py:154} INFO - [2025-12-04T23:29:37.725+0600] {dag.py:3722} INFO - Setting next_dagrun for example_subdag_operator.section-1 to None, run_after=None
[2025-12-04T23:29:37.725+0600] {logging_mixin.py:154} INFO - [2025-12-04T23:29:37.725+0600] {dag.py:3722} INFO - Setting next_dagrun for example_subdag_operator.section-2 to None, run_after=None
[2025-12-04T23:29:37.730+0600] {processor.py:179} INFO - Processing /Users/asminsadykova/Desktop/h&m/.venv/lib/python3.9/site-packages/airflow/example_dags/example_subdag_operator.py took 0.112 seconds
[2025-12-04T23:30:59.224+0600] {processor.py:157} INFO - Started process (PID=39844) to work on /Users/asminsadykova/Desktop/h&m/.venv/lib/python3.9/site-packages/airflow/example_dags/example_subdag_operator.py
[2025-12-04T23:30:59.225+0600] {processor.py:829} INFO - Processing file /Users/asminsadykova/Desktop/h&m/.venv/lib/python3.9/site-packages/airflow/example_dags/example_subdag_operator.py for tasks to queue
[2025-12-04T23:30:59.225+0600] {logging_mixin.py:154} INFO - [2025-12-04T23:30:59.225+0600] {dagbag.py:536} INFO - Filling up the DagBag from /Users/asminsadykova/Desktop/h&m/.venv/lib/python3.9/site-packages/airflow/example_dags/example_subdag_operator.py
[2025-12-04T23:30:59.289+0600] {processor.py:839} INFO - DAG(s) dict_keys(['example_subdag_operator.section-1', 'example_subdag_operator.section-2', 'example_subdag_operator']) retrieved from /Users/asminsadykova/Desktop/h&m/.venv/lib/python3.9/site-packages/airflow/example_dags/example_subdag_operator.py
[2025-12-04T23:30:59.318+0600] {logging_mixin.py:154} INFO - [2025-12-04T23:30:59.318+0600] {dag.py:2941} INFO - Sync 3 DAGs
[2025-12-04T23:30:59.324+0600] {logging_mixin.py:154} INFO - [2025-12-04T23:30:59.324+0600] {dag.py:3722} INFO - Setting next_dagrun for example_subdag_operator to 2022-01-01T00:00:00+00:00, run_after=2022-01-01T00:00:00+00:00
[2025-12-04T23:30:59.325+0600] {logging_mixin.py:154} INFO - [2025-12-04T23:30:59.325+0600] {dag.py:3722} INFO - Setting next_dagrun for example_subdag_operator.section-1 to None, run_after=None
[2025-12-04T23:30:59.326+0600] {logging_mixin.py:154} INFO - [2025-12-04T23:30:59.326+0600] {dag.py:3722} INFO - Setting next_dagrun for example_subdag_operator.section-2 to None, run_after=None
[2025-12-04T23:30:59.328+0600] {logging_mixin.py:154} INFO - [2025-12-04T23:30:59.328+0600] {dag.py:2941} INFO - Sync 2 DAGs
[2025-12-04T23:30:59.329+0600] {logging_mixin.py:154} INFO - [2025-12-04T23:30:59.329+0600] {dag.py:3722} INFO - Setting next_dagrun for example_subdag_operator.section-1 to None, run_after=None
[2025-12-04T23:30:59.329+0600] {logging_mixin.py:154} INFO - [2025-12-04T23:30:59.329+0600] {dag.py:3722} INFO - Setting next_dagrun for example_subdag_operator.section-2 to None, run_after=None
[2025-12-04T23:30:59.335+0600] {processor.py:179} INFO - Processing /Users/asminsadykova/Desktop/h&m/.venv/lib/python3.9/site-packages/airflow/example_dags/example_subdag_operator.py took 0.111 seconds
[2025-12-04T23:32:27.913+0600] {processor.py:157} INFO - Started process (PID=40057) to work on /Users/asminsadykova/Desktop/h&m/.venv/lib/python3.9/site-packages/airflow/example_dags/example_subdag_operator.py
[2025-12-04T23:32:27.914+0600] {processor.py:829} INFO - Processing file /Users/asminsadykova/Desktop/h&m/.venv/lib/python3.9/site-packages/airflow/example_dags/example_subdag_operator.py for tasks to queue
[2025-12-04T23:32:27.914+0600] {logging_mixin.py:154} INFO - [2025-12-04T23:32:27.914+0600] {dagbag.py:536} INFO - Filling up the DagBag from /Users/asminsadykova/Desktop/h&m/.venv/lib/python3.9/site-packages/airflow/example_dags/example_subdag_operator.py
[2025-12-04T23:32:27.976+0600] {processor.py:839} INFO - DAG(s) dict_keys(['example_subdag_operator.section-1', 'example_subdag_operator.section-2', 'example_subdag_operator']) retrieved from /Users/asminsadykova/Desktop/h&m/.venv/lib/python3.9/site-packages/airflow/example_dags/example_subdag_operator.py
[2025-12-04T23:32:28.007+0600] {logging_mixin.py:154} INFO - [2025-12-04T23:32:28.007+0600] {dag.py:2941} INFO - Sync 3 DAGs
[2025-12-04T23:32:28.013+0600] {logging_mixin.py:154} INFO - [2025-12-04T23:32:28.013+0600] {dag.py:3722} INFO - Setting next_dagrun for example_subdag_operator to 2022-01-01T00:00:00+00:00, run_after=2022-01-01T00:00:00+00:00
[2025-12-04T23:32:28.015+0600] {logging_mixin.py:154} INFO - [2025-12-04T23:32:28.014+0600] {dag.py:3722} INFO - Setting next_dagrun for example_subdag_operator.section-1 to None, run_after=None
[2025-12-04T23:32:28.015+0600] {logging_mixin.py:154} INFO - [2025-12-04T23:32:28.015+0600] {dag.py:3722} INFO - Setting next_dagrun for example_subdag_operator.section-2 to None, run_after=None
[2025-12-04T23:32:28.017+0600] {logging_mixin.py:154} INFO - [2025-12-04T23:32:28.017+0600] {dag.py:2941} INFO - Sync 2 DAGs
[2025-12-04T23:32:28.018+0600] {logging_mixin.py:154} INFO - [2025-12-04T23:32:28.018+0600] {dag.py:3722} INFO - Setting next_dagrun for example_subdag_operator.section-1 to None, run_after=None
[2025-12-04T23:32:28.018+0600] {logging_mixin.py:154} INFO - [2025-12-04T23:32:28.018+0600] {dag.py:3722} INFO - Setting next_dagrun for example_subdag_operator.section-2 to None, run_after=None
[2025-12-04T23:32:28.024+0600] {processor.py:179} INFO - Processing /Users/asminsadykova/Desktop/h&m/.venv/lib/python3.9/site-packages/airflow/example_dags/example_subdag_operator.py took 0.112 seconds
[2025-12-04T23:33:48.901+0600] {processor.py:157} INFO - Started process (PID=40139) to work on /Users/asminsadykova/Desktop/h&m/.venv/lib/python3.9/site-packages/airflow/example_dags/example_subdag_operator.py
[2025-12-04T23:33:48.902+0600] {processor.py:829} INFO - Processing file /Users/asminsadykova/Desktop/h&m/.venv/lib/python3.9/site-packages/airflow/example_dags/example_subdag_operator.py for tasks to queue
[2025-12-04T23:33:48.903+0600] {logging_mixin.py:154} INFO - [2025-12-04T23:33:48.903+0600] {dagbag.py:536} INFO - Filling up the DagBag from /Users/asminsadykova/Desktop/h&m/.venv/lib/python3.9/site-packages/airflow/example_dags/example_subdag_operator.py
[2025-12-04T23:33:48.967+0600] {processor.py:839} INFO - DAG(s) dict_keys(['example_subdag_operator.section-1', 'example_subdag_operator.section-2', 'example_subdag_operator']) retrieved from /Users/asminsadykova/Desktop/h&m/.venv/lib/python3.9/site-packages/airflow/example_dags/example_subdag_operator.py
[2025-12-04T23:33:48.996+0600] {logging_mixin.py:154} INFO - [2025-12-04T23:33:48.995+0600] {dag.py:2941} INFO - Sync 3 DAGs
[2025-12-04T23:33:49.002+0600] {logging_mixin.py:154} INFO - [2025-12-04T23:33:49.002+0600] {dag.py:3722} INFO - Setting next_dagrun for example_subdag_operator to 2022-01-01T00:00:00+00:00, run_after=2022-01-01T00:00:00+00:00
[2025-12-04T23:33:49.003+0600] {logging_mixin.py:154} INFO - [2025-12-04T23:33:49.003+0600] {dag.py:3722} INFO - Setting next_dagrun for example_subdag_operator.section-1 to None, run_after=None
[2025-12-04T23:33:49.003+0600] {logging_mixin.py:154} INFO - [2025-12-04T23:33:49.003+0600] {dag.py:3722} INFO - Setting next_dagrun for example_subdag_operator.section-2 to None, run_after=None
[2025-12-04T23:33:49.005+0600] {logging_mixin.py:154} INFO - [2025-12-04T23:33:49.005+0600] {dag.py:2941} INFO - Sync 2 DAGs
[2025-12-04T23:33:49.007+0600] {logging_mixin.py:154} INFO - [2025-12-04T23:33:49.007+0600] {dag.py:3722} INFO - Setting next_dagrun for example_subdag_operator.section-1 to None, run_after=None
[2025-12-04T23:33:49.007+0600] {logging_mixin.py:154} INFO - [2025-12-04T23:33:49.007+0600] {dag.py:3722} INFO - Setting next_dagrun for example_subdag_operator.section-2 to None, run_after=None
[2025-12-04T23:33:49.013+0600] {processor.py:179} INFO - Processing /Users/asminsadykova/Desktop/h&m/.venv/lib/python3.9/site-packages/airflow/example_dags/example_subdag_operator.py took 0.113 seconds
[2025-12-04T23:35:22.536+0600] {processor.py:157} INFO - Started process (PID=40229) to work on /Users/asminsadykova/Desktop/h&m/.venv/lib/python3.9/site-packages/airflow/example_dags/example_subdag_operator.py
[2025-12-04T23:35:22.537+0600] {processor.py:829} INFO - Processing file /Users/asminsadykova/Desktop/h&m/.venv/lib/python3.9/site-packages/airflow/example_dags/example_subdag_operator.py for tasks to queue
[2025-12-04T23:35:22.537+0600] {logging_mixin.py:154} INFO - [2025-12-04T23:35:22.537+0600] {dagbag.py:536} INFO - Filling up the DagBag from /Users/asminsadykova/Desktop/h&m/.venv/lib/python3.9/site-packages/airflow/example_dags/example_subdag_operator.py
[2025-12-04T23:35:22.600+0600] {processor.py:839} INFO - DAG(s) dict_keys(['example_subdag_operator.section-1', 'example_subdag_operator.section-2', 'example_subdag_operator']) retrieved from /Users/asminsadykova/Desktop/h&m/.venv/lib/python3.9/site-packages/airflow/example_dags/example_subdag_operator.py
[2025-12-04T23:35:22.630+0600] {logging_mixin.py:154} INFO - [2025-12-04T23:35:22.630+0600] {dag.py:2941} INFO - Sync 3 DAGs
[2025-12-04T23:35:22.636+0600] {logging_mixin.py:154} INFO - [2025-12-04T23:35:22.636+0600] {dag.py:3722} INFO - Setting next_dagrun for example_subdag_operator to 2022-01-01T00:00:00+00:00, run_after=2022-01-01T00:00:00+00:00
[2025-12-04T23:35:22.637+0600] {logging_mixin.py:154} INFO - [2025-12-04T23:35:22.637+0600] {dag.py:3722} INFO - Setting next_dagrun for example_subdag_operator.section-1 to None, run_after=None
[2025-12-04T23:35:22.637+0600] {logging_mixin.py:154} INFO - [2025-12-04T23:35:22.637+0600] {dag.py:3722} INFO - Setting next_dagrun for example_subdag_operator.section-2 to None, run_after=None
[2025-12-04T23:35:22.640+0600] {logging_mixin.py:154} INFO - [2025-12-04T23:35:22.639+0600] {dag.py:2941} INFO - Sync 2 DAGs
[2025-12-04T23:35:22.641+0600] {logging_mixin.py:154} INFO - [2025-12-04T23:35:22.641+0600] {dag.py:3722} INFO - Setting next_dagrun for example_subdag_operator.section-1 to None, run_after=None
[2025-12-04T23:35:22.641+0600] {logging_mixin.py:154} INFO - [2025-12-04T23:35:22.641+0600] {dag.py:3722} INFO - Setting next_dagrun for example_subdag_operator.section-2 to None, run_after=None
[2025-12-04T23:35:22.646+0600] {processor.py:179} INFO - Processing /Users/asminsadykova/Desktop/h&m/.venv/lib/python3.9/site-packages/airflow/example_dags/example_subdag_operator.py took 0.111 seconds
[2025-12-04T23:36:59.743+0600] {processor.py:157} INFO - Started process (PID=40313) to work on /Users/asminsadykova/Desktop/h&m/.venv/lib/python3.9/site-packages/airflow/example_dags/example_subdag_operator.py
[2025-12-04T23:36:59.745+0600] {processor.py:829} INFO - Processing file /Users/asminsadykova/Desktop/h&m/.venv/lib/python3.9/site-packages/airflow/example_dags/example_subdag_operator.py for tasks to queue
[2025-12-04T23:36:59.745+0600] {logging_mixin.py:154} INFO - [2025-12-04T23:36:59.745+0600] {dagbag.py:536} INFO - Filling up the DagBag from /Users/asminsadykova/Desktop/h&m/.venv/lib/python3.9/site-packages/airflow/example_dags/example_subdag_operator.py
[2025-12-04T23:36:59.808+0600] {processor.py:839} INFO - DAG(s) dict_keys(['example_subdag_operator.section-1', 'example_subdag_operator.section-2', 'example_subdag_operator']) retrieved from /Users/asminsadykova/Desktop/h&m/.venv/lib/python3.9/site-packages/airflow/example_dags/example_subdag_operator.py
[2025-12-04T23:36:59.839+0600] {logging_mixin.py:154} INFO - [2025-12-04T23:36:59.839+0600] {dag.py:2941} INFO - Sync 3 DAGs
[2025-12-04T23:36:59.846+0600] {logging_mixin.py:154} INFO - [2025-12-04T23:36:59.846+0600] {dag.py:3722} INFO - Setting next_dagrun for example_subdag_operator to 2022-01-01T00:00:00+00:00, run_after=2022-01-01T00:00:00+00:00
[2025-12-04T23:36:59.847+0600] {logging_mixin.py:154} INFO - [2025-12-04T23:36:59.847+0600] {dag.py:3722} INFO - Setting next_dagrun for example_subdag_operator.section-1 to None, run_after=None
[2025-12-04T23:36:59.847+0600] {logging_mixin.py:154} INFO - [2025-12-04T23:36:59.847+0600] {dag.py:3722} INFO - Setting next_dagrun for example_subdag_operator.section-2 to None, run_after=None
[2025-12-04T23:36:59.850+0600] {logging_mixin.py:154} INFO - [2025-12-04T23:36:59.850+0600] {dag.py:2941} INFO - Sync 2 DAGs
[2025-12-04T23:36:59.851+0600] {logging_mixin.py:154} INFO - [2025-12-04T23:36:59.851+0600] {dag.py:3722} INFO - Setting next_dagrun for example_subdag_operator.section-1 to None, run_after=None
[2025-12-04T23:36:59.851+0600] {logging_mixin.py:154} INFO - [2025-12-04T23:36:59.851+0600] {dag.py:3722} INFO - Setting next_dagrun for example_subdag_operator.section-2 to None, run_after=None
[2025-12-04T23:36:59.858+0600] {processor.py:179} INFO - Processing /Users/asminsadykova/Desktop/h&m/.venv/lib/python3.9/site-packages/airflow/example_dags/example_subdag_operator.py took 0.116 seconds
[2025-12-04T23:38:31.307+0600] {processor.py:157} INFO - Started process (PID=40405) to work on /Users/asminsadykova/Desktop/h&m/.venv/lib/python3.9/site-packages/airflow/example_dags/example_subdag_operator.py
[2025-12-04T23:38:31.308+0600] {processor.py:829} INFO - Processing file /Users/asminsadykova/Desktop/h&m/.venv/lib/python3.9/site-packages/airflow/example_dags/example_subdag_operator.py for tasks to queue
[2025-12-04T23:38:31.308+0600] {logging_mixin.py:154} INFO - [2025-12-04T23:38:31.308+0600] {dagbag.py:536} INFO - Filling up the DagBag from /Users/asminsadykova/Desktop/h&m/.venv/lib/python3.9/site-packages/airflow/example_dags/example_subdag_operator.py
[2025-12-04T23:38:31.376+0600] {processor.py:839} INFO - DAG(s) dict_keys(['example_subdag_operator.section-1', 'example_subdag_operator.section-2', 'example_subdag_operator']) retrieved from /Users/asminsadykova/Desktop/h&m/.venv/lib/python3.9/site-packages/airflow/example_dags/example_subdag_operator.py
[2025-12-04T23:38:31.412+0600] {logging_mixin.py:154} INFO - [2025-12-04T23:38:31.412+0600] {dag.py:2941} INFO - Sync 3 DAGs
[2025-12-04T23:38:31.419+0600] {logging_mixin.py:154} INFO - [2025-12-04T23:38:31.419+0600] {dag.py:3722} INFO - Setting next_dagrun for example_subdag_operator to 2022-01-01T00:00:00+00:00, run_after=2022-01-01T00:00:00+00:00
[2025-12-04T23:38:31.420+0600] {logging_mixin.py:154} INFO - [2025-12-04T23:38:31.420+0600] {dag.py:3722} INFO - Setting next_dagrun for example_subdag_operator.section-1 to None, run_after=None
[2025-12-04T23:38:31.420+0600] {logging_mixin.py:154} INFO - [2025-12-04T23:38:31.420+0600] {dag.py:3722} INFO - Setting next_dagrun for example_subdag_operator.section-2 to None, run_after=None
[2025-12-04T23:38:31.422+0600] {logging_mixin.py:154} INFO - [2025-12-04T23:38:31.422+0600] {dag.py:2941} INFO - Sync 2 DAGs
[2025-12-04T23:38:31.424+0600] {logging_mixin.py:154} INFO - [2025-12-04T23:38:31.424+0600] {dag.py:3722} INFO - Setting next_dagrun for example_subdag_operator.section-1 to None, run_after=None
[2025-12-04T23:38:31.424+0600] {logging_mixin.py:154} INFO - [2025-12-04T23:38:31.424+0600] {dag.py:3722} INFO - Setting next_dagrun for example_subdag_operator.section-2 to None, run_after=None
[2025-12-04T23:38:31.430+0600] {processor.py:179} INFO - Processing /Users/asminsadykova/Desktop/h&m/.venv/lib/python3.9/site-packages/airflow/example_dags/example_subdag_operator.py took 0.124 seconds
[2025-12-04T23:40:04.075+0600] {processor.py:157} INFO - Started process (PID=40486) to work on /Users/asminsadykova/Desktop/h&m/.venv/lib/python3.9/site-packages/airflow/example_dags/example_subdag_operator.py
[2025-12-04T23:40:04.076+0600] {processor.py:829} INFO - Processing file /Users/asminsadykova/Desktop/h&m/.venv/lib/python3.9/site-packages/airflow/example_dags/example_subdag_operator.py for tasks to queue
[2025-12-04T23:40:04.076+0600] {logging_mixin.py:154} INFO - [2025-12-04T23:40:04.076+0600] {dagbag.py:536} INFO - Filling up the DagBag from /Users/asminsadykova/Desktop/h&m/.venv/lib/python3.9/site-packages/airflow/example_dags/example_subdag_operator.py
[2025-12-04T23:40:04.139+0600] {processor.py:839} INFO - DAG(s) dict_keys(['example_subdag_operator.section-1', 'example_subdag_operator.section-2', 'example_subdag_operator']) retrieved from /Users/asminsadykova/Desktop/h&m/.venv/lib/python3.9/site-packages/airflow/example_dags/example_subdag_operator.py
[2025-12-04T23:40:04.168+0600] {logging_mixin.py:154} INFO - [2025-12-04T23:40:04.168+0600] {dag.py:2941} INFO - Sync 3 DAGs
[2025-12-04T23:40:04.174+0600] {logging_mixin.py:154} INFO - [2025-12-04T23:40:04.174+0600] {dag.py:3722} INFO - Setting next_dagrun for example_subdag_operator to 2022-01-01T00:00:00+00:00, run_after=2022-01-01T00:00:00+00:00
[2025-12-04T23:40:04.176+0600] {logging_mixin.py:154} INFO - [2025-12-04T23:40:04.175+0600] {dag.py:3722} INFO - Setting next_dagrun for example_subdag_operator.section-1 to None, run_after=None
[2025-12-04T23:40:04.176+0600] {logging_mixin.py:154} INFO - [2025-12-04T23:40:04.176+0600] {dag.py:3722} INFO - Setting next_dagrun for example_subdag_operator.section-2 to None, run_after=None
[2025-12-04T23:40:04.178+0600] {logging_mixin.py:154} INFO - [2025-12-04T23:40:04.178+0600] {dag.py:2941} INFO - Sync 2 DAGs
[2025-12-04T23:40:04.180+0600] {logging_mixin.py:154} INFO - [2025-12-04T23:40:04.180+0600] {dag.py:3722} INFO - Setting next_dagrun for example_subdag_operator.section-1 to None, run_after=None
[2025-12-04T23:40:04.180+0600] {logging_mixin.py:154} INFO - [2025-12-04T23:40:04.180+0600] {dag.py:3722} INFO - Setting next_dagrun for example_subdag_operator.section-2 to None, run_after=None
[2025-12-04T23:40:04.185+0600] {processor.py:179} INFO - Processing /Users/asminsadykova/Desktop/h&m/.venv/lib/python3.9/site-packages/airflow/example_dags/example_subdag_operator.py took 0.111 seconds
[2025-12-04T23:41:40.114+0600] {processor.py:157} INFO - Started process (PID=40621) to work on /Users/asminsadykova/Desktop/h&m/.venv/lib/python3.9/site-packages/airflow/example_dags/example_subdag_operator.py
[2025-12-04T23:41:40.116+0600] {processor.py:829} INFO - Processing file /Users/asminsadykova/Desktop/h&m/.venv/lib/python3.9/site-packages/airflow/example_dags/example_subdag_operator.py for tasks to queue
[2025-12-04T23:41:40.116+0600] {logging_mixin.py:154} INFO - [2025-12-04T23:41:40.116+0600] {dagbag.py:536} INFO - Filling up the DagBag from /Users/asminsadykova/Desktop/h&m/.venv/lib/python3.9/site-packages/airflow/example_dags/example_subdag_operator.py
[2025-12-04T23:41:40.183+0600] {processor.py:839} INFO - DAG(s) dict_keys(['example_subdag_operator.section-1', 'example_subdag_operator.section-2', 'example_subdag_operator']) retrieved from /Users/asminsadykova/Desktop/h&m/.venv/lib/python3.9/site-packages/airflow/example_dags/example_subdag_operator.py
[2025-12-04T23:41:40.216+0600] {logging_mixin.py:154} INFO - [2025-12-04T23:41:40.216+0600] {dag.py:2941} INFO - Sync 3 DAGs
[2025-12-04T23:41:40.223+0600] {logging_mixin.py:154} INFO - [2025-12-04T23:41:40.223+0600] {dag.py:3722} INFO - Setting next_dagrun for example_subdag_operator to 2022-01-01T00:00:00+00:00, run_after=2022-01-01T00:00:00+00:00
[2025-12-04T23:41:40.224+0600] {logging_mixin.py:154} INFO - [2025-12-04T23:41:40.224+0600] {dag.py:3722} INFO - Setting next_dagrun for example_subdag_operator.section-1 to None, run_after=None
[2025-12-04T23:41:40.224+0600] {logging_mixin.py:154} INFO - [2025-12-04T23:41:40.224+0600] {dag.py:3722} INFO - Setting next_dagrun for example_subdag_operator.section-2 to None, run_after=None
[2025-12-04T23:41:40.226+0600] {logging_mixin.py:154} INFO - [2025-12-04T23:41:40.226+0600] {dag.py:2941} INFO - Sync 2 DAGs
[2025-12-04T23:41:40.228+0600] {logging_mixin.py:154} INFO - [2025-12-04T23:41:40.228+0600] {dag.py:3722} INFO - Setting next_dagrun for example_subdag_operator.section-1 to None, run_after=None
[2025-12-04T23:41:40.228+0600] {logging_mixin.py:154} INFO - [2025-12-04T23:41:40.228+0600] {dag.py:3722} INFO - Setting next_dagrun for example_subdag_operator.section-2 to None, run_after=None
[2025-12-04T23:41:40.233+0600] {processor.py:179} INFO - Processing /Users/asminsadykova/Desktop/h&m/.venv/lib/python3.9/site-packages/airflow/example_dags/example_subdag_operator.py took 0.120 seconds
[2025-12-04T23:43:09.190+0600] {processor.py:157} INFO - Started process (PID=40736) to work on /Users/asminsadykova/Desktop/h&m/.venv/lib/python3.9/site-packages/airflow/example_dags/example_subdag_operator.py
[2025-12-04T23:43:09.192+0600] {processor.py:829} INFO - Processing file /Users/asminsadykova/Desktop/h&m/.venv/lib/python3.9/site-packages/airflow/example_dags/example_subdag_operator.py for tasks to queue
[2025-12-04T23:43:09.192+0600] {logging_mixin.py:154} INFO - [2025-12-04T23:43:09.192+0600] {dagbag.py:536} INFO - Filling up the DagBag from /Users/asminsadykova/Desktop/h&m/.venv/lib/python3.9/site-packages/airflow/example_dags/example_subdag_operator.py
[2025-12-04T23:43:09.255+0600] {processor.py:839} INFO - DAG(s) dict_keys(['example_subdag_operator.section-1', 'example_subdag_operator.section-2', 'example_subdag_operator']) retrieved from /Users/asminsadykova/Desktop/h&m/.venv/lib/python3.9/site-packages/airflow/example_dags/example_subdag_operator.py
[2025-12-04T23:43:09.285+0600] {logging_mixin.py:154} INFO - [2025-12-04T23:43:09.285+0600] {dag.py:2941} INFO - Sync 3 DAGs
[2025-12-04T23:43:09.291+0600] {logging_mixin.py:154} INFO - [2025-12-04T23:43:09.291+0600] {dag.py:3722} INFO - Setting next_dagrun for example_subdag_operator to 2022-01-01T00:00:00+00:00, run_after=2022-01-01T00:00:00+00:00
[2025-12-04T23:43:09.292+0600] {logging_mixin.py:154} INFO - [2025-12-04T23:43:09.292+0600] {dag.py:3722} INFO - Setting next_dagrun for example_subdag_operator.section-1 to None, run_after=None
[2025-12-04T23:43:09.292+0600] {logging_mixin.py:154} INFO - [2025-12-04T23:43:09.292+0600] {dag.py:3722} INFO - Setting next_dagrun for example_subdag_operator.section-2 to None, run_after=None
[2025-12-04T23:43:09.294+0600] {logging_mixin.py:154} INFO - [2025-12-04T23:43:09.294+0600] {dag.py:2941} INFO - Sync 2 DAGs
[2025-12-04T23:43:09.296+0600] {logging_mixin.py:154} INFO - [2025-12-04T23:43:09.296+0600] {dag.py:3722} INFO - Setting next_dagrun for example_subdag_operator.section-1 to None, run_after=None
[2025-12-04T23:43:09.296+0600] {logging_mixin.py:154} INFO - [2025-12-04T23:43:09.296+0600] {dag.py:3722} INFO - Setting next_dagrun for example_subdag_operator.section-2 to None, run_after=None
[2025-12-04T23:43:09.301+0600] {processor.py:179} INFO - Processing /Users/asminsadykova/Desktop/h&m/.venv/lib/python3.9/site-packages/airflow/example_dags/example_subdag_operator.py took 0.112 seconds
[2025-12-04T23:44:46.063+0600] {processor.py:157} INFO - Started process (PID=41046) to work on /Users/asminsadykova/Desktop/h&m/.venv/lib/python3.9/site-packages/airflow/example_dags/example_subdag_operator.py
[2025-12-04T23:44:46.065+0600] {processor.py:829} INFO - Processing file /Users/asminsadykova/Desktop/h&m/.venv/lib/python3.9/site-packages/airflow/example_dags/example_subdag_operator.py for tasks to queue
[2025-12-04T23:44:46.065+0600] {logging_mixin.py:154} INFO - [2025-12-04T23:44:46.065+0600] {dagbag.py:536} INFO - Filling up the DagBag from /Users/asminsadykova/Desktop/h&m/.venv/lib/python3.9/site-packages/airflow/example_dags/example_subdag_operator.py
[2025-12-04T23:44:46.128+0600] {processor.py:839} INFO - DAG(s) dict_keys(['example_subdag_operator.section-1', 'example_subdag_operator.section-2', 'example_subdag_operator']) retrieved from /Users/asminsadykova/Desktop/h&m/.venv/lib/python3.9/site-packages/airflow/example_dags/example_subdag_operator.py
[2025-12-04T23:44:46.159+0600] {logging_mixin.py:154} INFO - [2025-12-04T23:44:46.159+0600] {dag.py:2941} INFO - Sync 3 DAGs
[2025-12-04T23:44:46.165+0600] {logging_mixin.py:154} INFO - [2025-12-04T23:44:46.165+0600] {dag.py:3722} INFO - Setting next_dagrun for example_subdag_operator to 2022-01-01T00:00:00+00:00, run_after=2022-01-01T00:00:00+00:00
[2025-12-04T23:44:46.166+0600] {logging_mixin.py:154} INFO - [2025-12-04T23:44:46.166+0600] {dag.py:3722} INFO - Setting next_dagrun for example_subdag_operator.section-1 to None, run_after=None
[2025-12-04T23:44:46.167+0600] {logging_mixin.py:154} INFO - [2025-12-04T23:44:46.167+0600] {dag.py:3722} INFO - Setting next_dagrun for example_subdag_operator.section-2 to None, run_after=None
[2025-12-04T23:44:46.169+0600] {logging_mixin.py:154} INFO - [2025-12-04T23:44:46.169+0600] {dag.py:2941} INFO - Sync 2 DAGs
[2025-12-04T23:44:46.170+0600] {logging_mixin.py:154} INFO - [2025-12-04T23:44:46.170+0600] {dag.py:3722} INFO - Setting next_dagrun for example_subdag_operator.section-1 to None, run_after=None
[2025-12-04T23:44:46.170+0600] {logging_mixin.py:154} INFO - [2025-12-04T23:44:46.170+0600] {dag.py:3722} INFO - Setting next_dagrun for example_subdag_operator.section-2 to None, run_after=None
[2025-12-04T23:44:46.175+0600] {processor.py:179} INFO - Processing /Users/asminsadykova/Desktop/h&m/.venv/lib/python3.9/site-packages/airflow/example_dags/example_subdag_operator.py took 0.112 seconds
[2025-12-04T23:46:22.111+0600] {processor.py:157} INFO - Started process (PID=41304) to work on /Users/asminsadykova/Desktop/h&m/.venv/lib/python3.9/site-packages/airflow/example_dags/example_subdag_operator.py
[2025-12-04T23:46:22.112+0600] {processor.py:829} INFO - Processing file /Users/asminsadykova/Desktop/h&m/.venv/lib/python3.9/site-packages/airflow/example_dags/example_subdag_operator.py for tasks to queue
[2025-12-04T23:46:22.112+0600] {logging_mixin.py:154} INFO - [2025-12-04T23:46:22.112+0600] {dagbag.py:536} INFO - Filling up the DagBag from /Users/asminsadykova/Desktop/h&m/.venv/lib/python3.9/site-packages/airflow/example_dags/example_subdag_operator.py
[2025-12-04T23:46:22.177+0600] {processor.py:839} INFO - DAG(s) dict_keys(['example_subdag_operator.section-1', 'example_subdag_operator.section-2', 'example_subdag_operator']) retrieved from /Users/asminsadykova/Desktop/h&m/.venv/lib/python3.9/site-packages/airflow/example_dags/example_subdag_operator.py
[2025-12-04T23:46:22.207+0600] {logging_mixin.py:154} INFO - [2025-12-04T23:46:22.207+0600] {dag.py:2941} INFO - Sync 3 DAGs
[2025-12-04T23:46:22.213+0600] {logging_mixin.py:154} INFO - [2025-12-04T23:46:22.213+0600] {dag.py:3722} INFO - Setting next_dagrun for example_subdag_operator to 2022-01-01T00:00:00+00:00, run_after=2022-01-01T00:00:00+00:00
[2025-12-04T23:46:22.214+0600] {logging_mixin.py:154} INFO - [2025-12-04T23:46:22.214+0600] {dag.py:3722} INFO - Setting next_dagrun for example_subdag_operator.section-1 to None, run_after=None
[2025-12-04T23:46:22.214+0600] {logging_mixin.py:154} INFO - [2025-12-04T23:46:22.214+0600] {dag.py:3722} INFO - Setting next_dagrun for example_subdag_operator.section-2 to None, run_after=None
[2025-12-04T23:46:22.217+0600] {logging_mixin.py:154} INFO - [2025-12-04T23:46:22.216+0600] {dag.py:2941} INFO - Sync 2 DAGs
[2025-12-04T23:46:22.218+0600] {logging_mixin.py:154} INFO - [2025-12-04T23:46:22.218+0600] {dag.py:3722} INFO - Setting next_dagrun for example_subdag_operator.section-1 to None, run_after=None
[2025-12-04T23:46:22.218+0600] {logging_mixin.py:154} INFO - [2025-12-04T23:46:22.218+0600] {dag.py:3722} INFO - Setting next_dagrun for example_subdag_operator.section-2 to None, run_after=None
[2025-12-04T23:46:22.226+0600] {processor.py:179} INFO - Processing /Users/asminsadykova/Desktop/h&m/.venv/lib/python3.9/site-packages/airflow/example_dags/example_subdag_operator.py took 0.116 seconds
[2025-12-04T23:47:50.759+0600] {processor.py:157} INFO - Started process (PID=41600) to work on /Users/asminsadykova/Desktop/h&m/.venv/lib/python3.9/site-packages/airflow/example_dags/example_subdag_operator.py
[2025-12-04T23:47:50.761+0600] {processor.py:829} INFO - Processing file /Users/asminsadykova/Desktop/h&m/.venv/lib/python3.9/site-packages/airflow/example_dags/example_subdag_operator.py for tasks to queue
[2025-12-04T23:47:50.761+0600] {logging_mixin.py:154} INFO - [2025-12-04T23:47:50.761+0600] {dagbag.py:536} INFO - Filling up the DagBag from /Users/asminsadykova/Desktop/h&m/.venv/lib/python3.9/site-packages/airflow/example_dags/example_subdag_operator.py
[2025-12-04T23:47:50.828+0600] {processor.py:839} INFO - DAG(s) dict_keys(['example_subdag_operator.section-1', 'example_subdag_operator.section-2', 'example_subdag_operator']) retrieved from /Users/asminsadykova/Desktop/h&m/.venv/lib/python3.9/site-packages/airflow/example_dags/example_subdag_operator.py
[2025-12-04T23:47:50.862+0600] {logging_mixin.py:154} INFO - [2025-12-04T23:47:50.861+0600] {dag.py:2941} INFO - Sync 3 DAGs
[2025-12-04T23:47:50.870+0600] {logging_mixin.py:154} INFO - [2025-12-04T23:47:50.869+0600] {dag.py:3722} INFO - Setting next_dagrun for example_subdag_operator to 2022-01-01T00:00:00+00:00, run_after=2022-01-01T00:00:00+00:00
[2025-12-04T23:47:50.871+0600] {logging_mixin.py:154} INFO - [2025-12-04T23:47:50.871+0600] {dag.py:3722} INFO - Setting next_dagrun for example_subdag_operator.section-1 to None, run_after=None
[2025-12-04T23:47:50.872+0600] {logging_mixin.py:154} INFO - [2025-12-04T23:47:50.872+0600] {dag.py:3722} INFO - Setting next_dagrun for example_subdag_operator.section-2 to None, run_after=None
[2025-12-04T23:47:50.874+0600] {logging_mixin.py:154} INFO - [2025-12-04T23:47:50.874+0600] {dag.py:2941} INFO - Sync 2 DAGs
[2025-12-04T23:47:50.876+0600] {logging_mixin.py:154} INFO - [2025-12-04T23:47:50.876+0600] {dag.py:3722} INFO - Setting next_dagrun for example_subdag_operator.section-1 to None, run_after=None
[2025-12-04T23:47:50.876+0600] {logging_mixin.py:154} INFO - [2025-12-04T23:47:50.876+0600] {dag.py:3722} INFO - Setting next_dagrun for example_subdag_operator.section-2 to None, run_after=None
[2025-12-04T23:47:50.881+0600] {processor.py:179} INFO - Processing /Users/asminsadykova/Desktop/h&m/.venv/lib/python3.9/site-packages/airflow/example_dags/example_subdag_operator.py took 0.122 seconds
[2025-12-04T23:49:19.109+0600] {processor.py:157} INFO - Started process (PID=41703) to work on /Users/asminsadykova/Desktop/h&m/.venv/lib/python3.9/site-packages/airflow/example_dags/example_subdag_operator.py
[2025-12-04T23:49:19.110+0600] {processor.py:829} INFO - Processing file /Users/asminsadykova/Desktop/h&m/.venv/lib/python3.9/site-packages/airflow/example_dags/example_subdag_operator.py for tasks to queue
[2025-12-04T23:49:19.110+0600] {logging_mixin.py:154} INFO - [2025-12-04T23:49:19.110+0600] {dagbag.py:536} INFO - Filling up the DagBag from /Users/asminsadykova/Desktop/h&m/.venv/lib/python3.9/site-packages/airflow/example_dags/example_subdag_operator.py
[2025-12-04T23:49:19.172+0600] {processor.py:839} INFO - DAG(s) dict_keys(['example_subdag_operator.section-1', 'example_subdag_operator.section-2', 'example_subdag_operator']) retrieved from /Users/asminsadykova/Desktop/h&m/.venv/lib/python3.9/site-packages/airflow/example_dags/example_subdag_operator.py
[2025-12-04T23:49:19.201+0600] {logging_mixin.py:154} INFO - [2025-12-04T23:49:19.201+0600] {dag.py:2941} INFO - Sync 3 DAGs
[2025-12-04T23:49:19.210+0600] {logging_mixin.py:154} INFO - [2025-12-04T23:49:19.210+0600] {dag.py:3722} INFO - Setting next_dagrun for example_subdag_operator to 2022-01-01T00:00:00+00:00, run_after=2022-01-01T00:00:00+00:00
[2025-12-04T23:49:19.211+0600] {logging_mixin.py:154} INFO - [2025-12-04T23:49:19.211+0600] {dag.py:3722} INFO - Setting next_dagrun for example_subdag_operator.section-1 to None, run_after=None
[2025-12-04T23:49:19.211+0600] {logging_mixin.py:154} INFO - [2025-12-04T23:49:19.211+0600] {dag.py:3722} INFO - Setting next_dagrun for example_subdag_operator.section-2 to None, run_after=None
[2025-12-04T23:49:19.214+0600] {logging_mixin.py:154} INFO - [2025-12-04T23:49:19.214+0600] {dag.py:2941} INFO - Sync 2 DAGs
[2025-12-04T23:49:19.216+0600] {logging_mixin.py:154} INFO - [2025-12-04T23:49:19.216+0600] {dag.py:3722} INFO - Setting next_dagrun for example_subdag_operator.section-1 to None, run_after=None
[2025-12-04T23:49:19.216+0600] {logging_mixin.py:154} INFO - [2025-12-04T23:49:19.216+0600] {dag.py:3722} INFO - Setting next_dagrun for example_subdag_operator.section-2 to None, run_after=None
[2025-12-04T23:49:19.221+0600] {processor.py:179} INFO - Processing /Users/asminsadykova/Desktop/h&m/.venv/lib/python3.9/site-packages/airflow/example_dags/example_subdag_operator.py took 0.113 seconds
[2025-12-04T23:50:58.720+0600] {processor.py:157} INFO - Started process (PID=41831) to work on /Users/asminsadykova/Desktop/h&m/.venv/lib/python3.9/site-packages/airflow/example_dags/example_subdag_operator.py
[2025-12-04T23:50:58.721+0600] {processor.py:829} INFO - Processing file /Users/asminsadykova/Desktop/h&m/.venv/lib/python3.9/site-packages/airflow/example_dags/example_subdag_operator.py for tasks to queue
[2025-12-04T23:50:58.721+0600] {logging_mixin.py:154} INFO - [2025-12-04T23:50:58.721+0600] {dagbag.py:536} INFO - Filling up the DagBag from /Users/asminsadykova/Desktop/h&m/.venv/lib/python3.9/site-packages/airflow/example_dags/example_subdag_operator.py
[2025-12-04T23:50:58.786+0600] {processor.py:839} INFO - DAG(s) dict_keys(['example_subdag_operator.section-1', 'example_subdag_operator.section-2', 'example_subdag_operator']) retrieved from /Users/asminsadykova/Desktop/h&m/.venv/lib/python3.9/site-packages/airflow/example_dags/example_subdag_operator.py
[2025-12-04T23:50:58.815+0600] {logging_mixin.py:154} INFO - [2025-12-04T23:50:58.815+0600] {dag.py:2941} INFO - Sync 3 DAGs
[2025-12-04T23:50:58.822+0600] {logging_mixin.py:154} INFO - [2025-12-04T23:50:58.822+0600] {dag.py:3722} INFO - Setting next_dagrun for example_subdag_operator to 2022-01-01T00:00:00+00:00, run_after=2022-01-01T00:00:00+00:00
[2025-12-04T23:50:58.823+0600] {logging_mixin.py:154} INFO - [2025-12-04T23:50:58.823+0600] {dag.py:3722} INFO - Setting next_dagrun for example_subdag_operator.section-1 to None, run_after=None
[2025-12-04T23:50:58.823+0600] {logging_mixin.py:154} INFO - [2025-12-04T23:50:58.823+0600] {dag.py:3722} INFO - Setting next_dagrun for example_subdag_operator.section-2 to None, run_after=None
[2025-12-04T23:50:58.825+0600] {logging_mixin.py:154} INFO - [2025-12-04T23:50:58.825+0600] {dag.py:2941} INFO - Sync 2 DAGs
[2025-12-04T23:50:58.826+0600] {logging_mixin.py:154} INFO - [2025-12-04T23:50:58.826+0600] {dag.py:3722} INFO - Setting next_dagrun for example_subdag_operator.section-1 to None, run_after=None
[2025-12-04T23:50:58.826+0600] {logging_mixin.py:154} INFO - [2025-12-04T23:50:58.826+0600] {dag.py:3722} INFO - Setting next_dagrun for example_subdag_operator.section-2 to None, run_after=None
[2025-12-04T23:50:58.832+0600] {processor.py:179} INFO - Processing /Users/asminsadykova/Desktop/h&m/.venv/lib/python3.9/site-packages/airflow/example_dags/example_subdag_operator.py took 0.113 seconds
[2025-12-04T23:52:31.736+0600] {processor.py:157} INFO - Started process (PID=42066) to work on /Users/asminsadykova/Desktop/h&m/.venv/lib/python3.9/site-packages/airflow/example_dags/example_subdag_operator.py
[2025-12-04T23:52:31.738+0600] {processor.py:829} INFO - Processing file /Users/asminsadykova/Desktop/h&m/.venv/lib/python3.9/site-packages/airflow/example_dags/example_subdag_operator.py for tasks to queue
[2025-12-04T23:52:31.738+0600] {logging_mixin.py:154} INFO - [2025-12-04T23:52:31.738+0600] {dagbag.py:536} INFO - Filling up the DagBag from /Users/asminsadykova/Desktop/h&m/.venv/lib/python3.9/site-packages/airflow/example_dags/example_subdag_operator.py
[2025-12-04T23:52:31.803+0600] {processor.py:839} INFO - DAG(s) dict_keys(['example_subdag_operator.section-1', 'example_subdag_operator.section-2', 'example_subdag_operator']) retrieved from /Users/asminsadykova/Desktop/h&m/.venv/lib/python3.9/site-packages/airflow/example_dags/example_subdag_operator.py
[2025-12-04T23:52:31.835+0600] {logging_mixin.py:154} INFO - [2025-12-04T23:52:31.835+0600] {dag.py:2941} INFO - Sync 3 DAGs
[2025-12-04T23:52:31.842+0600] {logging_mixin.py:154} INFO - [2025-12-04T23:52:31.842+0600] {dag.py:3722} INFO - Setting next_dagrun for example_subdag_operator to 2022-01-01T00:00:00+00:00, run_after=2022-01-01T00:00:00+00:00
[2025-12-04T23:52:31.844+0600] {logging_mixin.py:154} INFO - [2025-12-04T23:52:31.844+0600] {dag.py:3722} INFO - Setting next_dagrun for example_subdag_operator.section-1 to None, run_after=None
[2025-12-04T23:52:31.844+0600] {logging_mixin.py:154} INFO - [2025-12-04T23:52:31.844+0600] {dag.py:3722} INFO - Setting next_dagrun for example_subdag_operator.section-2 to None, run_after=None
[2025-12-04T23:52:31.847+0600] {logging_mixin.py:154} INFO - [2025-12-04T23:52:31.847+0600] {dag.py:2941} INFO - Sync 2 DAGs
[2025-12-04T23:52:31.848+0600] {logging_mixin.py:154} INFO - [2025-12-04T23:52:31.848+0600] {dag.py:3722} INFO - Setting next_dagrun for example_subdag_operator.section-1 to None, run_after=None
[2025-12-04T23:52:31.848+0600] {logging_mixin.py:154} INFO - [2025-12-04T23:52:31.848+0600] {dag.py:3722} INFO - Setting next_dagrun for example_subdag_operator.section-2 to None, run_after=None
[2025-12-04T23:52:31.853+0600] {processor.py:179} INFO - Processing /Users/asminsadykova/Desktop/h&m/.venv/lib/python3.9/site-packages/airflow/example_dags/example_subdag_operator.py took 0.118 seconds
[2025-12-04T23:54:07.096+0600] {processor.py:157} INFO - Started process (PID=42163) to work on /Users/asminsadykova/Desktop/h&m/.venv/lib/python3.9/site-packages/airflow/example_dags/example_subdag_operator.py
[2025-12-04T23:54:07.097+0600] {processor.py:829} INFO - Processing file /Users/asminsadykova/Desktop/h&m/.venv/lib/python3.9/site-packages/airflow/example_dags/example_subdag_operator.py for tasks to queue
[2025-12-04T23:54:07.097+0600] {logging_mixin.py:154} INFO - [2025-12-04T23:54:07.097+0600] {dagbag.py:536} INFO - Filling up the DagBag from /Users/asminsadykova/Desktop/h&m/.venv/lib/python3.9/site-packages/airflow/example_dags/example_subdag_operator.py
[2025-12-04T23:54:07.160+0600] {processor.py:839} INFO - DAG(s) dict_keys(['example_subdag_operator.section-1', 'example_subdag_operator.section-2', 'example_subdag_operator']) retrieved from /Users/asminsadykova/Desktop/h&m/.venv/lib/python3.9/site-packages/airflow/example_dags/example_subdag_operator.py
[2025-12-04T23:54:07.189+0600] {logging_mixin.py:154} INFO - [2025-12-04T23:54:07.189+0600] {dag.py:2941} INFO - Sync 3 DAGs
[2025-12-04T23:54:07.196+0600] {logging_mixin.py:154} INFO - [2025-12-04T23:54:07.196+0600] {dag.py:3722} INFO - Setting next_dagrun for example_subdag_operator to 2022-01-01T00:00:00+00:00, run_after=2022-01-01T00:00:00+00:00
[2025-12-04T23:54:07.197+0600] {logging_mixin.py:154} INFO - [2025-12-04T23:54:07.197+0600] {dag.py:3722} INFO - Setting next_dagrun for example_subdag_operator.section-1 to None, run_after=None
[2025-12-04T23:54:07.197+0600] {logging_mixin.py:154} INFO - [2025-12-04T23:54:07.197+0600] {dag.py:3722} INFO - Setting next_dagrun for example_subdag_operator.section-2 to None, run_after=None
[2025-12-04T23:54:07.199+0600] {logging_mixin.py:154} INFO - [2025-12-04T23:54:07.199+0600] {dag.py:2941} INFO - Sync 2 DAGs
[2025-12-04T23:54:07.201+0600] {logging_mixin.py:154} INFO - [2025-12-04T23:54:07.201+0600] {dag.py:3722} INFO - Setting next_dagrun for example_subdag_operator.section-1 to None, run_after=None
[2025-12-04T23:54:07.201+0600] {logging_mixin.py:154} INFO - [2025-12-04T23:54:07.201+0600] {dag.py:3722} INFO - Setting next_dagrun for example_subdag_operator.section-2 to None, run_after=None
[2025-12-04T23:54:07.206+0600] {processor.py:179} INFO - Processing /Users/asminsadykova/Desktop/h&m/.venv/lib/python3.9/site-packages/airflow/example_dags/example_subdag_operator.py took 0.111 seconds
[2025-12-04T23:55:33.999+0600] {processor.py:157} INFO - Started process (PID=42244) to work on /Users/asminsadykova/Desktop/h&m/.venv/lib/python3.9/site-packages/airflow/example_dags/example_subdag_operator.py
[2025-12-04T23:55:34.001+0600] {processor.py:829} INFO - Processing file /Users/asminsadykova/Desktop/h&m/.venv/lib/python3.9/site-packages/airflow/example_dags/example_subdag_operator.py for tasks to queue
[2025-12-04T23:55:34.001+0600] {logging_mixin.py:154} INFO - [2025-12-04T23:55:34.001+0600] {dagbag.py:536} INFO - Filling up the DagBag from /Users/asminsadykova/Desktop/h&m/.venv/lib/python3.9/site-packages/airflow/example_dags/example_subdag_operator.py
[2025-12-04T23:55:34.065+0600] {processor.py:839} INFO - DAG(s) dict_keys(['example_subdag_operator.section-1', 'example_subdag_operator.section-2', 'example_subdag_operator']) retrieved from /Users/asminsadykova/Desktop/h&m/.venv/lib/python3.9/site-packages/airflow/example_dags/example_subdag_operator.py
[2025-12-04T23:55:34.095+0600] {logging_mixin.py:154} INFO - [2025-12-04T23:55:34.095+0600] {dag.py:2941} INFO - Sync 3 DAGs
[2025-12-04T23:55:34.102+0600] {logging_mixin.py:154} INFO - [2025-12-04T23:55:34.102+0600] {dag.py:3722} INFO - Setting next_dagrun for example_subdag_operator to 2022-01-01T00:00:00+00:00, run_after=2022-01-01T00:00:00+00:00
[2025-12-04T23:55:34.104+0600] {logging_mixin.py:154} INFO - [2025-12-04T23:55:34.104+0600] {dag.py:3722} INFO - Setting next_dagrun for example_subdag_operator.section-1 to None, run_after=None
[2025-12-04T23:55:34.104+0600] {logging_mixin.py:154} INFO - [2025-12-04T23:55:34.104+0600] {dag.py:3722} INFO - Setting next_dagrun for example_subdag_operator.section-2 to None, run_after=None
[2025-12-04T23:55:34.106+0600] {logging_mixin.py:154} INFO - [2025-12-04T23:55:34.106+0600] {dag.py:2941} INFO - Sync 2 DAGs
[2025-12-04T23:55:34.108+0600] {logging_mixin.py:154} INFO - [2025-12-04T23:55:34.108+0600] {dag.py:3722} INFO - Setting next_dagrun for example_subdag_operator.section-1 to None, run_after=None
[2025-12-04T23:55:34.108+0600] {logging_mixin.py:154} INFO - [2025-12-04T23:55:34.108+0600] {dag.py:3722} INFO - Setting next_dagrun for example_subdag_operator.section-2 to None, run_after=None
[2025-12-04T23:55:34.114+0600] {processor.py:179} INFO - Processing /Users/asminsadykova/Desktop/h&m/.venv/lib/python3.9/site-packages/airflow/example_dags/example_subdag_operator.py took 0.116 seconds
[2025-12-04T23:57:05.979+0600] {processor.py:157} INFO - Started process (PID=42316) to work on /Users/asminsadykova/Desktop/h&m/.venv/lib/python3.9/site-packages/airflow/example_dags/example_subdag_operator.py
[2025-12-04T23:57:05.980+0600] {processor.py:829} INFO - Processing file /Users/asminsadykova/Desktop/h&m/.venv/lib/python3.9/site-packages/airflow/example_dags/example_subdag_operator.py for tasks to queue
[2025-12-04T23:57:05.980+0600] {logging_mixin.py:154} INFO - [2025-12-04T23:57:05.980+0600] {dagbag.py:536} INFO - Filling up the DagBag from /Users/asminsadykova/Desktop/h&m/.venv/lib/python3.9/site-packages/airflow/example_dags/example_subdag_operator.py
[2025-12-04T23:57:06.050+0600] {processor.py:839} INFO - DAG(s) dict_keys(['example_subdag_operator.section-1', 'example_subdag_operator.section-2', 'example_subdag_operator']) retrieved from /Users/asminsadykova/Desktop/h&m/.venv/lib/python3.9/site-packages/airflow/example_dags/example_subdag_operator.py
[2025-12-04T23:57:06.082+0600] {logging_mixin.py:154} INFO - [2025-12-04T23:57:06.082+0600] {dag.py:2941} INFO - Sync 3 DAGs
[2025-12-04T23:57:06.089+0600] {logging_mixin.py:154} INFO - [2025-12-04T23:57:06.089+0600] {dag.py:3722} INFO - Setting next_dagrun for example_subdag_operator to 2022-01-01T00:00:00+00:00, run_after=2022-01-01T00:00:00+00:00
[2025-12-04T23:57:06.090+0600] {logging_mixin.py:154} INFO - [2025-12-04T23:57:06.090+0600] {dag.py:3722} INFO - Setting next_dagrun for example_subdag_operator.section-1 to None, run_after=None
[2025-12-04T23:57:06.091+0600] {logging_mixin.py:154} INFO - [2025-12-04T23:57:06.091+0600] {dag.py:3722} INFO - Setting next_dagrun for example_subdag_operator.section-2 to None, run_after=None
[2025-12-04T23:57:06.093+0600] {logging_mixin.py:154} INFO - [2025-12-04T23:57:06.093+0600] {dag.py:2941} INFO - Sync 2 DAGs
[2025-12-04T23:57:06.095+0600] {logging_mixin.py:154} INFO - [2025-12-04T23:57:06.095+0600] {dag.py:3722} INFO - Setting next_dagrun for example_subdag_operator.section-1 to None, run_after=None
[2025-12-04T23:57:06.095+0600] {logging_mixin.py:154} INFO - [2025-12-04T23:57:06.095+0600] {dag.py:3722} INFO - Setting next_dagrun for example_subdag_operator.section-2 to None, run_after=None
[2025-12-04T23:57:06.101+0600] {processor.py:179} INFO - Processing /Users/asminsadykova/Desktop/h&m/.venv/lib/python3.9/site-packages/airflow/example_dags/example_subdag_operator.py took 0.123 seconds
[2025-12-04T23:58:29.706+0600] {processor.py:157} INFO - Started process (PID=42399) to work on /Users/asminsadykova/Desktop/h&m/.venv/lib/python3.9/site-packages/airflow/example_dags/example_subdag_operator.py
[2025-12-04T23:58:29.707+0600] {processor.py:829} INFO - Processing file /Users/asminsadykova/Desktop/h&m/.venv/lib/python3.9/site-packages/airflow/example_dags/example_subdag_operator.py for tasks to queue
[2025-12-04T23:58:29.708+0600] {logging_mixin.py:154} INFO - [2025-12-04T23:58:29.708+0600] {dagbag.py:536} INFO - Filling up the DagBag from /Users/asminsadykova/Desktop/h&m/.venv/lib/python3.9/site-packages/airflow/example_dags/example_subdag_operator.py
[2025-12-04T23:58:29.772+0600] {processor.py:839} INFO - DAG(s) dict_keys(['example_subdag_operator.section-1', 'example_subdag_operator.section-2', 'example_subdag_operator']) retrieved from /Users/asminsadykova/Desktop/h&m/.venv/lib/python3.9/site-packages/airflow/example_dags/example_subdag_operator.py
[2025-12-04T23:58:29.807+0600] {logging_mixin.py:154} INFO - [2025-12-04T23:58:29.807+0600] {dag.py:2941} INFO - Sync 3 DAGs
[2025-12-04T23:58:29.815+0600] {logging_mixin.py:154} INFO - [2025-12-04T23:58:29.815+0600] {dag.py:3722} INFO - Setting next_dagrun for example_subdag_operator to 2022-01-01T00:00:00+00:00, run_after=2022-01-01T00:00:00+00:00
[2025-12-04T23:58:29.816+0600] {logging_mixin.py:154} INFO - [2025-12-04T23:58:29.816+0600] {dag.py:3722} INFO - Setting next_dagrun for example_subdag_operator.section-1 to None, run_after=None
[2025-12-04T23:58:29.816+0600] {logging_mixin.py:154} INFO - [2025-12-04T23:58:29.816+0600] {dag.py:3722} INFO - Setting next_dagrun for example_subdag_operator.section-2 to None, run_after=None
[2025-12-04T23:58:29.820+0600] {logging_mixin.py:154} INFO - [2025-12-04T23:58:29.819+0600] {dag.py:2941} INFO - Sync 2 DAGs
[2025-12-04T23:58:29.821+0600] {logging_mixin.py:154} INFO - [2025-12-04T23:58:29.821+0600] {dag.py:3722} INFO - Setting next_dagrun for example_subdag_operator.section-1 to None, run_after=None
[2025-12-04T23:58:29.821+0600] {logging_mixin.py:154} INFO - [2025-12-04T23:58:29.821+0600] {dag.py:3722} INFO - Setting next_dagrun for example_subdag_operator.section-2 to None, run_after=None
[2025-12-04T23:58:29.828+0600] {processor.py:179} INFO - Processing /Users/asminsadykova/Desktop/h&m/.venv/lib/python3.9/site-packages/airflow/example_dags/example_subdag_operator.py took 0.122 seconds
[2025-12-05T00:00:01.020+0600] {processor.py:157} INFO - Started process (PID=42652) to work on /Users/asminsadykova/Desktop/h&m/.venv/lib/python3.9/site-packages/airflow/example_dags/example_subdag_operator.py
[2025-12-05T00:00:01.021+0600] {processor.py:829} INFO - Processing file /Users/asminsadykova/Desktop/h&m/.venv/lib/python3.9/site-packages/airflow/example_dags/example_subdag_operator.py for tasks to queue
[2025-12-05T00:00:01.021+0600] {logging_mixin.py:154} INFO - [2025-12-05T00:00:01.021+0600] {dagbag.py:536} INFO - Filling up the DagBag from /Users/asminsadykova/Desktop/h&m/.venv/lib/python3.9/site-packages/airflow/example_dags/example_subdag_operator.py
[2025-12-05T00:00:01.091+0600] {processor.py:839} INFO - DAG(s) dict_keys(['example_subdag_operator.section-1', 'example_subdag_operator.section-2', 'example_subdag_operator']) retrieved from /Users/asminsadykova/Desktop/h&m/.venv/lib/python3.9/site-packages/airflow/example_dags/example_subdag_operator.py
[2025-12-05T00:00:01.121+0600] {logging_mixin.py:154} INFO - [2025-12-05T00:00:01.121+0600] {dag.py:2941} INFO - Sync 3 DAGs
[2025-12-05T00:00:01.128+0600] {logging_mixin.py:154} INFO - [2025-12-05T00:00:01.128+0600] {dag.py:3722} INFO - Setting next_dagrun for example_subdag_operator to 2022-01-01T00:00:00+00:00, run_after=2022-01-01T00:00:00+00:00
[2025-12-05T00:00:01.129+0600] {logging_mixin.py:154} INFO - [2025-12-05T00:00:01.129+0600] {dag.py:3722} INFO - Setting next_dagrun for example_subdag_operator.section-1 to None, run_after=None
[2025-12-05T00:00:01.129+0600] {logging_mixin.py:154} INFO - [2025-12-05T00:00:01.129+0600] {dag.py:3722} INFO - Setting next_dagrun for example_subdag_operator.section-2 to None, run_after=None
[2025-12-05T00:00:01.131+0600] {logging_mixin.py:154} INFO - [2025-12-05T00:00:01.131+0600] {dag.py:2941} INFO - Sync 2 DAGs
[2025-12-05T00:00:01.133+0600] {logging_mixin.py:154} INFO - [2025-12-05T00:00:01.133+0600] {dag.py:3722} INFO - Setting next_dagrun for example_subdag_operator.section-1 to None, run_after=None
[2025-12-05T00:00:01.133+0600] {logging_mixin.py:154} INFO - [2025-12-05T00:00:01.133+0600] {dag.py:3722} INFO - Setting next_dagrun for example_subdag_operator.section-2 to None, run_after=None
[2025-12-05T00:00:01.138+0600] {processor.py:179} INFO - Processing /Users/asminsadykova/Desktop/h&m/.venv/lib/python3.9/site-packages/airflow/example_dags/example_subdag_operator.py took 0.119 seconds
[2025-12-05T00:01:36.112+0600] {processor.py:157} INFO - Started process (PID=42881) to work on /Users/asminsadykova/Desktop/h&m/.venv/lib/python3.9/site-packages/airflow/example_dags/example_subdag_operator.py
[2025-12-05T00:01:36.114+0600] {processor.py:829} INFO - Processing file /Users/asminsadykova/Desktop/h&m/.venv/lib/python3.9/site-packages/airflow/example_dags/example_subdag_operator.py for tasks to queue
[2025-12-05T00:01:36.114+0600] {logging_mixin.py:154} INFO - [2025-12-05T00:01:36.114+0600] {dagbag.py:536} INFO - Filling up the DagBag from /Users/asminsadykova/Desktop/h&m/.venv/lib/python3.9/site-packages/airflow/example_dags/example_subdag_operator.py
[2025-12-05T00:01:36.179+0600] {processor.py:839} INFO - DAG(s) dict_keys(['example_subdag_operator.section-1', 'example_subdag_operator.section-2', 'example_subdag_operator']) retrieved from /Users/asminsadykova/Desktop/h&m/.venv/lib/python3.9/site-packages/airflow/example_dags/example_subdag_operator.py
[2025-12-05T00:01:36.210+0600] {logging_mixin.py:154} INFO - [2025-12-05T00:01:36.210+0600] {dag.py:2941} INFO - Sync 3 DAGs
[2025-12-05T00:01:36.217+0600] {logging_mixin.py:154} INFO - [2025-12-05T00:01:36.216+0600] {dag.py:3722} INFO - Setting next_dagrun for example_subdag_operator to 2022-01-01T00:00:00+00:00, run_after=2022-01-01T00:00:00+00:00
[2025-12-05T00:01:36.218+0600] {logging_mixin.py:154} INFO - [2025-12-05T00:01:36.217+0600] {dag.py:3722} INFO - Setting next_dagrun for example_subdag_operator.section-1 to None, run_after=None
[2025-12-05T00:01:36.218+0600] {logging_mixin.py:154} INFO - [2025-12-05T00:01:36.218+0600] {dag.py:3722} INFO - Setting next_dagrun for example_subdag_operator.section-2 to None, run_after=None
[2025-12-05T00:01:36.220+0600] {logging_mixin.py:154} INFO - [2025-12-05T00:01:36.220+0600] {dag.py:2941} INFO - Sync 2 DAGs
[2025-12-05T00:01:36.222+0600] {logging_mixin.py:154} INFO - [2025-12-05T00:01:36.222+0600] {dag.py:3722} INFO - Setting next_dagrun for example_subdag_operator.section-1 to None, run_after=None
[2025-12-05T00:01:36.222+0600] {logging_mixin.py:154} INFO - [2025-12-05T00:01:36.222+0600] {dag.py:3722} INFO - Setting next_dagrun for example_subdag_operator.section-2 to None, run_after=None
[2025-12-05T00:01:36.228+0600] {processor.py:179} INFO - Processing /Users/asminsadykova/Desktop/h&m/.venv/lib/python3.9/site-packages/airflow/example_dags/example_subdag_operator.py took 0.117 seconds
[2025-12-05T00:03:09.956+0600] {processor.py:157} INFO - Started process (PID=42954) to work on /Users/asminsadykova/Desktop/h&m/.venv/lib/python3.9/site-packages/airflow/example_dags/example_subdag_operator.py
[2025-12-05T00:03:09.958+0600] {processor.py:829} INFO - Processing file /Users/asminsadykova/Desktop/h&m/.venv/lib/python3.9/site-packages/airflow/example_dags/example_subdag_operator.py for tasks to queue
[2025-12-05T00:03:09.959+0600] {logging_mixin.py:154} INFO - [2025-12-05T00:03:09.959+0600] {dagbag.py:536} INFO - Filling up the DagBag from /Users/asminsadykova/Desktop/h&m/.venv/lib/python3.9/site-packages/airflow/example_dags/example_subdag_operator.py
[2025-12-05T00:03:10.020+0600] {processor.py:839} INFO - DAG(s) dict_keys(['example_subdag_operator.section-1', 'example_subdag_operator.section-2', 'example_subdag_operator']) retrieved from /Users/asminsadykova/Desktop/h&m/.venv/lib/python3.9/site-packages/airflow/example_dags/example_subdag_operator.py
[2025-12-05T00:03:10.049+0600] {logging_mixin.py:154} INFO - [2025-12-05T00:03:10.048+0600] {dag.py:2941} INFO - Sync 3 DAGs
[2025-12-05T00:03:10.055+0600] {logging_mixin.py:154} INFO - [2025-12-05T00:03:10.055+0600] {dag.py:3722} INFO - Setting next_dagrun for example_subdag_operator to 2022-01-01T00:00:00+00:00, run_after=2022-01-01T00:00:00+00:00
[2025-12-05T00:03:10.056+0600] {logging_mixin.py:154} INFO - [2025-12-05T00:03:10.056+0600] {dag.py:3722} INFO - Setting next_dagrun for example_subdag_operator.section-1 to None, run_after=None
[2025-12-05T00:03:10.056+0600] {logging_mixin.py:154} INFO - [2025-12-05T00:03:10.056+0600] {dag.py:3722} INFO - Setting next_dagrun for example_subdag_operator.section-2 to None, run_after=None
[2025-12-05T00:03:10.058+0600] {logging_mixin.py:154} INFO - [2025-12-05T00:03:10.058+0600] {dag.py:2941} INFO - Sync 2 DAGs
[2025-12-05T00:03:10.060+0600] {logging_mixin.py:154} INFO - [2025-12-05T00:03:10.059+0600] {dag.py:3722} INFO - Setting next_dagrun for example_subdag_operator.section-1 to None, run_after=None
[2025-12-05T00:03:10.060+0600] {logging_mixin.py:154} INFO - [2025-12-05T00:03:10.060+0600] {dag.py:3722} INFO - Setting next_dagrun for example_subdag_operator.section-2 to None, run_after=None
[2025-12-05T00:03:10.065+0600] {processor.py:179} INFO - Processing /Users/asminsadykova/Desktop/h&m/.venv/lib/python3.9/site-packages/airflow/example_dags/example_subdag_operator.py took 0.109 seconds
[2025-12-05T00:04:42.234+0600] {processor.py:157} INFO - Started process (PID=43170) to work on /Users/asminsadykova/Desktop/h&m/.venv/lib/python3.9/site-packages/airflow/example_dags/example_subdag_operator.py
[2025-12-05T00:04:42.236+0600] {processor.py:829} INFO - Processing file /Users/asminsadykova/Desktop/h&m/.venv/lib/python3.9/site-packages/airflow/example_dags/example_subdag_operator.py for tasks to queue
[2025-12-05T00:04:42.236+0600] {logging_mixin.py:154} INFO - [2025-12-05T00:04:42.236+0600] {dagbag.py:536} INFO - Filling up the DagBag from /Users/asminsadykova/Desktop/h&m/.venv/lib/python3.9/site-packages/airflow/example_dags/example_subdag_operator.py
[2025-12-05T00:04:42.301+0600] {processor.py:839} INFO - DAG(s) dict_keys(['example_subdag_operator.section-1', 'example_subdag_operator.section-2', 'example_subdag_operator']) retrieved from /Users/asminsadykova/Desktop/h&m/.venv/lib/python3.9/site-packages/airflow/example_dags/example_subdag_operator.py
[2025-12-05T00:04:42.332+0600] {logging_mixin.py:154} INFO - [2025-12-05T00:04:42.331+0600] {dag.py:2941} INFO - Sync 3 DAGs
[2025-12-05T00:04:42.338+0600] {logging_mixin.py:154} INFO - [2025-12-05T00:04:42.338+0600] {dag.py:3722} INFO - Setting next_dagrun for example_subdag_operator to 2022-01-01T00:00:00+00:00, run_after=2022-01-01T00:00:00+00:00
[2025-12-05T00:04:42.339+0600] {logging_mixin.py:154} INFO - [2025-12-05T00:04:42.339+0600] {dag.py:3722} INFO - Setting next_dagrun for example_subdag_operator.section-1 to None, run_after=None
[2025-12-05T00:04:42.340+0600] {logging_mixin.py:154} INFO - [2025-12-05T00:04:42.340+0600] {dag.py:3722} INFO - Setting next_dagrun for example_subdag_operator.section-2 to None, run_after=None
[2025-12-05T00:04:42.342+0600] {logging_mixin.py:154} INFO - [2025-12-05T00:04:42.342+0600] {dag.py:2941} INFO - Sync 2 DAGs
[2025-12-05T00:04:42.343+0600] {logging_mixin.py:154} INFO - [2025-12-05T00:04:42.343+0600] {dag.py:3722} INFO - Setting next_dagrun for example_subdag_operator.section-1 to None, run_after=None
[2025-12-05T00:04:42.343+0600] {logging_mixin.py:154} INFO - [2025-12-05T00:04:42.343+0600] {dag.py:3722} INFO - Setting next_dagrun for example_subdag_operator.section-2 to None, run_after=None
[2025-12-05T00:04:42.349+0600] {processor.py:179} INFO - Processing /Users/asminsadykova/Desktop/h&m/.venv/lib/python3.9/site-packages/airflow/example_dags/example_subdag_operator.py took 0.116 seconds
[2025-12-05T00:06:16.533+0600] {processor.py:157} INFO - Started process (PID=43345) to work on /Users/asminsadykova/Desktop/h&m/.venv/lib/python3.9/site-packages/airflow/example_dags/example_subdag_operator.py
[2025-12-05T00:06:16.535+0600] {processor.py:829} INFO - Processing file /Users/asminsadykova/Desktop/h&m/.venv/lib/python3.9/site-packages/airflow/example_dags/example_subdag_operator.py for tasks to queue
[2025-12-05T00:06:16.535+0600] {logging_mixin.py:154} INFO - [2025-12-05T00:06:16.535+0600] {dagbag.py:536} INFO - Filling up the DagBag from /Users/asminsadykova/Desktop/h&m/.venv/lib/python3.9/site-packages/airflow/example_dags/example_subdag_operator.py
[2025-12-05T00:06:16.646+0600] {processor.py:839} INFO - DAG(s) dict_keys(['example_subdag_operator.section-1', 'example_subdag_operator.section-2', 'example_subdag_operator']) retrieved from /Users/asminsadykova/Desktop/h&m/.venv/lib/python3.9/site-packages/airflow/example_dags/example_subdag_operator.py
[2025-12-05T00:06:16.684+0600] {logging_mixin.py:154} INFO - [2025-12-05T00:06:16.684+0600] {dag.py:2941} INFO - Sync 3 DAGs
[2025-12-05T00:06:16.692+0600] {logging_mixin.py:154} INFO - [2025-12-05T00:06:16.692+0600] {dag.py:3722} INFO - Setting next_dagrun for example_subdag_operator to 2022-01-01T00:00:00+00:00, run_after=2022-01-01T00:00:00+00:00
[2025-12-05T00:06:16.693+0600] {logging_mixin.py:154} INFO - [2025-12-05T00:06:16.693+0600] {dag.py:3722} INFO - Setting next_dagrun for example_subdag_operator.section-1 to None, run_after=None
[2025-12-05T00:06:16.694+0600] {logging_mixin.py:154} INFO - [2025-12-05T00:06:16.693+0600] {dag.py:3722} INFO - Setting next_dagrun for example_subdag_operator.section-2 to None, run_after=None
[2025-12-05T00:06:16.696+0600] {logging_mixin.py:154} INFO - [2025-12-05T00:06:16.696+0600] {dag.py:2941} INFO - Sync 2 DAGs
[2025-12-05T00:06:16.699+0600] {logging_mixin.py:154} INFO - [2025-12-05T00:06:16.698+0600] {dag.py:3722} INFO - Setting next_dagrun for example_subdag_operator.section-1 to None, run_after=None
[2025-12-05T00:06:16.699+0600] {logging_mixin.py:154} INFO - [2025-12-05T00:06:16.699+0600] {dag.py:3722} INFO - Setting next_dagrun for example_subdag_operator.section-2 to None, run_after=None
[2025-12-05T00:06:16.707+0600] {processor.py:179} INFO - Processing /Users/asminsadykova/Desktop/h&m/.venv/lib/python3.9/site-packages/airflow/example_dags/example_subdag_operator.py took 0.174 seconds
[2025-12-05T00:07:40.024+0600] {processor.py:157} INFO - Started process (PID=43493) to work on /Users/asminsadykova/Desktop/h&m/.venv/lib/python3.9/site-packages/airflow/example_dags/example_subdag_operator.py
[2025-12-05T00:07:40.026+0600] {processor.py:829} INFO - Processing file /Users/asminsadykova/Desktop/h&m/.venv/lib/python3.9/site-packages/airflow/example_dags/example_subdag_operator.py for tasks to queue
[2025-12-05T00:07:40.026+0600] {logging_mixin.py:154} INFO - [2025-12-05T00:07:40.026+0600] {dagbag.py:536} INFO - Filling up the DagBag from /Users/asminsadykova/Desktop/h&m/.venv/lib/python3.9/site-packages/airflow/example_dags/example_subdag_operator.py
[2025-12-05T00:07:40.091+0600] {processor.py:839} INFO - DAG(s) dict_keys(['example_subdag_operator.section-1', 'example_subdag_operator.section-2', 'example_subdag_operator']) retrieved from /Users/asminsadykova/Desktop/h&m/.venv/lib/python3.9/site-packages/airflow/example_dags/example_subdag_operator.py
[2025-12-05T00:07:40.120+0600] {logging_mixin.py:154} INFO - [2025-12-05T00:07:40.120+0600] {dag.py:2941} INFO - Sync 3 DAGs
[2025-12-05T00:07:40.126+0600] {logging_mixin.py:154} INFO - [2025-12-05T00:07:40.126+0600] {dag.py:3722} INFO - Setting next_dagrun for example_subdag_operator to 2022-01-01T00:00:00+00:00, run_after=2022-01-01T00:00:00+00:00
[2025-12-05T00:07:40.127+0600] {logging_mixin.py:154} INFO - [2025-12-05T00:07:40.127+0600] {dag.py:3722} INFO - Setting next_dagrun for example_subdag_operator.section-1 to None, run_after=None
[2025-12-05T00:07:40.128+0600] {logging_mixin.py:154} INFO - [2025-12-05T00:07:40.127+0600] {dag.py:3722} INFO - Setting next_dagrun for example_subdag_operator.section-2 to None, run_after=None
[2025-12-05T00:07:40.130+0600] {logging_mixin.py:154} INFO - [2025-12-05T00:07:40.130+0600] {dag.py:2941} INFO - Sync 2 DAGs
[2025-12-05T00:07:40.131+0600] {logging_mixin.py:154} INFO - [2025-12-05T00:07:40.131+0600] {dag.py:3722} INFO - Setting next_dagrun for example_subdag_operator.section-1 to None, run_after=None
[2025-12-05T00:07:40.131+0600] {logging_mixin.py:154} INFO - [2025-12-05T00:07:40.131+0600] {dag.py:3722} INFO - Setting next_dagrun for example_subdag_operator.section-2 to None, run_after=None
[2025-12-05T00:07:40.136+0600] {processor.py:179} INFO - Processing /Users/asminsadykova/Desktop/h&m/.venv/lib/python3.9/site-packages/airflow/example_dags/example_subdag_operator.py took 0.113 seconds
[2025-12-05T00:09:09.997+0600] {processor.py:157} INFO - Started process (PID=43640) to work on /Users/asminsadykova/Desktop/h&m/.venv/lib/python3.9/site-packages/airflow/example_dags/example_subdag_operator.py
[2025-12-05T00:09:09.998+0600] {processor.py:829} INFO - Processing file /Users/asminsadykova/Desktop/h&m/.venv/lib/python3.9/site-packages/airflow/example_dags/example_subdag_operator.py for tasks to queue
[2025-12-05T00:09:09.998+0600] {logging_mixin.py:154} INFO - [2025-12-05T00:09:09.998+0600] {dagbag.py:536} INFO - Filling up the DagBag from /Users/asminsadykova/Desktop/h&m/.venv/lib/python3.9/site-packages/airflow/example_dags/example_subdag_operator.py
[2025-12-05T00:09:10.068+0600] {processor.py:839} INFO - DAG(s) dict_keys(['example_subdag_operator.section-1', 'example_subdag_operator.section-2', 'example_subdag_operator']) retrieved from /Users/asminsadykova/Desktop/h&m/.venv/lib/python3.9/site-packages/airflow/example_dags/example_subdag_operator.py
[2025-12-05T00:09:10.099+0600] {logging_mixin.py:154} INFO - [2025-12-05T00:09:10.098+0600] {dag.py:2941} INFO - Sync 3 DAGs
[2025-12-05T00:09:10.105+0600] {logging_mixin.py:154} INFO - [2025-12-05T00:09:10.105+0600] {dag.py:3722} INFO - Setting next_dagrun for example_subdag_operator to 2022-01-01T00:00:00+00:00, run_after=2022-01-01T00:00:00+00:00
[2025-12-05T00:09:10.107+0600] {logging_mixin.py:154} INFO - [2025-12-05T00:09:10.107+0600] {dag.py:3722} INFO - Setting next_dagrun for example_subdag_operator.section-1 to None, run_after=None
[2025-12-05T00:09:10.107+0600] {logging_mixin.py:154} INFO - [2025-12-05T00:09:10.107+0600] {dag.py:3722} INFO - Setting next_dagrun for example_subdag_operator.section-2 to None, run_after=None
[2025-12-05T00:09:10.110+0600] {logging_mixin.py:154} INFO - [2025-12-05T00:09:10.110+0600] {dag.py:2941} INFO - Sync 2 DAGs
[2025-12-05T00:09:10.112+0600] {logging_mixin.py:154} INFO - [2025-12-05T00:09:10.112+0600] {dag.py:3722} INFO - Setting next_dagrun for example_subdag_operator.section-1 to None, run_after=None
[2025-12-05T00:09:10.112+0600] {logging_mixin.py:154} INFO - [2025-12-05T00:09:10.112+0600] {dag.py:3722} INFO - Setting next_dagrun for example_subdag_operator.section-2 to None, run_after=None
[2025-12-05T00:09:10.119+0600] {processor.py:179} INFO - Processing /Users/asminsadykova/Desktop/h&m/.venv/lib/python3.9/site-packages/airflow/example_dags/example_subdag_operator.py took 0.123 seconds
[2025-12-05T00:10:47.998+0600] {processor.py:157} INFO - Started process (PID=43807) to work on /Users/asminsadykova/Desktop/h&m/.venv/lib/python3.9/site-packages/airflow/example_dags/example_subdag_operator.py
[2025-12-05T00:10:48.000+0600] {processor.py:829} INFO - Processing file /Users/asminsadykova/Desktop/h&m/.venv/lib/python3.9/site-packages/airflow/example_dags/example_subdag_operator.py for tasks to queue
[2025-12-05T00:10:48.000+0600] {logging_mixin.py:154} INFO - [2025-12-05T00:10:48.000+0600] {dagbag.py:536} INFO - Filling up the DagBag from /Users/asminsadykova/Desktop/h&m/.venv/lib/python3.9/site-packages/airflow/example_dags/example_subdag_operator.py
[2025-12-05T00:10:48.064+0600] {processor.py:839} INFO - DAG(s) dict_keys(['example_subdag_operator.section-1', 'example_subdag_operator.section-2', 'example_subdag_operator']) retrieved from /Users/asminsadykova/Desktop/h&m/.venv/lib/python3.9/site-packages/airflow/example_dags/example_subdag_operator.py
[2025-12-05T00:10:48.094+0600] {logging_mixin.py:154} INFO - [2025-12-05T00:10:48.093+0600] {dag.py:2941} INFO - Sync 3 DAGs
[2025-12-05T00:10:48.100+0600] {logging_mixin.py:154} INFO - [2025-12-05T00:10:48.100+0600] {dag.py:3722} INFO - Setting next_dagrun for example_subdag_operator to 2022-01-01T00:00:00+00:00, run_after=2022-01-01T00:00:00+00:00
[2025-12-05T00:10:48.101+0600] {logging_mixin.py:154} INFO - [2025-12-05T00:10:48.101+0600] {dag.py:3722} INFO - Setting next_dagrun for example_subdag_operator.section-1 to None, run_after=None
[2025-12-05T00:10:48.101+0600] {logging_mixin.py:154} INFO - [2025-12-05T00:10:48.101+0600] {dag.py:3722} INFO - Setting next_dagrun for example_subdag_operator.section-2 to None, run_after=None
[2025-12-05T00:10:48.103+0600] {logging_mixin.py:154} INFO - [2025-12-05T00:10:48.103+0600] {dag.py:2941} INFO - Sync 2 DAGs
[2025-12-05T00:10:48.105+0600] {logging_mixin.py:154} INFO - [2025-12-05T00:10:48.105+0600] {dag.py:3722} INFO - Setting next_dagrun for example_subdag_operator.section-1 to None, run_after=None
[2025-12-05T00:10:48.105+0600] {logging_mixin.py:154} INFO - [2025-12-05T00:10:48.105+0600] {dag.py:3722} INFO - Setting next_dagrun for example_subdag_operator.section-2 to None, run_after=None
[2025-12-05T00:10:48.111+0600] {processor.py:179} INFO - Processing /Users/asminsadykova/Desktop/h&m/.venv/lib/python3.9/site-packages/airflow/example_dags/example_subdag_operator.py took 0.114 seconds
[2025-12-05T00:12:18.347+0600] {processor.py:157} INFO - Started process (PID=43969) to work on /Users/asminsadykova/Desktop/h&m/.venv/lib/python3.9/site-packages/airflow/example_dags/example_subdag_operator.py
[2025-12-05T00:12:18.348+0600] {processor.py:829} INFO - Processing file /Users/asminsadykova/Desktop/h&m/.venv/lib/python3.9/site-packages/airflow/example_dags/example_subdag_operator.py for tasks to queue
[2025-12-05T00:12:18.348+0600] {logging_mixin.py:154} INFO - [2025-12-05T00:12:18.348+0600] {dagbag.py:536} INFO - Filling up the DagBag from /Users/asminsadykova/Desktop/h&m/.venv/lib/python3.9/site-packages/airflow/example_dags/example_subdag_operator.py
[2025-12-05T00:12:18.410+0600] {processor.py:839} INFO - DAG(s) dict_keys(['example_subdag_operator.section-1', 'example_subdag_operator.section-2', 'example_subdag_operator']) retrieved from /Users/asminsadykova/Desktop/h&m/.venv/lib/python3.9/site-packages/airflow/example_dags/example_subdag_operator.py
[2025-12-05T00:12:18.440+0600] {logging_mixin.py:154} INFO - [2025-12-05T00:12:18.440+0600] {dag.py:2941} INFO - Sync 3 DAGs
[2025-12-05T00:12:18.446+0600] {logging_mixin.py:154} INFO - [2025-12-05T00:12:18.446+0600] {dag.py:3722} INFO - Setting next_dagrun for example_subdag_operator to 2022-01-01T00:00:00+00:00, run_after=2022-01-01T00:00:00+00:00
[2025-12-05T00:12:18.448+0600] {logging_mixin.py:154} INFO - [2025-12-05T00:12:18.448+0600] {dag.py:3722} INFO - Setting next_dagrun for example_subdag_operator.section-1 to None, run_after=None
[2025-12-05T00:12:18.448+0600] {logging_mixin.py:154} INFO - [2025-12-05T00:12:18.448+0600] {dag.py:3722} INFO - Setting next_dagrun for example_subdag_operator.section-2 to None, run_after=None
[2025-12-05T00:12:18.450+0600] {logging_mixin.py:154} INFO - [2025-12-05T00:12:18.450+0600] {dag.py:2941} INFO - Sync 2 DAGs
[2025-12-05T00:12:18.451+0600] {logging_mixin.py:154} INFO - [2025-12-05T00:12:18.451+0600] {dag.py:3722} INFO - Setting next_dagrun for example_subdag_operator.section-1 to None, run_after=None
[2025-12-05T00:12:18.451+0600] {logging_mixin.py:154} INFO - [2025-12-05T00:12:18.451+0600] {dag.py:3722} INFO - Setting next_dagrun for example_subdag_operator.section-2 to None, run_after=None
[2025-12-05T00:12:18.457+0600] {processor.py:179} INFO - Processing /Users/asminsadykova/Desktop/h&m/.venv/lib/python3.9/site-packages/airflow/example_dags/example_subdag_operator.py took 0.111 seconds
