[2025-12-04T23:17:44.535+0600] {processor.py:157} INFO - Started process (PID=38920) to work on /Users/asminsadykova/Desktop/h&m/.venv/lib/python3.9/site-packages/airflow/example_dags/example_task_group_decorator.py
[2025-12-04T23:17:44.535+0600] {processor.py:829} INFO - Processing file /Users/asminsadykova/Desktop/h&m/.venv/lib/python3.9/site-packages/airflow/example_dags/example_task_group_decorator.py for tasks to queue
[2025-12-04T23:17:44.536+0600] {logging_mixin.py:154} INFO - [2025-12-04T23:17:44.536+0600] {dagbag.py:536} INFO - Filling up the DagBag from /Users/asminsadykova/Desktop/h&m/.venv/lib/python3.9/site-packages/airflow/example_dags/example_task_group_decorator.py
[2025-12-04T23:17:44.572+0600] {processor.py:839} INFO - DAG(s) dict_keys(['example_task_group_decorator']) retrieved from /Users/asminsadykova/Desktop/h&m/.venv/lib/python3.9/site-packages/airflow/example_dags/example_task_group_decorator.py
[2025-12-04T23:17:44.841+0600] {logging_mixin.py:154} INFO - [2025-12-04T23:17:44.841+0600] {manager.py:499} INFO - Created Permission View: %s
[2025-12-04T23:17:44.844+0600] {logging_mixin.py:154} INFO - [2025-12-04T23:17:44.844+0600] {manager.py:499} INFO - Created Permission View: %s
[2025-12-04T23:17:44.846+0600] {logging_mixin.py:154} INFO - [2025-12-04T23:17:44.846+0600] {manager.py:499} INFO - Created Permission View: %s
[2025-12-04T23:17:44.846+0600] {logging_mixin.py:154} INFO - [2025-12-04T23:17:44.846+0600] {dag.py:2941} INFO - Sync 1 DAGs
[2025-12-04T23:17:44.850+0600] {logging_mixin.py:154} INFO - [2025-12-04T23:17:44.850+0600] {dag.py:2963} INFO - Creating ORM DAG for example_task_group_decorator
[2025-12-04T23:17:44.853+0600] {logging_mixin.py:154} INFO - [2025-12-04T23:17:44.853+0600] {dag.py:3722} INFO - Setting next_dagrun for example_task_group_decorator to 2025-12-03T17:17:44.853734+00:00, run_after=2025-12-04T17:17:44.853734+00:00
[2025-12-04T23:17:44.861+0600] {processor.py:179} INFO - Processing /Users/asminsadykova/Desktop/h&m/.venv/lib/python3.9/site-packages/airflow/example_dags/example_task_group_decorator.py took 0.327 seconds
[2025-12-04T23:19:03.571+0600] {processor.py:157} INFO - Started process (PID=39016) to work on /Users/asminsadykova/Desktop/h&m/.venv/lib/python3.9/site-packages/airflow/example_dags/example_task_group_decorator.py
[2025-12-04T23:19:03.572+0600] {processor.py:829} INFO - Processing file /Users/asminsadykova/Desktop/h&m/.venv/lib/python3.9/site-packages/airflow/example_dags/example_task_group_decorator.py for tasks to queue
[2025-12-04T23:19:03.572+0600] {logging_mixin.py:154} INFO - [2025-12-04T23:19:03.572+0600] {dagbag.py:536} INFO - Filling up the DagBag from /Users/asminsadykova/Desktop/h&m/.venv/lib/python3.9/site-packages/airflow/example_dags/example_task_group_decorator.py
[2025-12-04T23:19:03.603+0600] {processor.py:839} INFO - DAG(s) dict_keys(['example_task_group_decorator']) retrieved from /Users/asminsadykova/Desktop/h&m/.venv/lib/python3.9/site-packages/airflow/example_dags/example_task_group_decorator.py
[2025-12-04T23:19:03.674+0600] {logging_mixin.py:154} INFO - [2025-12-04T23:19:03.674+0600] {dag.py:2941} INFO - Sync 1 DAGs
[2025-12-04T23:19:03.681+0600] {logging_mixin.py:154} INFO - [2025-12-04T23:19:03.681+0600] {dag.py:3722} INFO - Setting next_dagrun for example_task_group_decorator to 2025-12-03T17:19:03.681558+00:00, run_after=2025-12-04T17:19:03.681558+00:00
[2025-12-04T23:19:03.689+0600] {processor.py:179} INFO - Processing /Users/asminsadykova/Desktop/h&m/.venv/lib/python3.9/site-packages/airflow/example_dags/example_task_group_decorator.py took 0.118 seconds
[2025-12-04T23:20:29.986+0600] {processor.py:157} INFO - Started process (PID=39121) to work on /Users/asminsadykova/Desktop/h&m/.venv/lib/python3.9/site-packages/airflow/example_dags/example_task_group_decorator.py
[2025-12-04T23:20:29.987+0600] {processor.py:829} INFO - Processing file /Users/asminsadykova/Desktop/h&m/.venv/lib/python3.9/site-packages/airflow/example_dags/example_task_group_decorator.py for tasks to queue
[2025-12-04T23:20:29.987+0600] {logging_mixin.py:154} INFO - [2025-12-04T23:20:29.987+0600] {dagbag.py:536} INFO - Filling up the DagBag from /Users/asminsadykova/Desktop/h&m/.venv/lib/python3.9/site-packages/airflow/example_dags/example_task_group_decorator.py
[2025-12-04T23:20:30.016+0600] {processor.py:839} INFO - DAG(s) dict_keys(['example_task_group_decorator']) retrieved from /Users/asminsadykova/Desktop/h&m/.venv/lib/python3.9/site-packages/airflow/example_dags/example_task_group_decorator.py
[2025-12-04T23:20:30.094+0600] {logging_mixin.py:154} INFO - [2025-12-04T23:20:30.093+0600] {dag.py:2941} INFO - Sync 1 DAGs
[2025-12-04T23:20:30.100+0600] {logging_mixin.py:154} INFO - [2025-12-04T23:20:30.100+0600] {dag.py:3722} INFO - Setting next_dagrun for example_task_group_decorator to 2025-12-03T17:20:30.100757+00:00, run_after=2025-12-04T17:20:30.100757+00:00
[2025-12-04T23:20:30.111+0600] {processor.py:179} INFO - Processing /Users/asminsadykova/Desktop/h&m/.venv/lib/python3.9/site-packages/airflow/example_dags/example_task_group_decorator.py took 0.126 seconds
[2025-12-04T23:21:56.142+0600] {processor.py:157} INFO - Started process (PID=39224) to work on /Users/asminsadykova/Desktop/h&m/.venv/lib/python3.9/site-packages/airflow/example_dags/example_task_group_decorator.py
[2025-12-04T23:21:56.147+0600] {processor.py:829} INFO - Processing file /Users/asminsadykova/Desktop/h&m/.venv/lib/python3.9/site-packages/airflow/example_dags/example_task_group_decorator.py for tasks to queue
[2025-12-04T23:21:56.148+0600] {logging_mixin.py:154} INFO - [2025-12-04T23:21:56.147+0600] {dagbag.py:536} INFO - Filling up the DagBag from /Users/asminsadykova/Desktop/h&m/.venv/lib/python3.9/site-packages/airflow/example_dags/example_task_group_decorator.py
[2025-12-04T23:21:56.172+0600] {processor.py:839} INFO - DAG(s) dict_keys(['example_task_group_decorator']) retrieved from /Users/asminsadykova/Desktop/h&m/.venv/lib/python3.9/site-packages/airflow/example_dags/example_task_group_decorator.py
[2025-12-04T23:21:56.251+0600] {logging_mixin.py:154} INFO - [2025-12-04T23:21:56.251+0600] {dag.py:2941} INFO - Sync 1 DAGs
[2025-12-04T23:21:56.258+0600] {logging_mixin.py:154} INFO - [2025-12-04T23:21:56.258+0600] {dag.py:3722} INFO - Setting next_dagrun for example_task_group_decorator to 2025-12-03T17:21:56.258483+00:00, run_after=2025-12-04T17:21:56.258483+00:00
[2025-12-04T23:21:56.268+0600] {processor.py:179} INFO - Processing /Users/asminsadykova/Desktop/h&m/.venv/lib/python3.9/site-packages/airflow/example_dags/example_task_group_decorator.py took 0.127 seconds
[2025-12-04T23:23:25.594+0600] {processor.py:157} INFO - Started process (PID=39302) to work on /Users/asminsadykova/Desktop/h&m/.venv/lib/python3.9/site-packages/airflow/example_dags/example_task_group_decorator.py
[2025-12-04T23:23:25.595+0600] {processor.py:829} INFO - Processing file /Users/asminsadykova/Desktop/h&m/.venv/lib/python3.9/site-packages/airflow/example_dags/example_task_group_decorator.py for tasks to queue
[2025-12-04T23:23:25.595+0600] {logging_mixin.py:154} INFO - [2025-12-04T23:23:25.595+0600] {dagbag.py:536} INFO - Filling up the DagBag from /Users/asminsadykova/Desktop/h&m/.venv/lib/python3.9/site-packages/airflow/example_dags/example_task_group_decorator.py
[2025-12-04T23:23:25.620+0600] {processor.py:839} INFO - DAG(s) dict_keys(['example_task_group_decorator']) retrieved from /Users/asminsadykova/Desktop/h&m/.venv/lib/python3.9/site-packages/airflow/example_dags/example_task_group_decorator.py
[2025-12-04T23:23:25.688+0600] {logging_mixin.py:154} INFO - [2025-12-04T23:23:25.688+0600] {dag.py:2941} INFO - Sync 1 DAGs
[2025-12-04T23:23:25.695+0600] {logging_mixin.py:154} INFO - [2025-12-04T23:23:25.695+0600] {dag.py:3722} INFO - Setting next_dagrun for example_task_group_decorator to 2025-12-03T17:23:25.695167+00:00, run_after=2025-12-04T17:23:25.695167+00:00
[2025-12-04T23:23:25.704+0600] {processor.py:179} INFO - Processing /Users/asminsadykova/Desktop/h&m/.venv/lib/python3.9/site-packages/airflow/example_dags/example_task_group_decorator.py took 0.110 seconds
[2025-12-04T23:25:02.928+0600] {processor.py:157} INFO - Started process (PID=39500) to work on /Users/asminsadykova/Desktop/h&m/.venv/lib/python3.9/site-packages/airflow/example_dags/example_task_group_decorator.py
[2025-12-04T23:25:02.929+0600] {processor.py:829} INFO - Processing file /Users/asminsadykova/Desktop/h&m/.venv/lib/python3.9/site-packages/airflow/example_dags/example_task_group_decorator.py for tasks to queue
[2025-12-04T23:25:02.929+0600] {logging_mixin.py:154} INFO - [2025-12-04T23:25:02.929+0600] {dagbag.py:536} INFO - Filling up the DagBag from /Users/asminsadykova/Desktop/h&m/.venv/lib/python3.9/site-packages/airflow/example_dags/example_task_group_decorator.py
[2025-12-04T23:25:02.954+0600] {processor.py:839} INFO - DAG(s) dict_keys(['example_task_group_decorator']) retrieved from /Users/asminsadykova/Desktop/h&m/.venv/lib/python3.9/site-packages/airflow/example_dags/example_task_group_decorator.py
[2025-12-04T23:25:03.023+0600] {logging_mixin.py:154} INFO - [2025-12-04T23:25:03.023+0600] {dag.py:2941} INFO - Sync 1 DAGs
[2025-12-04T23:25:03.029+0600] {logging_mixin.py:154} INFO - [2025-12-04T23:25:03.029+0600] {dag.py:3722} INFO - Setting next_dagrun for example_task_group_decorator to 2025-12-03T17:25:03.029878+00:00, run_after=2025-12-04T17:25:03.029878+00:00
[2025-12-04T23:25:03.037+0600] {processor.py:179} INFO - Processing /Users/asminsadykova/Desktop/h&m/.venv/lib/python3.9/site-packages/airflow/example_dags/example_task_group_decorator.py took 0.109 seconds
[2025-12-04T23:26:36.770+0600] {processor.py:157} INFO - Started process (PID=39599) to work on /Users/asminsadykova/Desktop/h&m/.venv/lib/python3.9/site-packages/airflow/example_dags/example_task_group_decorator.py
[2025-12-04T23:26:36.771+0600] {processor.py:829} INFO - Processing file /Users/asminsadykova/Desktop/h&m/.venv/lib/python3.9/site-packages/airflow/example_dags/example_task_group_decorator.py for tasks to queue
[2025-12-04T23:26:36.771+0600] {logging_mixin.py:154} INFO - [2025-12-04T23:26:36.771+0600] {dagbag.py:536} INFO - Filling up the DagBag from /Users/asminsadykova/Desktop/h&m/.venv/lib/python3.9/site-packages/airflow/example_dags/example_task_group_decorator.py
[2025-12-04T23:26:36.797+0600] {processor.py:839} INFO - DAG(s) dict_keys(['example_task_group_decorator']) retrieved from /Users/asminsadykova/Desktop/h&m/.venv/lib/python3.9/site-packages/airflow/example_dags/example_task_group_decorator.py
[2025-12-04T23:26:36.869+0600] {logging_mixin.py:154} INFO - [2025-12-04T23:26:36.869+0600] {dag.py:2941} INFO - Sync 1 DAGs
[2025-12-04T23:26:36.876+0600] {logging_mixin.py:154} INFO - [2025-12-04T23:26:36.876+0600] {dag.py:3722} INFO - Setting next_dagrun for example_task_group_decorator to 2025-12-03T17:26:36.876286+00:00, run_after=2025-12-04T17:26:36.876286+00:00
[2025-12-04T23:26:36.884+0600] {processor.py:179} INFO - Processing /Users/asminsadykova/Desktop/h&m/.venv/lib/python3.9/site-packages/airflow/example_dags/example_task_group_decorator.py took 0.114 seconds
[2025-12-04T23:28:10.049+0600] {processor.py:157} INFO - Started process (PID=39699) to work on /Users/asminsadykova/Desktop/h&m/.venv/lib/python3.9/site-packages/airflow/example_dags/example_task_group_decorator.py
[2025-12-04T23:28:10.050+0600] {processor.py:829} INFO - Processing file /Users/asminsadykova/Desktop/h&m/.venv/lib/python3.9/site-packages/airflow/example_dags/example_task_group_decorator.py for tasks to queue
[2025-12-04T23:28:10.050+0600] {logging_mixin.py:154} INFO - [2025-12-04T23:28:10.050+0600] {dagbag.py:536} INFO - Filling up the DagBag from /Users/asminsadykova/Desktop/h&m/.venv/lib/python3.9/site-packages/airflow/example_dags/example_task_group_decorator.py
[2025-12-04T23:28:10.074+0600] {processor.py:839} INFO - DAG(s) dict_keys(['example_task_group_decorator']) retrieved from /Users/asminsadykova/Desktop/h&m/.venv/lib/python3.9/site-packages/airflow/example_dags/example_task_group_decorator.py
[2025-12-04T23:28:10.144+0600] {logging_mixin.py:154} INFO - [2025-12-04T23:28:10.144+0600] {dag.py:2941} INFO - Sync 1 DAGs
[2025-12-04T23:28:10.151+0600] {logging_mixin.py:154} INFO - [2025-12-04T23:28:10.151+0600] {dag.py:3722} INFO - Setting next_dagrun for example_task_group_decorator to 2025-12-03T17:28:10.151050+00:00, run_after=2025-12-04T17:28:10.151050+00:00
[2025-12-04T23:28:10.159+0600] {processor.py:179} INFO - Processing /Users/asminsadykova/Desktop/h&m/.venv/lib/python3.9/site-packages/airflow/example_dags/example_task_group_decorator.py took 0.110 seconds
[2025-12-04T23:29:34.492+0600] {processor.py:157} INFO - Started process (PID=39772) to work on /Users/asminsadykova/Desktop/h&m/.venv/lib/python3.9/site-packages/airflow/example_dags/example_task_group_decorator.py
[2025-12-04T23:29:34.492+0600] {processor.py:829} INFO - Processing file /Users/asminsadykova/Desktop/h&m/.venv/lib/python3.9/site-packages/airflow/example_dags/example_task_group_decorator.py for tasks to queue
[2025-12-04T23:29:34.492+0600] {logging_mixin.py:154} INFO - [2025-12-04T23:29:34.492+0600] {dagbag.py:536} INFO - Filling up the DagBag from /Users/asminsadykova/Desktop/h&m/.venv/lib/python3.9/site-packages/airflow/example_dags/example_task_group_decorator.py
[2025-12-04T23:29:34.517+0600] {processor.py:839} INFO - DAG(s) dict_keys(['example_task_group_decorator']) retrieved from /Users/asminsadykova/Desktop/h&m/.venv/lib/python3.9/site-packages/airflow/example_dags/example_task_group_decorator.py
[2025-12-04T23:29:34.586+0600] {logging_mixin.py:154} INFO - [2025-12-04T23:29:34.586+0600] {dag.py:2941} INFO - Sync 1 DAGs
[2025-12-04T23:29:34.593+0600] {logging_mixin.py:154} INFO - [2025-12-04T23:29:34.592+0600] {dag.py:3722} INFO - Setting next_dagrun for example_task_group_decorator to 2025-12-03T17:29:34.592887+00:00, run_after=2025-12-04T17:29:34.592887+00:00
[2025-12-04T23:29:34.600+0600] {processor.py:179} INFO - Processing /Users/asminsadykova/Desktop/h&m/.venv/lib/python3.9/site-packages/airflow/example_dags/example_task_group_decorator.py took 0.109 seconds
[2025-12-04T23:30:55.792+0600] {processor.py:157} INFO - Started process (PID=39842) to work on /Users/asminsadykova/Desktop/h&m/.venv/lib/python3.9/site-packages/airflow/example_dags/example_task_group_decorator.py
[2025-12-04T23:30:55.793+0600] {processor.py:829} INFO - Processing file /Users/asminsadykova/Desktop/h&m/.venv/lib/python3.9/site-packages/airflow/example_dags/example_task_group_decorator.py for tasks to queue
[2025-12-04T23:30:55.793+0600] {logging_mixin.py:154} INFO - [2025-12-04T23:30:55.793+0600] {dagbag.py:536} INFO - Filling up the DagBag from /Users/asminsadykova/Desktop/h&m/.venv/lib/python3.9/site-packages/airflow/example_dags/example_task_group_decorator.py
[2025-12-04T23:30:55.820+0600] {processor.py:839} INFO - DAG(s) dict_keys(['example_task_group_decorator']) retrieved from /Users/asminsadykova/Desktop/h&m/.venv/lib/python3.9/site-packages/airflow/example_dags/example_task_group_decorator.py
[2025-12-04T23:30:55.892+0600] {logging_mixin.py:154} INFO - [2025-12-04T23:30:55.892+0600] {dag.py:2941} INFO - Sync 1 DAGs
[2025-12-04T23:30:55.899+0600] {logging_mixin.py:154} INFO - [2025-12-04T23:30:55.899+0600] {dag.py:3722} INFO - Setting next_dagrun for example_task_group_decorator to 2025-12-03T17:30:55.899315+00:00, run_after=2025-12-04T17:30:55.899315+00:00
[2025-12-04T23:30:55.907+0600] {processor.py:179} INFO - Processing /Users/asminsadykova/Desktop/h&m/.venv/lib/python3.9/site-packages/airflow/example_dags/example_task_group_decorator.py took 0.115 seconds
[2025-12-04T23:32:24.377+0600] {processor.py:157} INFO - Started process (PID=40050) to work on /Users/asminsadykova/Desktop/h&m/.venv/lib/python3.9/site-packages/airflow/example_dags/example_task_group_decorator.py
[2025-12-04T23:32:24.378+0600] {processor.py:829} INFO - Processing file /Users/asminsadykova/Desktop/h&m/.venv/lib/python3.9/site-packages/airflow/example_dags/example_task_group_decorator.py for tasks to queue
[2025-12-04T23:32:24.378+0600] {logging_mixin.py:154} INFO - [2025-12-04T23:32:24.378+0600] {dagbag.py:536} INFO - Filling up the DagBag from /Users/asminsadykova/Desktop/h&m/.venv/lib/python3.9/site-packages/airflow/example_dags/example_task_group_decorator.py
[2025-12-04T23:32:24.403+0600] {processor.py:839} INFO - DAG(s) dict_keys(['example_task_group_decorator']) retrieved from /Users/asminsadykova/Desktop/h&m/.venv/lib/python3.9/site-packages/airflow/example_dags/example_task_group_decorator.py
[2025-12-04T23:32:24.473+0600] {logging_mixin.py:154} INFO - [2025-12-04T23:32:24.473+0600] {dag.py:2941} INFO - Sync 1 DAGs
[2025-12-04T23:32:24.481+0600] {logging_mixin.py:154} INFO - [2025-12-04T23:32:24.481+0600] {dag.py:3722} INFO - Setting next_dagrun for example_task_group_decorator to 2025-12-03T17:32:24.480934+00:00, run_after=2025-12-04T17:32:24.480934+00:00
[2025-12-04T23:32:24.509+0600] {processor.py:179} INFO - Processing /Users/asminsadykova/Desktop/h&m/.venv/lib/python3.9/site-packages/airflow/example_dags/example_task_group_decorator.py took 0.133 seconds
[2025-12-04T23:33:46.350+0600] {processor.py:157} INFO - Started process (PID=40136) to work on /Users/asminsadykova/Desktop/h&m/.venv/lib/python3.9/site-packages/airflow/example_dags/example_task_group_decorator.py
[2025-12-04T23:33:46.351+0600] {processor.py:829} INFO - Processing file /Users/asminsadykova/Desktop/h&m/.venv/lib/python3.9/site-packages/airflow/example_dags/example_task_group_decorator.py for tasks to queue
[2025-12-04T23:33:46.351+0600] {logging_mixin.py:154} INFO - [2025-12-04T23:33:46.351+0600] {dagbag.py:536} INFO - Filling up the DagBag from /Users/asminsadykova/Desktop/h&m/.venv/lib/python3.9/site-packages/airflow/example_dags/example_task_group_decorator.py
[2025-12-04T23:33:46.376+0600] {processor.py:839} INFO - DAG(s) dict_keys(['example_task_group_decorator']) retrieved from /Users/asminsadykova/Desktop/h&m/.venv/lib/python3.9/site-packages/airflow/example_dags/example_task_group_decorator.py
[2025-12-04T23:33:46.445+0600] {logging_mixin.py:154} INFO - [2025-12-04T23:33:46.445+0600] {dag.py:2941} INFO - Sync 1 DAGs
[2025-12-04T23:33:46.451+0600] {logging_mixin.py:154} INFO - [2025-12-04T23:33:46.451+0600] {dag.py:3722} INFO - Setting next_dagrun for example_task_group_decorator to 2025-12-03T17:33:46.451802+00:00, run_after=2025-12-04T17:33:46.451802+00:00
[2025-12-04T23:33:46.459+0600] {processor.py:179} INFO - Processing /Users/asminsadykova/Desktop/h&m/.venv/lib/python3.9/site-packages/airflow/example_dags/example_task_group_decorator.py took 0.110 seconds
[2025-12-04T23:35:19.081+0600] {processor.py:157} INFO - Started process (PID=40227) to work on /Users/asminsadykova/Desktop/h&m/.venv/lib/python3.9/site-packages/airflow/example_dags/example_task_group_decorator.py
[2025-12-04T23:35:19.083+0600] {processor.py:829} INFO - Processing file /Users/asminsadykova/Desktop/h&m/.venv/lib/python3.9/site-packages/airflow/example_dags/example_task_group_decorator.py for tasks to queue
[2025-12-04T23:35:19.083+0600] {logging_mixin.py:154} INFO - [2025-12-04T23:35:19.083+0600] {dagbag.py:536} INFO - Filling up the DagBag from /Users/asminsadykova/Desktop/h&m/.venv/lib/python3.9/site-packages/airflow/example_dags/example_task_group_decorator.py
[2025-12-04T23:35:19.108+0600] {processor.py:839} INFO - DAG(s) dict_keys(['example_task_group_decorator']) retrieved from /Users/asminsadykova/Desktop/h&m/.venv/lib/python3.9/site-packages/airflow/example_dags/example_task_group_decorator.py
[2025-12-04T23:35:19.177+0600] {logging_mixin.py:154} INFO - [2025-12-04T23:35:19.176+0600] {dag.py:2941} INFO - Sync 1 DAGs
[2025-12-04T23:35:19.183+0600] {logging_mixin.py:154} INFO - [2025-12-04T23:35:19.183+0600] {dag.py:3722} INFO - Setting next_dagrun for example_task_group_decorator to 2025-12-03T17:35:19.183511+00:00, run_after=2025-12-04T17:35:19.183511+00:00
[2025-12-04T23:35:19.191+0600] {processor.py:179} INFO - Processing /Users/asminsadykova/Desktop/h&m/.venv/lib/python3.9/site-packages/airflow/example_dags/example_task_group_decorator.py took 0.111 seconds
[2025-12-04T23:36:56.128+0600] {processor.py:157} INFO - Started process (PID=40311) to work on /Users/asminsadykova/Desktop/h&m/.venv/lib/python3.9/site-packages/airflow/example_dags/example_task_group_decorator.py
[2025-12-04T23:36:56.128+0600] {processor.py:829} INFO - Processing file /Users/asminsadykova/Desktop/h&m/.venv/lib/python3.9/site-packages/airflow/example_dags/example_task_group_decorator.py for tasks to queue
[2025-12-04T23:36:56.129+0600] {logging_mixin.py:154} INFO - [2025-12-04T23:36:56.129+0600] {dagbag.py:536} INFO - Filling up the DagBag from /Users/asminsadykova/Desktop/h&m/.venv/lib/python3.9/site-packages/airflow/example_dags/example_task_group_decorator.py
[2025-12-04T23:36:56.171+0600] {processor.py:839} INFO - DAG(s) dict_keys(['example_task_group_decorator']) retrieved from /Users/asminsadykova/Desktop/h&m/.venv/lib/python3.9/site-packages/airflow/example_dags/example_task_group_decorator.py
[2025-12-04T23:36:56.248+0600] {logging_mixin.py:154} INFO - [2025-12-04T23:36:56.248+0600] {dag.py:2941} INFO - Sync 1 DAGs
[2025-12-04T23:36:56.254+0600] {logging_mixin.py:154} INFO - [2025-12-04T23:36:56.254+0600] {dag.py:3722} INFO - Setting next_dagrun for example_task_group_decorator to 2025-12-03T17:36:56.254826+00:00, run_after=2025-12-04T17:36:56.254826+00:00
[2025-12-04T23:36:56.263+0600] {processor.py:179} INFO - Processing /Users/asminsadykova/Desktop/h&m/.venv/lib/python3.9/site-packages/airflow/example_dags/example_task_group_decorator.py took 0.135 seconds
[2025-12-04T23:38:27.853+0600] {processor.py:157} INFO - Started process (PID=40403) to work on /Users/asminsadykova/Desktop/h&m/.venv/lib/python3.9/site-packages/airflow/example_dags/example_task_group_decorator.py
[2025-12-04T23:38:27.854+0600] {processor.py:829} INFO - Processing file /Users/asminsadykova/Desktop/h&m/.venv/lib/python3.9/site-packages/airflow/example_dags/example_task_group_decorator.py for tasks to queue
[2025-12-04T23:38:27.854+0600] {logging_mixin.py:154} INFO - [2025-12-04T23:38:27.854+0600] {dagbag.py:536} INFO - Filling up the DagBag from /Users/asminsadykova/Desktop/h&m/.venv/lib/python3.9/site-packages/airflow/example_dags/example_task_group_decorator.py
[2025-12-04T23:38:27.885+0600] {processor.py:839} INFO - DAG(s) dict_keys(['example_task_group_decorator']) retrieved from /Users/asminsadykova/Desktop/h&m/.venv/lib/python3.9/site-packages/airflow/example_dags/example_task_group_decorator.py
[2025-12-04T23:38:27.956+0600] {logging_mixin.py:154} INFO - [2025-12-04T23:38:27.956+0600] {dag.py:2941} INFO - Sync 1 DAGs
[2025-12-04T23:38:27.962+0600] {logging_mixin.py:154} INFO - [2025-12-04T23:38:27.962+0600] {dag.py:3722} INFO - Setting next_dagrun for example_task_group_decorator to 2025-12-03T17:38:27.962581+00:00, run_after=2025-12-04T17:38:27.962581+00:00
[2025-12-04T23:38:27.971+0600] {processor.py:179} INFO - Processing /Users/asminsadykova/Desktop/h&m/.venv/lib/python3.9/site-packages/airflow/example_dags/example_task_group_decorator.py took 0.118 seconds
[2025-12-04T23:40:00.654+0600] {processor.py:157} INFO - Started process (PID=40484) to work on /Users/asminsadykova/Desktop/h&m/.venv/lib/python3.9/site-packages/airflow/example_dags/example_task_group_decorator.py
[2025-12-04T23:40:00.655+0600] {processor.py:829} INFO - Processing file /Users/asminsadykova/Desktop/h&m/.venv/lib/python3.9/site-packages/airflow/example_dags/example_task_group_decorator.py for tasks to queue
[2025-12-04T23:40:00.655+0600] {logging_mixin.py:154} INFO - [2025-12-04T23:40:00.655+0600] {dagbag.py:536} INFO - Filling up the DagBag from /Users/asminsadykova/Desktop/h&m/.venv/lib/python3.9/site-packages/airflow/example_dags/example_task_group_decorator.py
[2025-12-04T23:40:00.680+0600] {processor.py:839} INFO - DAG(s) dict_keys(['example_task_group_decorator']) retrieved from /Users/asminsadykova/Desktop/h&m/.venv/lib/python3.9/site-packages/airflow/example_dags/example_task_group_decorator.py
[2025-12-04T23:40:00.749+0600] {logging_mixin.py:154} INFO - [2025-12-04T23:40:00.749+0600] {dag.py:2941} INFO - Sync 1 DAGs
[2025-12-04T23:40:00.756+0600] {logging_mixin.py:154} INFO - [2025-12-04T23:40:00.756+0600] {dag.py:3722} INFO - Setting next_dagrun for example_task_group_decorator to 2025-12-03T17:40:00.756284+00:00, run_after=2025-12-04T17:40:00.756284+00:00
[2025-12-04T23:40:00.764+0600] {processor.py:179} INFO - Processing /Users/asminsadykova/Desktop/h&m/.venv/lib/python3.9/site-packages/airflow/example_dags/example_task_group_decorator.py took 0.111 seconds
[2025-12-04T23:41:36.572+0600] {processor.py:157} INFO - Started process (PID=40618) to work on /Users/asminsadykova/Desktop/h&m/.venv/lib/python3.9/site-packages/airflow/example_dags/example_task_group_decorator.py
[2025-12-04T23:41:36.574+0600] {processor.py:829} INFO - Processing file /Users/asminsadykova/Desktop/h&m/.venv/lib/python3.9/site-packages/airflow/example_dags/example_task_group_decorator.py for tasks to queue
[2025-12-04T23:41:36.574+0600] {logging_mixin.py:154} INFO - [2025-12-04T23:41:36.574+0600] {dagbag.py:536} INFO - Filling up the DagBag from /Users/asminsadykova/Desktop/h&m/.venv/lib/python3.9/site-packages/airflow/example_dags/example_task_group_decorator.py
[2025-12-04T23:41:36.599+0600] {processor.py:839} INFO - DAG(s) dict_keys(['example_task_group_decorator']) retrieved from /Users/asminsadykova/Desktop/h&m/.venv/lib/python3.9/site-packages/airflow/example_dags/example_task_group_decorator.py
[2025-12-04T23:41:36.669+0600] {logging_mixin.py:154} INFO - [2025-12-04T23:41:36.669+0600] {dag.py:2941} INFO - Sync 1 DAGs
[2025-12-04T23:41:36.676+0600] {logging_mixin.py:154} INFO - [2025-12-04T23:41:36.676+0600] {dag.py:3722} INFO - Setting next_dagrun for example_task_group_decorator to 2025-12-03T17:41:36.676368+00:00, run_after=2025-12-04T17:41:36.676368+00:00
[2025-12-04T23:41:36.683+0600] {processor.py:179} INFO - Processing /Users/asminsadykova/Desktop/h&m/.venv/lib/python3.9/site-packages/airflow/example_dags/example_task_group_decorator.py took 0.111 seconds
[2025-12-04T23:43:05.708+0600] {processor.py:157} INFO - Started process (PID=40732) to work on /Users/asminsadykova/Desktop/h&m/.venv/lib/python3.9/site-packages/airflow/example_dags/example_task_group_decorator.py
[2025-12-04T23:43:05.709+0600] {processor.py:829} INFO - Processing file /Users/asminsadykova/Desktop/h&m/.venv/lib/python3.9/site-packages/airflow/example_dags/example_task_group_decorator.py for tasks to queue
[2025-12-04T23:43:05.709+0600] {logging_mixin.py:154} INFO - [2025-12-04T23:43:05.709+0600] {dagbag.py:536} INFO - Filling up the DagBag from /Users/asminsadykova/Desktop/h&m/.venv/lib/python3.9/site-packages/airflow/example_dags/example_task_group_decorator.py
[2025-12-04T23:43:05.735+0600] {processor.py:839} INFO - DAG(s) dict_keys(['example_task_group_decorator']) retrieved from /Users/asminsadykova/Desktop/h&m/.venv/lib/python3.9/site-packages/airflow/example_dags/example_task_group_decorator.py
[2025-12-04T23:43:05.807+0600] {logging_mixin.py:154} INFO - [2025-12-04T23:43:05.807+0600] {dag.py:2941} INFO - Sync 1 DAGs
[2025-12-04T23:43:05.814+0600] {logging_mixin.py:154} INFO - [2025-12-04T23:43:05.814+0600] {dag.py:3722} INFO - Setting next_dagrun for example_task_group_decorator to 2025-12-03T17:43:05.814554+00:00, run_after=2025-12-04T17:43:05.814554+00:00
[2025-12-04T23:43:05.823+0600] {processor.py:179} INFO - Processing /Users/asminsadykova/Desktop/h&m/.venv/lib/python3.9/site-packages/airflow/example_dags/example_task_group_decorator.py took 0.115 seconds
[2025-12-04T23:44:42.578+0600] {processor.py:157} INFO - Started process (PID=41044) to work on /Users/asminsadykova/Desktop/h&m/.venv/lib/python3.9/site-packages/airflow/example_dags/example_task_group_decorator.py
[2025-12-04T23:44:42.579+0600] {processor.py:829} INFO - Processing file /Users/asminsadykova/Desktop/h&m/.venv/lib/python3.9/site-packages/airflow/example_dags/example_task_group_decorator.py for tasks to queue
[2025-12-04T23:44:42.580+0600] {logging_mixin.py:154} INFO - [2025-12-04T23:44:42.579+0600] {dagbag.py:536} INFO - Filling up the DagBag from /Users/asminsadykova/Desktop/h&m/.venv/lib/python3.9/site-packages/airflow/example_dags/example_task_group_decorator.py
[2025-12-04T23:44:42.606+0600] {processor.py:839} INFO - DAG(s) dict_keys(['example_task_group_decorator']) retrieved from /Users/asminsadykova/Desktop/h&m/.venv/lib/python3.9/site-packages/airflow/example_dags/example_task_group_decorator.py
[2025-12-04T23:44:42.676+0600] {logging_mixin.py:154} INFO - [2025-12-04T23:44:42.676+0600] {dag.py:2941} INFO - Sync 1 DAGs
[2025-12-04T23:44:42.683+0600] {logging_mixin.py:154} INFO - [2025-12-04T23:44:42.683+0600] {dag.py:3722} INFO - Setting next_dagrun for example_task_group_decorator to 2025-12-03T17:44:42.683684+00:00, run_after=2025-12-04T17:44:42.683684+00:00
[2025-12-04T23:44:42.691+0600] {processor.py:179} INFO - Processing /Users/asminsadykova/Desktop/h&m/.venv/lib/python3.9/site-packages/airflow/example_dags/example_task_group_decorator.py took 0.114 seconds
[2025-12-04T23:46:18.596+0600] {processor.py:157} INFO - Started process (PID=41299) to work on /Users/asminsadykova/Desktop/h&m/.venv/lib/python3.9/site-packages/airflow/example_dags/example_task_group_decorator.py
[2025-12-04T23:46:18.598+0600] {processor.py:829} INFO - Processing file /Users/asminsadykova/Desktop/h&m/.venv/lib/python3.9/site-packages/airflow/example_dags/example_task_group_decorator.py for tasks to queue
[2025-12-04T23:46:18.598+0600] {logging_mixin.py:154} INFO - [2025-12-04T23:46:18.598+0600] {dagbag.py:536} INFO - Filling up the DagBag from /Users/asminsadykova/Desktop/h&m/.venv/lib/python3.9/site-packages/airflow/example_dags/example_task_group_decorator.py
[2025-12-04T23:46:18.627+0600] {processor.py:839} INFO - DAG(s) dict_keys(['example_task_group_decorator']) retrieved from /Users/asminsadykova/Desktop/h&m/.venv/lib/python3.9/site-packages/airflow/example_dags/example_task_group_decorator.py
[2025-12-04T23:46:18.708+0600] {logging_mixin.py:154} INFO - [2025-12-04T23:46:18.708+0600] {dag.py:2941} INFO - Sync 1 DAGs
[2025-12-04T23:46:18.715+0600] {logging_mixin.py:154} INFO - [2025-12-04T23:46:18.715+0600] {dag.py:3722} INFO - Setting next_dagrun for example_task_group_decorator to 2025-12-03T17:46:18.715356+00:00, run_after=2025-12-04T17:46:18.715356+00:00
[2025-12-04T23:46:18.725+0600] {processor.py:179} INFO - Processing /Users/asminsadykova/Desktop/h&m/.venv/lib/python3.9/site-packages/airflow/example_dags/example_task_group_decorator.py took 0.129 seconds
[2025-12-04T23:47:47.300+0600] {processor.py:157} INFO - Started process (PID=41597) to work on /Users/asminsadykova/Desktop/h&m/.venv/lib/python3.9/site-packages/airflow/example_dags/example_task_group_decorator.py
[2025-12-04T23:47:47.302+0600] {processor.py:829} INFO - Processing file /Users/asminsadykova/Desktop/h&m/.venv/lib/python3.9/site-packages/airflow/example_dags/example_task_group_decorator.py for tasks to queue
[2025-12-04T23:47:47.302+0600] {logging_mixin.py:154} INFO - [2025-12-04T23:47:47.302+0600] {dagbag.py:536} INFO - Filling up the DagBag from /Users/asminsadykova/Desktop/h&m/.venv/lib/python3.9/site-packages/airflow/example_dags/example_task_group_decorator.py
[2025-12-04T23:47:47.328+0600] {processor.py:839} INFO - DAG(s) dict_keys(['example_task_group_decorator']) retrieved from /Users/asminsadykova/Desktop/h&m/.venv/lib/python3.9/site-packages/airflow/example_dags/example_task_group_decorator.py
[2025-12-04T23:47:47.398+0600] {logging_mixin.py:154} INFO - [2025-12-04T23:47:47.398+0600] {dag.py:2941} INFO - Sync 1 DAGs
[2025-12-04T23:47:47.404+0600] {logging_mixin.py:154} INFO - [2025-12-04T23:47:47.404+0600] {dag.py:3722} INFO - Setting next_dagrun for example_task_group_decorator to 2025-12-03T17:47:47.404753+00:00, run_after=2025-12-04T17:47:47.404753+00:00
[2025-12-04T23:47:47.412+0600] {processor.py:179} INFO - Processing /Users/asminsadykova/Desktop/h&m/.venv/lib/python3.9/site-packages/airflow/example_dags/example_task_group_decorator.py took 0.113 seconds
[2025-12-04T23:49:15.562+0600] {processor.py:157} INFO - Started process (PID=41701) to work on /Users/asminsadykova/Desktop/h&m/.venv/lib/python3.9/site-packages/airflow/example_dags/example_task_group_decorator.py
[2025-12-04T23:49:15.563+0600] {processor.py:829} INFO - Processing file /Users/asminsadykova/Desktop/h&m/.venv/lib/python3.9/site-packages/airflow/example_dags/example_task_group_decorator.py for tasks to queue
[2025-12-04T23:49:15.563+0600] {logging_mixin.py:154} INFO - [2025-12-04T23:49:15.563+0600] {dagbag.py:536} INFO - Filling up the DagBag from /Users/asminsadykova/Desktop/h&m/.venv/lib/python3.9/site-packages/airflow/example_dags/example_task_group_decorator.py
[2025-12-04T23:49:15.591+0600] {processor.py:839} INFO - DAG(s) dict_keys(['example_task_group_decorator']) retrieved from /Users/asminsadykova/Desktop/h&m/.venv/lib/python3.9/site-packages/airflow/example_dags/example_task_group_decorator.py
[2025-12-04T23:49:15.666+0600] {logging_mixin.py:154} INFO - [2025-12-04T23:49:15.666+0600] {dag.py:2941} INFO - Sync 1 DAGs
[2025-12-04T23:49:15.673+0600] {logging_mixin.py:154} INFO - [2025-12-04T23:49:15.673+0600] {dag.py:3722} INFO - Setting next_dagrun for example_task_group_decorator to 2025-12-03T17:49:15.673090+00:00, run_after=2025-12-04T17:49:15.673090+00:00
[2025-12-04T23:49:15.681+0600] {processor.py:179} INFO - Processing /Users/asminsadykova/Desktop/h&m/.venv/lib/python3.9/site-packages/airflow/example_dags/example_task_group_decorator.py took 0.120 seconds
[2025-12-04T23:50:55.255+0600] {processor.py:157} INFO - Started process (PID=41828) to work on /Users/asminsadykova/Desktop/h&m/.venv/lib/python3.9/site-packages/airflow/example_dags/example_task_group_decorator.py
[2025-12-04T23:50:55.257+0600] {processor.py:829} INFO - Processing file /Users/asminsadykova/Desktop/h&m/.venv/lib/python3.9/site-packages/airflow/example_dags/example_task_group_decorator.py for tasks to queue
[2025-12-04T23:50:55.257+0600] {logging_mixin.py:154} INFO - [2025-12-04T23:50:55.257+0600] {dagbag.py:536} INFO - Filling up the DagBag from /Users/asminsadykova/Desktop/h&m/.venv/lib/python3.9/site-packages/airflow/example_dags/example_task_group_decorator.py
[2025-12-04T23:50:55.282+0600] {processor.py:839} INFO - DAG(s) dict_keys(['example_task_group_decorator']) retrieved from /Users/asminsadykova/Desktop/h&m/.venv/lib/python3.9/site-packages/airflow/example_dags/example_task_group_decorator.py
[2025-12-04T23:50:55.351+0600] {logging_mixin.py:154} INFO - [2025-12-04T23:50:55.351+0600] {dag.py:2941} INFO - Sync 1 DAGs
[2025-12-04T23:50:55.357+0600] {logging_mixin.py:154} INFO - [2025-12-04T23:50:55.357+0600] {dag.py:3722} INFO - Setting next_dagrun for example_task_group_decorator to 2025-12-03T17:50:55.357780+00:00, run_after=2025-12-04T17:50:55.357780+00:00
[2025-12-04T23:50:55.365+0600] {processor.py:179} INFO - Processing /Users/asminsadykova/Desktop/h&m/.venv/lib/python3.9/site-packages/airflow/example_dags/example_task_group_decorator.py took 0.110 seconds
[2025-12-04T23:52:28.231+0600] {processor.py:157} INFO - Started process (PID=42063) to work on /Users/asminsadykova/Desktop/h&m/.venv/lib/python3.9/site-packages/airflow/example_dags/example_task_group_decorator.py
[2025-12-04T23:52:28.232+0600] {processor.py:829} INFO - Processing file /Users/asminsadykova/Desktop/h&m/.venv/lib/python3.9/site-packages/airflow/example_dags/example_task_group_decorator.py for tasks to queue
[2025-12-04T23:52:28.232+0600] {logging_mixin.py:154} INFO - [2025-12-04T23:52:28.232+0600] {dagbag.py:536} INFO - Filling up the DagBag from /Users/asminsadykova/Desktop/h&m/.venv/lib/python3.9/site-packages/airflow/example_dags/example_task_group_decorator.py
[2025-12-04T23:52:28.260+0600] {processor.py:839} INFO - DAG(s) dict_keys(['example_task_group_decorator']) retrieved from /Users/asminsadykova/Desktop/h&m/.venv/lib/python3.9/site-packages/airflow/example_dags/example_task_group_decorator.py
[2025-12-04T23:52:28.338+0600] {logging_mixin.py:154} INFO - [2025-12-04T23:52:28.338+0600] {dag.py:2941} INFO - Sync 1 DAGs
[2025-12-04T23:52:28.346+0600] {logging_mixin.py:154} INFO - [2025-12-04T23:52:28.346+0600] {dag.py:3722} INFO - Setting next_dagrun for example_task_group_decorator to 2025-12-03T17:52:28.346365+00:00, run_after=2025-12-04T17:52:28.346365+00:00
[2025-12-04T23:52:28.354+0600] {processor.py:179} INFO - Processing /Users/asminsadykova/Desktop/h&m/.venv/lib/python3.9/site-packages/airflow/example_dags/example_task_group_decorator.py took 0.124 seconds
[2025-12-04T23:54:03.672+0600] {processor.py:157} INFO - Started process (PID=42161) to work on /Users/asminsadykova/Desktop/h&m/.venv/lib/python3.9/site-packages/airflow/example_dags/example_task_group_decorator.py
[2025-12-04T23:54:03.673+0600] {processor.py:829} INFO - Processing file /Users/asminsadykova/Desktop/h&m/.venv/lib/python3.9/site-packages/airflow/example_dags/example_task_group_decorator.py for tasks to queue
[2025-12-04T23:54:03.673+0600] {logging_mixin.py:154} INFO - [2025-12-04T23:54:03.673+0600] {dagbag.py:536} INFO - Filling up the DagBag from /Users/asminsadykova/Desktop/h&m/.venv/lib/python3.9/site-packages/airflow/example_dags/example_task_group_decorator.py
[2025-12-04T23:54:03.698+0600] {processor.py:839} INFO - DAG(s) dict_keys(['example_task_group_decorator']) retrieved from /Users/asminsadykova/Desktop/h&m/.venv/lib/python3.9/site-packages/airflow/example_dags/example_task_group_decorator.py
[2025-12-04T23:54:03.768+0600] {logging_mixin.py:154} INFO - [2025-12-04T23:54:03.767+0600] {dag.py:2941} INFO - Sync 1 DAGs
[2025-12-04T23:54:03.774+0600] {logging_mixin.py:154} INFO - [2025-12-04T23:54:03.774+0600] {dag.py:3722} INFO - Setting next_dagrun for example_task_group_decorator to 2025-12-03T17:54:03.774600+00:00, run_after=2025-12-04T17:54:03.774600+00:00
[2025-12-04T23:54:03.782+0600] {processor.py:179} INFO - Processing /Users/asminsadykova/Desktop/h&m/.venv/lib/python3.9/site-packages/airflow/example_dags/example_task_group_decorator.py took 0.111 seconds
[2025-12-04T23:55:30.530+0600] {processor.py:157} INFO - Started process (PID=42240) to work on /Users/asminsadykova/Desktop/h&m/.venv/lib/python3.9/site-packages/airflow/example_dags/example_task_group_decorator.py
[2025-12-04T23:55:30.531+0600] {processor.py:829} INFO - Processing file /Users/asminsadykova/Desktop/h&m/.venv/lib/python3.9/site-packages/airflow/example_dags/example_task_group_decorator.py for tasks to queue
[2025-12-04T23:55:30.531+0600] {logging_mixin.py:154} INFO - [2025-12-04T23:55:30.531+0600] {dagbag.py:536} INFO - Filling up the DagBag from /Users/asminsadykova/Desktop/h&m/.venv/lib/python3.9/site-packages/airflow/example_dags/example_task_group_decorator.py
[2025-12-04T23:55:30.557+0600] {processor.py:839} INFO - DAG(s) dict_keys(['example_task_group_decorator']) retrieved from /Users/asminsadykova/Desktop/h&m/.venv/lib/python3.9/site-packages/airflow/example_dags/example_task_group_decorator.py
[2025-12-04T23:55:30.627+0600] {logging_mixin.py:154} INFO - [2025-12-04T23:55:30.627+0600] {dag.py:2941} INFO - Sync 1 DAGs
[2025-12-04T23:55:30.634+0600] {logging_mixin.py:154} INFO - [2025-12-04T23:55:30.634+0600] {dag.py:3722} INFO - Setting next_dagrun for example_task_group_decorator to 2025-12-03T17:55:30.634062+00:00, run_after=2025-12-04T17:55:30.634062+00:00
[2025-12-04T23:55:30.641+0600] {processor.py:179} INFO - Processing /Users/asminsadykova/Desktop/h&m/.venv/lib/python3.9/site-packages/airflow/example_dags/example_task_group_decorator.py took 0.112 seconds
[2025-12-04T23:57:02.381+0600] {processor.py:157} INFO - Started process (PID=42314) to work on /Users/asminsadykova/Desktop/h&m/.venv/lib/python3.9/site-packages/airflow/example_dags/example_task_group_decorator.py
[2025-12-04T23:57:02.382+0600] {processor.py:829} INFO - Processing file /Users/asminsadykova/Desktop/h&m/.venv/lib/python3.9/site-packages/airflow/example_dags/example_task_group_decorator.py for tasks to queue
[2025-12-04T23:57:02.382+0600] {logging_mixin.py:154} INFO - [2025-12-04T23:57:02.382+0600] {dagbag.py:536} INFO - Filling up the DagBag from /Users/asminsadykova/Desktop/h&m/.venv/lib/python3.9/site-packages/airflow/example_dags/example_task_group_decorator.py
[2025-12-04T23:57:02.412+0600] {processor.py:839} INFO - DAG(s) dict_keys(['example_task_group_decorator']) retrieved from /Users/asminsadykova/Desktop/h&m/.venv/lib/python3.9/site-packages/airflow/example_dags/example_task_group_decorator.py
[2025-12-04T23:57:02.495+0600] {logging_mixin.py:154} INFO - [2025-12-04T23:57:02.495+0600] {dag.py:2941} INFO - Sync 1 DAGs
[2025-12-04T23:57:02.503+0600] {logging_mixin.py:154} INFO - [2025-12-04T23:57:02.503+0600] {dag.py:3722} INFO - Setting next_dagrun for example_task_group_decorator to 2025-12-03T17:57:02.503219+00:00, run_after=2025-12-04T17:57:02.503219+00:00
[2025-12-04T23:57:02.513+0600] {processor.py:179} INFO - Processing /Users/asminsadykova/Desktop/h&m/.venv/lib/python3.9/site-packages/airflow/example_dags/example_task_group_decorator.py took 0.134 seconds
[2025-12-04T23:58:26.511+0600] {processor.py:157} INFO - Started process (PID=42395) to work on /Users/asminsadykova/Desktop/h&m/.venv/lib/python3.9/site-packages/airflow/example_dags/example_task_group_decorator.py
[2025-12-04T23:58:26.512+0600] {processor.py:829} INFO - Processing file /Users/asminsadykova/Desktop/h&m/.venv/lib/python3.9/site-packages/airflow/example_dags/example_task_group_decorator.py for tasks to queue
[2025-12-04T23:58:26.512+0600] {logging_mixin.py:154} INFO - [2025-12-04T23:58:26.512+0600] {dagbag.py:536} INFO - Filling up the DagBag from /Users/asminsadykova/Desktop/h&m/.venv/lib/python3.9/site-packages/airflow/example_dags/example_task_group_decorator.py
[2025-12-04T23:58:26.539+0600] {processor.py:839} INFO - DAG(s) dict_keys(['example_task_group_decorator']) retrieved from /Users/asminsadykova/Desktop/h&m/.venv/lib/python3.9/site-packages/airflow/example_dags/example_task_group_decorator.py
[2025-12-04T23:58:26.613+0600] {logging_mixin.py:154} INFO - [2025-12-04T23:58:26.613+0600] {dag.py:2941} INFO - Sync 1 DAGs
[2025-12-04T23:58:26.620+0600] {logging_mixin.py:154} INFO - [2025-12-04T23:58:26.620+0600] {dag.py:3722} INFO - Setting next_dagrun for example_task_group_decorator to 2025-12-03T17:58:26.620137+00:00, run_after=2025-12-04T17:58:26.620137+00:00
[2025-12-04T23:58:26.631+0600] {processor.py:179} INFO - Processing /Users/asminsadykova/Desktop/h&m/.venv/lib/python3.9/site-packages/airflow/example_dags/example_task_group_decorator.py took 0.121 seconds
[2025-12-04T23:59:57.449+0600] {processor.py:157} INFO - Started process (PID=42650) to work on /Users/asminsadykova/Desktop/h&m/.venv/lib/python3.9/site-packages/airflow/example_dags/example_task_group_decorator.py
[2025-12-04T23:59:57.450+0600] {processor.py:829} INFO - Processing file /Users/asminsadykova/Desktop/h&m/.venv/lib/python3.9/site-packages/airflow/example_dags/example_task_group_decorator.py for tasks to queue
[2025-12-04T23:59:57.451+0600] {logging_mixin.py:154} INFO - [2025-12-04T23:59:57.450+0600] {dagbag.py:536} INFO - Filling up the DagBag from /Users/asminsadykova/Desktop/h&m/.venv/lib/python3.9/site-packages/airflow/example_dags/example_task_group_decorator.py
[2025-12-04T23:59:57.478+0600] {processor.py:839} INFO - DAG(s) dict_keys(['example_task_group_decorator']) retrieved from /Users/asminsadykova/Desktop/h&m/.venv/lib/python3.9/site-packages/airflow/example_dags/example_task_group_decorator.py
[2025-12-04T23:59:57.550+0600] {logging_mixin.py:154} INFO - [2025-12-04T23:59:57.550+0600] {dag.py:2941} INFO - Sync 1 DAGs
[2025-12-04T23:59:57.559+0600] {logging_mixin.py:154} INFO - [2025-12-04T23:59:57.559+0600] {dag.py:3722} INFO - Setting next_dagrun for example_task_group_decorator to 2025-12-03T17:59:57.559488+00:00, run_after=2025-12-04T17:59:57.559488+00:00
[2025-12-04T23:59:57.569+0600] {processor.py:179} INFO - Processing /Users/asminsadykova/Desktop/h&m/.venv/lib/python3.9/site-packages/airflow/example_dags/example_task_group_decorator.py took 0.121 seconds
[2025-12-05T00:01:33.403+0600] {processor.py:157} INFO - Started process (PID=42879) to work on /Users/asminsadykova/Desktop/h&m/.venv/lib/python3.9/site-packages/airflow/example_dags/example_task_group_decorator.py
[2025-12-05T00:01:33.404+0600] {processor.py:829} INFO - Processing file /Users/asminsadykova/Desktop/h&m/.venv/lib/python3.9/site-packages/airflow/example_dags/example_task_group_decorator.py for tasks to queue
[2025-12-05T00:01:33.404+0600] {logging_mixin.py:154} INFO - [2025-12-05T00:01:33.404+0600] {dagbag.py:536} INFO - Filling up the DagBag from /Users/asminsadykova/Desktop/h&m/.venv/lib/python3.9/site-packages/airflow/example_dags/example_task_group_decorator.py
[2025-12-05T00:01:33.430+0600] {processor.py:839} INFO - DAG(s) dict_keys(['example_task_group_decorator']) retrieved from /Users/asminsadykova/Desktop/h&m/.venv/lib/python3.9/site-packages/airflow/example_dags/example_task_group_decorator.py
[2025-12-05T00:01:33.505+0600] {logging_mixin.py:154} INFO - [2025-12-05T00:01:33.504+0600] {dag.py:2941} INFO - Sync 1 DAGs
[2025-12-05T00:01:33.512+0600] {logging_mixin.py:154} INFO - [2025-12-05T00:01:33.512+0600] {dag.py:3722} INFO - Setting next_dagrun for example_task_group_decorator to 2025-12-03T18:01:33.512557+00:00, run_after=2025-12-04T18:01:33.512557+00:00
[2025-12-05T00:01:33.521+0600] {processor.py:179} INFO - Processing /Users/asminsadykova/Desktop/h&m/.venv/lib/python3.9/site-packages/airflow/example_dags/example_task_group_decorator.py took 0.119 seconds
[2025-12-05T00:03:06.525+0600] {processor.py:157} INFO - Started process (PID=42952) to work on /Users/asminsadykova/Desktop/h&m/.venv/lib/python3.9/site-packages/airflow/example_dags/example_task_group_decorator.py
[2025-12-05T00:03:06.526+0600] {processor.py:829} INFO - Processing file /Users/asminsadykova/Desktop/h&m/.venv/lib/python3.9/site-packages/airflow/example_dags/example_task_group_decorator.py for tasks to queue
[2025-12-05T00:03:06.526+0600] {logging_mixin.py:154} INFO - [2025-12-05T00:03:06.526+0600] {dagbag.py:536} INFO - Filling up the DagBag from /Users/asminsadykova/Desktop/h&m/.venv/lib/python3.9/site-packages/airflow/example_dags/example_task_group_decorator.py
[2025-12-05T00:03:06.551+0600] {processor.py:839} INFO - DAG(s) dict_keys(['example_task_group_decorator']) retrieved from /Users/asminsadykova/Desktop/h&m/.venv/lib/python3.9/site-packages/airflow/example_dags/example_task_group_decorator.py
[2025-12-05T00:03:06.621+0600] {logging_mixin.py:154} INFO - [2025-12-05T00:03:06.620+0600] {dag.py:2941} INFO - Sync 1 DAGs
[2025-12-05T00:03:06.627+0600] {logging_mixin.py:154} INFO - [2025-12-05T00:03:06.627+0600] {dag.py:3722} INFO - Setting next_dagrun for example_task_group_decorator to 2025-12-03T18:03:06.627647+00:00, run_after=2025-12-04T18:03:06.627647+00:00
[2025-12-05T00:03:06.635+0600] {processor.py:179} INFO - Processing /Users/asminsadykova/Desktop/h&m/.venv/lib/python3.9/site-packages/airflow/example_dags/example_task_group_decorator.py took 0.110 seconds
[2025-12-05T00:04:38.556+0600] {processor.py:157} INFO - Started process (PID=43157) to work on /Users/asminsadykova/Desktop/h&m/.venv/lib/python3.9/site-packages/airflow/example_dags/example_task_group_decorator.py
[2025-12-05T00:04:38.557+0600] {processor.py:829} INFO - Processing file /Users/asminsadykova/Desktop/h&m/.venv/lib/python3.9/site-packages/airflow/example_dags/example_task_group_decorator.py for tasks to queue
[2025-12-05T00:04:38.557+0600] {logging_mixin.py:154} INFO - [2025-12-05T00:04:38.557+0600] {dagbag.py:536} INFO - Filling up the DagBag from /Users/asminsadykova/Desktop/h&m/.venv/lib/python3.9/site-packages/airflow/example_dags/example_task_group_decorator.py
[2025-12-05T00:04:38.585+0600] {processor.py:839} INFO - DAG(s) dict_keys(['example_task_group_decorator']) retrieved from /Users/asminsadykova/Desktop/h&m/.venv/lib/python3.9/site-packages/airflow/example_dags/example_task_group_decorator.py
[2025-12-05T00:04:38.671+0600] {logging_mixin.py:154} INFO - [2025-12-05T00:04:38.671+0600] {dag.py:2941} INFO - Sync 1 DAGs
[2025-12-05T00:04:38.680+0600] {logging_mixin.py:154} INFO - [2025-12-05T00:04:38.680+0600] {dag.py:3722} INFO - Setting next_dagrun for example_task_group_decorator to 2025-12-03T18:04:38.680654+00:00, run_after=2025-12-04T18:04:38.680654+00:00
[2025-12-05T00:04:38.691+0600] {processor.py:179} INFO - Processing /Users/asminsadykova/Desktop/h&m/.venv/lib/python3.9/site-packages/airflow/example_dags/example_task_group_decorator.py took 0.136 seconds
[2025-12-05T00:06:12.773+0600] {processor.py:157} INFO - Started process (PID=43338) to work on /Users/asminsadykova/Desktop/h&m/.venv/lib/python3.9/site-packages/airflow/example_dags/example_task_group_decorator.py
[2025-12-05T00:06:12.775+0600] {processor.py:829} INFO - Processing file /Users/asminsadykova/Desktop/h&m/.venv/lib/python3.9/site-packages/airflow/example_dags/example_task_group_decorator.py for tasks to queue
[2025-12-05T00:06:12.775+0600] {logging_mixin.py:154} INFO - [2025-12-05T00:06:12.775+0600] {dagbag.py:536} INFO - Filling up the DagBag from /Users/asminsadykova/Desktop/h&m/.venv/lib/python3.9/site-packages/airflow/example_dags/example_task_group_decorator.py
[2025-12-05T00:06:12.801+0600] {processor.py:839} INFO - DAG(s) dict_keys(['example_task_group_decorator']) retrieved from /Users/asminsadykova/Desktop/h&m/.venv/lib/python3.9/site-packages/airflow/example_dags/example_task_group_decorator.py
[2025-12-05T00:06:12.885+0600] {logging_mixin.py:154} INFO - [2025-12-05T00:06:12.885+0600] {dag.py:2941} INFO - Sync 1 DAGs
[2025-12-05T00:06:12.892+0600] {logging_mixin.py:154} INFO - [2025-12-05T00:06:12.892+0600] {dag.py:3722} INFO - Setting next_dagrun for example_task_group_decorator to 2025-12-03T18:06:12.892371+00:00, run_after=2025-12-04T18:06:12.892371+00:00
[2025-12-05T00:06:12.902+0600] {processor.py:179} INFO - Processing /Users/asminsadykova/Desktop/h&m/.venv/lib/python3.9/site-packages/airflow/example_dags/example_task_group_decorator.py took 0.130 seconds
[2025-12-05T00:07:36.894+0600] {processor.py:157} INFO - Started process (PID=43489) to work on /Users/asminsadykova/Desktop/h&m/.venv/lib/python3.9/site-packages/airflow/example_dags/example_task_group_decorator.py
[2025-12-05T00:07:36.895+0600] {processor.py:829} INFO - Processing file /Users/asminsadykova/Desktop/h&m/.venv/lib/python3.9/site-packages/airflow/example_dags/example_task_group_decorator.py for tasks to queue
[2025-12-05T00:07:36.895+0600] {logging_mixin.py:154} INFO - [2025-12-05T00:07:36.895+0600] {dagbag.py:536} INFO - Filling up the DagBag from /Users/asminsadykova/Desktop/h&m/.venv/lib/python3.9/site-packages/airflow/example_dags/example_task_group_decorator.py
[2025-12-05T00:07:36.924+0600] {processor.py:839} INFO - DAG(s) dict_keys(['example_task_group_decorator']) retrieved from /Users/asminsadykova/Desktop/h&m/.venv/lib/python3.9/site-packages/airflow/example_dags/example_task_group_decorator.py
[2025-12-05T00:07:37.002+0600] {logging_mixin.py:154} INFO - [2025-12-05T00:07:37.002+0600] {dag.py:2941} INFO - Sync 1 DAGs
[2025-12-05T00:07:37.010+0600] {logging_mixin.py:154} INFO - [2025-12-05T00:07:37.010+0600] {dag.py:3722} INFO - Setting next_dagrun for example_task_group_decorator to 2025-12-03T18:07:37.010044+00:00, run_after=2025-12-04T18:07:37.010044+00:00
[2025-12-05T00:07:37.021+0600] {processor.py:179} INFO - Processing /Users/asminsadykova/Desktop/h&m/.venv/lib/python3.9/site-packages/airflow/example_dags/example_task_group_decorator.py took 0.128 seconds
[2025-12-05T00:09:07.804+0600] {processor.py:157} INFO - Started process (PID=43636) to work on /Users/asminsadykova/Desktop/h&m/.venv/lib/python3.9/site-packages/airflow/example_dags/example_task_group_decorator.py
[2025-12-05T00:09:07.805+0600] {processor.py:829} INFO - Processing file /Users/asminsadykova/Desktop/h&m/.venv/lib/python3.9/site-packages/airflow/example_dags/example_task_group_decorator.py for tasks to queue
[2025-12-05T00:09:07.805+0600] {logging_mixin.py:154} INFO - [2025-12-05T00:09:07.805+0600] {dagbag.py:536} INFO - Filling up the DagBag from /Users/asminsadykova/Desktop/h&m/.venv/lib/python3.9/site-packages/airflow/example_dags/example_task_group_decorator.py
[2025-12-05T00:09:07.833+0600] {processor.py:839} INFO - DAG(s) dict_keys(['example_task_group_decorator']) retrieved from /Users/asminsadykova/Desktop/h&m/.venv/lib/python3.9/site-packages/airflow/example_dags/example_task_group_decorator.py
[2025-12-05T00:09:07.916+0600] {logging_mixin.py:154} INFO - [2025-12-05T00:09:07.916+0600] {dag.py:2941} INFO - Sync 1 DAGs
[2025-12-05T00:09:07.925+0600] {logging_mixin.py:154} INFO - [2025-12-05T00:09:07.925+0600] {dag.py:3722} INFO - Setting next_dagrun for example_task_group_decorator to 2025-12-03T18:09:07.925106+00:00, run_after=2025-12-04T18:09:07.925106+00:00
[2025-12-05T00:09:07.938+0600] {processor.py:179} INFO - Processing /Users/asminsadykova/Desktop/h&m/.venv/lib/python3.9/site-packages/airflow/example_dags/example_task_group_decorator.py took 0.135 seconds
[2025-12-05T00:10:44.556+0600] {processor.py:157} INFO - Started process (PID=43802) to work on /Users/asminsadykova/Desktop/h&m/.venv/lib/python3.9/site-packages/airflow/example_dags/example_task_group_decorator.py
[2025-12-05T00:10:44.557+0600] {processor.py:829} INFO - Processing file /Users/asminsadykova/Desktop/h&m/.venv/lib/python3.9/site-packages/airflow/example_dags/example_task_group_decorator.py for tasks to queue
[2025-12-05T00:10:44.558+0600] {logging_mixin.py:154} INFO - [2025-12-05T00:10:44.558+0600] {dagbag.py:536} INFO - Filling up the DagBag from /Users/asminsadykova/Desktop/h&m/.venv/lib/python3.9/site-packages/airflow/example_dags/example_task_group_decorator.py
[2025-12-05T00:10:44.583+0600] {processor.py:839} INFO - DAG(s) dict_keys(['example_task_group_decorator']) retrieved from /Users/asminsadykova/Desktop/h&m/.venv/lib/python3.9/site-packages/airflow/example_dags/example_task_group_decorator.py
[2025-12-05T00:10:44.654+0600] {logging_mixin.py:154} INFO - [2025-12-05T00:10:44.654+0600] {dag.py:2941} INFO - Sync 1 DAGs
[2025-12-05T00:10:44.661+0600] {logging_mixin.py:154} INFO - [2025-12-05T00:10:44.661+0600] {dag.py:3722} INFO - Setting next_dagrun for example_task_group_decorator to 2025-12-03T18:10:44.661305+00:00, run_after=2025-12-04T18:10:44.661305+00:00
[2025-12-05T00:10:44.669+0600] {processor.py:179} INFO - Processing /Users/asminsadykova/Desktop/h&m/.venv/lib/python3.9/site-packages/airflow/example_dags/example_task_group_decorator.py took 0.113 seconds
[2025-12-05T00:12:14.891+0600] {processor.py:157} INFO - Started process (PID=43965) to work on /Users/asminsadykova/Desktop/h&m/.venv/lib/python3.9/site-packages/airflow/example_dags/example_task_group_decorator.py
[2025-12-05T00:12:14.892+0600] {processor.py:829} INFO - Processing file /Users/asminsadykova/Desktop/h&m/.venv/lib/python3.9/site-packages/airflow/example_dags/example_task_group_decorator.py for tasks to queue
[2025-12-05T00:12:14.892+0600] {logging_mixin.py:154} INFO - [2025-12-05T00:12:14.892+0600] {dagbag.py:536} INFO - Filling up the DagBag from /Users/asminsadykova/Desktop/h&m/.venv/lib/python3.9/site-packages/airflow/example_dags/example_task_group_decorator.py
[2025-12-05T00:12:14.918+0600] {processor.py:839} INFO - DAG(s) dict_keys(['example_task_group_decorator']) retrieved from /Users/asminsadykova/Desktop/h&m/.venv/lib/python3.9/site-packages/airflow/example_dags/example_task_group_decorator.py
[2025-12-05T00:12:14.988+0600] {logging_mixin.py:154} INFO - [2025-12-05T00:12:14.988+0600] {dag.py:2941} INFO - Sync 1 DAGs
[2025-12-05T00:12:14.995+0600] {logging_mixin.py:154} INFO - [2025-12-05T00:12:14.995+0600] {dag.py:3722} INFO - Setting next_dagrun for example_task_group_decorator to 2025-12-03T18:12:14.995389+00:00, run_after=2025-12-04T18:12:14.995389+00:00
[2025-12-05T00:12:15.003+0600] {processor.py:179} INFO - Processing /Users/asminsadykova/Desktop/h&m/.venv/lib/python3.9/site-packages/airflow/example_dags/example_task_group_decorator.py took 0.112 seconds
