[2025-12-04T23:18:39.028+0600] {processor.py:157} INFO - Started process (PID=38987) to work on /Users/asminsadykova/Desktop/h&m/.venv/lib/python3.9/site-packages/airflow/example_dags/example_branch_day_of_week_operator.py
[2025-12-04T23:18:39.029+0600] {processor.py:829} INFO - Processing file /Users/asminsadykova/Desktop/h&m/.venv/lib/python3.9/site-packages/airflow/example_dags/example_branch_day_of_week_operator.py for tasks to queue
[2025-12-04T23:18:39.029+0600] {logging_mixin.py:154} INFO - [2025-12-04T23:18:39.029+0600] {dagbag.py:536} INFO - Filling up the DagBag from /Users/asminsadykova/Desktop/h&m/.venv/lib/python3.9/site-packages/airflow/example_dags/example_branch_day_of_week_operator.py
[2025-12-04T23:18:39.041+0600] {processor.py:839} INFO - DAG(s) dict_keys(['example_weekday_branch_operator']) retrieved from /Users/asminsadykova/Desktop/h&m/.venv/lib/python3.9/site-packages/airflow/example_dags/example_branch_day_of_week_operator.py
[2025-12-04T23:18:39.293+0600] {logging_mixin.py:154} INFO - [2025-12-04T23:18:39.293+0600] {manager.py:499} INFO - Created Permission View: %s
[2025-12-04T23:18:39.296+0600] {logging_mixin.py:154} INFO - [2025-12-04T23:18:39.296+0600] {manager.py:499} INFO - Created Permission View: %s
[2025-12-04T23:18:39.299+0600] {logging_mixin.py:154} INFO - [2025-12-04T23:18:39.298+0600] {manager.py:499} INFO - Created Permission View: %s
[2025-12-04T23:18:39.299+0600] {logging_mixin.py:154} INFO - [2025-12-04T23:18:39.299+0600] {dag.py:2941} INFO - Sync 1 DAGs
[2025-12-04T23:18:39.303+0600] {logging_mixin.py:154} INFO - [2025-12-04T23:18:39.303+0600] {dag.py:2963} INFO - Creating ORM DAG for example_weekday_branch_operator
[2025-12-04T23:18:39.307+0600] {logging_mixin.py:154} INFO - [2025-12-04T23:18:39.307+0600] {dag.py:3722} INFO - Setting next_dagrun for example_weekday_branch_operator to 2025-12-03T00:00:00+00:00, run_after=2025-12-04T00:00:00+00:00
[2025-12-04T23:18:39.313+0600] {processor.py:179} INFO - Processing /Users/asminsadykova/Desktop/h&m/.venv/lib/python3.9/site-packages/airflow/example_dags/example_branch_day_of_week_operator.py took 0.286 seconds
[2025-12-04T23:20:07.092+0600] {processor.py:157} INFO - Started process (PID=39090) to work on /Users/asminsadykova/Desktop/h&m/.venv/lib/python3.9/site-packages/airflow/example_dags/example_branch_day_of_week_operator.py
[2025-12-04T23:20:07.093+0600] {processor.py:829} INFO - Processing file /Users/asminsadykova/Desktop/h&m/.venv/lib/python3.9/site-packages/airflow/example_dags/example_branch_day_of_week_operator.py for tasks to queue
[2025-12-04T23:20:07.094+0600] {logging_mixin.py:154} INFO - [2025-12-04T23:20:07.094+0600] {dagbag.py:536} INFO - Filling up the DagBag from /Users/asminsadykova/Desktop/h&m/.venv/lib/python3.9/site-packages/airflow/example_dags/example_branch_day_of_week_operator.py
[2025-12-04T23:20:07.107+0600] {processor.py:839} INFO - DAG(s) dict_keys(['example_weekday_branch_operator']) retrieved from /Users/asminsadykova/Desktop/h&m/.venv/lib/python3.9/site-packages/airflow/example_dags/example_branch_day_of_week_operator.py
[2025-12-04T23:20:07.181+0600] {logging_mixin.py:154} INFO - [2025-12-04T23:20:07.181+0600] {dag.py:2941} INFO - Sync 1 DAGs
[2025-12-04T23:20:07.189+0600] {logging_mixin.py:154} INFO - [2025-12-04T23:20:07.188+0600] {dag.py:3722} INFO - Setting next_dagrun for example_weekday_branch_operator to 2025-12-03T00:00:00+00:00, run_after=2025-12-04T00:00:00+00:00
[2025-12-04T23:20:07.196+0600] {processor.py:179} INFO - Processing /Users/asminsadykova/Desktop/h&m/.venv/lib/python3.9/site-packages/airflow/example_dags/example_branch_day_of_week_operator.py took 0.104 seconds
[2025-12-04T23:21:33.858+0600] {processor.py:157} INFO - Started process (PID=39190) to work on /Users/asminsadykova/Desktop/h&m/.venv/lib/python3.9/site-packages/airflow/example_dags/example_branch_day_of_week_operator.py
[2025-12-04T23:21:33.858+0600] {processor.py:829} INFO - Processing file /Users/asminsadykova/Desktop/h&m/.venv/lib/python3.9/site-packages/airflow/example_dags/example_branch_day_of_week_operator.py for tasks to queue
[2025-12-04T23:21:33.859+0600] {logging_mixin.py:154} INFO - [2025-12-04T23:21:33.859+0600] {dagbag.py:536} INFO - Filling up the DagBag from /Users/asminsadykova/Desktop/h&m/.venv/lib/python3.9/site-packages/airflow/example_dags/example_branch_day_of_week_operator.py
[2025-12-04T23:21:33.873+0600] {processor.py:839} INFO - DAG(s) dict_keys(['example_weekday_branch_operator']) retrieved from /Users/asminsadykova/Desktop/h&m/.venv/lib/python3.9/site-packages/airflow/example_dags/example_branch_day_of_week_operator.py
[2025-12-04T23:21:33.943+0600] {logging_mixin.py:154} INFO - [2025-12-04T23:21:33.943+0600] {dag.py:2941} INFO - Sync 1 DAGs
[2025-12-04T23:21:33.950+0600] {logging_mixin.py:154} INFO - [2025-12-04T23:21:33.950+0600] {dag.py:3722} INFO - Setting next_dagrun for example_weekday_branch_operator to 2025-12-03T00:00:00+00:00, run_after=2025-12-04T00:00:00+00:00
[2025-12-04T23:21:33.957+0600] {processor.py:179} INFO - Processing /Users/asminsadykova/Desktop/h&m/.venv/lib/python3.9/site-packages/airflow/example_dags/example_branch_day_of_week_operator.py took 0.100 seconds
[2025-12-04T23:22:59.113+0600] {processor.py:157} INFO - Started process (PID=39281) to work on /Users/asminsadykova/Desktop/h&m/.venv/lib/python3.9/site-packages/airflow/example_dags/example_branch_day_of_week_operator.py
[2025-12-04T23:22:59.114+0600] {processor.py:829} INFO - Processing file /Users/asminsadykova/Desktop/h&m/.venv/lib/python3.9/site-packages/airflow/example_dags/example_branch_day_of_week_operator.py for tasks to queue
[2025-12-04T23:22:59.114+0600] {logging_mixin.py:154} INFO - [2025-12-04T23:22:59.114+0600] {dagbag.py:536} INFO - Filling up the DagBag from /Users/asminsadykova/Desktop/h&m/.venv/lib/python3.9/site-packages/airflow/example_dags/example_branch_day_of_week_operator.py
[2025-12-04T23:22:59.126+0600] {processor.py:839} INFO - DAG(s) dict_keys(['example_weekday_branch_operator']) retrieved from /Users/asminsadykova/Desktop/h&m/.venv/lib/python3.9/site-packages/airflow/example_dags/example_branch_day_of_week_operator.py
[2025-12-04T23:22:59.197+0600] {logging_mixin.py:154} INFO - [2025-12-04T23:22:59.197+0600] {dag.py:2941} INFO - Sync 1 DAGs
[2025-12-04T23:22:59.204+0600] {logging_mixin.py:154} INFO - [2025-12-04T23:22:59.204+0600] {dag.py:3722} INFO - Setting next_dagrun for example_weekday_branch_operator to 2025-12-03T00:00:00+00:00, run_after=2025-12-04T00:00:00+00:00
[2025-12-04T23:22:59.213+0600] {processor.py:179} INFO - Processing /Users/asminsadykova/Desktop/h&m/.venv/lib/python3.9/site-packages/airflow/example_dags/example_branch_day_of_week_operator.py took 0.101 seconds
[2025-12-04T23:24:35.805+0600] {processor.py:157} INFO - Started process (PID=39478) to work on /Users/asminsadykova/Desktop/h&m/.venv/lib/python3.9/site-packages/airflow/example_dags/example_branch_day_of_week_operator.py
[2025-12-04T23:24:35.807+0600] {processor.py:829} INFO - Processing file /Users/asminsadykova/Desktop/h&m/.venv/lib/python3.9/site-packages/airflow/example_dags/example_branch_day_of_week_operator.py for tasks to queue
[2025-12-04T23:24:35.807+0600] {logging_mixin.py:154} INFO - [2025-12-04T23:24:35.807+0600] {dagbag.py:536} INFO - Filling up the DagBag from /Users/asminsadykova/Desktop/h&m/.venv/lib/python3.9/site-packages/airflow/example_dags/example_branch_day_of_week_operator.py
[2025-12-04T23:24:35.819+0600] {processor.py:839} INFO - DAG(s) dict_keys(['example_weekday_branch_operator']) retrieved from /Users/asminsadykova/Desktop/h&m/.venv/lib/python3.9/site-packages/airflow/example_dags/example_branch_day_of_week_operator.py
[2025-12-04T23:24:35.889+0600] {logging_mixin.py:154} INFO - [2025-12-04T23:24:35.889+0600] {dag.py:2941} INFO - Sync 1 DAGs
[2025-12-04T23:24:35.896+0600] {logging_mixin.py:154} INFO - [2025-12-04T23:24:35.896+0600] {dag.py:3722} INFO - Setting next_dagrun for example_weekday_branch_operator to 2025-12-03T00:00:00+00:00, run_after=2025-12-04T00:00:00+00:00
[2025-12-04T23:24:35.903+0600] {processor.py:179} INFO - Processing /Users/asminsadykova/Desktop/h&m/.venv/lib/python3.9/site-packages/airflow/example_dags/example_branch_day_of_week_operator.py took 0.098 seconds
[2025-12-04T23:26:08.999+0600] {processor.py:157} INFO - Started process (PID=39566) to work on /Users/asminsadykova/Desktop/h&m/.venv/lib/python3.9/site-packages/airflow/example_dags/example_branch_day_of_week_operator.py
[2025-12-04T23:26:09.000+0600] {processor.py:829} INFO - Processing file /Users/asminsadykova/Desktop/h&m/.venv/lib/python3.9/site-packages/airflow/example_dags/example_branch_day_of_week_operator.py for tasks to queue
[2025-12-04T23:26:09.000+0600] {logging_mixin.py:154} INFO - [2025-12-04T23:26:09.000+0600] {dagbag.py:536} INFO - Filling up the DagBag from /Users/asminsadykova/Desktop/h&m/.venv/lib/python3.9/site-packages/airflow/example_dags/example_branch_day_of_week_operator.py
[2025-12-04T23:26:09.013+0600] {processor.py:839} INFO - DAG(s) dict_keys(['example_weekday_branch_operator']) retrieved from /Users/asminsadykova/Desktop/h&m/.venv/lib/python3.9/site-packages/airflow/example_dags/example_branch_day_of_week_operator.py
[2025-12-04T23:26:09.084+0600] {logging_mixin.py:154} INFO - [2025-12-04T23:26:09.084+0600] {dag.py:2941} INFO - Sync 1 DAGs
[2025-12-04T23:26:09.092+0600] {logging_mixin.py:154} INFO - [2025-12-04T23:26:09.092+0600] {dag.py:3722} INFO - Setting next_dagrun for example_weekday_branch_operator to 2025-12-03T00:00:00+00:00, run_after=2025-12-04T00:00:00+00:00
[2025-12-04T23:26:09.100+0600] {processor.py:179} INFO - Processing /Users/asminsadykova/Desktop/h&m/.venv/lib/python3.9/site-packages/airflow/example_dags/example_branch_day_of_week_operator.py took 0.101 seconds
[2025-12-04T23:27:48.522+0600] {processor.py:157} INFO - Started process (PID=39672) to work on /Users/asminsadykova/Desktop/h&m/.venv/lib/python3.9/site-packages/airflow/example_dags/example_branch_day_of_week_operator.py
[2025-12-04T23:27:48.523+0600] {processor.py:829} INFO - Processing file /Users/asminsadykova/Desktop/h&m/.venv/lib/python3.9/site-packages/airflow/example_dags/example_branch_day_of_week_operator.py for tasks to queue
[2025-12-04T23:27:48.523+0600] {logging_mixin.py:154} INFO - [2025-12-04T23:27:48.523+0600] {dagbag.py:536} INFO - Filling up the DagBag from /Users/asminsadykova/Desktop/h&m/.venv/lib/python3.9/site-packages/airflow/example_dags/example_branch_day_of_week_operator.py
[2025-12-04T23:27:48.535+0600] {processor.py:839} INFO - DAG(s) dict_keys(['example_weekday_branch_operator']) retrieved from /Users/asminsadykova/Desktop/h&m/.venv/lib/python3.9/site-packages/airflow/example_dags/example_branch_day_of_week_operator.py
[2025-12-04T23:27:48.606+0600] {logging_mixin.py:154} INFO - [2025-12-04T23:27:48.606+0600] {dag.py:2941} INFO - Sync 1 DAGs
[2025-12-04T23:27:48.612+0600] {logging_mixin.py:154} INFO - [2025-12-04T23:27:48.612+0600] {dag.py:3722} INFO - Setting next_dagrun for example_weekday_branch_operator to 2025-12-03T00:00:00+00:00, run_after=2025-12-04T00:00:00+00:00
[2025-12-04T23:27:48.625+0600] {processor.py:179} INFO - Processing /Users/asminsadykova/Desktop/h&m/.venv/lib/python3.9/site-packages/airflow/example_dags/example_branch_day_of_week_operator.py took 0.104 seconds
[2025-12-04T23:29:12.734+0600] {processor.py:157} INFO - Started process (PID=39755) to work on /Users/asminsadykova/Desktop/h&m/.venv/lib/python3.9/site-packages/airflow/example_dags/example_branch_day_of_week_operator.py
[2025-12-04T23:29:12.735+0600] {processor.py:829} INFO - Processing file /Users/asminsadykova/Desktop/h&m/.venv/lib/python3.9/site-packages/airflow/example_dags/example_branch_day_of_week_operator.py for tasks to queue
[2025-12-04T23:29:12.735+0600] {logging_mixin.py:154} INFO - [2025-12-04T23:29:12.735+0600] {dagbag.py:536} INFO - Filling up the DagBag from /Users/asminsadykova/Desktop/h&m/.venv/lib/python3.9/site-packages/airflow/example_dags/example_branch_day_of_week_operator.py
[2025-12-04T23:29:12.748+0600] {processor.py:839} INFO - DAG(s) dict_keys(['example_weekday_branch_operator']) retrieved from /Users/asminsadykova/Desktop/h&m/.venv/lib/python3.9/site-packages/airflow/example_dags/example_branch_day_of_week_operator.py
[2025-12-04T23:29:12.818+0600] {logging_mixin.py:154} INFO - [2025-12-04T23:29:12.818+0600] {dag.py:2941} INFO - Sync 1 DAGs
[2025-12-04T23:29:12.824+0600] {logging_mixin.py:154} INFO - [2025-12-04T23:29:12.824+0600] {dag.py:3722} INFO - Setting next_dagrun for example_weekday_branch_operator to 2025-12-03T00:00:00+00:00, run_after=2025-12-04T00:00:00+00:00
[2025-12-04T23:29:12.833+0600] {processor.py:179} INFO - Processing /Users/asminsadykova/Desktop/h&m/.venv/lib/python3.9/site-packages/airflow/example_dags/example_branch_day_of_week_operator.py took 0.099 seconds
[2025-12-04T23:30:35.883+0600] {processor.py:157} INFO - Started process (PID=39823) to work on /Users/asminsadykova/Desktop/h&m/.venv/lib/python3.9/site-packages/airflow/example_dags/example_branch_day_of_week_operator.py
[2025-12-04T23:30:35.884+0600] {processor.py:829} INFO - Processing file /Users/asminsadykova/Desktop/h&m/.venv/lib/python3.9/site-packages/airflow/example_dags/example_branch_day_of_week_operator.py for tasks to queue
[2025-12-04T23:30:35.884+0600] {logging_mixin.py:154} INFO - [2025-12-04T23:30:35.884+0600] {dagbag.py:536} INFO - Filling up the DagBag from /Users/asminsadykova/Desktop/h&m/.venv/lib/python3.9/site-packages/airflow/example_dags/example_branch_day_of_week_operator.py
[2025-12-04T23:30:35.897+0600] {processor.py:839} INFO - DAG(s) dict_keys(['example_weekday_branch_operator']) retrieved from /Users/asminsadykova/Desktop/h&m/.venv/lib/python3.9/site-packages/airflow/example_dags/example_branch_day_of_week_operator.py
[2025-12-04T23:30:35.967+0600] {logging_mixin.py:154} INFO - [2025-12-04T23:30:35.967+0600] {dag.py:2941} INFO - Sync 1 DAGs
[2025-12-04T23:30:35.974+0600] {logging_mixin.py:154} INFO - [2025-12-04T23:30:35.974+0600] {dag.py:3722} INFO - Setting next_dagrun for example_weekday_branch_operator to 2025-12-03T00:00:00+00:00, run_after=2025-12-04T00:00:00+00:00
[2025-12-04T23:30:35.982+0600] {processor.py:179} INFO - Processing /Users/asminsadykova/Desktop/h&m/.venv/lib/python3.9/site-packages/airflow/example_dags/example_branch_day_of_week_operator.py took 0.099 seconds
[2025-12-04T23:31:59.646+0600] {processor.py:157} INFO - Started process (PID=39893) to work on /Users/asminsadykova/Desktop/h&m/.venv/lib/python3.9/site-packages/airflow/example_dags/example_branch_day_of_week_operator.py
[2025-12-04T23:31:59.648+0600] {processor.py:829} INFO - Processing file /Users/asminsadykova/Desktop/h&m/.venv/lib/python3.9/site-packages/airflow/example_dags/example_branch_day_of_week_operator.py for tasks to queue
[2025-12-04T23:31:59.648+0600] {logging_mixin.py:154} INFO - [2025-12-04T23:31:59.648+0600] {dagbag.py:536} INFO - Filling up the DagBag from /Users/asminsadykova/Desktop/h&m/.venv/lib/python3.9/site-packages/airflow/example_dags/example_branch_day_of_week_operator.py
[2025-12-04T23:31:59.661+0600] {processor.py:839} INFO - DAG(s) dict_keys(['example_weekday_branch_operator']) retrieved from /Users/asminsadykova/Desktop/h&m/.venv/lib/python3.9/site-packages/airflow/example_dags/example_branch_day_of_week_operator.py
[2025-12-04T23:31:59.732+0600] {logging_mixin.py:154} INFO - [2025-12-04T23:31:59.732+0600] {dag.py:2941} INFO - Sync 1 DAGs
[2025-12-04T23:31:59.739+0600] {logging_mixin.py:154} INFO - [2025-12-04T23:31:59.739+0600] {dag.py:3722} INFO - Setting next_dagrun for example_weekday_branch_operator to 2025-12-03T00:00:00+00:00, run_after=2025-12-04T00:00:00+00:00
[2025-12-04T23:31:59.747+0600] {processor.py:179} INFO - Processing /Users/asminsadykova/Desktop/h&m/.venv/lib/python3.9/site-packages/airflow/example_dags/example_branch_day_of_week_operator.py took 0.101 seconds
[2025-12-04T23:33:27.364+0600] {processor.py:157} INFO - Started process (PID=40120) to work on /Users/asminsadykova/Desktop/h&m/.venv/lib/python3.9/site-packages/airflow/example_dags/example_branch_day_of_week_operator.py
[2025-12-04T23:33:27.365+0600] {processor.py:829} INFO - Processing file /Users/asminsadykova/Desktop/h&m/.venv/lib/python3.9/site-packages/airflow/example_dags/example_branch_day_of_week_operator.py for tasks to queue
[2025-12-04T23:33:27.365+0600] {logging_mixin.py:154} INFO - [2025-12-04T23:33:27.365+0600] {dagbag.py:536} INFO - Filling up the DagBag from /Users/asminsadykova/Desktop/h&m/.venv/lib/python3.9/site-packages/airflow/example_dags/example_branch_day_of_week_operator.py
[2025-12-04T23:33:27.378+0600] {processor.py:839} INFO - DAG(s) dict_keys(['example_weekday_branch_operator']) retrieved from /Users/asminsadykova/Desktop/h&m/.venv/lib/python3.9/site-packages/airflow/example_dags/example_branch_day_of_week_operator.py
[2025-12-04T23:33:27.449+0600] {logging_mixin.py:154} INFO - [2025-12-04T23:33:27.449+0600] {dag.py:2941} INFO - Sync 1 DAGs
[2025-12-04T23:33:27.455+0600] {logging_mixin.py:154} INFO - [2025-12-04T23:33:27.455+0600] {dag.py:3722} INFO - Setting next_dagrun for example_weekday_branch_operator to 2025-12-03T00:00:00+00:00, run_after=2025-12-04T00:00:00+00:00
[2025-12-04T23:33:27.463+0600] {processor.py:179} INFO - Processing /Users/asminsadykova/Desktop/h&m/.venv/lib/python3.9/site-packages/airflow/example_dags/example_branch_day_of_week_operator.py took 0.100 seconds
[2025-12-04T23:34:53.070+0600] {processor.py:157} INFO - Started process (PID=40202) to work on /Users/asminsadykova/Desktop/h&m/.venv/lib/python3.9/site-packages/airflow/example_dags/example_branch_day_of_week_operator.py
[2025-12-04T23:34:53.071+0600] {processor.py:829} INFO - Processing file /Users/asminsadykova/Desktop/h&m/.venv/lib/python3.9/site-packages/airflow/example_dags/example_branch_day_of_week_operator.py for tasks to queue
[2025-12-04T23:34:53.072+0600] {logging_mixin.py:154} INFO - [2025-12-04T23:34:53.071+0600] {dagbag.py:536} INFO - Filling up the DagBag from /Users/asminsadykova/Desktop/h&m/.venv/lib/python3.9/site-packages/airflow/example_dags/example_branch_day_of_week_operator.py
[2025-12-04T23:34:53.084+0600] {processor.py:839} INFO - DAG(s) dict_keys(['example_weekday_branch_operator']) retrieved from /Users/asminsadykova/Desktop/h&m/.venv/lib/python3.9/site-packages/airflow/example_dags/example_branch_day_of_week_operator.py
[2025-12-04T23:34:53.155+0600] {logging_mixin.py:154} INFO - [2025-12-04T23:34:53.155+0600] {dag.py:2941} INFO - Sync 1 DAGs
[2025-12-04T23:34:53.162+0600] {logging_mixin.py:154} INFO - [2025-12-04T23:34:53.161+0600] {dag.py:3722} INFO - Setting next_dagrun for example_weekday_branch_operator to 2025-12-03T00:00:00+00:00, run_after=2025-12-04T00:00:00+00:00
[2025-12-04T23:34:53.170+0600] {processor.py:179} INFO - Processing /Users/asminsadykova/Desktop/h&m/.venv/lib/python3.9/site-packages/airflow/example_dags/example_branch_day_of_week_operator.py took 0.100 seconds
[2025-12-04T23:36:32.139+0600] {processor.py:157} INFO - Started process (PID=40291) to work on /Users/asminsadykova/Desktop/h&m/.venv/lib/python3.9/site-packages/airflow/example_dags/example_branch_day_of_week_operator.py
[2025-12-04T23:36:32.140+0600] {processor.py:829} INFO - Processing file /Users/asminsadykova/Desktop/h&m/.venv/lib/python3.9/site-packages/airflow/example_dags/example_branch_day_of_week_operator.py for tasks to queue
[2025-12-04T23:36:32.140+0600] {logging_mixin.py:154} INFO - [2025-12-04T23:36:32.140+0600] {dagbag.py:536} INFO - Filling up the DagBag from /Users/asminsadykova/Desktop/h&m/.venv/lib/python3.9/site-packages/airflow/example_dags/example_branch_day_of_week_operator.py
[2025-12-04T23:36:32.152+0600] {processor.py:839} INFO - DAG(s) dict_keys(['example_weekday_branch_operator']) retrieved from /Users/asminsadykova/Desktop/h&m/.venv/lib/python3.9/site-packages/airflow/example_dags/example_branch_day_of_week_operator.py
[2025-12-04T23:36:32.223+0600] {logging_mixin.py:154} INFO - [2025-12-04T23:36:32.222+0600] {dag.py:2941} INFO - Sync 1 DAGs
[2025-12-04T23:36:32.229+0600] {logging_mixin.py:154} INFO - [2025-12-04T23:36:32.229+0600] {dag.py:3722} INFO - Setting next_dagrun for example_weekday_branch_operator to 2025-12-03T00:00:00+00:00, run_after=2025-12-04T00:00:00+00:00
[2025-12-04T23:36:32.237+0600] {processor.py:179} INFO - Processing /Users/asminsadykova/Desktop/h&m/.venv/lib/python3.9/site-packages/airflow/example_dags/example_branch_day_of_week_operator.py took 0.099 seconds
[2025-12-04T23:38:00.228+0600] {processor.py:157} INFO - Started process (PID=40381) to work on /Users/asminsadykova/Desktop/h&m/.venv/lib/python3.9/site-packages/airflow/example_dags/example_branch_day_of_week_operator.py
[2025-12-04T23:38:00.229+0600] {processor.py:829} INFO - Processing file /Users/asminsadykova/Desktop/h&m/.venv/lib/python3.9/site-packages/airflow/example_dags/example_branch_day_of_week_operator.py for tasks to queue
[2025-12-04T23:38:00.229+0600] {logging_mixin.py:154} INFO - [2025-12-04T23:38:00.229+0600] {dagbag.py:536} INFO - Filling up the DagBag from /Users/asminsadykova/Desktop/h&m/.venv/lib/python3.9/site-packages/airflow/example_dags/example_branch_day_of_week_operator.py
[2025-12-04T23:38:00.242+0600] {processor.py:839} INFO - DAG(s) dict_keys(['example_weekday_branch_operator']) retrieved from /Users/asminsadykova/Desktop/h&m/.venv/lib/python3.9/site-packages/airflow/example_dags/example_branch_day_of_week_operator.py
[2025-12-04T23:38:00.335+0600] {logging_mixin.py:154} INFO - [2025-12-04T23:38:00.335+0600] {dag.py:2941} INFO - Sync 1 DAGs
[2025-12-04T23:38:00.342+0600] {logging_mixin.py:154} INFO - [2025-12-04T23:38:00.342+0600] {dag.py:3722} INFO - Setting next_dagrun for example_weekday_branch_operator to 2025-12-03T00:00:00+00:00, run_after=2025-12-04T00:00:00+00:00
[2025-12-04T23:38:00.350+0600] {processor.py:179} INFO - Processing /Users/asminsadykova/Desktop/h&m/.venv/lib/python3.9/site-packages/airflow/example_dags/example_branch_day_of_week_operator.py took 0.123 seconds
[2025-12-04T23:39:37.354+0600] {processor.py:157} INFO - Started process (PID=40466) to work on /Users/asminsadykova/Desktop/h&m/.venv/lib/python3.9/site-packages/airflow/example_dags/example_branch_day_of_week_operator.py
[2025-12-04T23:39:37.356+0600] {processor.py:829} INFO - Processing file /Users/asminsadykova/Desktop/h&m/.venv/lib/python3.9/site-packages/airflow/example_dags/example_branch_day_of_week_operator.py for tasks to queue
[2025-12-04T23:39:37.356+0600] {logging_mixin.py:154} INFO - [2025-12-04T23:39:37.356+0600] {dagbag.py:536} INFO - Filling up the DagBag from /Users/asminsadykova/Desktop/h&m/.venv/lib/python3.9/site-packages/airflow/example_dags/example_branch_day_of_week_operator.py
[2025-12-04T23:39:37.369+0600] {processor.py:839} INFO - DAG(s) dict_keys(['example_weekday_branch_operator']) retrieved from /Users/asminsadykova/Desktop/h&m/.venv/lib/python3.9/site-packages/airflow/example_dags/example_branch_day_of_week_operator.py
[2025-12-04T23:39:37.444+0600] {logging_mixin.py:154} INFO - [2025-12-04T23:39:37.444+0600] {dag.py:2941} INFO - Sync 1 DAGs
[2025-12-04T23:39:37.451+0600] {logging_mixin.py:154} INFO - [2025-12-04T23:39:37.451+0600] {dag.py:3722} INFO - Setting next_dagrun for example_weekday_branch_operator to 2025-12-03T00:00:00+00:00, run_after=2025-12-04T00:00:00+00:00
[2025-12-04T23:39:37.459+0600] {processor.py:179} INFO - Processing /Users/asminsadykova/Desktop/h&m/.venv/lib/python3.9/site-packages/airflow/example_dags/example_branch_day_of_week_operator.py took 0.105 seconds
[2025-12-04T23:41:14.408+0600] {processor.py:157} INFO - Started process (PID=40594) to work on /Users/asminsadykova/Desktop/h&m/.venv/lib/python3.9/site-packages/airflow/example_dags/example_branch_day_of_week_operator.py
[2025-12-04T23:41:14.409+0600] {processor.py:829} INFO - Processing file /Users/asminsadykova/Desktop/h&m/.venv/lib/python3.9/site-packages/airflow/example_dags/example_branch_day_of_week_operator.py for tasks to queue
[2025-12-04T23:41:14.409+0600] {logging_mixin.py:154} INFO - [2025-12-04T23:41:14.409+0600] {dagbag.py:536} INFO - Filling up the DagBag from /Users/asminsadykova/Desktop/h&m/.venv/lib/python3.9/site-packages/airflow/example_dags/example_branch_day_of_week_operator.py
[2025-12-04T23:41:14.422+0600] {processor.py:839} INFO - DAG(s) dict_keys(['example_weekday_branch_operator']) retrieved from /Users/asminsadykova/Desktop/h&m/.venv/lib/python3.9/site-packages/airflow/example_dags/example_branch_day_of_week_operator.py
[2025-12-04T23:41:14.493+0600] {logging_mixin.py:154} INFO - [2025-12-04T23:41:14.493+0600] {dag.py:2941} INFO - Sync 1 DAGs
[2025-12-04T23:41:14.500+0600] {logging_mixin.py:154} INFO - [2025-12-04T23:41:14.500+0600] {dag.py:3722} INFO - Setting next_dagrun for example_weekday_branch_operator to 2025-12-03T00:00:00+00:00, run_after=2025-12-04T00:00:00+00:00
[2025-12-04T23:41:14.508+0600] {processor.py:179} INFO - Processing /Users/asminsadykova/Desktop/h&m/.venv/lib/python3.9/site-packages/airflow/example_dags/example_branch_day_of_week_operator.py took 0.100 seconds
[2025-12-04T23:42:39.670+0600] {processor.py:157} INFO - Started process (PID=40703) to work on /Users/asminsadykova/Desktop/h&m/.venv/lib/python3.9/site-packages/airflow/example_dags/example_branch_day_of_week_operator.py
[2025-12-04T23:42:39.672+0600] {processor.py:829} INFO - Processing file /Users/asminsadykova/Desktop/h&m/.venv/lib/python3.9/site-packages/airflow/example_dags/example_branch_day_of_week_operator.py for tasks to queue
[2025-12-04T23:42:39.672+0600] {logging_mixin.py:154} INFO - [2025-12-04T23:42:39.672+0600] {dagbag.py:536} INFO - Filling up the DagBag from /Users/asminsadykova/Desktop/h&m/.venv/lib/python3.9/site-packages/airflow/example_dags/example_branch_day_of_week_operator.py
[2025-12-04T23:42:39.684+0600] {processor.py:839} INFO - DAG(s) dict_keys(['example_weekday_branch_operator']) retrieved from /Users/asminsadykova/Desktop/h&m/.venv/lib/python3.9/site-packages/airflow/example_dags/example_branch_day_of_week_operator.py
[2025-12-04T23:42:39.755+0600] {logging_mixin.py:154} INFO - [2025-12-04T23:42:39.754+0600] {dag.py:2941} INFO - Sync 1 DAGs
[2025-12-04T23:42:39.761+0600] {logging_mixin.py:154} INFO - [2025-12-04T23:42:39.761+0600] {dag.py:3722} INFO - Setting next_dagrun for example_weekday_branch_operator to 2025-12-03T00:00:00+00:00, run_after=2025-12-04T00:00:00+00:00
[2025-12-04T23:42:39.769+0600] {processor.py:179} INFO - Processing /Users/asminsadykova/Desktop/h&m/.venv/lib/python3.9/site-packages/airflow/example_dags/example_branch_day_of_week_operator.py took 0.099 seconds
[2025-12-04T23:44:16.529+0600] {processor.py:157} INFO - Started process (PID=40883) to work on /Users/asminsadykova/Desktop/h&m/.venv/lib/python3.9/site-packages/airflow/example_dags/example_branch_day_of_week_operator.py
[2025-12-04T23:44:16.530+0600] {processor.py:829} INFO - Processing file /Users/asminsadykova/Desktop/h&m/.venv/lib/python3.9/site-packages/airflow/example_dags/example_branch_day_of_week_operator.py for tasks to queue
[2025-12-04T23:44:16.530+0600] {logging_mixin.py:154} INFO - [2025-12-04T23:44:16.530+0600] {dagbag.py:536} INFO - Filling up the DagBag from /Users/asminsadykova/Desktop/h&m/.venv/lib/python3.9/site-packages/airflow/example_dags/example_branch_day_of_week_operator.py
[2025-12-04T23:44:16.542+0600] {processor.py:839} INFO - DAG(s) dict_keys(['example_weekday_branch_operator']) retrieved from /Users/asminsadykova/Desktop/h&m/.venv/lib/python3.9/site-packages/airflow/example_dags/example_branch_day_of_week_operator.py
[2025-12-04T23:44:16.619+0600] {logging_mixin.py:154} INFO - [2025-12-04T23:44:16.619+0600] {dag.py:2941} INFO - Sync 1 DAGs
[2025-12-04T23:44:16.626+0600] {logging_mixin.py:154} INFO - [2025-12-04T23:44:16.626+0600] {dag.py:3722} INFO - Setting next_dagrun for example_weekday_branch_operator to 2025-12-03T00:00:00+00:00, run_after=2025-12-04T00:00:00+00:00
[2025-12-04T23:44:16.634+0600] {processor.py:179} INFO - Processing /Users/asminsadykova/Desktop/h&m/.venv/lib/python3.9/site-packages/airflow/example_dags/example_branch_day_of_week_operator.py took 0.105 seconds
[2025-12-04T23:45:52.409+0600] {processor.py:157} INFO - Started process (PID=41189) to work on /Users/asminsadykova/Desktop/h&m/.venv/lib/python3.9/site-packages/airflow/example_dags/example_branch_day_of_week_operator.py
[2025-12-04T23:45:52.410+0600] {processor.py:829} INFO - Processing file /Users/asminsadykova/Desktop/h&m/.venv/lib/python3.9/site-packages/airflow/example_dags/example_branch_day_of_week_operator.py for tasks to queue
[2025-12-04T23:45:52.411+0600] {logging_mixin.py:154} INFO - [2025-12-04T23:45:52.410+0600] {dagbag.py:536} INFO - Filling up the DagBag from /Users/asminsadykova/Desktop/h&m/.venv/lib/python3.9/site-packages/airflow/example_dags/example_branch_day_of_week_operator.py
[2025-12-04T23:45:52.424+0600] {processor.py:839} INFO - DAG(s) dict_keys(['example_weekday_branch_operator']) retrieved from /Users/asminsadykova/Desktop/h&m/.venv/lib/python3.9/site-packages/airflow/example_dags/example_branch_day_of_week_operator.py
[2025-12-04T23:45:52.499+0600] {logging_mixin.py:154} INFO - [2025-12-04T23:45:52.498+0600] {dag.py:2941} INFO - Sync 1 DAGs
[2025-12-04T23:45:52.505+0600] {logging_mixin.py:154} INFO - [2025-12-04T23:45:52.505+0600] {dag.py:3722} INFO - Setting next_dagrun for example_weekday_branch_operator to 2025-12-03T00:00:00+00:00, run_after=2025-12-04T00:00:00+00:00
[2025-12-04T23:45:52.513+0600] {processor.py:179} INFO - Processing /Users/asminsadykova/Desktop/h&m/.venv/lib/python3.9/site-packages/airflow/example_dags/example_branch_day_of_week_operator.py took 0.104 seconds
[2025-12-04T23:47:27.747+0600] {processor.py:157} INFO - Started process (PID=41574) to work on /Users/asminsadykova/Desktop/h&m/.venv/lib/python3.9/site-packages/airflow/example_dags/example_branch_day_of_week_operator.py
[2025-12-04T23:47:27.748+0600] {processor.py:829} INFO - Processing file /Users/asminsadykova/Desktop/h&m/.venv/lib/python3.9/site-packages/airflow/example_dags/example_branch_day_of_week_operator.py for tasks to queue
[2025-12-04T23:47:27.748+0600] {logging_mixin.py:154} INFO - [2025-12-04T23:47:27.748+0600] {dagbag.py:536} INFO - Filling up the DagBag from /Users/asminsadykova/Desktop/h&m/.venv/lib/python3.9/site-packages/airflow/example_dags/example_branch_day_of_week_operator.py
[2025-12-04T23:47:27.761+0600] {processor.py:839} INFO - DAG(s) dict_keys(['example_weekday_branch_operator']) retrieved from /Users/asminsadykova/Desktop/h&m/.venv/lib/python3.9/site-packages/airflow/example_dags/example_branch_day_of_week_operator.py
[2025-12-04T23:47:27.834+0600] {logging_mixin.py:154} INFO - [2025-12-04T23:47:27.834+0600] {dag.py:2941} INFO - Sync 1 DAGs
[2025-12-04T23:47:27.841+0600] {logging_mixin.py:154} INFO - [2025-12-04T23:47:27.841+0600] {dag.py:3722} INFO - Setting next_dagrun for example_weekday_branch_operator to 2025-12-03T00:00:00+00:00, run_after=2025-12-04T00:00:00+00:00
[2025-12-04T23:47:27.849+0600] {processor.py:179} INFO - Processing /Users/asminsadykova/Desktop/h&m/.venv/lib/python3.9/site-packages/airflow/example_dags/example_branch_day_of_week_operator.py took 0.102 seconds
[2025-12-04T23:48:52.980+0600] {processor.py:157} INFO - Started process (PID=41681) to work on /Users/asminsadykova/Desktop/h&m/.venv/lib/python3.9/site-packages/airflow/example_dags/example_branch_day_of_week_operator.py
[2025-12-04T23:48:52.982+0600] {processor.py:829} INFO - Processing file /Users/asminsadykova/Desktop/h&m/.venv/lib/python3.9/site-packages/airflow/example_dags/example_branch_day_of_week_operator.py for tasks to queue
[2025-12-04T23:48:52.982+0600] {logging_mixin.py:154} INFO - [2025-12-04T23:48:52.982+0600] {dagbag.py:536} INFO - Filling up the DagBag from /Users/asminsadykova/Desktop/h&m/.venv/lib/python3.9/site-packages/airflow/example_dags/example_branch_day_of_week_operator.py
[2025-12-04T23:48:52.995+0600] {processor.py:839} INFO - DAG(s) dict_keys(['example_weekday_branch_operator']) retrieved from /Users/asminsadykova/Desktop/h&m/.venv/lib/python3.9/site-packages/airflow/example_dags/example_branch_day_of_week_operator.py
[2025-12-04T23:48:53.066+0600] {logging_mixin.py:154} INFO - [2025-12-04T23:48:53.065+0600] {dag.py:2941} INFO - Sync 1 DAGs
[2025-12-04T23:48:53.072+0600] {logging_mixin.py:154} INFO - [2025-12-04T23:48:53.072+0600] {dag.py:3722} INFO - Setting next_dagrun for example_weekday_branch_operator to 2025-12-03T00:00:00+00:00, run_after=2025-12-04T00:00:00+00:00
[2025-12-04T23:48:53.080+0600] {processor.py:179} INFO - Processing /Users/asminsadykova/Desktop/h&m/.venv/lib/python3.9/site-packages/airflow/example_dags/example_branch_day_of_week_operator.py took 0.100 seconds
[2025-12-04T23:50:27.835+0600] {processor.py:157} INFO - Started process (PID=41806) to work on /Users/asminsadykova/Desktop/h&m/.venv/lib/python3.9/site-packages/airflow/example_dags/example_branch_day_of_week_operator.py
[2025-12-04T23:50:27.836+0600] {processor.py:829} INFO - Processing file /Users/asminsadykova/Desktop/h&m/.venv/lib/python3.9/site-packages/airflow/example_dags/example_branch_day_of_week_operator.py for tasks to queue
[2025-12-04T23:50:27.836+0600] {logging_mixin.py:154} INFO - [2025-12-04T23:50:27.836+0600] {dagbag.py:536} INFO - Filling up the DagBag from /Users/asminsadykova/Desktop/h&m/.venv/lib/python3.9/site-packages/airflow/example_dags/example_branch_day_of_week_operator.py
[2025-12-04T23:50:27.850+0600] {processor.py:839} INFO - DAG(s) dict_keys(['example_weekday_branch_operator']) retrieved from /Users/asminsadykova/Desktop/h&m/.venv/lib/python3.9/site-packages/airflow/example_dags/example_branch_day_of_week_operator.py
[2025-12-04T23:50:27.923+0600] {logging_mixin.py:154} INFO - [2025-12-04T23:50:27.923+0600] {dag.py:2941} INFO - Sync 1 DAGs
[2025-12-04T23:50:27.930+0600] {logging_mixin.py:154} INFO - [2025-12-04T23:50:27.930+0600] {dag.py:3722} INFO - Setting next_dagrun for example_weekday_branch_operator to 2025-12-03T00:00:00+00:00, run_after=2025-12-04T00:00:00+00:00
[2025-12-04T23:50:27.940+0600] {processor.py:179} INFO - Processing /Users/asminsadykova/Desktop/h&m/.venv/lib/python3.9/site-packages/airflow/example_dags/example_branch_day_of_week_operator.py took 0.105 seconds
[2025-12-04T23:52:03.968+0600] {processor.py:157} INFO - Started process (PID=42044) to work on /Users/asminsadykova/Desktop/h&m/.venv/lib/python3.9/site-packages/airflow/example_dags/example_branch_day_of_week_operator.py
[2025-12-04T23:52:03.969+0600] {processor.py:829} INFO - Processing file /Users/asminsadykova/Desktop/h&m/.venv/lib/python3.9/site-packages/airflow/example_dags/example_branch_day_of_week_operator.py for tasks to queue
[2025-12-04T23:52:03.969+0600] {logging_mixin.py:154} INFO - [2025-12-04T23:52:03.969+0600] {dagbag.py:536} INFO - Filling up the DagBag from /Users/asminsadykova/Desktop/h&m/.venv/lib/python3.9/site-packages/airflow/example_dags/example_branch_day_of_week_operator.py
[2025-12-04T23:52:03.982+0600] {processor.py:839} INFO - DAG(s) dict_keys(['example_weekday_branch_operator']) retrieved from /Users/asminsadykova/Desktop/h&m/.venv/lib/python3.9/site-packages/airflow/example_dags/example_branch_day_of_week_operator.py
[2025-12-04T23:52:04.053+0600] {logging_mixin.py:154} INFO - [2025-12-04T23:52:04.053+0600] {dag.py:2941} INFO - Sync 1 DAGs
[2025-12-04T23:52:04.060+0600] {logging_mixin.py:154} INFO - [2025-12-04T23:52:04.060+0600] {dag.py:3722} INFO - Setting next_dagrun for example_weekday_branch_operator to 2025-12-03T00:00:00+00:00, run_after=2025-12-04T00:00:00+00:00
[2025-12-04T23:52:04.067+0600] {processor.py:179} INFO - Processing /Users/asminsadykova/Desktop/h&m/.venv/lib/python3.9/site-packages/airflow/example_dags/example_branch_day_of_week_operator.py took 0.100 seconds
[2025-12-04T23:53:41.397+0600] {processor.py:157} INFO - Started process (PID=42143) to work on /Users/asminsadykova/Desktop/h&m/.venv/lib/python3.9/site-packages/airflow/example_dags/example_branch_day_of_week_operator.py
[2025-12-04T23:53:41.398+0600] {processor.py:829} INFO - Processing file /Users/asminsadykova/Desktop/h&m/.venv/lib/python3.9/site-packages/airflow/example_dags/example_branch_day_of_week_operator.py for tasks to queue
[2025-12-04T23:53:41.398+0600] {logging_mixin.py:154} INFO - [2025-12-04T23:53:41.398+0600] {dagbag.py:536} INFO - Filling up the DagBag from /Users/asminsadykova/Desktop/h&m/.venv/lib/python3.9/site-packages/airflow/example_dags/example_branch_day_of_week_operator.py
[2025-12-04T23:53:41.410+0600] {processor.py:839} INFO - DAG(s) dict_keys(['example_weekday_branch_operator']) retrieved from /Users/asminsadykova/Desktop/h&m/.venv/lib/python3.9/site-packages/airflow/example_dags/example_branch_day_of_week_operator.py
[2025-12-04T23:53:41.484+0600] {logging_mixin.py:154} INFO - [2025-12-04T23:53:41.484+0600] {dag.py:2941} INFO - Sync 1 DAGs
[2025-12-04T23:53:41.492+0600] {logging_mixin.py:154} INFO - [2025-12-04T23:53:41.492+0600] {dag.py:3722} INFO - Setting next_dagrun for example_weekday_branch_operator to 2025-12-03T00:00:00+00:00, run_after=2025-12-04T00:00:00+00:00
[2025-12-04T23:53:41.501+0600] {processor.py:179} INFO - Processing /Users/asminsadykova/Desktop/h&m/.venv/lib/python3.9/site-packages/airflow/example_dags/example_branch_day_of_week_operator.py took 0.104 seconds
[2025-12-04T23:55:07.103+0600] {processor.py:157} INFO - Started process (PID=42219) to work on /Users/asminsadykova/Desktop/h&m/.venv/lib/python3.9/site-packages/airflow/example_dags/example_branch_day_of_week_operator.py
[2025-12-04T23:55:07.105+0600] {processor.py:829} INFO - Processing file /Users/asminsadykova/Desktop/h&m/.venv/lib/python3.9/site-packages/airflow/example_dags/example_branch_day_of_week_operator.py for tasks to queue
[2025-12-04T23:55:07.105+0600] {logging_mixin.py:154} INFO - [2025-12-04T23:55:07.105+0600] {dagbag.py:536} INFO - Filling up the DagBag from /Users/asminsadykova/Desktop/h&m/.venv/lib/python3.9/site-packages/airflow/example_dags/example_branch_day_of_week_operator.py
[2025-12-04T23:55:07.121+0600] {processor.py:839} INFO - DAG(s) dict_keys(['example_weekday_branch_operator']) retrieved from /Users/asminsadykova/Desktop/h&m/.venv/lib/python3.9/site-packages/airflow/example_dags/example_branch_day_of_week_operator.py
[2025-12-04T23:55:07.191+0600] {logging_mixin.py:154} INFO - [2025-12-04T23:55:07.191+0600] {dag.py:2941} INFO - Sync 1 DAGs
[2025-12-04T23:55:07.198+0600] {logging_mixin.py:154} INFO - [2025-12-04T23:55:07.198+0600] {dag.py:3722} INFO - Setting next_dagrun for example_weekday_branch_operator to 2025-12-03T00:00:00+00:00, run_after=2025-12-04T00:00:00+00:00
[2025-12-04T23:55:07.205+0600] {processor.py:179} INFO - Processing /Users/asminsadykova/Desktop/h&m/.venv/lib/python3.9/site-packages/airflow/example_dags/example_branch_day_of_week_operator.py took 0.103 seconds
[2025-12-04T23:56:37.473+0600] {processor.py:157} INFO - Started process (PID=42294) to work on /Users/asminsadykova/Desktop/h&m/.venv/lib/python3.9/site-packages/airflow/example_dags/example_branch_day_of_week_operator.py
[2025-12-04T23:56:37.473+0600] {processor.py:829} INFO - Processing file /Users/asminsadykova/Desktop/h&m/.venv/lib/python3.9/site-packages/airflow/example_dags/example_branch_day_of_week_operator.py for tasks to queue
[2025-12-04T23:56:37.474+0600] {logging_mixin.py:154} INFO - [2025-12-04T23:56:37.474+0600] {dagbag.py:536} INFO - Filling up the DagBag from /Users/asminsadykova/Desktop/h&m/.venv/lib/python3.9/site-packages/airflow/example_dags/example_branch_day_of_week_operator.py
[2025-12-04T23:56:37.487+0600] {processor.py:839} INFO - DAG(s) dict_keys(['example_weekday_branch_operator']) retrieved from /Users/asminsadykova/Desktop/h&m/.venv/lib/python3.9/site-packages/airflow/example_dags/example_branch_day_of_week_operator.py
[2025-12-04T23:56:37.560+0600] {logging_mixin.py:154} INFO - [2025-12-04T23:56:37.560+0600] {dag.py:2941} INFO - Sync 1 DAGs
[2025-12-04T23:56:37.567+0600] {logging_mixin.py:154} INFO - [2025-12-04T23:56:37.567+0600] {dag.py:3722} INFO - Setting next_dagrun for example_weekday_branch_operator to 2025-12-03T00:00:00+00:00, run_after=2025-12-04T00:00:00+00:00
[2025-12-04T23:56:37.574+0600] {processor.py:179} INFO - Processing /Users/asminsadykova/Desktop/h&m/.venv/lib/python3.9/site-packages/airflow/example_dags/example_branch_day_of_week_operator.py took 0.102 seconds
[2025-12-04T23:58:05.100+0600] {processor.py:157} INFO - Started process (PID=42378) to work on /Users/asminsadykova/Desktop/h&m/.venv/lib/python3.9/site-packages/airflow/example_dags/example_branch_day_of_week_operator.py
[2025-12-04T23:58:05.101+0600] {processor.py:829} INFO - Processing file /Users/asminsadykova/Desktop/h&m/.venv/lib/python3.9/site-packages/airflow/example_dags/example_branch_day_of_week_operator.py for tasks to queue
[2025-12-04T23:58:05.101+0600] {logging_mixin.py:154} INFO - [2025-12-04T23:58:05.101+0600] {dagbag.py:536} INFO - Filling up the DagBag from /Users/asminsadykova/Desktop/h&m/.venv/lib/python3.9/site-packages/airflow/example_dags/example_branch_day_of_week_operator.py
[2025-12-04T23:58:05.114+0600] {processor.py:839} INFO - DAG(s) dict_keys(['example_weekday_branch_operator']) retrieved from /Users/asminsadykova/Desktop/h&m/.venv/lib/python3.9/site-packages/airflow/example_dags/example_branch_day_of_week_operator.py
[2025-12-04T23:58:05.193+0600] {logging_mixin.py:154} INFO - [2025-12-04T23:58:05.193+0600] {dag.py:2941} INFO - Sync 1 DAGs
[2025-12-04T23:58:05.200+0600] {logging_mixin.py:154} INFO - [2025-12-04T23:58:05.200+0600] {dag.py:3722} INFO - Setting next_dagrun for example_weekday_branch_operator to 2025-12-03T00:00:00+00:00, run_after=2025-12-04T00:00:00+00:00
[2025-12-04T23:58:05.208+0600] {processor.py:179} INFO - Processing /Users/asminsadykova/Desktop/h&m/.venv/lib/python3.9/site-packages/airflow/example_dags/example_branch_day_of_week_operator.py took 0.108 seconds
[2025-12-04T23:59:33.594+0600] {processor.py:157} INFO - Started process (PID=42625) to work on /Users/asminsadykova/Desktop/h&m/.venv/lib/python3.9/site-packages/airflow/example_dags/example_branch_day_of_week_operator.py
[2025-12-04T23:59:33.595+0600] {processor.py:829} INFO - Processing file /Users/asminsadykova/Desktop/h&m/.venv/lib/python3.9/site-packages/airflow/example_dags/example_branch_day_of_week_operator.py for tasks to queue
[2025-12-04T23:59:33.595+0600] {logging_mixin.py:154} INFO - [2025-12-04T23:59:33.595+0600] {dagbag.py:536} INFO - Filling up the DagBag from /Users/asminsadykova/Desktop/h&m/.venv/lib/python3.9/site-packages/airflow/example_dags/example_branch_day_of_week_operator.py
[2025-12-04T23:59:33.609+0600] {processor.py:839} INFO - DAG(s) dict_keys(['example_weekday_branch_operator']) retrieved from /Users/asminsadykova/Desktop/h&m/.venv/lib/python3.9/site-packages/airflow/example_dags/example_branch_day_of_week_operator.py
[2025-12-04T23:59:33.687+0600] {logging_mixin.py:154} INFO - [2025-12-04T23:59:33.686+0600] {dag.py:2941} INFO - Sync 1 DAGs
[2025-12-04T23:59:33.695+0600] {logging_mixin.py:154} INFO - [2025-12-04T23:59:33.694+0600] {dag.py:3722} INFO - Setting next_dagrun for example_weekday_branch_operator to 2025-12-03T00:00:00+00:00, run_after=2025-12-04T00:00:00+00:00
[2025-12-04T23:59:33.705+0600] {processor.py:179} INFO - Processing /Users/asminsadykova/Desktop/h&m/.venv/lib/python3.9/site-packages/airflow/example_dags/example_branch_day_of_week_operator.py took 0.112 seconds
[2025-12-05T00:01:09.804+0600] {processor.py:157} INFO - Started process (PID=42841) to work on /Users/asminsadykova/Desktop/h&m/.venv/lib/python3.9/site-packages/airflow/example_dags/example_branch_day_of_week_operator.py
[2025-12-05T00:01:09.805+0600] {processor.py:829} INFO - Processing file /Users/asminsadykova/Desktop/h&m/.venv/lib/python3.9/site-packages/airflow/example_dags/example_branch_day_of_week_operator.py for tasks to queue
[2025-12-05T00:01:09.806+0600] {logging_mixin.py:154} INFO - [2025-12-05T00:01:09.806+0600] {dagbag.py:536} INFO - Filling up the DagBag from /Users/asminsadykova/Desktop/h&m/.venv/lib/python3.9/site-packages/airflow/example_dags/example_branch_day_of_week_operator.py
[2025-12-05T00:01:09.819+0600] {processor.py:839} INFO - DAG(s) dict_keys(['example_weekday_branch_operator']) retrieved from /Users/asminsadykova/Desktop/h&m/.venv/lib/python3.9/site-packages/airflow/example_dags/example_branch_day_of_week_operator.py
[2025-12-05T00:01:09.897+0600] {logging_mixin.py:154} INFO - [2025-12-05T00:01:09.897+0600] {dag.py:2941} INFO - Sync 1 DAGs
[2025-12-05T00:01:09.905+0600] {logging_mixin.py:154} INFO - [2025-12-05T00:01:09.905+0600] {dag.py:3722} INFO - Setting next_dagrun for example_weekday_branch_operator to 2025-12-03T00:00:00+00:00, run_after=2025-12-04T00:00:00+00:00
[2025-12-05T00:01:09.915+0600] {processor.py:179} INFO - Processing /Users/asminsadykova/Desktop/h&m/.venv/lib/python3.9/site-packages/airflow/example_dags/example_branch_day_of_week_operator.py took 0.112 seconds
[2025-12-05T00:02:41.938+0600] {processor.py:157} INFO - Started process (PID=42934) to work on /Users/asminsadykova/Desktop/h&m/.venv/lib/python3.9/site-packages/airflow/example_dags/example_branch_day_of_week_operator.py
[2025-12-05T00:02:41.938+0600] {processor.py:829} INFO - Processing file /Users/asminsadykova/Desktop/h&m/.venv/lib/python3.9/site-packages/airflow/example_dags/example_branch_day_of_week_operator.py for tasks to queue
[2025-12-05T00:02:41.939+0600] {logging_mixin.py:154} INFO - [2025-12-05T00:02:41.938+0600] {dagbag.py:536} INFO - Filling up the DagBag from /Users/asminsadykova/Desktop/h&m/.venv/lib/python3.9/site-packages/airflow/example_dags/example_branch_day_of_week_operator.py
[2025-12-05T00:02:41.951+0600] {processor.py:839} INFO - DAG(s) dict_keys(['example_weekday_branch_operator']) retrieved from /Users/asminsadykova/Desktop/h&m/.venv/lib/python3.9/site-packages/airflow/example_dags/example_branch_day_of_week_operator.py
[2025-12-05T00:02:42.022+0600] {logging_mixin.py:154} INFO - [2025-12-05T00:02:42.022+0600] {dag.py:2941} INFO - Sync 1 DAGs
[2025-12-05T00:02:42.029+0600] {logging_mixin.py:154} INFO - [2025-12-05T00:02:42.029+0600] {dag.py:3722} INFO - Setting next_dagrun for example_weekday_branch_operator to 2025-12-03T00:00:00+00:00, run_after=2025-12-04T00:00:00+00:00
[2025-12-05T00:02:42.037+0600] {processor.py:179} INFO - Processing /Users/asminsadykova/Desktop/h&m/.venv/lib/python3.9/site-packages/airflow/example_dags/example_branch_day_of_week_operator.py took 0.100 seconds
[2025-12-05T00:04:13.491+0600] {processor.py:157} INFO - Started process (PID=43078) to work on /Users/asminsadykova/Desktop/h&m/.venv/lib/python3.9/site-packages/airflow/example_dags/example_branch_day_of_week_operator.py
[2025-12-05T00:04:13.492+0600] {processor.py:829} INFO - Processing file /Users/asminsadykova/Desktop/h&m/.venv/lib/python3.9/site-packages/airflow/example_dags/example_branch_day_of_week_operator.py for tasks to queue
[2025-12-05T00:04:13.493+0600] {logging_mixin.py:154} INFO - [2025-12-05T00:04:13.493+0600] {dagbag.py:536} INFO - Filling up the DagBag from /Users/asminsadykova/Desktop/h&m/.venv/lib/python3.9/site-packages/airflow/example_dags/example_branch_day_of_week_operator.py
[2025-12-05T00:04:13.505+0600] {processor.py:839} INFO - DAG(s) dict_keys(['example_weekday_branch_operator']) retrieved from /Users/asminsadykova/Desktop/h&m/.venv/lib/python3.9/site-packages/airflow/example_dags/example_branch_day_of_week_operator.py
[2025-12-05T00:04:13.580+0600] {logging_mixin.py:154} INFO - [2025-12-05T00:04:13.580+0600] {dag.py:2941} INFO - Sync 1 DAGs
[2025-12-05T00:04:13.587+0600] {logging_mixin.py:154} INFO - [2025-12-05T00:04:13.587+0600] {dag.py:3722} INFO - Setting next_dagrun for example_weekday_branch_operator to 2025-12-03T00:00:00+00:00, run_after=2025-12-04T00:00:00+00:00
[2025-12-05T00:04:13.594+0600] {processor.py:179} INFO - Processing /Users/asminsadykova/Desktop/h&m/.venv/lib/python3.9/site-packages/airflow/example_dags/example_branch_day_of_week_operator.py took 0.104 seconds
[2025-12-05T00:05:50.152+0600] {processor.py:157} INFO - Started process (PID=43298) to work on /Users/asminsadykova/Desktop/h&m/.venv/lib/python3.9/site-packages/airflow/example_dags/example_branch_day_of_week_operator.py
[2025-12-05T00:05:50.153+0600] {processor.py:829} INFO - Processing file /Users/asminsadykova/Desktop/h&m/.venv/lib/python3.9/site-packages/airflow/example_dags/example_branch_day_of_week_operator.py for tasks to queue
[2025-12-05T00:05:50.153+0600] {logging_mixin.py:154} INFO - [2025-12-05T00:05:50.153+0600] {dagbag.py:536} INFO - Filling up the DagBag from /Users/asminsadykova/Desktop/h&m/.venv/lib/python3.9/site-packages/airflow/example_dags/example_branch_day_of_week_operator.py
[2025-12-05T00:05:50.167+0600] {processor.py:839} INFO - DAG(s) dict_keys(['example_weekday_branch_operator']) retrieved from /Users/asminsadykova/Desktop/h&m/.venv/lib/python3.9/site-packages/airflow/example_dags/example_branch_day_of_week_operator.py
[2025-12-05T00:05:50.246+0600] {logging_mixin.py:154} INFO - [2025-12-05T00:05:50.246+0600] {dag.py:2941} INFO - Sync 1 DAGs
[2025-12-05T00:05:50.254+0600] {logging_mixin.py:154} INFO - [2025-12-05T00:05:50.254+0600] {dag.py:3722} INFO - Setting next_dagrun for example_weekday_branch_operator to 2025-12-03T00:00:00+00:00, run_after=2025-12-04T00:00:00+00:00
[2025-12-05T00:05:50.263+0600] {processor.py:179} INFO - Processing /Users/asminsadykova/Desktop/h&m/.venv/lib/python3.9/site-packages/airflow/example_dags/example_branch_day_of_week_operator.py took 0.112 seconds
[2025-12-05T00:07:16.301+0600] {processor.py:157} INFO - Started process (PID=43443) to work on /Users/asminsadykova/Desktop/h&m/.venv/lib/python3.9/site-packages/airflow/example_dags/example_branch_day_of_week_operator.py
[2025-12-05T00:07:16.302+0600] {processor.py:829} INFO - Processing file /Users/asminsadykova/Desktop/h&m/.venv/lib/python3.9/site-packages/airflow/example_dags/example_branch_day_of_week_operator.py for tasks to queue
[2025-12-05T00:07:16.302+0600] {logging_mixin.py:154} INFO - [2025-12-05T00:07:16.302+0600] {dagbag.py:536} INFO - Filling up the DagBag from /Users/asminsadykova/Desktop/h&m/.venv/lib/python3.9/site-packages/airflow/example_dags/example_branch_day_of_week_operator.py
[2025-12-05T00:07:16.315+0600] {processor.py:839} INFO - DAG(s) dict_keys(['example_weekday_branch_operator']) retrieved from /Users/asminsadykova/Desktop/h&m/.venv/lib/python3.9/site-packages/airflow/example_dags/example_branch_day_of_week_operator.py
[2025-12-05T00:07:16.390+0600] {logging_mixin.py:154} INFO - [2025-12-05T00:07:16.390+0600] {dag.py:2941} INFO - Sync 1 DAGs
[2025-12-05T00:07:16.397+0600] {logging_mixin.py:154} INFO - [2025-12-05T00:07:16.397+0600] {dag.py:3722} INFO - Setting next_dagrun for example_weekday_branch_operator to 2025-12-03T00:00:00+00:00, run_after=2025-12-04T00:00:00+00:00
[2025-12-05T00:07:16.406+0600] {processor.py:179} INFO - Processing /Users/asminsadykova/Desktop/h&m/.venv/lib/python3.9/site-packages/airflow/example_dags/example_branch_day_of_week_operator.py took 0.105 seconds
[2025-12-05T00:08:44.204+0600] {processor.py:157} INFO - Started process (PID=43606) to work on /Users/asminsadykova/Desktop/h&m/.venv/lib/python3.9/site-packages/airflow/example_dags/example_branch_day_of_week_operator.py
[2025-12-05T00:08:44.206+0600] {processor.py:829} INFO - Processing file /Users/asminsadykova/Desktop/h&m/.venv/lib/python3.9/site-packages/airflow/example_dags/example_branch_day_of_week_operator.py for tasks to queue
[2025-12-05T00:08:44.206+0600] {logging_mixin.py:154} INFO - [2025-12-05T00:08:44.206+0600] {dagbag.py:536} INFO - Filling up the DagBag from /Users/asminsadykova/Desktop/h&m/.venv/lib/python3.9/site-packages/airflow/example_dags/example_branch_day_of_week_operator.py
[2025-12-05T00:08:44.223+0600] {processor.py:839} INFO - DAG(s) dict_keys(['example_weekday_branch_operator']) retrieved from /Users/asminsadykova/Desktop/h&m/.venv/lib/python3.9/site-packages/airflow/example_dags/example_branch_day_of_week_operator.py
[2025-12-05T00:08:44.299+0600] {logging_mixin.py:154} INFO - [2025-12-05T00:08:44.299+0600] {dag.py:2941} INFO - Sync 1 DAGs
[2025-12-05T00:08:44.306+0600] {logging_mixin.py:154} INFO - [2025-12-05T00:08:44.306+0600] {dag.py:3722} INFO - Setting next_dagrun for example_weekday_branch_operator to 2025-12-03T00:00:00+00:00, run_after=2025-12-04T00:00:00+00:00
[2025-12-05T00:08:44.314+0600] {processor.py:179} INFO - Processing /Users/asminsadykova/Desktop/h&m/.venv/lib/python3.9/site-packages/airflow/example_dags/example_branch_day_of_week_operator.py took 0.111 seconds
[2025-12-05T00:10:18.734+0600] {processor.py:157} INFO - Started process (PID=43759) to work on /Users/asminsadykova/Desktop/h&m/.venv/lib/python3.9/site-packages/airflow/example_dags/example_branch_day_of_week_operator.py
[2025-12-05T00:10:18.735+0600] {processor.py:829} INFO - Processing file /Users/asminsadykova/Desktop/h&m/.venv/lib/python3.9/site-packages/airflow/example_dags/example_branch_day_of_week_operator.py for tasks to queue
[2025-12-05T00:10:18.736+0600] {logging_mixin.py:154} INFO - [2025-12-05T00:10:18.736+0600] {dagbag.py:536} INFO - Filling up the DagBag from /Users/asminsadykova/Desktop/h&m/.venv/lib/python3.9/site-packages/airflow/example_dags/example_branch_day_of_week_operator.py
[2025-12-05T00:10:18.750+0600] {processor.py:839} INFO - DAG(s) dict_keys(['example_weekday_branch_operator']) retrieved from /Users/asminsadykova/Desktop/h&m/.venv/lib/python3.9/site-packages/airflow/example_dags/example_branch_day_of_week_operator.py
[2025-12-05T00:10:18.829+0600] {logging_mixin.py:154} INFO - [2025-12-05T00:10:18.829+0600] {dag.py:2941} INFO - Sync 1 DAGs
[2025-12-05T00:10:18.838+0600] {logging_mixin.py:154} INFO - [2025-12-05T00:10:18.838+0600] {dag.py:3722} INFO - Setting next_dagrun for example_weekday_branch_operator to 2025-12-03T00:00:00+00:00, run_after=2025-12-04T00:00:00+00:00
[2025-12-05T00:10:18.846+0600] {processor.py:179} INFO - Processing /Users/asminsadykova/Desktop/h&m/.venv/lib/python3.9/site-packages/airflow/example_dags/example_branch_day_of_week_operator.py took 0.113 seconds
[2025-12-05T00:11:52.065+0600] {processor.py:157} INFO - Started process (PID=43924) to work on /Users/asminsadykova/Desktop/h&m/.venv/lib/python3.9/site-packages/airflow/example_dags/example_branch_day_of_week_operator.py
[2025-12-05T00:11:52.066+0600] {processor.py:829} INFO - Processing file /Users/asminsadykova/Desktop/h&m/.venv/lib/python3.9/site-packages/airflow/example_dags/example_branch_day_of_week_operator.py for tasks to queue
[2025-12-05T00:11:52.066+0600] {logging_mixin.py:154} INFO - [2025-12-05T00:11:52.066+0600] {dagbag.py:536} INFO - Filling up the DagBag from /Users/asminsadykova/Desktop/h&m/.venv/lib/python3.9/site-packages/airflow/example_dags/example_branch_day_of_week_operator.py
[2025-12-05T00:11:52.079+0600] {processor.py:839} INFO - DAG(s) dict_keys(['example_weekday_branch_operator']) retrieved from /Users/asminsadykova/Desktop/h&m/.venv/lib/python3.9/site-packages/airflow/example_dags/example_branch_day_of_week_operator.py
[2025-12-05T00:11:52.154+0600] {logging_mixin.py:154} INFO - [2025-12-05T00:11:52.154+0600] {dag.py:2941} INFO - Sync 1 DAGs
[2025-12-05T00:11:52.161+0600] {logging_mixin.py:154} INFO - [2025-12-05T00:11:52.161+0600] {dag.py:3722} INFO - Setting next_dagrun for example_weekday_branch_operator to 2025-12-03T00:00:00+00:00, run_after=2025-12-04T00:00:00+00:00
[2025-12-05T00:11:52.168+0600] {processor.py:179} INFO - Processing /Users/asminsadykova/Desktop/h&m/.venv/lib/python3.9/site-packages/airflow/example_dags/example_branch_day_of_week_operator.py took 0.104 seconds
