[2025-12-04T23:17:58.364+0600] {processor.py:157} INFO - Started process (PID=38934) to work on /Users/asminsadykova/Desktop/h&m/.venv/lib/python3.9/site-packages/airflow/example_dags/example_setup_teardown.py
[2025-12-04T23:17:58.365+0600] {processor.py:829} INFO - Processing file /Users/asminsadykova/Desktop/h&m/.venv/lib/python3.9/site-packages/airflow/example_dags/example_setup_teardown.py for tasks to queue
[2025-12-04T23:17:58.365+0600] {logging_mixin.py:154} INFO - [2025-12-04T23:17:58.365+0600] {dagbag.py:536} INFO - Filling up the DagBag from /Users/asminsadykova/Desktop/h&m/.venv/lib/python3.9/site-packages/airflow/example_dags/example_setup_teardown.py
[2025-12-04T23:17:58.376+0600] {processor.py:839} INFO - DAG(s) dict_keys(['example_setup_teardown']) retrieved from /Users/asminsadykova/Desktop/h&m/.venv/lib/python3.9/site-packages/airflow/example_dags/example_setup_teardown.py
[2025-12-04T23:17:58.614+0600] {logging_mixin.py:154} INFO - [2025-12-04T23:17:58.614+0600] {manager.py:499} INFO - Created Permission View: %s
[2025-12-04T23:17:58.617+0600] {logging_mixin.py:154} INFO - [2025-12-04T23:17:58.617+0600] {manager.py:499} INFO - Created Permission View: %s
[2025-12-04T23:17:58.620+0600] {logging_mixin.py:154} INFO - [2025-12-04T23:17:58.620+0600] {manager.py:499} INFO - Created Permission View: %s
[2025-12-04T23:17:58.620+0600] {logging_mixin.py:154} INFO - [2025-12-04T23:17:58.620+0600] {dag.py:2941} INFO - Sync 1 DAGs
[2025-12-04T23:17:58.624+0600] {logging_mixin.py:154} INFO - [2025-12-04T23:17:58.624+0600] {dag.py:2963} INFO - Creating ORM DAG for example_setup_teardown
[2025-12-04T23:17:58.627+0600] {logging_mixin.py:154} INFO - [2025-12-04T23:17:58.627+0600] {dag.py:3722} INFO - Setting next_dagrun for example_setup_teardown to 2025-12-03T17:17:58.627537+00:00, run_after=2025-12-04T17:17:58.627537+00:00
[2025-12-04T23:17:58.634+0600] {processor.py:179} INFO - Processing /Users/asminsadykova/Desktop/h&m/.venv/lib/python3.9/site-packages/airflow/example_dags/example_setup_teardown.py took 0.270 seconds
[2025-12-04T23:19:16.460+0600] {processor.py:157} INFO - Started process (PID=39029) to work on /Users/asminsadykova/Desktop/h&m/.venv/lib/python3.9/site-packages/airflow/example_dags/example_setup_teardown.py
[2025-12-04T23:19:16.461+0600] {processor.py:829} INFO - Processing file /Users/asminsadykova/Desktop/h&m/.venv/lib/python3.9/site-packages/airflow/example_dags/example_setup_teardown.py for tasks to queue
[2025-12-04T23:19:16.461+0600] {logging_mixin.py:154} INFO - [2025-12-04T23:19:16.461+0600] {dagbag.py:536} INFO - Filling up the DagBag from /Users/asminsadykova/Desktop/h&m/.venv/lib/python3.9/site-packages/airflow/example_dags/example_setup_teardown.py
[2025-12-04T23:19:16.475+0600] {processor.py:839} INFO - DAG(s) dict_keys(['example_setup_teardown']) retrieved from /Users/asminsadykova/Desktop/h&m/.venv/lib/python3.9/site-packages/airflow/example_dags/example_setup_teardown.py
[2025-12-04T23:19:16.550+0600] {logging_mixin.py:154} INFO - [2025-12-04T23:19:16.550+0600] {dag.py:2941} INFO - Sync 1 DAGs
[2025-12-04T23:19:16.557+0600] {logging_mixin.py:154} INFO - [2025-12-04T23:19:16.557+0600] {dag.py:3722} INFO - Setting next_dagrun for example_setup_teardown to 2025-12-03T17:19:16.557626+00:00, run_after=2025-12-04T17:19:16.557626+00:00
[2025-12-04T23:19:16.565+0600] {processor.py:179} INFO - Processing /Users/asminsadykova/Desktop/h&m/.venv/lib/python3.9/site-packages/airflow/example_dags/example_setup_teardown.py took 0.106 seconds
[2025-12-04T23:20:42.663+0600] {processor.py:157} INFO - Started process (PID=39133) to work on /Users/asminsadykova/Desktop/h&m/.venv/lib/python3.9/site-packages/airflow/example_dags/example_setup_teardown.py
[2025-12-04T23:20:42.664+0600] {processor.py:829} INFO - Processing file /Users/asminsadykova/Desktop/h&m/.venv/lib/python3.9/site-packages/airflow/example_dags/example_setup_teardown.py for tasks to queue
[2025-12-04T23:20:42.664+0600] {logging_mixin.py:154} INFO - [2025-12-04T23:20:42.664+0600] {dagbag.py:536} INFO - Filling up the DagBag from /Users/asminsadykova/Desktop/h&m/.venv/lib/python3.9/site-packages/airflow/example_dags/example_setup_teardown.py
[2025-12-04T23:20:42.676+0600] {processor.py:839} INFO - DAG(s) dict_keys(['example_setup_teardown']) retrieved from /Users/asminsadykova/Desktop/h&m/.venv/lib/python3.9/site-packages/airflow/example_dags/example_setup_teardown.py
[2025-12-04T23:20:42.746+0600] {logging_mixin.py:154} INFO - [2025-12-04T23:20:42.746+0600] {dag.py:2941} INFO - Sync 1 DAGs
[2025-12-04T23:20:42.753+0600] {logging_mixin.py:154} INFO - [2025-12-04T23:20:42.753+0600] {dag.py:3722} INFO - Setting next_dagrun for example_setup_teardown to 2025-12-03T17:20:42.752946+00:00, run_after=2025-12-04T17:20:42.752946+00:00
[2025-12-04T23:20:42.761+0600] {processor.py:179} INFO - Processing /Users/asminsadykova/Desktop/h&m/.venv/lib/python3.9/site-packages/airflow/example_dags/example_setup_teardown.py took 0.098 seconds
[2025-12-04T23:22:08.838+0600] {processor.py:157} INFO - Started process (PID=39235) to work on /Users/asminsadykova/Desktop/h&m/.venv/lib/python3.9/site-packages/airflow/example_dags/example_setup_teardown.py
[2025-12-04T23:22:08.838+0600] {processor.py:829} INFO - Processing file /Users/asminsadykova/Desktop/h&m/.venv/lib/python3.9/site-packages/airflow/example_dags/example_setup_teardown.py for tasks to queue
[2025-12-04T23:22:08.838+0600] {logging_mixin.py:154} INFO - [2025-12-04T23:22:08.838+0600] {dagbag.py:536} INFO - Filling up the DagBag from /Users/asminsadykova/Desktop/h&m/.venv/lib/python3.9/site-packages/airflow/example_dags/example_setup_teardown.py
[2025-12-04T23:22:08.851+0600] {processor.py:839} INFO - DAG(s) dict_keys(['example_setup_teardown']) retrieved from /Users/asminsadykova/Desktop/h&m/.venv/lib/python3.9/site-packages/airflow/example_dags/example_setup_teardown.py
[2025-12-04T23:22:08.927+0600] {logging_mixin.py:154} INFO - [2025-12-04T23:22:08.927+0600] {dag.py:2941} INFO - Sync 1 DAGs
[2025-12-04T23:22:08.934+0600] {logging_mixin.py:154} INFO - [2025-12-04T23:22:08.934+0600] {dag.py:3722} INFO - Setting next_dagrun for example_setup_teardown to 2025-12-03T17:22:08.934670+00:00, run_after=2025-12-04T17:22:08.934670+00:00
[2025-12-04T23:22:08.943+0600] {processor.py:179} INFO - Processing /Users/asminsadykova/Desktop/h&m/.venv/lib/python3.9/site-packages/airflow/example_dags/example_setup_teardown.py took 0.106 seconds
[2025-12-04T23:23:38.756+0600] {processor.py:157} INFO - Started process (PID=39368) to work on /Users/asminsadykova/Desktop/h&m/.venv/lib/python3.9/site-packages/airflow/example_dags/example_setup_teardown.py
[2025-12-04T23:23:38.757+0600] {processor.py:829} INFO - Processing file /Users/asminsadykova/Desktop/h&m/.venv/lib/python3.9/site-packages/airflow/example_dags/example_setup_teardown.py for tasks to queue
[2025-12-04T23:23:38.757+0600] {logging_mixin.py:154} INFO - [2025-12-04T23:23:38.757+0600] {dagbag.py:536} INFO - Filling up the DagBag from /Users/asminsadykova/Desktop/h&m/.venv/lib/python3.9/site-packages/airflow/example_dags/example_setup_teardown.py
[2025-12-04T23:23:38.770+0600] {processor.py:839} INFO - DAG(s) dict_keys(['example_setup_teardown']) retrieved from /Users/asminsadykova/Desktop/h&m/.venv/lib/python3.9/site-packages/airflow/example_dags/example_setup_teardown.py
[2025-12-04T23:23:38.842+0600] {logging_mixin.py:154} INFO - [2025-12-04T23:23:38.841+0600] {dag.py:2941} INFO - Sync 1 DAGs
[2025-12-04T23:23:38.849+0600] {logging_mixin.py:154} INFO - [2025-12-04T23:23:38.848+0600] {dag.py:3722} INFO - Setting next_dagrun for example_setup_teardown to 2025-12-03T17:23:38.848881+00:00, run_after=2025-12-04T17:23:38.848881+00:00
[2025-12-04T23:23:38.859+0600] {processor.py:179} INFO - Processing /Users/asminsadykova/Desktop/h&m/.venv/lib/python3.9/site-packages/airflow/example_dags/example_setup_teardown.py took 0.103 seconds
[2025-12-04T23:25:16.609+0600] {processor.py:157} INFO - Started process (PID=39510) to work on /Users/asminsadykova/Desktop/h&m/.venv/lib/python3.9/site-packages/airflow/example_dags/example_setup_teardown.py
[2025-12-04T23:25:16.610+0600] {processor.py:829} INFO - Processing file /Users/asminsadykova/Desktop/h&m/.venv/lib/python3.9/site-packages/airflow/example_dags/example_setup_teardown.py for tasks to queue
[2025-12-04T23:25:16.610+0600] {logging_mixin.py:154} INFO - [2025-12-04T23:25:16.610+0600] {dagbag.py:536} INFO - Filling up the DagBag from /Users/asminsadykova/Desktop/h&m/.venv/lib/python3.9/site-packages/airflow/example_dags/example_setup_teardown.py
[2025-12-04T23:25:16.622+0600] {processor.py:839} INFO - DAG(s) dict_keys(['example_setup_teardown']) retrieved from /Users/asminsadykova/Desktop/h&m/.venv/lib/python3.9/site-packages/airflow/example_dags/example_setup_teardown.py
[2025-12-04T23:25:16.693+0600] {logging_mixin.py:154} INFO - [2025-12-04T23:25:16.693+0600] {dag.py:2941} INFO - Sync 1 DAGs
[2025-12-04T23:25:16.699+0600] {logging_mixin.py:154} INFO - [2025-12-04T23:25:16.699+0600] {dag.py:3722} INFO - Setting next_dagrun for example_setup_teardown to 2025-12-03T17:25:16.699851+00:00, run_after=2025-12-04T17:25:16.699851+00:00
[2025-12-04T23:25:16.707+0600] {processor.py:179} INFO - Processing /Users/asminsadykova/Desktop/h&m/.venv/lib/python3.9/site-packages/airflow/example_dags/example_setup_teardown.py took 0.098 seconds
[2025-12-04T23:26:50.728+0600] {processor.py:157} INFO - Started process (PID=39610) to work on /Users/asminsadykova/Desktop/h&m/.venv/lib/python3.9/site-packages/airflow/example_dags/example_setup_teardown.py
[2025-12-04T23:26:50.729+0600] {processor.py:829} INFO - Processing file /Users/asminsadykova/Desktop/h&m/.venv/lib/python3.9/site-packages/airflow/example_dags/example_setup_teardown.py for tasks to queue
[2025-12-04T23:26:50.729+0600] {logging_mixin.py:154} INFO - [2025-12-04T23:26:50.729+0600] {dagbag.py:536} INFO - Filling up the DagBag from /Users/asminsadykova/Desktop/h&m/.venv/lib/python3.9/site-packages/airflow/example_dags/example_setup_teardown.py
[2025-12-04T23:26:50.743+0600] {processor.py:839} INFO - DAG(s) dict_keys(['example_setup_teardown']) retrieved from /Users/asminsadykova/Desktop/h&m/.venv/lib/python3.9/site-packages/airflow/example_dags/example_setup_teardown.py
[2025-12-04T23:26:50.827+0600] {logging_mixin.py:154} INFO - [2025-12-04T23:26:50.827+0600] {dag.py:2941} INFO - Sync 1 DAGs
[2025-12-04T23:26:50.833+0600] {logging_mixin.py:154} INFO - [2025-12-04T23:26:50.833+0600] {dag.py:3722} INFO - Setting next_dagrun for example_setup_teardown to 2025-12-03T17:26:50.833472+00:00, run_after=2025-12-04T17:26:50.833472+00:00
[2025-12-04T23:26:50.843+0600] {processor.py:179} INFO - Processing /Users/asminsadykova/Desktop/h&m/.venv/lib/python3.9/site-packages/airflow/example_dags/example_setup_teardown.py took 0.116 seconds
[2025-12-04T23:28:22.958+0600] {processor.py:157} INFO - Started process (PID=39710) to work on /Users/asminsadykova/Desktop/h&m/.venv/lib/python3.9/site-packages/airflow/example_dags/example_setup_teardown.py
[2025-12-04T23:28:22.959+0600] {processor.py:829} INFO - Processing file /Users/asminsadykova/Desktop/h&m/.venv/lib/python3.9/site-packages/airflow/example_dags/example_setup_teardown.py for tasks to queue
[2025-12-04T23:28:22.959+0600] {logging_mixin.py:154} INFO - [2025-12-04T23:28:22.959+0600] {dagbag.py:536} INFO - Filling up the DagBag from /Users/asminsadykova/Desktop/h&m/.venv/lib/python3.9/site-packages/airflow/example_dags/example_setup_teardown.py
[2025-12-04T23:28:22.971+0600] {processor.py:839} INFO - DAG(s) dict_keys(['example_setup_teardown']) retrieved from /Users/asminsadykova/Desktop/h&m/.venv/lib/python3.9/site-packages/airflow/example_dags/example_setup_teardown.py
[2025-12-04T23:28:23.045+0600] {logging_mixin.py:154} INFO - [2025-12-04T23:28:23.045+0600] {dag.py:2941} INFO - Sync 1 DAGs
[2025-12-04T23:28:23.052+0600] {logging_mixin.py:154} INFO - [2025-12-04T23:28:23.052+0600] {dag.py:3722} INFO - Setting next_dagrun for example_setup_teardown to 2025-12-03T17:28:23.052039+00:00, run_after=2025-12-04T17:28:23.052039+00:00
[2025-12-04T23:28:23.066+0600] {processor.py:179} INFO - Processing /Users/asminsadykova/Desktop/h&m/.venv/lib/python3.9/site-packages/airflow/example_dags/example_setup_teardown.py took 0.108 seconds
[2025-12-04T23:29:46.950+0600] {processor.py:157} INFO - Started process (PID=39784) to work on /Users/asminsadykova/Desktop/h&m/.venv/lib/python3.9/site-packages/airflow/example_dags/example_setup_teardown.py
[2025-12-04T23:29:46.952+0600] {processor.py:829} INFO - Processing file /Users/asminsadykova/Desktop/h&m/.venv/lib/python3.9/site-packages/airflow/example_dags/example_setup_teardown.py for tasks to queue
[2025-12-04T23:29:46.952+0600] {logging_mixin.py:154} INFO - [2025-12-04T23:29:46.952+0600] {dagbag.py:536} INFO - Filling up the DagBag from /Users/asminsadykova/Desktop/h&m/.venv/lib/python3.9/site-packages/airflow/example_dags/example_setup_teardown.py
[2025-12-04T23:29:46.964+0600] {processor.py:839} INFO - DAG(s) dict_keys(['example_setup_teardown']) retrieved from /Users/asminsadykova/Desktop/h&m/.venv/lib/python3.9/site-packages/airflow/example_dags/example_setup_teardown.py
[2025-12-04T23:29:47.036+0600] {logging_mixin.py:154} INFO - [2025-12-04T23:29:47.036+0600] {dag.py:2941} INFO - Sync 1 DAGs
[2025-12-04T23:29:47.042+0600] {logging_mixin.py:154} INFO - [2025-12-04T23:29:47.042+0600] {dag.py:3722} INFO - Setting next_dagrun for example_setup_teardown to 2025-12-03T17:29:47.042300+00:00, run_after=2025-12-04T17:29:47.042300+00:00
[2025-12-04T23:29:47.050+0600] {processor.py:179} INFO - Processing /Users/asminsadykova/Desktop/h&m/.venv/lib/python3.9/site-packages/airflow/example_dags/example_setup_teardown.py took 0.100 seconds
[2025-12-04T23:31:07.713+0600] {processor.py:157} INFO - Started process (PID=39850) to work on /Users/asminsadykova/Desktop/h&m/.venv/lib/python3.9/site-packages/airflow/example_dags/example_setup_teardown.py
[2025-12-04T23:31:07.715+0600] {processor.py:829} INFO - Processing file /Users/asminsadykova/Desktop/h&m/.venv/lib/python3.9/site-packages/airflow/example_dags/example_setup_teardown.py for tasks to queue
[2025-12-04T23:31:07.715+0600] {logging_mixin.py:154} INFO - [2025-12-04T23:31:07.715+0600] {dagbag.py:536} INFO - Filling up the DagBag from /Users/asminsadykova/Desktop/h&m/.venv/lib/python3.9/site-packages/airflow/example_dags/example_setup_teardown.py
[2025-12-04T23:31:07.727+0600] {processor.py:839} INFO - DAG(s) dict_keys(['example_setup_teardown']) retrieved from /Users/asminsadykova/Desktop/h&m/.venv/lib/python3.9/site-packages/airflow/example_dags/example_setup_teardown.py
[2025-12-04T23:31:07.797+0600] {logging_mixin.py:154} INFO - [2025-12-04T23:31:07.797+0600] {dag.py:2941} INFO - Sync 1 DAGs
[2025-12-04T23:31:07.804+0600] {logging_mixin.py:154} INFO - [2025-12-04T23:31:07.803+0600] {dag.py:3722} INFO - Setting next_dagrun for example_setup_teardown to 2025-12-03T17:31:07.803931+00:00, run_after=2025-12-04T17:31:07.803931+00:00
[2025-12-04T23:31:07.812+0600] {processor.py:179} INFO - Processing /Users/asminsadykova/Desktop/h&m/.venv/lib/python3.9/site-packages/airflow/example_dags/example_setup_teardown.py took 0.100 seconds
[2025-12-04T23:32:36.713+0600] {processor.py:157} INFO - Started process (PID=40066) to work on /Users/asminsadykova/Desktop/h&m/.venv/lib/python3.9/site-packages/airflow/example_dags/example_setup_teardown.py
[2025-12-04T23:32:36.714+0600] {processor.py:829} INFO - Processing file /Users/asminsadykova/Desktop/h&m/.venv/lib/python3.9/site-packages/airflow/example_dags/example_setup_teardown.py for tasks to queue
[2025-12-04T23:32:36.715+0600] {logging_mixin.py:154} INFO - [2025-12-04T23:32:36.715+0600] {dagbag.py:536} INFO - Filling up the DagBag from /Users/asminsadykova/Desktop/h&m/.venv/lib/python3.9/site-packages/airflow/example_dags/example_setup_teardown.py
[2025-12-04T23:32:36.725+0600] {processor.py:839} INFO - DAG(s) dict_keys(['example_setup_teardown']) retrieved from /Users/asminsadykova/Desktop/h&m/.venv/lib/python3.9/site-packages/airflow/example_dags/example_setup_teardown.py
[2025-12-04T23:32:36.796+0600] {logging_mixin.py:154} INFO - [2025-12-04T23:32:36.796+0600] {dag.py:2941} INFO - Sync 1 DAGs
[2025-12-04T23:32:36.802+0600] {logging_mixin.py:154} INFO - [2025-12-04T23:32:36.802+0600] {dag.py:3722} INFO - Setting next_dagrun for example_setup_teardown to 2025-12-03T17:32:36.802546+00:00, run_after=2025-12-04T17:32:36.802546+00:00
[2025-12-04T23:32:36.810+0600] {processor.py:179} INFO - Processing /Users/asminsadykova/Desktop/h&m/.venv/lib/python3.9/site-packages/airflow/example_dags/example_setup_teardown.py took 0.097 seconds
[2025-12-04T23:33:59.009+0600] {processor.py:157} INFO - Started process (PID=40146) to work on /Users/asminsadykova/Desktop/h&m/.venv/lib/python3.9/site-packages/airflow/example_dags/example_setup_teardown.py
[2025-12-04T23:33:59.010+0600] {processor.py:829} INFO - Processing file /Users/asminsadykova/Desktop/h&m/.venv/lib/python3.9/site-packages/airflow/example_dags/example_setup_teardown.py for tasks to queue
[2025-12-04T23:33:59.010+0600] {logging_mixin.py:154} INFO - [2025-12-04T23:33:59.010+0600] {dagbag.py:536} INFO - Filling up the DagBag from /Users/asminsadykova/Desktop/h&m/.venv/lib/python3.9/site-packages/airflow/example_dags/example_setup_teardown.py
[2025-12-04T23:33:59.022+0600] {processor.py:839} INFO - DAG(s) dict_keys(['example_setup_teardown']) retrieved from /Users/asminsadykova/Desktop/h&m/.venv/lib/python3.9/site-packages/airflow/example_dags/example_setup_teardown.py
[2025-12-04T23:33:59.092+0600] {logging_mixin.py:154} INFO - [2025-12-04T23:33:59.092+0600] {dag.py:2941} INFO - Sync 1 DAGs
[2025-12-04T23:33:59.098+0600] {logging_mixin.py:154} INFO - [2025-12-04T23:33:59.098+0600] {dag.py:3722} INFO - Setting next_dagrun for example_setup_teardown to 2025-12-03T17:33:59.098733+00:00, run_after=2025-12-04T17:33:59.098733+00:00
[2025-12-04T23:33:59.106+0600] {processor.py:179} INFO - Processing /Users/asminsadykova/Desktop/h&m/.venv/lib/python3.9/site-packages/airflow/example_dags/example_setup_teardown.py took 0.098 seconds
[2025-12-04T23:35:32.969+0600] {processor.py:157} INFO - Started process (PID=40238) to work on /Users/asminsadykova/Desktop/h&m/.venv/lib/python3.9/site-packages/airflow/example_dags/example_setup_teardown.py
[2025-12-04T23:35:32.970+0600] {processor.py:829} INFO - Processing file /Users/asminsadykova/Desktop/h&m/.venv/lib/python3.9/site-packages/airflow/example_dags/example_setup_teardown.py for tasks to queue
[2025-12-04T23:35:32.970+0600] {logging_mixin.py:154} INFO - [2025-12-04T23:35:32.970+0600] {dagbag.py:536} INFO - Filling up the DagBag from /Users/asminsadykova/Desktop/h&m/.venv/lib/python3.9/site-packages/airflow/example_dags/example_setup_teardown.py
[2025-12-04T23:35:32.984+0600] {processor.py:839} INFO - DAG(s) dict_keys(['example_setup_teardown']) retrieved from /Users/asminsadykova/Desktop/h&m/.venv/lib/python3.9/site-packages/airflow/example_dags/example_setup_teardown.py
[2025-12-04T23:35:33.079+0600] {logging_mixin.py:154} INFO - [2025-12-04T23:35:33.078+0600] {dag.py:2941} INFO - Sync 1 DAGs
[2025-12-04T23:35:33.086+0600] {logging_mixin.py:154} INFO - [2025-12-04T23:35:33.086+0600] {dag.py:3722} INFO - Setting next_dagrun for example_setup_teardown to 2025-12-03T17:35:33.086664+00:00, run_after=2025-12-04T17:35:33.086664+00:00
[2025-12-04T23:35:33.095+0600] {processor.py:179} INFO - Processing /Users/asminsadykova/Desktop/h&m/.venv/lib/python3.9/site-packages/airflow/example_dags/example_setup_teardown.py took 0.126 seconds
[2025-12-04T23:37:08.570+0600] {processor.py:157} INFO - Started process (PID=40321) to work on /Users/asminsadykova/Desktop/h&m/.venv/lib/python3.9/site-packages/airflow/example_dags/example_setup_teardown.py
[2025-12-04T23:37:08.571+0600] {processor.py:829} INFO - Processing file /Users/asminsadykova/Desktop/h&m/.venv/lib/python3.9/site-packages/airflow/example_dags/example_setup_teardown.py for tasks to queue
[2025-12-04T23:37:08.571+0600] {logging_mixin.py:154} INFO - [2025-12-04T23:37:08.571+0600] {dagbag.py:536} INFO - Filling up the DagBag from /Users/asminsadykova/Desktop/h&m/.venv/lib/python3.9/site-packages/airflow/example_dags/example_setup_teardown.py
[2025-12-04T23:37:08.583+0600] {processor.py:839} INFO - DAG(s) dict_keys(['example_setup_teardown']) retrieved from /Users/asminsadykova/Desktop/h&m/.venv/lib/python3.9/site-packages/airflow/example_dags/example_setup_teardown.py
[2025-12-04T23:37:08.662+0600] {logging_mixin.py:154} INFO - [2025-12-04T23:37:08.662+0600] {dag.py:2941} INFO - Sync 1 DAGs
[2025-12-04T23:37:08.669+0600] {logging_mixin.py:154} INFO - [2025-12-04T23:37:08.669+0600] {dag.py:3722} INFO - Setting next_dagrun for example_setup_teardown to 2025-12-03T17:37:08.668992+00:00, run_after=2025-12-04T17:37:08.668992+00:00
[2025-12-04T23:37:08.676+0600] {processor.py:179} INFO - Processing /Users/asminsadykova/Desktop/h&m/.venv/lib/python3.9/site-packages/airflow/example_dags/example_setup_teardown.py took 0.107 seconds
[2025-12-04T23:38:41.865+0600] {processor.py:157} INFO - Started process (PID=40414) to work on /Users/asminsadykova/Desktop/h&m/.venv/lib/python3.9/site-packages/airflow/example_dags/example_setup_teardown.py
[2025-12-04T23:38:41.866+0600] {processor.py:829} INFO - Processing file /Users/asminsadykova/Desktop/h&m/.venv/lib/python3.9/site-packages/airflow/example_dags/example_setup_teardown.py for tasks to queue
[2025-12-04T23:38:41.866+0600] {logging_mixin.py:154} INFO - [2025-12-04T23:38:41.866+0600] {dagbag.py:536} INFO - Filling up the DagBag from /Users/asminsadykova/Desktop/h&m/.venv/lib/python3.9/site-packages/airflow/example_dags/example_setup_teardown.py
[2025-12-04T23:38:41.880+0600] {processor.py:839} INFO - DAG(s) dict_keys(['example_setup_teardown']) retrieved from /Users/asminsadykova/Desktop/h&m/.venv/lib/python3.9/site-packages/airflow/example_dags/example_setup_teardown.py
[2025-12-04T23:38:41.953+0600] {logging_mixin.py:154} INFO - [2025-12-04T23:38:41.953+0600] {dag.py:2941} INFO - Sync 1 DAGs
[2025-12-04T23:38:41.959+0600] {logging_mixin.py:154} INFO - [2025-12-04T23:38:41.959+0600] {dag.py:3722} INFO - Setting next_dagrun for example_setup_teardown to 2025-12-03T17:38:41.959867+00:00, run_after=2025-12-04T17:38:41.959867+00:00
[2025-12-04T23:38:41.967+0600] {processor.py:179} INFO - Processing /Users/asminsadykova/Desktop/h&m/.venv/lib/python3.9/site-packages/airflow/example_dags/example_setup_teardown.py took 0.103 seconds
[2025-12-04T23:40:14.853+0600] {processor.py:157} INFO - Started process (PID=40521) to work on /Users/asminsadykova/Desktop/h&m/.venv/lib/python3.9/site-packages/airflow/example_dags/example_setup_teardown.py
[2025-12-04T23:40:14.854+0600] {processor.py:829} INFO - Processing file /Users/asminsadykova/Desktop/h&m/.venv/lib/python3.9/site-packages/airflow/example_dags/example_setup_teardown.py for tasks to queue
[2025-12-04T23:40:14.854+0600] {logging_mixin.py:154} INFO - [2025-12-04T23:40:14.854+0600] {dagbag.py:536} INFO - Filling up the DagBag from /Users/asminsadykova/Desktop/h&m/.venv/lib/python3.9/site-packages/airflow/example_dags/example_setup_teardown.py
[2025-12-04T23:40:14.872+0600] {processor.py:839} INFO - DAG(s) dict_keys(['example_setup_teardown']) retrieved from /Users/asminsadykova/Desktop/h&m/.venv/lib/python3.9/site-packages/airflow/example_dags/example_setup_teardown.py
[2025-12-04T23:40:14.988+0600] {logging_mixin.py:154} INFO - [2025-12-04T23:40:14.988+0600] {dag.py:2941} INFO - Sync 1 DAGs
[2025-12-04T23:40:14.995+0600] {logging_mixin.py:154} INFO - [2025-12-04T23:40:14.995+0600] {dag.py:3722} INFO - Setting next_dagrun for example_setup_teardown to 2025-12-03T17:40:14.995448+00:00, run_after=2025-12-04T17:40:14.995448+00:00
[2025-12-04T23:40:15.003+0600] {processor.py:179} INFO - Processing /Users/asminsadykova/Desktop/h&m/.venv/lib/python3.9/site-packages/airflow/example_dags/example_setup_teardown.py took 0.152 seconds
[2025-12-04T23:41:49.045+0600] {processor.py:157} INFO - Started process (PID=40629) to work on /Users/asminsadykova/Desktop/h&m/.venv/lib/python3.9/site-packages/airflow/example_dags/example_setup_teardown.py
[2025-12-04T23:41:49.046+0600] {processor.py:829} INFO - Processing file /Users/asminsadykova/Desktop/h&m/.venv/lib/python3.9/site-packages/airflow/example_dags/example_setup_teardown.py for tasks to queue
[2025-12-04T23:41:49.046+0600] {logging_mixin.py:154} INFO - [2025-12-04T23:41:49.046+0600] {dagbag.py:536} INFO - Filling up the DagBag from /Users/asminsadykova/Desktop/h&m/.venv/lib/python3.9/site-packages/airflow/example_dags/example_setup_teardown.py
[2025-12-04T23:41:49.058+0600] {processor.py:839} INFO - DAG(s) dict_keys(['example_setup_teardown']) retrieved from /Users/asminsadykova/Desktop/h&m/.venv/lib/python3.9/site-packages/airflow/example_dags/example_setup_teardown.py
[2025-12-04T23:41:49.128+0600] {logging_mixin.py:154} INFO - [2025-12-04T23:41:49.128+0600] {dag.py:2941} INFO - Sync 1 DAGs
[2025-12-04T23:41:49.135+0600] {logging_mixin.py:154} INFO - [2025-12-04T23:41:49.135+0600] {dag.py:3722} INFO - Setting next_dagrun for example_setup_teardown to 2025-12-03T17:41:49.134959+00:00, run_after=2025-12-04T17:41:49.134959+00:00
[2025-12-04T23:41:49.142+0600] {processor.py:179} INFO - Processing /Users/asminsadykova/Desktop/h&m/.venv/lib/python3.9/site-packages/airflow/example_dags/example_setup_teardown.py took 0.097 seconds
[2025-12-04T23:43:19.654+0600] {processor.py:157} INFO - Started process (PID=40747) to work on /Users/asminsadykova/Desktop/h&m/.venv/lib/python3.9/site-packages/airflow/example_dags/example_setup_teardown.py
[2025-12-04T23:43:19.655+0600] {processor.py:829} INFO - Processing file /Users/asminsadykova/Desktop/h&m/.venv/lib/python3.9/site-packages/airflow/example_dags/example_setup_teardown.py for tasks to queue
[2025-12-04T23:43:19.656+0600] {logging_mixin.py:154} INFO - [2025-12-04T23:43:19.656+0600] {dagbag.py:536} INFO - Filling up the DagBag from /Users/asminsadykova/Desktop/h&m/.venv/lib/python3.9/site-packages/airflow/example_dags/example_setup_teardown.py
[2025-12-04T23:43:19.668+0600] {processor.py:839} INFO - DAG(s) dict_keys(['example_setup_teardown']) retrieved from /Users/asminsadykova/Desktop/h&m/.venv/lib/python3.9/site-packages/airflow/example_dags/example_setup_teardown.py
[2025-12-04T23:43:19.744+0600] {logging_mixin.py:154} INFO - [2025-12-04T23:43:19.744+0600] {dag.py:2941} INFO - Sync 1 DAGs
[2025-12-04T23:43:19.750+0600] {logging_mixin.py:154} INFO - [2025-12-04T23:43:19.750+0600] {dag.py:3722} INFO - Setting next_dagrun for example_setup_teardown to 2025-12-03T17:43:19.750770+00:00, run_after=2025-12-04T17:43:19.750770+00:00
[2025-12-04T23:43:19.759+0600] {processor.py:179} INFO - Processing /Users/asminsadykova/Desktop/h&m/.venv/lib/python3.9/site-packages/airflow/example_dags/example_setup_teardown.py took 0.105 seconds
[2025-12-04T23:44:56.442+0600] {processor.py:157} INFO - Started process (PID=41057) to work on /Users/asminsadykova/Desktop/h&m/.venv/lib/python3.9/site-packages/airflow/example_dags/example_setup_teardown.py
[2025-12-04T23:44:56.443+0600] {processor.py:829} INFO - Processing file /Users/asminsadykova/Desktop/h&m/.venv/lib/python3.9/site-packages/airflow/example_dags/example_setup_teardown.py for tasks to queue
[2025-12-04T23:44:56.443+0600] {logging_mixin.py:154} INFO - [2025-12-04T23:44:56.443+0600] {dagbag.py:536} INFO - Filling up the DagBag from /Users/asminsadykova/Desktop/h&m/.venv/lib/python3.9/site-packages/airflow/example_dags/example_setup_teardown.py
[2025-12-04T23:44:56.455+0600] {processor.py:839} INFO - DAG(s) dict_keys(['example_setup_teardown']) retrieved from /Users/asminsadykova/Desktop/h&m/.venv/lib/python3.9/site-packages/airflow/example_dags/example_setup_teardown.py
[2025-12-04T23:44:56.527+0600] {logging_mixin.py:154} INFO - [2025-12-04T23:44:56.527+0600] {dag.py:2941} INFO - Sync 1 DAGs
[2025-12-04T23:44:56.534+0600] {logging_mixin.py:154} INFO - [2025-12-04T23:44:56.533+0600] {dag.py:3722} INFO - Setting next_dagrun for example_setup_teardown to 2025-12-03T17:44:56.533855+00:00, run_after=2025-12-04T17:44:56.533855+00:00
[2025-12-04T23:44:56.542+0600] {processor.py:179} INFO - Processing /Users/asminsadykova/Desktop/h&m/.venv/lib/python3.9/site-packages/airflow/example_dags/example_setup_teardown.py took 0.101 seconds
[2025-12-04T23:46:32.545+0600] {processor.py:157} INFO - Started process (PID=41375) to work on /Users/asminsadykova/Desktop/h&m/.venv/lib/python3.9/site-packages/airflow/example_dags/example_setup_teardown.py
[2025-12-04T23:46:32.545+0600] {processor.py:829} INFO - Processing file /Users/asminsadykova/Desktop/h&m/.venv/lib/python3.9/site-packages/airflow/example_dags/example_setup_teardown.py for tasks to queue
[2025-12-04T23:46:32.546+0600] {logging_mixin.py:154} INFO - [2025-12-04T23:46:32.546+0600] {dagbag.py:536} INFO - Filling up the DagBag from /Users/asminsadykova/Desktop/h&m/.venv/lib/python3.9/site-packages/airflow/example_dags/example_setup_teardown.py
[2025-12-04T23:46:32.559+0600] {processor.py:839} INFO - DAG(s) dict_keys(['example_setup_teardown']) retrieved from /Users/asminsadykova/Desktop/h&m/.venv/lib/python3.9/site-packages/airflow/example_dags/example_setup_teardown.py
[2025-12-04T23:46:32.631+0600] {logging_mixin.py:154} INFO - [2025-12-04T23:46:32.631+0600] {dag.py:2941} INFO - Sync 1 DAGs
[2025-12-04T23:46:32.637+0600] {logging_mixin.py:154} INFO - [2025-12-04T23:46:32.637+0600] {dag.py:3722} INFO - Setting next_dagrun for example_setup_teardown to 2025-12-03T17:46:32.637770+00:00, run_after=2025-12-04T17:46:32.637770+00:00
[2025-12-04T23:46:32.646+0600] {processor.py:179} INFO - Processing /Users/asminsadykova/Desktop/h&m/.venv/lib/python3.9/site-packages/airflow/example_dags/example_setup_teardown.py took 0.102 seconds
[2025-12-04T23:47:59.988+0600] {processor.py:157} INFO - Started process (PID=41615) to work on /Users/asminsadykova/Desktop/h&m/.venv/lib/python3.9/site-packages/airflow/example_dags/example_setup_teardown.py
[2025-12-04T23:47:59.990+0600] {processor.py:829} INFO - Processing file /Users/asminsadykova/Desktop/h&m/.venv/lib/python3.9/site-packages/airflow/example_dags/example_setup_teardown.py for tasks to queue
[2025-12-04T23:47:59.990+0600] {logging_mixin.py:154} INFO - [2025-12-04T23:47:59.990+0600] {dagbag.py:536} INFO - Filling up the DagBag from /Users/asminsadykova/Desktop/h&m/.venv/lib/python3.9/site-packages/airflow/example_dags/example_setup_teardown.py
[2025-12-04T23:48:00.002+0600] {processor.py:839} INFO - DAG(s) dict_keys(['example_setup_teardown']) retrieved from /Users/asminsadykova/Desktop/h&m/.venv/lib/python3.9/site-packages/airflow/example_dags/example_setup_teardown.py
[2025-12-04T23:48:00.075+0600] {logging_mixin.py:154} INFO - [2025-12-04T23:48:00.075+0600] {dag.py:2941} INFO - Sync 1 DAGs
[2025-12-04T23:48:00.081+0600] {logging_mixin.py:154} INFO - [2025-12-04T23:48:00.081+0600] {dag.py:3722} INFO - Setting next_dagrun for example_setup_teardown to 2025-12-03T17:48:00.081495+00:00, run_after=2025-12-04T17:48:00.081495+00:00
[2025-12-04T23:48:00.090+0600] {processor.py:179} INFO - Processing /Users/asminsadykova/Desktop/h&m/.venv/lib/python3.9/site-packages/airflow/example_dags/example_setup_teardown.py took 0.102 seconds
[2025-12-04T23:49:28.362+0600] {processor.py:157} INFO - Started process (PID=41715) to work on /Users/asminsadykova/Desktop/h&m/.venv/lib/python3.9/site-packages/airflow/example_dags/example_setup_teardown.py
[2025-12-04T23:49:28.364+0600] {processor.py:829} INFO - Processing file /Users/asminsadykova/Desktop/h&m/.venv/lib/python3.9/site-packages/airflow/example_dags/example_setup_teardown.py for tasks to queue
[2025-12-04T23:49:28.364+0600] {logging_mixin.py:154} INFO - [2025-12-04T23:49:28.364+0600] {dagbag.py:536} INFO - Filling up the DagBag from /Users/asminsadykova/Desktop/h&m/.venv/lib/python3.9/site-packages/airflow/example_dags/example_setup_teardown.py
[2025-12-04T23:49:28.376+0600] {processor.py:839} INFO - DAG(s) dict_keys(['example_setup_teardown']) retrieved from /Users/asminsadykova/Desktop/h&m/.venv/lib/python3.9/site-packages/airflow/example_dags/example_setup_teardown.py
[2025-12-04T23:49:28.451+0600] {logging_mixin.py:154} INFO - [2025-12-04T23:49:28.451+0600] {dag.py:2941} INFO - Sync 1 DAGs
[2025-12-04T23:49:28.457+0600] {logging_mixin.py:154} INFO - [2025-12-04T23:49:28.457+0600] {dag.py:3722} INFO - Setting next_dagrun for example_setup_teardown to 2025-12-03T17:49:28.457658+00:00, run_after=2025-12-04T17:49:28.457658+00:00
[2025-12-04T23:49:28.465+0600] {processor.py:179} INFO - Processing /Users/asminsadykova/Desktop/h&m/.venv/lib/python3.9/site-packages/airflow/example_dags/example_setup_teardown.py took 0.104 seconds
[2025-12-04T23:51:09.244+0600] {processor.py:157} INFO - Started process (PID=41909) to work on /Users/asminsadykova/Desktop/h&m/.venv/lib/python3.9/site-packages/airflow/example_dags/example_setup_teardown.py
[2025-12-04T23:51:09.245+0600] {processor.py:829} INFO - Processing file /Users/asminsadykova/Desktop/h&m/.venv/lib/python3.9/site-packages/airflow/example_dags/example_setup_teardown.py for tasks to queue
[2025-12-04T23:51:09.245+0600] {logging_mixin.py:154} INFO - [2025-12-04T23:51:09.245+0600] {dagbag.py:536} INFO - Filling up the DagBag from /Users/asminsadykova/Desktop/h&m/.venv/lib/python3.9/site-packages/airflow/example_dags/example_setup_teardown.py
[2025-12-04T23:51:09.257+0600] {processor.py:839} INFO - DAG(s) dict_keys(['example_setup_teardown']) retrieved from /Users/asminsadykova/Desktop/h&m/.venv/lib/python3.9/site-packages/airflow/example_dags/example_setup_teardown.py
[2025-12-04T23:51:09.329+0600] {logging_mixin.py:154} INFO - [2025-12-04T23:51:09.329+0600] {dag.py:2941} INFO - Sync 1 DAGs
[2025-12-04T23:51:09.335+0600] {logging_mixin.py:154} INFO - [2025-12-04T23:51:09.335+0600] {dag.py:3722} INFO - Setting next_dagrun for example_setup_teardown to 2025-12-03T17:51:09.335373+00:00, run_after=2025-12-04T17:51:09.335373+00:00
[2025-12-04T23:51:09.343+0600] {processor.py:179} INFO - Processing /Users/asminsadykova/Desktop/h&m/.venv/lib/python3.9/site-packages/airflow/example_dags/example_setup_teardown.py took 0.100 seconds
[2025-12-04T23:52:42.382+0600] {processor.py:157} INFO - Started process (PID=42075) to work on /Users/asminsadykova/Desktop/h&m/.venv/lib/python3.9/site-packages/airflow/example_dags/example_setup_teardown.py
[2025-12-04T23:52:42.383+0600] {processor.py:829} INFO - Processing file /Users/asminsadykova/Desktop/h&m/.venv/lib/python3.9/site-packages/airflow/example_dags/example_setup_teardown.py for tasks to queue
[2025-12-04T23:52:42.383+0600] {logging_mixin.py:154} INFO - [2025-12-04T23:52:42.383+0600] {dagbag.py:536} INFO - Filling up the DagBag from /Users/asminsadykova/Desktop/h&m/.venv/lib/python3.9/site-packages/airflow/example_dags/example_setup_teardown.py
[2025-12-04T23:52:42.396+0600] {processor.py:839} INFO - DAG(s) dict_keys(['example_setup_teardown']) retrieved from /Users/asminsadykova/Desktop/h&m/.venv/lib/python3.9/site-packages/airflow/example_dags/example_setup_teardown.py
[2025-12-04T23:52:42.468+0600] {logging_mixin.py:154} INFO - [2025-12-04T23:52:42.468+0600] {dag.py:2941} INFO - Sync 1 DAGs
[2025-12-04T23:52:42.474+0600] {logging_mixin.py:154} INFO - [2025-12-04T23:52:42.474+0600] {dag.py:3722} INFO - Setting next_dagrun for example_setup_teardown to 2025-12-03T17:52:42.474373+00:00, run_after=2025-12-04T17:52:42.474373+00:00
[2025-12-04T23:52:42.481+0600] {processor.py:179} INFO - Processing /Users/asminsadykova/Desktop/h&m/.venv/lib/python3.9/site-packages/airflow/example_dags/example_setup_teardown.py took 0.100 seconds
[2025-12-04T23:54:17.528+0600] {processor.py:157} INFO - Started process (PID=42172) to work on /Users/asminsadykova/Desktop/h&m/.venv/lib/python3.9/site-packages/airflow/example_dags/example_setup_teardown.py
[2025-12-04T23:54:17.529+0600] {processor.py:829} INFO - Processing file /Users/asminsadykova/Desktop/h&m/.venv/lib/python3.9/site-packages/airflow/example_dags/example_setup_teardown.py for tasks to queue
[2025-12-04T23:54:17.529+0600] {logging_mixin.py:154} INFO - [2025-12-04T23:54:17.529+0600] {dagbag.py:536} INFO - Filling up the DagBag from /Users/asminsadykova/Desktop/h&m/.venv/lib/python3.9/site-packages/airflow/example_dags/example_setup_teardown.py
[2025-12-04T23:54:17.541+0600] {processor.py:839} INFO - DAG(s) dict_keys(['example_setup_teardown']) retrieved from /Users/asminsadykova/Desktop/h&m/.venv/lib/python3.9/site-packages/airflow/example_dags/example_setup_teardown.py
[2025-12-04T23:54:17.612+0600] {logging_mixin.py:154} INFO - [2025-12-04T23:54:17.612+0600] {dag.py:2941} INFO - Sync 1 DAGs
[2025-12-04T23:54:17.618+0600] {logging_mixin.py:154} INFO - [2025-12-04T23:54:17.618+0600] {dag.py:3722} INFO - Setting next_dagrun for example_setup_teardown to 2025-12-03T17:54:17.618471+00:00, run_after=2025-12-04T17:54:17.618471+00:00
[2025-12-04T23:54:17.626+0600] {processor.py:179} INFO - Processing /Users/asminsadykova/Desktop/h&m/.venv/lib/python3.9/site-packages/airflow/example_dags/example_setup_teardown.py took 0.098 seconds
[2025-12-04T23:55:42.856+0600] {processor.py:157} INFO - Started process (PID=42252) to work on /Users/asminsadykova/Desktop/h&m/.venv/lib/python3.9/site-packages/airflow/example_dags/example_setup_teardown.py
[2025-12-04T23:55:42.856+0600] {processor.py:829} INFO - Processing file /Users/asminsadykova/Desktop/h&m/.venv/lib/python3.9/site-packages/airflow/example_dags/example_setup_teardown.py for tasks to queue
[2025-12-04T23:55:42.857+0600] {logging_mixin.py:154} INFO - [2025-12-04T23:55:42.856+0600] {dagbag.py:536} INFO - Filling up the DagBag from /Users/asminsadykova/Desktop/h&m/.venv/lib/python3.9/site-packages/airflow/example_dags/example_setup_teardown.py
[2025-12-04T23:55:42.868+0600] {processor.py:839} INFO - DAG(s) dict_keys(['example_setup_teardown']) retrieved from /Users/asminsadykova/Desktop/h&m/.venv/lib/python3.9/site-packages/airflow/example_dags/example_setup_teardown.py
[2025-12-04T23:55:42.939+0600] {logging_mixin.py:154} INFO - [2025-12-04T23:55:42.938+0600] {dag.py:2941} INFO - Sync 1 DAGs
[2025-12-04T23:55:42.946+0600] {logging_mixin.py:154} INFO - [2025-12-04T23:55:42.946+0600] {dag.py:3722} INFO - Setting next_dagrun for example_setup_teardown to 2025-12-03T17:55:42.945987+00:00, run_after=2025-12-04T17:55:42.945987+00:00
[2025-12-04T23:55:42.953+0600] {processor.py:179} INFO - Processing /Users/asminsadykova/Desktop/h&m/.venv/lib/python3.9/site-packages/airflow/example_dags/example_setup_teardown.py took 0.098 seconds
[2025-12-04T23:57:14.965+0600] {processor.py:157} INFO - Started process (PID=42324) to work on /Users/asminsadykova/Desktop/h&m/.venv/lib/python3.9/site-packages/airflow/example_dags/example_setup_teardown.py
[2025-12-04T23:57:14.966+0600] {processor.py:829} INFO - Processing file /Users/asminsadykova/Desktop/h&m/.venv/lib/python3.9/site-packages/airflow/example_dags/example_setup_teardown.py for tasks to queue
[2025-12-04T23:57:14.967+0600] {logging_mixin.py:154} INFO - [2025-12-04T23:57:14.966+0600] {dagbag.py:536} INFO - Filling up the DagBag from /Users/asminsadykova/Desktop/h&m/.venv/lib/python3.9/site-packages/airflow/example_dags/example_setup_teardown.py
[2025-12-04T23:57:14.980+0600] {processor.py:839} INFO - DAG(s) dict_keys(['example_setup_teardown']) retrieved from /Users/asminsadykova/Desktop/h&m/.venv/lib/python3.9/site-packages/airflow/example_dags/example_setup_teardown.py
[2025-12-04T23:57:15.066+0600] {logging_mixin.py:154} INFO - [2025-12-04T23:57:15.066+0600] {dag.py:2941} INFO - Sync 1 DAGs
[2025-12-04T23:57:15.074+0600] {logging_mixin.py:154} INFO - [2025-12-04T23:57:15.074+0600] {dag.py:3722} INFO - Setting next_dagrun for example_setup_teardown to 2025-12-03T17:57:15.074570+00:00, run_after=2025-12-04T17:57:15.074570+00:00
[2025-12-04T23:57:15.084+0600] {processor.py:179} INFO - Processing /Users/asminsadykova/Desktop/h&m/.venv/lib/python3.9/site-packages/airflow/example_dags/example_setup_teardown.py took 0.120 seconds
[2025-12-04T23:58:40.199+0600] {processor.py:157} INFO - Started process (PID=42408) to work on /Users/asminsadykova/Desktop/h&m/.venv/lib/python3.9/site-packages/airflow/example_dags/example_setup_teardown.py
[2025-12-04T23:58:40.200+0600] {processor.py:829} INFO - Processing file /Users/asminsadykova/Desktop/h&m/.venv/lib/python3.9/site-packages/airflow/example_dags/example_setup_teardown.py for tasks to queue
[2025-12-04T23:58:40.201+0600] {logging_mixin.py:154} INFO - [2025-12-04T23:58:40.201+0600] {dagbag.py:536} INFO - Filling up the DagBag from /Users/asminsadykova/Desktop/h&m/.venv/lib/python3.9/site-packages/airflow/example_dags/example_setup_teardown.py
[2025-12-04T23:58:40.212+0600] {processor.py:839} INFO - DAG(s) dict_keys(['example_setup_teardown']) retrieved from /Users/asminsadykova/Desktop/h&m/.venv/lib/python3.9/site-packages/airflow/example_dags/example_setup_teardown.py
[2025-12-04T23:58:40.282+0600] {logging_mixin.py:154} INFO - [2025-12-04T23:58:40.282+0600] {dag.py:2941} INFO - Sync 1 DAGs
[2025-12-04T23:58:40.288+0600] {logging_mixin.py:154} INFO - [2025-12-04T23:58:40.288+0600] {dag.py:3722} INFO - Setting next_dagrun for example_setup_teardown to 2025-12-03T17:58:40.288635+00:00, run_after=2025-12-04T17:58:40.288635+00:00
[2025-12-04T23:58:40.296+0600] {processor.py:179} INFO - Processing /Users/asminsadykova/Desktop/h&m/.venv/lib/python3.9/site-packages/airflow/example_dags/example_setup_teardown.py took 0.097 seconds
[2025-12-05T00:00:11.270+0600] {processor.py:157} INFO - Started process (PID=42659) to work on /Users/asminsadykova/Desktop/h&m/.venv/lib/python3.9/site-packages/airflow/example_dags/example_setup_teardown.py
[2025-12-05T00:00:11.271+0600] {processor.py:829} INFO - Processing file /Users/asminsadykova/Desktop/h&m/.venv/lib/python3.9/site-packages/airflow/example_dags/example_setup_teardown.py for tasks to queue
[2025-12-05T00:00:11.271+0600] {logging_mixin.py:154} INFO - [2025-12-05T00:00:11.271+0600] {dagbag.py:536} INFO - Filling up the DagBag from /Users/asminsadykova/Desktop/h&m/.venv/lib/python3.9/site-packages/airflow/example_dags/example_setup_teardown.py
[2025-12-05T00:00:11.283+0600] {processor.py:839} INFO - DAG(s) dict_keys(['example_setup_teardown']) retrieved from /Users/asminsadykova/Desktop/h&m/.venv/lib/python3.9/site-packages/airflow/example_dags/example_setup_teardown.py
[2025-12-05T00:00:11.357+0600] {logging_mixin.py:154} INFO - [2025-12-05T00:00:11.357+0600] {dag.py:2941} INFO - Sync 1 DAGs
[2025-12-05T00:00:11.364+0600] {logging_mixin.py:154} INFO - [2025-12-05T00:00:11.364+0600] {dag.py:3722} INFO - Setting next_dagrun for example_setup_teardown to 2025-12-03T18:00:11.364312+00:00, run_after=2025-12-04T18:00:11.364312+00:00
[2025-12-05T00:00:11.373+0600] {processor.py:179} INFO - Processing /Users/asminsadykova/Desktop/h&m/.venv/lib/python3.9/site-packages/airflow/example_dags/example_setup_teardown.py took 0.104 seconds
[2025-12-05T00:01:46.350+0600] {processor.py:157} INFO - Started process (PID=42890) to work on /Users/asminsadykova/Desktop/h&m/.venv/lib/python3.9/site-packages/airflow/example_dags/example_setup_teardown.py
[2025-12-05T00:01:46.351+0600] {processor.py:829} INFO - Processing file /Users/asminsadykova/Desktop/h&m/.venv/lib/python3.9/site-packages/airflow/example_dags/example_setup_teardown.py for tasks to queue
[2025-12-05T00:01:46.351+0600] {logging_mixin.py:154} INFO - [2025-12-05T00:01:46.351+0600] {dagbag.py:536} INFO - Filling up the DagBag from /Users/asminsadykova/Desktop/h&m/.venv/lib/python3.9/site-packages/airflow/example_dags/example_setup_teardown.py
[2025-12-05T00:01:46.365+0600] {processor.py:839} INFO - DAG(s) dict_keys(['example_setup_teardown']) retrieved from /Users/asminsadykova/Desktop/h&m/.venv/lib/python3.9/site-packages/airflow/example_dags/example_setup_teardown.py
[2025-12-05T00:01:46.441+0600] {logging_mixin.py:154} INFO - [2025-12-05T00:01:46.441+0600] {dag.py:2941} INFO - Sync 1 DAGs
[2025-12-05T00:01:46.448+0600] {logging_mixin.py:154} INFO - [2025-12-05T00:01:46.448+0600] {dag.py:3722} INFO - Setting next_dagrun for example_setup_teardown to 2025-12-03T18:01:46.448366+00:00, run_after=2025-12-04T18:01:46.448366+00:00
[2025-12-05T00:01:46.456+0600] {processor.py:179} INFO - Processing /Users/asminsadykova/Desktop/h&m/.venv/lib/python3.9/site-packages/airflow/example_dags/example_setup_teardown.py took 0.107 seconds
[2025-12-05T00:03:20.350+0600] {processor.py:157} INFO - Started process (PID=42962) to work on /Users/asminsadykova/Desktop/h&m/.venv/lib/python3.9/site-packages/airflow/example_dags/example_setup_teardown.py
[2025-12-05T00:03:20.352+0600] {processor.py:829} INFO - Processing file /Users/asminsadykova/Desktop/h&m/.venv/lib/python3.9/site-packages/airflow/example_dags/example_setup_teardown.py for tasks to queue
[2025-12-05T00:03:20.352+0600] {logging_mixin.py:154} INFO - [2025-12-05T00:03:20.352+0600] {dagbag.py:536} INFO - Filling up the DagBag from /Users/asminsadykova/Desktop/h&m/.venv/lib/python3.9/site-packages/airflow/example_dags/example_setup_teardown.py
[2025-12-05T00:03:20.363+0600] {processor.py:839} INFO - DAG(s) dict_keys(['example_setup_teardown']) retrieved from /Users/asminsadykova/Desktop/h&m/.venv/lib/python3.9/site-packages/airflow/example_dags/example_setup_teardown.py
[2025-12-05T00:03:20.433+0600] {logging_mixin.py:154} INFO - [2025-12-05T00:03:20.433+0600] {dag.py:2941} INFO - Sync 1 DAGs
[2025-12-05T00:03:20.439+0600] {logging_mixin.py:154} INFO - [2025-12-05T00:03:20.439+0600] {dag.py:3722} INFO - Setting next_dagrun for example_setup_teardown to 2025-12-03T18:03:20.439299+00:00, run_after=2025-12-04T18:03:20.439299+00:00
[2025-12-05T00:03:20.447+0600] {processor.py:179} INFO - Processing /Users/asminsadykova/Desktop/h&m/.venv/lib/python3.9/site-packages/airflow/example_dags/example_setup_teardown.py took 0.097 seconds
[2025-12-05T00:04:51.680+0600] {processor.py:157} INFO - Started process (PID=43194) to work on /Users/asminsadykova/Desktop/h&m/.venv/lib/python3.9/site-packages/airflow/example_dags/example_setup_teardown.py
[2025-12-05T00:04:51.681+0600] {processor.py:829} INFO - Processing file /Users/asminsadykova/Desktop/h&m/.venv/lib/python3.9/site-packages/airflow/example_dags/example_setup_teardown.py for tasks to queue
[2025-12-05T00:04:51.681+0600] {logging_mixin.py:154} INFO - [2025-12-05T00:04:51.681+0600] {dagbag.py:536} INFO - Filling up the DagBag from /Users/asminsadykova/Desktop/h&m/.venv/lib/python3.9/site-packages/airflow/example_dags/example_setup_teardown.py
[2025-12-05T00:04:51.693+0600] {processor.py:839} INFO - DAG(s) dict_keys(['example_setup_teardown']) retrieved from /Users/asminsadykova/Desktop/h&m/.venv/lib/python3.9/site-packages/airflow/example_dags/example_setup_teardown.py
[2025-12-05T00:04:51.775+0600] {logging_mixin.py:154} INFO - [2025-12-05T00:04:51.775+0600] {dag.py:2941} INFO - Sync 1 DAGs
[2025-12-05T00:04:51.783+0600] {logging_mixin.py:154} INFO - [2025-12-05T00:04:51.783+0600] {dag.py:3722} INFO - Setting next_dagrun for example_setup_teardown to 2025-12-03T18:04:51.783032+00:00, run_after=2025-12-04T18:04:51.783032+00:00
[2025-12-05T00:04:51.793+0600] {processor.py:179} INFO - Processing /Users/asminsadykova/Desktop/h&m/.venv/lib/python3.9/site-packages/airflow/example_dags/example_setup_teardown.py took 0.113 seconds
[2025-12-05T00:06:25.637+0600] {processor.py:157} INFO - Started process (PID=43364) to work on /Users/asminsadykova/Desktop/h&m/.venv/lib/python3.9/site-packages/airflow/example_dags/example_setup_teardown.py
[2025-12-05T00:06:25.638+0600] {processor.py:829} INFO - Processing file /Users/asminsadykova/Desktop/h&m/.venv/lib/python3.9/site-packages/airflow/example_dags/example_setup_teardown.py for tasks to queue
[2025-12-05T00:06:25.638+0600] {logging_mixin.py:154} INFO - [2025-12-05T00:06:25.638+0600] {dagbag.py:536} INFO - Filling up the DagBag from /Users/asminsadykova/Desktop/h&m/.venv/lib/python3.9/site-packages/airflow/example_dags/example_setup_teardown.py
[2025-12-05T00:06:25.650+0600] {processor.py:839} INFO - DAG(s) dict_keys(['example_setup_teardown']) retrieved from /Users/asminsadykova/Desktop/h&m/.venv/lib/python3.9/site-packages/airflow/example_dags/example_setup_teardown.py
[2025-12-05T00:06:25.725+0600] {logging_mixin.py:154} INFO - [2025-12-05T00:06:25.725+0600] {dag.py:2941} INFO - Sync 1 DAGs
[2025-12-05T00:06:25.732+0600] {logging_mixin.py:154} INFO - [2025-12-05T00:06:25.732+0600] {dag.py:3722} INFO - Setting next_dagrun for example_setup_teardown to 2025-12-03T18:06:25.731974+00:00, run_after=2025-12-04T18:06:25.731974+00:00
[2025-12-05T00:06:25.740+0600] {processor.py:179} INFO - Processing /Users/asminsadykova/Desktop/h&m/.venv/lib/python3.9/site-packages/airflow/example_dags/example_setup_teardown.py took 0.104 seconds
[2025-12-05T00:07:49.397+0600] {processor.py:157} INFO - Started process (PID=43507) to work on /Users/asminsadykova/Desktop/h&m/.venv/lib/python3.9/site-packages/airflow/example_dags/example_setup_teardown.py
[2025-12-05T00:07:49.399+0600] {processor.py:829} INFO - Processing file /Users/asminsadykova/Desktop/h&m/.venv/lib/python3.9/site-packages/airflow/example_dags/example_setup_teardown.py for tasks to queue
[2025-12-05T00:07:49.399+0600] {logging_mixin.py:154} INFO - [2025-12-05T00:07:49.399+0600] {dagbag.py:536} INFO - Filling up the DagBag from /Users/asminsadykova/Desktop/h&m/.venv/lib/python3.9/site-packages/airflow/example_dags/example_setup_teardown.py
[2025-12-05T00:07:49.410+0600] {processor.py:839} INFO - DAG(s) dict_keys(['example_setup_teardown']) retrieved from /Users/asminsadykova/Desktop/h&m/.venv/lib/python3.9/site-packages/airflow/example_dags/example_setup_teardown.py
[2025-12-05T00:07:49.488+0600] {logging_mixin.py:154} INFO - [2025-12-05T00:07:49.488+0600] {dag.py:2941} INFO - Sync 1 DAGs
[2025-12-05T00:07:49.496+0600] {logging_mixin.py:154} INFO - [2025-12-05T00:07:49.495+0600] {dag.py:3722} INFO - Setting next_dagrun for example_setup_teardown to 2025-12-03T18:07:49.495866+00:00, run_after=2025-12-04T18:07:49.495866+00:00
[2025-12-05T00:07:49.506+0600] {processor.py:179} INFO - Processing /Users/asminsadykova/Desktop/h&m/.venv/lib/python3.9/site-packages/airflow/example_dags/example_setup_teardown.py took 0.109 seconds
[2025-12-05T00:09:21.549+0600] {processor.py:157} INFO - Started process (PID=43660) to work on /Users/asminsadykova/Desktop/h&m/.venv/lib/python3.9/site-packages/airflow/example_dags/example_setup_teardown.py
[2025-12-05T00:09:21.550+0600] {processor.py:829} INFO - Processing file /Users/asminsadykova/Desktop/h&m/.venv/lib/python3.9/site-packages/airflow/example_dags/example_setup_teardown.py for tasks to queue
[2025-12-05T00:09:21.550+0600] {logging_mixin.py:154} INFO - [2025-12-05T00:09:21.550+0600] {dagbag.py:536} INFO - Filling up the DagBag from /Users/asminsadykova/Desktop/h&m/.venv/lib/python3.9/site-packages/airflow/example_dags/example_setup_teardown.py
[2025-12-05T00:09:21.563+0600] {processor.py:839} INFO - DAG(s) dict_keys(['example_setup_teardown']) retrieved from /Users/asminsadykova/Desktop/h&m/.venv/lib/python3.9/site-packages/airflow/example_dags/example_setup_teardown.py
[2025-12-05T00:09:21.649+0600] {logging_mixin.py:154} INFO - [2025-12-05T00:09:21.648+0600] {dag.py:2941} INFO - Sync 1 DAGs
[2025-12-05T00:09:21.661+0600] {logging_mixin.py:154} INFO - [2025-12-05T00:09:21.661+0600] {dag.py:3722} INFO - Setting next_dagrun for example_setup_teardown to 2025-12-03T18:09:21.661429+00:00, run_after=2025-12-04T18:09:21.661429+00:00
[2025-12-05T00:09:21.679+0600] {processor.py:179} INFO - Processing /Users/asminsadykova/Desktop/h&m/.venv/lib/python3.9/site-packages/airflow/example_dags/example_setup_teardown.py took 0.131 seconds
[2025-12-05T00:10:58.489+0600] {processor.py:157} INFO - Started process (PID=43822) to work on /Users/asminsadykova/Desktop/h&m/.venv/lib/python3.9/site-packages/airflow/example_dags/example_setup_teardown.py
[2025-12-05T00:10:58.490+0600] {processor.py:829} INFO - Processing file /Users/asminsadykova/Desktop/h&m/.venv/lib/python3.9/site-packages/airflow/example_dags/example_setup_teardown.py for tasks to queue
[2025-12-05T00:10:58.490+0600] {logging_mixin.py:154} INFO - [2025-12-05T00:10:58.490+0600] {dagbag.py:536} INFO - Filling up the DagBag from /Users/asminsadykova/Desktop/h&m/.venv/lib/python3.9/site-packages/airflow/example_dags/example_setup_teardown.py
[2025-12-05T00:10:58.502+0600] {processor.py:839} INFO - DAG(s) dict_keys(['example_setup_teardown']) retrieved from /Users/asminsadykova/Desktop/h&m/.venv/lib/python3.9/site-packages/airflow/example_dags/example_setup_teardown.py
[2025-12-05T00:10:58.575+0600] {logging_mixin.py:154} INFO - [2025-12-05T00:10:58.575+0600] {dag.py:2941} INFO - Sync 1 DAGs
[2025-12-05T00:10:58.582+0600] {logging_mixin.py:154} INFO - [2025-12-05T00:10:58.581+0600] {dag.py:3722} INFO - Setting next_dagrun for example_setup_teardown to 2025-12-03T18:10:58.581939+00:00, run_after=2025-12-04T18:10:58.581939+00:00
[2025-12-05T00:10:58.590+0600] {processor.py:179} INFO - Processing /Users/asminsadykova/Desktop/h&m/.venv/lib/python3.9/site-packages/airflow/example_dags/example_setup_teardown.py took 0.101 seconds
[2025-12-05T00:12:28.831+0600] {processor.py:157} INFO - Started process (PID=43985) to work on /Users/asminsadykova/Desktop/h&m/.venv/lib/python3.9/site-packages/airflow/example_dags/example_setup_teardown.py
[2025-12-05T00:12:28.832+0600] {processor.py:829} INFO - Processing file /Users/asminsadykova/Desktop/h&m/.venv/lib/python3.9/site-packages/airflow/example_dags/example_setup_teardown.py for tasks to queue
[2025-12-05T00:12:28.832+0600] {logging_mixin.py:154} INFO - [2025-12-05T00:12:28.832+0600] {dagbag.py:536} INFO - Filling up the DagBag from /Users/asminsadykova/Desktop/h&m/.venv/lib/python3.9/site-packages/airflow/example_dags/example_setup_teardown.py
[2025-12-05T00:12:28.844+0600] {processor.py:839} INFO - DAG(s) dict_keys(['example_setup_teardown']) retrieved from /Users/asminsadykova/Desktop/h&m/.venv/lib/python3.9/site-packages/airflow/example_dags/example_setup_teardown.py
[2025-12-05T00:12:28.919+0600] {logging_mixin.py:154} INFO - [2025-12-05T00:12:28.919+0600] {dag.py:2941} INFO - Sync 1 DAGs
[2025-12-05T00:12:28.926+0600] {logging_mixin.py:154} INFO - [2025-12-05T00:12:28.925+0600] {dag.py:3722} INFO - Setting next_dagrun for example_setup_teardown to 2025-12-03T18:12:28.925916+00:00, run_after=2025-12-04T18:12:28.925916+00:00
[2025-12-05T00:12:28.933+0600] {processor.py:179} INFO - Processing /Users/asminsadykova/Desktop/h&m/.venv/lib/python3.9/site-packages/airflow/example_dags/example_setup_teardown.py took 0.104 seconds
