[2025-12-04T23:17:43.247+0600] {processor.py:157} INFO - Started process (PID=38919) to work on /Users/asminsadykova/Desktop/h&m/.venv/lib/python3.9/site-packages/airflow/example_dags/example_time_delta_sensor_async.py
[2025-12-04T23:17:43.248+0600] {processor.py:829} INFO - Processing file /Users/asminsadykova/Desktop/h&m/.venv/lib/python3.9/site-packages/airflow/example_dags/example_time_delta_sensor_async.py for tasks to queue
[2025-12-04T23:17:43.248+0600] {logging_mixin.py:154} INFO - [2025-12-04T23:17:43.248+0600] {dagbag.py:536} INFO - Filling up the DagBag from /Users/asminsadykova/Desktop/h&m/.venv/lib/python3.9/site-packages/airflow/example_dags/example_time_delta_sensor_async.py
[2025-12-04T23:17:43.259+0600] {processor.py:839} INFO - DAG(s) dict_keys(['example_time_delta_sensor_async']) retrieved from /Users/asminsadykova/Desktop/h&m/.venv/lib/python3.9/site-packages/airflow/example_dags/example_time_delta_sensor_async.py
[2025-12-04T23:17:43.525+0600] {logging_mixin.py:154} INFO - [2025-12-04T23:17:43.525+0600] {manager.py:499} INFO - Created Permission View: %s
[2025-12-04T23:17:43.528+0600] {logging_mixin.py:154} INFO - [2025-12-04T23:17:43.528+0600] {manager.py:499} INFO - Created Permission View: %s
[2025-12-04T23:17:43.530+0600] {logging_mixin.py:154} INFO - [2025-12-04T23:17:43.530+0600] {manager.py:499} INFO - Created Permission View: %s
[2025-12-04T23:17:43.531+0600] {logging_mixin.py:154} INFO - [2025-12-04T23:17:43.531+0600] {dag.py:2941} INFO - Sync 1 DAGs
[2025-12-04T23:17:43.536+0600] {logging_mixin.py:154} INFO - [2025-12-04T23:17:43.536+0600] {dag.py:2963} INFO - Creating ORM DAG for example_time_delta_sensor_async
[2025-12-04T23:17:43.537+0600] {logging_mixin.py:154} INFO - [2025-12-04T23:17:43.537+0600] {dag.py:3722} INFO - Setting next_dagrun for example_time_delta_sensor_async to None, run_after=None
[2025-12-04T23:17:43.543+0600] {processor.py:179} INFO - Processing /Users/asminsadykova/Desktop/h&m/.venv/lib/python3.9/site-packages/airflow/example_dags/example_time_delta_sensor_async.py took 0.297 seconds
[2025-12-04T23:19:02.475+0600] {processor.py:157} INFO - Started process (PID=39015) to work on /Users/asminsadykova/Desktop/h&m/.venv/lib/python3.9/site-packages/airflow/example_dags/example_time_delta_sensor_async.py
[2025-12-04T23:19:02.476+0600] {processor.py:829} INFO - Processing file /Users/asminsadykova/Desktop/h&m/.venv/lib/python3.9/site-packages/airflow/example_dags/example_time_delta_sensor_async.py for tasks to queue
[2025-12-04T23:19:02.476+0600] {logging_mixin.py:154} INFO - [2025-12-04T23:19:02.476+0600] {dagbag.py:536} INFO - Filling up the DagBag from /Users/asminsadykova/Desktop/h&m/.venv/lib/python3.9/site-packages/airflow/example_dags/example_time_delta_sensor_async.py
[2025-12-04T23:19:02.488+0600] {processor.py:839} INFO - DAG(s) dict_keys(['example_time_delta_sensor_async']) retrieved from /Users/asminsadykova/Desktop/h&m/.venv/lib/python3.9/site-packages/airflow/example_dags/example_time_delta_sensor_async.py
[2025-12-04T23:19:02.569+0600] {logging_mixin.py:154} INFO - [2025-12-04T23:19:02.569+0600] {dag.py:2941} INFO - Sync 1 DAGs
[2025-12-04T23:19:02.573+0600] {logging_mixin.py:154} INFO - [2025-12-04T23:19:02.573+0600] {dag.py:3722} INFO - Setting next_dagrun for example_time_delta_sensor_async to None, run_after=None
[2025-12-04T23:19:02.580+0600] {processor.py:179} INFO - Processing /Users/asminsadykova/Desktop/h&m/.venv/lib/python3.9/site-packages/airflow/example_dags/example_time_delta_sensor_async.py took 0.106 seconds
[2025-12-04T23:20:28.217+0600] {processor.py:157} INFO - Started process (PID=39116) to work on /Users/asminsadykova/Desktop/h&m/.venv/lib/python3.9/site-packages/airflow/example_dags/example_time_delta_sensor_async.py
[2025-12-04T23:20:28.218+0600] {processor.py:829} INFO - Processing file /Users/asminsadykova/Desktop/h&m/.venv/lib/python3.9/site-packages/airflow/example_dags/example_time_delta_sensor_async.py for tasks to queue
[2025-12-04T23:20:28.218+0600] {logging_mixin.py:154} INFO - [2025-12-04T23:20:28.218+0600] {dagbag.py:536} INFO - Filling up the DagBag from /Users/asminsadykova/Desktop/h&m/.venv/lib/python3.9/site-packages/airflow/example_dags/example_time_delta_sensor_async.py
[2025-12-04T23:20:28.232+0600] {processor.py:839} INFO - DAG(s) dict_keys(['example_time_delta_sensor_async']) retrieved from /Users/asminsadykova/Desktop/h&m/.venv/lib/python3.9/site-packages/airflow/example_dags/example_time_delta_sensor_async.py
[2025-12-04T23:20:28.312+0600] {logging_mixin.py:154} INFO - [2025-12-04T23:20:28.312+0600] {dag.py:2941} INFO - Sync 1 DAGs
[2025-12-04T23:20:28.315+0600] {logging_mixin.py:154} INFO - [2025-12-04T23:20:28.315+0600] {dag.py:3722} INFO - Setting next_dagrun for example_time_delta_sensor_async to None, run_after=None
[2025-12-04T23:20:28.323+0600] {processor.py:179} INFO - Processing /Users/asminsadykova/Desktop/h&m/.venv/lib/python3.9/site-packages/airflow/example_dags/example_time_delta_sensor_async.py took 0.107 seconds
[2025-12-04T23:21:54.449+0600] {processor.py:157} INFO - Started process (PID=39223) to work on /Users/asminsadykova/Desktop/h&m/.venv/lib/python3.9/site-packages/airflow/example_dags/example_time_delta_sensor_async.py
[2025-12-04T23:21:54.450+0600] {processor.py:829} INFO - Processing file /Users/asminsadykova/Desktop/h&m/.venv/lib/python3.9/site-packages/airflow/example_dags/example_time_delta_sensor_async.py for tasks to queue
[2025-12-04T23:21:54.450+0600] {logging_mixin.py:154} INFO - [2025-12-04T23:21:54.450+0600] {dagbag.py:536} INFO - Filling up the DagBag from /Users/asminsadykova/Desktop/h&m/.venv/lib/python3.9/site-packages/airflow/example_dags/example_time_delta_sensor_async.py
[2025-12-04T23:21:54.461+0600] {processor.py:839} INFO - DAG(s) dict_keys(['example_time_delta_sensor_async']) retrieved from /Users/asminsadykova/Desktop/h&m/.venv/lib/python3.9/site-packages/airflow/example_dags/example_time_delta_sensor_async.py
[2025-12-04T23:21:54.538+0600] {logging_mixin.py:154} INFO - [2025-12-04T23:21:54.538+0600] {dag.py:2941} INFO - Sync 1 DAGs
[2025-12-04T23:21:54.542+0600] {logging_mixin.py:154} INFO - [2025-12-04T23:21:54.542+0600] {dag.py:3722} INFO - Setting next_dagrun for example_time_delta_sensor_async to None, run_after=None
[2025-12-04T23:21:54.550+0600] {processor.py:179} INFO - Processing /Users/asminsadykova/Desktop/h&m/.venv/lib/python3.9/site-packages/airflow/example_dags/example_time_delta_sensor_async.py took 0.101 seconds
[2025-12-04T23:23:23.889+0600] {processor.py:157} INFO - Started process (PID=39299) to work on /Users/asminsadykova/Desktop/h&m/.venv/lib/python3.9/site-packages/airflow/example_dags/example_time_delta_sensor_async.py
[2025-12-04T23:23:23.890+0600] {processor.py:829} INFO - Processing file /Users/asminsadykova/Desktop/h&m/.venv/lib/python3.9/site-packages/airflow/example_dags/example_time_delta_sensor_async.py for tasks to queue
[2025-12-04T23:23:23.890+0600] {logging_mixin.py:154} INFO - [2025-12-04T23:23:23.890+0600] {dagbag.py:536} INFO - Filling up the DagBag from /Users/asminsadykova/Desktop/h&m/.venv/lib/python3.9/site-packages/airflow/example_dags/example_time_delta_sensor_async.py
[2025-12-04T23:23:23.901+0600] {processor.py:839} INFO - DAG(s) dict_keys(['example_time_delta_sensor_async']) retrieved from /Users/asminsadykova/Desktop/h&m/.venv/lib/python3.9/site-packages/airflow/example_dags/example_time_delta_sensor_async.py
[2025-12-04T23:23:23.974+0600] {logging_mixin.py:154} INFO - [2025-12-04T23:23:23.974+0600] {dag.py:2941} INFO - Sync 1 DAGs
[2025-12-04T23:23:23.978+0600] {logging_mixin.py:154} INFO - [2025-12-04T23:23:23.978+0600] {dag.py:3722} INFO - Setting next_dagrun for example_time_delta_sensor_async to None, run_after=None
[2025-12-04T23:23:23.985+0600] {processor.py:179} INFO - Processing /Users/asminsadykova/Desktop/h&m/.venv/lib/python3.9/site-packages/airflow/example_dags/example_time_delta_sensor_async.py took 0.097 seconds
[2025-12-04T23:25:01.221+0600] {processor.py:157} INFO - Started process (PID=39499) to work on /Users/asminsadykova/Desktop/h&m/.venv/lib/python3.9/site-packages/airflow/example_dags/example_time_delta_sensor_async.py
[2025-12-04T23:25:01.222+0600] {processor.py:829} INFO - Processing file /Users/asminsadykova/Desktop/h&m/.venv/lib/python3.9/site-packages/airflow/example_dags/example_time_delta_sensor_async.py for tasks to queue
[2025-12-04T23:25:01.222+0600] {logging_mixin.py:154} INFO - [2025-12-04T23:25:01.222+0600] {dagbag.py:536} INFO - Filling up the DagBag from /Users/asminsadykova/Desktop/h&m/.venv/lib/python3.9/site-packages/airflow/example_dags/example_time_delta_sensor_async.py
[2025-12-04T23:25:01.233+0600] {processor.py:839} INFO - DAG(s) dict_keys(['example_time_delta_sensor_async']) retrieved from /Users/asminsadykova/Desktop/h&m/.venv/lib/python3.9/site-packages/airflow/example_dags/example_time_delta_sensor_async.py
[2025-12-04T23:25:01.306+0600] {logging_mixin.py:154} INFO - [2025-12-04T23:25:01.306+0600] {dag.py:2941} INFO - Sync 1 DAGs
[2025-12-04T23:25:01.309+0600] {logging_mixin.py:154} INFO - [2025-12-04T23:25:01.309+0600] {dag.py:3722} INFO - Setting next_dagrun for example_time_delta_sensor_async to None, run_after=None
[2025-12-04T23:25:01.316+0600] {processor.py:179} INFO - Processing /Users/asminsadykova/Desktop/h&m/.venv/lib/python3.9/site-packages/airflow/example_dags/example_time_delta_sensor_async.py took 0.096 seconds
[2025-12-04T23:26:35.016+0600] {processor.py:157} INFO - Started process (PID=39598) to work on /Users/asminsadykova/Desktop/h&m/.venv/lib/python3.9/site-packages/airflow/example_dags/example_time_delta_sensor_async.py
[2025-12-04T23:26:35.017+0600] {processor.py:829} INFO - Processing file /Users/asminsadykova/Desktop/h&m/.venv/lib/python3.9/site-packages/airflow/example_dags/example_time_delta_sensor_async.py for tasks to queue
[2025-12-04T23:26:35.017+0600] {logging_mixin.py:154} INFO - [2025-12-04T23:26:35.017+0600] {dagbag.py:536} INFO - Filling up the DagBag from /Users/asminsadykova/Desktop/h&m/.venv/lib/python3.9/site-packages/airflow/example_dags/example_time_delta_sensor_async.py
[2025-12-04T23:26:35.028+0600] {processor.py:839} INFO - DAG(s) dict_keys(['example_time_delta_sensor_async']) retrieved from /Users/asminsadykova/Desktop/h&m/.venv/lib/python3.9/site-packages/airflow/example_dags/example_time_delta_sensor_async.py
[2025-12-04T23:26:35.105+0600] {logging_mixin.py:154} INFO - [2025-12-04T23:26:35.104+0600] {dag.py:2941} INFO - Sync 1 DAGs
[2025-12-04T23:26:35.108+0600] {logging_mixin.py:154} INFO - [2025-12-04T23:26:35.108+0600] {dag.py:3722} INFO - Setting next_dagrun for example_time_delta_sensor_async to None, run_after=None
[2025-12-04T23:26:35.116+0600] {processor.py:179} INFO - Processing /Users/asminsadykova/Desktop/h&m/.venv/lib/python3.9/site-packages/airflow/example_dags/example_time_delta_sensor_async.py took 0.101 seconds
[2025-12-04T23:28:08.353+0600] {processor.py:157} INFO - Started process (PID=39698) to work on /Users/asminsadykova/Desktop/h&m/.venv/lib/python3.9/site-packages/airflow/example_dags/example_time_delta_sensor_async.py
[2025-12-04T23:28:08.354+0600] {processor.py:829} INFO - Processing file /Users/asminsadykova/Desktop/h&m/.venv/lib/python3.9/site-packages/airflow/example_dags/example_time_delta_sensor_async.py for tasks to queue
[2025-12-04T23:28:08.354+0600] {logging_mixin.py:154} INFO - [2025-12-04T23:28:08.354+0600] {dagbag.py:536} INFO - Filling up the DagBag from /Users/asminsadykova/Desktop/h&m/.venv/lib/python3.9/site-packages/airflow/example_dags/example_time_delta_sensor_async.py
[2025-12-04T23:28:08.365+0600] {processor.py:839} INFO - DAG(s) dict_keys(['example_time_delta_sensor_async']) retrieved from /Users/asminsadykova/Desktop/h&m/.venv/lib/python3.9/site-packages/airflow/example_dags/example_time_delta_sensor_async.py
[2025-12-04T23:28:08.439+0600] {logging_mixin.py:154} INFO - [2025-12-04T23:28:08.439+0600] {dag.py:2941} INFO - Sync 1 DAGs
[2025-12-04T23:28:08.443+0600] {logging_mixin.py:154} INFO - [2025-12-04T23:28:08.443+0600] {dag.py:3722} INFO - Setting next_dagrun for example_time_delta_sensor_async to None, run_after=None
[2025-12-04T23:28:08.450+0600] {processor.py:179} INFO - Processing /Users/asminsadykova/Desktop/h&m/.venv/lib/python3.9/site-packages/airflow/example_dags/example_time_delta_sensor_async.py took 0.097 seconds
[2025-12-04T23:29:32.788+0600] {processor.py:157} INFO - Started process (PID=39771) to work on /Users/asminsadykova/Desktop/h&m/.venv/lib/python3.9/site-packages/airflow/example_dags/example_time_delta_sensor_async.py
[2025-12-04T23:29:32.789+0600] {processor.py:829} INFO - Processing file /Users/asminsadykova/Desktop/h&m/.venv/lib/python3.9/site-packages/airflow/example_dags/example_time_delta_sensor_async.py for tasks to queue
[2025-12-04T23:29:32.789+0600] {logging_mixin.py:154} INFO - [2025-12-04T23:29:32.789+0600] {dagbag.py:536} INFO - Filling up the DagBag from /Users/asminsadykova/Desktop/h&m/.venv/lib/python3.9/site-packages/airflow/example_dags/example_time_delta_sensor_async.py
[2025-12-04T23:29:32.800+0600] {processor.py:839} INFO - DAG(s) dict_keys(['example_time_delta_sensor_async']) retrieved from /Users/asminsadykova/Desktop/h&m/.venv/lib/python3.9/site-packages/airflow/example_dags/example_time_delta_sensor_async.py
[2025-12-04T23:29:32.873+0600] {logging_mixin.py:154} INFO - [2025-12-04T23:29:32.873+0600] {dag.py:2941} INFO - Sync 1 DAGs
[2025-12-04T23:29:32.876+0600] {logging_mixin.py:154} INFO - [2025-12-04T23:29:32.876+0600] {dag.py:3722} INFO - Setting next_dagrun for example_time_delta_sensor_async to None, run_after=None
[2025-12-04T23:29:32.885+0600] {processor.py:179} INFO - Processing /Users/asminsadykova/Desktop/h&m/.venv/lib/python3.9/site-packages/airflow/example_dags/example_time_delta_sensor_async.py took 0.098 seconds
[2025-12-04T23:30:54.588+0600] {processor.py:157} INFO - Started process (PID=39841) to work on /Users/asminsadykova/Desktop/h&m/.venv/lib/python3.9/site-packages/airflow/example_dags/example_time_delta_sensor_async.py
[2025-12-04T23:30:54.590+0600] {processor.py:829} INFO - Processing file /Users/asminsadykova/Desktop/h&m/.venv/lib/python3.9/site-packages/airflow/example_dags/example_time_delta_sensor_async.py for tasks to queue
[2025-12-04T23:30:54.590+0600] {logging_mixin.py:154} INFO - [2025-12-04T23:30:54.590+0600] {dagbag.py:536} INFO - Filling up the DagBag from /Users/asminsadykova/Desktop/h&m/.venv/lib/python3.9/site-packages/airflow/example_dags/example_time_delta_sensor_async.py
[2025-12-04T23:30:54.601+0600] {processor.py:839} INFO - DAG(s) dict_keys(['example_time_delta_sensor_async']) retrieved from /Users/asminsadykova/Desktop/h&m/.venv/lib/python3.9/site-packages/airflow/example_dags/example_time_delta_sensor_async.py
[2025-12-04T23:30:54.674+0600] {logging_mixin.py:154} INFO - [2025-12-04T23:30:54.674+0600] {dag.py:2941} INFO - Sync 1 DAGs
[2025-12-04T23:30:54.678+0600] {logging_mixin.py:154} INFO - [2025-12-04T23:30:54.678+0600] {dag.py:3722} INFO - Setting next_dagrun for example_time_delta_sensor_async to None, run_after=None
[2025-12-04T23:30:54.686+0600] {processor.py:179} INFO - Processing /Users/asminsadykova/Desktop/h&m/.venv/lib/python3.9/site-packages/airflow/example_dags/example_time_delta_sensor_async.py took 0.098 seconds
[2025-12-04T23:32:22.703+0600] {processor.py:157} INFO - Started process (PID=40044) to work on /Users/asminsadykova/Desktop/h&m/.venv/lib/python3.9/site-packages/airflow/example_dags/example_time_delta_sensor_async.py
[2025-12-04T23:32:22.704+0600] {processor.py:829} INFO - Processing file /Users/asminsadykova/Desktop/h&m/.venv/lib/python3.9/site-packages/airflow/example_dags/example_time_delta_sensor_async.py for tasks to queue
[2025-12-04T23:32:22.704+0600] {logging_mixin.py:154} INFO - [2025-12-04T23:32:22.704+0600] {dagbag.py:536} INFO - Filling up the DagBag from /Users/asminsadykova/Desktop/h&m/.venv/lib/python3.9/site-packages/airflow/example_dags/example_time_delta_sensor_async.py
[2025-12-04T23:32:22.716+0600] {processor.py:839} INFO - DAG(s) dict_keys(['example_time_delta_sensor_async']) retrieved from /Users/asminsadykova/Desktop/h&m/.venv/lib/python3.9/site-packages/airflow/example_dags/example_time_delta_sensor_async.py
[2025-12-04T23:32:22.793+0600] {logging_mixin.py:154} INFO - [2025-12-04T23:32:22.793+0600] {dag.py:2941} INFO - Sync 1 DAGs
[2025-12-04T23:32:22.797+0600] {logging_mixin.py:154} INFO - [2025-12-04T23:32:22.797+0600] {dag.py:3722} INFO - Setting next_dagrun for example_time_delta_sensor_async to None, run_after=None
[2025-12-04T23:32:22.806+0600] {processor.py:179} INFO - Processing /Users/asminsadykova/Desktop/h&m/.venv/lib/python3.9/site-packages/airflow/example_dags/example_time_delta_sensor_async.py took 0.103 seconds
[2025-12-04T23:33:44.644+0600] {processor.py:157} INFO - Started process (PID=40135) to work on /Users/asminsadykova/Desktop/h&m/.venv/lib/python3.9/site-packages/airflow/example_dags/example_time_delta_sensor_async.py
[2025-12-04T23:33:44.645+0600] {processor.py:829} INFO - Processing file /Users/asminsadykova/Desktop/h&m/.venv/lib/python3.9/site-packages/airflow/example_dags/example_time_delta_sensor_async.py for tasks to queue
[2025-12-04T23:33:44.645+0600] {logging_mixin.py:154} INFO - [2025-12-04T23:33:44.645+0600] {dagbag.py:536} INFO - Filling up the DagBag from /Users/asminsadykova/Desktop/h&m/.venv/lib/python3.9/site-packages/airflow/example_dags/example_time_delta_sensor_async.py
[2025-12-04T23:33:44.656+0600] {processor.py:839} INFO - DAG(s) dict_keys(['example_time_delta_sensor_async']) retrieved from /Users/asminsadykova/Desktop/h&m/.venv/lib/python3.9/site-packages/airflow/example_dags/example_time_delta_sensor_async.py
[2025-12-04T23:33:44.729+0600] {logging_mixin.py:154} INFO - [2025-12-04T23:33:44.729+0600] {dag.py:2941} INFO - Sync 1 DAGs
[2025-12-04T23:33:44.733+0600] {logging_mixin.py:154} INFO - [2025-12-04T23:33:44.733+0600] {dag.py:3722} INFO - Setting next_dagrun for example_time_delta_sensor_async to None, run_after=None
[2025-12-04T23:33:44.740+0600] {processor.py:179} INFO - Processing /Users/asminsadykova/Desktop/h&m/.venv/lib/python3.9/site-packages/airflow/example_dags/example_time_delta_sensor_async.py took 0.097 seconds
[2025-12-04T23:35:17.366+0600] {processor.py:157} INFO - Started process (PID=40225) to work on /Users/asminsadykova/Desktop/h&m/.venv/lib/python3.9/site-packages/airflow/example_dags/example_time_delta_sensor_async.py
[2025-12-04T23:35:17.367+0600] {processor.py:829} INFO - Processing file /Users/asminsadykova/Desktop/h&m/.venv/lib/python3.9/site-packages/airflow/example_dags/example_time_delta_sensor_async.py for tasks to queue
[2025-12-04T23:35:17.367+0600] {logging_mixin.py:154} INFO - [2025-12-04T23:35:17.367+0600] {dagbag.py:536} INFO - Filling up the DagBag from /Users/asminsadykova/Desktop/h&m/.venv/lib/python3.9/site-packages/airflow/example_dags/example_time_delta_sensor_async.py
[2025-12-04T23:35:17.379+0600] {processor.py:839} INFO - DAG(s) dict_keys(['example_time_delta_sensor_async']) retrieved from /Users/asminsadykova/Desktop/h&m/.venv/lib/python3.9/site-packages/airflow/example_dags/example_time_delta_sensor_async.py
[2025-12-04T23:35:17.452+0600] {logging_mixin.py:154} INFO - [2025-12-04T23:35:17.452+0600] {dag.py:2941} INFO - Sync 1 DAGs
[2025-12-04T23:35:17.456+0600] {logging_mixin.py:154} INFO - [2025-12-04T23:35:17.456+0600] {dag.py:3722} INFO - Setting next_dagrun for example_time_delta_sensor_async to None, run_after=None
[2025-12-04T23:35:17.464+0600] {processor.py:179} INFO - Processing /Users/asminsadykova/Desktop/h&m/.venv/lib/python3.9/site-packages/airflow/example_dags/example_time_delta_sensor_async.py took 0.099 seconds
[2025-12-04T23:36:54.327+0600] {processor.py:157} INFO - Started process (PID=40310) to work on /Users/asminsadykova/Desktop/h&m/.venv/lib/python3.9/site-packages/airflow/example_dags/example_time_delta_sensor_async.py
[2025-12-04T23:36:54.328+0600] {processor.py:829} INFO - Processing file /Users/asminsadykova/Desktop/h&m/.venv/lib/python3.9/site-packages/airflow/example_dags/example_time_delta_sensor_async.py for tasks to queue
[2025-12-04T23:36:54.328+0600] {logging_mixin.py:154} INFO - [2025-12-04T23:36:54.328+0600] {dagbag.py:536} INFO - Filling up the DagBag from /Users/asminsadykova/Desktop/h&m/.venv/lib/python3.9/site-packages/airflow/example_dags/example_time_delta_sensor_async.py
[2025-12-04T23:36:54.339+0600] {processor.py:839} INFO - DAG(s) dict_keys(['example_time_delta_sensor_async']) retrieved from /Users/asminsadykova/Desktop/h&m/.venv/lib/python3.9/site-packages/airflow/example_dags/example_time_delta_sensor_async.py
[2025-12-04T23:36:54.417+0600] {logging_mixin.py:154} INFO - [2025-12-04T23:36:54.417+0600] {dag.py:2941} INFO - Sync 1 DAGs
[2025-12-04T23:36:54.421+0600] {logging_mixin.py:154} INFO - [2025-12-04T23:36:54.421+0600] {dag.py:3722} INFO - Setting next_dagrun for example_time_delta_sensor_async to None, run_after=None
[2025-12-04T23:36:54.429+0600] {processor.py:179} INFO - Processing /Users/asminsadykova/Desktop/h&m/.venv/lib/python3.9/site-packages/airflow/example_dags/example_time_delta_sensor_async.py took 0.103 seconds
[2025-12-04T23:38:26.135+0600] {processor.py:157} INFO - Started process (PID=40401) to work on /Users/asminsadykova/Desktop/h&m/.venv/lib/python3.9/site-packages/airflow/example_dags/example_time_delta_sensor_async.py
[2025-12-04T23:38:26.136+0600] {processor.py:829} INFO - Processing file /Users/asminsadykova/Desktop/h&m/.venv/lib/python3.9/site-packages/airflow/example_dags/example_time_delta_sensor_async.py for tasks to queue
[2025-12-04T23:38:26.136+0600] {logging_mixin.py:154} INFO - [2025-12-04T23:38:26.136+0600] {dagbag.py:536} INFO - Filling up the DagBag from /Users/asminsadykova/Desktop/h&m/.venv/lib/python3.9/site-packages/airflow/example_dags/example_time_delta_sensor_async.py
[2025-12-04T23:38:26.147+0600] {processor.py:839} INFO - DAG(s) dict_keys(['example_time_delta_sensor_async']) retrieved from /Users/asminsadykova/Desktop/h&m/.venv/lib/python3.9/site-packages/airflow/example_dags/example_time_delta_sensor_async.py
[2025-12-04T23:38:26.222+0600] {logging_mixin.py:154} INFO - [2025-12-04T23:38:26.221+0600] {dag.py:2941} INFO - Sync 1 DAGs
[2025-12-04T23:38:26.225+0600] {logging_mixin.py:154} INFO - [2025-12-04T23:38:26.225+0600] {dag.py:3722} INFO - Setting next_dagrun for example_time_delta_sensor_async to None, run_after=None
[2025-12-04T23:38:26.233+0600] {processor.py:179} INFO - Processing /Users/asminsadykova/Desktop/h&m/.venv/lib/python3.9/site-packages/airflow/example_dags/example_time_delta_sensor_async.py took 0.098 seconds
[2025-12-04T23:39:58.910+0600] {processor.py:157} INFO - Started process (PID=40483) to work on /Users/asminsadykova/Desktop/h&m/.venv/lib/python3.9/site-packages/airflow/example_dags/example_time_delta_sensor_async.py
[2025-12-04T23:39:58.911+0600] {processor.py:829} INFO - Processing file /Users/asminsadykova/Desktop/h&m/.venv/lib/python3.9/site-packages/airflow/example_dags/example_time_delta_sensor_async.py for tasks to queue
[2025-12-04T23:39:58.911+0600] {logging_mixin.py:154} INFO - [2025-12-04T23:39:58.911+0600] {dagbag.py:536} INFO - Filling up the DagBag from /Users/asminsadykova/Desktop/h&m/.venv/lib/python3.9/site-packages/airflow/example_dags/example_time_delta_sensor_async.py
[2025-12-04T23:39:58.922+0600] {processor.py:839} INFO - DAG(s) dict_keys(['example_time_delta_sensor_async']) retrieved from /Users/asminsadykova/Desktop/h&m/.venv/lib/python3.9/site-packages/airflow/example_dags/example_time_delta_sensor_async.py
[2025-12-04T23:39:58.999+0600] {logging_mixin.py:154} INFO - [2025-12-04T23:39:58.999+0600] {dag.py:2941} INFO - Sync 1 DAGs
[2025-12-04T23:39:59.003+0600] {logging_mixin.py:154} INFO - [2025-12-04T23:39:59.003+0600] {dag.py:3722} INFO - Setting next_dagrun for example_time_delta_sensor_async to None, run_after=None
[2025-12-04T23:39:59.011+0600] {processor.py:179} INFO - Processing /Users/asminsadykova/Desktop/h&m/.venv/lib/python3.9/site-packages/airflow/example_dags/example_time_delta_sensor_async.py took 0.101 seconds
[2025-12-04T23:41:35.846+0600] {processor.py:157} INFO - Started process (PID=40617) to work on /Users/asminsadykova/Desktop/h&m/.venv/lib/python3.9/site-packages/airflow/example_dags/example_time_delta_sensor_async.py
[2025-12-04T23:41:35.847+0600] {processor.py:829} INFO - Processing file /Users/asminsadykova/Desktop/h&m/.venv/lib/python3.9/site-packages/airflow/example_dags/example_time_delta_sensor_async.py for tasks to queue
[2025-12-04T23:41:35.847+0600] {logging_mixin.py:154} INFO - [2025-12-04T23:41:35.847+0600] {dagbag.py:536} INFO - Filling up the DagBag from /Users/asminsadykova/Desktop/h&m/.venv/lib/python3.9/site-packages/airflow/example_dags/example_time_delta_sensor_async.py
[2025-12-04T23:41:35.858+0600] {processor.py:839} INFO - DAG(s) dict_keys(['example_time_delta_sensor_async']) retrieved from /Users/asminsadykova/Desktop/h&m/.venv/lib/python3.9/site-packages/airflow/example_dags/example_time_delta_sensor_async.py
[2025-12-04T23:41:35.932+0600] {logging_mixin.py:154} INFO - [2025-12-04T23:41:35.932+0600] {dag.py:2941} INFO - Sync 1 DAGs
[2025-12-04T23:41:35.936+0600] {logging_mixin.py:154} INFO - [2025-12-04T23:41:35.935+0600] {dag.py:3722} INFO - Setting next_dagrun for example_time_delta_sensor_async to None, run_after=None
[2025-12-04T23:41:35.943+0600] {processor.py:179} INFO - Processing /Users/asminsadykova/Desktop/h&m/.venv/lib/python3.9/site-packages/airflow/example_dags/example_time_delta_sensor_async.py took 0.098 seconds
[2025-12-04T23:43:04.011+0600] {processor.py:157} INFO - Started process (PID=40731) to work on /Users/asminsadykova/Desktop/h&m/.venv/lib/python3.9/site-packages/airflow/example_dags/example_time_delta_sensor_async.py
[2025-12-04T23:43:04.011+0600] {processor.py:829} INFO - Processing file /Users/asminsadykova/Desktop/h&m/.venv/lib/python3.9/site-packages/airflow/example_dags/example_time_delta_sensor_async.py for tasks to queue
[2025-12-04T23:43:04.012+0600] {logging_mixin.py:154} INFO - [2025-12-04T23:43:04.011+0600] {dagbag.py:536} INFO - Filling up the DagBag from /Users/asminsadykova/Desktop/h&m/.venv/lib/python3.9/site-packages/airflow/example_dags/example_time_delta_sensor_async.py
[2025-12-04T23:43:04.024+0600] {processor.py:839} INFO - DAG(s) dict_keys(['example_time_delta_sensor_async']) retrieved from /Users/asminsadykova/Desktop/h&m/.venv/lib/python3.9/site-packages/airflow/example_dags/example_time_delta_sensor_async.py
[2025-12-04T23:43:04.098+0600] {logging_mixin.py:154} INFO - [2025-12-04T23:43:04.098+0600] {dag.py:2941} INFO - Sync 1 DAGs
[2025-12-04T23:43:04.102+0600] {logging_mixin.py:154} INFO - [2025-12-04T23:43:04.102+0600] {dag.py:3722} INFO - Setting next_dagrun for example_time_delta_sensor_async to None, run_after=None
[2025-12-04T23:43:04.109+0600] {processor.py:179} INFO - Processing /Users/asminsadykova/Desktop/h&m/.venv/lib/python3.9/site-packages/airflow/example_dags/example_time_delta_sensor_async.py took 0.099 seconds
[2025-12-04T23:44:40.866+0600] {processor.py:157} INFO - Started process (PID=40981) to work on /Users/asminsadykova/Desktop/h&m/.venv/lib/python3.9/site-packages/airflow/example_dags/example_time_delta_sensor_async.py
[2025-12-04T23:44:40.866+0600] {processor.py:829} INFO - Processing file /Users/asminsadykova/Desktop/h&m/.venv/lib/python3.9/site-packages/airflow/example_dags/example_time_delta_sensor_async.py for tasks to queue
[2025-12-04T23:44:40.867+0600] {logging_mixin.py:154} INFO - [2025-12-04T23:44:40.867+0600] {dagbag.py:536} INFO - Filling up the DagBag from /Users/asminsadykova/Desktop/h&m/.venv/lib/python3.9/site-packages/airflow/example_dags/example_time_delta_sensor_async.py
[2025-12-04T23:44:40.878+0600] {processor.py:839} INFO - DAG(s) dict_keys(['example_time_delta_sensor_async']) retrieved from /Users/asminsadykova/Desktop/h&m/.venv/lib/python3.9/site-packages/airflow/example_dags/example_time_delta_sensor_async.py
[2025-12-04T23:44:40.953+0600] {logging_mixin.py:154} INFO - [2025-12-04T23:44:40.953+0600] {dag.py:2941} INFO - Sync 1 DAGs
[2025-12-04T23:44:40.957+0600] {logging_mixin.py:154} INFO - [2025-12-04T23:44:40.957+0600] {dag.py:3722} INFO - Setting next_dagrun for example_time_delta_sensor_async to None, run_after=None
[2025-12-04T23:44:40.964+0600] {processor.py:179} INFO - Processing /Users/asminsadykova/Desktop/h&m/.venv/lib/python3.9/site-packages/airflow/example_dags/example_time_delta_sensor_async.py took 0.099 seconds
[2025-12-04T23:46:16.808+0600] {processor.py:157} INFO - Started process (PID=41298) to work on /Users/asminsadykova/Desktop/h&m/.venv/lib/python3.9/site-packages/airflow/example_dags/example_time_delta_sensor_async.py
[2025-12-04T23:46:16.809+0600] {processor.py:829} INFO - Processing file /Users/asminsadykova/Desktop/h&m/.venv/lib/python3.9/site-packages/airflow/example_dags/example_time_delta_sensor_async.py for tasks to queue
[2025-12-04T23:46:16.809+0600] {logging_mixin.py:154} INFO - [2025-12-04T23:46:16.809+0600] {dagbag.py:536} INFO - Filling up the DagBag from /Users/asminsadykova/Desktop/h&m/.venv/lib/python3.9/site-packages/airflow/example_dags/example_time_delta_sensor_async.py
[2025-12-04T23:46:16.821+0600] {processor.py:839} INFO - DAG(s) dict_keys(['example_time_delta_sensor_async']) retrieved from /Users/asminsadykova/Desktop/h&m/.venv/lib/python3.9/site-packages/airflow/example_dags/example_time_delta_sensor_async.py
[2025-12-04T23:46:16.906+0600] {logging_mixin.py:154} INFO - [2025-12-04T23:46:16.906+0600] {dag.py:2941} INFO - Sync 1 DAGs
[2025-12-04T23:46:16.910+0600] {logging_mixin.py:154} INFO - [2025-12-04T23:46:16.910+0600] {dag.py:3722} INFO - Setting next_dagrun for example_time_delta_sensor_async to None, run_after=None
[2025-12-04T23:46:16.918+0600] {processor.py:179} INFO - Processing /Users/asminsadykova/Desktop/h&m/.venv/lib/python3.9/site-packages/airflow/example_dags/example_time_delta_sensor_async.py took 0.110 seconds
[2025-12-04T23:47:45.589+0600] {processor.py:157} INFO - Started process (PID=41596) to work on /Users/asminsadykova/Desktop/h&m/.venv/lib/python3.9/site-packages/airflow/example_dags/example_time_delta_sensor_async.py
[2025-12-04T23:47:45.590+0600] {processor.py:829} INFO - Processing file /Users/asminsadykova/Desktop/h&m/.venv/lib/python3.9/site-packages/airflow/example_dags/example_time_delta_sensor_async.py for tasks to queue
[2025-12-04T23:47:45.590+0600] {logging_mixin.py:154} INFO - [2025-12-04T23:47:45.590+0600] {dagbag.py:536} INFO - Filling up the DagBag from /Users/asminsadykova/Desktop/h&m/.venv/lib/python3.9/site-packages/airflow/example_dags/example_time_delta_sensor_async.py
[2025-12-04T23:47:45.602+0600] {processor.py:839} INFO - DAG(s) dict_keys(['example_time_delta_sensor_async']) retrieved from /Users/asminsadykova/Desktop/h&m/.venv/lib/python3.9/site-packages/airflow/example_dags/example_time_delta_sensor_async.py
[2025-12-04T23:47:45.677+0600] {logging_mixin.py:154} INFO - [2025-12-04T23:47:45.677+0600] {dag.py:2941} INFO - Sync 1 DAGs
[2025-12-04T23:47:45.681+0600] {logging_mixin.py:154} INFO - [2025-12-04T23:47:45.681+0600] {dag.py:3722} INFO - Setting next_dagrun for example_time_delta_sensor_async to None, run_after=None
[2025-12-04T23:47:45.689+0600] {processor.py:179} INFO - Processing /Users/asminsadykova/Desktop/h&m/.venv/lib/python3.9/site-packages/airflow/example_dags/example_time_delta_sensor_async.py took 0.101 seconds
[2025-12-04T23:49:13.807+0600] {processor.py:157} INFO - Started process (PID=41700) to work on /Users/asminsadykova/Desktop/h&m/.venv/lib/python3.9/site-packages/airflow/example_dags/example_time_delta_sensor_async.py
[2025-12-04T23:49:13.808+0600] {processor.py:829} INFO - Processing file /Users/asminsadykova/Desktop/h&m/.venv/lib/python3.9/site-packages/airflow/example_dags/example_time_delta_sensor_async.py for tasks to queue
[2025-12-04T23:49:13.808+0600] {logging_mixin.py:154} INFO - [2025-12-04T23:49:13.808+0600] {dagbag.py:536} INFO - Filling up the DagBag from /Users/asminsadykova/Desktop/h&m/.venv/lib/python3.9/site-packages/airflow/example_dags/example_time_delta_sensor_async.py
[2025-12-04T23:49:13.822+0600] {processor.py:839} INFO - DAG(s) dict_keys(['example_time_delta_sensor_async']) retrieved from /Users/asminsadykova/Desktop/h&m/.venv/lib/python3.9/site-packages/airflow/example_dags/example_time_delta_sensor_async.py
[2025-12-04T23:49:13.905+0600] {logging_mixin.py:154} INFO - [2025-12-04T23:49:13.905+0600] {dag.py:2941} INFO - Sync 1 DAGs
[2025-12-04T23:49:13.909+0600] {logging_mixin.py:154} INFO - [2025-12-04T23:49:13.909+0600] {dag.py:3722} INFO - Setting next_dagrun for example_time_delta_sensor_async to None, run_after=None
[2025-12-04T23:49:13.919+0600] {processor.py:179} INFO - Processing /Users/asminsadykova/Desktop/h&m/.venv/lib/python3.9/site-packages/airflow/example_dags/example_time_delta_sensor_async.py took 0.112 seconds
[2025-12-04T23:50:53.543+0600] {processor.py:157} INFO - Started process (PID=41826) to work on /Users/asminsadykova/Desktop/h&m/.venv/lib/python3.9/site-packages/airflow/example_dags/example_time_delta_sensor_async.py
[2025-12-04T23:50:53.543+0600] {processor.py:829} INFO - Processing file /Users/asminsadykova/Desktop/h&m/.venv/lib/python3.9/site-packages/airflow/example_dags/example_time_delta_sensor_async.py for tasks to queue
[2025-12-04T23:50:53.544+0600] {logging_mixin.py:154} INFO - [2025-12-04T23:50:53.544+0600] {dagbag.py:536} INFO - Filling up the DagBag from /Users/asminsadykova/Desktop/h&m/.venv/lib/python3.9/site-packages/airflow/example_dags/example_time_delta_sensor_async.py
[2025-12-04T23:50:53.554+0600] {processor.py:839} INFO - DAG(s) dict_keys(['example_time_delta_sensor_async']) retrieved from /Users/asminsadykova/Desktop/h&m/.venv/lib/python3.9/site-packages/airflow/example_dags/example_time_delta_sensor_async.py
[2025-12-04T23:50:53.628+0600] {logging_mixin.py:154} INFO - [2025-12-04T23:50:53.628+0600] {dag.py:2941} INFO - Sync 1 DAGs
[2025-12-04T23:50:53.632+0600] {logging_mixin.py:154} INFO - [2025-12-04T23:50:53.631+0600] {dag.py:3722} INFO - Setting next_dagrun for example_time_delta_sensor_async to None, run_after=None
[2025-12-04T23:50:53.640+0600] {processor.py:179} INFO - Processing /Users/asminsadykova/Desktop/h&m/.venv/lib/python3.9/site-packages/airflow/example_dags/example_time_delta_sensor_async.py took 0.098 seconds
[2025-12-04T23:52:26.559+0600] {processor.py:157} INFO - Started process (PID=42060) to work on /Users/asminsadykova/Desktop/h&m/.venv/lib/python3.9/site-packages/airflow/example_dags/example_time_delta_sensor_async.py
[2025-12-04T23:52:26.560+0600] {processor.py:829} INFO - Processing file /Users/asminsadykova/Desktop/h&m/.venv/lib/python3.9/site-packages/airflow/example_dags/example_time_delta_sensor_async.py for tasks to queue
[2025-12-04T23:52:26.560+0600] {logging_mixin.py:154} INFO - [2025-12-04T23:52:26.560+0600] {dagbag.py:536} INFO - Filling up the DagBag from /Users/asminsadykova/Desktop/h&m/.venv/lib/python3.9/site-packages/airflow/example_dags/example_time_delta_sensor_async.py
[2025-12-04T23:52:26.571+0600] {processor.py:839} INFO - DAG(s) dict_keys(['example_time_delta_sensor_async']) retrieved from /Users/asminsadykova/Desktop/h&m/.venv/lib/python3.9/site-packages/airflow/example_dags/example_time_delta_sensor_async.py
[2025-12-04T23:52:26.652+0600] {logging_mixin.py:154} INFO - [2025-12-04T23:52:26.652+0600] {dag.py:2941} INFO - Sync 1 DAGs
[2025-12-04T23:52:26.655+0600] {logging_mixin.py:154} INFO - [2025-12-04T23:52:26.655+0600] {dag.py:3722} INFO - Setting next_dagrun for example_time_delta_sensor_async to None, run_after=None
[2025-12-04T23:52:26.664+0600] {processor.py:179} INFO - Processing /Users/asminsadykova/Desktop/h&m/.venv/lib/python3.9/site-packages/airflow/example_dags/example_time_delta_sensor_async.py took 0.106 seconds
[2025-12-04T23:54:02.924+0600] {processor.py:157} INFO - Started process (PID=42160) to work on /Users/asminsadykova/Desktop/h&m/.venv/lib/python3.9/site-packages/airflow/example_dags/example_time_delta_sensor_async.py
[2025-12-04T23:54:02.925+0600] {processor.py:829} INFO - Processing file /Users/asminsadykova/Desktop/h&m/.venv/lib/python3.9/site-packages/airflow/example_dags/example_time_delta_sensor_async.py for tasks to queue
[2025-12-04T23:54:02.925+0600] {logging_mixin.py:154} INFO - [2025-12-04T23:54:02.925+0600] {dagbag.py:536} INFO - Filling up the DagBag from /Users/asminsadykova/Desktop/h&m/.venv/lib/python3.9/site-packages/airflow/example_dags/example_time_delta_sensor_async.py
[2025-12-04T23:54:02.936+0600] {processor.py:839} INFO - DAG(s) dict_keys(['example_time_delta_sensor_async']) retrieved from /Users/asminsadykova/Desktop/h&m/.venv/lib/python3.9/site-packages/airflow/example_dags/example_time_delta_sensor_async.py
[2025-12-04T23:54:03.009+0600] {logging_mixin.py:154} INFO - [2025-12-04T23:54:03.009+0600] {dag.py:2941} INFO - Sync 1 DAGs
[2025-12-04T23:54:03.013+0600] {logging_mixin.py:154} INFO - [2025-12-04T23:54:03.013+0600] {dag.py:3722} INFO - Setting next_dagrun for example_time_delta_sensor_async to None, run_after=None
[2025-12-04T23:54:03.021+0600] {processor.py:179} INFO - Processing /Users/asminsadykova/Desktop/h&m/.venv/lib/python3.9/site-packages/airflow/example_dags/example_time_delta_sensor_async.py took 0.097 seconds
[2025-12-04T23:55:29.634+0600] {processor.py:157} INFO - Started process (PID=42239) to work on /Users/asminsadykova/Desktop/h&m/.venv/lib/python3.9/site-packages/airflow/example_dags/example_time_delta_sensor_async.py
[2025-12-04T23:55:29.636+0600] {processor.py:829} INFO - Processing file /Users/asminsadykova/Desktop/h&m/.venv/lib/python3.9/site-packages/airflow/example_dags/example_time_delta_sensor_async.py for tasks to queue
[2025-12-04T23:55:29.636+0600] {logging_mixin.py:154} INFO - [2025-12-04T23:55:29.636+0600] {dagbag.py:536} INFO - Filling up the DagBag from /Users/asminsadykova/Desktop/h&m/.venv/lib/python3.9/site-packages/airflow/example_dags/example_time_delta_sensor_async.py
[2025-12-04T23:55:29.648+0600] {processor.py:839} INFO - DAG(s) dict_keys(['example_time_delta_sensor_async']) retrieved from /Users/asminsadykova/Desktop/h&m/.venv/lib/python3.9/site-packages/airflow/example_dags/example_time_delta_sensor_async.py
[2025-12-04T23:55:29.722+0600] {logging_mixin.py:154} INFO - [2025-12-04T23:55:29.722+0600] {dag.py:2941} INFO - Sync 1 DAGs
[2025-12-04T23:55:29.726+0600] {logging_mixin.py:154} INFO - [2025-12-04T23:55:29.726+0600] {dag.py:3722} INFO - Setting next_dagrun for example_time_delta_sensor_async to None, run_after=None
[2025-12-04T23:55:29.734+0600] {processor.py:179} INFO - Processing /Users/asminsadykova/Desktop/h&m/.venv/lib/python3.9/site-packages/airflow/example_dags/example_time_delta_sensor_async.py took 0.100 seconds
[2025-12-04T23:57:00.995+0600] {processor.py:157} INFO - Started process (PID=42313) to work on /Users/asminsadykova/Desktop/h&m/.venv/lib/python3.9/site-packages/airflow/example_dags/example_time_delta_sensor_async.py
[2025-12-04T23:57:00.996+0600] {processor.py:829} INFO - Processing file /Users/asminsadykova/Desktop/h&m/.venv/lib/python3.9/site-packages/airflow/example_dags/example_time_delta_sensor_async.py for tasks to queue
[2025-12-04T23:57:00.997+0600] {logging_mixin.py:154} INFO - [2025-12-04T23:57:00.997+0600] {dagbag.py:536} INFO - Filling up the DagBag from /Users/asminsadykova/Desktop/h&m/.venv/lib/python3.9/site-packages/airflow/example_dags/example_time_delta_sensor_async.py
[2025-12-04T23:57:01.009+0600] {processor.py:839} INFO - DAG(s) dict_keys(['example_time_delta_sensor_async']) retrieved from /Users/asminsadykova/Desktop/h&m/.venv/lib/python3.9/site-packages/airflow/example_dags/example_time_delta_sensor_async.py
[2025-12-04T23:57:01.095+0600] {logging_mixin.py:154} INFO - [2025-12-04T23:57:01.095+0600] {dag.py:2941} INFO - Sync 1 DAGs
[2025-12-04T23:57:01.099+0600] {logging_mixin.py:154} INFO - [2025-12-04T23:57:01.099+0600] {dag.py:3722} INFO - Setting next_dagrun for example_time_delta_sensor_async to None, run_after=None
[2025-12-04T23:57:01.112+0600] {processor.py:179} INFO - Processing /Users/asminsadykova/Desktop/h&m/.venv/lib/python3.9/site-packages/airflow/example_dags/example_time_delta_sensor_async.py took 0.118 seconds
[2025-12-04T23:58:25.691+0600] {processor.py:157} INFO - Started process (PID=42394) to work on /Users/asminsadykova/Desktop/h&m/.venv/lib/python3.9/site-packages/airflow/example_dags/example_time_delta_sensor_async.py
[2025-12-04T23:58:25.692+0600] {processor.py:829} INFO - Processing file /Users/asminsadykova/Desktop/h&m/.venv/lib/python3.9/site-packages/airflow/example_dags/example_time_delta_sensor_async.py for tasks to queue
[2025-12-04T23:58:25.693+0600] {logging_mixin.py:154} INFO - [2025-12-04T23:58:25.693+0600] {dagbag.py:536} INFO - Filling up the DagBag from /Users/asminsadykova/Desktop/h&m/.venv/lib/python3.9/site-packages/airflow/example_dags/example_time_delta_sensor_async.py
[2025-12-04T23:58:25.705+0600] {processor.py:839} INFO - DAG(s) dict_keys(['example_time_delta_sensor_async']) retrieved from /Users/asminsadykova/Desktop/h&m/.venv/lib/python3.9/site-packages/airflow/example_dags/example_time_delta_sensor_async.py
[2025-12-04T23:58:25.784+0600] {logging_mixin.py:154} INFO - [2025-12-04T23:58:25.783+0600] {dag.py:2941} INFO - Sync 1 DAGs
[2025-12-04T23:58:25.788+0600] {logging_mixin.py:154} INFO - [2025-12-04T23:58:25.788+0600] {dag.py:3722} INFO - Setting next_dagrun for example_time_delta_sensor_async to None, run_after=None
[2025-12-04T23:58:25.796+0600] {processor.py:179} INFO - Processing /Users/asminsadykova/Desktop/h&m/.venv/lib/python3.9/site-packages/airflow/example_dags/example_time_delta_sensor_async.py took 0.105 seconds
[2025-12-04T23:59:55.642+0600] {processor.py:157} INFO - Started process (PID=42649) to work on /Users/asminsadykova/Desktop/h&m/.venv/lib/python3.9/site-packages/airflow/example_dags/example_time_delta_sensor_async.py
[2025-12-04T23:59:55.643+0600] {processor.py:829} INFO - Processing file /Users/asminsadykova/Desktop/h&m/.venv/lib/python3.9/site-packages/airflow/example_dags/example_time_delta_sensor_async.py for tasks to queue
[2025-12-04T23:59:55.644+0600] {logging_mixin.py:154} INFO - [2025-12-04T23:59:55.644+0600] {dagbag.py:536} INFO - Filling up the DagBag from /Users/asminsadykova/Desktop/h&m/.venv/lib/python3.9/site-packages/airflow/example_dags/example_time_delta_sensor_async.py
[2025-12-04T23:59:55.656+0600] {processor.py:839} INFO - DAG(s) dict_keys(['example_time_delta_sensor_async']) retrieved from /Users/asminsadykova/Desktop/h&m/.venv/lib/python3.9/site-packages/airflow/example_dags/example_time_delta_sensor_async.py
[2025-12-04T23:59:55.740+0600] {logging_mixin.py:154} INFO - [2025-12-04T23:59:55.740+0600] {dag.py:2941} INFO - Sync 1 DAGs
[2025-12-04T23:59:55.744+0600] {logging_mixin.py:154} INFO - [2025-12-04T23:59:55.744+0600] {dag.py:3722} INFO - Setting next_dagrun for example_time_delta_sensor_async to None, run_after=None
[2025-12-04T23:59:55.755+0600] {processor.py:179} INFO - Processing /Users/asminsadykova/Desktop/h&m/.venv/lib/python3.9/site-packages/airflow/example_dags/example_time_delta_sensor_async.py took 0.113 seconds
[2025-12-05T00:01:31.669+0600] {processor.py:157} INFO - Started process (PID=42878) to work on /Users/asminsadykova/Desktop/h&m/.venv/lib/python3.9/site-packages/airflow/example_dags/example_time_delta_sensor_async.py
[2025-12-05T00:01:31.670+0600] {processor.py:829} INFO - Processing file /Users/asminsadykova/Desktop/h&m/.venv/lib/python3.9/site-packages/airflow/example_dags/example_time_delta_sensor_async.py for tasks to queue
[2025-12-05T00:01:31.671+0600] {logging_mixin.py:154} INFO - [2025-12-05T00:01:31.671+0600] {dagbag.py:536} INFO - Filling up the DagBag from /Users/asminsadykova/Desktop/h&m/.venv/lib/python3.9/site-packages/airflow/example_dags/example_time_delta_sensor_async.py
[2025-12-05T00:01:31.682+0600] {processor.py:839} INFO - DAG(s) dict_keys(['example_time_delta_sensor_async']) retrieved from /Users/asminsadykova/Desktop/h&m/.venv/lib/python3.9/site-packages/airflow/example_dags/example_time_delta_sensor_async.py
[2025-12-05T00:01:31.757+0600] {logging_mixin.py:154} INFO - [2025-12-05T00:01:31.757+0600] {dag.py:2941} INFO - Sync 1 DAGs
[2025-12-05T00:01:31.760+0600] {logging_mixin.py:154} INFO - [2025-12-05T00:01:31.760+0600] {dag.py:3722} INFO - Setting next_dagrun for example_time_delta_sensor_async to None, run_after=None
[2025-12-05T00:01:31.768+0600] {processor.py:179} INFO - Processing /Users/asminsadykova/Desktop/h&m/.venv/lib/python3.9/site-packages/airflow/example_dags/example_time_delta_sensor_async.py took 0.100 seconds
[2025-12-05T00:03:04.806+0600] {processor.py:157} INFO - Started process (PID=42951) to work on /Users/asminsadykova/Desktop/h&m/.venv/lib/python3.9/site-packages/airflow/example_dags/example_time_delta_sensor_async.py
[2025-12-05T00:03:04.807+0600] {processor.py:829} INFO - Processing file /Users/asminsadykova/Desktop/h&m/.venv/lib/python3.9/site-packages/airflow/example_dags/example_time_delta_sensor_async.py for tasks to queue
[2025-12-05T00:03:04.807+0600] {logging_mixin.py:154} INFO - [2025-12-05T00:03:04.807+0600] {dagbag.py:536} INFO - Filling up the DagBag from /Users/asminsadykova/Desktop/h&m/.venv/lib/python3.9/site-packages/airflow/example_dags/example_time_delta_sensor_async.py
[2025-12-05T00:03:04.818+0600] {processor.py:839} INFO - DAG(s) dict_keys(['example_time_delta_sensor_async']) retrieved from /Users/asminsadykova/Desktop/h&m/.venv/lib/python3.9/site-packages/airflow/example_dags/example_time_delta_sensor_async.py
[2025-12-05T00:03:04.891+0600] {logging_mixin.py:154} INFO - [2025-12-05T00:03:04.891+0600] {dag.py:2941} INFO - Sync 1 DAGs
[2025-12-05T00:03:04.895+0600] {logging_mixin.py:154} INFO - [2025-12-05T00:03:04.895+0600] {dag.py:3722} INFO - Setting next_dagrun for example_time_delta_sensor_async to None, run_after=None
[2025-12-05T00:03:04.902+0600] {processor.py:179} INFO - Processing /Users/asminsadykova/Desktop/h&m/.venv/lib/python3.9/site-packages/airflow/example_dags/example_time_delta_sensor_async.py took 0.097 seconds
[2025-12-05T00:04:36.611+0600] {processor.py:157} INFO - Started process (PID=43150) to work on /Users/asminsadykova/Desktop/h&m/.venv/lib/python3.9/site-packages/airflow/example_dags/example_time_delta_sensor_async.py
[2025-12-05T00:04:36.612+0600] {processor.py:829} INFO - Processing file /Users/asminsadykova/Desktop/h&m/.venv/lib/python3.9/site-packages/airflow/example_dags/example_time_delta_sensor_async.py for tasks to queue
[2025-12-05T00:04:36.612+0600] {logging_mixin.py:154} INFO - [2025-12-05T00:04:36.612+0600] {dagbag.py:536} INFO - Filling up the DagBag from /Users/asminsadykova/Desktop/h&m/.venv/lib/python3.9/site-packages/airflow/example_dags/example_time_delta_sensor_async.py
[2025-12-05T00:04:36.625+0600] {processor.py:839} INFO - DAG(s) dict_keys(['example_time_delta_sensor_async']) retrieved from /Users/asminsadykova/Desktop/h&m/.venv/lib/python3.9/site-packages/airflow/example_dags/example_time_delta_sensor_async.py
[2025-12-05T00:04:36.707+0600] {logging_mixin.py:154} INFO - [2025-12-05T00:04:36.707+0600] {dag.py:2941} INFO - Sync 1 DAGs
[2025-12-05T00:04:36.710+0600] {logging_mixin.py:154} INFO - [2025-12-05T00:04:36.710+0600] {dag.py:3722} INFO - Setting next_dagrun for example_time_delta_sensor_async to None, run_after=None
[2025-12-05T00:04:36.717+0600] {processor.py:179} INFO - Processing /Users/asminsadykova/Desktop/h&m/.venv/lib/python3.9/site-packages/airflow/example_dags/example_time_delta_sensor_async.py took 0.107 seconds
[2025-12-05T00:06:10.866+0600] {processor.py:157} INFO - Started process (PID=43336) to work on /Users/asminsadykova/Desktop/h&m/.venv/lib/python3.9/site-packages/airflow/example_dags/example_time_delta_sensor_async.py
[2025-12-05T00:06:10.866+0600] {processor.py:829} INFO - Processing file /Users/asminsadykova/Desktop/h&m/.venv/lib/python3.9/site-packages/airflow/example_dags/example_time_delta_sensor_async.py for tasks to queue
[2025-12-05T00:06:10.867+0600] {logging_mixin.py:154} INFO - [2025-12-05T00:06:10.867+0600] {dagbag.py:536} INFO - Filling up the DagBag from /Users/asminsadykova/Desktop/h&m/.venv/lib/python3.9/site-packages/airflow/example_dags/example_time_delta_sensor_async.py
[2025-12-05T00:06:10.878+0600] {processor.py:839} INFO - DAG(s) dict_keys(['example_time_delta_sensor_async']) retrieved from /Users/asminsadykova/Desktop/h&m/.venv/lib/python3.9/site-packages/airflow/example_dags/example_time_delta_sensor_async.py
[2025-12-05T00:06:10.961+0600] {logging_mixin.py:154} INFO - [2025-12-05T00:06:10.961+0600] {dag.py:2941} INFO - Sync 1 DAGs
[2025-12-05T00:06:10.965+0600] {logging_mixin.py:154} INFO - [2025-12-05T00:06:10.965+0600] {dag.py:3722} INFO - Setting next_dagrun for example_time_delta_sensor_async to None, run_after=None
[2025-12-05T00:06:10.973+0600] {processor.py:179} INFO - Processing /Users/asminsadykova/Desktop/h&m/.venv/lib/python3.9/site-packages/airflow/example_dags/example_time_delta_sensor_async.py took 0.108 seconds
[2025-12-05T00:07:35.626+0600] {processor.py:157} INFO - Started process (PID=43486) to work on /Users/asminsadykova/Desktop/h&m/.venv/lib/python3.9/site-packages/airflow/example_dags/example_time_delta_sensor_async.py
[2025-12-05T00:07:35.627+0600] {processor.py:829} INFO - Processing file /Users/asminsadykova/Desktop/h&m/.venv/lib/python3.9/site-packages/airflow/example_dags/example_time_delta_sensor_async.py for tasks to queue
[2025-12-05T00:07:35.628+0600] {logging_mixin.py:154} INFO - [2025-12-05T00:07:35.628+0600] {dagbag.py:536} INFO - Filling up the DagBag from /Users/asminsadykova/Desktop/h&m/.venv/lib/python3.9/site-packages/airflow/example_dags/example_time_delta_sensor_async.py
[2025-12-05T00:07:35.639+0600] {processor.py:839} INFO - DAG(s) dict_keys(['example_time_delta_sensor_async']) retrieved from /Users/asminsadykova/Desktop/h&m/.venv/lib/python3.9/site-packages/airflow/example_dags/example_time_delta_sensor_async.py
[2025-12-05T00:07:35.718+0600] {logging_mixin.py:154} INFO - [2025-12-05T00:07:35.718+0600] {dag.py:2941} INFO - Sync 1 DAGs
[2025-12-05T00:07:35.722+0600] {logging_mixin.py:154} INFO - [2025-12-05T00:07:35.722+0600] {dag.py:3722} INFO - Setting next_dagrun for example_time_delta_sensor_async to None, run_after=None
[2025-12-05T00:07:35.730+0600] {processor.py:179} INFO - Processing /Users/asminsadykova/Desktop/h&m/.venv/lib/python3.9/site-packages/airflow/example_dags/example_time_delta_sensor_async.py took 0.105 seconds
[2025-12-05T00:09:06.011+0600] {processor.py:157} INFO - Started process (PID=43634) to work on /Users/asminsadykova/Desktop/h&m/.venv/lib/python3.9/site-packages/airflow/example_dags/example_time_delta_sensor_async.py
[2025-12-05T00:09:06.011+0600] {processor.py:829} INFO - Processing file /Users/asminsadykova/Desktop/h&m/.venv/lib/python3.9/site-packages/airflow/example_dags/example_time_delta_sensor_async.py for tasks to queue
[2025-12-05T00:09:06.012+0600] {logging_mixin.py:154} INFO - [2025-12-05T00:09:06.012+0600] {dagbag.py:536} INFO - Filling up the DagBag from /Users/asminsadykova/Desktop/h&m/.venv/lib/python3.9/site-packages/airflow/example_dags/example_time_delta_sensor_async.py
[2025-12-05T00:09:06.023+0600] {processor.py:839} INFO - DAG(s) dict_keys(['example_time_delta_sensor_async']) retrieved from /Users/asminsadykova/Desktop/h&m/.venv/lib/python3.9/site-packages/airflow/example_dags/example_time_delta_sensor_async.py
[2025-12-05T00:09:06.103+0600] {logging_mixin.py:154} INFO - [2025-12-05T00:09:06.103+0600] {dag.py:2941} INFO - Sync 1 DAGs
[2025-12-05T00:09:06.107+0600] {logging_mixin.py:154} INFO - [2025-12-05T00:09:06.106+0600] {dag.py:3722} INFO - Setting next_dagrun for example_time_delta_sensor_async to None, run_after=None
[2025-12-05T00:09:06.116+0600] {processor.py:179} INFO - Processing /Users/asminsadykova/Desktop/h&m/.venv/lib/python3.9/site-packages/airflow/example_dags/example_time_delta_sensor_async.py took 0.106 seconds
[2025-12-05T00:10:42.848+0600] {processor.py:157} INFO - Started process (PID=43799) to work on /Users/asminsadykova/Desktop/h&m/.venv/lib/python3.9/site-packages/airflow/example_dags/example_time_delta_sensor_async.py
[2025-12-05T00:10:42.849+0600] {processor.py:829} INFO - Processing file /Users/asminsadykova/Desktop/h&m/.venv/lib/python3.9/site-packages/airflow/example_dags/example_time_delta_sensor_async.py for tasks to queue
[2025-12-05T00:10:42.849+0600] {logging_mixin.py:154} INFO - [2025-12-05T00:10:42.849+0600] {dagbag.py:536} INFO - Filling up the DagBag from /Users/asminsadykova/Desktop/h&m/.venv/lib/python3.9/site-packages/airflow/example_dags/example_time_delta_sensor_async.py
[2025-12-05T00:10:42.860+0600] {processor.py:839} INFO - DAG(s) dict_keys(['example_time_delta_sensor_async']) retrieved from /Users/asminsadykova/Desktop/h&m/.venv/lib/python3.9/site-packages/airflow/example_dags/example_time_delta_sensor_async.py
[2025-12-05T00:10:42.934+0600] {logging_mixin.py:154} INFO - [2025-12-05T00:10:42.934+0600] {dag.py:2941} INFO - Sync 1 DAGs
[2025-12-05T00:10:42.938+0600] {logging_mixin.py:154} INFO - [2025-12-05T00:10:42.938+0600] {dag.py:3722} INFO - Setting next_dagrun for example_time_delta_sensor_async to None, run_after=None
[2025-12-05T00:10:42.949+0600] {processor.py:179} INFO - Processing /Users/asminsadykova/Desktop/h&m/.venv/lib/python3.9/site-packages/airflow/example_dags/example_time_delta_sensor_async.py took 0.102 seconds
[2025-12-05T00:12:13.183+0600] {processor.py:157} INFO - Started process (PID=43962) to work on /Users/asminsadykova/Desktop/h&m/.venv/lib/python3.9/site-packages/airflow/example_dags/example_time_delta_sensor_async.py
[2025-12-05T00:12:13.184+0600] {processor.py:829} INFO - Processing file /Users/asminsadykova/Desktop/h&m/.venv/lib/python3.9/site-packages/airflow/example_dags/example_time_delta_sensor_async.py for tasks to queue
[2025-12-05T00:12:13.184+0600] {logging_mixin.py:154} INFO - [2025-12-05T00:12:13.184+0600] {dagbag.py:536} INFO - Filling up the DagBag from /Users/asminsadykova/Desktop/h&m/.venv/lib/python3.9/site-packages/airflow/example_dags/example_time_delta_sensor_async.py
[2025-12-05T00:12:13.196+0600] {processor.py:839} INFO - DAG(s) dict_keys(['example_time_delta_sensor_async']) retrieved from /Users/asminsadykova/Desktop/h&m/.venv/lib/python3.9/site-packages/airflow/example_dags/example_time_delta_sensor_async.py
[2025-12-05T00:12:13.272+0600] {logging_mixin.py:154} INFO - [2025-12-05T00:12:13.271+0600] {dag.py:2941} INFO - Sync 1 DAGs
[2025-12-05T00:12:13.275+0600] {logging_mixin.py:154} INFO - [2025-12-05T00:12:13.275+0600] {dag.py:3722} INFO - Setting next_dagrun for example_time_delta_sensor_async to None, run_after=None
[2025-12-05T00:12:13.283+0600] {processor.py:179} INFO - Processing /Users/asminsadykova/Desktop/h&m/.venv/lib/python3.9/site-packages/airflow/example_dags/example_time_delta_sensor_async.py took 0.100 seconds
