[2025-12-04T23:18:17.046+0600] {processor.py:157} INFO - Started process (PID=38946) to work on /Users/asminsadykova/Desktop/h&m/.venv/lib/python3.9/site-packages/airflow/example_dags/example_latest_only.py
[2025-12-04T23:18:17.046+0600] {processor.py:829} INFO - Processing file /Users/asminsadykova/Desktop/h&m/.venv/lib/python3.9/site-packages/airflow/example_dags/example_latest_only.py for tasks to queue
[2025-12-04T23:18:17.047+0600] {logging_mixin.py:154} INFO - [2025-12-04T23:18:17.046+0600] {dagbag.py:536} INFO - Filling up the DagBag from /Users/asminsadykova/Desktop/h&m/.venv/lib/python3.9/site-packages/airflow/example_dags/example_latest_only.py
[2025-12-04T23:18:17.057+0600] {processor.py:839} INFO - DAG(s) dict_keys(['latest_only']) retrieved from /Users/asminsadykova/Desktop/h&m/.venv/lib/python3.9/site-packages/airflow/example_dags/example_latest_only.py
[2025-12-04T23:18:17.304+0600] {logging_mixin.py:154} INFO - [2025-12-04T23:18:17.304+0600] {manager.py:499} INFO - Created Permission View: %s
[2025-12-04T23:18:17.307+0600] {logging_mixin.py:154} INFO - [2025-12-04T23:18:17.307+0600] {manager.py:499} INFO - Created Permission View: %s
[2025-12-04T23:18:17.309+0600] {logging_mixin.py:154} INFO - [2025-12-04T23:18:17.309+0600] {manager.py:499} INFO - Created Permission View: %s
[2025-12-04T23:18:17.309+0600] {logging_mixin.py:154} INFO - [2025-12-04T23:18:17.309+0600] {dag.py:2941} INFO - Sync 1 DAGs
[2025-12-04T23:18:17.314+0600] {logging_mixin.py:154} INFO - [2025-12-04T23:18:17.314+0600] {dag.py:2963} INFO - Creating ORM DAG for latest_only
[2025-12-04T23:18:17.317+0600] {logging_mixin.py:154} INFO - [2025-12-04T23:18:17.317+0600] {dag.py:3722} INFO - Setting next_dagrun for latest_only to 2025-12-04T13:18:17.317048+00:00, run_after=2025-12-04T17:18:17.317048+00:00
[2025-12-04T23:18:17.323+0600] {processor.py:179} INFO - Processing /Users/asminsadykova/Desktop/h&m/.venv/lib/python3.9/site-packages/airflow/example_dags/example_latest_only.py took 0.278 seconds
[2025-12-04T23:19:47.601+0600] {processor.py:157} INFO - Started process (PID=39070) to work on /Users/asminsadykova/Desktop/h&m/.venv/lib/python3.9/site-packages/airflow/example_dags/example_latest_only.py
[2025-12-04T23:19:47.603+0600] {processor.py:829} INFO - Processing file /Users/asminsadykova/Desktop/h&m/.venv/lib/python3.9/site-packages/airflow/example_dags/example_latest_only.py for tasks to queue
[2025-12-04T23:19:47.603+0600] {logging_mixin.py:154} INFO - [2025-12-04T23:19:47.603+0600] {dagbag.py:536} INFO - Filling up the DagBag from /Users/asminsadykova/Desktop/h&m/.venv/lib/python3.9/site-packages/airflow/example_dags/example_latest_only.py
[2025-12-04T23:19:47.614+0600] {processor.py:839} INFO - DAG(s) dict_keys(['latest_only']) retrieved from /Users/asminsadykova/Desktop/h&m/.venv/lib/python3.9/site-packages/airflow/example_dags/example_latest_only.py
[2025-12-04T23:19:47.686+0600] {logging_mixin.py:154} INFO - [2025-12-04T23:19:47.686+0600] {dag.py:2941} INFO - Sync 1 DAGs
[2025-12-04T23:19:47.693+0600] {logging_mixin.py:154} INFO - [2025-12-04T23:19:47.693+0600] {dag.py:3722} INFO - Setting next_dagrun for latest_only to 2025-12-04T13:19:47.693049+00:00, run_after=2025-12-04T17:19:47.693049+00:00
[2025-12-04T23:19:47.700+0600] {processor.py:179} INFO - Processing /Users/asminsadykova/Desktop/h&m/.venv/lib/python3.9/site-packages/airflow/example_dags/example_latest_only.py took 0.099 seconds
[2025-12-04T23:21:15.763+0600] {processor.py:157} INFO - Started process (PID=39168) to work on /Users/asminsadykova/Desktop/h&m/.venv/lib/python3.9/site-packages/airflow/example_dags/example_latest_only.py
[2025-12-04T23:21:15.764+0600] {processor.py:829} INFO - Processing file /Users/asminsadykova/Desktop/h&m/.venv/lib/python3.9/site-packages/airflow/example_dags/example_latest_only.py for tasks to queue
[2025-12-04T23:21:15.765+0600] {logging_mixin.py:154} INFO - [2025-12-04T23:21:15.765+0600] {dagbag.py:536} INFO - Filling up the DagBag from /Users/asminsadykova/Desktop/h&m/.venv/lib/python3.9/site-packages/airflow/example_dags/example_latest_only.py
[2025-12-04T23:21:15.776+0600] {processor.py:839} INFO - DAG(s) dict_keys(['latest_only']) retrieved from /Users/asminsadykova/Desktop/h&m/.venv/lib/python3.9/site-packages/airflow/example_dags/example_latest_only.py
[2025-12-04T23:21:15.853+0600] {logging_mixin.py:154} INFO - [2025-12-04T23:21:15.853+0600] {dag.py:2941} INFO - Sync 1 DAGs
[2025-12-04T23:21:15.860+0600] {logging_mixin.py:154} INFO - [2025-12-04T23:21:15.860+0600] {dag.py:3722} INFO - Setting next_dagrun for latest_only to 2025-12-04T13:21:15.859990+00:00, run_after=2025-12-04T17:21:15.859990+00:00
[2025-12-04T23:21:15.868+0600] {processor.py:179} INFO - Processing /Users/asminsadykova/Desktop/h&m/.venv/lib/python3.9/site-packages/airflow/example_dags/example_latest_only.py took 0.105 seconds
[2025-12-04T23:22:38.279+0600] {processor.py:157} INFO - Started process (PID=39266) to work on /Users/asminsadykova/Desktop/h&m/.venv/lib/python3.9/site-packages/airflow/example_dags/example_latest_only.py
[2025-12-04T23:22:38.279+0600] {processor.py:829} INFO - Processing file /Users/asminsadykova/Desktop/h&m/.venv/lib/python3.9/site-packages/airflow/example_dags/example_latest_only.py for tasks to queue
[2025-12-04T23:22:38.279+0600] {logging_mixin.py:154} INFO - [2025-12-04T23:22:38.279+0600] {dagbag.py:536} INFO - Filling up the DagBag from /Users/asminsadykova/Desktop/h&m/.venv/lib/python3.9/site-packages/airflow/example_dags/example_latest_only.py
[2025-12-04T23:22:38.292+0600] {processor.py:839} INFO - DAG(s) dict_keys(['latest_only']) retrieved from /Users/asminsadykova/Desktop/h&m/.venv/lib/python3.9/site-packages/airflow/example_dags/example_latest_only.py
[2025-12-04T23:22:38.369+0600] {logging_mixin.py:154} INFO - [2025-12-04T23:22:38.369+0600] {dag.py:2941} INFO - Sync 1 DAGs
[2025-12-04T23:22:38.376+0600] {logging_mixin.py:154} INFO - [2025-12-04T23:22:38.375+0600] {dag.py:3722} INFO - Setting next_dagrun for latest_only to 2025-12-04T13:22:38.375871+00:00, run_after=2025-12-04T17:22:38.375871+00:00
[2025-12-04T23:22:38.384+0600] {processor.py:179} INFO - Processing /Users/asminsadykova/Desktop/h&m/.venv/lib/python3.9/site-packages/airflow/example_dags/example_latest_only.py took 0.106 seconds
[2025-12-04T23:24:14.972+0600] {processor.py:157} INFO - Started process (PID=39463) to work on /Users/asminsadykova/Desktop/h&m/.venv/lib/python3.9/site-packages/airflow/example_dags/example_latest_only.py
[2025-12-04T23:24:14.973+0600] {processor.py:829} INFO - Processing file /Users/asminsadykova/Desktop/h&m/.venv/lib/python3.9/site-packages/airflow/example_dags/example_latest_only.py for tasks to queue
[2025-12-04T23:24:14.973+0600] {logging_mixin.py:154} INFO - [2025-12-04T23:24:14.973+0600] {dagbag.py:536} INFO - Filling up the DagBag from /Users/asminsadykova/Desktop/h&m/.venv/lib/python3.9/site-packages/airflow/example_dags/example_latest_only.py
[2025-12-04T23:24:14.990+0600] {processor.py:839} INFO - DAG(s) dict_keys(['latest_only']) retrieved from /Users/asminsadykova/Desktop/h&m/.venv/lib/python3.9/site-packages/airflow/example_dags/example_latest_only.py
[2025-12-04T23:24:15.063+0600] {logging_mixin.py:154} INFO - [2025-12-04T23:24:15.063+0600] {dag.py:2941} INFO - Sync 1 DAGs
[2025-12-04T23:24:15.070+0600] {logging_mixin.py:154} INFO - [2025-12-04T23:24:15.070+0600] {dag.py:3722} INFO - Setting next_dagrun for latest_only to 2025-12-04T13:24:15.070077+00:00, run_after=2025-12-04T17:24:15.070077+00:00
[2025-12-04T23:24:15.077+0600] {processor.py:179} INFO - Processing /Users/asminsadykova/Desktop/h&m/.venv/lib/python3.9/site-packages/airflow/example_dags/example_latest_only.py took 0.105 seconds
[2025-12-04T23:25:48.012+0600] {processor.py:157} INFO - Started process (PID=39551) to work on /Users/asminsadykova/Desktop/h&m/.venv/lib/python3.9/site-packages/airflow/example_dags/example_latest_only.py
[2025-12-04T23:25:48.014+0600] {processor.py:829} INFO - Processing file /Users/asminsadykova/Desktop/h&m/.venv/lib/python3.9/site-packages/airflow/example_dags/example_latest_only.py for tasks to queue
[2025-12-04T23:25:48.014+0600] {logging_mixin.py:154} INFO - [2025-12-04T23:25:48.014+0600] {dagbag.py:536} INFO - Filling up the DagBag from /Users/asminsadykova/Desktop/h&m/.venv/lib/python3.9/site-packages/airflow/example_dags/example_latest_only.py
[2025-12-04T23:25:48.025+0600] {processor.py:839} INFO - DAG(s) dict_keys(['latest_only']) retrieved from /Users/asminsadykova/Desktop/h&m/.venv/lib/python3.9/site-packages/airflow/example_dags/example_latest_only.py
[2025-12-04T23:25:48.096+0600] {logging_mixin.py:154} INFO - [2025-12-04T23:25:48.096+0600] {dag.py:2941} INFO - Sync 1 DAGs
[2025-12-04T23:25:48.102+0600] {logging_mixin.py:154} INFO - [2025-12-04T23:25:48.102+0600] {dag.py:3722} INFO - Setting next_dagrun for latest_only to 2025-12-04T13:25:48.102469+00:00, run_after=2025-12-04T17:25:48.102469+00:00
[2025-12-04T23:25:48.109+0600] {processor.py:179} INFO - Processing /Users/asminsadykova/Desktop/h&m/.venv/lib/python3.9/site-packages/airflow/example_dags/example_latest_only.py took 0.098 seconds
[2025-12-04T23:27:28.733+0600] {processor.py:157} INFO - Started process (PID=39651) to work on /Users/asminsadykova/Desktop/h&m/.venv/lib/python3.9/site-packages/airflow/example_dags/example_latest_only.py
[2025-12-04T23:27:28.735+0600] {processor.py:829} INFO - Processing file /Users/asminsadykova/Desktop/h&m/.venv/lib/python3.9/site-packages/airflow/example_dags/example_latest_only.py for tasks to queue
[2025-12-04T23:27:28.735+0600] {logging_mixin.py:154} INFO - [2025-12-04T23:27:28.735+0600] {dagbag.py:536} INFO - Filling up the DagBag from /Users/asminsadykova/Desktop/h&m/.venv/lib/python3.9/site-packages/airflow/example_dags/example_latest_only.py
[2025-12-04T23:27:28.745+0600] {processor.py:839} INFO - DAG(s) dict_keys(['latest_only']) retrieved from /Users/asminsadykova/Desktop/h&m/.venv/lib/python3.9/site-packages/airflow/example_dags/example_latest_only.py
[2025-12-04T23:27:28.813+0600] {logging_mixin.py:154} INFO - [2025-12-04T23:27:28.813+0600] {dag.py:2941} INFO - Sync 1 DAGs
[2025-12-04T23:27:28.820+0600] {logging_mixin.py:154} INFO - [2025-12-04T23:27:28.820+0600] {dag.py:3722} INFO - Setting next_dagrun for latest_only to 2025-12-04T13:27:28.820298+00:00, run_after=2025-12-04T17:27:28.820298+00:00
[2025-12-04T23:27:28.830+0600] {processor.py:179} INFO - Processing /Users/asminsadykova/Desktop/h&m/.venv/lib/python3.9/site-packages/airflow/example_dags/example_latest_only.py took 0.097 seconds
[2025-12-04T23:28:54.058+0600] {processor.py:157} INFO - Started process (PID=39739) to work on /Users/asminsadykova/Desktop/h&m/.venv/lib/python3.9/site-packages/airflow/example_dags/example_latest_only.py
[2025-12-04T23:28:54.060+0600] {processor.py:829} INFO - Processing file /Users/asminsadykova/Desktop/h&m/.venv/lib/python3.9/site-packages/airflow/example_dags/example_latest_only.py for tasks to queue
[2025-12-04T23:28:54.060+0600] {logging_mixin.py:154} INFO - [2025-12-04T23:28:54.060+0600] {dagbag.py:536} INFO - Filling up the DagBag from /Users/asminsadykova/Desktop/h&m/.venv/lib/python3.9/site-packages/airflow/example_dags/example_latest_only.py
[2025-12-04T23:28:54.072+0600] {processor.py:839} INFO - DAG(s) dict_keys(['latest_only']) retrieved from /Users/asminsadykova/Desktop/h&m/.venv/lib/python3.9/site-packages/airflow/example_dags/example_latest_only.py
[2025-12-04T23:28:54.150+0600] {logging_mixin.py:154} INFO - [2025-12-04T23:28:54.150+0600] {dag.py:2941} INFO - Sync 1 DAGs
[2025-12-04T23:28:54.156+0600] {logging_mixin.py:154} INFO - [2025-12-04T23:28:54.156+0600] {dag.py:3722} INFO - Setting next_dagrun for latest_only to 2025-12-04T13:28:54.156716+00:00, run_after=2025-12-04T17:28:54.156716+00:00
[2025-12-04T23:28:54.165+0600] {processor.py:179} INFO - Processing /Users/asminsadykova/Desktop/h&m/.venv/lib/python3.9/site-packages/airflow/example_dags/example_latest_only.py took 0.107 seconds
[2025-12-04T23:30:17.821+0600] {processor.py:157} INFO - Started process (PID=39808) to work on /Users/asminsadykova/Desktop/h&m/.venv/lib/python3.9/site-packages/airflow/example_dags/example_latest_only.py
[2025-12-04T23:30:17.821+0600] {processor.py:829} INFO - Processing file /Users/asminsadykova/Desktop/h&m/.venv/lib/python3.9/site-packages/airflow/example_dags/example_latest_only.py for tasks to queue
[2025-12-04T23:30:17.822+0600] {logging_mixin.py:154} INFO - [2025-12-04T23:30:17.822+0600] {dagbag.py:536} INFO - Filling up the DagBag from /Users/asminsadykova/Desktop/h&m/.venv/lib/python3.9/site-packages/airflow/example_dags/example_latest_only.py
[2025-12-04T23:30:17.832+0600] {processor.py:839} INFO - DAG(s) dict_keys(['latest_only']) retrieved from /Users/asminsadykova/Desktop/h&m/.venv/lib/python3.9/site-packages/airflow/example_dags/example_latest_only.py
[2025-12-04T23:30:17.905+0600] {logging_mixin.py:154} INFO - [2025-12-04T23:30:17.905+0600] {dag.py:2941} INFO - Sync 1 DAGs
[2025-12-04T23:30:17.911+0600] {logging_mixin.py:154} INFO - [2025-12-04T23:30:17.911+0600] {dag.py:3722} INFO - Setting next_dagrun for latest_only to 2025-12-04T13:30:17.911415+00:00, run_after=2025-12-04T17:30:17.911415+00:00
[2025-12-04T23:30:17.919+0600] {processor.py:179} INFO - Processing /Users/asminsadykova/Desktop/h&m/.venv/lib/python3.9/site-packages/airflow/example_dags/example_latest_only.py took 0.099 seconds
[2025-12-04T23:31:38.753+0600] {processor.py:157} INFO - Started process (PID=39875) to work on /Users/asminsadykova/Desktop/h&m/.venv/lib/python3.9/site-packages/airflow/example_dags/example_latest_only.py
[2025-12-04T23:31:38.754+0600] {processor.py:829} INFO - Processing file /Users/asminsadykova/Desktop/h&m/.venv/lib/python3.9/site-packages/airflow/example_dags/example_latest_only.py for tasks to queue
[2025-12-04T23:31:38.754+0600] {logging_mixin.py:154} INFO - [2025-12-04T23:31:38.754+0600] {dagbag.py:536} INFO - Filling up the DagBag from /Users/asminsadykova/Desktop/h&m/.venv/lib/python3.9/site-packages/airflow/example_dags/example_latest_only.py
[2025-12-04T23:31:38.766+0600] {processor.py:839} INFO - DAG(s) dict_keys(['latest_only']) retrieved from /Users/asminsadykova/Desktop/h&m/.venv/lib/python3.9/site-packages/airflow/example_dags/example_latest_only.py
[2025-12-04T23:31:38.841+0600] {logging_mixin.py:154} INFO - [2025-12-04T23:31:38.841+0600] {dag.py:2941} INFO - Sync 1 DAGs
[2025-12-04T23:31:38.848+0600] {logging_mixin.py:154} INFO - [2025-12-04T23:31:38.848+0600] {dag.py:3722} INFO - Setting next_dagrun for latest_only to 2025-12-04T13:31:38.848053+00:00, run_after=2025-12-04T17:31:38.848053+00:00
[2025-12-04T23:31:38.856+0600] {processor.py:179} INFO - Processing /Users/asminsadykova/Desktop/h&m/.venv/lib/python3.9/site-packages/airflow/example_dags/example_latest_only.py took 0.104 seconds
[2025-12-04T23:33:07.622+0600] {processor.py:157} INFO - Started process (PID=40091) to work on /Users/asminsadykova/Desktop/h&m/.venv/lib/python3.9/site-packages/airflow/example_dags/example_latest_only.py
[2025-12-04T23:33:07.623+0600] {processor.py:829} INFO - Processing file /Users/asminsadykova/Desktop/h&m/.venv/lib/python3.9/site-packages/airflow/example_dags/example_latest_only.py for tasks to queue
[2025-12-04T23:33:07.624+0600] {logging_mixin.py:154} INFO - [2025-12-04T23:33:07.624+0600] {dagbag.py:536} INFO - Filling up the DagBag from /Users/asminsadykova/Desktop/h&m/.venv/lib/python3.9/site-packages/airflow/example_dags/example_latest_only.py
[2025-12-04T23:33:07.634+0600] {processor.py:839} INFO - DAG(s) dict_keys(['latest_only']) retrieved from /Users/asminsadykova/Desktop/h&m/.venv/lib/python3.9/site-packages/airflow/example_dags/example_latest_only.py
[2025-12-04T23:33:07.704+0600] {logging_mixin.py:154} INFO - [2025-12-04T23:33:07.704+0600] {dag.py:2941} INFO - Sync 1 DAGs
[2025-12-04T23:33:07.710+0600] {logging_mixin.py:154} INFO - [2025-12-04T23:33:07.710+0600] {dag.py:3722} INFO - Setting next_dagrun for latest_only to 2025-12-04T13:33:07.710726+00:00, run_after=2025-12-04T17:33:07.710726+00:00
[2025-12-04T23:33:07.719+0600] {processor.py:179} INFO - Processing /Users/asminsadykova/Desktop/h&m/.venv/lib/python3.9/site-packages/airflow/example_dags/example_latest_only.py took 0.097 seconds
[2025-12-04T23:34:32.840+0600] {processor.py:157} INFO - Started process (PID=40181) to work on /Users/asminsadykova/Desktop/h&m/.venv/lib/python3.9/site-packages/airflow/example_dags/example_latest_only.py
[2025-12-04T23:34:32.841+0600] {processor.py:829} INFO - Processing file /Users/asminsadykova/Desktop/h&m/.venv/lib/python3.9/site-packages/airflow/example_dags/example_latest_only.py for tasks to queue
[2025-12-04T23:34:32.842+0600] {logging_mixin.py:154} INFO - [2025-12-04T23:34:32.841+0600] {dagbag.py:536} INFO - Filling up the DagBag from /Users/asminsadykova/Desktop/h&m/.venv/lib/python3.9/site-packages/airflow/example_dags/example_latest_only.py
[2025-12-04T23:34:32.852+0600] {processor.py:839} INFO - DAG(s) dict_keys(['latest_only']) retrieved from /Users/asminsadykova/Desktop/h&m/.venv/lib/python3.9/site-packages/airflow/example_dags/example_latest_only.py
[2025-12-04T23:34:32.923+0600] {logging_mixin.py:154} INFO - [2025-12-04T23:34:32.922+0600] {dag.py:2941} INFO - Sync 1 DAGs
[2025-12-04T23:34:32.929+0600] {logging_mixin.py:154} INFO - [2025-12-04T23:34:32.929+0600] {dag.py:3722} INFO - Setting next_dagrun for latest_only to 2025-12-04T13:34:32.929131+00:00, run_after=2025-12-04T17:34:32.929131+00:00
[2025-12-04T23:34:32.936+0600] {processor.py:179} INFO - Processing /Users/asminsadykova/Desktop/h&m/.venv/lib/python3.9/site-packages/airflow/example_dags/example_latest_only.py took 0.097 seconds
[2025-12-04T23:36:10.969+0600] {processor.py:157} INFO - Started process (PID=40265) to work on /Users/asminsadykova/Desktop/h&m/.venv/lib/python3.9/site-packages/airflow/example_dags/example_latest_only.py
[2025-12-04T23:36:10.970+0600] {processor.py:829} INFO - Processing file /Users/asminsadykova/Desktop/h&m/.venv/lib/python3.9/site-packages/airflow/example_dags/example_latest_only.py for tasks to queue
[2025-12-04T23:36:10.970+0600] {logging_mixin.py:154} INFO - [2025-12-04T23:36:10.970+0600] {dagbag.py:536} INFO - Filling up the DagBag from /Users/asminsadykova/Desktop/h&m/.venv/lib/python3.9/site-packages/airflow/example_dags/example_latest_only.py
[2025-12-04T23:36:10.981+0600] {processor.py:839} INFO - DAG(s) dict_keys(['latest_only']) retrieved from /Users/asminsadykova/Desktop/h&m/.venv/lib/python3.9/site-packages/airflow/example_dags/example_latest_only.py
[2025-12-04T23:36:11.050+0600] {logging_mixin.py:154} INFO - [2025-12-04T23:36:11.050+0600] {dag.py:2941} INFO - Sync 1 DAGs
[2025-12-04T23:36:11.056+0600] {logging_mixin.py:154} INFO - [2025-12-04T23:36:11.056+0600] {dag.py:3722} INFO - Setting next_dagrun for latest_only to 2025-12-04T13:36:11.056708+00:00, run_after=2025-12-04T17:36:11.056708+00:00
[2025-12-04T23:36:11.064+0600] {processor.py:179} INFO - Processing /Users/asminsadykova/Desktop/h&m/.venv/lib/python3.9/site-packages/airflow/example_dags/example_latest_only.py took 0.095 seconds
[2025-12-04T23:37:39.349+0600] {processor.py:157} INFO - Started process (PID=40366) to work on /Users/asminsadykova/Desktop/h&m/.venv/lib/python3.9/site-packages/airflow/example_dags/example_latest_only.py
[2025-12-04T23:37:39.350+0600] {processor.py:829} INFO - Processing file /Users/asminsadykova/Desktop/h&m/.venv/lib/python3.9/site-packages/airflow/example_dags/example_latest_only.py for tasks to queue
[2025-12-04T23:37:39.350+0600] {logging_mixin.py:154} INFO - [2025-12-04T23:37:39.350+0600] {dagbag.py:536} INFO - Filling up the DagBag from /Users/asminsadykova/Desktop/h&m/.venv/lib/python3.9/site-packages/airflow/example_dags/example_latest_only.py
[2025-12-04T23:37:39.361+0600] {processor.py:839} INFO - DAG(s) dict_keys(['latest_only']) retrieved from /Users/asminsadykova/Desktop/h&m/.venv/lib/python3.9/site-packages/airflow/example_dags/example_latest_only.py
[2025-12-04T23:37:39.434+0600] {logging_mixin.py:154} INFO - [2025-12-04T23:37:39.434+0600] {dag.py:2941} INFO - Sync 1 DAGs
[2025-12-04T23:37:39.441+0600] {logging_mixin.py:154} INFO - [2025-12-04T23:37:39.440+0600] {dag.py:3722} INFO - Setting next_dagrun for latest_only to 2025-12-04T13:37:39.440867+00:00, run_after=2025-12-04T17:37:39.440867+00:00
[2025-12-04T23:37:39.448+0600] {processor.py:179} INFO - Processing /Users/asminsadykova/Desktop/h&m/.venv/lib/python3.9/site-packages/airflow/example_dags/example_latest_only.py took 0.100 seconds
[2025-12-04T23:39:18.125+0600] {processor.py:157} INFO - Started process (PID=40441) to work on /Users/asminsadykova/Desktop/h&m/.venv/lib/python3.9/site-packages/airflow/example_dags/example_latest_only.py
[2025-12-04T23:39:18.127+0600] {processor.py:829} INFO - Processing file /Users/asminsadykova/Desktop/h&m/.venv/lib/python3.9/site-packages/airflow/example_dags/example_latest_only.py for tasks to queue
[2025-12-04T23:39:18.127+0600] {logging_mixin.py:154} INFO - [2025-12-04T23:39:18.127+0600] {dagbag.py:536} INFO - Filling up the DagBag from /Users/asminsadykova/Desktop/h&m/.venv/lib/python3.9/site-packages/airflow/example_dags/example_latest_only.py
[2025-12-04T23:39:18.142+0600] {processor.py:839} INFO - DAG(s) dict_keys(['latest_only']) retrieved from /Users/asminsadykova/Desktop/h&m/.venv/lib/python3.9/site-packages/airflow/example_dags/example_latest_only.py
[2025-12-04T23:39:18.218+0600] {logging_mixin.py:154} INFO - [2025-12-04T23:39:18.217+0600] {dag.py:2941} INFO - Sync 1 DAGs
[2025-12-04T23:39:18.224+0600] {logging_mixin.py:154} INFO - [2025-12-04T23:39:18.224+0600] {dag.py:3722} INFO - Setting next_dagrun for latest_only to 2025-12-04T13:39:18.224405+00:00, run_after=2025-12-04T17:39:18.224405+00:00
[2025-12-04T23:39:18.232+0600] {processor.py:179} INFO - Processing /Users/asminsadykova/Desktop/h&m/.venv/lib/python3.9/site-packages/airflow/example_dags/example_latest_only.py took 0.108 seconds
[2025-12-04T23:40:53.182+0600] {processor.py:157} INFO - Started process (PID=40575) to work on /Users/asminsadykova/Desktop/h&m/.venv/lib/python3.9/site-packages/airflow/example_dags/example_latest_only.py
[2025-12-04T23:40:53.183+0600] {processor.py:829} INFO - Processing file /Users/asminsadykova/Desktop/h&m/.venv/lib/python3.9/site-packages/airflow/example_dags/example_latest_only.py for tasks to queue
[2025-12-04T23:40:53.184+0600] {logging_mixin.py:154} INFO - [2025-12-04T23:40:53.184+0600] {dagbag.py:536} INFO - Filling up the DagBag from /Users/asminsadykova/Desktop/h&m/.venv/lib/python3.9/site-packages/airflow/example_dags/example_latest_only.py
[2025-12-04T23:40:53.195+0600] {processor.py:839} INFO - DAG(s) dict_keys(['latest_only']) retrieved from /Users/asminsadykova/Desktop/h&m/.venv/lib/python3.9/site-packages/airflow/example_dags/example_latest_only.py
[2025-12-04T23:40:53.267+0600] {logging_mixin.py:154} INFO - [2025-12-04T23:40:53.267+0600] {dag.py:2941} INFO - Sync 1 DAGs
[2025-12-04T23:40:53.274+0600] {logging_mixin.py:154} INFO - [2025-12-04T23:40:53.274+0600] {dag.py:3722} INFO - Setting next_dagrun for latest_only to 2025-12-04T13:40:53.274557+00:00, run_after=2025-12-04T17:40:53.274557+00:00
[2025-12-04T23:40:53.282+0600] {processor.py:179} INFO - Processing /Users/asminsadykova/Desktop/h&m/.venv/lib/python3.9/site-packages/airflow/example_dags/example_latest_only.py took 0.100 seconds
[2025-12-04T23:42:19.579+0600] {processor.py:157} INFO - Started process (PID=40664) to work on /Users/asminsadykova/Desktop/h&m/.venv/lib/python3.9/site-packages/airflow/example_dags/example_latest_only.py
[2025-12-04T23:42:19.580+0600] {processor.py:829} INFO - Processing file /Users/asminsadykova/Desktop/h&m/.venv/lib/python3.9/site-packages/airflow/example_dags/example_latest_only.py for tasks to queue
[2025-12-04T23:42:19.580+0600] {logging_mixin.py:154} INFO - [2025-12-04T23:42:19.580+0600] {dagbag.py:536} INFO - Filling up the DagBag from /Users/asminsadykova/Desktop/h&m/.venv/lib/python3.9/site-packages/airflow/example_dags/example_latest_only.py
[2025-12-04T23:42:19.591+0600] {processor.py:839} INFO - DAG(s) dict_keys(['latest_only']) retrieved from /Users/asminsadykova/Desktop/h&m/.venv/lib/python3.9/site-packages/airflow/example_dags/example_latest_only.py
[2025-12-04T23:42:19.660+0600] {logging_mixin.py:154} INFO - [2025-12-04T23:42:19.660+0600] {dag.py:2941} INFO - Sync 1 DAGs
[2025-12-04T23:42:19.666+0600] {logging_mixin.py:154} INFO - [2025-12-04T23:42:19.666+0600] {dag.py:3722} INFO - Setting next_dagrun for latest_only to 2025-12-04T13:42:19.666372+00:00, run_after=2025-12-04T17:42:19.666372+00:00
[2025-12-04T23:42:19.674+0600] {processor.py:179} INFO - Processing /Users/asminsadykova/Desktop/h&m/.venv/lib/python3.9/site-packages/airflow/example_dags/example_latest_only.py took 0.096 seconds
[2025-12-04T23:43:55.652+0600] {processor.py:157} INFO - Started process (PID=40869) to work on /Users/asminsadykova/Desktop/h&m/.venv/lib/python3.9/site-packages/airflow/example_dags/example_latest_only.py
[2025-12-04T23:43:55.654+0600] {processor.py:829} INFO - Processing file /Users/asminsadykova/Desktop/h&m/.venv/lib/python3.9/site-packages/airflow/example_dags/example_latest_only.py for tasks to queue
[2025-12-04T23:43:55.654+0600] {logging_mixin.py:154} INFO - [2025-12-04T23:43:55.654+0600] {dagbag.py:536} INFO - Filling up the DagBag from /Users/asminsadykova/Desktop/h&m/.venv/lib/python3.9/site-packages/airflow/example_dags/example_latest_only.py
[2025-12-04T23:43:55.665+0600] {processor.py:839} INFO - DAG(s) dict_keys(['latest_only']) retrieved from /Users/asminsadykova/Desktop/h&m/.venv/lib/python3.9/site-packages/airflow/example_dags/example_latest_only.py
[2025-12-04T23:43:55.738+0600] {logging_mixin.py:154} INFO - [2025-12-04T23:43:55.738+0600] {dag.py:2941} INFO - Sync 1 DAGs
[2025-12-04T23:43:55.744+0600] {logging_mixin.py:154} INFO - [2025-12-04T23:43:55.744+0600] {dag.py:3722} INFO - Setting next_dagrun for latest_only to 2025-12-04T13:43:55.744866+00:00, run_after=2025-12-04T17:43:55.744866+00:00
[2025-12-04T23:43:55.752+0600] {processor.py:179} INFO - Processing /Users/asminsadykova/Desktop/h&m/.venv/lib/python3.9/site-packages/airflow/example_dags/example_latest_only.py took 0.100 seconds
[2025-12-04T23:45:32.453+0600] {processor.py:157} INFO - Started process (PID=41165) to work on /Users/asminsadykova/Desktop/h&m/.venv/lib/python3.9/site-packages/airflow/example_dags/example_latest_only.py
[2025-12-04T23:45:32.455+0600] {processor.py:829} INFO - Processing file /Users/asminsadykova/Desktop/h&m/.venv/lib/python3.9/site-packages/airflow/example_dags/example_latest_only.py for tasks to queue
[2025-12-04T23:45:32.455+0600] {logging_mixin.py:154} INFO - [2025-12-04T23:45:32.455+0600] {dagbag.py:536} INFO - Filling up the DagBag from /Users/asminsadykova/Desktop/h&m/.venv/lib/python3.9/site-packages/airflow/example_dags/example_latest_only.py
[2025-12-04T23:45:32.465+0600] {processor.py:839} INFO - DAG(s) dict_keys(['latest_only']) retrieved from /Users/asminsadykova/Desktop/h&m/.venv/lib/python3.9/site-packages/airflow/example_dags/example_latest_only.py
[2025-12-04T23:45:32.534+0600] {logging_mixin.py:154} INFO - [2025-12-04T23:45:32.534+0600] {dag.py:2941} INFO - Sync 1 DAGs
[2025-12-04T23:45:32.540+0600] {logging_mixin.py:154} INFO - [2025-12-04T23:45:32.540+0600] {dag.py:3722} INFO - Setting next_dagrun for latest_only to 2025-12-04T13:45:32.540872+00:00, run_after=2025-12-04T17:45:32.540872+00:00
[2025-12-04T23:45:32.548+0600] {processor.py:179} INFO - Processing /Users/asminsadykova/Desktop/h&m/.venv/lib/python3.9/site-packages/airflow/example_dags/example_latest_only.py took 0.095 seconds
[2025-12-04T23:47:07.145+0600] {processor.py:157} INFO - Started process (PID=41482) to work on /Users/asminsadykova/Desktop/h&m/.venv/lib/python3.9/site-packages/airflow/example_dags/example_latest_only.py
[2025-12-04T23:47:07.146+0600] {processor.py:829} INFO - Processing file /Users/asminsadykova/Desktop/h&m/.venv/lib/python3.9/site-packages/airflow/example_dags/example_latest_only.py for tasks to queue
[2025-12-04T23:47:07.146+0600] {logging_mixin.py:154} INFO - [2025-12-04T23:47:07.146+0600] {dagbag.py:536} INFO - Filling up the DagBag from /Users/asminsadykova/Desktop/h&m/.venv/lib/python3.9/site-packages/airflow/example_dags/example_latest_only.py
[2025-12-04T23:47:07.158+0600] {processor.py:839} INFO - DAG(s) dict_keys(['latest_only']) retrieved from /Users/asminsadykova/Desktop/h&m/.venv/lib/python3.9/site-packages/airflow/example_dags/example_latest_only.py
[2025-12-04T23:47:07.229+0600] {logging_mixin.py:154} INFO - [2025-12-04T23:47:07.229+0600] {dag.py:2941} INFO - Sync 1 DAGs
[2025-12-04T23:47:07.235+0600] {logging_mixin.py:154} INFO - [2025-12-04T23:47:07.235+0600] {dag.py:3722} INFO - Setting next_dagrun for latest_only to 2025-12-04T13:47:07.235487+00:00, run_after=2025-12-04T17:47:07.235487+00:00
[2025-12-04T23:47:07.244+0600] {processor.py:179} INFO - Processing /Users/asminsadykova/Desktop/h&m/.venv/lib/python3.9/site-packages/airflow/example_dags/example_latest_only.py took 0.099 seconds
[2025-12-04T23:48:32.004+0600] {processor.py:157} INFO - Started process (PID=41663) to work on /Users/asminsadykova/Desktop/h&m/.venv/lib/python3.9/site-packages/airflow/example_dags/example_latest_only.py
[2025-12-04T23:48:32.006+0600] {processor.py:829} INFO - Processing file /Users/asminsadykova/Desktop/h&m/.venv/lib/python3.9/site-packages/airflow/example_dags/example_latest_only.py for tasks to queue
[2025-12-04T23:48:32.006+0600] {logging_mixin.py:154} INFO - [2025-12-04T23:48:32.006+0600] {dagbag.py:536} INFO - Filling up the DagBag from /Users/asminsadykova/Desktop/h&m/.venv/lib/python3.9/site-packages/airflow/example_dags/example_latest_only.py
[2025-12-04T23:48:32.017+0600] {processor.py:839} INFO - DAG(s) dict_keys(['latest_only']) retrieved from /Users/asminsadykova/Desktop/h&m/.venv/lib/python3.9/site-packages/airflow/example_dags/example_latest_only.py
[2025-12-04T23:48:32.086+0600] {logging_mixin.py:154} INFO - [2025-12-04T23:48:32.086+0600] {dag.py:2941} INFO - Sync 1 DAGs
[2025-12-04T23:48:32.092+0600] {logging_mixin.py:154} INFO - [2025-12-04T23:48:32.092+0600] {dag.py:3722} INFO - Setting next_dagrun for latest_only to 2025-12-04T13:48:32.092232+00:00, run_after=2025-12-04T17:48:32.092232+00:00
[2025-12-04T23:48:32.099+0600] {processor.py:179} INFO - Processing /Users/asminsadykova/Desktop/h&m/.venv/lib/python3.9/site-packages/airflow/example_dags/example_latest_only.py took 0.096 seconds
[2025-12-04T23:50:06.694+0600] {processor.py:157} INFO - Started process (PID=41788) to work on /Users/asminsadykova/Desktop/h&m/.venv/lib/python3.9/site-packages/airflow/example_dags/example_latest_only.py
[2025-12-04T23:50:06.695+0600] {processor.py:829} INFO - Processing file /Users/asminsadykova/Desktop/h&m/.venv/lib/python3.9/site-packages/airflow/example_dags/example_latest_only.py for tasks to queue
[2025-12-04T23:50:06.696+0600] {logging_mixin.py:154} INFO - [2025-12-04T23:50:06.696+0600] {dagbag.py:536} INFO - Filling up the DagBag from /Users/asminsadykova/Desktop/h&m/.venv/lib/python3.9/site-packages/airflow/example_dags/example_latest_only.py
[2025-12-04T23:50:06.708+0600] {processor.py:839} INFO - DAG(s) dict_keys(['latest_only']) retrieved from /Users/asminsadykova/Desktop/h&m/.venv/lib/python3.9/site-packages/airflow/example_dags/example_latest_only.py
[2025-12-04T23:50:06.782+0600] {logging_mixin.py:154} INFO - [2025-12-04T23:50:06.782+0600] {dag.py:2941} INFO - Sync 1 DAGs
[2025-12-04T23:50:06.790+0600] {logging_mixin.py:154} INFO - [2025-12-04T23:50:06.790+0600] {dag.py:3722} INFO - Setting next_dagrun for latest_only to 2025-12-04T13:50:06.790140+00:00, run_after=2025-12-04T17:50:06.790140+00:00
[2025-12-04T23:50:06.798+0600] {processor.py:179} INFO - Processing /Users/asminsadykova/Desktop/h&m/.venv/lib/python3.9/site-packages/airflow/example_dags/example_latest_only.py took 0.105 seconds
[2025-12-04T23:51:45.104+0600] {processor.py:157} INFO - Started process (PID=42023) to work on /Users/asminsadykova/Desktop/h&m/.venv/lib/python3.9/site-packages/airflow/example_dags/example_latest_only.py
[2025-12-04T23:51:45.107+0600] {processor.py:829} INFO - Processing file /Users/asminsadykova/Desktop/h&m/.venv/lib/python3.9/site-packages/airflow/example_dags/example_latest_only.py for tasks to queue
[2025-12-04T23:51:45.108+0600] {logging_mixin.py:154} INFO - [2025-12-04T23:51:45.107+0600] {dagbag.py:536} INFO - Filling up the DagBag from /Users/asminsadykova/Desktop/h&m/.venv/lib/python3.9/site-packages/airflow/example_dags/example_latest_only.py
[2025-12-04T23:51:45.119+0600] {processor.py:839} INFO - DAG(s) dict_keys(['latest_only']) retrieved from /Users/asminsadykova/Desktop/h&m/.venv/lib/python3.9/site-packages/airflow/example_dags/example_latest_only.py
[2025-12-04T23:51:45.190+0600] {logging_mixin.py:154} INFO - [2025-12-04T23:51:45.190+0600] {dag.py:2941} INFO - Sync 1 DAGs
[2025-12-04T23:51:45.196+0600] {logging_mixin.py:154} INFO - [2025-12-04T23:51:45.196+0600] {dag.py:3722} INFO - Setting next_dagrun for latest_only to 2025-12-04T13:51:45.196675+00:00, run_after=2025-12-04T17:51:45.196675+00:00
[2025-12-04T23:51:45.204+0600] {processor.py:179} INFO - Processing /Users/asminsadykova/Desktop/h&m/.venv/lib/python3.9/site-packages/airflow/example_dags/example_latest_only.py took 0.101 seconds
[2025-12-04T23:53:20.537+0600] {processor.py:157} INFO - Started process (PID=42127) to work on /Users/asminsadykova/Desktop/h&m/.venv/lib/python3.9/site-packages/airflow/example_dags/example_latest_only.py
[2025-12-04T23:53:20.537+0600] {processor.py:829} INFO - Processing file /Users/asminsadykova/Desktop/h&m/.venv/lib/python3.9/site-packages/airflow/example_dags/example_latest_only.py for tasks to queue
[2025-12-04T23:53:20.538+0600] {logging_mixin.py:154} INFO - [2025-12-04T23:53:20.538+0600] {dagbag.py:536} INFO - Filling up the DagBag from /Users/asminsadykova/Desktop/h&m/.venv/lib/python3.9/site-packages/airflow/example_dags/example_latest_only.py
[2025-12-04T23:53:20.550+0600] {processor.py:839} INFO - DAG(s) dict_keys(['latest_only']) retrieved from /Users/asminsadykova/Desktop/h&m/.venv/lib/python3.9/site-packages/airflow/example_dags/example_latest_only.py
[2025-12-04T23:53:20.626+0600] {logging_mixin.py:154} INFO - [2025-12-04T23:53:20.626+0600] {dag.py:2941} INFO - Sync 1 DAGs
[2025-12-04T23:53:20.634+0600] {logging_mixin.py:154} INFO - [2025-12-04T23:53:20.634+0600] {dag.py:3722} INFO - Setting next_dagrun for latest_only to 2025-12-04T13:53:20.634032+00:00, run_after=2025-12-04T17:53:20.634032+00:00
[2025-12-04T23:53:20.642+0600] {processor.py:179} INFO - Processing /Users/asminsadykova/Desktop/h&m/.venv/lib/python3.9/site-packages/airflow/example_dags/example_latest_only.py took 0.106 seconds
[2025-12-04T23:54:48.120+0600] {processor.py:157} INFO - Started process (PID=42203) to work on /Users/asminsadykova/Desktop/h&m/.venv/lib/python3.9/site-packages/airflow/example_dags/example_latest_only.py
[2025-12-04T23:54:48.120+0600] {processor.py:829} INFO - Processing file /Users/asminsadykova/Desktop/h&m/.venv/lib/python3.9/site-packages/airflow/example_dags/example_latest_only.py for tasks to queue
[2025-12-04T23:54:48.121+0600] {logging_mixin.py:154} INFO - [2025-12-04T23:54:48.121+0600] {dagbag.py:536} INFO - Filling up the DagBag from /Users/asminsadykova/Desktop/h&m/.venv/lib/python3.9/site-packages/airflow/example_dags/example_latest_only.py
[2025-12-04T23:54:48.131+0600] {processor.py:839} INFO - DAG(s) dict_keys(['latest_only']) retrieved from /Users/asminsadykova/Desktop/h&m/.venv/lib/python3.9/site-packages/airflow/example_dags/example_latest_only.py
[2025-12-04T23:54:48.211+0600] {logging_mixin.py:154} INFO - [2025-12-04T23:54:48.211+0600] {dag.py:2941} INFO - Sync 1 DAGs
[2025-12-04T23:54:48.218+0600] {logging_mixin.py:154} INFO - [2025-12-04T23:54:48.218+0600] {dag.py:3722} INFO - Setting next_dagrun for latest_only to 2025-12-04T13:54:48.218237+00:00, run_after=2025-12-04T17:54:48.218237+00:00
[2025-12-04T23:54:48.230+0600] {processor.py:179} INFO - Processing /Users/asminsadykova/Desktop/h&m/.venv/lib/python3.9/site-packages/airflow/example_dags/example_latest_only.py took 0.111 seconds
[2025-12-04T23:56:16.453+0600] {processor.py:157} INFO - Started process (PID=42279) to work on /Users/asminsadykova/Desktop/h&m/.venv/lib/python3.9/site-packages/airflow/example_dags/example_latest_only.py
[2025-12-04T23:56:16.453+0600] {processor.py:829} INFO - Processing file /Users/asminsadykova/Desktop/h&m/.venv/lib/python3.9/site-packages/airflow/example_dags/example_latest_only.py for tasks to queue
[2025-12-04T23:56:16.454+0600] {logging_mixin.py:154} INFO - [2025-12-04T23:56:16.454+0600] {dagbag.py:536} INFO - Filling up the DagBag from /Users/asminsadykova/Desktop/h&m/.venv/lib/python3.9/site-packages/airflow/example_dags/example_latest_only.py
[2025-12-04T23:56:16.467+0600] {processor.py:839} INFO - DAG(s) dict_keys(['latest_only']) retrieved from /Users/asminsadykova/Desktop/h&m/.venv/lib/python3.9/site-packages/airflow/example_dags/example_latest_only.py
[2025-12-04T23:56:16.544+0600] {logging_mixin.py:154} INFO - [2025-12-04T23:56:16.544+0600] {dag.py:2941} INFO - Sync 1 DAGs
[2025-12-04T23:56:16.551+0600] {logging_mixin.py:154} INFO - [2025-12-04T23:56:16.551+0600] {dag.py:3722} INFO - Setting next_dagrun for latest_only to 2025-12-04T13:56:16.551261+00:00, run_after=2025-12-04T17:56:16.551261+00:00
[2025-12-04T23:56:16.559+0600] {processor.py:179} INFO - Processing /Users/asminsadykova/Desktop/h&m/.venv/lib/python3.9/site-packages/airflow/example_dags/example_latest_only.py took 0.107 seconds
[2025-12-04T23:57:45.754+0600] {processor.py:157} INFO - Started process (PID=42354) to work on /Users/asminsadykova/Desktop/h&m/.venv/lib/python3.9/site-packages/airflow/example_dags/example_latest_only.py
[2025-12-04T23:57:45.755+0600] {processor.py:829} INFO - Processing file /Users/asminsadykova/Desktop/h&m/.venv/lib/python3.9/site-packages/airflow/example_dags/example_latest_only.py for tasks to queue
[2025-12-04T23:57:45.755+0600] {logging_mixin.py:154} INFO - [2025-12-04T23:57:45.755+0600] {dagbag.py:536} INFO - Filling up the DagBag from /Users/asminsadykova/Desktop/h&m/.venv/lib/python3.9/site-packages/airflow/example_dags/example_latest_only.py
[2025-12-04T23:57:45.766+0600] {processor.py:839} INFO - DAG(s) dict_keys(['latest_only']) retrieved from /Users/asminsadykova/Desktop/h&m/.venv/lib/python3.9/site-packages/airflow/example_dags/example_latest_only.py
[2025-12-04T23:57:45.838+0600] {logging_mixin.py:154} INFO - [2025-12-04T23:57:45.838+0600] {dag.py:2941} INFO - Sync 1 DAGs
[2025-12-04T23:57:45.844+0600] {logging_mixin.py:154} INFO - [2025-12-04T23:57:45.844+0600] {dag.py:3722} INFO - Setting next_dagrun for latest_only to 2025-12-04T13:57:45.844719+00:00, run_after=2025-12-04T17:57:45.844719+00:00
[2025-12-04T23:57:45.852+0600] {processor.py:179} INFO - Processing /Users/asminsadykova/Desktop/h&m/.venv/lib/python3.9/site-packages/airflow/example_dags/example_latest_only.py took 0.099 seconds
[2025-12-04T23:59:13.547+0600] {processor.py:157} INFO - Started process (PID=42438) to work on /Users/asminsadykova/Desktop/h&m/.venv/lib/python3.9/site-packages/airflow/example_dags/example_latest_only.py
[2025-12-04T23:59:13.548+0600] {processor.py:829} INFO - Processing file /Users/asminsadykova/Desktop/h&m/.venv/lib/python3.9/site-packages/airflow/example_dags/example_latest_only.py for tasks to queue
[2025-12-04T23:59:13.548+0600] {logging_mixin.py:154} INFO - [2025-12-04T23:59:13.548+0600] {dagbag.py:536} INFO - Filling up the DagBag from /Users/asminsadykova/Desktop/h&m/.venv/lib/python3.9/site-packages/airflow/example_dags/example_latest_only.py
[2025-12-04T23:59:13.559+0600] {processor.py:839} INFO - DAG(s) dict_keys(['latest_only']) retrieved from /Users/asminsadykova/Desktop/h&m/.venv/lib/python3.9/site-packages/airflow/example_dags/example_latest_only.py
[2025-12-04T23:59:13.648+0600] {logging_mixin.py:154} INFO - [2025-12-04T23:59:13.648+0600] {dag.py:2941} INFO - Sync 1 DAGs
[2025-12-04T23:59:13.658+0600] {logging_mixin.py:154} INFO - [2025-12-04T23:59:13.658+0600] {dag.py:3722} INFO - Setting next_dagrun for latest_only to 2025-12-04T13:59:13.658705+00:00, run_after=2025-12-04T17:59:13.658705+00:00
[2025-12-04T23:59:13.676+0600] {processor.py:179} INFO - Processing /Users/asminsadykova/Desktop/h&m/.venv/lib/python3.9/site-packages/airflow/example_dags/example_latest_only.py took 0.130 seconds
[2025-12-05T00:00:49.686+0600] {processor.py:157} INFO - Started process (PID=42824) to work on /Users/asminsadykova/Desktop/h&m/.venv/lib/python3.9/site-packages/airflow/example_dags/example_latest_only.py
[2025-12-05T00:00:49.687+0600] {processor.py:829} INFO - Processing file /Users/asminsadykova/Desktop/h&m/.venv/lib/python3.9/site-packages/airflow/example_dags/example_latest_only.py for tasks to queue
[2025-12-05T00:00:49.687+0600] {logging_mixin.py:154} INFO - [2025-12-05T00:00:49.687+0600] {dagbag.py:536} INFO - Filling up the DagBag from /Users/asminsadykova/Desktop/h&m/.venv/lib/python3.9/site-packages/airflow/example_dags/example_latest_only.py
[2025-12-05T00:00:49.698+0600] {processor.py:839} INFO - DAG(s) dict_keys(['latest_only']) retrieved from /Users/asminsadykova/Desktop/h&m/.venv/lib/python3.9/site-packages/airflow/example_dags/example_latest_only.py
[2025-12-05T00:00:49.769+0600] {logging_mixin.py:154} INFO - [2025-12-05T00:00:49.769+0600] {dag.py:2941} INFO - Sync 1 DAGs
[2025-12-05T00:00:49.775+0600] {logging_mixin.py:154} INFO - [2025-12-05T00:00:49.775+0600] {dag.py:3722} INFO - Setting next_dagrun for latest_only to 2025-12-04T14:00:49.775330+00:00, run_after=2025-12-04T18:00:49.775330+00:00
[2025-12-05T00:00:49.783+0600] {processor.py:179} INFO - Processing /Users/asminsadykova/Desktop/h&m/.venv/lib/python3.9/site-packages/airflow/example_dags/example_latest_only.py took 0.098 seconds
[2025-12-05T00:02:23.006+0600] {processor.py:157} INFO - Started process (PID=42916) to work on /Users/asminsadykova/Desktop/h&m/.venv/lib/python3.9/site-packages/airflow/example_dags/example_latest_only.py
[2025-12-05T00:02:23.008+0600] {processor.py:829} INFO - Processing file /Users/asminsadykova/Desktop/h&m/.venv/lib/python3.9/site-packages/airflow/example_dags/example_latest_only.py for tasks to queue
[2025-12-05T00:02:23.008+0600] {logging_mixin.py:154} INFO - [2025-12-05T00:02:23.008+0600] {dagbag.py:536} INFO - Filling up the DagBag from /Users/asminsadykova/Desktop/h&m/.venv/lib/python3.9/site-packages/airflow/example_dags/example_latest_only.py
[2025-12-05T00:02:23.018+0600] {processor.py:839} INFO - DAG(s) dict_keys(['latest_only']) retrieved from /Users/asminsadykova/Desktop/h&m/.venv/lib/python3.9/site-packages/airflow/example_dags/example_latest_only.py
[2025-12-05T00:02:23.087+0600] {logging_mixin.py:154} INFO - [2025-12-05T00:02:23.087+0600] {dag.py:2941} INFO - Sync 1 DAGs
[2025-12-05T00:02:23.094+0600] {logging_mixin.py:154} INFO - [2025-12-05T00:02:23.094+0600] {dag.py:3722} INFO - Setting next_dagrun for latest_only to 2025-12-04T14:02:23.093946+00:00, run_after=2025-12-04T18:02:23.093946+00:00
[2025-12-05T00:02:23.101+0600] {processor.py:179} INFO - Processing /Users/asminsadykova/Desktop/h&m/.venv/lib/python3.9/site-packages/airflow/example_dags/example_latest_only.py took 0.096 seconds
[2025-12-05T00:03:55.459+0600] {processor.py:157} INFO - Started process (PID=42992) to work on /Users/asminsadykova/Desktop/h&m/.venv/lib/python3.9/site-packages/airflow/example_dags/example_latest_only.py
[2025-12-05T00:03:55.460+0600] {processor.py:829} INFO - Processing file /Users/asminsadykova/Desktop/h&m/.venv/lib/python3.9/site-packages/airflow/example_dags/example_latest_only.py for tasks to queue
[2025-12-05T00:03:55.460+0600] {logging_mixin.py:154} INFO - [2025-12-05T00:03:55.460+0600] {dagbag.py:536} INFO - Filling up the DagBag from /Users/asminsadykova/Desktop/h&m/.venv/lib/python3.9/site-packages/airflow/example_dags/example_latest_only.py
[2025-12-05T00:03:55.471+0600] {processor.py:839} INFO - DAG(s) dict_keys(['latest_only']) retrieved from /Users/asminsadykova/Desktop/h&m/.venv/lib/python3.9/site-packages/airflow/example_dags/example_latest_only.py
[2025-12-05T00:03:55.540+0600] {logging_mixin.py:154} INFO - [2025-12-05T00:03:55.539+0600] {dag.py:2941} INFO - Sync 1 DAGs
[2025-12-05T00:03:55.546+0600] {logging_mixin.py:154} INFO - [2025-12-05T00:03:55.546+0600] {dag.py:3722} INFO - Setting next_dagrun for latest_only to 2025-12-04T14:03:55.546096+00:00, run_after=2025-12-04T18:03:55.546096+00:00
[2025-12-05T00:03:55.553+0600] {processor.py:179} INFO - Processing /Users/asminsadykova/Desktop/h&m/.venv/lib/python3.9/site-packages/airflow/example_dags/example_latest_only.py took 0.095 seconds
[2025-12-05T00:05:30.509+0600] {processor.py:157} INFO - Started process (PID=43268) to work on /Users/asminsadykova/Desktop/h&m/.venv/lib/python3.9/site-packages/airflow/example_dags/example_latest_only.py
[2025-12-05T00:05:30.511+0600] {processor.py:829} INFO - Processing file /Users/asminsadykova/Desktop/h&m/.venv/lib/python3.9/site-packages/airflow/example_dags/example_latest_only.py for tasks to queue
[2025-12-05T00:05:30.511+0600] {logging_mixin.py:154} INFO - [2025-12-05T00:05:30.511+0600] {dagbag.py:536} INFO - Filling up the DagBag from /Users/asminsadykova/Desktop/h&m/.venv/lib/python3.9/site-packages/airflow/example_dags/example_latest_only.py
[2025-12-05T00:05:30.523+0600] {processor.py:839} INFO - DAG(s) dict_keys(['latest_only']) retrieved from /Users/asminsadykova/Desktop/h&m/.venv/lib/python3.9/site-packages/airflow/example_dags/example_latest_only.py
[2025-12-05T00:05:30.597+0600] {logging_mixin.py:154} INFO - [2025-12-05T00:05:30.597+0600] {dag.py:2941} INFO - Sync 1 DAGs
[2025-12-05T00:05:30.603+0600] {logging_mixin.py:154} INFO - [2025-12-05T00:05:30.603+0600] {dag.py:3722} INFO - Setting next_dagrun for latest_only to 2025-12-04T14:05:30.603687+00:00, run_after=2025-12-04T18:05:30.603687+00:00
[2025-12-05T00:05:30.611+0600] {processor.py:179} INFO - Processing /Users/asminsadykova/Desktop/h&m/.venv/lib/python3.9/site-packages/airflow/example_dags/example_latest_only.py took 0.103 seconds
[2025-12-05T00:06:58.014+0600] {processor.py:157} INFO - Started process (PID=43418) to work on /Users/asminsadykova/Desktop/h&m/.venv/lib/python3.9/site-packages/airflow/example_dags/example_latest_only.py
[2025-12-05T00:06:58.016+0600] {processor.py:829} INFO - Processing file /Users/asminsadykova/Desktop/h&m/.venv/lib/python3.9/site-packages/airflow/example_dags/example_latest_only.py for tasks to queue
[2025-12-05T00:06:58.016+0600] {logging_mixin.py:154} INFO - [2025-12-05T00:06:58.016+0600] {dagbag.py:536} INFO - Filling up the DagBag from /Users/asminsadykova/Desktop/h&m/.venv/lib/python3.9/site-packages/airflow/example_dags/example_latest_only.py
[2025-12-05T00:06:58.026+0600] {processor.py:839} INFO - DAG(s) dict_keys(['latest_only']) retrieved from /Users/asminsadykova/Desktop/h&m/.venv/lib/python3.9/site-packages/airflow/example_dags/example_latest_only.py
[2025-12-05T00:06:58.097+0600] {logging_mixin.py:154} INFO - [2025-12-05T00:06:58.097+0600] {dag.py:2941} INFO - Sync 1 DAGs
[2025-12-05T00:06:58.103+0600] {logging_mixin.py:154} INFO - [2025-12-05T00:06:58.103+0600] {dag.py:3722} INFO - Setting next_dagrun for latest_only to 2025-12-04T14:06:58.103422+00:00, run_after=2025-12-04T18:06:58.103422+00:00
[2025-12-05T00:06:58.111+0600] {processor.py:179} INFO - Processing /Users/asminsadykova/Desktop/h&m/.venv/lib/python3.9/site-packages/airflow/example_dags/example_latest_only.py took 0.098 seconds
[2025-12-05T00:08:24.712+0600] {processor.py:157} INFO - Started process (PID=43562) to work on /Users/asminsadykova/Desktop/h&m/.venv/lib/python3.9/site-packages/airflow/example_dags/example_latest_only.py
[2025-12-05T00:08:24.713+0600] {processor.py:829} INFO - Processing file /Users/asminsadykova/Desktop/h&m/.venv/lib/python3.9/site-packages/airflow/example_dags/example_latest_only.py for tasks to queue
[2025-12-05T00:08:24.714+0600] {logging_mixin.py:154} INFO - [2025-12-05T00:08:24.714+0600] {dagbag.py:536} INFO - Filling up the DagBag from /Users/asminsadykova/Desktop/h&m/.venv/lib/python3.9/site-packages/airflow/example_dags/example_latest_only.py
[2025-12-05T00:08:24.728+0600] {processor.py:839} INFO - DAG(s) dict_keys(['latest_only']) retrieved from /Users/asminsadykova/Desktop/h&m/.venv/lib/python3.9/site-packages/airflow/example_dags/example_latest_only.py
[2025-12-05T00:08:24.807+0600] {logging_mixin.py:154} INFO - [2025-12-05T00:08:24.807+0600] {dag.py:2941} INFO - Sync 1 DAGs
[2025-12-05T00:08:24.814+0600] {logging_mixin.py:154} INFO - [2025-12-05T00:08:24.814+0600] {dag.py:3722} INFO - Setting next_dagrun for latest_only to 2025-12-04T14:08:24.813950+00:00, run_after=2025-12-04T18:08:24.813950+00:00
[2025-12-05T00:08:24.822+0600] {processor.py:179} INFO - Processing /Users/asminsadykova/Desktop/h&m/.venv/lib/python3.9/site-packages/airflow/example_dags/example_latest_only.py took 0.110 seconds
[2025-12-05T00:09:58.082+0600] {processor.py:157} INFO - Started process (PID=43728) to work on /Users/asminsadykova/Desktop/h&m/.venv/lib/python3.9/site-packages/airflow/example_dags/example_latest_only.py
[2025-12-05T00:09:58.083+0600] {processor.py:829} INFO - Processing file /Users/asminsadykova/Desktop/h&m/.venv/lib/python3.9/site-packages/airflow/example_dags/example_latest_only.py for tasks to queue
[2025-12-05T00:09:58.083+0600] {logging_mixin.py:154} INFO - [2025-12-05T00:09:58.083+0600] {dagbag.py:536} INFO - Filling up the DagBag from /Users/asminsadykova/Desktop/h&m/.venv/lib/python3.9/site-packages/airflow/example_dags/example_latest_only.py
[2025-12-05T00:09:58.095+0600] {processor.py:839} INFO - DAG(s) dict_keys(['latest_only']) retrieved from /Users/asminsadykova/Desktop/h&m/.venv/lib/python3.9/site-packages/airflow/example_dags/example_latest_only.py
[2025-12-05T00:09:58.177+0600] {logging_mixin.py:154} INFO - [2025-12-05T00:09:58.176+0600] {dag.py:2941} INFO - Sync 1 DAGs
[2025-12-05T00:09:58.184+0600] {logging_mixin.py:154} INFO - [2025-12-05T00:09:58.184+0600] {dag.py:3722} INFO - Setting next_dagrun for latest_only to 2025-12-04T14:09:58.184621+00:00, run_after=2025-12-04T18:09:58.184621+00:00
[2025-12-05T00:09:58.194+0600] {processor.py:179} INFO - Processing /Users/asminsadykova/Desktop/h&m/.venv/lib/python3.9/site-packages/airflow/example_dags/example_latest_only.py took 0.113 seconds
[2025-12-05T00:11:34.568+0600] {processor.py:157} INFO - Started process (PID=43888) to work on /Users/asminsadykova/Desktop/h&m/.venv/lib/python3.9/site-packages/airflow/example_dags/example_latest_only.py
[2025-12-05T00:11:34.570+0600] {processor.py:829} INFO - Processing file /Users/asminsadykova/Desktop/h&m/.venv/lib/python3.9/site-packages/airflow/example_dags/example_latest_only.py for tasks to queue
[2025-12-05T00:11:34.570+0600] {logging_mixin.py:154} INFO - [2025-12-05T00:11:34.570+0600] {dagbag.py:536} INFO - Filling up the DagBag from /Users/asminsadykova/Desktop/h&m/.venv/lib/python3.9/site-packages/airflow/example_dags/example_latest_only.py
[2025-12-05T00:11:34.582+0600] {processor.py:839} INFO - DAG(s) dict_keys(['latest_only']) retrieved from /Users/asminsadykova/Desktop/h&m/.venv/lib/python3.9/site-packages/airflow/example_dags/example_latest_only.py
[2025-12-05T00:11:34.656+0600] {logging_mixin.py:154} INFO - [2025-12-05T00:11:34.656+0600] {dag.py:2941} INFO - Sync 1 DAGs
[2025-12-05T00:11:34.663+0600] {logging_mixin.py:154} INFO - [2025-12-05T00:11:34.663+0600] {dag.py:3722} INFO - Setting next_dagrun for latest_only to 2025-12-04T14:11:34.663126+00:00, run_after=2025-12-04T18:11:34.663126+00:00
[2025-12-05T00:11:34.671+0600] {processor.py:179} INFO - Processing /Users/asminsadykova/Desktop/h&m/.venv/lib/python3.9/site-packages/airflow/example_dags/example_latest_only.py took 0.103 seconds
