[2025-12-04T23:17:56.438+0600] {processor.py:157} INFO - Started process (PID=38933) to work on /Users/asminsadykova/Desktop/h&m/.venv/lib/python3.9/site-packages/airflow/example_dags/example_setup_teardown_taskflow.py
[2025-12-04T23:17:56.439+0600] {processor.py:829} INFO - Processing file /Users/asminsadykova/Desktop/h&m/.venv/lib/python3.9/site-packages/airflow/example_dags/example_setup_teardown_taskflow.py for tasks to queue
[2025-12-04T23:17:56.439+0600] {logging_mixin.py:154} INFO - [2025-12-04T23:17:56.439+0600] {dagbag.py:536} INFO - Filling up the DagBag from /Users/asminsadykova/Desktop/h&m/.venv/lib/python3.9/site-packages/airflow/example_dags/example_setup_teardown_taskflow.py
[2025-12-04T23:17:56.463+0600] {processor.py:839} INFO - DAG(s) dict_keys(['example_setup_teardown_taskflow']) retrieved from /Users/asminsadykova/Desktop/h&m/.venv/lib/python3.9/site-packages/airflow/example_dags/example_setup_teardown_taskflow.py
[2025-12-04T23:17:56.705+0600] {logging_mixin.py:154} INFO - [2025-12-04T23:17:56.705+0600] {manager.py:499} INFO - Created Permission View: %s
[2025-12-04T23:17:56.708+0600] {logging_mixin.py:154} INFO - [2025-12-04T23:17:56.708+0600] {manager.py:499} INFO - Created Permission View: %s
[2025-12-04T23:17:56.710+0600] {logging_mixin.py:154} INFO - [2025-12-04T23:17:56.710+0600] {manager.py:499} INFO - Created Permission View: %s
[2025-12-04T23:17:56.710+0600] {logging_mixin.py:154} INFO - [2025-12-04T23:17:56.710+0600] {dag.py:2941} INFO - Sync 1 DAGs
[2025-12-04T23:17:56.714+0600] {logging_mixin.py:154} INFO - [2025-12-04T23:17:56.714+0600] {dag.py:2963} INFO - Creating ORM DAG for example_setup_teardown_taskflow
[2025-12-04T23:17:56.717+0600] {logging_mixin.py:154} INFO - [2025-12-04T23:17:56.717+0600] {dag.py:3722} INFO - Setting next_dagrun for example_setup_teardown_taskflow to 2025-12-03T17:17:56.717499+00:00, run_after=2025-12-04T17:17:56.717499+00:00
[2025-12-04T23:17:56.724+0600] {processor.py:179} INFO - Processing /Users/asminsadykova/Desktop/h&m/.venv/lib/python3.9/site-packages/airflow/example_dags/example_setup_teardown_taskflow.py took 0.286 seconds
[2025-12-04T23:19:14.679+0600] {processor.py:157} INFO - Started process (PID=39028) to work on /Users/asminsadykova/Desktop/h&m/.venv/lib/python3.9/site-packages/airflow/example_dags/example_setup_teardown_taskflow.py
[2025-12-04T23:19:14.680+0600] {processor.py:829} INFO - Processing file /Users/asminsadykova/Desktop/h&m/.venv/lib/python3.9/site-packages/airflow/example_dags/example_setup_teardown_taskflow.py for tasks to queue
[2025-12-04T23:19:14.680+0600] {logging_mixin.py:154} INFO - [2025-12-04T23:19:14.680+0600] {dagbag.py:536} INFO - Filling up the DagBag from /Users/asminsadykova/Desktop/h&m/.venv/lib/python3.9/site-packages/airflow/example_dags/example_setup_teardown_taskflow.py
[2025-12-04T23:19:14.703+0600] {processor.py:839} INFO - DAG(s) dict_keys(['example_setup_teardown_taskflow']) retrieved from /Users/asminsadykova/Desktop/h&m/.venv/lib/python3.9/site-packages/airflow/example_dags/example_setup_teardown_taskflow.py
[2025-12-04T23:19:14.771+0600] {logging_mixin.py:154} INFO - [2025-12-04T23:19:14.771+0600] {dag.py:2941} INFO - Sync 1 DAGs
[2025-12-04T23:19:14.778+0600] {logging_mixin.py:154} INFO - [2025-12-04T23:19:14.778+0600] {dag.py:3722} INFO - Setting next_dagrun for example_setup_teardown_taskflow to 2025-12-03T17:19:14.778405+00:00, run_after=2025-12-04T17:19:14.778405+00:00
[2025-12-04T23:19:14.785+0600] {processor.py:179} INFO - Processing /Users/asminsadykova/Desktop/h&m/.venv/lib/python3.9/site-packages/airflow/example_dags/example_setup_teardown_taskflow.py took 0.107 seconds
[2025-12-04T23:20:40.928+0600] {processor.py:157} INFO - Started process (PID=39132) to work on /Users/asminsadykova/Desktop/h&m/.venv/lib/python3.9/site-packages/airflow/example_dags/example_setup_teardown_taskflow.py
[2025-12-04T23:20:40.929+0600] {processor.py:829} INFO - Processing file /Users/asminsadykova/Desktop/h&m/.venv/lib/python3.9/site-packages/airflow/example_dags/example_setup_teardown_taskflow.py for tasks to queue
[2025-12-04T23:20:40.929+0600] {logging_mixin.py:154} INFO - [2025-12-04T23:20:40.929+0600] {dagbag.py:536} INFO - Filling up the DagBag from /Users/asminsadykova/Desktop/h&m/.venv/lib/python3.9/site-packages/airflow/example_dags/example_setup_teardown_taskflow.py
[2025-12-04T23:20:40.953+0600] {processor.py:839} INFO - DAG(s) dict_keys(['example_setup_teardown_taskflow']) retrieved from /Users/asminsadykova/Desktop/h&m/.venv/lib/python3.9/site-packages/airflow/example_dags/example_setup_teardown_taskflow.py
[2025-12-04T23:20:41.023+0600] {logging_mixin.py:154} INFO - [2025-12-04T23:20:41.023+0600] {dag.py:2941} INFO - Sync 1 DAGs
[2025-12-04T23:20:41.030+0600] {logging_mixin.py:154} INFO - [2025-12-04T23:20:41.030+0600] {dag.py:3722} INFO - Setting next_dagrun for example_setup_teardown_taskflow to 2025-12-03T17:20:41.030016+00:00, run_after=2025-12-04T17:20:41.030016+00:00
[2025-12-04T23:20:41.037+0600] {processor.py:179} INFO - Processing /Users/asminsadykova/Desktop/h&m/.venv/lib/python3.9/site-packages/airflow/example_dags/example_setup_teardown_taskflow.py took 0.109 seconds
[2025-12-04T23:22:07.052+0600] {processor.py:157} INFO - Started process (PID=39232) to work on /Users/asminsadykova/Desktop/h&m/.venv/lib/python3.9/site-packages/airflow/example_dags/example_setup_teardown_taskflow.py
[2025-12-04T23:22:07.053+0600] {processor.py:829} INFO - Processing file /Users/asminsadykova/Desktop/h&m/.venv/lib/python3.9/site-packages/airflow/example_dags/example_setup_teardown_taskflow.py for tasks to queue
[2025-12-04T23:22:07.053+0600] {logging_mixin.py:154} INFO - [2025-12-04T23:22:07.053+0600] {dagbag.py:536} INFO - Filling up the DagBag from /Users/asminsadykova/Desktop/h&m/.venv/lib/python3.9/site-packages/airflow/example_dags/example_setup_teardown_taskflow.py
[2025-12-04T23:22:07.077+0600] {processor.py:839} INFO - DAG(s) dict_keys(['example_setup_teardown_taskflow']) retrieved from /Users/asminsadykova/Desktop/h&m/.venv/lib/python3.9/site-packages/airflow/example_dags/example_setup_teardown_taskflow.py
[2025-12-04T23:22:07.146+0600] {logging_mixin.py:154} INFO - [2025-12-04T23:22:07.145+0600] {dag.py:2941} INFO - Sync 1 DAGs
[2025-12-04T23:22:07.152+0600] {logging_mixin.py:154} INFO - [2025-12-04T23:22:07.152+0600] {dag.py:3722} INFO - Setting next_dagrun for example_setup_teardown_taskflow to 2025-12-03T17:22:07.152582+00:00, run_after=2025-12-04T17:22:07.152582+00:00
[2025-12-04T23:22:07.161+0600] {processor.py:179} INFO - Processing /Users/asminsadykova/Desktop/h&m/.venv/lib/python3.9/site-packages/airflow/example_dags/example_setup_teardown_taskflow.py took 0.109 seconds
[2025-12-04T23:23:37.116+0600] {processor.py:157} INFO - Started process (PID=39364) to work on /Users/asminsadykova/Desktop/h&m/.venv/lib/python3.9/site-packages/airflow/example_dags/example_setup_teardown_taskflow.py
[2025-12-04T23:23:37.117+0600] {processor.py:829} INFO - Processing file /Users/asminsadykova/Desktop/h&m/.venv/lib/python3.9/site-packages/airflow/example_dags/example_setup_teardown_taskflow.py for tasks to queue
[2025-12-04T23:23:37.117+0600] {logging_mixin.py:154} INFO - [2025-12-04T23:23:37.117+0600] {dagbag.py:536} INFO - Filling up the DagBag from /Users/asminsadykova/Desktop/h&m/.venv/lib/python3.9/site-packages/airflow/example_dags/example_setup_teardown_taskflow.py
[2025-12-04T23:23:37.141+0600] {processor.py:839} INFO - DAG(s) dict_keys(['example_setup_teardown_taskflow']) retrieved from /Users/asminsadykova/Desktop/h&m/.venv/lib/python3.9/site-packages/airflow/example_dags/example_setup_teardown_taskflow.py
[2025-12-04T23:23:37.214+0600] {logging_mixin.py:154} INFO - [2025-12-04T23:23:37.214+0600] {dag.py:2941} INFO - Sync 1 DAGs
[2025-12-04T23:23:37.221+0600] {logging_mixin.py:154} INFO - [2025-12-04T23:23:37.220+0600] {dag.py:3722} INFO - Setting next_dagrun for example_setup_teardown_taskflow to 2025-12-03T17:23:37.220922+00:00, run_after=2025-12-04T17:23:37.220922+00:00
[2025-12-04T23:23:37.229+0600] {processor.py:179} INFO - Processing /Users/asminsadykova/Desktop/h&m/.venv/lib/python3.9/site-packages/airflow/example_dags/example_setup_teardown_taskflow.py took 0.113 seconds
[2025-12-04T23:25:14.884+0600] {processor.py:157} INFO - Started process (PID=39509) to work on /Users/asminsadykova/Desktop/h&m/.venv/lib/python3.9/site-packages/airflow/example_dags/example_setup_teardown_taskflow.py
[2025-12-04T23:25:14.886+0600] {processor.py:829} INFO - Processing file /Users/asminsadykova/Desktop/h&m/.venv/lib/python3.9/site-packages/airflow/example_dags/example_setup_teardown_taskflow.py for tasks to queue
[2025-12-04T23:25:14.886+0600] {logging_mixin.py:154} INFO - [2025-12-04T23:25:14.886+0600] {dagbag.py:536} INFO - Filling up the DagBag from /Users/asminsadykova/Desktop/h&m/.venv/lib/python3.9/site-packages/airflow/example_dags/example_setup_teardown_taskflow.py
[2025-12-04T23:25:14.910+0600] {processor.py:839} INFO - DAG(s) dict_keys(['example_setup_teardown_taskflow']) retrieved from /Users/asminsadykova/Desktop/h&m/.venv/lib/python3.9/site-packages/airflow/example_dags/example_setup_teardown_taskflow.py
[2025-12-04T23:25:14.981+0600] {logging_mixin.py:154} INFO - [2025-12-04T23:25:14.981+0600] {dag.py:2941} INFO - Sync 1 DAGs
[2025-12-04T23:25:14.988+0600] {logging_mixin.py:154} INFO - [2025-12-04T23:25:14.987+0600] {dag.py:3722} INFO - Setting next_dagrun for example_setup_teardown_taskflow to 2025-12-03T17:25:14.987875+00:00, run_after=2025-12-04T17:25:14.987875+00:00
[2025-12-04T23:25:14.995+0600] {processor.py:179} INFO - Processing /Users/asminsadykova/Desktop/h&m/.venv/lib/python3.9/site-packages/airflow/example_dags/example_setup_teardown_taskflow.py took 0.112 seconds
[2025-12-04T23:26:48.948+0600] {processor.py:157} INFO - Started process (PID=39609) to work on /Users/asminsadykova/Desktop/h&m/.venv/lib/python3.9/site-packages/airflow/example_dags/example_setup_teardown_taskflow.py
[2025-12-04T23:26:48.950+0600] {processor.py:829} INFO - Processing file /Users/asminsadykova/Desktop/h&m/.venv/lib/python3.9/site-packages/airflow/example_dags/example_setup_teardown_taskflow.py for tasks to queue
[2025-12-04T23:26:48.950+0600] {logging_mixin.py:154} INFO - [2025-12-04T23:26:48.950+0600] {dagbag.py:536} INFO - Filling up the DagBag from /Users/asminsadykova/Desktop/h&m/.venv/lib/python3.9/site-packages/airflow/example_dags/example_setup_teardown_taskflow.py
[2025-12-04T23:26:48.974+0600] {processor.py:839} INFO - DAG(s) dict_keys(['example_setup_teardown_taskflow']) retrieved from /Users/asminsadykova/Desktop/h&m/.venv/lib/python3.9/site-packages/airflow/example_dags/example_setup_teardown_taskflow.py
[2025-12-04T23:26:49.045+0600] {logging_mixin.py:154} INFO - [2025-12-04T23:26:49.045+0600] {dag.py:2941} INFO - Sync 1 DAGs
[2025-12-04T23:26:49.052+0600] {logging_mixin.py:154} INFO - [2025-12-04T23:26:49.052+0600] {dag.py:3722} INFO - Setting next_dagrun for example_setup_teardown_taskflow to 2025-12-03T17:26:49.052463+00:00, run_after=2025-12-04T17:26:49.052463+00:00
[2025-12-04T23:26:49.061+0600] {processor.py:179} INFO - Processing /Users/asminsadykova/Desktop/h&m/.venv/lib/python3.9/site-packages/airflow/example_dags/example_setup_teardown_taskflow.py took 0.114 seconds
[2025-12-04T23:28:21.183+0600] {processor.py:157} INFO - Started process (PID=39709) to work on /Users/asminsadykova/Desktop/h&m/.venv/lib/python3.9/site-packages/airflow/example_dags/example_setup_teardown_taskflow.py
[2025-12-04T23:28:21.185+0600] {processor.py:829} INFO - Processing file /Users/asminsadykova/Desktop/h&m/.venv/lib/python3.9/site-packages/airflow/example_dags/example_setup_teardown_taskflow.py for tasks to queue
[2025-12-04T23:28:21.185+0600] {logging_mixin.py:154} INFO - [2025-12-04T23:28:21.185+0600] {dagbag.py:536} INFO - Filling up the DagBag from /Users/asminsadykova/Desktop/h&m/.venv/lib/python3.9/site-packages/airflow/example_dags/example_setup_teardown_taskflow.py
[2025-12-04T23:28:21.211+0600] {processor.py:839} INFO - DAG(s) dict_keys(['example_setup_teardown_taskflow']) retrieved from /Users/asminsadykova/Desktop/h&m/.venv/lib/python3.9/site-packages/airflow/example_dags/example_setup_teardown_taskflow.py
[2025-12-04T23:28:21.287+0600] {logging_mixin.py:154} INFO - [2025-12-04T23:28:21.287+0600] {dag.py:2941} INFO - Sync 1 DAGs
[2025-12-04T23:28:21.297+0600] {logging_mixin.py:154} INFO - [2025-12-04T23:28:21.297+0600] {dag.py:3722} INFO - Setting next_dagrun for example_setup_teardown_taskflow to 2025-12-03T17:28:21.297198+00:00, run_after=2025-12-04T17:28:21.297198+00:00
[2025-12-04T23:28:21.306+0600] {processor.py:179} INFO - Processing /Users/asminsadykova/Desktop/h&m/.venv/lib/python3.9/site-packages/airflow/example_dags/example_setup_teardown_taskflow.py took 0.123 seconds
[2025-12-04T23:29:45.218+0600] {processor.py:157} INFO - Started process (PID=39782) to work on /Users/asminsadykova/Desktop/h&m/.venv/lib/python3.9/site-packages/airflow/example_dags/example_setup_teardown_taskflow.py
[2025-12-04T23:29:45.220+0600] {processor.py:829} INFO - Processing file /Users/asminsadykova/Desktop/h&m/.venv/lib/python3.9/site-packages/airflow/example_dags/example_setup_teardown_taskflow.py for tasks to queue
[2025-12-04T23:29:45.220+0600] {logging_mixin.py:154} INFO - [2025-12-04T23:29:45.220+0600] {dagbag.py:536} INFO - Filling up the DagBag from /Users/asminsadykova/Desktop/h&m/.venv/lib/python3.9/site-packages/airflow/example_dags/example_setup_teardown_taskflow.py
[2025-12-04T23:29:45.246+0600] {processor.py:839} INFO - DAG(s) dict_keys(['example_setup_teardown_taskflow']) retrieved from /Users/asminsadykova/Desktop/h&m/.venv/lib/python3.9/site-packages/airflow/example_dags/example_setup_teardown_taskflow.py
[2025-12-04T23:29:45.312+0600] {logging_mixin.py:154} INFO - [2025-12-04T23:29:45.312+0600] {dag.py:2941} INFO - Sync 1 DAGs
[2025-12-04T23:29:45.319+0600] {logging_mixin.py:154} INFO - [2025-12-04T23:29:45.319+0600] {dag.py:3722} INFO - Setting next_dagrun for example_setup_teardown_taskflow to 2025-12-03T17:29:45.319107+00:00, run_after=2025-12-04T17:29:45.319107+00:00
[2025-12-04T23:29:45.326+0600] {processor.py:179} INFO - Processing /Users/asminsadykova/Desktop/h&m/.venv/lib/python3.9/site-packages/airflow/example_dags/example_setup_teardown_taskflow.py took 0.109 seconds
[2025-12-04T23:31:05.986+0600] {processor.py:157} INFO - Started process (PID=39849) to work on /Users/asminsadykova/Desktop/h&m/.venv/lib/python3.9/site-packages/airflow/example_dags/example_setup_teardown_taskflow.py
[2025-12-04T23:31:05.988+0600] {processor.py:829} INFO - Processing file /Users/asminsadykova/Desktop/h&m/.venv/lib/python3.9/site-packages/airflow/example_dags/example_setup_teardown_taskflow.py for tasks to queue
[2025-12-04T23:31:05.988+0600] {logging_mixin.py:154} INFO - [2025-12-04T23:31:05.988+0600] {dagbag.py:536} INFO - Filling up the DagBag from /Users/asminsadykova/Desktop/h&m/.venv/lib/python3.9/site-packages/airflow/example_dags/example_setup_teardown_taskflow.py
[2025-12-04T23:31:06.011+0600] {processor.py:839} INFO - DAG(s) dict_keys(['example_setup_teardown_taskflow']) retrieved from /Users/asminsadykova/Desktop/h&m/.venv/lib/python3.9/site-packages/airflow/example_dags/example_setup_teardown_taskflow.py
[2025-12-04T23:31:06.078+0600] {logging_mixin.py:154} INFO - [2025-12-04T23:31:06.077+0600] {dag.py:2941} INFO - Sync 1 DAGs
[2025-12-04T23:31:06.084+0600] {logging_mixin.py:154} INFO - [2025-12-04T23:31:06.084+0600] {dag.py:3722} INFO - Setting next_dagrun for example_setup_teardown_taskflow to 2025-12-03T17:31:06.084613+00:00, run_after=2025-12-04T17:31:06.084613+00:00
[2025-12-04T23:31:06.092+0600] {processor.py:179} INFO - Processing /Users/asminsadykova/Desktop/h&m/.venv/lib/python3.9/site-packages/airflow/example_dags/example_setup_teardown_taskflow.py took 0.106 seconds
[2025-12-04T23:32:34.988+0600] {processor.py:157} INFO - Started process (PID=40065) to work on /Users/asminsadykova/Desktop/h&m/.venv/lib/python3.9/site-packages/airflow/example_dags/example_setup_teardown_taskflow.py
[2025-12-04T23:32:34.990+0600] {processor.py:829} INFO - Processing file /Users/asminsadykova/Desktop/h&m/.venv/lib/python3.9/site-packages/airflow/example_dags/example_setup_teardown_taskflow.py for tasks to queue
[2025-12-04T23:32:34.990+0600] {logging_mixin.py:154} INFO - [2025-12-04T23:32:34.990+0600] {dagbag.py:536} INFO - Filling up the DagBag from /Users/asminsadykova/Desktop/h&m/.venv/lib/python3.9/site-packages/airflow/example_dags/example_setup_teardown_taskflow.py
[2025-12-04T23:32:35.013+0600] {processor.py:839} INFO - DAG(s) dict_keys(['example_setup_teardown_taskflow']) retrieved from /Users/asminsadykova/Desktop/h&m/.venv/lib/python3.9/site-packages/airflow/example_dags/example_setup_teardown_taskflow.py
[2025-12-04T23:32:35.081+0600] {logging_mixin.py:154} INFO - [2025-12-04T23:32:35.081+0600] {dag.py:2941} INFO - Sync 1 DAGs
[2025-12-04T23:32:35.088+0600] {logging_mixin.py:154} INFO - [2025-12-04T23:32:35.088+0600] {dag.py:3722} INFO - Setting next_dagrun for example_setup_teardown_taskflow to 2025-12-03T17:32:35.088023+00:00, run_after=2025-12-04T17:32:35.088023+00:00
[2025-12-04T23:32:35.097+0600] {processor.py:179} INFO - Processing /Users/asminsadykova/Desktop/h&m/.venv/lib/python3.9/site-packages/airflow/example_dags/example_setup_teardown_taskflow.py took 0.109 seconds
[2025-12-04T23:33:57.259+0600] {processor.py:157} INFO - Started process (PID=40145) to work on /Users/asminsadykova/Desktop/h&m/.venv/lib/python3.9/site-packages/airflow/example_dags/example_setup_teardown_taskflow.py
[2025-12-04T23:33:57.260+0600] {processor.py:829} INFO - Processing file /Users/asminsadykova/Desktop/h&m/.venv/lib/python3.9/site-packages/airflow/example_dags/example_setup_teardown_taskflow.py for tasks to queue
[2025-12-04T23:33:57.260+0600] {logging_mixin.py:154} INFO - [2025-12-04T23:33:57.260+0600] {dagbag.py:536} INFO - Filling up the DagBag from /Users/asminsadykova/Desktop/h&m/.venv/lib/python3.9/site-packages/airflow/example_dags/example_setup_teardown_taskflow.py
[2025-12-04T23:33:57.284+0600] {processor.py:839} INFO - DAG(s) dict_keys(['example_setup_teardown_taskflow']) retrieved from /Users/asminsadykova/Desktop/h&m/.venv/lib/python3.9/site-packages/airflow/example_dags/example_setup_teardown_taskflow.py
[2025-12-04T23:33:57.351+0600] {logging_mixin.py:154} INFO - [2025-12-04T23:33:57.351+0600] {dag.py:2941} INFO - Sync 1 DAGs
[2025-12-04T23:33:57.358+0600] {logging_mixin.py:154} INFO - [2025-12-04T23:33:57.358+0600] {dag.py:3722} INFO - Setting next_dagrun for example_setup_teardown_taskflow to 2025-12-03T17:33:57.358387+00:00, run_after=2025-12-04T17:33:57.358387+00:00
[2025-12-04T23:33:57.366+0600] {processor.py:179} INFO - Processing /Users/asminsadykova/Desktop/h&m/.venv/lib/python3.9/site-packages/airflow/example_dags/example_setup_teardown_taskflow.py took 0.107 seconds
[2025-12-04T23:35:31.189+0600] {processor.py:157} INFO - Started process (PID=40237) to work on /Users/asminsadykova/Desktop/h&m/.venv/lib/python3.9/site-packages/airflow/example_dags/example_setup_teardown_taskflow.py
[2025-12-04T23:35:31.189+0600] {processor.py:829} INFO - Processing file /Users/asminsadykova/Desktop/h&m/.venv/lib/python3.9/site-packages/airflow/example_dags/example_setup_teardown_taskflow.py for tasks to queue
[2025-12-04T23:35:31.190+0600] {logging_mixin.py:154} INFO - [2025-12-04T23:35:31.190+0600] {dagbag.py:536} INFO - Filling up the DagBag from /Users/asminsadykova/Desktop/h&m/.venv/lib/python3.9/site-packages/airflow/example_dags/example_setup_teardown_taskflow.py
[2025-12-04T23:35:31.215+0600] {processor.py:839} INFO - DAG(s) dict_keys(['example_setup_teardown_taskflow']) retrieved from /Users/asminsadykova/Desktop/h&m/.venv/lib/python3.9/site-packages/airflow/example_dags/example_setup_teardown_taskflow.py
[2025-12-04T23:35:31.285+0600] {logging_mixin.py:154} INFO - [2025-12-04T23:35:31.285+0600] {dag.py:2941} INFO - Sync 1 DAGs
[2025-12-04T23:35:31.292+0600] {logging_mixin.py:154} INFO - [2025-12-04T23:35:31.292+0600] {dag.py:3722} INFO - Setting next_dagrun for example_setup_teardown_taskflow to 2025-12-03T17:35:31.292335+00:00, run_after=2025-12-04T17:35:31.292335+00:00
[2025-12-04T23:35:31.301+0600] {processor.py:179} INFO - Processing /Users/asminsadykova/Desktop/h&m/.venv/lib/python3.9/site-packages/airflow/example_dags/example_setup_teardown_taskflow.py took 0.113 seconds
[2025-12-04T23:37:07.220+0600] {processor.py:157} INFO - Started process (PID=40318) to work on /Users/asminsadykova/Desktop/h&m/.venv/lib/python3.9/site-packages/airflow/example_dags/example_setup_teardown_taskflow.py
[2025-12-04T23:37:07.221+0600] {processor.py:829} INFO - Processing file /Users/asminsadykova/Desktop/h&m/.venv/lib/python3.9/site-packages/airflow/example_dags/example_setup_teardown_taskflow.py for tasks to queue
[2025-12-04T23:37:07.222+0600] {logging_mixin.py:154} INFO - [2025-12-04T23:37:07.222+0600] {dagbag.py:536} INFO - Filling up the DagBag from /Users/asminsadykova/Desktop/h&m/.venv/lib/python3.9/site-packages/airflow/example_dags/example_setup_teardown_taskflow.py
[2025-12-04T23:37:07.249+0600] {processor.py:839} INFO - DAG(s) dict_keys(['example_setup_teardown_taskflow']) retrieved from /Users/asminsadykova/Desktop/h&m/.venv/lib/python3.9/site-packages/airflow/example_dags/example_setup_teardown_taskflow.py
[2025-12-04T23:37:07.323+0600] {logging_mixin.py:154} INFO - [2025-12-04T23:37:07.323+0600] {dag.py:2941} INFO - Sync 1 DAGs
[2025-12-04T23:37:07.330+0600] {logging_mixin.py:154} INFO - [2025-12-04T23:37:07.330+0600] {dag.py:3722} INFO - Setting next_dagrun for example_setup_teardown_taskflow to 2025-12-03T17:37:07.330748+00:00, run_after=2025-12-04T17:37:07.330748+00:00
[2025-12-04T23:37:07.339+0600] {processor.py:179} INFO - Processing /Users/asminsadykova/Desktop/h&m/.venv/lib/python3.9/site-packages/airflow/example_dags/example_setup_teardown_taskflow.py took 0.119 seconds
[2025-12-04T23:38:40.221+0600] {processor.py:157} INFO - Started process (PID=40412) to work on /Users/asminsadykova/Desktop/h&m/.venv/lib/python3.9/site-packages/airflow/example_dags/example_setup_teardown_taskflow.py
[2025-12-04T23:38:40.223+0600] {processor.py:829} INFO - Processing file /Users/asminsadykova/Desktop/h&m/.venv/lib/python3.9/site-packages/airflow/example_dags/example_setup_teardown_taskflow.py for tasks to queue
[2025-12-04T23:38:40.223+0600] {logging_mixin.py:154} INFO - [2025-12-04T23:38:40.223+0600] {dagbag.py:536} INFO - Filling up the DagBag from /Users/asminsadykova/Desktop/h&m/.venv/lib/python3.9/site-packages/airflow/example_dags/example_setup_teardown_taskflow.py
[2025-12-04T23:38:40.249+0600] {processor.py:839} INFO - DAG(s) dict_keys(['example_setup_teardown_taskflow']) retrieved from /Users/asminsadykova/Desktop/h&m/.venv/lib/python3.9/site-packages/airflow/example_dags/example_setup_teardown_taskflow.py
[2025-12-04T23:38:40.328+0600] {logging_mixin.py:154} INFO - [2025-12-04T23:38:40.328+0600] {dag.py:2941} INFO - Sync 1 DAGs
[2025-12-04T23:38:40.335+0600] {logging_mixin.py:154} INFO - [2025-12-04T23:38:40.335+0600] {dag.py:3722} INFO - Setting next_dagrun for example_setup_teardown_taskflow to 2025-12-03T17:38:40.335303+00:00, run_after=2025-12-04T17:38:40.335303+00:00
[2025-12-04T23:38:40.344+0600] {processor.py:179} INFO - Processing /Users/asminsadykova/Desktop/h&m/.venv/lib/python3.9/site-packages/airflow/example_dags/example_setup_teardown_taskflow.py took 0.124 seconds
[2025-12-04T23:40:12.898+0600] {processor.py:157} INFO - Started process (PID=40499) to work on /Users/asminsadykova/Desktop/h&m/.venv/lib/python3.9/site-packages/airflow/example_dags/example_setup_teardown_taskflow.py
[2025-12-04T23:40:12.900+0600] {processor.py:829} INFO - Processing file /Users/asminsadykova/Desktop/h&m/.venv/lib/python3.9/site-packages/airflow/example_dags/example_setup_teardown_taskflow.py for tasks to queue
[2025-12-04T23:40:12.900+0600] {logging_mixin.py:154} INFO - [2025-12-04T23:40:12.900+0600] {dagbag.py:536} INFO - Filling up the DagBag from /Users/asminsadykova/Desktop/h&m/.venv/lib/python3.9/site-packages/airflow/example_dags/example_setup_teardown_taskflow.py
[2025-12-04T23:40:12.928+0600] {processor.py:839} INFO - DAG(s) dict_keys(['example_setup_teardown_taskflow']) retrieved from /Users/asminsadykova/Desktop/h&m/.venv/lib/python3.9/site-packages/airflow/example_dags/example_setup_teardown_taskflow.py
[2025-12-04T23:40:13.025+0600] {logging_mixin.py:154} INFO - [2025-12-04T23:40:13.025+0600] {dag.py:2941} INFO - Sync 1 DAGs
[2025-12-04T23:40:13.034+0600] {logging_mixin.py:154} INFO - [2025-12-04T23:40:13.034+0600] {dag.py:3722} INFO - Setting next_dagrun for example_setup_teardown_taskflow to 2025-12-03T17:40:13.034549+00:00, run_after=2025-12-04T17:40:13.034549+00:00
[2025-12-04T23:40:13.044+0600] {processor.py:179} INFO - Processing /Users/asminsadykova/Desktop/h&m/.venv/lib/python3.9/site-packages/airflow/example_dags/example_setup_teardown_taskflow.py took 0.147 seconds
[2025-12-04T23:41:47.623+0600] {processor.py:157} INFO - Started process (PID=40627) to work on /Users/asminsadykova/Desktop/h&m/.venv/lib/python3.9/site-packages/airflow/example_dags/example_setup_teardown_taskflow.py
[2025-12-04T23:41:47.625+0600] {processor.py:829} INFO - Processing file /Users/asminsadykova/Desktop/h&m/.venv/lib/python3.9/site-packages/airflow/example_dags/example_setup_teardown_taskflow.py for tasks to queue
[2025-12-04T23:41:47.625+0600] {logging_mixin.py:154} INFO - [2025-12-04T23:41:47.625+0600] {dagbag.py:536} INFO - Filling up the DagBag from /Users/asminsadykova/Desktop/h&m/.venv/lib/python3.9/site-packages/airflow/example_dags/example_setup_teardown_taskflow.py
[2025-12-04T23:41:47.649+0600] {processor.py:839} INFO - DAG(s) dict_keys(['example_setup_teardown_taskflow']) retrieved from /Users/asminsadykova/Desktop/h&m/.venv/lib/python3.9/site-packages/airflow/example_dags/example_setup_teardown_taskflow.py
[2025-12-04T23:41:47.717+0600] {logging_mixin.py:154} INFO - [2025-12-04T23:41:47.717+0600] {dag.py:2941} INFO - Sync 1 DAGs
[2025-12-04T23:41:47.724+0600] {logging_mixin.py:154} INFO - [2025-12-04T23:41:47.724+0600] {dag.py:3722} INFO - Setting next_dagrun for example_setup_teardown_taskflow to 2025-12-03T17:41:47.724156+00:00, run_after=2025-12-04T17:41:47.724156+00:00
[2025-12-04T23:41:47.732+0600] {processor.py:179} INFO - Processing /Users/asminsadykova/Desktop/h&m/.venv/lib/python3.9/site-packages/airflow/example_dags/example_setup_teardown_taskflow.py took 0.109 seconds
[2025-12-04T23:43:17.910+0600] {processor.py:157} INFO - Started process (PID=40746) to work on /Users/asminsadykova/Desktop/h&m/.venv/lib/python3.9/site-packages/airflow/example_dags/example_setup_teardown_taskflow.py
[2025-12-04T23:43:17.911+0600] {processor.py:829} INFO - Processing file /Users/asminsadykova/Desktop/h&m/.venv/lib/python3.9/site-packages/airflow/example_dags/example_setup_teardown_taskflow.py for tasks to queue
[2025-12-04T23:43:17.911+0600] {logging_mixin.py:154} INFO - [2025-12-04T23:43:17.911+0600] {dagbag.py:536} INFO - Filling up the DagBag from /Users/asminsadykova/Desktop/h&m/.venv/lib/python3.9/site-packages/airflow/example_dags/example_setup_teardown_taskflow.py
[2025-12-04T23:43:17.935+0600] {processor.py:839} INFO - DAG(s) dict_keys(['example_setup_teardown_taskflow']) retrieved from /Users/asminsadykova/Desktop/h&m/.venv/lib/python3.9/site-packages/airflow/example_dags/example_setup_teardown_taskflow.py
[2025-12-04T23:43:18.007+0600] {logging_mixin.py:154} INFO - [2025-12-04T23:43:18.007+0600] {dag.py:2941} INFO - Sync 1 DAGs
[2025-12-04T23:43:18.013+0600] {logging_mixin.py:154} INFO - [2025-12-04T23:43:18.013+0600] {dag.py:3722} INFO - Setting next_dagrun for example_setup_teardown_taskflow to 2025-12-03T17:43:18.013706+00:00, run_after=2025-12-04T17:43:18.013706+00:00
[2025-12-04T23:43:18.023+0600] {processor.py:179} INFO - Processing /Users/asminsadykova/Desktop/h&m/.venv/lib/python3.9/site-packages/airflow/example_dags/example_setup_teardown_taskflow.py took 0.114 seconds
[2025-12-04T23:44:54.682+0600] {processor.py:157} INFO - Started process (PID=41055) to work on /Users/asminsadykova/Desktop/h&m/.venv/lib/python3.9/site-packages/airflow/example_dags/example_setup_teardown_taskflow.py
[2025-12-04T23:44:54.684+0600] {processor.py:829} INFO - Processing file /Users/asminsadykova/Desktop/h&m/.venv/lib/python3.9/site-packages/airflow/example_dags/example_setup_teardown_taskflow.py for tasks to queue
[2025-12-04T23:44:54.684+0600] {logging_mixin.py:154} INFO - [2025-12-04T23:44:54.684+0600] {dagbag.py:536} INFO - Filling up the DagBag from /Users/asminsadykova/Desktop/h&m/.venv/lib/python3.9/site-packages/airflow/example_dags/example_setup_teardown_taskflow.py
[2025-12-04T23:44:54.709+0600] {processor.py:839} INFO - DAG(s) dict_keys(['example_setup_teardown_taskflow']) retrieved from /Users/asminsadykova/Desktop/h&m/.venv/lib/python3.9/site-packages/airflow/example_dags/example_setup_teardown_taskflow.py
[2025-12-04T23:44:54.778+0600] {logging_mixin.py:154} INFO - [2025-12-04T23:44:54.778+0600] {dag.py:2941} INFO - Sync 1 DAGs
[2025-12-04T23:44:54.785+0600] {logging_mixin.py:154} INFO - [2025-12-04T23:44:54.785+0600] {dag.py:3722} INFO - Setting next_dagrun for example_setup_teardown_taskflow to 2025-12-03T17:44:54.785586+00:00, run_after=2025-12-04T17:44:54.785586+00:00
[2025-12-04T23:44:54.793+0600] {processor.py:179} INFO - Processing /Users/asminsadykova/Desktop/h&m/.venv/lib/python3.9/site-packages/airflow/example_dags/example_setup_teardown_taskflow.py took 0.112 seconds
[2025-12-04T23:46:30.780+0600] {processor.py:157} INFO - Started process (PID=41374) to work on /Users/asminsadykova/Desktop/h&m/.venv/lib/python3.9/site-packages/airflow/example_dags/example_setup_teardown_taskflow.py
[2025-12-04T23:46:30.782+0600] {processor.py:829} INFO - Processing file /Users/asminsadykova/Desktop/h&m/.venv/lib/python3.9/site-packages/airflow/example_dags/example_setup_teardown_taskflow.py for tasks to queue
[2025-12-04T23:46:30.782+0600] {logging_mixin.py:154} INFO - [2025-12-04T23:46:30.782+0600] {dagbag.py:536} INFO - Filling up the DagBag from /Users/asminsadykova/Desktop/h&m/.venv/lib/python3.9/site-packages/airflow/example_dags/example_setup_teardown_taskflow.py
[2025-12-04T23:46:30.807+0600] {processor.py:839} INFO - DAG(s) dict_keys(['example_setup_teardown_taskflow']) retrieved from /Users/asminsadykova/Desktop/h&m/.venv/lib/python3.9/site-packages/airflow/example_dags/example_setup_teardown_taskflow.py
[2025-12-04T23:46:30.879+0600] {logging_mixin.py:154} INFO - [2025-12-04T23:46:30.879+0600] {dag.py:2941} INFO - Sync 1 DAGs
[2025-12-04T23:46:30.886+0600] {logging_mixin.py:154} INFO - [2025-12-04T23:46:30.886+0600] {dag.py:3722} INFO - Setting next_dagrun for example_setup_teardown_taskflow to 2025-12-03T17:46:30.886271+00:00, run_after=2025-12-04T17:46:30.886271+00:00
[2025-12-04T23:46:30.894+0600] {processor.py:179} INFO - Processing /Users/asminsadykova/Desktop/h&m/.venv/lib/python3.9/site-packages/airflow/example_dags/example_setup_teardown_taskflow.py took 0.115 seconds
[2025-12-04T23:47:58.236+0600] {processor.py:157} INFO - Started process (PID=41611) to work on /Users/asminsadykova/Desktop/h&m/.venv/lib/python3.9/site-packages/airflow/example_dags/example_setup_teardown_taskflow.py
[2025-12-04T23:47:58.238+0600] {processor.py:829} INFO - Processing file /Users/asminsadykova/Desktop/h&m/.venv/lib/python3.9/site-packages/airflow/example_dags/example_setup_teardown_taskflow.py for tasks to queue
[2025-12-04T23:47:58.239+0600] {logging_mixin.py:154} INFO - [2025-12-04T23:47:58.239+0600] {dagbag.py:536} INFO - Filling up the DagBag from /Users/asminsadykova/Desktop/h&m/.venv/lib/python3.9/site-packages/airflow/example_dags/example_setup_teardown_taskflow.py
[2025-12-04T23:47:58.263+0600] {processor.py:839} INFO - DAG(s) dict_keys(['example_setup_teardown_taskflow']) retrieved from /Users/asminsadykova/Desktop/h&m/.venv/lib/python3.9/site-packages/airflow/example_dags/example_setup_teardown_taskflow.py
[2025-12-04T23:47:58.332+0600] {logging_mixin.py:154} INFO - [2025-12-04T23:47:58.332+0600] {dag.py:2941} INFO - Sync 1 DAGs
[2025-12-04T23:47:58.341+0600] {logging_mixin.py:154} INFO - [2025-12-04T23:47:58.341+0600] {dag.py:3722} INFO - Setting next_dagrun for example_setup_teardown_taskflow to 2025-12-03T17:47:58.340954+00:00, run_after=2025-12-04T17:47:58.340954+00:00
[2025-12-04T23:47:58.349+0600] {processor.py:179} INFO - Processing /Users/asminsadykova/Desktop/h&m/.venv/lib/python3.9/site-packages/airflow/example_dags/example_setup_teardown_taskflow.py took 0.114 seconds
[2025-12-04T23:49:26.611+0600] {processor.py:157} INFO - Started process (PID=41714) to work on /Users/asminsadykova/Desktop/h&m/.venv/lib/python3.9/site-packages/airflow/example_dags/example_setup_teardown_taskflow.py
[2025-12-04T23:49:26.613+0600] {processor.py:829} INFO - Processing file /Users/asminsadykova/Desktop/h&m/.venv/lib/python3.9/site-packages/airflow/example_dags/example_setup_teardown_taskflow.py for tasks to queue
[2025-12-04T23:49:26.613+0600] {logging_mixin.py:154} INFO - [2025-12-04T23:49:26.613+0600] {dagbag.py:536} INFO - Filling up the DagBag from /Users/asminsadykova/Desktop/h&m/.venv/lib/python3.9/site-packages/airflow/example_dags/example_setup_teardown_taskflow.py
[2025-12-04T23:49:26.637+0600] {processor.py:839} INFO - DAG(s) dict_keys(['example_setup_teardown_taskflow']) retrieved from /Users/asminsadykova/Desktop/h&m/.venv/lib/python3.9/site-packages/airflow/example_dags/example_setup_teardown_taskflow.py
[2025-12-04T23:49:26.709+0600] {logging_mixin.py:154} INFO - [2025-12-04T23:49:26.708+0600] {dag.py:2941} INFO - Sync 1 DAGs
[2025-12-04T23:49:26.716+0600] {logging_mixin.py:154} INFO - [2025-12-04T23:49:26.715+0600] {dag.py:3722} INFO - Setting next_dagrun for example_setup_teardown_taskflow to 2025-12-03T17:49:26.715865+00:00, run_after=2025-12-04T17:49:26.715865+00:00
[2025-12-04T23:49:26.723+0600] {processor.py:179} INFO - Processing /Users/asminsadykova/Desktop/h&m/.venv/lib/python3.9/site-packages/airflow/example_dags/example_setup_teardown_taskflow.py took 0.113 seconds
[2025-12-04T23:51:07.416+0600] {processor.py:157} INFO - Started process (PID=41907) to work on /Users/asminsadykova/Desktop/h&m/.venv/lib/python3.9/site-packages/airflow/example_dags/example_setup_teardown_taskflow.py
[2025-12-04T23:51:07.418+0600] {processor.py:829} INFO - Processing file /Users/asminsadykova/Desktop/h&m/.venv/lib/python3.9/site-packages/airflow/example_dags/example_setup_teardown_taskflow.py for tasks to queue
[2025-12-04T23:51:07.418+0600] {logging_mixin.py:154} INFO - [2025-12-04T23:51:07.418+0600] {dagbag.py:536} INFO - Filling up the DagBag from /Users/asminsadykova/Desktop/h&m/.venv/lib/python3.9/site-packages/airflow/example_dags/example_setup_teardown_taskflow.py
[2025-12-04T23:51:07.442+0600] {processor.py:839} INFO - DAG(s) dict_keys(['example_setup_teardown_taskflow']) retrieved from /Users/asminsadykova/Desktop/h&m/.venv/lib/python3.9/site-packages/airflow/example_dags/example_setup_teardown_taskflow.py
[2025-12-04T23:51:07.512+0600] {logging_mixin.py:154} INFO - [2025-12-04T23:51:07.512+0600] {dag.py:2941} INFO - Sync 1 DAGs
[2025-12-04T23:51:07.519+0600] {logging_mixin.py:154} INFO - [2025-12-04T23:51:07.519+0600] {dag.py:3722} INFO - Setting next_dagrun for example_setup_teardown_taskflow to 2025-12-03T17:51:07.519357+00:00, run_after=2025-12-04T17:51:07.519357+00:00
[2025-12-04T23:51:07.527+0600] {processor.py:179} INFO - Processing /Users/asminsadykova/Desktop/h&m/.venv/lib/python3.9/site-packages/airflow/example_dags/example_setup_teardown_taskflow.py took 0.111 seconds
[2025-12-04T23:52:40.631+0600] {processor.py:157} INFO - Started process (PID=42074) to work on /Users/asminsadykova/Desktop/h&m/.venv/lib/python3.9/site-packages/airflow/example_dags/example_setup_teardown_taskflow.py
[2025-12-04T23:52:40.631+0600] {processor.py:829} INFO - Processing file /Users/asminsadykova/Desktop/h&m/.venv/lib/python3.9/site-packages/airflow/example_dags/example_setup_teardown_taskflow.py for tasks to queue
[2025-12-04T23:52:40.632+0600] {logging_mixin.py:154} INFO - [2025-12-04T23:52:40.632+0600] {dagbag.py:536} INFO - Filling up the DagBag from /Users/asminsadykova/Desktop/h&m/.venv/lib/python3.9/site-packages/airflow/example_dags/example_setup_teardown_taskflow.py
[2025-12-04T23:52:40.655+0600] {processor.py:839} INFO - DAG(s) dict_keys(['example_setup_teardown_taskflow']) retrieved from /Users/asminsadykova/Desktop/h&m/.venv/lib/python3.9/site-packages/airflow/example_dags/example_setup_teardown_taskflow.py
[2025-12-04T23:52:40.727+0600] {logging_mixin.py:154} INFO - [2025-12-04T23:52:40.727+0600] {dag.py:2941} INFO - Sync 1 DAGs
[2025-12-04T23:52:40.734+0600] {logging_mixin.py:154} INFO - [2025-12-04T23:52:40.733+0600] {dag.py:3722} INFO - Setting next_dagrun for example_setup_teardown_taskflow to 2025-12-03T17:52:40.733903+00:00, run_after=2025-12-04T17:52:40.733903+00:00
[2025-12-04T23:52:40.742+0600] {processor.py:179} INFO - Processing /Users/asminsadykova/Desktop/h&m/.venv/lib/python3.9/site-packages/airflow/example_dags/example_setup_teardown_taskflow.py took 0.112 seconds
[2025-12-04T23:54:15.791+0600] {processor.py:157} INFO - Started process (PID=42171) to work on /Users/asminsadykova/Desktop/h&m/.venv/lib/python3.9/site-packages/airflow/example_dags/example_setup_teardown_taskflow.py
[2025-12-04T23:54:15.792+0600] {processor.py:829} INFO - Processing file /Users/asminsadykova/Desktop/h&m/.venv/lib/python3.9/site-packages/airflow/example_dags/example_setup_teardown_taskflow.py for tasks to queue
[2025-12-04T23:54:15.792+0600] {logging_mixin.py:154} INFO - [2025-12-04T23:54:15.792+0600] {dagbag.py:536} INFO - Filling up the DagBag from /Users/asminsadykova/Desktop/h&m/.venv/lib/python3.9/site-packages/airflow/example_dags/example_setup_teardown_taskflow.py
[2025-12-04T23:54:15.817+0600] {processor.py:839} INFO - DAG(s) dict_keys(['example_setup_teardown_taskflow']) retrieved from /Users/asminsadykova/Desktop/h&m/.venv/lib/python3.9/site-packages/airflow/example_dags/example_setup_teardown_taskflow.py
[2025-12-04T23:54:15.885+0600] {logging_mixin.py:154} INFO - [2025-12-04T23:54:15.885+0600] {dag.py:2941} INFO - Sync 1 DAGs
[2025-12-04T23:54:15.892+0600] {logging_mixin.py:154} INFO - [2025-12-04T23:54:15.892+0600] {dag.py:3722} INFO - Setting next_dagrun for example_setup_teardown_taskflow to 2025-12-03T17:54:15.892002+00:00, run_after=2025-12-04T17:54:15.892002+00:00
[2025-12-04T23:54:15.901+0600] {processor.py:179} INFO - Processing /Users/asminsadykova/Desktop/h&m/.venv/lib/python3.9/site-packages/airflow/example_dags/example_setup_teardown_taskflow.py took 0.111 seconds
[2025-12-04T23:55:41.514+0600] {processor.py:157} INFO - Started process (PID=42250) to work on /Users/asminsadykova/Desktop/h&m/.venv/lib/python3.9/site-packages/airflow/example_dags/example_setup_teardown_taskflow.py
[2025-12-04T23:55:41.515+0600] {processor.py:829} INFO - Processing file /Users/asminsadykova/Desktop/h&m/.venv/lib/python3.9/site-packages/airflow/example_dags/example_setup_teardown_taskflow.py for tasks to queue
[2025-12-04T23:55:41.515+0600] {logging_mixin.py:154} INFO - [2025-12-04T23:55:41.515+0600] {dagbag.py:536} INFO - Filling up the DagBag from /Users/asminsadykova/Desktop/h&m/.venv/lib/python3.9/site-packages/airflow/example_dags/example_setup_teardown_taskflow.py
[2025-12-04T23:55:41.538+0600] {processor.py:839} INFO - DAG(s) dict_keys(['example_setup_teardown_taskflow']) retrieved from /Users/asminsadykova/Desktop/h&m/.venv/lib/python3.9/site-packages/airflow/example_dags/example_setup_teardown_taskflow.py
[2025-12-04T23:55:41.609+0600] {logging_mixin.py:154} INFO - [2025-12-04T23:55:41.609+0600] {dag.py:2941} INFO - Sync 1 DAGs
[2025-12-04T23:55:41.617+0600] {logging_mixin.py:154} INFO - [2025-12-04T23:55:41.616+0600] {dag.py:3722} INFO - Setting next_dagrun for example_setup_teardown_taskflow to 2025-12-03T17:55:41.616867+00:00, run_after=2025-12-04T17:55:41.616867+00:00
[2025-12-04T23:55:41.625+0600] {processor.py:179} INFO - Processing /Users/asminsadykova/Desktop/h&m/.venv/lib/python3.9/site-packages/airflow/example_dags/example_setup_teardown_taskflow.py took 0.112 seconds
[2025-12-04T23:57:13.175+0600] {processor.py:157} INFO - Started process (PID=42323) to work on /Users/asminsadykova/Desktop/h&m/.venv/lib/python3.9/site-packages/airflow/example_dags/example_setup_teardown_taskflow.py
[2025-12-04T23:57:13.177+0600] {processor.py:829} INFO - Processing file /Users/asminsadykova/Desktop/h&m/.venv/lib/python3.9/site-packages/airflow/example_dags/example_setup_teardown_taskflow.py for tasks to queue
[2025-12-04T23:57:13.177+0600] {logging_mixin.py:154} INFO - [2025-12-04T23:57:13.177+0600] {dagbag.py:536} INFO - Filling up the DagBag from /Users/asminsadykova/Desktop/h&m/.venv/lib/python3.9/site-packages/airflow/example_dags/example_setup_teardown_taskflow.py
[2025-12-04T23:57:13.200+0600] {processor.py:839} INFO - DAG(s) dict_keys(['example_setup_teardown_taskflow']) retrieved from /Users/asminsadykova/Desktop/h&m/.venv/lib/python3.9/site-packages/airflow/example_dags/example_setup_teardown_taskflow.py
[2025-12-04T23:57:13.277+0600] {logging_mixin.py:154} INFO - [2025-12-04T23:57:13.277+0600] {dag.py:2941} INFO - Sync 1 DAGs
[2025-12-04T23:57:13.285+0600] {logging_mixin.py:154} INFO - [2025-12-04T23:57:13.284+0600] {dag.py:3722} INFO - Setting next_dagrun for example_setup_teardown_taskflow to 2025-12-03T17:57:13.284867+00:00, run_after=2025-12-04T17:57:13.284867+00:00
[2025-12-04T23:57:13.293+0600] {processor.py:179} INFO - Processing /Users/asminsadykova/Desktop/h&m/.venv/lib/python3.9/site-packages/airflow/example_dags/example_setup_teardown_taskflow.py took 0.119 seconds
[2025-12-04T23:58:38.484+0600] {processor.py:157} INFO - Started process (PID=42406) to work on /Users/asminsadykova/Desktop/h&m/.venv/lib/python3.9/site-packages/airflow/example_dags/example_setup_teardown_taskflow.py
[2025-12-04T23:58:38.485+0600] {processor.py:829} INFO - Processing file /Users/asminsadykova/Desktop/h&m/.venv/lib/python3.9/site-packages/airflow/example_dags/example_setup_teardown_taskflow.py for tasks to queue
[2025-12-04T23:58:38.485+0600] {logging_mixin.py:154} INFO - [2025-12-04T23:58:38.485+0600] {dagbag.py:536} INFO - Filling up the DagBag from /Users/asminsadykova/Desktop/h&m/.venv/lib/python3.9/site-packages/airflow/example_dags/example_setup_teardown_taskflow.py
[2025-12-04T23:58:38.508+0600] {processor.py:839} INFO - DAG(s) dict_keys(['example_setup_teardown_taskflow']) retrieved from /Users/asminsadykova/Desktop/h&m/.venv/lib/python3.9/site-packages/airflow/example_dags/example_setup_teardown_taskflow.py
[2025-12-04T23:58:38.576+0600] {logging_mixin.py:154} INFO - [2025-12-04T23:58:38.576+0600] {dag.py:2941} INFO - Sync 1 DAGs
[2025-12-04T23:58:38.583+0600] {logging_mixin.py:154} INFO - [2025-12-04T23:58:38.583+0600] {dag.py:3722} INFO - Setting next_dagrun for example_setup_teardown_taskflow to 2025-12-03T17:58:38.583459+00:00, run_after=2025-12-04T17:58:38.583459+00:00
[2025-12-04T23:58:38.591+0600] {processor.py:179} INFO - Processing /Users/asminsadykova/Desktop/h&m/.venv/lib/python3.9/site-packages/airflow/example_dags/example_setup_teardown_taskflow.py took 0.108 seconds
[2025-12-05T00:00:09.544+0600] {processor.py:157} INFO - Started process (PID=42657) to work on /Users/asminsadykova/Desktop/h&m/.venv/lib/python3.9/site-packages/airflow/example_dags/example_setup_teardown_taskflow.py
[2025-12-05T00:00:09.546+0600] {processor.py:829} INFO - Processing file /Users/asminsadykova/Desktop/h&m/.venv/lib/python3.9/site-packages/airflow/example_dags/example_setup_teardown_taskflow.py for tasks to queue
[2025-12-05T00:00:09.546+0600] {logging_mixin.py:154} INFO - [2025-12-05T00:00:09.546+0600] {dagbag.py:536} INFO - Filling up the DagBag from /Users/asminsadykova/Desktop/h&m/.venv/lib/python3.9/site-packages/airflow/example_dags/example_setup_teardown_taskflow.py
[2025-12-05T00:00:09.568+0600] {processor.py:839} INFO - DAG(s) dict_keys(['example_setup_teardown_taskflow']) retrieved from /Users/asminsadykova/Desktop/h&m/.venv/lib/python3.9/site-packages/airflow/example_dags/example_setup_teardown_taskflow.py
[2025-12-05T00:00:09.636+0600] {logging_mixin.py:154} INFO - [2025-12-05T00:00:09.636+0600] {dag.py:2941} INFO - Sync 1 DAGs
[2025-12-05T00:00:09.643+0600] {logging_mixin.py:154} INFO - [2025-12-05T00:00:09.643+0600] {dag.py:3722} INFO - Setting next_dagrun for example_setup_teardown_taskflow to 2025-12-03T18:00:09.642930+00:00, run_after=2025-12-04T18:00:09.642930+00:00
[2025-12-05T00:00:09.650+0600] {processor.py:179} INFO - Processing /Users/asminsadykova/Desktop/h&m/.venv/lib/python3.9/site-packages/airflow/example_dags/example_setup_teardown_taskflow.py took 0.106 seconds
[2025-12-05T00:01:44.577+0600] {processor.py:157} INFO - Started process (PID=42889) to work on /Users/asminsadykova/Desktop/h&m/.venv/lib/python3.9/site-packages/airflow/example_dags/example_setup_teardown_taskflow.py
[2025-12-05T00:01:44.579+0600] {processor.py:829} INFO - Processing file /Users/asminsadykova/Desktop/h&m/.venv/lib/python3.9/site-packages/airflow/example_dags/example_setup_teardown_taskflow.py for tasks to queue
[2025-12-05T00:01:44.580+0600] {logging_mixin.py:154} INFO - [2025-12-05T00:01:44.580+0600] {dagbag.py:536} INFO - Filling up the DagBag from /Users/asminsadykova/Desktop/h&m/.venv/lib/python3.9/site-packages/airflow/example_dags/example_setup_teardown_taskflow.py
[2025-12-05T00:01:44.603+0600] {processor.py:839} INFO - DAG(s) dict_keys(['example_setup_teardown_taskflow']) retrieved from /Users/asminsadykova/Desktop/h&m/.venv/lib/python3.9/site-packages/airflow/example_dags/example_setup_teardown_taskflow.py
[2025-12-05T00:01:44.674+0600] {logging_mixin.py:154} INFO - [2025-12-05T00:01:44.674+0600] {dag.py:2941} INFO - Sync 1 DAGs
[2025-12-05T00:01:44.681+0600] {logging_mixin.py:154} INFO - [2025-12-05T00:01:44.681+0600] {dag.py:3722} INFO - Setting next_dagrun for example_setup_teardown_taskflow to 2025-12-03T18:01:44.681466+00:00, run_after=2025-12-04T18:01:44.681466+00:00
[2025-12-05T00:01:44.691+0600] {processor.py:179} INFO - Processing /Users/asminsadykova/Desktop/h&m/.venv/lib/python3.9/site-packages/airflow/example_dags/example_setup_teardown_taskflow.py took 0.115 seconds
[2025-12-05T00:03:18.639+0600] {processor.py:157} INFO - Started process (PID=42961) to work on /Users/asminsadykova/Desktop/h&m/.venv/lib/python3.9/site-packages/airflow/example_dags/example_setup_teardown_taskflow.py
[2025-12-05T00:03:18.642+0600] {processor.py:829} INFO - Processing file /Users/asminsadykova/Desktop/h&m/.venv/lib/python3.9/site-packages/airflow/example_dags/example_setup_teardown_taskflow.py for tasks to queue
[2025-12-05T00:03:18.642+0600] {logging_mixin.py:154} INFO - [2025-12-05T00:03:18.642+0600] {dagbag.py:536} INFO - Filling up the DagBag from /Users/asminsadykova/Desktop/h&m/.venv/lib/python3.9/site-packages/airflow/example_dags/example_setup_teardown_taskflow.py
[2025-12-05T00:03:18.665+0600] {processor.py:839} INFO - DAG(s) dict_keys(['example_setup_teardown_taskflow']) retrieved from /Users/asminsadykova/Desktop/h&m/.venv/lib/python3.9/site-packages/airflow/example_dags/example_setup_teardown_taskflow.py
[2025-12-05T00:03:18.732+0600] {logging_mixin.py:154} INFO - [2025-12-05T00:03:18.732+0600] {dag.py:2941} INFO - Sync 1 DAGs
[2025-12-05T00:03:18.739+0600] {logging_mixin.py:154} INFO - [2025-12-05T00:03:18.738+0600] {dag.py:3722} INFO - Setting next_dagrun for example_setup_teardown_taskflow to 2025-12-03T18:03:18.738891+00:00, run_after=2025-12-04T18:03:18.738891+00:00
[2025-12-05T00:03:18.747+0600] {processor.py:179} INFO - Processing /Users/asminsadykova/Desktop/h&m/.venv/lib/python3.9/site-packages/airflow/example_dags/example_setup_teardown_taskflow.py took 0.109 seconds
[2025-12-05T00:04:49.788+0600] {processor.py:157} INFO - Started process (PID=43185) to work on /Users/asminsadykova/Desktop/h&m/.venv/lib/python3.9/site-packages/airflow/example_dags/example_setup_teardown_taskflow.py
[2025-12-05T00:04:49.791+0600] {processor.py:829} INFO - Processing file /Users/asminsadykova/Desktop/h&m/.venv/lib/python3.9/site-packages/airflow/example_dags/example_setup_teardown_taskflow.py for tasks to queue
[2025-12-05T00:04:49.791+0600] {logging_mixin.py:154} INFO - [2025-12-05T00:04:49.791+0600] {dagbag.py:536} INFO - Filling up the DagBag from /Users/asminsadykova/Desktop/h&m/.venv/lib/python3.9/site-packages/airflow/example_dags/example_setup_teardown_taskflow.py
[2025-12-05T00:04:49.825+0600] {processor.py:839} INFO - DAG(s) dict_keys(['example_setup_teardown_taskflow']) retrieved from /Users/asminsadykova/Desktop/h&m/.venv/lib/python3.9/site-packages/airflow/example_dags/example_setup_teardown_taskflow.py
[2025-12-05T00:04:49.989+0600] {logging_mixin.py:154} INFO - [2025-12-05T00:04:49.989+0600] {dag.py:2941} INFO - Sync 1 DAGs
[2025-12-05T00:04:50.019+0600] {logging_mixin.py:154} INFO - [2025-12-05T00:04:50.019+0600] {dag.py:3722} INFO - Setting next_dagrun for example_setup_teardown_taskflow to 2025-12-03T18:04:50.018601+00:00, run_after=2025-12-04T18:04:50.018601+00:00
[2025-12-05T00:04:50.033+0600] {processor.py:179} INFO - Processing /Users/asminsadykova/Desktop/h&m/.venv/lib/python3.9/site-packages/airflow/example_dags/example_setup_teardown_taskflow.py took 0.246 seconds
[2025-12-05T00:06:23.948+0600] {processor.py:157} INFO - Started process (PID=43359) to work on /Users/asminsadykova/Desktop/h&m/.venv/lib/python3.9/site-packages/airflow/example_dags/example_setup_teardown_taskflow.py
[2025-12-05T00:06:23.949+0600] {processor.py:829} INFO - Processing file /Users/asminsadykova/Desktop/h&m/.venv/lib/python3.9/site-packages/airflow/example_dags/example_setup_teardown_taskflow.py for tasks to queue
[2025-12-05T00:06:23.949+0600] {logging_mixin.py:154} INFO - [2025-12-05T00:06:23.949+0600] {dagbag.py:536} INFO - Filling up the DagBag from /Users/asminsadykova/Desktop/h&m/.venv/lib/python3.9/site-packages/airflow/example_dags/example_setup_teardown_taskflow.py
[2025-12-05T00:06:23.973+0600] {processor.py:839} INFO - DAG(s) dict_keys(['example_setup_teardown_taskflow']) retrieved from /Users/asminsadykova/Desktop/h&m/.venv/lib/python3.9/site-packages/airflow/example_dags/example_setup_teardown_taskflow.py
[2025-12-05T00:06:24.040+0600] {logging_mixin.py:154} INFO - [2025-12-05T00:06:24.040+0600] {dag.py:2941} INFO - Sync 1 DAGs
[2025-12-05T00:06:24.047+0600] {logging_mixin.py:154} INFO - [2025-12-05T00:06:24.047+0600] {dag.py:3722} INFO - Setting next_dagrun for example_setup_teardown_taskflow to 2025-12-03T18:06:24.047503+00:00, run_after=2025-12-04T18:06:24.047503+00:00
[2025-12-05T00:06:24.056+0600] {processor.py:179} INFO - Processing /Users/asminsadykova/Desktop/h&m/.venv/lib/python3.9/site-packages/airflow/example_dags/example_setup_teardown_taskflow.py took 0.109 seconds
[2025-12-05T00:07:47.713+0600] {processor.py:157} INFO - Started process (PID=43505) to work on /Users/asminsadykova/Desktop/h&m/.venv/lib/python3.9/site-packages/airflow/example_dags/example_setup_teardown_taskflow.py
[2025-12-05T00:07:47.714+0600] {processor.py:829} INFO - Processing file /Users/asminsadykova/Desktop/h&m/.venv/lib/python3.9/site-packages/airflow/example_dags/example_setup_teardown_taskflow.py for tasks to queue
[2025-12-05T00:07:47.714+0600] {logging_mixin.py:154} INFO - [2025-12-05T00:07:47.714+0600] {dagbag.py:536} INFO - Filling up the DagBag from /Users/asminsadykova/Desktop/h&m/.venv/lib/python3.9/site-packages/airflow/example_dags/example_setup_teardown_taskflow.py
[2025-12-05T00:07:47.740+0600] {processor.py:839} INFO - DAG(s) dict_keys(['example_setup_teardown_taskflow']) retrieved from /Users/asminsadykova/Desktop/h&m/.venv/lib/python3.9/site-packages/airflow/example_dags/example_setup_teardown_taskflow.py
[2025-12-05T00:07:47.817+0600] {logging_mixin.py:154} INFO - [2025-12-05T00:07:47.817+0600] {dag.py:2941} INFO - Sync 1 DAGs
[2025-12-05T00:07:47.824+0600] {logging_mixin.py:154} INFO - [2025-12-05T00:07:47.824+0600] {dag.py:3722} INFO - Setting next_dagrun for example_setup_teardown_taskflow to 2025-12-03T18:07:47.824110+00:00, run_after=2025-12-04T18:07:47.824110+00:00
[2025-12-05T00:07:47.832+0600] {processor.py:179} INFO - Processing /Users/asminsadykova/Desktop/h&m/.venv/lib/python3.9/site-packages/airflow/example_dags/example_setup_teardown_taskflow.py took 0.119 seconds
[2025-12-05T00:09:19.757+0600] {processor.py:157} INFO - Started process (PID=43653) to work on /Users/asminsadykova/Desktop/h&m/.venv/lib/python3.9/site-packages/airflow/example_dags/example_setup_teardown_taskflow.py
[2025-12-05T00:09:19.758+0600] {processor.py:829} INFO - Processing file /Users/asminsadykova/Desktop/h&m/.venv/lib/python3.9/site-packages/airflow/example_dags/example_setup_teardown_taskflow.py for tasks to queue
[2025-12-05T00:09:19.758+0600] {logging_mixin.py:154} INFO - [2025-12-05T00:09:19.758+0600] {dagbag.py:536} INFO - Filling up the DagBag from /Users/asminsadykova/Desktop/h&m/.venv/lib/python3.9/site-packages/airflow/example_dags/example_setup_teardown_taskflow.py
[2025-12-05T00:09:19.800+0600] {processor.py:839} INFO - DAG(s) dict_keys(['example_setup_teardown_taskflow']) retrieved from /Users/asminsadykova/Desktop/h&m/.venv/lib/python3.9/site-packages/airflow/example_dags/example_setup_teardown_taskflow.py
[2025-12-05T00:09:19.878+0600] {logging_mixin.py:154} INFO - [2025-12-05T00:09:19.878+0600] {dag.py:2941} INFO - Sync 1 DAGs
[2025-12-05T00:09:19.885+0600] {logging_mixin.py:154} INFO - [2025-12-05T00:09:19.885+0600] {dag.py:3722} INFO - Setting next_dagrun for example_setup_teardown_taskflow to 2025-12-03T18:09:19.885413+00:00, run_after=2025-12-04T18:09:19.885413+00:00
[2025-12-05T00:09:19.893+0600] {processor.py:179} INFO - Processing /Users/asminsadykova/Desktop/h&m/.venv/lib/python3.9/site-packages/airflow/example_dags/example_setup_teardown_taskflow.py took 0.137 seconds
[2025-12-05T00:10:56.744+0600] {processor.py:157} INFO - Started process (PID=43820) to work on /Users/asminsadykova/Desktop/h&m/.venv/lib/python3.9/site-packages/airflow/example_dags/example_setup_teardown_taskflow.py
[2025-12-05T00:10:56.746+0600] {processor.py:829} INFO - Processing file /Users/asminsadykova/Desktop/h&m/.venv/lib/python3.9/site-packages/airflow/example_dags/example_setup_teardown_taskflow.py for tasks to queue
[2025-12-05T00:10:56.746+0600] {logging_mixin.py:154} INFO - [2025-12-05T00:10:56.746+0600] {dagbag.py:536} INFO - Filling up the DagBag from /Users/asminsadykova/Desktop/h&m/.venv/lib/python3.9/site-packages/airflow/example_dags/example_setup_teardown_taskflow.py
[2025-12-05T00:10:56.770+0600] {processor.py:839} INFO - DAG(s) dict_keys(['example_setup_teardown_taskflow']) retrieved from /Users/asminsadykova/Desktop/h&m/.venv/lib/python3.9/site-packages/airflow/example_dags/example_setup_teardown_taskflow.py
[2025-12-05T00:10:56.843+0600] {logging_mixin.py:154} INFO - [2025-12-05T00:10:56.842+0600] {dag.py:2941} INFO - Sync 1 DAGs
[2025-12-05T00:10:56.850+0600] {logging_mixin.py:154} INFO - [2025-12-05T00:10:56.850+0600] {dag.py:3722} INFO - Setting next_dagrun for example_setup_teardown_taskflow to 2025-12-03T18:10:56.850114+00:00, run_after=2025-12-04T18:10:56.850114+00:00
[2025-12-05T00:10:56.858+0600] {processor.py:179} INFO - Processing /Users/asminsadykova/Desktop/h&m/.venv/lib/python3.9/site-packages/airflow/example_dags/example_setup_teardown_taskflow.py took 0.116 seconds
[2025-12-05T00:12:27.123+0600] {processor.py:157} INFO - Started process (PID=43983) to work on /Users/asminsadykova/Desktop/h&m/.venv/lib/python3.9/site-packages/airflow/example_dags/example_setup_teardown_taskflow.py
[2025-12-05T00:12:27.124+0600] {processor.py:829} INFO - Processing file /Users/asminsadykova/Desktop/h&m/.venv/lib/python3.9/site-packages/airflow/example_dags/example_setup_teardown_taskflow.py for tasks to queue
[2025-12-05T00:12:27.124+0600] {logging_mixin.py:154} INFO - [2025-12-05T00:12:27.124+0600] {dagbag.py:536} INFO - Filling up the DagBag from /Users/asminsadykova/Desktop/h&m/.venv/lib/python3.9/site-packages/airflow/example_dags/example_setup_teardown_taskflow.py
[2025-12-05T00:12:27.149+0600] {processor.py:839} INFO - DAG(s) dict_keys(['example_setup_teardown_taskflow']) retrieved from /Users/asminsadykova/Desktop/h&m/.venv/lib/python3.9/site-packages/airflow/example_dags/example_setup_teardown_taskflow.py
[2025-12-05T00:12:27.218+0600] {logging_mixin.py:154} INFO - [2025-12-05T00:12:27.218+0600] {dag.py:2941} INFO - Sync 1 DAGs
[2025-12-05T00:12:27.225+0600] {logging_mixin.py:154} INFO - [2025-12-05T00:12:27.225+0600] {dag.py:3722} INFO - Setting next_dagrun for example_setup_teardown_taskflow to 2025-12-03T18:12:27.225486+00:00, run_after=2025-12-04T18:12:27.225486+00:00
[2025-12-05T00:12:27.233+0600] {processor.py:179} INFO - Processing /Users/asminsadykova/Desktop/h&m/.venv/lib/python3.9/site-packages/airflow/example_dags/example_setup_teardown_taskflow.py took 0.111 seconds
