[2025-12-04T23:17:50.522+0600] {processor.py:157} INFO - Started process (PID=38928) to work on /Users/asminsadykova/Desktop/h&m/.venv/lib/python3.9/site-packages/airflow/example_dags/example_sla_dag.py
[2025-12-04T23:17:50.522+0600] {processor.py:829} INFO - Processing file /Users/asminsadykova/Desktop/h&m/.venv/lib/python3.9/site-packages/airflow/example_dags/example_sla_dag.py for tasks to queue
[2025-12-04T23:17:50.523+0600] {logging_mixin.py:154} INFO - [2025-12-04T23:17:50.523+0600] {dagbag.py:536} INFO - Filling up the DagBag from /Users/asminsadykova/Desktop/h&m/.venv/lib/python3.9/site-packages/airflow/example_dags/example_sla_dag.py
[2025-12-04T23:17:50.548+0600] {processor.py:839} INFO - DAG(s) dict_keys(['example_sla_dag']) retrieved from /Users/asminsadykova/Desktop/h&m/.venv/lib/python3.9/site-packages/airflow/example_dags/example_sla_dag.py
[2025-12-04T23:17:50.811+0600] {logging_mixin.py:154} INFO - [2025-12-04T23:17:50.811+0600] {manager.py:499} INFO - Created Permission View: %s
[2025-12-04T23:17:50.815+0600] {logging_mixin.py:154} INFO - [2025-12-04T23:17:50.815+0600] {manager.py:499} INFO - Created Permission View: %s
[2025-12-04T23:17:50.817+0600] {logging_mixin.py:154} INFO - [2025-12-04T23:17:50.817+0600] {manager.py:499} INFO - Created Permission View: %s
[2025-12-04T23:17:50.817+0600] {logging_mixin.py:154} INFO - [2025-12-04T23:17:50.817+0600] {dag.py:2941} INFO - Sync 1 DAGs
[2025-12-04T23:17:50.821+0600] {logging_mixin.py:154} INFO - [2025-12-04T23:17:50.821+0600] {dag.py:2963} INFO - Creating ORM DAG for example_sla_dag
[2025-12-04T23:17:50.825+0600] {logging_mixin.py:154} INFO - [2025-12-04T23:17:50.825+0600] {dag.py:3722} INFO - Setting next_dagrun for example_sla_dag to 2025-12-04T17:14:00+00:00, run_after=2025-12-04T17:16:00+00:00
[2025-12-04T23:17:50.832+0600] {processor.py:179} INFO - Processing /Users/asminsadykova/Desktop/h&m/.venv/lib/python3.9/site-packages/airflow/example_dags/example_sla_dag.py took 0.311 seconds
[2025-12-04T23:19:08.905+0600] {processor.py:157} INFO - Started process (PID=39021) to work on /Users/asminsadykova/Desktop/h&m/.venv/lib/python3.9/site-packages/airflow/example_dags/example_sla_dag.py
[2025-12-04T23:19:08.906+0600] {processor.py:829} INFO - Processing file /Users/asminsadykova/Desktop/h&m/.venv/lib/python3.9/site-packages/airflow/example_dags/example_sla_dag.py for tasks to queue
[2025-12-04T23:19:08.906+0600] {logging_mixin.py:154} INFO - [2025-12-04T23:19:08.906+0600] {dagbag.py:536} INFO - Filling up the DagBag from /Users/asminsadykova/Desktop/h&m/.venv/lib/python3.9/site-packages/airflow/example_dags/example_sla_dag.py
[2025-12-04T23:19:08.933+0600] {processor.py:839} INFO - DAG(s) dict_keys(['example_sla_dag']) retrieved from /Users/asminsadykova/Desktop/h&m/.venv/lib/python3.9/site-packages/airflow/example_dags/example_sla_dag.py
[2025-12-04T23:19:09.011+0600] {logging_mixin.py:154} INFO - [2025-12-04T23:19:09.011+0600] {dag.py:2941} INFO - Sync 1 DAGs
[2025-12-04T23:19:09.020+0600] {logging_mixin.py:154} INFO - [2025-12-04T23:19:09.020+0600] {dag.py:3722} INFO - Setting next_dagrun for example_sla_dag to 2025-12-04T17:16:00+00:00, run_after=2025-12-04T17:18:00+00:00
[2025-12-04T23:19:09.028+0600] {processor.py:179} INFO - Processing /Users/asminsadykova/Desktop/h&m/.venv/lib/python3.9/site-packages/airflow/example_dags/example_sla_dag.py took 0.124 seconds
[2025-12-04T23:20:34.820+0600] {processor.py:157} INFO - Started process (PID=39124) to work on /Users/asminsadykova/Desktop/h&m/.venv/lib/python3.9/site-packages/airflow/example_dags/example_sla_dag.py
[2025-12-04T23:20:34.821+0600] {processor.py:829} INFO - Processing file /Users/asminsadykova/Desktop/h&m/.venv/lib/python3.9/site-packages/airflow/example_dags/example_sla_dag.py for tasks to queue
[2025-12-04T23:20:34.821+0600] {logging_mixin.py:154} INFO - [2025-12-04T23:20:34.821+0600] {dagbag.py:536} INFO - Filling up the DagBag from /Users/asminsadykova/Desktop/h&m/.venv/lib/python3.9/site-packages/airflow/example_dags/example_sla_dag.py
[2025-12-04T23:20:34.847+0600] {processor.py:839} INFO - DAG(s) dict_keys(['example_sla_dag']) retrieved from /Users/asminsadykova/Desktop/h&m/.venv/lib/python3.9/site-packages/airflow/example_dags/example_sla_dag.py
[2025-12-04T23:20:34.921+0600] {logging_mixin.py:154} INFO - [2025-12-04T23:20:34.921+0600] {dag.py:2941} INFO - Sync 1 DAGs
[2025-12-04T23:20:34.929+0600] {logging_mixin.py:154} INFO - [2025-12-04T23:20:34.929+0600] {dag.py:3722} INFO - Setting next_dagrun for example_sla_dag to 2025-12-04T17:18:00+00:00, run_after=2025-12-04T17:20:00+00:00
[2025-12-04T23:20:34.936+0600] {processor.py:179} INFO - Processing /Users/asminsadykova/Desktop/h&m/.venv/lib/python3.9/site-packages/airflow/example_dags/example_sla_dag.py took 0.117 seconds
[2025-12-04T23:22:01.237+0600] {processor.py:157} INFO - Started process (PID=39228) to work on /Users/asminsadykova/Desktop/h&m/.venv/lib/python3.9/site-packages/airflow/example_dags/example_sla_dag.py
[2025-12-04T23:22:01.238+0600] {processor.py:829} INFO - Processing file /Users/asminsadykova/Desktop/h&m/.venv/lib/python3.9/site-packages/airflow/example_dags/example_sla_dag.py for tasks to queue
[2025-12-04T23:22:01.238+0600] {logging_mixin.py:154} INFO - [2025-12-04T23:22:01.238+0600] {dagbag.py:536} INFO - Filling up the DagBag from /Users/asminsadykova/Desktop/h&m/.venv/lib/python3.9/site-packages/airflow/example_dags/example_sla_dag.py
[2025-12-04T23:22:01.262+0600] {processor.py:839} INFO - DAG(s) dict_keys(['example_sla_dag']) retrieved from /Users/asminsadykova/Desktop/h&m/.venv/lib/python3.9/site-packages/airflow/example_dags/example_sla_dag.py
[2025-12-04T23:22:01.330+0600] {logging_mixin.py:154} INFO - [2025-12-04T23:22:01.329+0600] {dag.py:2941} INFO - Sync 1 DAGs
[2025-12-04T23:22:01.337+0600] {logging_mixin.py:154} INFO - [2025-12-04T23:22:01.337+0600] {dag.py:3722} INFO - Setting next_dagrun for example_sla_dag to 2025-12-04T17:20:00+00:00, run_after=2025-12-04T17:22:00+00:00
[2025-12-04T23:22:01.345+0600] {processor.py:179} INFO - Processing /Users/asminsadykova/Desktop/h&m/.venv/lib/python3.9/site-packages/airflow/example_dags/example_sla_dag.py took 0.109 seconds
[2025-12-04T23:23:30.034+0600] {processor.py:157} INFO - Started process (PID=39305) to work on /Users/asminsadykova/Desktop/h&m/.venv/lib/python3.9/site-packages/airflow/example_dags/example_sla_dag.py
[2025-12-04T23:23:30.035+0600] {processor.py:829} INFO - Processing file /Users/asminsadykova/Desktop/h&m/.venv/lib/python3.9/site-packages/airflow/example_dags/example_sla_dag.py for tasks to queue
[2025-12-04T23:23:30.035+0600] {logging_mixin.py:154} INFO - [2025-12-04T23:23:30.035+0600] {dagbag.py:536} INFO - Filling up the DagBag from /Users/asminsadykova/Desktop/h&m/.venv/lib/python3.9/site-packages/airflow/example_dags/example_sla_dag.py
[2025-12-04T23:23:30.059+0600] {processor.py:839} INFO - DAG(s) dict_keys(['example_sla_dag']) retrieved from /Users/asminsadykova/Desktop/h&m/.venv/lib/python3.9/site-packages/airflow/example_dags/example_sla_dag.py
[2025-12-04T23:23:30.128+0600] {logging_mixin.py:154} INFO - [2025-12-04T23:23:30.127+0600] {dag.py:2941} INFO - Sync 1 DAGs
[2025-12-04T23:23:30.136+0600] {logging_mixin.py:154} INFO - [2025-12-04T23:23:30.136+0600] {dag.py:3722} INFO - Setting next_dagrun for example_sla_dag to 2025-12-04T17:20:00+00:00, run_after=2025-12-04T17:22:00+00:00
[2025-12-04T23:23:30.143+0600] {processor.py:179} INFO - Processing /Users/asminsadykova/Desktop/h&m/.venv/lib/python3.9/site-packages/airflow/example_dags/example_sla_dag.py took 0.110 seconds
[2025-12-04T23:25:08.053+0600] {processor.py:157} INFO - Started process (PID=39503) to work on /Users/asminsadykova/Desktop/h&m/.venv/lib/python3.9/site-packages/airflow/example_dags/example_sla_dag.py
[2025-12-04T23:25:08.054+0600] {processor.py:829} INFO - Processing file /Users/asminsadykova/Desktop/h&m/.venv/lib/python3.9/site-packages/airflow/example_dags/example_sla_dag.py for tasks to queue
[2025-12-04T23:25:08.054+0600] {logging_mixin.py:154} INFO - [2025-12-04T23:25:08.054+0600] {dagbag.py:536} INFO - Filling up the DagBag from /Users/asminsadykova/Desktop/h&m/.venv/lib/python3.9/site-packages/airflow/example_dags/example_sla_dag.py
[2025-12-04T23:25:08.077+0600] {processor.py:839} INFO - DAG(s) dict_keys(['example_sla_dag']) retrieved from /Users/asminsadykova/Desktop/h&m/.venv/lib/python3.9/site-packages/airflow/example_dags/example_sla_dag.py
[2025-12-04T23:25:08.143+0600] {logging_mixin.py:154} INFO - [2025-12-04T23:25:08.143+0600] {dag.py:2941} INFO - Sync 1 DAGs
[2025-12-04T23:25:08.151+0600] {logging_mixin.py:154} INFO - [2025-12-04T23:25:08.151+0600] {dag.py:3722} INFO - Setting next_dagrun for example_sla_dag to 2025-12-04T17:22:00+00:00, run_after=2025-12-04T17:24:00+00:00
[2025-12-04T23:25:08.158+0600] {processor.py:179} INFO - Processing /Users/asminsadykova/Desktop/h&m/.venv/lib/python3.9/site-packages/airflow/example_dags/example_sla_dag.py took 0.105 seconds
[2025-12-04T23:26:42.012+0600] {processor.py:157} INFO - Started process (PID=39604) to work on /Users/asminsadykova/Desktop/h&m/.venv/lib/python3.9/site-packages/airflow/example_dags/example_sla_dag.py
[2025-12-04T23:26:42.013+0600] {processor.py:829} INFO - Processing file /Users/asminsadykova/Desktop/h&m/.venv/lib/python3.9/site-packages/airflow/example_dags/example_sla_dag.py for tasks to queue
[2025-12-04T23:26:42.013+0600] {logging_mixin.py:154} INFO - [2025-12-04T23:26:42.013+0600] {dagbag.py:536} INFO - Filling up the DagBag from /Users/asminsadykova/Desktop/h&m/.venv/lib/python3.9/site-packages/airflow/example_dags/example_sla_dag.py
[2025-12-04T23:26:42.036+0600] {processor.py:839} INFO - DAG(s) dict_keys(['example_sla_dag']) retrieved from /Users/asminsadykova/Desktop/h&m/.venv/lib/python3.9/site-packages/airflow/example_dags/example_sla_dag.py
[2025-12-04T23:26:42.104+0600] {logging_mixin.py:154} INFO - [2025-12-04T23:26:42.104+0600] {dag.py:2941} INFO - Sync 1 DAGs
[2025-12-04T23:26:42.112+0600] {logging_mixin.py:154} INFO - [2025-12-04T23:26:42.112+0600] {dag.py:3722} INFO - Setting next_dagrun for example_sla_dag to 2025-12-04T17:24:00+00:00, run_after=2025-12-04T17:26:00+00:00
[2025-12-04T23:26:42.120+0600] {processor.py:179} INFO - Processing /Users/asminsadykova/Desktop/h&m/.venv/lib/python3.9/site-packages/airflow/example_dags/example_sla_dag.py took 0.108 seconds
[2025-12-04T23:28:14.902+0600] {processor.py:157} INFO - Started process (PID=39703) to work on /Users/asminsadykova/Desktop/h&m/.venv/lib/python3.9/site-packages/airflow/example_dags/example_sla_dag.py
[2025-12-04T23:28:14.903+0600] {processor.py:829} INFO - Processing file /Users/asminsadykova/Desktop/h&m/.venv/lib/python3.9/site-packages/airflow/example_dags/example_sla_dag.py for tasks to queue
[2025-12-04T23:28:14.903+0600] {logging_mixin.py:154} INFO - [2025-12-04T23:28:14.903+0600] {dagbag.py:536} INFO - Filling up the DagBag from /Users/asminsadykova/Desktop/h&m/.venv/lib/python3.9/site-packages/airflow/example_dags/example_sla_dag.py
[2025-12-04T23:28:14.927+0600] {processor.py:839} INFO - DAG(s) dict_keys(['example_sla_dag']) retrieved from /Users/asminsadykova/Desktop/h&m/.venv/lib/python3.9/site-packages/airflow/example_dags/example_sla_dag.py
[2025-12-04T23:28:14.997+0600] {logging_mixin.py:154} INFO - [2025-12-04T23:28:14.997+0600] {dag.py:2941} INFO - Sync 1 DAGs
[2025-12-04T23:28:15.005+0600] {logging_mixin.py:154} INFO - [2025-12-04T23:28:15.005+0600] {dag.py:3722} INFO - Setting next_dagrun for example_sla_dag to 2025-12-04T17:26:00+00:00, run_after=2025-12-04T17:28:00+00:00
[2025-12-04T23:28:15.013+0600] {processor.py:179} INFO - Processing /Users/asminsadykova/Desktop/h&m/.venv/lib/python3.9/site-packages/airflow/example_dags/example_sla_dag.py took 0.112 seconds
[2025-12-04T23:29:38.476+0600] {processor.py:157} INFO - Started process (PID=39777) to work on /Users/asminsadykova/Desktop/h&m/.venv/lib/python3.9/site-packages/airflow/example_dags/example_sla_dag.py
[2025-12-04T23:29:38.477+0600] {processor.py:829} INFO - Processing file /Users/asminsadykova/Desktop/h&m/.venv/lib/python3.9/site-packages/airflow/example_dags/example_sla_dag.py for tasks to queue
[2025-12-04T23:29:38.477+0600] {logging_mixin.py:154} INFO - [2025-12-04T23:29:38.477+0600] {dagbag.py:536} INFO - Filling up the DagBag from /Users/asminsadykova/Desktop/h&m/.venv/lib/python3.9/site-packages/airflow/example_dags/example_sla_dag.py
[2025-12-04T23:29:38.501+0600] {processor.py:839} INFO - DAG(s) dict_keys(['example_sla_dag']) retrieved from /Users/asminsadykova/Desktop/h&m/.venv/lib/python3.9/site-packages/airflow/example_dags/example_sla_dag.py
[2025-12-04T23:29:38.569+0600] {logging_mixin.py:154} INFO - [2025-12-04T23:29:38.569+0600] {dag.py:2941} INFO - Sync 1 DAGs
[2025-12-04T23:29:38.577+0600] {logging_mixin.py:154} INFO - [2025-12-04T23:29:38.577+0600] {dag.py:3722} INFO - Setting next_dagrun for example_sla_dag to 2025-12-04T17:26:00+00:00, run_after=2025-12-04T17:28:00+00:00
[2025-12-04T23:29:38.585+0600] {processor.py:179} INFO - Processing /Users/asminsadykova/Desktop/h&m/.venv/lib/python3.9/site-packages/airflow/example_dags/example_sla_dag.py took 0.110 seconds
[2025-12-04T23:31:00.303+0600] {processor.py:157} INFO - Started process (PID=39845) to work on /Users/asminsadykova/Desktop/h&m/.venv/lib/python3.9/site-packages/airflow/example_dags/example_sla_dag.py
[2025-12-04T23:31:00.304+0600] {processor.py:829} INFO - Processing file /Users/asminsadykova/Desktop/h&m/.venv/lib/python3.9/site-packages/airflow/example_dags/example_sla_dag.py for tasks to queue
[2025-12-04T23:31:00.304+0600] {logging_mixin.py:154} INFO - [2025-12-04T23:31:00.304+0600] {dagbag.py:536} INFO - Filling up the DagBag from /Users/asminsadykova/Desktop/h&m/.venv/lib/python3.9/site-packages/airflow/example_dags/example_sla_dag.py
[2025-12-04T23:31:00.327+0600] {processor.py:839} INFO - DAG(s) dict_keys(['example_sla_dag']) retrieved from /Users/asminsadykova/Desktop/h&m/.venv/lib/python3.9/site-packages/airflow/example_dags/example_sla_dag.py
[2025-12-04T23:31:00.395+0600] {logging_mixin.py:154} INFO - [2025-12-04T23:31:00.395+0600] {dag.py:2941} INFO - Sync 1 DAGs
[2025-12-04T23:31:00.403+0600] {logging_mixin.py:154} INFO - [2025-12-04T23:31:00.403+0600] {dag.py:3722} INFO - Setting next_dagrun for example_sla_dag to 2025-12-04T17:28:00+00:00, run_after=2025-12-04T17:30:00+00:00
[2025-12-04T23:31:00.410+0600] {processor.py:179} INFO - Processing /Users/asminsadykova/Desktop/h&m/.venv/lib/python3.9/site-packages/airflow/example_dags/example_sla_dag.py took 0.107 seconds
[2025-12-04T23:32:29.149+0600] {processor.py:157} INFO - Started process (PID=40058) to work on /Users/asminsadykova/Desktop/h&m/.venv/lib/python3.9/site-packages/airflow/example_dags/example_sla_dag.py
[2025-12-04T23:32:29.150+0600] {processor.py:829} INFO - Processing file /Users/asminsadykova/Desktop/h&m/.venv/lib/python3.9/site-packages/airflow/example_dags/example_sla_dag.py for tasks to queue
[2025-12-04T23:32:29.150+0600] {logging_mixin.py:154} INFO - [2025-12-04T23:32:29.150+0600] {dagbag.py:536} INFO - Filling up the DagBag from /Users/asminsadykova/Desktop/h&m/.venv/lib/python3.9/site-packages/airflow/example_dags/example_sla_dag.py
[2025-12-04T23:32:29.174+0600] {processor.py:839} INFO - DAG(s) dict_keys(['example_sla_dag']) retrieved from /Users/asminsadykova/Desktop/h&m/.venv/lib/python3.9/site-packages/airflow/example_dags/example_sla_dag.py
[2025-12-04T23:32:29.242+0600] {logging_mixin.py:154} INFO - [2025-12-04T23:32:29.241+0600] {dag.py:2941} INFO - Sync 1 DAGs
[2025-12-04T23:32:29.250+0600] {logging_mixin.py:154} INFO - [2025-12-04T23:32:29.250+0600] {dag.py:3722} INFO - Setting next_dagrun for example_sla_dag to 2025-12-04T17:30:00+00:00, run_after=2025-12-04T17:32:00+00:00
[2025-12-04T23:32:29.257+0600] {processor.py:179} INFO - Processing /Users/asminsadykova/Desktop/h&m/.venv/lib/python3.9/site-packages/airflow/example_dags/example_sla_dag.py took 0.109 seconds
[2025-12-04T23:33:50.366+0600] {processor.py:157} INFO - Started process (PID=40140) to work on /Users/asminsadykova/Desktop/h&m/.venv/lib/python3.9/site-packages/airflow/example_dags/example_sla_dag.py
[2025-12-04T23:33:50.367+0600] {processor.py:829} INFO - Processing file /Users/asminsadykova/Desktop/h&m/.venv/lib/python3.9/site-packages/airflow/example_dags/example_sla_dag.py for tasks to queue
[2025-12-04T23:33:50.368+0600] {logging_mixin.py:154} INFO - [2025-12-04T23:33:50.367+0600] {dagbag.py:536} INFO - Filling up the DagBag from /Users/asminsadykova/Desktop/h&m/.venv/lib/python3.9/site-packages/airflow/example_dags/example_sla_dag.py
[2025-12-04T23:33:50.391+0600] {processor.py:839} INFO - DAG(s) dict_keys(['example_sla_dag']) retrieved from /Users/asminsadykova/Desktop/h&m/.venv/lib/python3.9/site-packages/airflow/example_dags/example_sla_dag.py
[2025-12-04T23:33:50.457+0600] {logging_mixin.py:154} INFO - [2025-12-04T23:33:50.457+0600] {dag.py:2941} INFO - Sync 1 DAGs
[2025-12-04T23:33:50.465+0600] {logging_mixin.py:154} INFO - [2025-12-04T23:33:50.465+0600] {dag.py:3722} INFO - Setting next_dagrun for example_sla_dag to 2025-12-04T17:30:00+00:00, run_after=2025-12-04T17:32:00+00:00
[2025-12-04T23:33:50.473+0600] {processor.py:179} INFO - Processing /Users/asminsadykova/Desktop/h&m/.venv/lib/python3.9/site-packages/airflow/example_dags/example_sla_dag.py took 0.107 seconds
[2025-12-04T23:35:24.265+0600] {processor.py:157} INFO - Started process (PID=40231) to work on /Users/asminsadykova/Desktop/h&m/.venv/lib/python3.9/site-packages/airflow/example_dags/example_sla_dag.py
[2025-12-04T23:35:24.266+0600] {processor.py:829} INFO - Processing file /Users/asminsadykova/Desktop/h&m/.venv/lib/python3.9/site-packages/airflow/example_dags/example_sla_dag.py for tasks to queue
[2025-12-04T23:35:24.266+0600] {logging_mixin.py:154} INFO - [2025-12-04T23:35:24.266+0600] {dagbag.py:536} INFO - Filling up the DagBag from /Users/asminsadykova/Desktop/h&m/.venv/lib/python3.9/site-packages/airflow/example_dags/example_sla_dag.py
[2025-12-04T23:35:24.291+0600] {processor.py:839} INFO - DAG(s) dict_keys(['example_sla_dag']) retrieved from /Users/asminsadykova/Desktop/h&m/.venv/lib/python3.9/site-packages/airflow/example_dags/example_sla_dag.py
[2025-12-04T23:35:24.357+0600] {logging_mixin.py:154} INFO - [2025-12-04T23:35:24.357+0600] {dag.py:2941} INFO - Sync 1 DAGs
[2025-12-04T23:35:24.366+0600] {logging_mixin.py:154} INFO - [2025-12-04T23:35:24.366+0600] {dag.py:3722} INFO - Setting next_dagrun for example_sla_dag to 2025-12-04T17:32:00+00:00, run_after=2025-12-04T17:34:00+00:00
[2025-12-04T23:35:24.374+0600] {processor.py:179} INFO - Processing /Users/asminsadykova/Desktop/h&m/.venv/lib/python3.9/site-packages/airflow/example_dags/example_sla_dag.py took 0.109 seconds
[2025-12-04T23:37:01.503+0600] {processor.py:157} INFO - Started process (PID=40314) to work on /Users/asminsadykova/Desktop/h&m/.venv/lib/python3.9/site-packages/airflow/example_dags/example_sla_dag.py
[2025-12-04T23:37:01.504+0600] {processor.py:829} INFO - Processing file /Users/asminsadykova/Desktop/h&m/.venv/lib/python3.9/site-packages/airflow/example_dags/example_sla_dag.py for tasks to queue
[2025-12-04T23:37:01.504+0600] {logging_mixin.py:154} INFO - [2025-12-04T23:37:01.504+0600] {dagbag.py:536} INFO - Filling up the DagBag from /Users/asminsadykova/Desktop/h&m/.venv/lib/python3.9/site-packages/airflow/example_dags/example_sla_dag.py
[2025-12-04T23:37:01.528+0600] {processor.py:839} INFO - DAG(s) dict_keys(['example_sla_dag']) retrieved from /Users/asminsadykova/Desktop/h&m/.venv/lib/python3.9/site-packages/airflow/example_dags/example_sla_dag.py
[2025-12-04T23:37:01.594+0600] {logging_mixin.py:154} INFO - [2025-12-04T23:37:01.594+0600] {dag.py:2941} INFO - Sync 1 DAGs
[2025-12-04T23:37:01.602+0600] {logging_mixin.py:154} INFO - [2025-12-04T23:37:01.602+0600] {dag.py:3722} INFO - Setting next_dagrun for example_sla_dag to 2025-12-04T17:34:00+00:00, run_after=2025-12-04T17:36:00+00:00
[2025-12-04T23:37:01.610+0600] {processor.py:179} INFO - Processing /Users/asminsadykova/Desktop/h&m/.venv/lib/python3.9/site-packages/airflow/example_dags/example_sla_dag.py took 0.107 seconds
[2025-12-04T23:38:33.038+0600] {processor.py:157} INFO - Started process (PID=40406) to work on /Users/asminsadykova/Desktop/h&m/.venv/lib/python3.9/site-packages/airflow/example_dags/example_sla_dag.py
[2025-12-04T23:38:33.039+0600] {processor.py:829} INFO - Processing file /Users/asminsadykova/Desktop/h&m/.venv/lib/python3.9/site-packages/airflow/example_dags/example_sla_dag.py for tasks to queue
[2025-12-04T23:38:33.039+0600] {logging_mixin.py:154} INFO - [2025-12-04T23:38:33.039+0600] {dagbag.py:536} INFO - Filling up the DagBag from /Users/asminsadykova/Desktop/h&m/.venv/lib/python3.9/site-packages/airflow/example_dags/example_sla_dag.py
[2025-12-04T23:38:33.062+0600] {processor.py:839} INFO - DAG(s) dict_keys(['example_sla_dag']) retrieved from /Users/asminsadykova/Desktop/h&m/.venv/lib/python3.9/site-packages/airflow/example_dags/example_sla_dag.py
[2025-12-04T23:38:33.129+0600] {logging_mixin.py:154} INFO - [2025-12-04T23:38:33.129+0600] {dag.py:2941} INFO - Sync 1 DAGs
[2025-12-04T23:38:33.137+0600] {logging_mixin.py:154} INFO - [2025-12-04T23:38:33.137+0600] {dag.py:3722} INFO - Setting next_dagrun for example_sla_dag to 2025-12-04T17:36:00+00:00, run_after=2025-12-04T17:38:00+00:00
[2025-12-04T23:38:33.145+0600] {processor.py:179} INFO - Processing /Users/asminsadykova/Desktop/h&m/.venv/lib/python3.9/site-packages/airflow/example_dags/example_sla_dag.py took 0.108 seconds
[2025-12-04T23:40:05.802+0600] {processor.py:157} INFO - Started process (PID=40487) to work on /Users/asminsadykova/Desktop/h&m/.venv/lib/python3.9/site-packages/airflow/example_dags/example_sla_dag.py
[2025-12-04T23:40:05.803+0600] {processor.py:829} INFO - Processing file /Users/asminsadykova/Desktop/h&m/.venv/lib/python3.9/site-packages/airflow/example_dags/example_sla_dag.py for tasks to queue
[2025-12-04T23:40:05.804+0600] {logging_mixin.py:154} INFO - [2025-12-04T23:40:05.803+0600] {dagbag.py:536} INFO - Filling up the DagBag from /Users/asminsadykova/Desktop/h&m/.venv/lib/python3.9/site-packages/airflow/example_dags/example_sla_dag.py
[2025-12-04T23:40:05.827+0600] {processor.py:839} INFO - DAG(s) dict_keys(['example_sla_dag']) retrieved from /Users/asminsadykova/Desktop/h&m/.venv/lib/python3.9/site-packages/airflow/example_dags/example_sla_dag.py
[2025-12-04T23:40:05.895+0600] {logging_mixin.py:154} INFO - [2025-12-04T23:40:05.895+0600] {dag.py:2941} INFO - Sync 1 DAGs
[2025-12-04T23:40:05.904+0600] {logging_mixin.py:154} INFO - [2025-12-04T23:40:05.904+0600] {dag.py:3722} INFO - Setting next_dagrun for example_sla_dag to 2025-12-04T17:38:00+00:00, run_after=2025-12-04T17:40:00+00:00
[2025-12-04T23:40:05.913+0600] {processor.py:179} INFO - Processing /Users/asminsadykova/Desktop/h&m/.venv/lib/python3.9/site-packages/airflow/example_dags/example_sla_dag.py took 0.112 seconds
[2025-12-04T23:41:41.879+0600] {processor.py:157} INFO - Started process (PID=40623) to work on /Users/asminsadykova/Desktop/h&m/.venv/lib/python3.9/site-packages/airflow/example_dags/example_sla_dag.py
[2025-12-04T23:41:41.881+0600] {processor.py:829} INFO - Processing file /Users/asminsadykova/Desktop/h&m/.venv/lib/python3.9/site-packages/airflow/example_dags/example_sla_dag.py for tasks to queue
[2025-12-04T23:41:41.881+0600] {logging_mixin.py:154} INFO - [2025-12-04T23:41:41.881+0600] {dagbag.py:536} INFO - Filling up the DagBag from /Users/asminsadykova/Desktop/h&m/.venv/lib/python3.9/site-packages/airflow/example_dags/example_sla_dag.py
[2025-12-04T23:41:41.905+0600] {processor.py:839} INFO - DAG(s) dict_keys(['example_sla_dag']) retrieved from /Users/asminsadykova/Desktop/h&m/.venv/lib/python3.9/site-packages/airflow/example_dags/example_sla_dag.py
[2025-12-04T23:41:41.975+0600] {logging_mixin.py:154} INFO - [2025-12-04T23:41:41.974+0600] {dag.py:2941} INFO - Sync 1 DAGs
[2025-12-04T23:41:41.982+0600] {logging_mixin.py:154} INFO - [2025-12-04T23:41:41.982+0600] {dag.py:3722} INFO - Setting next_dagrun for example_sla_dag to 2025-12-04T17:38:00+00:00, run_after=2025-12-04T17:40:00+00:00
[2025-12-04T23:41:41.990+0600] {processor.py:179} INFO - Processing /Users/asminsadykova/Desktop/h&m/.venv/lib/python3.9/site-packages/airflow/example_dags/example_sla_dag.py took 0.111 seconds
[2025-12-04T23:43:10.947+0600] {processor.py:157} INFO - Started process (PID=40738) to work on /Users/asminsadykova/Desktop/h&m/.venv/lib/python3.9/site-packages/airflow/example_dags/example_sla_dag.py
[2025-12-04T23:43:10.948+0600] {processor.py:829} INFO - Processing file /Users/asminsadykova/Desktop/h&m/.venv/lib/python3.9/site-packages/airflow/example_dags/example_sla_dag.py for tasks to queue
[2025-12-04T23:43:10.948+0600] {logging_mixin.py:154} INFO - [2025-12-04T23:43:10.948+0600] {dagbag.py:536} INFO - Filling up the DagBag from /Users/asminsadykova/Desktop/h&m/.venv/lib/python3.9/site-packages/airflow/example_dags/example_sla_dag.py
[2025-12-04T23:43:10.972+0600] {processor.py:839} INFO - DAG(s) dict_keys(['example_sla_dag']) retrieved from /Users/asminsadykova/Desktop/h&m/.venv/lib/python3.9/site-packages/airflow/example_dags/example_sla_dag.py
[2025-12-04T23:43:11.042+0600] {logging_mixin.py:154} INFO - [2025-12-04T23:43:11.042+0600] {dag.py:2941} INFO - Sync 1 DAGs
[2025-12-04T23:43:11.050+0600] {logging_mixin.py:154} INFO - [2025-12-04T23:43:11.050+0600] {dag.py:3722} INFO - Setting next_dagrun for example_sla_dag to 2025-12-04T17:40:00+00:00, run_after=2025-12-04T17:42:00+00:00
[2025-12-04T23:43:11.059+0600] {processor.py:179} INFO - Processing /Users/asminsadykova/Desktop/h&m/.venv/lib/python3.9/site-packages/airflow/example_dags/example_sla_dag.py took 0.113 seconds
[2025-12-04T23:44:47.794+0600] {processor.py:157} INFO - Started process (PID=41049) to work on /Users/asminsadykova/Desktop/h&m/.venv/lib/python3.9/site-packages/airflow/example_dags/example_sla_dag.py
[2025-12-04T23:44:47.795+0600] {processor.py:829} INFO - Processing file /Users/asminsadykova/Desktop/h&m/.venv/lib/python3.9/site-packages/airflow/example_dags/example_sla_dag.py for tasks to queue
[2025-12-04T23:44:47.795+0600] {logging_mixin.py:154} INFO - [2025-12-04T23:44:47.795+0600] {dagbag.py:536} INFO - Filling up the DagBag from /Users/asminsadykova/Desktop/h&m/.venv/lib/python3.9/site-packages/airflow/example_dags/example_sla_dag.py
[2025-12-04T23:44:47.821+0600] {processor.py:839} INFO - DAG(s) dict_keys(['example_sla_dag']) retrieved from /Users/asminsadykova/Desktop/h&m/.venv/lib/python3.9/site-packages/airflow/example_dags/example_sla_dag.py
[2025-12-04T23:44:47.890+0600] {logging_mixin.py:154} INFO - [2025-12-04T23:44:47.890+0600] {dag.py:2941} INFO - Sync 1 DAGs
[2025-12-04T23:44:47.898+0600] {logging_mixin.py:154} INFO - [2025-12-04T23:44:47.898+0600] {dag.py:3722} INFO - Setting next_dagrun for example_sla_dag to 2025-12-04T17:42:00+00:00, run_after=2025-12-04T17:44:00+00:00
[2025-12-04T23:44:47.908+0600] {processor.py:179} INFO - Processing /Users/asminsadykova/Desktop/h&m/.venv/lib/python3.9/site-packages/airflow/example_dags/example_sla_dag.py took 0.115 seconds
[2025-12-04T23:46:23.904+0600] {processor.py:157} INFO - Started process (PID=41305) to work on /Users/asminsadykova/Desktop/h&m/.venv/lib/python3.9/site-packages/airflow/example_dags/example_sla_dag.py
[2025-12-04T23:46:23.906+0600] {processor.py:829} INFO - Processing file /Users/asminsadykova/Desktop/h&m/.venv/lib/python3.9/site-packages/airflow/example_dags/example_sla_dag.py for tasks to queue
[2025-12-04T23:46:23.906+0600] {logging_mixin.py:154} INFO - [2025-12-04T23:46:23.906+0600] {dagbag.py:536} INFO - Filling up the DagBag from /Users/asminsadykova/Desktop/h&m/.venv/lib/python3.9/site-packages/airflow/example_dags/example_sla_dag.py
[2025-12-04T23:46:23.932+0600] {processor.py:839} INFO - DAG(s) dict_keys(['example_sla_dag']) retrieved from /Users/asminsadykova/Desktop/h&m/.venv/lib/python3.9/site-packages/airflow/example_dags/example_sla_dag.py
[2025-12-04T23:46:24.003+0600] {logging_mixin.py:154} INFO - [2025-12-04T23:46:24.003+0600] {dag.py:2941} INFO - Sync 1 DAGs
[2025-12-04T23:46:24.011+0600] {logging_mixin.py:154} INFO - [2025-12-04T23:46:24.011+0600] {dag.py:3722} INFO - Setting next_dagrun for example_sla_dag to 2025-12-04T17:44:00+00:00, run_after=2025-12-04T17:46:00+00:00
[2025-12-04T23:46:24.019+0600] {processor.py:179} INFO - Processing /Users/asminsadykova/Desktop/h&m/.venv/lib/python3.9/site-packages/airflow/example_dags/example_sla_dag.py took 0.115 seconds
[2025-12-04T23:47:52.533+0600] {processor.py:157} INFO - Started process (PID=41602) to work on /Users/asminsadykova/Desktop/h&m/.venv/lib/python3.9/site-packages/airflow/example_dags/example_sla_dag.py
[2025-12-04T23:47:52.534+0600] {processor.py:829} INFO - Processing file /Users/asminsadykova/Desktop/h&m/.venv/lib/python3.9/site-packages/airflow/example_dags/example_sla_dag.py for tasks to queue
[2025-12-04T23:47:52.535+0600] {logging_mixin.py:154} INFO - [2025-12-04T23:47:52.535+0600] {dagbag.py:536} INFO - Filling up the DagBag from /Users/asminsadykova/Desktop/h&m/.venv/lib/python3.9/site-packages/airflow/example_dags/example_sla_dag.py
[2025-12-04T23:47:52.558+0600] {processor.py:839} INFO - DAG(s) dict_keys(['example_sla_dag']) retrieved from /Users/asminsadykova/Desktop/h&m/.venv/lib/python3.9/site-packages/airflow/example_dags/example_sla_dag.py
[2025-12-04T23:47:52.624+0600] {logging_mixin.py:154} INFO - [2025-12-04T23:47:52.623+0600] {dag.py:2941} INFO - Sync 1 DAGs
[2025-12-04T23:47:52.631+0600] {logging_mixin.py:154} INFO - [2025-12-04T23:47:52.631+0600] {dag.py:3722} INFO - Setting next_dagrun for example_sla_dag to 2025-12-04T17:44:00+00:00, run_after=2025-12-04T17:46:00+00:00
[2025-12-04T23:47:52.639+0600] {processor.py:179} INFO - Processing /Users/asminsadykova/Desktop/h&m/.venv/lib/python3.9/site-packages/airflow/example_dags/example_sla_dag.py took 0.107 seconds
[2025-12-04T23:49:20.174+0600] {processor.py:157} INFO - Started process (PID=41704) to work on /Users/asminsadykova/Desktop/h&m/.venv/lib/python3.9/site-packages/airflow/example_dags/example_sla_dag.py
[2025-12-04T23:49:20.175+0600] {processor.py:829} INFO - Processing file /Users/asminsadykova/Desktop/h&m/.venv/lib/python3.9/site-packages/airflow/example_dags/example_sla_dag.py for tasks to queue
[2025-12-04T23:49:20.176+0600] {logging_mixin.py:154} INFO - [2025-12-04T23:49:20.176+0600] {dagbag.py:536} INFO - Filling up the DagBag from /Users/asminsadykova/Desktop/h&m/.venv/lib/python3.9/site-packages/airflow/example_dags/example_sla_dag.py
[2025-12-04T23:49:20.200+0600] {processor.py:839} INFO - DAG(s) dict_keys(['example_sla_dag']) retrieved from /Users/asminsadykova/Desktop/h&m/.venv/lib/python3.9/site-packages/airflow/example_dags/example_sla_dag.py
[2025-12-04T23:49:20.268+0600] {logging_mixin.py:154} INFO - [2025-12-04T23:49:20.268+0600] {dag.py:2941} INFO - Sync 1 DAGs
[2025-12-04T23:49:20.276+0600] {logging_mixin.py:154} INFO - [2025-12-04T23:49:20.276+0600] {dag.py:3722} INFO - Setting next_dagrun for example_sla_dag to 2025-12-04T17:46:00+00:00, run_after=2025-12-04T17:48:00+00:00
[2025-12-04T23:49:20.284+0600] {processor.py:179} INFO - Processing /Users/asminsadykova/Desktop/h&m/.venv/lib/python3.9/site-packages/airflow/example_dags/example_sla_dag.py took 0.111 seconds
[2025-12-04T23:51:00.503+0600] {processor.py:157} INFO - Started process (PID=41832) to work on /Users/asminsadykova/Desktop/h&m/.venv/lib/python3.9/site-packages/airflow/example_dags/example_sla_dag.py
[2025-12-04T23:51:00.504+0600] {processor.py:829} INFO - Processing file /Users/asminsadykova/Desktop/h&m/.venv/lib/python3.9/site-packages/airflow/example_dags/example_sla_dag.py for tasks to queue
[2025-12-04T23:51:00.504+0600] {logging_mixin.py:154} INFO - [2025-12-04T23:51:00.504+0600] {dagbag.py:536} INFO - Filling up the DagBag from /Users/asminsadykova/Desktop/h&m/.venv/lib/python3.9/site-packages/airflow/example_dags/example_sla_dag.py
[2025-12-04T23:51:00.527+0600] {processor.py:839} INFO - DAG(s) dict_keys(['example_sla_dag']) retrieved from /Users/asminsadykova/Desktop/h&m/.venv/lib/python3.9/site-packages/airflow/example_dags/example_sla_dag.py
[2025-12-04T23:51:00.593+0600] {logging_mixin.py:154} INFO - [2025-12-04T23:51:00.593+0600] {dag.py:2941} INFO - Sync 1 DAGs
[2025-12-04T23:51:00.601+0600] {logging_mixin.py:154} INFO - [2025-12-04T23:51:00.601+0600] {dag.py:3722} INFO - Setting next_dagrun for example_sla_dag to 2025-12-04T17:48:00+00:00, run_after=2025-12-04T17:50:00+00:00
[2025-12-04T23:51:00.609+0600] {processor.py:179} INFO - Processing /Users/asminsadykova/Desktop/h&m/.venv/lib/python3.9/site-packages/airflow/example_dags/example_sla_dag.py took 0.107 seconds
[2025-12-04T23:52:33.502+0600] {processor.py:157} INFO - Started process (PID=42069) to work on /Users/asminsadykova/Desktop/h&m/.venv/lib/python3.9/site-packages/airflow/example_dags/example_sla_dag.py
[2025-12-04T23:52:33.503+0600] {processor.py:829} INFO - Processing file /Users/asminsadykova/Desktop/h&m/.venv/lib/python3.9/site-packages/airflow/example_dags/example_sla_dag.py for tasks to queue
[2025-12-04T23:52:33.503+0600] {logging_mixin.py:154} INFO - [2025-12-04T23:52:33.503+0600] {dagbag.py:536} INFO - Filling up the DagBag from /Users/asminsadykova/Desktop/h&m/.venv/lib/python3.9/site-packages/airflow/example_dags/example_sla_dag.py
[2025-12-04T23:52:33.527+0600] {processor.py:839} INFO - DAG(s) dict_keys(['example_sla_dag']) retrieved from /Users/asminsadykova/Desktop/h&m/.venv/lib/python3.9/site-packages/airflow/example_dags/example_sla_dag.py
[2025-12-04T23:52:33.601+0600] {logging_mixin.py:154} INFO - [2025-12-04T23:52:33.600+0600] {dag.py:2941} INFO - Sync 1 DAGs
[2025-12-04T23:52:33.610+0600] {logging_mixin.py:154} INFO - [2025-12-04T23:52:33.609+0600] {dag.py:3722} INFO - Setting next_dagrun for example_sla_dag to 2025-12-04T17:50:00+00:00, run_after=2025-12-04T17:52:00+00:00
[2025-12-04T23:52:33.618+0600] {processor.py:179} INFO - Processing /Users/asminsadykova/Desktop/h&m/.venv/lib/python3.9/site-packages/airflow/example_dags/example_sla_dag.py took 0.117 seconds
[2025-12-04T23:54:08.835+0600] {processor.py:157} INFO - Started process (PID=42164) to work on /Users/asminsadykova/Desktop/h&m/.venv/lib/python3.9/site-packages/airflow/example_dags/example_sla_dag.py
[2025-12-04T23:54:08.836+0600] {processor.py:829} INFO - Processing file /Users/asminsadykova/Desktop/h&m/.venv/lib/python3.9/site-packages/airflow/example_dags/example_sla_dag.py for tasks to queue
[2025-12-04T23:54:08.836+0600] {logging_mixin.py:154} INFO - [2025-12-04T23:54:08.836+0600] {dagbag.py:536} INFO - Filling up the DagBag from /Users/asminsadykova/Desktop/h&m/.venv/lib/python3.9/site-packages/airflow/example_dags/example_sla_dag.py
[2025-12-04T23:54:08.862+0600] {processor.py:839} INFO - DAG(s) dict_keys(['example_sla_dag']) retrieved from /Users/asminsadykova/Desktop/h&m/.venv/lib/python3.9/site-packages/airflow/example_dags/example_sla_dag.py
[2025-12-04T23:54:08.934+0600] {logging_mixin.py:154} INFO - [2025-12-04T23:54:08.934+0600] {dag.py:2941} INFO - Sync 1 DAGs
[2025-12-04T23:54:08.943+0600] {logging_mixin.py:154} INFO - [2025-12-04T23:54:08.943+0600] {dag.py:3722} INFO - Setting next_dagrun for example_sla_dag to 2025-12-04T17:52:00+00:00, run_after=2025-12-04T17:54:00+00:00
[2025-12-04T23:54:08.951+0600] {processor.py:179} INFO - Processing /Users/asminsadykova/Desktop/h&m/.venv/lib/python3.9/site-packages/airflow/example_dags/example_sla_dag.py took 0.116 seconds
[2025-12-04T23:55:35.749+0600] {processor.py:157} INFO - Started process (PID=42245) to work on /Users/asminsadykova/Desktop/h&m/.venv/lib/python3.9/site-packages/airflow/example_dags/example_sla_dag.py
[2025-12-04T23:55:35.750+0600] {processor.py:829} INFO - Processing file /Users/asminsadykova/Desktop/h&m/.venv/lib/python3.9/site-packages/airflow/example_dags/example_sla_dag.py for tasks to queue
[2025-12-04T23:55:35.750+0600] {logging_mixin.py:154} INFO - [2025-12-04T23:55:35.750+0600] {dagbag.py:536} INFO - Filling up the DagBag from /Users/asminsadykova/Desktop/h&m/.venv/lib/python3.9/site-packages/airflow/example_dags/example_sla_dag.py
[2025-12-04T23:55:35.775+0600] {processor.py:839} INFO - DAG(s) dict_keys(['example_sla_dag']) retrieved from /Users/asminsadykova/Desktop/h&m/.venv/lib/python3.9/site-packages/airflow/example_dags/example_sla_dag.py
[2025-12-04T23:55:35.856+0600] {logging_mixin.py:154} INFO - [2025-12-04T23:55:35.856+0600] {dag.py:2941} INFO - Sync 1 DAGs
[2025-12-04T23:55:35.866+0600] {logging_mixin.py:154} INFO - [2025-12-04T23:55:35.865+0600] {dag.py:3722} INFO - Setting next_dagrun for example_sla_dag to 2025-12-04T17:52:00+00:00, run_after=2025-12-04T17:54:00+00:00
[2025-12-04T23:55:35.874+0600] {processor.py:179} INFO - Processing /Users/asminsadykova/Desktop/h&m/.venv/lib/python3.9/site-packages/airflow/example_dags/example_sla_dag.py took 0.126 seconds
[2025-12-04T23:57:06.763+0600] {processor.py:157} INFO - Started process (PID=42317) to work on /Users/asminsadykova/Desktop/h&m/.venv/lib/python3.9/site-packages/airflow/example_dags/example_sla_dag.py
[2025-12-04T23:57:06.764+0600] {processor.py:829} INFO - Processing file /Users/asminsadykova/Desktop/h&m/.venv/lib/python3.9/site-packages/airflow/example_dags/example_sla_dag.py for tasks to queue
[2025-12-04T23:57:06.765+0600] {logging_mixin.py:154} INFO - [2025-12-04T23:57:06.765+0600] {dagbag.py:536} INFO - Filling up the DagBag from /Users/asminsadykova/Desktop/h&m/.venv/lib/python3.9/site-packages/airflow/example_dags/example_sla_dag.py
[2025-12-04T23:57:06.791+0600] {processor.py:839} INFO - DAG(s) dict_keys(['example_sla_dag']) retrieved from /Users/asminsadykova/Desktop/h&m/.venv/lib/python3.9/site-packages/airflow/example_dags/example_sla_dag.py
[2025-12-04T23:57:06.864+0600] {logging_mixin.py:154} INFO - [2025-12-04T23:57:06.864+0600] {dag.py:2941} INFO - Sync 1 DAGs
[2025-12-04T23:57:06.872+0600] {logging_mixin.py:154} INFO - [2025-12-04T23:57:06.872+0600] {dag.py:3722} INFO - Setting next_dagrun for example_sla_dag to 2025-12-04T17:54:00+00:00, run_after=2025-12-04T17:56:00+00:00
[2025-12-04T23:57:06.880+0600] {processor.py:179} INFO - Processing /Users/asminsadykova/Desktop/h&m/.venv/lib/python3.9/site-packages/airflow/example_dags/example_sla_dag.py took 0.118 seconds
[2025-12-04T23:58:31.463+0600] {processor.py:157} INFO - Started process (PID=42400) to work on /Users/asminsadykova/Desktop/h&m/.venv/lib/python3.9/site-packages/airflow/example_dags/example_sla_dag.py
[2025-12-04T23:58:31.463+0600] {processor.py:829} INFO - Processing file /Users/asminsadykova/Desktop/h&m/.venv/lib/python3.9/site-packages/airflow/example_dags/example_sla_dag.py for tasks to queue
[2025-12-04T23:58:31.464+0600] {logging_mixin.py:154} INFO - [2025-12-04T23:58:31.464+0600] {dagbag.py:536} INFO - Filling up the DagBag from /Users/asminsadykova/Desktop/h&m/.venv/lib/python3.9/site-packages/airflow/example_dags/example_sla_dag.py
[2025-12-04T23:58:31.487+0600] {processor.py:839} INFO - DAG(s) dict_keys(['example_sla_dag']) retrieved from /Users/asminsadykova/Desktop/h&m/.venv/lib/python3.9/site-packages/airflow/example_dags/example_sla_dag.py
[2025-12-04T23:58:31.555+0600] {logging_mixin.py:154} INFO - [2025-12-04T23:58:31.555+0600] {dag.py:2941} INFO - Sync 1 DAGs
[2025-12-04T23:58:31.563+0600] {logging_mixin.py:154} INFO - [2025-12-04T23:58:31.563+0600] {dag.py:3722} INFO - Setting next_dagrun for example_sla_dag to 2025-12-04T17:56:00+00:00, run_after=2025-12-04T17:58:00+00:00
[2025-12-04T23:58:31.571+0600] {processor.py:179} INFO - Processing /Users/asminsadykova/Desktop/h&m/.venv/lib/python3.9/site-packages/airflow/example_dags/example_sla_dag.py took 0.109 seconds
[2025-12-05T00:00:02.467+0600] {processor.py:157} INFO - Started process (PID=42653) to work on /Users/asminsadykova/Desktop/h&m/.venv/lib/python3.9/site-packages/airflow/example_dags/example_sla_dag.py
[2025-12-05T00:00:02.468+0600] {processor.py:829} INFO - Processing file /Users/asminsadykova/Desktop/h&m/.venv/lib/python3.9/site-packages/airflow/example_dags/example_sla_dag.py for tasks to queue
[2025-12-05T00:00:02.469+0600] {logging_mixin.py:154} INFO - [2025-12-05T00:00:02.468+0600] {dagbag.py:536} INFO - Filling up the DagBag from /Users/asminsadykova/Desktop/h&m/.venv/lib/python3.9/site-packages/airflow/example_dags/example_sla_dag.py
[2025-12-05T00:00:02.495+0600] {processor.py:839} INFO - DAG(s) dict_keys(['example_sla_dag']) retrieved from /Users/asminsadykova/Desktop/h&m/.venv/lib/python3.9/site-packages/airflow/example_dags/example_sla_dag.py
[2025-12-05T00:00:02.566+0600] {logging_mixin.py:154} INFO - [2025-12-05T00:00:02.566+0600] {dag.py:2941} INFO - Sync 1 DAGs
[2025-12-05T00:00:02.576+0600] {logging_mixin.py:154} INFO - [2025-12-05T00:00:02.576+0600] {dag.py:3722} INFO - Setting next_dagrun for example_sla_dag to 2025-12-04T17:58:00+00:00, run_after=2025-12-04T18:00:00+00:00
[2025-12-05T00:00:02.585+0600] {processor.py:179} INFO - Processing /Users/asminsadykova/Desktop/h&m/.venv/lib/python3.9/site-packages/airflow/example_dags/example_sla_dag.py took 0.118 seconds
[2025-12-05T00:01:37.418+0600] {processor.py:157} INFO - Started process (PID=42883) to work on /Users/asminsadykova/Desktop/h&m/.venv/lib/python3.9/site-packages/airflow/example_dags/example_sla_dag.py
[2025-12-05T00:01:37.419+0600] {processor.py:829} INFO - Processing file /Users/asminsadykova/Desktop/h&m/.venv/lib/python3.9/site-packages/airflow/example_dags/example_sla_dag.py for tasks to queue
[2025-12-05T00:01:37.419+0600] {logging_mixin.py:154} INFO - [2025-12-05T00:01:37.419+0600] {dagbag.py:536} INFO - Filling up the DagBag from /Users/asminsadykova/Desktop/h&m/.venv/lib/python3.9/site-packages/airflow/example_dags/example_sla_dag.py
[2025-12-05T00:01:37.444+0600] {processor.py:839} INFO - DAG(s) dict_keys(['example_sla_dag']) retrieved from /Users/asminsadykova/Desktop/h&m/.venv/lib/python3.9/site-packages/airflow/example_dags/example_sla_dag.py
[2025-12-05T00:01:37.515+0600] {logging_mixin.py:154} INFO - [2025-12-05T00:01:37.515+0600] {dag.py:2941} INFO - Sync 1 DAGs
[2025-12-05T00:01:37.523+0600] {logging_mixin.py:154} INFO - [2025-12-05T00:01:37.523+0600] {dag.py:3722} INFO - Setting next_dagrun for example_sla_dag to 2025-12-04T17:58:00+00:00, run_after=2025-12-04T18:00:00+00:00
[2025-12-05T00:01:37.530+0600] {processor.py:179} INFO - Processing /Users/asminsadykova/Desktop/h&m/.venv/lib/python3.9/site-packages/airflow/example_dags/example_sla_dag.py took 0.112 seconds
[2025-12-05T00:03:11.661+0600] {processor.py:157} INFO - Started process (PID=42956) to work on /Users/asminsadykova/Desktop/h&m/.venv/lib/python3.9/site-packages/airflow/example_dags/example_sla_dag.py
[2025-12-05T00:03:11.662+0600] {processor.py:829} INFO - Processing file /Users/asminsadykova/Desktop/h&m/.venv/lib/python3.9/site-packages/airflow/example_dags/example_sla_dag.py for tasks to queue
[2025-12-05T00:03:11.662+0600] {logging_mixin.py:154} INFO - [2025-12-05T00:03:11.662+0600] {dagbag.py:536} INFO - Filling up the DagBag from /Users/asminsadykova/Desktop/h&m/.venv/lib/python3.9/site-packages/airflow/example_dags/example_sla_dag.py
[2025-12-05T00:03:11.685+0600] {processor.py:839} INFO - DAG(s) dict_keys(['example_sla_dag']) retrieved from /Users/asminsadykova/Desktop/h&m/.venv/lib/python3.9/site-packages/airflow/example_dags/example_sla_dag.py
[2025-12-05T00:03:11.751+0600] {logging_mixin.py:154} INFO - [2025-12-05T00:03:11.751+0600] {dag.py:2941} INFO - Sync 1 DAGs
[2025-12-05T00:03:11.759+0600] {logging_mixin.py:154} INFO - [2025-12-05T00:03:11.759+0600] {dag.py:3722} INFO - Setting next_dagrun for example_sla_dag to 2025-12-04T18:00:00+00:00, run_after=2025-12-04T18:02:00+00:00
[2025-12-05T00:03:11.766+0600] {processor.py:179} INFO - Processing /Users/asminsadykova/Desktop/h&m/.venv/lib/python3.9/site-packages/airflow/example_dags/example_sla_dag.py took 0.106 seconds
[2025-12-05T00:04:43.350+0600] {processor.py:157} INFO - Started process (PID=43172) to work on /Users/asminsadykova/Desktop/h&m/.venv/lib/python3.9/site-packages/airflow/example_dags/example_sla_dag.py
[2025-12-05T00:04:43.351+0600] {processor.py:829} INFO - Processing file /Users/asminsadykova/Desktop/h&m/.venv/lib/python3.9/site-packages/airflow/example_dags/example_sla_dag.py for tasks to queue
[2025-12-05T00:04:43.351+0600] {logging_mixin.py:154} INFO - [2025-12-05T00:04:43.351+0600] {dagbag.py:536} INFO - Filling up the DagBag from /Users/asminsadykova/Desktop/h&m/.venv/lib/python3.9/site-packages/airflow/example_dags/example_sla_dag.py
[2025-12-05T00:04:43.381+0600] {processor.py:839} INFO - DAG(s) dict_keys(['example_sla_dag']) retrieved from /Users/asminsadykova/Desktop/h&m/.venv/lib/python3.9/site-packages/airflow/example_dags/example_sla_dag.py
[2025-12-05T00:04:43.451+0600] {logging_mixin.py:154} INFO - [2025-12-05T00:04:43.451+0600] {dag.py:2941} INFO - Sync 1 DAGs
[2025-12-05T00:04:43.459+0600] {logging_mixin.py:154} INFO - [2025-12-05T00:04:43.459+0600] {dag.py:3722} INFO - Setting next_dagrun for example_sla_dag to 2025-12-04T18:02:00+00:00, run_after=2025-12-04T18:04:00+00:00
[2025-12-05T00:04:43.469+0600] {processor.py:179} INFO - Processing /Users/asminsadykova/Desktop/h&m/.venv/lib/python3.9/site-packages/airflow/example_dags/example_sla_dag.py took 0.119 seconds
[2025-12-05T00:06:17.754+0600] {processor.py:157} INFO - Started process (PID=43347) to work on /Users/asminsadykova/Desktop/h&m/.venv/lib/python3.9/site-packages/airflow/example_dags/example_sla_dag.py
[2025-12-05T00:06:17.755+0600] {processor.py:829} INFO - Processing file /Users/asminsadykova/Desktop/h&m/.venv/lib/python3.9/site-packages/airflow/example_dags/example_sla_dag.py for tasks to queue
[2025-12-05T00:06:17.756+0600] {logging_mixin.py:154} INFO - [2025-12-05T00:06:17.756+0600] {dagbag.py:536} INFO - Filling up the DagBag from /Users/asminsadykova/Desktop/h&m/.venv/lib/python3.9/site-packages/airflow/example_dags/example_sla_dag.py
[2025-12-05T00:06:17.779+0600] {processor.py:839} INFO - DAG(s) dict_keys(['example_sla_dag']) retrieved from /Users/asminsadykova/Desktop/h&m/.venv/lib/python3.9/site-packages/airflow/example_dags/example_sla_dag.py
[2025-12-05T00:06:17.846+0600] {logging_mixin.py:154} INFO - [2025-12-05T00:06:17.846+0600] {dag.py:2941} INFO - Sync 1 DAGs
[2025-12-05T00:06:17.855+0600] {logging_mixin.py:154} INFO - [2025-12-05T00:06:17.855+0600] {dag.py:3722} INFO - Setting next_dagrun for example_sla_dag to 2025-12-04T18:04:00+00:00, run_after=2025-12-04T18:06:00+00:00
[2025-12-05T00:06:17.862+0600] {processor.py:179} INFO - Processing /Users/asminsadykova/Desktop/h&m/.venv/lib/python3.9/site-packages/airflow/example_dags/example_sla_dag.py took 0.109 seconds
[2025-12-05T00:07:41.767+0600] {processor.py:157} INFO - Started process (PID=43496) to work on /Users/asminsadykova/Desktop/h&m/.venv/lib/python3.9/site-packages/airflow/example_dags/example_sla_dag.py
[2025-12-05T00:07:41.769+0600] {processor.py:829} INFO - Processing file /Users/asminsadykova/Desktop/h&m/.venv/lib/python3.9/site-packages/airflow/example_dags/example_sla_dag.py for tasks to queue
[2025-12-05T00:07:41.769+0600] {logging_mixin.py:154} INFO - [2025-12-05T00:07:41.769+0600] {dagbag.py:536} INFO - Filling up the DagBag from /Users/asminsadykova/Desktop/h&m/.venv/lib/python3.9/site-packages/airflow/example_dags/example_sla_dag.py
[2025-12-05T00:07:41.792+0600] {processor.py:839} INFO - DAG(s) dict_keys(['example_sla_dag']) retrieved from /Users/asminsadykova/Desktop/h&m/.venv/lib/python3.9/site-packages/airflow/example_dags/example_sla_dag.py
[2025-12-05T00:07:41.859+0600] {logging_mixin.py:154} INFO - [2025-12-05T00:07:41.859+0600] {dag.py:2941} INFO - Sync 1 DAGs
[2025-12-05T00:07:41.867+0600] {logging_mixin.py:154} INFO - [2025-12-05T00:07:41.867+0600] {dag.py:3722} INFO - Setting next_dagrun for example_sla_dag to 2025-12-04T18:04:00+00:00, run_after=2025-12-04T18:06:00+00:00
[2025-12-05T00:07:41.875+0600] {processor.py:179} INFO - Processing /Users/asminsadykova/Desktop/h&m/.venv/lib/python3.9/site-packages/airflow/example_dags/example_sla_dag.py took 0.108 seconds
[2025-12-05T00:09:11.838+0600] {processor.py:157} INFO - Started process (PID=43643) to work on /Users/asminsadykova/Desktop/h&m/.venv/lib/python3.9/site-packages/airflow/example_dags/example_sla_dag.py
[2025-12-05T00:09:11.839+0600] {processor.py:829} INFO - Processing file /Users/asminsadykova/Desktop/h&m/.venv/lib/python3.9/site-packages/airflow/example_dags/example_sla_dag.py for tasks to queue
[2025-12-05T00:09:11.840+0600] {logging_mixin.py:154} INFO - [2025-12-05T00:09:11.840+0600] {dagbag.py:536} INFO - Filling up the DagBag from /Users/asminsadykova/Desktop/h&m/.venv/lib/python3.9/site-packages/airflow/example_dags/example_sla_dag.py
[2025-12-05T00:09:11.866+0600] {processor.py:839} INFO - DAG(s) dict_keys(['example_sla_dag']) retrieved from /Users/asminsadykova/Desktop/h&m/.venv/lib/python3.9/site-packages/airflow/example_dags/example_sla_dag.py
[2025-12-05T00:09:11.938+0600] {logging_mixin.py:154} INFO - [2025-12-05T00:09:11.938+0600] {dag.py:2941} INFO - Sync 1 DAGs
[2025-12-05T00:09:11.947+0600] {logging_mixin.py:154} INFO - [2025-12-05T00:09:11.946+0600] {dag.py:3722} INFO - Setting next_dagrun for example_sla_dag to 2025-12-04T18:06:00+00:00, run_after=2025-12-04T18:08:00+00:00
[2025-12-05T00:09:11.954+0600] {processor.py:179} INFO - Processing /Users/asminsadykova/Desktop/h&m/.venv/lib/python3.9/site-packages/airflow/example_dags/example_sla_dag.py took 0.117 seconds
[2025-12-05T00:10:49.726+0600] {processor.py:157} INFO - Started process (PID=43810) to work on /Users/asminsadykova/Desktop/h&m/.venv/lib/python3.9/site-packages/airflow/example_dags/example_sla_dag.py
[2025-12-05T00:10:49.727+0600] {processor.py:829} INFO - Processing file /Users/asminsadykova/Desktop/h&m/.venv/lib/python3.9/site-packages/airflow/example_dags/example_sla_dag.py for tasks to queue
[2025-12-05T00:10:49.727+0600] {logging_mixin.py:154} INFO - [2025-12-05T00:10:49.727+0600] {dagbag.py:536} INFO - Filling up the DagBag from /Users/asminsadykova/Desktop/h&m/.venv/lib/python3.9/site-packages/airflow/example_dags/example_sla_dag.py
[2025-12-05T00:10:49.751+0600] {processor.py:839} INFO - DAG(s) dict_keys(['example_sla_dag']) retrieved from /Users/asminsadykova/Desktop/h&m/.venv/lib/python3.9/site-packages/airflow/example_dags/example_sla_dag.py
[2025-12-05T00:10:49.820+0600] {logging_mixin.py:154} INFO - [2025-12-05T00:10:49.820+0600] {dag.py:2941} INFO - Sync 1 DAGs
[2025-12-05T00:10:49.828+0600] {logging_mixin.py:154} INFO - [2025-12-05T00:10:49.828+0600] {dag.py:3722} INFO - Setting next_dagrun for example_sla_dag to 2025-12-04T18:08:00+00:00, run_after=2025-12-04T18:10:00+00:00
[2025-12-05T00:10:49.836+0600] {processor.py:179} INFO - Processing /Users/asminsadykova/Desktop/h&m/.venv/lib/python3.9/site-packages/airflow/example_dags/example_sla_dag.py took 0.110 seconds
[2025-12-05T00:12:20.066+0600] {processor.py:157} INFO - Started process (PID=43971) to work on /Users/asminsadykova/Desktop/h&m/.venv/lib/python3.9/site-packages/airflow/example_dags/example_sla_dag.py
[2025-12-05T00:12:20.067+0600] {processor.py:829} INFO - Processing file /Users/asminsadykova/Desktop/h&m/.venv/lib/python3.9/site-packages/airflow/example_dags/example_sla_dag.py for tasks to queue
[2025-12-05T00:12:20.067+0600] {logging_mixin.py:154} INFO - [2025-12-05T00:12:20.067+0600] {dagbag.py:536} INFO - Filling up the DagBag from /Users/asminsadykova/Desktop/h&m/.venv/lib/python3.9/site-packages/airflow/example_dags/example_sla_dag.py
[2025-12-05T00:12:20.090+0600] {processor.py:839} INFO - DAG(s) dict_keys(['example_sla_dag']) retrieved from /Users/asminsadykova/Desktop/h&m/.venv/lib/python3.9/site-packages/airflow/example_dags/example_sla_dag.py
[2025-12-05T00:12:20.158+0600] {logging_mixin.py:154} INFO - [2025-12-05T00:12:20.158+0600] {dag.py:2941} INFO - Sync 1 DAGs
[2025-12-05T00:12:20.166+0600] {logging_mixin.py:154} INFO - [2025-12-05T00:12:20.166+0600] {dag.py:3722} INFO - Setting next_dagrun for example_sla_dag to 2025-12-04T18:10:00+00:00, run_after=2025-12-04T18:12:00+00:00
[2025-12-05T00:12:20.174+0600] {processor.py:179} INFO - Processing /Users/asminsadykova/Desktop/h&m/.venv/lib/python3.9/site-packages/airflow/example_dags/example_sla_dag.py took 0.108 seconds
