[2025-12-04T23:17:54.316+0600] {processor.py:157} INFO - Started process (PID=38931) to work on /Users/asminsadykova/Desktop/h&m/.venv/lib/python3.9/site-packages/airflow/example_dags/example_short_circuit_operator.py
[2025-12-04T23:17:54.317+0600] {processor.py:829} INFO - Processing file /Users/asminsadykova/Desktop/h&m/.venv/lib/python3.9/site-packages/airflow/example_dags/example_short_circuit_operator.py for tasks to queue
[2025-12-04T23:17:54.317+0600] {logging_mixin.py:154} INFO - [2025-12-04T23:17:54.317+0600] {dagbag.py:536} INFO - Filling up the DagBag from /Users/asminsadykova/Desktop/h&m/.venv/lib/python3.9/site-packages/airflow/example_dags/example_short_circuit_operator.py
[2025-12-04T23:17:54.334+0600] {processor.py:839} INFO - DAG(s) dict_keys(['example_short_circuit_operator']) retrieved from /Users/asminsadykova/Desktop/h&m/.venv/lib/python3.9/site-packages/airflow/example_dags/example_short_circuit_operator.py
[2025-12-04T23:17:54.574+0600] {logging_mixin.py:154} INFO - [2025-12-04T23:17:54.574+0600] {manager.py:499} INFO - Created Permission View: %s
[2025-12-04T23:17:54.577+0600] {logging_mixin.py:154} INFO - [2025-12-04T23:17:54.577+0600] {manager.py:499} INFO - Created Permission View: %s
[2025-12-04T23:17:54.580+0600] {logging_mixin.py:154} INFO - [2025-12-04T23:17:54.580+0600] {manager.py:499} INFO - Created Permission View: %s
[2025-12-04T23:17:54.580+0600] {logging_mixin.py:154} INFO - [2025-12-04T23:17:54.580+0600] {dag.py:2941} INFO - Sync 1 DAGs
[2025-12-04T23:17:54.584+0600] {logging_mixin.py:154} INFO - [2025-12-04T23:17:54.584+0600] {dag.py:2963} INFO - Creating ORM DAG for example_short_circuit_operator
[2025-12-04T23:17:54.587+0600] {logging_mixin.py:154} INFO - [2025-12-04T23:17:54.587+0600] {dag.py:3722} INFO - Setting next_dagrun for example_short_circuit_operator to 2025-12-03T17:17:54.587130+00:00, run_after=2025-12-04T17:17:54.587130+00:00
[2025-12-04T23:17:54.594+0600] {processor.py:179} INFO - Processing /Users/asminsadykova/Desktop/h&m/.venv/lib/python3.9/site-packages/airflow/example_dags/example_short_circuit_operator.py took 0.278 seconds
[2025-12-04T23:19:12.427+0600] {processor.py:157} INFO - Started process (PID=39024) to work on /Users/asminsadykova/Desktop/h&m/.venv/lib/python3.9/site-packages/airflow/example_dags/example_short_circuit_operator.py
[2025-12-04T23:19:12.428+0600] {processor.py:829} INFO - Processing file /Users/asminsadykova/Desktop/h&m/.venv/lib/python3.9/site-packages/airflow/example_dags/example_short_circuit_operator.py for tasks to queue
[2025-12-04T23:19:12.428+0600] {logging_mixin.py:154} INFO - [2025-12-04T23:19:12.428+0600] {dagbag.py:536} INFO - Filling up the DagBag from /Users/asminsadykova/Desktop/h&m/.venv/lib/python3.9/site-packages/airflow/example_dags/example_short_circuit_operator.py
[2025-12-04T23:19:12.446+0600] {processor.py:839} INFO - DAG(s) dict_keys(['example_short_circuit_operator']) retrieved from /Users/asminsadykova/Desktop/h&m/.venv/lib/python3.9/site-packages/airflow/example_dags/example_short_circuit_operator.py
[2025-12-04T23:19:12.517+0600] {logging_mixin.py:154} INFO - [2025-12-04T23:19:12.517+0600] {dag.py:2941} INFO - Sync 1 DAGs
[2025-12-04T23:19:12.523+0600] {logging_mixin.py:154} INFO - [2025-12-04T23:19:12.523+0600] {dag.py:3722} INFO - Setting next_dagrun for example_short_circuit_operator to 2025-12-03T17:19:12.523299+00:00, run_after=2025-12-04T17:19:12.523299+00:00
[2025-12-04T23:19:12.530+0600] {processor.py:179} INFO - Processing /Users/asminsadykova/Desktop/h&m/.venv/lib/python3.9/site-packages/airflow/example_dags/example_short_circuit_operator.py took 0.104 seconds
[2025-12-04T23:20:37.447+0600] {processor.py:157} INFO - Started process (PID=39127) to work on /Users/asminsadykova/Desktop/h&m/.venv/lib/python3.9/site-packages/airflow/example_dags/example_short_circuit_operator.py
[2025-12-04T23:20:37.448+0600] {processor.py:829} INFO - Processing file /Users/asminsadykova/Desktop/h&m/.venv/lib/python3.9/site-packages/airflow/example_dags/example_short_circuit_operator.py for tasks to queue
[2025-12-04T23:20:37.448+0600] {logging_mixin.py:154} INFO - [2025-12-04T23:20:37.448+0600] {dagbag.py:536} INFO - Filling up the DagBag from /Users/asminsadykova/Desktop/h&m/.venv/lib/python3.9/site-packages/airflow/example_dags/example_short_circuit_operator.py
[2025-12-04T23:20:37.466+0600] {processor.py:839} INFO - DAG(s) dict_keys(['example_short_circuit_operator']) retrieved from /Users/asminsadykova/Desktop/h&m/.venv/lib/python3.9/site-packages/airflow/example_dags/example_short_circuit_operator.py
[2025-12-04T23:20:37.541+0600] {logging_mixin.py:154} INFO - [2025-12-04T23:20:37.541+0600] {dag.py:2941} INFO - Sync 1 DAGs
[2025-12-04T23:20:37.548+0600] {logging_mixin.py:154} INFO - [2025-12-04T23:20:37.548+0600] {dag.py:3722} INFO - Setting next_dagrun for example_short_circuit_operator to 2025-12-03T17:20:37.547952+00:00, run_after=2025-12-04T17:20:37.547952+00:00
[2025-12-04T23:20:37.557+0600] {processor.py:179} INFO - Processing /Users/asminsadykova/Desktop/h&m/.venv/lib/python3.9/site-packages/airflow/example_dags/example_short_circuit_operator.py took 0.110 seconds
[2025-12-04T23:22:03.659+0600] {processor.py:157} INFO - Started process (PID=39230) to work on /Users/asminsadykova/Desktop/h&m/.venv/lib/python3.9/site-packages/airflow/example_dags/example_short_circuit_operator.py
[2025-12-04T23:22:03.659+0600] {processor.py:829} INFO - Processing file /Users/asminsadykova/Desktop/h&m/.venv/lib/python3.9/site-packages/airflow/example_dags/example_short_circuit_operator.py for tasks to queue
[2025-12-04T23:22:03.660+0600] {logging_mixin.py:154} INFO - [2025-12-04T23:22:03.659+0600] {dagbag.py:536} INFO - Filling up the DagBag from /Users/asminsadykova/Desktop/h&m/.venv/lib/python3.9/site-packages/airflow/example_dags/example_short_circuit_operator.py
[2025-12-04T23:22:03.676+0600] {processor.py:839} INFO - DAG(s) dict_keys(['example_short_circuit_operator']) retrieved from /Users/asminsadykova/Desktop/h&m/.venv/lib/python3.9/site-packages/airflow/example_dags/example_short_circuit_operator.py
[2025-12-04T23:22:03.746+0600] {logging_mixin.py:154} INFO - [2025-12-04T23:22:03.746+0600] {dag.py:2941} INFO - Sync 1 DAGs
[2025-12-04T23:22:03.752+0600] {logging_mixin.py:154} INFO - [2025-12-04T23:22:03.752+0600] {dag.py:3722} INFO - Setting next_dagrun for example_short_circuit_operator to 2025-12-03T17:22:03.752579+00:00, run_after=2025-12-04T17:22:03.752579+00:00
[2025-12-04T23:22:03.761+0600] {processor.py:179} INFO - Processing /Users/asminsadykova/Desktop/h&m/.venv/lib/python3.9/site-packages/airflow/example_dags/example_short_circuit_operator.py took 0.102 seconds
[2025-12-04T23:23:33.541+0600] {processor.py:157} INFO - Started process (PID=39307) to work on /Users/asminsadykova/Desktop/h&m/.venv/lib/python3.9/site-packages/airflow/example_dags/example_short_circuit_operator.py
[2025-12-04T23:23:33.542+0600] {processor.py:829} INFO - Processing file /Users/asminsadykova/Desktop/h&m/.venv/lib/python3.9/site-packages/airflow/example_dags/example_short_circuit_operator.py for tasks to queue
[2025-12-04T23:23:33.542+0600] {logging_mixin.py:154} INFO - [2025-12-04T23:23:33.542+0600] {dagbag.py:536} INFO - Filling up the DagBag from /Users/asminsadykova/Desktop/h&m/.venv/lib/python3.9/site-packages/airflow/example_dags/example_short_circuit_operator.py
[2025-12-04T23:23:33.559+0600] {processor.py:839} INFO - DAG(s) dict_keys(['example_short_circuit_operator']) retrieved from /Users/asminsadykova/Desktop/h&m/.venv/lib/python3.9/site-packages/airflow/example_dags/example_short_circuit_operator.py
[2025-12-04T23:23:33.632+0600] {logging_mixin.py:154} INFO - [2025-12-04T23:23:33.632+0600] {dag.py:2941} INFO - Sync 1 DAGs
[2025-12-04T23:23:33.638+0600] {logging_mixin.py:154} INFO - [2025-12-04T23:23:33.638+0600] {dag.py:3722} INFO - Setting next_dagrun for example_short_circuit_operator to 2025-12-03T17:23:33.638831+00:00, run_after=2025-12-04T17:23:33.638831+00:00
[2025-12-04T23:23:33.648+0600] {processor.py:179} INFO - Processing /Users/asminsadykova/Desktop/h&m/.venv/lib/python3.9/site-packages/airflow/example_dags/example_short_circuit_operator.py took 0.108 seconds
[2025-12-04T23:25:11.455+0600] {processor.py:157} INFO - Started process (PID=39507) to work on /Users/asminsadykova/Desktop/h&m/.venv/lib/python3.9/site-packages/airflow/example_dags/example_short_circuit_operator.py
[2025-12-04T23:25:11.456+0600] {processor.py:829} INFO - Processing file /Users/asminsadykova/Desktop/h&m/.venv/lib/python3.9/site-packages/airflow/example_dags/example_short_circuit_operator.py for tasks to queue
[2025-12-04T23:25:11.456+0600] {logging_mixin.py:154} INFO - [2025-12-04T23:25:11.456+0600] {dagbag.py:536} INFO - Filling up the DagBag from /Users/asminsadykova/Desktop/h&m/.venv/lib/python3.9/site-packages/airflow/example_dags/example_short_circuit_operator.py
[2025-12-04T23:25:11.473+0600] {processor.py:839} INFO - DAG(s) dict_keys(['example_short_circuit_operator']) retrieved from /Users/asminsadykova/Desktop/h&m/.venv/lib/python3.9/site-packages/airflow/example_dags/example_short_circuit_operator.py
[2025-12-04T23:25:11.546+0600] {logging_mixin.py:154} INFO - [2025-12-04T23:25:11.546+0600] {dag.py:2941} INFO - Sync 1 DAGs
[2025-12-04T23:25:11.552+0600] {logging_mixin.py:154} INFO - [2025-12-04T23:25:11.552+0600] {dag.py:3722} INFO - Setting next_dagrun for example_short_circuit_operator to 2025-12-03T17:25:11.552733+00:00, run_after=2025-12-04T17:25:11.552733+00:00
[2025-12-04T23:25:11.560+0600] {processor.py:179} INFO - Processing /Users/asminsadykova/Desktop/h&m/.venv/lib/python3.9/site-packages/airflow/example_dags/example_short_circuit_operator.py took 0.105 seconds
[2025-12-04T23:26:45.472+0600] {processor.py:157} INFO - Started process (PID=39606) to work on /Users/asminsadykova/Desktop/h&m/.venv/lib/python3.9/site-packages/airflow/example_dags/example_short_circuit_operator.py
[2025-12-04T23:26:45.473+0600] {processor.py:829} INFO - Processing file /Users/asminsadykova/Desktop/h&m/.venv/lib/python3.9/site-packages/airflow/example_dags/example_short_circuit_operator.py for tasks to queue
[2025-12-04T23:26:45.473+0600] {logging_mixin.py:154} INFO - [2025-12-04T23:26:45.473+0600] {dagbag.py:536} INFO - Filling up the DagBag from /Users/asminsadykova/Desktop/h&m/.venv/lib/python3.9/site-packages/airflow/example_dags/example_short_circuit_operator.py
[2025-12-04T23:26:45.490+0600] {processor.py:839} INFO - DAG(s) dict_keys(['example_short_circuit_operator']) retrieved from /Users/asminsadykova/Desktop/h&m/.venv/lib/python3.9/site-packages/airflow/example_dags/example_short_circuit_operator.py
[2025-12-04T23:26:45.562+0600] {logging_mixin.py:154} INFO - [2025-12-04T23:26:45.562+0600] {dag.py:2941} INFO - Sync 1 DAGs
[2025-12-04T23:26:45.568+0600] {logging_mixin.py:154} INFO - [2025-12-04T23:26:45.568+0600] {dag.py:3722} INFO - Setting next_dagrun for example_short_circuit_operator to 2025-12-03T17:26:45.568592+00:00, run_after=2025-12-04T17:26:45.568592+00:00
[2025-12-04T23:26:45.576+0600] {processor.py:179} INFO - Processing /Users/asminsadykova/Desktop/h&m/.venv/lib/python3.9/site-packages/airflow/example_dags/example_short_circuit_operator.py took 0.104 seconds
[2025-12-04T23:28:17.515+0600] {processor.py:157} INFO - Started process (PID=39705) to work on /Users/asminsadykova/Desktop/h&m/.venv/lib/python3.9/site-packages/airflow/example_dags/example_short_circuit_operator.py
[2025-12-04T23:28:17.515+0600] {processor.py:829} INFO - Processing file /Users/asminsadykova/Desktop/h&m/.venv/lib/python3.9/site-packages/airflow/example_dags/example_short_circuit_operator.py for tasks to queue
[2025-12-04T23:28:17.516+0600] {logging_mixin.py:154} INFO - [2025-12-04T23:28:17.516+0600] {dagbag.py:536} INFO - Filling up the DagBag from /Users/asminsadykova/Desktop/h&m/.venv/lib/python3.9/site-packages/airflow/example_dags/example_short_circuit_operator.py
[2025-12-04T23:28:17.533+0600] {processor.py:839} INFO - DAG(s) dict_keys(['example_short_circuit_operator']) retrieved from /Users/asminsadykova/Desktop/h&m/.venv/lib/python3.9/site-packages/airflow/example_dags/example_short_circuit_operator.py
[2025-12-04T23:28:17.606+0600] {logging_mixin.py:154} INFO - [2025-12-04T23:28:17.605+0600] {dag.py:2941} INFO - Sync 1 DAGs
[2025-12-04T23:28:17.612+0600] {logging_mixin.py:154} INFO - [2025-12-04T23:28:17.612+0600] {dag.py:3722} INFO - Setting next_dagrun for example_short_circuit_operator to 2025-12-03T17:28:17.612208+00:00, run_after=2025-12-04T17:28:17.612208+00:00
[2025-12-04T23:28:17.621+0600] {processor.py:179} INFO - Processing /Users/asminsadykova/Desktop/h&m/.venv/lib/python3.9/site-packages/airflow/example_dags/example_short_circuit_operator.py took 0.107 seconds
[2025-12-04T23:29:41.787+0600] {processor.py:157} INFO - Started process (PID=39780) to work on /Users/asminsadykova/Desktop/h&m/.venv/lib/python3.9/site-packages/airflow/example_dags/example_short_circuit_operator.py
[2025-12-04T23:29:41.788+0600] {processor.py:829} INFO - Processing file /Users/asminsadykova/Desktop/h&m/.venv/lib/python3.9/site-packages/airflow/example_dags/example_short_circuit_operator.py for tasks to queue
[2025-12-04T23:29:41.788+0600] {logging_mixin.py:154} INFO - [2025-12-04T23:29:41.788+0600] {dagbag.py:536} INFO - Filling up the DagBag from /Users/asminsadykova/Desktop/h&m/.venv/lib/python3.9/site-packages/airflow/example_dags/example_short_circuit_operator.py
[2025-12-04T23:29:41.804+0600] {processor.py:839} INFO - DAG(s) dict_keys(['example_short_circuit_operator']) retrieved from /Users/asminsadykova/Desktop/h&m/.venv/lib/python3.9/site-packages/airflow/example_dags/example_short_circuit_operator.py
[2025-12-04T23:29:41.875+0600] {logging_mixin.py:154} INFO - [2025-12-04T23:29:41.875+0600] {dag.py:2941} INFO - Sync 1 DAGs
[2025-12-04T23:29:41.881+0600] {logging_mixin.py:154} INFO - [2025-12-04T23:29:41.881+0600] {dag.py:3722} INFO - Setting next_dagrun for example_short_circuit_operator to 2025-12-03T17:29:41.881611+00:00, run_after=2025-12-04T17:29:41.881611+00:00
[2025-12-04T23:29:41.890+0600] {processor.py:179} INFO - Processing /Users/asminsadykova/Desktop/h&m/.venv/lib/python3.9/site-packages/airflow/example_dags/example_short_circuit_operator.py took 0.103 seconds
[2025-12-04T23:31:03.737+0600] {processor.py:157} INFO - Started process (PID=39847) to work on /Users/asminsadykova/Desktop/h&m/.venv/lib/python3.9/site-packages/airflow/example_dags/example_short_circuit_operator.py
[2025-12-04T23:31:03.738+0600] {processor.py:829} INFO - Processing file /Users/asminsadykova/Desktop/h&m/.venv/lib/python3.9/site-packages/airflow/example_dags/example_short_circuit_operator.py for tasks to queue
[2025-12-04T23:31:03.739+0600] {logging_mixin.py:154} INFO - [2025-12-04T23:31:03.738+0600] {dagbag.py:536} INFO - Filling up the DagBag from /Users/asminsadykova/Desktop/h&m/.venv/lib/python3.9/site-packages/airflow/example_dags/example_short_circuit_operator.py
[2025-12-04T23:31:03.755+0600] {processor.py:839} INFO - DAG(s) dict_keys(['example_short_circuit_operator']) retrieved from /Users/asminsadykova/Desktop/h&m/.venv/lib/python3.9/site-packages/airflow/example_dags/example_short_circuit_operator.py
[2025-12-04T23:31:03.826+0600] {logging_mixin.py:154} INFO - [2025-12-04T23:31:03.826+0600] {dag.py:2941} INFO - Sync 1 DAGs
[2025-12-04T23:31:03.832+0600] {logging_mixin.py:154} INFO - [2025-12-04T23:31:03.832+0600] {dag.py:3722} INFO - Setting next_dagrun for example_short_circuit_operator to 2025-12-03T17:31:03.832453+00:00, run_after=2025-12-04T17:31:03.832453+00:00
[2025-12-04T23:31:03.840+0600] {processor.py:179} INFO - Processing /Users/asminsadykova/Desktop/h&m/.venv/lib/python3.9/site-packages/airflow/example_dags/example_short_circuit_operator.py took 0.104 seconds
[2025-12-04T23:32:31.475+0600] {processor.py:157} INFO - Started process (PID=40062) to work on /Users/asminsadykova/Desktop/h&m/.venv/lib/python3.9/site-packages/airflow/example_dags/example_short_circuit_operator.py
[2025-12-04T23:32:31.476+0600] {processor.py:829} INFO - Processing file /Users/asminsadykova/Desktop/h&m/.venv/lib/python3.9/site-packages/airflow/example_dags/example_short_circuit_operator.py for tasks to queue
[2025-12-04T23:32:31.476+0600] {logging_mixin.py:154} INFO - [2025-12-04T23:32:31.476+0600] {dagbag.py:536} INFO - Filling up the DagBag from /Users/asminsadykova/Desktop/h&m/.venv/lib/python3.9/site-packages/airflow/example_dags/example_short_circuit_operator.py
[2025-12-04T23:32:31.494+0600] {processor.py:839} INFO - DAG(s) dict_keys(['example_short_circuit_operator']) retrieved from /Users/asminsadykova/Desktop/h&m/.venv/lib/python3.9/site-packages/airflow/example_dags/example_short_circuit_operator.py
[2025-12-04T23:32:31.570+0600] {logging_mixin.py:154} INFO - [2025-12-04T23:32:31.569+0600] {dag.py:2941} INFO - Sync 1 DAGs
[2025-12-04T23:32:31.576+0600] {logging_mixin.py:154} INFO - [2025-12-04T23:32:31.576+0600] {dag.py:3722} INFO - Setting next_dagrun for example_short_circuit_operator to 2025-12-03T17:32:31.576613+00:00, run_after=2025-12-04T17:32:31.576613+00:00
[2025-12-04T23:32:31.587+0600] {processor.py:179} INFO - Processing /Users/asminsadykova/Desktop/h&m/.venv/lib/python3.9/site-packages/airflow/example_dags/example_short_circuit_operator.py took 0.111 seconds
[2025-12-04T23:33:53.801+0600] {processor.py:157} INFO - Started process (PID=40143) to work on /Users/asminsadykova/Desktop/h&m/.venv/lib/python3.9/site-packages/airflow/example_dags/example_short_circuit_operator.py
[2025-12-04T23:33:53.801+0600] {processor.py:829} INFO - Processing file /Users/asminsadykova/Desktop/h&m/.venv/lib/python3.9/site-packages/airflow/example_dags/example_short_circuit_operator.py for tasks to queue
[2025-12-04T23:33:53.802+0600] {logging_mixin.py:154} INFO - [2025-12-04T23:33:53.802+0600] {dagbag.py:536} INFO - Filling up the DagBag from /Users/asminsadykova/Desktop/h&m/.venv/lib/python3.9/site-packages/airflow/example_dags/example_short_circuit_operator.py
[2025-12-04T23:33:53.819+0600] {processor.py:839} INFO - DAG(s) dict_keys(['example_short_circuit_operator']) retrieved from /Users/asminsadykova/Desktop/h&m/.venv/lib/python3.9/site-packages/airflow/example_dags/example_short_circuit_operator.py
[2025-12-04T23:33:53.890+0600] {logging_mixin.py:154} INFO - [2025-12-04T23:33:53.890+0600] {dag.py:2941} INFO - Sync 1 DAGs
[2025-12-04T23:33:53.896+0600] {logging_mixin.py:154} INFO - [2025-12-04T23:33:53.896+0600] {dag.py:3722} INFO - Setting next_dagrun for example_short_circuit_operator to 2025-12-03T17:33:53.896856+00:00, run_after=2025-12-04T17:33:53.896856+00:00
[2025-12-04T23:33:53.904+0600] {processor.py:179} INFO - Processing /Users/asminsadykova/Desktop/h&m/.venv/lib/python3.9/site-packages/airflow/example_dags/example_short_circuit_operator.py took 0.104 seconds
[2025-12-04T23:35:27.711+0600] {processor.py:157} INFO - Started process (PID=40235) to work on /Users/asminsadykova/Desktop/h&m/.venv/lib/python3.9/site-packages/airflow/example_dags/example_short_circuit_operator.py
[2025-12-04T23:35:27.711+0600] {processor.py:829} INFO - Processing file /Users/asminsadykova/Desktop/h&m/.venv/lib/python3.9/site-packages/airflow/example_dags/example_short_circuit_operator.py for tasks to queue
[2025-12-04T23:35:27.712+0600] {logging_mixin.py:154} INFO - [2025-12-04T23:35:27.712+0600] {dagbag.py:536} INFO - Filling up the DagBag from /Users/asminsadykova/Desktop/h&m/.venv/lib/python3.9/site-packages/airflow/example_dags/example_short_circuit_operator.py
[2025-12-04T23:35:27.729+0600] {processor.py:839} INFO - DAG(s) dict_keys(['example_short_circuit_operator']) retrieved from /Users/asminsadykova/Desktop/h&m/.venv/lib/python3.9/site-packages/airflow/example_dags/example_short_circuit_operator.py
[2025-12-04T23:35:27.802+0600] {logging_mixin.py:154} INFO - [2025-12-04T23:35:27.802+0600] {dag.py:2941} INFO - Sync 1 DAGs
[2025-12-04T23:35:27.808+0600] {logging_mixin.py:154} INFO - [2025-12-04T23:35:27.808+0600] {dag.py:3722} INFO - Setting next_dagrun for example_short_circuit_operator to 2025-12-03T17:35:27.808303+00:00, run_after=2025-12-04T17:35:27.808303+00:00
[2025-12-04T23:35:27.816+0600] {processor.py:179} INFO - Processing /Users/asminsadykova/Desktop/h&m/.venv/lib/python3.9/site-packages/airflow/example_dags/example_short_circuit_operator.py took 0.106 seconds
[2025-12-04T23:37:04.289+0600] {processor.py:157} INFO - Started process (PID=40316) to work on /Users/asminsadykova/Desktop/h&m/.venv/lib/python3.9/site-packages/airflow/example_dags/example_short_circuit_operator.py
[2025-12-04T23:37:04.289+0600] {processor.py:829} INFO - Processing file /Users/asminsadykova/Desktop/h&m/.venv/lib/python3.9/site-packages/airflow/example_dags/example_short_circuit_operator.py for tasks to queue
[2025-12-04T23:37:04.290+0600] {logging_mixin.py:154} INFO - [2025-12-04T23:37:04.290+0600] {dagbag.py:536} INFO - Filling up the DagBag from /Users/asminsadykova/Desktop/h&m/.venv/lib/python3.9/site-packages/airflow/example_dags/example_short_circuit_operator.py
[2025-12-04T23:37:04.308+0600] {processor.py:839} INFO - DAG(s) dict_keys(['example_short_circuit_operator']) retrieved from /Users/asminsadykova/Desktop/h&m/.venv/lib/python3.9/site-packages/airflow/example_dags/example_short_circuit_operator.py
[2025-12-04T23:37:04.380+0600] {logging_mixin.py:154} INFO - [2025-12-04T23:37:04.380+0600] {dag.py:2941} INFO - Sync 1 DAGs
[2025-12-04T23:37:04.386+0600] {logging_mixin.py:154} INFO - [2025-12-04T23:37:04.386+0600] {dag.py:3722} INFO - Setting next_dagrun for example_short_circuit_operator to 2025-12-03T17:37:04.386807+00:00, run_after=2025-12-04T17:37:04.386807+00:00
[2025-12-04T23:37:04.395+0600] {processor.py:179} INFO - Processing /Users/asminsadykova/Desktop/h&m/.venv/lib/python3.9/site-packages/airflow/example_dags/example_short_circuit_operator.py took 0.106 seconds
[2025-12-04T23:38:36.606+0600] {processor.py:157} INFO - Started process (PID=40409) to work on /Users/asminsadykova/Desktop/h&m/.venv/lib/python3.9/site-packages/airflow/example_dags/example_short_circuit_operator.py
[2025-12-04T23:38:36.607+0600] {processor.py:829} INFO - Processing file /Users/asminsadykova/Desktop/h&m/.venv/lib/python3.9/site-packages/airflow/example_dags/example_short_circuit_operator.py for tasks to queue
[2025-12-04T23:38:36.607+0600] {logging_mixin.py:154} INFO - [2025-12-04T23:38:36.607+0600] {dagbag.py:536} INFO - Filling up the DagBag from /Users/asminsadykova/Desktop/h&m/.venv/lib/python3.9/site-packages/airflow/example_dags/example_short_circuit_operator.py
[2025-12-04T23:38:36.626+0600] {processor.py:839} INFO - DAG(s) dict_keys(['example_short_circuit_operator']) retrieved from /Users/asminsadykova/Desktop/h&m/.venv/lib/python3.9/site-packages/airflow/example_dags/example_short_circuit_operator.py
[2025-12-04T23:38:36.703+0600] {logging_mixin.py:154} INFO - [2025-12-04T23:38:36.702+0600] {dag.py:2941} INFO - Sync 1 DAGs
[2025-12-04T23:38:36.709+0600] {logging_mixin.py:154} INFO - [2025-12-04T23:38:36.709+0600] {dag.py:3722} INFO - Setting next_dagrun for example_short_circuit_operator to 2025-12-03T17:38:36.709713+00:00, run_after=2025-12-04T17:38:36.709713+00:00
[2025-12-04T23:38:36.718+0600] {processor.py:179} INFO - Processing /Users/asminsadykova/Desktop/h&m/.venv/lib/python3.9/site-packages/airflow/example_dags/example_short_circuit_operator.py took 0.113 seconds
[2025-12-04T23:40:09.299+0600] {processor.py:157} INFO - Started process (PID=40491) to work on /Users/asminsadykova/Desktop/h&m/.venv/lib/python3.9/site-packages/airflow/example_dags/example_short_circuit_operator.py
[2025-12-04T23:40:09.299+0600] {processor.py:829} INFO - Processing file /Users/asminsadykova/Desktop/h&m/.venv/lib/python3.9/site-packages/airflow/example_dags/example_short_circuit_operator.py for tasks to queue
[2025-12-04T23:40:09.300+0600] {logging_mixin.py:154} INFO - [2025-12-04T23:40:09.300+0600] {dagbag.py:536} INFO - Filling up the DagBag from /Users/asminsadykova/Desktop/h&m/.venv/lib/python3.9/site-packages/airflow/example_dags/example_short_circuit_operator.py
[2025-12-04T23:40:09.317+0600] {processor.py:839} INFO - DAG(s) dict_keys(['example_short_circuit_operator']) retrieved from /Users/asminsadykova/Desktop/h&m/.venv/lib/python3.9/site-packages/airflow/example_dags/example_short_circuit_operator.py
[2025-12-04T23:40:09.391+0600] {logging_mixin.py:154} INFO - [2025-12-04T23:40:09.391+0600] {dag.py:2941} INFO - Sync 1 DAGs
[2025-12-04T23:40:09.397+0600] {logging_mixin.py:154} INFO - [2025-12-04T23:40:09.397+0600] {dag.py:3722} INFO - Setting next_dagrun for example_short_circuit_operator to 2025-12-03T17:40:09.397779+00:00, run_after=2025-12-04T17:40:09.397779+00:00
[2025-12-04T23:40:09.406+0600] {processor.py:179} INFO - Processing /Users/asminsadykova/Desktop/h&m/.venv/lib/python3.9/site-packages/airflow/example_dags/example_short_circuit_operator.py took 0.107 seconds
[2025-12-04T23:41:45.318+0600] {processor.py:157} INFO - Started process (PID=40625) to work on /Users/asminsadykova/Desktop/h&m/.venv/lib/python3.9/site-packages/airflow/example_dags/example_short_circuit_operator.py
[2025-12-04T23:41:45.319+0600] {processor.py:829} INFO - Processing file /Users/asminsadykova/Desktop/h&m/.venv/lib/python3.9/site-packages/airflow/example_dags/example_short_circuit_operator.py for tasks to queue
[2025-12-04T23:41:45.319+0600] {logging_mixin.py:154} INFO - [2025-12-04T23:41:45.319+0600] {dagbag.py:536} INFO - Filling up the DagBag from /Users/asminsadykova/Desktop/h&m/.venv/lib/python3.9/site-packages/airflow/example_dags/example_short_circuit_operator.py
[2025-12-04T23:41:45.335+0600] {processor.py:839} INFO - DAG(s) dict_keys(['example_short_circuit_operator']) retrieved from /Users/asminsadykova/Desktop/h&m/.venv/lib/python3.9/site-packages/airflow/example_dags/example_short_circuit_operator.py
[2025-12-04T23:41:45.406+0600] {logging_mixin.py:154} INFO - [2025-12-04T23:41:45.405+0600] {dag.py:2941} INFO - Sync 1 DAGs
[2025-12-04T23:41:45.412+0600] {logging_mixin.py:154} INFO - [2025-12-04T23:41:45.412+0600] {dag.py:3722} INFO - Setting next_dagrun for example_short_circuit_operator to 2025-12-03T17:41:45.412117+00:00, run_after=2025-12-04T17:41:45.412117+00:00
[2025-12-04T23:41:45.420+0600] {processor.py:179} INFO - Processing /Users/asminsadykova/Desktop/h&m/.venv/lib/python3.9/site-packages/airflow/example_dags/example_short_circuit_operator.py took 0.103 seconds
[2025-12-04T23:43:14.443+0600] {processor.py:157} INFO - Started process (PID=40744) to work on /Users/asminsadykova/Desktop/h&m/.venv/lib/python3.9/site-packages/airflow/example_dags/example_short_circuit_operator.py
[2025-12-04T23:43:14.445+0600] {processor.py:829} INFO - Processing file /Users/asminsadykova/Desktop/h&m/.venv/lib/python3.9/site-packages/airflow/example_dags/example_short_circuit_operator.py for tasks to queue
[2025-12-04T23:43:14.445+0600] {logging_mixin.py:154} INFO - [2025-12-04T23:43:14.445+0600] {dagbag.py:536} INFO - Filling up the DagBag from /Users/asminsadykova/Desktop/h&m/.venv/lib/python3.9/site-packages/airflow/example_dags/example_short_circuit_operator.py
[2025-12-04T23:43:14.464+0600] {processor.py:839} INFO - DAG(s) dict_keys(['example_short_circuit_operator']) retrieved from /Users/asminsadykova/Desktop/h&m/.venv/lib/python3.9/site-packages/airflow/example_dags/example_short_circuit_operator.py
[2025-12-04T23:43:14.535+0600] {logging_mixin.py:154} INFO - [2025-12-04T23:43:14.535+0600] {dag.py:2941} INFO - Sync 1 DAGs
[2025-12-04T23:43:14.541+0600] {logging_mixin.py:154} INFO - [2025-12-04T23:43:14.541+0600] {dag.py:3722} INFO - Setting next_dagrun for example_short_circuit_operator to 2025-12-03T17:43:14.541323+00:00, run_after=2025-12-04T17:43:14.541323+00:00
[2025-12-04T23:43:14.551+0600] {processor.py:179} INFO - Processing /Users/asminsadykova/Desktop/h&m/.venv/lib/python3.9/site-packages/airflow/example_dags/example_short_circuit_operator.py took 0.108 seconds
[2025-12-04T23:44:51.230+0600] {processor.py:157} INFO - Started process (PID=41052) to work on /Users/asminsadykova/Desktop/h&m/.venv/lib/python3.9/site-packages/airflow/example_dags/example_short_circuit_operator.py
[2025-12-04T23:44:51.231+0600] {processor.py:829} INFO - Processing file /Users/asminsadykova/Desktop/h&m/.venv/lib/python3.9/site-packages/airflow/example_dags/example_short_circuit_operator.py for tasks to queue
[2025-12-04T23:44:51.231+0600] {logging_mixin.py:154} INFO - [2025-12-04T23:44:51.231+0600] {dagbag.py:536} INFO - Filling up the DagBag from /Users/asminsadykova/Desktop/h&m/.venv/lib/python3.9/site-packages/airflow/example_dags/example_short_circuit_operator.py
[2025-12-04T23:44:51.248+0600] {processor.py:839} INFO - DAG(s) dict_keys(['example_short_circuit_operator']) retrieved from /Users/asminsadykova/Desktop/h&m/.venv/lib/python3.9/site-packages/airflow/example_dags/example_short_circuit_operator.py
[2025-12-04T23:44:51.319+0600] {logging_mixin.py:154} INFO - [2025-12-04T23:44:51.319+0600] {dag.py:2941} INFO - Sync 1 DAGs
[2025-12-04T23:44:51.325+0600] {logging_mixin.py:154} INFO - [2025-12-04T23:44:51.325+0600] {dag.py:3722} INFO - Setting next_dagrun for example_short_circuit_operator to 2025-12-03T17:44:51.325390+00:00, run_after=2025-12-04T17:44:51.325390+00:00
[2025-12-04T23:44:51.333+0600] {processor.py:179} INFO - Processing /Users/asminsadykova/Desktop/h&m/.venv/lib/python3.9/site-packages/airflow/example_dags/example_short_circuit_operator.py took 0.104 seconds
[2025-12-04T23:46:27.455+0600] {processor.py:157} INFO - Started process (PID=41310) to work on /Users/asminsadykova/Desktop/h&m/.venv/lib/python3.9/site-packages/airflow/example_dags/example_short_circuit_operator.py
[2025-12-04T23:46:27.455+0600] {processor.py:829} INFO - Processing file /Users/asminsadykova/Desktop/h&m/.venv/lib/python3.9/site-packages/airflow/example_dags/example_short_circuit_operator.py for tasks to queue
[2025-12-04T23:46:27.456+0600] {logging_mixin.py:154} INFO - [2025-12-04T23:46:27.456+0600] {dagbag.py:536} INFO - Filling up the DagBag from /Users/asminsadykova/Desktop/h&m/.venv/lib/python3.9/site-packages/airflow/example_dags/example_short_circuit_operator.py
[2025-12-04T23:46:27.473+0600] {processor.py:839} INFO - DAG(s) dict_keys(['example_short_circuit_operator']) retrieved from /Users/asminsadykova/Desktop/h&m/.venv/lib/python3.9/site-packages/airflow/example_dags/example_short_circuit_operator.py
[2025-12-04T23:46:27.545+0600] {logging_mixin.py:154} INFO - [2025-12-04T23:46:27.545+0600] {dag.py:2941} INFO - Sync 1 DAGs
[2025-12-04T23:46:27.551+0600] {logging_mixin.py:154} INFO - [2025-12-04T23:46:27.551+0600] {dag.py:3722} INFO - Setting next_dagrun for example_short_circuit_operator to 2025-12-03T17:46:27.551478+00:00, run_after=2025-12-04T17:46:27.551478+00:00
[2025-12-04T23:46:27.560+0600] {processor.py:179} INFO - Processing /Users/asminsadykova/Desktop/h&m/.venv/lib/python3.9/site-packages/airflow/example_dags/example_short_circuit_operator.py took 0.106 seconds
[2025-12-04T23:47:55.262+0600] {processor.py:157} INFO - Started process (PID=41607) to work on /Users/asminsadykova/Desktop/h&m/.venv/lib/python3.9/site-packages/airflow/example_dags/example_short_circuit_operator.py
[2025-12-04T23:47:55.263+0600] {processor.py:829} INFO - Processing file /Users/asminsadykova/Desktop/h&m/.venv/lib/python3.9/site-packages/airflow/example_dags/example_short_circuit_operator.py for tasks to queue
[2025-12-04T23:47:55.264+0600] {logging_mixin.py:154} INFO - [2025-12-04T23:47:55.264+0600] {dagbag.py:536} INFO - Filling up the DagBag from /Users/asminsadykova/Desktop/h&m/.venv/lib/python3.9/site-packages/airflow/example_dags/example_short_circuit_operator.py
[2025-12-04T23:47:55.280+0600] {processor.py:839} INFO - DAG(s) dict_keys(['example_short_circuit_operator']) retrieved from /Users/asminsadykova/Desktop/h&m/.venv/lib/python3.9/site-packages/airflow/example_dags/example_short_circuit_operator.py
[2025-12-04T23:47:55.353+0600] {logging_mixin.py:154} INFO - [2025-12-04T23:47:55.352+0600] {dag.py:2941} INFO - Sync 1 DAGs
[2025-12-04T23:47:55.359+0600] {logging_mixin.py:154} INFO - [2025-12-04T23:47:55.359+0600] {dag.py:3722} INFO - Setting next_dagrun for example_short_circuit_operator to 2025-12-03T17:47:55.359349+00:00, run_after=2025-12-04T17:47:55.359349+00:00
[2025-12-04T23:47:55.368+0600] {processor.py:179} INFO - Processing /Users/asminsadykova/Desktop/h&m/.venv/lib/python3.9/site-packages/airflow/example_dags/example_short_circuit_operator.py took 0.106 seconds
[2025-12-04T23:49:23.118+0600] {processor.py:157} INFO - Started process (PID=41706) to work on /Users/asminsadykova/Desktop/h&m/.venv/lib/python3.9/site-packages/airflow/example_dags/example_short_circuit_operator.py
[2025-12-04T23:49:23.120+0600] {processor.py:829} INFO - Processing file /Users/asminsadykova/Desktop/h&m/.venv/lib/python3.9/site-packages/airflow/example_dags/example_short_circuit_operator.py for tasks to queue
[2025-12-04T23:49:23.120+0600] {logging_mixin.py:154} INFO - [2025-12-04T23:49:23.120+0600] {dagbag.py:536} INFO - Filling up the DagBag from /Users/asminsadykova/Desktop/h&m/.venv/lib/python3.9/site-packages/airflow/example_dags/example_short_circuit_operator.py
[2025-12-04T23:49:23.138+0600] {processor.py:839} INFO - DAG(s) dict_keys(['example_short_circuit_operator']) retrieved from /Users/asminsadykova/Desktop/h&m/.venv/lib/python3.9/site-packages/airflow/example_dags/example_short_circuit_operator.py
[2025-12-04T23:49:23.212+0600] {logging_mixin.py:154} INFO - [2025-12-04T23:49:23.212+0600] {dag.py:2941} INFO - Sync 1 DAGs
[2025-12-04T23:49:23.219+0600] {logging_mixin.py:154} INFO - [2025-12-04T23:49:23.219+0600] {dag.py:3722} INFO - Setting next_dagrun for example_short_circuit_operator to 2025-12-03T17:49:23.219123+00:00, run_after=2025-12-04T17:49:23.219123+00:00
[2025-12-04T23:49:23.227+0600] {processor.py:179} INFO - Processing /Users/asminsadykova/Desktop/h&m/.venv/lib/python3.9/site-packages/airflow/example_dags/example_short_circuit_operator.py took 0.109 seconds
[2025-12-04T23:51:03.948+0600] {processor.py:157} INFO - Started process (PID=41834) to work on /Users/asminsadykova/Desktop/h&m/.venv/lib/python3.9/site-packages/airflow/example_dags/example_short_circuit_operator.py
[2025-12-04T23:51:03.948+0600] {processor.py:829} INFO - Processing file /Users/asminsadykova/Desktop/h&m/.venv/lib/python3.9/site-packages/airflow/example_dags/example_short_circuit_operator.py for tasks to queue
[2025-12-04T23:51:03.948+0600] {logging_mixin.py:154} INFO - [2025-12-04T23:51:03.948+0600] {dagbag.py:536} INFO - Filling up the DagBag from /Users/asminsadykova/Desktop/h&m/.venv/lib/python3.9/site-packages/airflow/example_dags/example_short_circuit_operator.py
[2025-12-04T23:51:03.966+0600] {processor.py:839} INFO - DAG(s) dict_keys(['example_short_circuit_operator']) retrieved from /Users/asminsadykova/Desktop/h&m/.venv/lib/python3.9/site-packages/airflow/example_dags/example_short_circuit_operator.py
[2025-12-04T23:51:04.039+0600] {logging_mixin.py:154} INFO - [2025-12-04T23:51:04.039+0600] {dag.py:2941} INFO - Sync 1 DAGs
[2025-12-04T23:51:04.046+0600] {logging_mixin.py:154} INFO - [2025-12-04T23:51:04.046+0600] {dag.py:3722} INFO - Setting next_dagrun for example_short_circuit_operator to 2025-12-03T17:51:04.046034+00:00, run_after=2025-12-04T17:51:04.046034+00:00
[2025-12-04T23:51:04.054+0600] {processor.py:179} INFO - Processing /Users/asminsadykova/Desktop/h&m/.venv/lib/python3.9/site-packages/airflow/example_dags/example_short_circuit_operator.py took 0.107 seconds
[2025-12-04T23:52:37.041+0600] {processor.py:157} INFO - Started process (PID=42071) to work on /Users/asminsadykova/Desktop/h&m/.venv/lib/python3.9/site-packages/airflow/example_dags/example_short_circuit_operator.py
[2025-12-04T23:52:37.041+0600] {processor.py:829} INFO - Processing file /Users/asminsadykova/Desktop/h&m/.venv/lib/python3.9/site-packages/airflow/example_dags/example_short_circuit_operator.py for tasks to queue
[2025-12-04T23:52:37.042+0600] {logging_mixin.py:154} INFO - [2025-12-04T23:52:37.042+0600] {dagbag.py:536} INFO - Filling up the DagBag from /Users/asminsadykova/Desktop/h&m/.venv/lib/python3.9/site-packages/airflow/example_dags/example_short_circuit_operator.py
[2025-12-04T23:52:37.061+0600] {processor.py:839} INFO - DAG(s) dict_keys(['example_short_circuit_operator']) retrieved from /Users/asminsadykova/Desktop/h&m/.venv/lib/python3.9/site-packages/airflow/example_dags/example_short_circuit_operator.py
[2025-12-04T23:52:37.136+0600] {logging_mixin.py:154} INFO - [2025-12-04T23:52:37.136+0600] {dag.py:2941} INFO - Sync 1 DAGs
[2025-12-04T23:52:37.143+0600] {logging_mixin.py:154} INFO - [2025-12-04T23:52:37.143+0600] {dag.py:3722} INFO - Setting next_dagrun for example_short_circuit_operator to 2025-12-03T17:52:37.143781+00:00, run_after=2025-12-04T17:52:37.143781+00:00
[2025-12-04T23:52:37.152+0600] {processor.py:179} INFO - Processing /Users/asminsadykova/Desktop/h&m/.venv/lib/python3.9/site-packages/airflow/example_dags/example_short_circuit_operator.py took 0.113 seconds
[2025-12-04T23:54:12.295+0600] {processor.py:157} INFO - Started process (PID=42168) to work on /Users/asminsadykova/Desktop/h&m/.venv/lib/python3.9/site-packages/airflow/example_dags/example_short_circuit_operator.py
[2025-12-04T23:54:12.296+0600] {processor.py:829} INFO - Processing file /Users/asminsadykova/Desktop/h&m/.venv/lib/python3.9/site-packages/airflow/example_dags/example_short_circuit_operator.py for tasks to queue
[2025-12-04T23:54:12.296+0600] {logging_mixin.py:154} INFO - [2025-12-04T23:54:12.296+0600] {dagbag.py:536} INFO - Filling up the DagBag from /Users/asminsadykova/Desktop/h&m/.venv/lib/python3.9/site-packages/airflow/example_dags/example_short_circuit_operator.py
[2025-12-04T23:54:12.313+0600] {processor.py:839} INFO - DAG(s) dict_keys(['example_short_circuit_operator']) retrieved from /Users/asminsadykova/Desktop/h&m/.venv/lib/python3.9/site-packages/airflow/example_dags/example_short_circuit_operator.py
[2025-12-04T23:54:12.387+0600] {logging_mixin.py:154} INFO - [2025-12-04T23:54:12.386+0600] {dag.py:2941} INFO - Sync 1 DAGs
[2025-12-04T23:54:12.393+0600] {logging_mixin.py:154} INFO - [2025-12-04T23:54:12.393+0600] {dag.py:3722} INFO - Setting next_dagrun for example_short_circuit_operator to 2025-12-03T17:54:12.393524+00:00, run_after=2025-12-04T17:54:12.393524+00:00
[2025-12-04T23:54:12.401+0600] {processor.py:179} INFO - Processing /Users/asminsadykova/Desktop/h&m/.venv/lib/python3.9/site-packages/airflow/example_dags/example_short_circuit_operator.py took 0.107 seconds
[2025-12-04T23:55:38.709+0600] {processor.py:157} INFO - Started process (PID=42247) to work on /Users/asminsadykova/Desktop/h&m/.venv/lib/python3.9/site-packages/airflow/example_dags/example_short_circuit_operator.py
[2025-12-04T23:55:38.710+0600] {processor.py:829} INFO - Processing file /Users/asminsadykova/Desktop/h&m/.venv/lib/python3.9/site-packages/airflow/example_dags/example_short_circuit_operator.py for tasks to queue
[2025-12-04T23:55:38.710+0600] {logging_mixin.py:154} INFO - [2025-12-04T23:55:38.710+0600] {dagbag.py:536} INFO - Filling up the DagBag from /Users/asminsadykova/Desktop/h&m/.venv/lib/python3.9/site-packages/airflow/example_dags/example_short_circuit_operator.py
[2025-12-04T23:55:38.727+0600] {processor.py:839} INFO - DAG(s) dict_keys(['example_short_circuit_operator']) retrieved from /Users/asminsadykova/Desktop/h&m/.venv/lib/python3.9/site-packages/airflow/example_dags/example_short_circuit_operator.py
[2025-12-04T23:55:38.801+0600] {logging_mixin.py:154} INFO - [2025-12-04T23:55:38.801+0600] {dag.py:2941} INFO - Sync 1 DAGs
[2025-12-04T23:55:38.807+0600] {logging_mixin.py:154} INFO - [2025-12-04T23:55:38.807+0600] {dag.py:3722} INFO - Setting next_dagrun for example_short_circuit_operator to 2025-12-03T17:55:38.807763+00:00, run_after=2025-12-04T17:55:38.807763+00:00
[2025-12-04T23:55:38.816+0600] {processor.py:179} INFO - Processing /Users/asminsadykova/Desktop/h&m/.venv/lib/python3.9/site-packages/airflow/example_dags/example_short_circuit_operator.py took 0.107 seconds
[2025-12-04T23:57:10.275+0600] {processor.py:157} INFO - Started process (PID=42319) to work on /Users/asminsadykova/Desktop/h&m/.venv/lib/python3.9/site-packages/airflow/example_dags/example_short_circuit_operator.py
[2025-12-04T23:57:10.275+0600] {processor.py:829} INFO - Processing file /Users/asminsadykova/Desktop/h&m/.venv/lib/python3.9/site-packages/airflow/example_dags/example_short_circuit_operator.py for tasks to queue
[2025-12-04T23:57:10.276+0600] {logging_mixin.py:154} INFO - [2025-12-04T23:57:10.276+0600] {dagbag.py:536} INFO - Filling up the DagBag from /Users/asminsadykova/Desktop/h&m/.venv/lib/python3.9/site-packages/airflow/example_dags/example_short_circuit_operator.py
[2025-12-04T23:57:10.295+0600] {processor.py:839} INFO - DAG(s) dict_keys(['example_short_circuit_operator']) retrieved from /Users/asminsadykova/Desktop/h&m/.venv/lib/python3.9/site-packages/airflow/example_dags/example_short_circuit_operator.py
[2025-12-04T23:57:10.373+0600] {logging_mixin.py:154} INFO - [2025-12-04T23:57:10.373+0600] {dag.py:2941} INFO - Sync 1 DAGs
[2025-12-04T23:57:10.379+0600] {logging_mixin.py:154} INFO - [2025-12-04T23:57:10.379+0600] {dag.py:3722} INFO - Setting next_dagrun for example_short_circuit_operator to 2025-12-03T17:57:10.379748+00:00, run_after=2025-12-04T17:57:10.379748+00:00
[2025-12-04T23:57:10.389+0600] {processor.py:179} INFO - Processing /Users/asminsadykova/Desktop/h&m/.venv/lib/python3.9/site-packages/airflow/example_dags/example_short_circuit_operator.py took 0.116 seconds
[2025-12-04T23:58:34.983+0600] {processor.py:157} INFO - Started process (PID=42402) to work on /Users/asminsadykova/Desktop/h&m/.venv/lib/python3.9/site-packages/airflow/example_dags/example_short_circuit_operator.py
[2025-12-04T23:58:34.984+0600] {processor.py:829} INFO - Processing file /Users/asminsadykova/Desktop/h&m/.venv/lib/python3.9/site-packages/airflow/example_dags/example_short_circuit_operator.py for tasks to queue
[2025-12-04T23:58:34.985+0600] {logging_mixin.py:154} INFO - [2025-12-04T23:58:34.985+0600] {dagbag.py:536} INFO - Filling up the DagBag from /Users/asminsadykova/Desktop/h&m/.venv/lib/python3.9/site-packages/airflow/example_dags/example_short_circuit_operator.py
[2025-12-04T23:58:35.003+0600] {processor.py:839} INFO - DAG(s) dict_keys(['example_short_circuit_operator']) retrieved from /Users/asminsadykova/Desktop/h&m/.venv/lib/python3.9/site-packages/airflow/example_dags/example_short_circuit_operator.py
[2025-12-04T23:58:35.075+0600] {logging_mixin.py:154} INFO - [2025-12-04T23:58:35.075+0600] {dag.py:2941} INFO - Sync 1 DAGs
[2025-12-04T23:58:35.081+0600] {logging_mixin.py:154} INFO - [2025-12-04T23:58:35.081+0600] {dag.py:3722} INFO - Setting next_dagrun for example_short_circuit_operator to 2025-12-03T17:58:35.081372+00:00, run_after=2025-12-04T17:58:35.081372+00:00
[2025-12-04T23:58:35.089+0600] {processor.py:179} INFO - Processing /Users/asminsadykova/Desktop/h&m/.venv/lib/python3.9/site-packages/airflow/example_dags/example_short_circuit_operator.py took 0.107 seconds
[2025-12-05T00:00:06.013+0600] {processor.py:157} INFO - Started process (PID=42655) to work on /Users/asminsadykova/Desktop/h&m/.venv/lib/python3.9/site-packages/airflow/example_dags/example_short_circuit_operator.py
[2025-12-05T00:00:06.015+0600] {processor.py:829} INFO - Processing file /Users/asminsadykova/Desktop/h&m/.venv/lib/python3.9/site-packages/airflow/example_dags/example_short_circuit_operator.py for tasks to queue
[2025-12-05T00:00:06.015+0600] {logging_mixin.py:154} INFO - [2025-12-05T00:00:06.015+0600] {dagbag.py:536} INFO - Filling up the DagBag from /Users/asminsadykova/Desktop/h&m/.venv/lib/python3.9/site-packages/airflow/example_dags/example_short_circuit_operator.py
[2025-12-05T00:00:06.032+0600] {processor.py:839} INFO - DAG(s) dict_keys(['example_short_circuit_operator']) retrieved from /Users/asminsadykova/Desktop/h&m/.venv/lib/python3.9/site-packages/airflow/example_dags/example_short_circuit_operator.py
[2025-12-05T00:00:06.107+0600] {logging_mixin.py:154} INFO - [2025-12-05T00:00:06.106+0600] {dag.py:2941} INFO - Sync 1 DAGs
[2025-12-05T00:00:06.114+0600] {logging_mixin.py:154} INFO - [2025-12-05T00:00:06.114+0600] {dag.py:3722} INFO - Setting next_dagrun for example_short_circuit_operator to 2025-12-03T18:00:06.114495+00:00, run_after=2025-12-04T18:00:06.114495+00:00
[2025-12-05T00:00:06.125+0600] {processor.py:179} INFO - Processing /Users/asminsadykova/Desktop/h&m/.venv/lib/python3.9/site-packages/airflow/example_dags/example_short_circuit_operator.py took 0.112 seconds
[2025-12-05T00:01:40.983+0600] {processor.py:157} INFO - Started process (PID=42886) to work on /Users/asminsadykova/Desktop/h&m/.venv/lib/python3.9/site-packages/airflow/example_dags/example_short_circuit_operator.py
[2025-12-05T00:01:40.985+0600] {processor.py:829} INFO - Processing file /Users/asminsadykova/Desktop/h&m/.venv/lib/python3.9/site-packages/airflow/example_dags/example_short_circuit_operator.py for tasks to queue
[2025-12-05T00:01:40.985+0600] {logging_mixin.py:154} INFO - [2025-12-05T00:01:40.985+0600] {dagbag.py:536} INFO - Filling up the DagBag from /Users/asminsadykova/Desktop/h&m/.venv/lib/python3.9/site-packages/airflow/example_dags/example_short_circuit_operator.py
[2025-12-05T00:01:41.004+0600] {processor.py:839} INFO - DAG(s) dict_keys(['example_short_circuit_operator']) retrieved from /Users/asminsadykova/Desktop/h&m/.venv/lib/python3.9/site-packages/airflow/example_dags/example_short_circuit_operator.py
[2025-12-05T00:01:41.082+0600] {logging_mixin.py:154} INFO - [2025-12-05T00:01:41.082+0600] {dag.py:2941} INFO - Sync 1 DAGs
[2025-12-05T00:01:41.089+0600] {logging_mixin.py:154} INFO - [2025-12-05T00:01:41.088+0600] {dag.py:3722} INFO - Setting next_dagrun for example_short_circuit_operator to 2025-12-03T18:01:41.088897+00:00, run_after=2025-12-04T18:01:41.088897+00:00
[2025-12-05T00:01:41.098+0600] {processor.py:179} INFO - Processing /Users/asminsadykova/Desktop/h&m/.venv/lib/python3.9/site-packages/airflow/example_dags/example_short_circuit_operator.py took 0.116 seconds
[2025-12-05T00:03:15.151+0600] {processor.py:157} INFO - Started process (PID=42959) to work on /Users/asminsadykova/Desktop/h&m/.venv/lib/python3.9/site-packages/airflow/example_dags/example_short_circuit_operator.py
[2025-12-05T00:03:15.153+0600] {processor.py:829} INFO - Processing file /Users/asminsadykova/Desktop/h&m/.venv/lib/python3.9/site-packages/airflow/example_dags/example_short_circuit_operator.py for tasks to queue
[2025-12-05T00:03:15.153+0600] {logging_mixin.py:154} INFO - [2025-12-05T00:03:15.153+0600] {dagbag.py:536} INFO - Filling up the DagBag from /Users/asminsadykova/Desktop/h&m/.venv/lib/python3.9/site-packages/airflow/example_dags/example_short_circuit_operator.py
[2025-12-05T00:03:15.172+0600] {processor.py:839} INFO - DAG(s) dict_keys(['example_short_circuit_operator']) retrieved from /Users/asminsadykova/Desktop/h&m/.venv/lib/python3.9/site-packages/airflow/example_dags/example_short_circuit_operator.py
[2025-12-05T00:03:15.250+0600] {logging_mixin.py:154} INFO - [2025-12-05T00:03:15.250+0600] {dag.py:2941} INFO - Sync 1 DAGs
[2025-12-05T00:03:15.257+0600] {logging_mixin.py:154} INFO - [2025-12-05T00:03:15.256+0600] {dag.py:3722} INFO - Setting next_dagrun for example_short_circuit_operator to 2025-12-03T18:03:15.256934+00:00, run_after=2025-12-04T18:03:15.256934+00:00
[2025-12-05T00:03:15.266+0600] {processor.py:179} INFO - Processing /Users/asminsadykova/Desktop/h&m/.venv/lib/python3.9/site-packages/airflow/example_dags/example_short_circuit_operator.py took 0.116 seconds
[2025-12-05T00:04:46.190+0600] {processor.py:157} INFO - Started process (PID=43179) to work on /Users/asminsadykova/Desktop/h&m/.venv/lib/python3.9/site-packages/airflow/example_dags/example_short_circuit_operator.py
[2025-12-05T00:04:46.192+0600] {processor.py:829} INFO - Processing file /Users/asminsadykova/Desktop/h&m/.venv/lib/python3.9/site-packages/airflow/example_dags/example_short_circuit_operator.py for tasks to queue
[2025-12-05T00:04:46.192+0600] {logging_mixin.py:154} INFO - [2025-12-05T00:04:46.192+0600] {dagbag.py:536} INFO - Filling up the DagBag from /Users/asminsadykova/Desktop/h&m/.venv/lib/python3.9/site-packages/airflow/example_dags/example_short_circuit_operator.py
[2025-12-05T00:04:46.210+0600] {processor.py:839} INFO - DAG(s) dict_keys(['example_short_circuit_operator']) retrieved from /Users/asminsadykova/Desktop/h&m/.venv/lib/python3.9/site-packages/airflow/example_dags/example_short_circuit_operator.py
[2025-12-05T00:04:46.286+0600] {logging_mixin.py:154} INFO - [2025-12-05T00:04:46.286+0600] {dag.py:2941} INFO - Sync 1 DAGs
[2025-12-05T00:04:46.293+0600] {logging_mixin.py:154} INFO - [2025-12-05T00:04:46.293+0600] {dag.py:3722} INFO - Setting next_dagrun for example_short_circuit_operator to 2025-12-03T18:04:46.293767+00:00, run_after=2025-12-04T18:04:46.293767+00:00
[2025-12-05T00:04:46.303+0600] {processor.py:179} INFO - Processing /Users/asminsadykova/Desktop/h&m/.venv/lib/python3.9/site-packages/airflow/example_dags/example_short_circuit_operator.py took 0.113 seconds
[2025-12-05T00:06:20.426+0600] {processor.py:157} INFO - Started process (PID=43351) to work on /Users/asminsadykova/Desktop/h&m/.venv/lib/python3.9/site-packages/airflow/example_dags/example_short_circuit_operator.py
[2025-12-05T00:06:20.427+0600] {processor.py:829} INFO - Processing file /Users/asminsadykova/Desktop/h&m/.venv/lib/python3.9/site-packages/airflow/example_dags/example_short_circuit_operator.py for tasks to queue
[2025-12-05T00:06:20.427+0600] {logging_mixin.py:154} INFO - [2025-12-05T00:06:20.427+0600] {dagbag.py:536} INFO - Filling up the DagBag from /Users/asminsadykova/Desktop/h&m/.venv/lib/python3.9/site-packages/airflow/example_dags/example_short_circuit_operator.py
[2025-12-05T00:06:20.448+0600] {processor.py:839} INFO - DAG(s) dict_keys(['example_short_circuit_operator']) retrieved from /Users/asminsadykova/Desktop/h&m/.venv/lib/python3.9/site-packages/airflow/example_dags/example_short_circuit_operator.py
[2025-12-05T00:06:20.525+0600] {logging_mixin.py:154} INFO - [2025-12-05T00:06:20.525+0600] {dag.py:2941} INFO - Sync 1 DAGs
[2025-12-05T00:06:20.531+0600] {logging_mixin.py:154} INFO - [2025-12-05T00:06:20.531+0600] {dag.py:3722} INFO - Setting next_dagrun for example_short_circuit_operator to 2025-12-03T18:06:20.531637+00:00, run_after=2025-12-04T18:06:20.531637+00:00
[2025-12-05T00:06:20.540+0600] {processor.py:179} INFO - Processing /Users/asminsadykova/Desktop/h&m/.venv/lib/python3.9/site-packages/airflow/example_dags/example_short_circuit_operator.py took 0.115 seconds
[2025-12-05T00:07:44.336+0600] {processor.py:157} INFO - Started process (PID=43501) to work on /Users/asminsadykova/Desktop/h&m/.venv/lib/python3.9/site-packages/airflow/example_dags/example_short_circuit_operator.py
[2025-12-05T00:07:44.337+0600] {processor.py:829} INFO - Processing file /Users/asminsadykova/Desktop/h&m/.venv/lib/python3.9/site-packages/airflow/example_dags/example_short_circuit_operator.py for tasks to queue
[2025-12-05T00:07:44.338+0600] {logging_mixin.py:154} INFO - [2025-12-05T00:07:44.337+0600] {dagbag.py:536} INFO - Filling up the DagBag from /Users/asminsadykova/Desktop/h&m/.venv/lib/python3.9/site-packages/airflow/example_dags/example_short_circuit_operator.py
[2025-12-05T00:07:44.357+0600] {processor.py:839} INFO - DAG(s) dict_keys(['example_short_circuit_operator']) retrieved from /Users/asminsadykova/Desktop/h&m/.venv/lib/python3.9/site-packages/airflow/example_dags/example_short_circuit_operator.py
[2025-12-05T00:07:44.428+0600] {logging_mixin.py:154} INFO - [2025-12-05T00:07:44.428+0600] {dag.py:2941} INFO - Sync 1 DAGs
[2025-12-05T00:07:44.434+0600] {logging_mixin.py:154} INFO - [2025-12-05T00:07:44.434+0600] {dag.py:3722} INFO - Setting next_dagrun for example_short_circuit_operator to 2025-12-03T18:07:44.434707+00:00, run_after=2025-12-04T18:07:44.434707+00:00
[2025-12-05T00:07:44.443+0600] {processor.py:179} INFO - Processing /Users/asminsadykova/Desktop/h&m/.venv/lib/python3.9/site-packages/airflow/example_dags/example_short_circuit_operator.py took 0.108 seconds
[2025-12-05T00:09:15.885+0600] {processor.py:157} INFO - Started process (PID=43648) to work on /Users/asminsadykova/Desktop/h&m/.venv/lib/python3.9/site-packages/airflow/example_dags/example_short_circuit_operator.py
[2025-12-05T00:09:15.887+0600] {processor.py:829} INFO - Processing file /Users/asminsadykova/Desktop/h&m/.venv/lib/python3.9/site-packages/airflow/example_dags/example_short_circuit_operator.py for tasks to queue
[2025-12-05T00:09:15.887+0600] {logging_mixin.py:154} INFO - [2025-12-05T00:09:15.887+0600] {dagbag.py:536} INFO - Filling up the DagBag from /Users/asminsadykova/Desktop/h&m/.venv/lib/python3.9/site-packages/airflow/example_dags/example_short_circuit_operator.py
[2025-12-05T00:09:15.941+0600] {processor.py:839} INFO - DAG(s) dict_keys(['example_short_circuit_operator']) retrieved from /Users/asminsadykova/Desktop/h&m/.venv/lib/python3.9/site-packages/airflow/example_dags/example_short_circuit_operator.py
[2025-12-05T00:09:16.146+0600] {logging_mixin.py:154} INFO - [2025-12-05T00:09:16.145+0600] {dag.py:2941} INFO - Sync 1 DAGs
[2025-12-05T00:09:16.158+0600] {logging_mixin.py:154} INFO - [2025-12-05T00:09:16.158+0600] {dag.py:3722} INFO - Setting next_dagrun for example_short_circuit_operator to 2025-12-03T18:09:16.158316+00:00, run_after=2025-12-04T18:09:16.158316+00:00
[2025-12-05T00:09:16.187+0600] {processor.py:179} INFO - Processing /Users/asminsadykova/Desktop/h&m/.venv/lib/python3.9/site-packages/airflow/example_dags/example_short_circuit_operator.py took 0.302 seconds
[2025-12-05T00:10:53.189+0600] {processor.py:157} INFO - Started process (PID=43815) to work on /Users/asminsadykova/Desktop/h&m/.venv/lib/python3.9/site-packages/airflow/example_dags/example_short_circuit_operator.py
[2025-12-05T00:10:53.190+0600] {processor.py:829} INFO - Processing file /Users/asminsadykova/Desktop/h&m/.venv/lib/python3.9/site-packages/airflow/example_dags/example_short_circuit_operator.py for tasks to queue
[2025-12-05T00:10:53.190+0600] {logging_mixin.py:154} INFO - [2025-12-05T00:10:53.190+0600] {dagbag.py:536} INFO - Filling up the DagBag from /Users/asminsadykova/Desktop/h&m/.venv/lib/python3.9/site-packages/airflow/example_dags/example_short_circuit_operator.py
[2025-12-05T00:10:53.208+0600] {processor.py:839} INFO - DAG(s) dict_keys(['example_short_circuit_operator']) retrieved from /Users/asminsadykova/Desktop/h&m/.venv/lib/python3.9/site-packages/airflow/example_dags/example_short_circuit_operator.py
[2025-12-05T00:10:53.288+0600] {logging_mixin.py:154} INFO - [2025-12-05T00:10:53.286+0600] {dag.py:2941} INFO - Sync 1 DAGs
[2025-12-05T00:10:53.325+0600] {logging_mixin.py:154} INFO - [2025-12-05T00:10:53.325+0600] {dag.py:3722} INFO - Setting next_dagrun for example_short_circuit_operator to 2025-12-03T18:10:53.325725+00:00, run_after=2025-12-04T18:10:53.325725+00:00
[2025-12-05T00:10:53.341+0600] {processor.py:179} INFO - Processing /Users/asminsadykova/Desktop/h&m/.venv/lib/python3.9/site-packages/airflow/example_dags/example_short_circuit_operator.py took 0.152 seconds
[2025-12-05T00:12:23.542+0600] {processor.py:157} INFO - Started process (PID=43978) to work on /Users/asminsadykova/Desktop/h&m/.venv/lib/python3.9/site-packages/airflow/example_dags/example_short_circuit_operator.py
[2025-12-05T00:12:23.543+0600] {processor.py:829} INFO - Processing file /Users/asminsadykova/Desktop/h&m/.venv/lib/python3.9/site-packages/airflow/example_dags/example_short_circuit_operator.py for tasks to queue
[2025-12-05T00:12:23.543+0600] {logging_mixin.py:154} INFO - [2025-12-05T00:12:23.543+0600] {dagbag.py:536} INFO - Filling up the DagBag from /Users/asminsadykova/Desktop/h&m/.venv/lib/python3.9/site-packages/airflow/example_dags/example_short_circuit_operator.py
[2025-12-05T00:12:23.560+0600] {processor.py:839} INFO - DAG(s) dict_keys(['example_short_circuit_operator']) retrieved from /Users/asminsadykova/Desktop/h&m/.venv/lib/python3.9/site-packages/airflow/example_dags/example_short_circuit_operator.py
[2025-12-05T00:12:23.634+0600] {logging_mixin.py:154} INFO - [2025-12-05T00:12:23.634+0600] {dag.py:2941} INFO - Sync 1 DAGs
[2025-12-05T00:12:23.641+0600] {logging_mixin.py:154} INFO - [2025-12-05T00:12:23.641+0600] {dag.py:3722} INFO - Setting next_dagrun for example_short_circuit_operator to 2025-12-03T18:12:23.641012+00:00, run_after=2025-12-04T18:12:23.641012+00:00
[2025-12-05T00:12:23.650+0600] {processor.py:179} INFO - Processing /Users/asminsadykova/Desktop/h&m/.venv/lib/python3.9/site-packages/airflow/example_dags/example_short_circuit_operator.py took 0.108 seconds
