[2025-12-04T23:17:39.396+0600] {processor.py:157} INFO - Started process (PID=38916) to work on /Users/asminsadykova/Desktop/h&m/.venv/lib/python3.9/site-packages/airflow/example_dags/example_trigger_target_dag.py
[2025-12-04T23:17:39.396+0600] {processor.py:829} INFO - Processing file /Users/asminsadykova/Desktop/h&m/.venv/lib/python3.9/site-packages/airflow/example_dags/example_trigger_target_dag.py for tasks to queue
[2025-12-04T23:17:39.396+0600] {logging_mixin.py:154} INFO - [2025-12-04T23:17:39.396+0600] {dagbag.py:536} INFO - Filling up the DagBag from /Users/asminsadykova/Desktop/h&m/.venv/lib/python3.9/site-packages/airflow/example_dags/example_trigger_target_dag.py
[2025-12-04T23:17:39.420+0600] {processor.py:839} INFO - DAG(s) dict_keys(['example_trigger_target_dag']) retrieved from /Users/asminsadykova/Desktop/h&m/.venv/lib/python3.9/site-packages/airflow/example_dags/example_trigger_target_dag.py
[2025-12-04T23:17:39.661+0600] {logging_mixin.py:154} INFO - [2025-12-04T23:17:39.661+0600] {manager.py:499} INFO - Created Permission View: %s
[2025-12-04T23:17:39.664+0600] {logging_mixin.py:154} INFO - [2025-12-04T23:17:39.664+0600] {manager.py:499} INFO - Created Permission View: %s
[2025-12-04T23:17:39.666+0600] {logging_mixin.py:154} INFO - [2025-12-04T23:17:39.666+0600] {manager.py:499} INFO - Created Permission View: %s
[2025-12-04T23:17:39.666+0600] {logging_mixin.py:154} INFO - [2025-12-04T23:17:39.666+0600] {dag.py:2941} INFO - Sync 1 DAGs
[2025-12-04T23:17:39.670+0600] {logging_mixin.py:154} INFO - [2025-12-04T23:17:39.670+0600] {dag.py:2963} INFO - Creating ORM DAG for example_trigger_target_dag
[2025-12-04T23:17:39.670+0600] {logging_mixin.py:154} INFO - [2025-12-04T23:17:39.670+0600] {dag.py:3722} INFO - Setting next_dagrun for example_trigger_target_dag to None, run_after=None
[2025-12-04T23:17:39.677+0600] {processor.py:179} INFO - Processing /Users/asminsadykova/Desktop/h&m/.venv/lib/python3.9/site-packages/airflow/example_dags/example_trigger_target_dag.py took 0.282 seconds
[2025-12-04T23:18:59.561+0600] {processor.py:157} INFO - Started process (PID=39012) to work on /Users/asminsadykova/Desktop/h&m/.venv/lib/python3.9/site-packages/airflow/example_dags/example_trigger_target_dag.py
[2025-12-04T23:18:59.561+0600] {processor.py:829} INFO - Processing file /Users/asminsadykova/Desktop/h&m/.venv/lib/python3.9/site-packages/airflow/example_dags/example_trigger_target_dag.py for tasks to queue
[2025-12-04T23:18:59.562+0600] {logging_mixin.py:154} INFO - [2025-12-04T23:18:59.562+0600] {dagbag.py:536} INFO - Filling up the DagBag from /Users/asminsadykova/Desktop/h&m/.venv/lib/python3.9/site-packages/airflow/example_dags/example_trigger_target_dag.py
[2025-12-04T23:18:59.584+0600] {processor.py:839} INFO - DAG(s) dict_keys(['example_trigger_target_dag']) retrieved from /Users/asminsadykova/Desktop/h&m/.venv/lib/python3.9/site-packages/airflow/example_dags/example_trigger_target_dag.py
[2025-12-04T23:18:59.651+0600] {logging_mixin.py:154} INFO - [2025-12-04T23:18:59.651+0600] {dag.py:2941} INFO - Sync 1 DAGs
[2025-12-04T23:18:59.654+0600] {logging_mixin.py:154} INFO - [2025-12-04T23:18:59.654+0600] {dag.py:3722} INFO - Setting next_dagrun for example_trigger_target_dag to None, run_after=None
[2025-12-04T23:18:59.662+0600] {processor.py:179} INFO - Processing /Users/asminsadykova/Desktop/h&m/.venv/lib/python3.9/site-packages/airflow/example_dags/example_trigger_target_dag.py took 0.101 seconds
[2025-12-04T23:20:24.630+0600] {processor.py:157} INFO - Started process (PID=39111) to work on /Users/asminsadykova/Desktop/h&m/.venv/lib/python3.9/site-packages/airflow/example_dags/example_trigger_target_dag.py
[2025-12-04T23:20:24.631+0600] {processor.py:829} INFO - Processing file /Users/asminsadykova/Desktop/h&m/.venv/lib/python3.9/site-packages/airflow/example_dags/example_trigger_target_dag.py for tasks to queue
[2025-12-04T23:20:24.631+0600] {logging_mixin.py:154} INFO - [2025-12-04T23:20:24.631+0600] {dagbag.py:536} INFO - Filling up the DagBag from /Users/asminsadykova/Desktop/h&m/.venv/lib/python3.9/site-packages/airflow/example_dags/example_trigger_target_dag.py
[2025-12-04T23:20:24.655+0600] {processor.py:839} INFO - DAG(s) dict_keys(['example_trigger_target_dag']) retrieved from /Users/asminsadykova/Desktop/h&m/.venv/lib/python3.9/site-packages/airflow/example_dags/example_trigger_target_dag.py
[2025-12-04T23:20:24.724+0600] {logging_mixin.py:154} INFO - [2025-12-04T23:20:24.724+0600] {dag.py:2941} INFO - Sync 1 DAGs
[2025-12-04T23:20:24.727+0600] {logging_mixin.py:154} INFO - [2025-12-04T23:20:24.727+0600] {dag.py:3722} INFO - Setting next_dagrun for example_trigger_target_dag to None, run_after=None
[2025-12-04T23:20:24.734+0600] {processor.py:179} INFO - Processing /Users/asminsadykova/Desktop/h&m/.venv/lib/python3.9/site-packages/airflow/example_dags/example_trigger_target_dag.py took 0.105 seconds
[2025-12-04T23:21:10.252+0600] {processor.py:157} INFO - Started process (PID=39154) to work on /Users/asminsadykova/Desktop/h&m/.venv/lib/python3.9/site-packages/airflow/example_dags/example_trigger_target_dag.py
[2025-12-04T23:21:10.253+0600] {processor.py:829} INFO - Processing file /Users/asminsadykova/Desktop/h&m/.venv/lib/python3.9/site-packages/airflow/example_dags/example_trigger_target_dag.py for tasks to queue
[2025-12-04T23:21:10.253+0600] {logging_mixin.py:154} INFO - [2025-12-04T23:21:10.253+0600] {dagbag.py:536} INFO - Filling up the DagBag from /Users/asminsadykova/Desktop/h&m/.venv/lib/python3.9/site-packages/airflow/example_dags/example_trigger_target_dag.py
[2025-12-04T23:21:10.277+0600] {processor.py:839} INFO - DAG(s) dict_keys(['example_trigger_target_dag']) retrieved from /Users/asminsadykova/Desktop/h&m/.venv/lib/python3.9/site-packages/airflow/example_dags/example_trigger_target_dag.py
[2025-12-04T23:21:10.351+0600] {logging_mixin.py:154} INFO - [2025-12-04T23:21:10.351+0600] {dag.py:2941} INFO - Sync 1 DAGs
[2025-12-04T23:21:10.355+0600] {logging_mixin.py:154} INFO - [2025-12-04T23:21:10.355+0600] {dag.py:3722} INFO - Setting next_dagrun for example_trigger_target_dag to None, run_after=None
[2025-12-04T23:21:10.363+0600] {processor.py:179} INFO - Processing /Users/asminsadykova/Desktop/h&m/.venv/lib/python3.9/site-packages/airflow/example_dags/example_trigger_target_dag.py took 0.112 seconds
[2025-12-04T23:22:33.421+0600] {processor.py:157} INFO - Started process (PID=39262) to work on /Users/asminsadykova/Desktop/h&m/.venv/lib/python3.9/site-packages/airflow/example_dags/example_trigger_target_dag.py
[2025-12-04T23:22:33.422+0600] {processor.py:829} INFO - Processing file /Users/asminsadykova/Desktop/h&m/.venv/lib/python3.9/site-packages/airflow/example_dags/example_trigger_target_dag.py for tasks to queue
[2025-12-04T23:22:33.422+0600] {logging_mixin.py:154} INFO - [2025-12-04T23:22:33.422+0600] {dagbag.py:536} INFO - Filling up the DagBag from /Users/asminsadykova/Desktop/h&m/.venv/lib/python3.9/site-packages/airflow/example_dags/example_trigger_target_dag.py
[2025-12-04T23:22:33.446+0600] {processor.py:839} INFO - DAG(s) dict_keys(['example_trigger_target_dag']) retrieved from /Users/asminsadykova/Desktop/h&m/.venv/lib/python3.9/site-packages/airflow/example_dags/example_trigger_target_dag.py
[2025-12-04T23:22:33.514+0600] {logging_mixin.py:154} INFO - [2025-12-04T23:22:33.514+0600] {dag.py:2941} INFO - Sync 1 DAGs
[2025-12-04T23:22:33.517+0600] {logging_mixin.py:154} INFO - [2025-12-04T23:22:33.517+0600] {dag.py:3722} INFO - Setting next_dagrun for example_trigger_target_dag to None, run_after=None
[2025-12-04T23:22:33.525+0600] {processor.py:179} INFO - Processing /Users/asminsadykova/Desktop/h&m/.venv/lib/python3.9/site-packages/airflow/example_dags/example_trigger_target_dag.py took 0.104 seconds
[2025-12-04T23:23:21.227+0600] {processor.py:157} INFO - Started process (PID=39296) to work on /Users/asminsadykova/Desktop/h&m/.venv/lib/python3.9/site-packages/airflow/example_dags/example_trigger_target_dag.py
[2025-12-04T23:23:21.227+0600] {processor.py:829} INFO - Processing file /Users/asminsadykova/Desktop/h&m/.venv/lib/python3.9/site-packages/airflow/example_dags/example_trigger_target_dag.py for tasks to queue
[2025-12-04T23:23:21.228+0600] {logging_mixin.py:154} INFO - [2025-12-04T23:23:21.228+0600] {dagbag.py:536} INFO - Filling up the DagBag from /Users/asminsadykova/Desktop/h&m/.venv/lib/python3.9/site-packages/airflow/example_dags/example_trigger_target_dag.py
[2025-12-04T23:23:21.250+0600] {processor.py:839} INFO - DAG(s) dict_keys(['example_trigger_target_dag']) retrieved from /Users/asminsadykova/Desktop/h&m/.venv/lib/python3.9/site-packages/airflow/example_dags/example_trigger_target_dag.py
[2025-12-04T23:23:21.317+0600] {logging_mixin.py:154} INFO - [2025-12-04T23:23:21.317+0600] {dag.py:2941} INFO - Sync 1 DAGs
[2025-12-04T23:23:21.321+0600] {logging_mixin.py:154} INFO - [2025-12-04T23:23:21.320+0600] {dag.py:3722} INFO - Setting next_dagrun for example_trigger_target_dag to None, run_after=None
[2025-12-04T23:23:21.329+0600] {processor.py:179} INFO - Processing /Users/asminsadykova/Desktop/h&m/.venv/lib/python3.9/site-packages/airflow/example_dags/example_trigger_target_dag.py took 0.102 seconds
[2025-12-04T23:24:09.869+0600] {processor.py:157} INFO - Started process (PID=39459) to work on /Users/asminsadykova/Desktop/h&m/.venv/lib/python3.9/site-packages/airflow/example_dags/example_trigger_target_dag.py
[2025-12-04T23:24:09.870+0600] {processor.py:829} INFO - Processing file /Users/asminsadykova/Desktop/h&m/.venv/lib/python3.9/site-packages/airflow/example_dags/example_trigger_target_dag.py for tasks to queue
[2025-12-04T23:24:09.870+0600] {logging_mixin.py:154} INFO - [2025-12-04T23:24:09.870+0600] {dagbag.py:536} INFO - Filling up the DagBag from /Users/asminsadykova/Desktop/h&m/.venv/lib/python3.9/site-packages/airflow/example_dags/example_trigger_target_dag.py
[2025-12-04T23:24:09.893+0600] {processor.py:839} INFO - DAG(s) dict_keys(['example_trigger_target_dag']) retrieved from /Users/asminsadykova/Desktop/h&m/.venv/lib/python3.9/site-packages/airflow/example_dags/example_trigger_target_dag.py
[2025-12-04T23:24:09.962+0600] {logging_mixin.py:154} INFO - [2025-12-04T23:24:09.961+0600] {dag.py:2941} INFO - Sync 1 DAGs
[2025-12-04T23:24:09.965+0600] {logging_mixin.py:154} INFO - [2025-12-04T23:24:09.965+0600] {dag.py:3722} INFO - Setting next_dagrun for example_trigger_target_dag to None, run_after=None
[2025-12-04T23:24:09.973+0600] {processor.py:179} INFO - Processing /Users/asminsadykova/Desktop/h&m/.venv/lib/python3.9/site-packages/airflow/example_dags/example_trigger_target_dag.py took 0.104 seconds
[2025-12-04T23:24:57.788+0600] {processor.py:157} INFO - Started process (PID=39497) to work on /Users/asminsadykova/Desktop/h&m/.venv/lib/python3.9/site-packages/airflow/example_dags/example_trigger_target_dag.py
[2025-12-04T23:24:57.789+0600] {processor.py:829} INFO - Processing file /Users/asminsadykova/Desktop/h&m/.venv/lib/python3.9/site-packages/airflow/example_dags/example_trigger_target_dag.py for tasks to queue
[2025-12-04T23:24:57.789+0600] {logging_mixin.py:154} INFO - [2025-12-04T23:24:57.789+0600] {dagbag.py:536} INFO - Filling up the DagBag from /Users/asminsadykova/Desktop/h&m/.venv/lib/python3.9/site-packages/airflow/example_dags/example_trigger_target_dag.py
[2025-12-04T23:24:57.811+0600] {processor.py:839} INFO - DAG(s) dict_keys(['example_trigger_target_dag']) retrieved from /Users/asminsadykova/Desktop/h&m/.venv/lib/python3.9/site-packages/airflow/example_dags/example_trigger_target_dag.py
[2025-12-04T23:24:57.879+0600] {logging_mixin.py:154} INFO - [2025-12-04T23:24:57.879+0600] {dag.py:2941} INFO - Sync 1 DAGs
[2025-12-04T23:24:57.882+0600] {logging_mixin.py:154} INFO - [2025-12-04T23:24:57.882+0600] {dag.py:3722} INFO - Setting next_dagrun for example_trigger_target_dag to None, run_after=None
[2025-12-04T23:24:57.890+0600] {processor.py:179} INFO - Processing /Users/asminsadykova/Desktop/h&m/.venv/lib/python3.9/site-packages/airflow/example_dags/example_trigger_target_dag.py took 0.103 seconds
[2025-12-04T23:26:31.552+0600] {processor.py:157} INFO - Started process (PID=39596) to work on /Users/asminsadykova/Desktop/h&m/.venv/lib/python3.9/site-packages/airflow/example_dags/example_trigger_target_dag.py
[2025-12-04T23:26:31.554+0600] {processor.py:829} INFO - Processing file /Users/asminsadykova/Desktop/h&m/.venv/lib/python3.9/site-packages/airflow/example_dags/example_trigger_target_dag.py for tasks to queue
[2025-12-04T23:26:31.554+0600] {logging_mixin.py:154} INFO - [2025-12-04T23:26:31.554+0600] {dagbag.py:536} INFO - Filling up the DagBag from /Users/asminsadykova/Desktop/h&m/.venv/lib/python3.9/site-packages/airflow/example_dags/example_trigger_target_dag.py
[2025-12-04T23:26:31.576+0600] {processor.py:839} INFO - DAG(s) dict_keys(['example_trigger_target_dag']) retrieved from /Users/asminsadykova/Desktop/h&m/.venv/lib/python3.9/site-packages/airflow/example_dags/example_trigger_target_dag.py
[2025-12-04T23:26:31.644+0600] {logging_mixin.py:154} INFO - [2025-12-04T23:26:31.643+0600] {dag.py:2941} INFO - Sync 1 DAGs
[2025-12-04T23:26:31.647+0600] {logging_mixin.py:154} INFO - [2025-12-04T23:26:31.647+0600] {dag.py:3722} INFO - Setting next_dagrun for example_trigger_target_dag to None, run_after=None
[2025-12-04T23:26:31.655+0600] {processor.py:179} INFO - Processing /Users/asminsadykova/Desktop/h&m/.venv/lib/python3.9/site-packages/airflow/example_dags/example_trigger_target_dag.py took 0.103 seconds
[2025-12-04T23:27:21.917+0600] {processor.py:157} INFO - Started process (PID=39643) to work on /Users/asminsadykova/Desktop/h&m/.venv/lib/python3.9/site-packages/airflow/example_dags/example_trigger_target_dag.py
[2025-12-04T23:27:21.918+0600] {processor.py:829} INFO - Processing file /Users/asminsadykova/Desktop/h&m/.venv/lib/python3.9/site-packages/airflow/example_dags/example_trigger_target_dag.py for tasks to queue
[2025-12-04T23:27:21.918+0600] {logging_mixin.py:154} INFO - [2025-12-04T23:27:21.918+0600] {dagbag.py:536} INFO - Filling up the DagBag from /Users/asminsadykova/Desktop/h&m/.venv/lib/python3.9/site-packages/airflow/example_dags/example_trigger_target_dag.py
[2025-12-04T23:27:21.941+0600] {processor.py:839} INFO - DAG(s) dict_keys(['example_trigger_target_dag']) retrieved from /Users/asminsadykova/Desktop/h&m/.venv/lib/python3.9/site-packages/airflow/example_dags/example_trigger_target_dag.py
[2025-12-04T23:27:22.009+0600] {logging_mixin.py:154} INFO - [2025-12-04T23:27:22.009+0600] {dag.py:2941} INFO - Sync 1 DAGs
[2025-12-04T23:27:22.013+0600] {logging_mixin.py:154} INFO - [2025-12-04T23:27:22.013+0600] {dag.py:3722} INFO - Setting next_dagrun for example_trigger_target_dag to None, run_after=None
[2025-12-04T23:27:22.021+0600] {processor.py:179} INFO - Processing /Users/asminsadykova/Desktop/h&m/.venv/lib/python3.9/site-packages/airflow/example_dags/example_trigger_target_dag.py took 0.104 seconds
[2025-12-04T23:28:06.633+0600] {processor.py:157} INFO - Started process (PID=39694) to work on /Users/asminsadykova/Desktop/h&m/.venv/lib/python3.9/site-packages/airflow/example_dags/example_trigger_target_dag.py
[2025-12-04T23:28:06.634+0600] {processor.py:829} INFO - Processing file /Users/asminsadykova/Desktop/h&m/.venv/lib/python3.9/site-packages/airflow/example_dags/example_trigger_target_dag.py for tasks to queue
[2025-12-04T23:28:06.634+0600] {logging_mixin.py:154} INFO - [2025-12-04T23:28:06.634+0600] {dagbag.py:536} INFO - Filling up the DagBag from /Users/asminsadykova/Desktop/h&m/.venv/lib/python3.9/site-packages/airflow/example_dags/example_trigger_target_dag.py
[2025-12-04T23:28:06.657+0600] {processor.py:839} INFO - DAG(s) dict_keys(['example_trigger_target_dag']) retrieved from /Users/asminsadykova/Desktop/h&m/.venv/lib/python3.9/site-packages/airflow/example_dags/example_trigger_target_dag.py
[2025-12-04T23:28:06.724+0600] {logging_mixin.py:154} INFO - [2025-12-04T23:28:06.724+0600] {dag.py:2941} INFO - Sync 1 DAGs
[2025-12-04T23:28:06.728+0600] {logging_mixin.py:154} INFO - [2025-12-04T23:28:06.728+0600] {dag.py:3722} INFO - Setting next_dagrun for example_trigger_target_dag to None, run_after=None
[2025-12-04T23:28:06.736+0600] {processor.py:179} INFO - Processing /Users/asminsadykova/Desktop/h&m/.venv/lib/python3.9/site-packages/airflow/example_dags/example_trigger_target_dag.py took 0.103 seconds
[2025-12-04T23:29:31.066+0600] {processor.py:157} INFO - Started process (PID=39770) to work on /Users/asminsadykova/Desktop/h&m/.venv/lib/python3.9/site-packages/airflow/example_dags/example_trigger_target_dag.py
[2025-12-04T23:29:31.068+0600] {processor.py:829} INFO - Processing file /Users/asminsadykova/Desktop/h&m/.venv/lib/python3.9/site-packages/airflow/example_dags/example_trigger_target_dag.py for tasks to queue
[2025-12-04T23:29:31.068+0600] {logging_mixin.py:154} INFO - [2025-12-04T23:29:31.068+0600] {dagbag.py:536} INFO - Filling up the DagBag from /Users/asminsadykova/Desktop/h&m/.venv/lib/python3.9/site-packages/airflow/example_dags/example_trigger_target_dag.py
[2025-12-04T23:29:31.090+0600] {processor.py:839} INFO - DAG(s) dict_keys(['example_trigger_target_dag']) retrieved from /Users/asminsadykova/Desktop/h&m/.venv/lib/python3.9/site-packages/airflow/example_dags/example_trigger_target_dag.py
[2025-12-04T23:29:31.156+0600] {logging_mixin.py:154} INFO - [2025-12-04T23:29:31.156+0600] {dag.py:2941} INFO - Sync 1 DAGs
[2025-12-04T23:29:31.160+0600] {logging_mixin.py:154} INFO - [2025-12-04T23:29:31.159+0600] {dag.py:3722} INFO - Setting next_dagrun for example_trigger_target_dag to None, run_after=None
[2025-12-04T23:29:31.168+0600] {processor.py:179} INFO - Processing /Users/asminsadykova/Desktop/h&m/.venv/lib/python3.9/site-packages/airflow/example_dags/example_trigger_target_dag.py took 0.102 seconds
[2025-12-04T23:30:52.879+0600] {processor.py:157} INFO - Started process (PID=39839) to work on /Users/asminsadykova/Desktop/h&m/.venv/lib/python3.9/site-packages/airflow/example_dags/example_trigger_target_dag.py
[2025-12-04T23:30:52.880+0600] {processor.py:829} INFO - Processing file /Users/asminsadykova/Desktop/h&m/.venv/lib/python3.9/site-packages/airflow/example_dags/example_trigger_target_dag.py for tasks to queue
[2025-12-04T23:30:52.880+0600] {logging_mixin.py:154} INFO - [2025-12-04T23:30:52.880+0600] {dagbag.py:536} INFO - Filling up the DagBag from /Users/asminsadykova/Desktop/h&m/.venv/lib/python3.9/site-packages/airflow/example_dags/example_trigger_target_dag.py
[2025-12-04T23:30:52.903+0600] {processor.py:839} INFO - DAG(s) dict_keys(['example_trigger_target_dag']) retrieved from /Users/asminsadykova/Desktop/h&m/.venv/lib/python3.9/site-packages/airflow/example_dags/example_trigger_target_dag.py
[2025-12-04T23:30:52.971+0600] {logging_mixin.py:154} INFO - [2025-12-04T23:30:52.971+0600] {dag.py:2941} INFO - Sync 1 DAGs
[2025-12-04T23:30:52.975+0600] {logging_mixin.py:154} INFO - [2025-12-04T23:30:52.975+0600] {dag.py:3722} INFO - Setting next_dagrun for example_trigger_target_dag to None, run_after=None
[2025-12-04T23:30:52.983+0600] {processor.py:179} INFO - Processing /Users/asminsadykova/Desktop/h&m/.venv/lib/python3.9/site-packages/airflow/example_dags/example_trigger_target_dag.py took 0.104 seconds
[2025-12-04T23:32:19.317+0600] {processor.py:157} INFO - Started process (PID=39983) to work on /Users/asminsadykova/Desktop/h&m/.venv/lib/python3.9/site-packages/airflow/example_dags/example_trigger_target_dag.py
[2025-12-04T23:32:19.322+0600] {processor.py:829} INFO - Processing file /Users/asminsadykova/Desktop/h&m/.venv/lib/python3.9/site-packages/airflow/example_dags/example_trigger_target_dag.py for tasks to queue
[2025-12-04T23:32:19.322+0600] {logging_mixin.py:154} INFO - [2025-12-04T23:32:19.322+0600] {dagbag.py:536} INFO - Filling up the DagBag from /Users/asminsadykova/Desktop/h&m/.venv/lib/python3.9/site-packages/airflow/example_dags/example_trigger_target_dag.py
[2025-12-04T23:32:19.349+0600] {processor.py:839} INFO - DAG(s) dict_keys(['example_trigger_target_dag']) retrieved from /Users/asminsadykova/Desktop/h&m/.venv/lib/python3.9/site-packages/airflow/example_dags/example_trigger_target_dag.py
[2025-12-04T23:32:19.418+0600] {logging_mixin.py:154} INFO - [2025-12-04T23:32:19.418+0600] {dag.py:2941} INFO - Sync 1 DAGs
[2025-12-04T23:32:19.421+0600] {logging_mixin.py:154} INFO - [2025-12-04T23:32:19.421+0600] {dag.py:3722} INFO - Setting next_dagrun for example_trigger_target_dag to None, run_after=None
[2025-12-04T23:32:19.432+0600] {processor.py:179} INFO - Processing /Users/asminsadykova/Desktop/h&m/.venv/lib/python3.9/site-packages/airflow/example_dags/example_trigger_target_dag.py took 0.115 seconds
[2025-12-04T23:33:42.364+0600] {processor.py:157} INFO - Started process (PID=40133) to work on /Users/asminsadykova/Desktop/h&m/.venv/lib/python3.9/site-packages/airflow/example_dags/example_trigger_target_dag.py
[2025-12-04T23:33:42.365+0600] {processor.py:829} INFO - Processing file /Users/asminsadykova/Desktop/h&m/.venv/lib/python3.9/site-packages/airflow/example_dags/example_trigger_target_dag.py for tasks to queue
[2025-12-04T23:33:42.365+0600] {logging_mixin.py:154} INFO - [2025-12-04T23:33:42.365+0600] {dagbag.py:536} INFO - Filling up the DagBag from /Users/asminsadykova/Desktop/h&m/.venv/lib/python3.9/site-packages/airflow/example_dags/example_trigger_target_dag.py
[2025-12-04T23:33:42.388+0600] {processor.py:839} INFO - DAG(s) dict_keys(['example_trigger_target_dag']) retrieved from /Users/asminsadykova/Desktop/h&m/.venv/lib/python3.9/site-packages/airflow/example_dags/example_trigger_target_dag.py
[2025-12-04T23:33:42.456+0600] {logging_mixin.py:154} INFO - [2025-12-04T23:33:42.456+0600] {dag.py:2941} INFO - Sync 1 DAGs
[2025-12-04T23:33:42.459+0600] {logging_mixin.py:154} INFO - [2025-12-04T23:33:42.459+0600] {dag.py:3722} INFO - Setting next_dagrun for example_trigger_target_dag to None, run_after=None
[2025-12-04T23:33:42.467+0600] {processor.py:179} INFO - Processing /Users/asminsadykova/Desktop/h&m/.venv/lib/python3.9/site-packages/airflow/example_dags/example_trigger_target_dag.py took 0.104 seconds
[2025-12-04T23:35:13.809+0600] {processor.py:157} INFO - Started process (PID=40222) to work on /Users/asminsadykova/Desktop/h&m/.venv/lib/python3.9/site-packages/airflow/example_dags/example_trigger_target_dag.py
[2025-12-04T23:35:13.809+0600] {processor.py:829} INFO - Processing file /Users/asminsadykova/Desktop/h&m/.venv/lib/python3.9/site-packages/airflow/example_dags/example_trigger_target_dag.py for tasks to queue
[2025-12-04T23:35:13.810+0600] {logging_mixin.py:154} INFO - [2025-12-04T23:35:13.810+0600] {dagbag.py:536} INFO - Filling up the DagBag from /Users/asminsadykova/Desktop/h&m/.venv/lib/python3.9/site-packages/airflow/example_dags/example_trigger_target_dag.py
[2025-12-04T23:35:13.833+0600] {processor.py:839} INFO - DAG(s) dict_keys(['example_trigger_target_dag']) retrieved from /Users/asminsadykova/Desktop/h&m/.venv/lib/python3.9/site-packages/airflow/example_dags/example_trigger_target_dag.py
[2025-12-04T23:35:13.903+0600] {logging_mixin.py:154} INFO - [2025-12-04T23:35:13.902+0600] {dag.py:2941} INFO - Sync 1 DAGs
[2025-12-04T23:35:13.906+0600] {logging_mixin.py:154} INFO - [2025-12-04T23:35:13.906+0600] {dag.py:3722} INFO - Setting next_dagrun for example_trigger_target_dag to None, run_after=None
[2025-12-04T23:35:13.914+0600] {processor.py:179} INFO - Processing /Users/asminsadykova/Desktop/h&m/.venv/lib/python3.9/site-packages/airflow/example_dags/example_trigger_target_dag.py took 0.106 seconds
[2025-12-04T23:36:04.163+0600] {processor.py:157} INFO - Started process (PID=40260) to work on /Users/asminsadykova/Desktop/h&m/.venv/lib/python3.9/site-packages/airflow/example_dags/example_trigger_target_dag.py
[2025-12-04T23:36:04.164+0600] {processor.py:829} INFO - Processing file /Users/asminsadykova/Desktop/h&m/.venv/lib/python3.9/site-packages/airflow/example_dags/example_trigger_target_dag.py for tasks to queue
[2025-12-04T23:36:04.164+0600] {logging_mixin.py:154} INFO - [2025-12-04T23:36:04.164+0600] {dagbag.py:536} INFO - Filling up the DagBag from /Users/asminsadykova/Desktop/h&m/.venv/lib/python3.9/site-packages/airflow/example_dags/example_trigger_target_dag.py
[2025-12-04T23:36:04.186+0600] {processor.py:839} INFO - DAG(s) dict_keys(['example_trigger_target_dag']) retrieved from /Users/asminsadykova/Desktop/h&m/.venv/lib/python3.9/site-packages/airflow/example_dags/example_trigger_target_dag.py
[2025-12-04T23:36:04.253+0600] {logging_mixin.py:154} INFO - [2025-12-04T23:36:04.253+0600] {dag.py:2941} INFO - Sync 1 DAGs
[2025-12-04T23:36:04.257+0600] {logging_mixin.py:154} INFO - [2025-12-04T23:36:04.257+0600] {dag.py:3722} INFO - Setting next_dagrun for example_trigger_target_dag to None, run_after=None
[2025-12-04T23:36:04.265+0600] {processor.py:179} INFO - Processing /Users/asminsadykova/Desktop/h&m/.venv/lib/python3.9/site-packages/airflow/example_dags/example_trigger_target_dag.py took 0.103 seconds
[2025-12-04T23:36:51.837+0600] {processor.py:157} INFO - Started process (PID=40307) to work on /Users/asminsadykova/Desktop/h&m/.venv/lib/python3.9/site-packages/airflow/example_dags/example_trigger_target_dag.py
[2025-12-04T23:36:51.838+0600] {processor.py:829} INFO - Processing file /Users/asminsadykova/Desktop/h&m/.venv/lib/python3.9/site-packages/airflow/example_dags/example_trigger_target_dag.py for tasks to queue
[2025-12-04T23:36:51.839+0600] {logging_mixin.py:154} INFO - [2025-12-04T23:36:51.839+0600] {dagbag.py:536} INFO - Filling up the DagBag from /Users/asminsadykova/Desktop/h&m/.venv/lib/python3.9/site-packages/airflow/example_dags/example_trigger_target_dag.py
[2025-12-04T23:36:51.871+0600] {processor.py:839} INFO - DAG(s) dict_keys(['example_trigger_target_dag']) retrieved from /Users/asminsadykova/Desktop/h&m/.venv/lib/python3.9/site-packages/airflow/example_dags/example_trigger_target_dag.py
[2025-12-04T23:36:51.943+0600] {logging_mixin.py:154} INFO - [2025-12-04T23:36:51.943+0600] {dag.py:2941} INFO - Sync 1 DAGs
[2025-12-04T23:36:51.947+0600] {logging_mixin.py:154} INFO - [2025-12-04T23:36:51.947+0600] {dag.py:3722} INFO - Setting next_dagrun for example_trigger_target_dag to None, run_after=None
[2025-12-04T23:36:51.956+0600] {processor.py:179} INFO - Processing /Users/asminsadykova/Desktop/h&m/.venv/lib/python3.9/site-packages/airflow/example_dags/example_trigger_target_dag.py took 0.119 seconds
[2025-12-04T23:38:22.564+0600] {processor.py:157} INFO - Started process (PID=40396) to work on /Users/asminsadykova/Desktop/h&m/.venv/lib/python3.9/site-packages/airflow/example_dags/example_trigger_target_dag.py
[2025-12-04T23:38:22.565+0600] {processor.py:829} INFO - Processing file /Users/asminsadykova/Desktop/h&m/.venv/lib/python3.9/site-packages/airflow/example_dags/example_trigger_target_dag.py for tasks to queue
[2025-12-04T23:38:22.565+0600] {logging_mixin.py:154} INFO - [2025-12-04T23:38:22.565+0600] {dagbag.py:536} INFO - Filling up the DagBag from /Users/asminsadykova/Desktop/h&m/.venv/lib/python3.9/site-packages/airflow/example_dags/example_trigger_target_dag.py
[2025-12-04T23:38:22.592+0600] {processor.py:839} INFO - DAG(s) dict_keys(['example_trigger_target_dag']) retrieved from /Users/asminsadykova/Desktop/h&m/.venv/lib/python3.9/site-packages/airflow/example_dags/example_trigger_target_dag.py
[2025-12-04T23:38:22.665+0600] {logging_mixin.py:154} INFO - [2025-12-04T23:38:22.665+0600] {dag.py:2941} INFO - Sync 1 DAGs
[2025-12-04T23:38:22.668+0600] {logging_mixin.py:154} INFO - [2025-12-04T23:38:22.668+0600] {dag.py:3722} INFO - Setting next_dagrun for example_trigger_target_dag to None, run_after=None
[2025-12-04T23:38:22.677+0600] {processor.py:179} INFO - Processing /Users/asminsadykova/Desktop/h&m/.venv/lib/python3.9/site-packages/airflow/example_dags/example_trigger_target_dag.py took 0.114 seconds
[2025-12-04T23:39:11.901+0600] {processor.py:157} INFO - Started process (PID=40436) to work on /Users/asminsadykova/Desktop/h&m/.venv/lib/python3.9/site-packages/airflow/example_dags/example_trigger_target_dag.py
[2025-12-04T23:39:11.901+0600] {processor.py:829} INFO - Processing file /Users/asminsadykova/Desktop/h&m/.venv/lib/python3.9/site-packages/airflow/example_dags/example_trigger_target_dag.py for tasks to queue
[2025-12-04T23:39:11.901+0600] {logging_mixin.py:154} INFO - [2025-12-04T23:39:11.901+0600] {dagbag.py:536} INFO - Filling up the DagBag from /Users/asminsadykova/Desktop/h&m/.venv/lib/python3.9/site-packages/airflow/example_dags/example_trigger_target_dag.py
[2025-12-04T23:39:11.926+0600] {processor.py:839} INFO - DAG(s) dict_keys(['example_trigger_target_dag']) retrieved from /Users/asminsadykova/Desktop/h&m/.venv/lib/python3.9/site-packages/airflow/example_dags/example_trigger_target_dag.py
[2025-12-04T23:39:12.005+0600] {logging_mixin.py:154} INFO - [2025-12-04T23:39:12.005+0600] {dag.py:2941} INFO - Sync 1 DAGs
[2025-12-04T23:39:12.011+0600] {logging_mixin.py:154} INFO - [2025-12-04T23:39:12.011+0600] {dag.py:3722} INFO - Setting next_dagrun for example_trigger_target_dag to None, run_after=None
[2025-12-04T23:39:12.020+0600] {processor.py:179} INFO - Processing /Users/asminsadykova/Desktop/h&m/.venv/lib/python3.9/site-packages/airflow/example_dags/example_trigger_target_dag.py took 0.120 seconds
[2025-12-04T23:40:46.208+0600] {processor.py:157} INFO - Started process (PID=40570) to work on /Users/asminsadykova/Desktop/h&m/.venv/lib/python3.9/site-packages/airflow/example_dags/example_trigger_target_dag.py
[2025-12-04T23:40:46.209+0600] {processor.py:829} INFO - Processing file /Users/asminsadykova/Desktop/h&m/.venv/lib/python3.9/site-packages/airflow/example_dags/example_trigger_target_dag.py for tasks to queue
[2025-12-04T23:40:46.209+0600] {logging_mixin.py:154} INFO - [2025-12-04T23:40:46.209+0600] {dagbag.py:536} INFO - Filling up the DagBag from /Users/asminsadykova/Desktop/h&m/.venv/lib/python3.9/site-packages/airflow/example_dags/example_trigger_target_dag.py
[2025-12-04T23:40:46.232+0600] {processor.py:839} INFO - DAG(s) dict_keys(['example_trigger_target_dag']) retrieved from /Users/asminsadykova/Desktop/h&m/.venv/lib/python3.9/site-packages/airflow/example_dags/example_trigger_target_dag.py
[2025-12-04T23:40:46.300+0600] {logging_mixin.py:154} INFO - [2025-12-04T23:40:46.300+0600] {dag.py:2941} INFO - Sync 1 DAGs
[2025-12-04T23:40:46.304+0600] {logging_mixin.py:154} INFO - [2025-12-04T23:40:46.304+0600] {dag.py:3722} INFO - Setting next_dagrun for example_trigger_target_dag to None, run_after=None
[2025-12-04T23:40:46.312+0600] {processor.py:179} INFO - Processing /Users/asminsadykova/Desktop/h&m/.venv/lib/python3.9/site-packages/airflow/example_dags/example_trigger_target_dag.py took 0.105 seconds
[2025-12-04T23:41:33.336+0600] {processor.py:157} INFO - Started process (PID=40615) to work on /Users/asminsadykova/Desktop/h&m/.venv/lib/python3.9/site-packages/airflow/example_dags/example_trigger_target_dag.py
[2025-12-04T23:41:33.337+0600] {processor.py:829} INFO - Processing file /Users/asminsadykova/Desktop/h&m/.venv/lib/python3.9/site-packages/airflow/example_dags/example_trigger_target_dag.py for tasks to queue
[2025-12-04T23:41:33.337+0600] {logging_mixin.py:154} INFO - [2025-12-04T23:41:33.337+0600] {dagbag.py:536} INFO - Filling up the DagBag from /Users/asminsadykova/Desktop/h&m/.venv/lib/python3.9/site-packages/airflow/example_dags/example_trigger_target_dag.py
[2025-12-04T23:41:33.360+0600] {processor.py:839} INFO - DAG(s) dict_keys(['example_trigger_target_dag']) retrieved from /Users/asminsadykova/Desktop/h&m/.venv/lib/python3.9/site-packages/airflow/example_dags/example_trigger_target_dag.py
[2025-12-04T23:41:33.427+0600] {logging_mixin.py:154} INFO - [2025-12-04T23:41:33.427+0600] {dag.py:2941} INFO - Sync 1 DAGs
[2025-12-04T23:41:33.430+0600] {logging_mixin.py:154} INFO - [2025-12-04T23:41:33.430+0600] {dag.py:3722} INFO - Setting next_dagrun for example_trigger_target_dag to None, run_after=None
[2025-12-04T23:41:33.438+0600] {processor.py:179} INFO - Processing /Users/asminsadykova/Desktop/h&m/.venv/lib/python3.9/site-packages/airflow/example_dags/example_trigger_target_dag.py took 0.103 seconds
[2025-12-04T23:43:00.519+0600] {processor.py:157} INFO - Started process (PID=40729) to work on /Users/asminsadykova/Desktop/h&m/.venv/lib/python3.9/site-packages/airflow/example_dags/example_trigger_target_dag.py
[2025-12-04T23:43:00.520+0600] {processor.py:829} INFO - Processing file /Users/asminsadykova/Desktop/h&m/.venv/lib/python3.9/site-packages/airflow/example_dags/example_trigger_target_dag.py for tasks to queue
[2025-12-04T23:43:00.521+0600] {logging_mixin.py:154} INFO - [2025-12-04T23:43:00.521+0600] {dagbag.py:536} INFO - Filling up the DagBag from /Users/asminsadykova/Desktop/h&m/.venv/lib/python3.9/site-packages/airflow/example_dags/example_trigger_target_dag.py
[2025-12-04T23:43:00.544+0600] {processor.py:839} INFO - DAG(s) dict_keys(['example_trigger_target_dag']) retrieved from /Users/asminsadykova/Desktop/h&m/.venv/lib/python3.9/site-packages/airflow/example_dags/example_trigger_target_dag.py
[2025-12-04T23:43:00.611+0600] {logging_mixin.py:154} INFO - [2025-12-04T23:43:00.611+0600] {dag.py:2941} INFO - Sync 1 DAGs
[2025-12-04T23:43:00.616+0600] {logging_mixin.py:154} INFO - [2025-12-04T23:43:00.616+0600] {dag.py:3722} INFO - Setting next_dagrun for example_trigger_target_dag to None, run_after=None
[2025-12-04T23:43:00.624+0600] {processor.py:179} INFO - Processing /Users/asminsadykova/Desktop/h&m/.venv/lib/python3.9/site-packages/airflow/example_dags/example_trigger_target_dag.py took 0.105 seconds
[2025-12-04T23:43:49.901+0600] {processor.py:157} INFO - Started process (PID=40864) to work on /Users/asminsadykova/Desktop/h&m/.venv/lib/python3.9/site-packages/airflow/example_dags/example_trigger_target_dag.py
[2025-12-04T23:43:49.903+0600] {processor.py:829} INFO - Processing file /Users/asminsadykova/Desktop/h&m/.venv/lib/python3.9/site-packages/airflow/example_dags/example_trigger_target_dag.py for tasks to queue
[2025-12-04T23:43:49.903+0600] {logging_mixin.py:154} INFO - [2025-12-04T23:43:49.903+0600] {dagbag.py:536} INFO - Filling up the DagBag from /Users/asminsadykova/Desktop/h&m/.venv/lib/python3.9/site-packages/airflow/example_dags/example_trigger_target_dag.py
[2025-12-04T23:43:49.930+0600] {processor.py:839} INFO - DAG(s) dict_keys(['example_trigger_target_dag']) retrieved from /Users/asminsadykova/Desktop/h&m/.venv/lib/python3.9/site-packages/airflow/example_dags/example_trigger_target_dag.py
[2025-12-04T23:43:50.007+0600] {logging_mixin.py:154} INFO - [2025-12-04T23:43:50.007+0600] {dag.py:2941} INFO - Sync 1 DAGs
[2025-12-04T23:43:50.011+0600] {logging_mixin.py:154} INFO - [2025-12-04T23:43:50.010+0600] {dag.py:3722} INFO - Setting next_dagrun for example_trigger_target_dag to None, run_after=None
[2025-12-04T23:43:50.019+0600] {processor.py:179} INFO - Processing /Users/asminsadykova/Desktop/h&m/.venv/lib/python3.9/site-packages/airflow/example_dags/example_trigger_target_dag.py took 0.119 seconds
[2025-12-04T23:44:39.171+0600] {processor.py:157} INFO - Started process (PID=40979) to work on /Users/asminsadykova/Desktop/h&m/.venv/lib/python3.9/site-packages/airflow/example_dags/example_trigger_target_dag.py
[2025-12-04T23:44:39.172+0600] {processor.py:829} INFO - Processing file /Users/asminsadykova/Desktop/h&m/.venv/lib/python3.9/site-packages/airflow/example_dags/example_trigger_target_dag.py for tasks to queue
[2025-12-04T23:44:39.172+0600] {logging_mixin.py:154} INFO - [2025-12-04T23:44:39.172+0600] {dagbag.py:536} INFO - Filling up the DagBag from /Users/asminsadykova/Desktop/h&m/.venv/lib/python3.9/site-packages/airflow/example_dags/example_trigger_target_dag.py
[2025-12-04T23:44:39.195+0600] {processor.py:839} INFO - DAG(s) dict_keys(['example_trigger_target_dag']) retrieved from /Users/asminsadykova/Desktop/h&m/.venv/lib/python3.9/site-packages/airflow/example_dags/example_trigger_target_dag.py
[2025-12-04T23:44:39.263+0600] {logging_mixin.py:154} INFO - [2025-12-04T23:44:39.263+0600] {dag.py:2941} INFO - Sync 1 DAGs
[2025-12-04T23:44:39.266+0600] {logging_mixin.py:154} INFO - [2025-12-04T23:44:39.266+0600] {dag.py:3722} INFO - Setting next_dagrun for example_trigger_target_dag to None, run_after=None
[2025-12-04T23:44:39.277+0600] {processor.py:179} INFO - Processing /Users/asminsadykova/Desktop/h&m/.venv/lib/python3.9/site-packages/airflow/example_dags/example_trigger_target_dag.py took 0.106 seconds
[2025-12-04T23:45:26.769+0600] {processor.py:157} INFO - Started process (PID=41157) to work on /Users/asminsadykova/Desktop/h&m/.venv/lib/python3.9/site-packages/airflow/example_dags/example_trigger_target_dag.py
[2025-12-04T23:45:26.770+0600] {processor.py:829} INFO - Processing file /Users/asminsadykova/Desktop/h&m/.venv/lib/python3.9/site-packages/airflow/example_dags/example_trigger_target_dag.py for tasks to queue
[2025-12-04T23:45:26.771+0600] {logging_mixin.py:154} INFO - [2025-12-04T23:45:26.771+0600] {dagbag.py:536} INFO - Filling up the DagBag from /Users/asminsadykova/Desktop/h&m/.venv/lib/python3.9/site-packages/airflow/example_dags/example_trigger_target_dag.py
[2025-12-04T23:45:26.795+0600] {processor.py:839} INFO - DAG(s) dict_keys(['example_trigger_target_dag']) retrieved from /Users/asminsadykova/Desktop/h&m/.venv/lib/python3.9/site-packages/airflow/example_dags/example_trigger_target_dag.py
[2025-12-04T23:45:26.863+0600] {logging_mixin.py:154} INFO - [2025-12-04T23:45:26.863+0600] {dag.py:2941} INFO - Sync 1 DAGs
[2025-12-04T23:45:26.867+0600] {logging_mixin.py:154} INFO - [2025-12-04T23:45:26.867+0600] {dag.py:3722} INFO - Setting next_dagrun for example_trigger_target_dag to None, run_after=None
[2025-12-04T23:45:26.875+0600] {processor.py:179} INFO - Processing /Users/asminsadykova/Desktop/h&m/.venv/lib/python3.9/site-packages/airflow/example_dags/example_trigger_target_dag.py took 0.107 seconds
[2025-12-04T23:46:14.984+0600] {processor.py:157} INFO - Started process (PID=41297) to work on /Users/asminsadykova/Desktop/h&m/.venv/lib/python3.9/site-packages/airflow/example_dags/example_trigger_target_dag.py
[2025-12-04T23:46:14.986+0600] {processor.py:829} INFO - Processing file /Users/asminsadykova/Desktop/h&m/.venv/lib/python3.9/site-packages/airflow/example_dags/example_trigger_target_dag.py for tasks to queue
[2025-12-04T23:46:14.986+0600] {logging_mixin.py:154} INFO - [2025-12-04T23:46:14.986+0600] {dagbag.py:536} INFO - Filling up the DagBag from /Users/asminsadykova/Desktop/h&m/.venv/lib/python3.9/site-packages/airflow/example_dags/example_trigger_target_dag.py
[2025-12-04T23:46:15.012+0600] {processor.py:839} INFO - DAG(s) dict_keys(['example_trigger_target_dag']) retrieved from /Users/asminsadykova/Desktop/h&m/.venv/lib/python3.9/site-packages/airflow/example_dags/example_trigger_target_dag.py
[2025-12-04T23:46:15.097+0600] {logging_mixin.py:154} INFO - [2025-12-04T23:46:15.097+0600] {dag.py:2941} INFO - Sync 1 DAGs
[2025-12-04T23:46:15.101+0600] {logging_mixin.py:154} INFO - [2025-12-04T23:46:15.101+0600] {dag.py:3722} INFO - Setting next_dagrun for example_trigger_target_dag to None, run_after=None
[2025-12-04T23:46:15.111+0600] {processor.py:179} INFO - Processing /Users/asminsadykova/Desktop/h&m/.venv/lib/python3.9/site-packages/airflow/example_dags/example_trigger_target_dag.py took 0.128 seconds
[2025-12-04T23:47:01.402+0600] {processor.py:157} INFO - Started process (PID=41477) to work on /Users/asminsadykova/Desktop/h&m/.venv/lib/python3.9/site-packages/airflow/example_dags/example_trigger_target_dag.py
[2025-12-04T23:47:01.403+0600] {processor.py:829} INFO - Processing file /Users/asminsadykova/Desktop/h&m/.venv/lib/python3.9/site-packages/airflow/example_dags/example_trigger_target_dag.py for tasks to queue
[2025-12-04T23:47:01.403+0600] {logging_mixin.py:154} INFO - [2025-12-04T23:47:01.403+0600] {dagbag.py:536} INFO - Filling up the DagBag from /Users/asminsadykova/Desktop/h&m/.venv/lib/python3.9/site-packages/airflow/example_dags/example_trigger_target_dag.py
[2025-12-04T23:47:01.426+0600] {processor.py:839} INFO - DAG(s) dict_keys(['example_trigger_target_dag']) retrieved from /Users/asminsadykova/Desktop/h&m/.venv/lib/python3.9/site-packages/airflow/example_dags/example_trigger_target_dag.py
[2025-12-04T23:47:01.492+0600] {logging_mixin.py:154} INFO - [2025-12-04T23:47:01.492+0600] {dag.py:2941} INFO - Sync 1 DAGs
[2025-12-04T23:47:01.496+0600] {logging_mixin.py:154} INFO - [2025-12-04T23:47:01.496+0600] {dag.py:3722} INFO - Setting next_dagrun for example_trigger_target_dag to None, run_after=None
[2025-12-04T23:47:01.504+0600] {processor.py:179} INFO - Processing /Users/asminsadykova/Desktop/h&m/.venv/lib/python3.9/site-packages/airflow/example_dags/example_trigger_target_dag.py took 0.103 seconds
[2025-12-04T23:48:25.140+0600] {processor.py:157} INFO - Started process (PID=41653) to work on /Users/asminsadykova/Desktop/h&m/.venv/lib/python3.9/site-packages/airflow/example_dags/example_trigger_target_dag.py
[2025-12-04T23:48:25.142+0600] {processor.py:829} INFO - Processing file /Users/asminsadykova/Desktop/h&m/.venv/lib/python3.9/site-packages/airflow/example_dags/example_trigger_target_dag.py for tasks to queue
[2025-12-04T23:48:25.142+0600] {logging_mixin.py:154} INFO - [2025-12-04T23:48:25.142+0600] {dagbag.py:536} INFO - Filling up the DagBag from /Users/asminsadykova/Desktop/h&m/.venv/lib/python3.9/site-packages/airflow/example_dags/example_trigger_target_dag.py
[2025-12-04T23:48:25.165+0600] {processor.py:839} INFO - DAG(s) dict_keys(['example_trigger_target_dag']) retrieved from /Users/asminsadykova/Desktop/h&m/.venv/lib/python3.9/site-packages/airflow/example_dags/example_trigger_target_dag.py
[2025-12-04T23:48:25.232+0600] {logging_mixin.py:154} INFO - [2025-12-04T23:48:25.231+0600] {dag.py:2941} INFO - Sync 1 DAGs
[2025-12-04T23:48:25.235+0600] {logging_mixin.py:154} INFO - [2025-12-04T23:48:25.235+0600] {dag.py:3722} INFO - Setting next_dagrun for example_trigger_target_dag to None, run_after=None
[2025-12-04T23:48:25.244+0600] {processor.py:179} INFO - Processing /Users/asminsadykova/Desktop/h&m/.venv/lib/python3.9/site-packages/airflow/example_dags/example_trigger_target_dag.py took 0.104 seconds
[2025-12-04T23:49:12.039+0600] {processor.py:157} INFO - Started process (PID=41698) to work on /Users/asminsadykova/Desktop/h&m/.venv/lib/python3.9/site-packages/airflow/example_dags/example_trigger_target_dag.py
[2025-12-04T23:49:12.040+0600] {processor.py:829} INFO - Processing file /Users/asminsadykova/Desktop/h&m/.venv/lib/python3.9/site-packages/airflow/example_dags/example_trigger_target_dag.py for tasks to queue
[2025-12-04T23:49:12.040+0600] {logging_mixin.py:154} INFO - [2025-12-04T23:49:12.040+0600] {dagbag.py:536} INFO - Filling up the DagBag from /Users/asminsadykova/Desktop/h&m/.venv/lib/python3.9/site-packages/airflow/example_dags/example_trigger_target_dag.py
[2025-12-04T23:49:12.063+0600] {processor.py:839} INFO - DAG(s) dict_keys(['example_trigger_target_dag']) retrieved from /Users/asminsadykova/Desktop/h&m/.venv/lib/python3.9/site-packages/airflow/example_dags/example_trigger_target_dag.py
[2025-12-04T23:49:12.137+0600] {logging_mixin.py:154} INFO - [2025-12-04T23:49:12.137+0600] {dag.py:2941} INFO - Sync 1 DAGs
[2025-12-04T23:49:12.142+0600] {logging_mixin.py:154} INFO - [2025-12-04T23:49:12.142+0600] {dag.py:3722} INFO - Setting next_dagrun for example_trigger_target_dag to None, run_after=None
[2025-12-04T23:49:12.152+0600] {processor.py:179} INFO - Processing /Users/asminsadykova/Desktop/h&m/.venv/lib/python3.9/site-packages/airflow/example_dags/example_trigger_target_dag.py took 0.113 seconds
[2025-12-04T23:49:59.877+0600] {processor.py:157} INFO - Started process (PID=41784) to work on /Users/asminsadykova/Desktop/h&m/.venv/lib/python3.9/site-packages/airflow/example_dags/example_trigger_target_dag.py
[2025-12-04T23:49:59.877+0600] {processor.py:829} INFO - Processing file /Users/asminsadykova/Desktop/h&m/.venv/lib/python3.9/site-packages/airflow/example_dags/example_trigger_target_dag.py for tasks to queue
[2025-12-04T23:49:59.877+0600] {logging_mixin.py:154} INFO - [2025-12-04T23:49:59.877+0600] {dagbag.py:536} INFO - Filling up the DagBag from /Users/asminsadykova/Desktop/h&m/.venv/lib/python3.9/site-packages/airflow/example_dags/example_trigger_target_dag.py
[2025-12-04T23:49:59.901+0600] {processor.py:839} INFO - DAG(s) dict_keys(['example_trigger_target_dag']) retrieved from /Users/asminsadykova/Desktop/h&m/.venv/lib/python3.9/site-packages/airflow/example_dags/example_trigger_target_dag.py
[2025-12-04T23:49:59.968+0600] {logging_mixin.py:154} INFO - [2025-12-04T23:49:59.968+0600] {dag.py:2941} INFO - Sync 1 DAGs
[2025-12-04T23:49:59.971+0600] {logging_mixin.py:154} INFO - [2025-12-04T23:49:59.971+0600] {dag.py:3722} INFO - Setting next_dagrun for example_trigger_target_dag to None, run_after=None
[2025-12-04T23:49:59.979+0600] {processor.py:179} INFO - Processing /Users/asminsadykova/Desktop/h&m/.venv/lib/python3.9/site-packages/airflow/example_dags/example_trigger_target_dag.py took 0.103 seconds
[2025-12-04T23:50:50.024+0600] {processor.py:157} INFO - Started process (PID=41824) to work on /Users/asminsadykova/Desktop/h&m/.venv/lib/python3.9/site-packages/airflow/example_dags/example_trigger_target_dag.py
[2025-12-04T23:50:50.025+0600] {processor.py:829} INFO - Processing file /Users/asminsadykova/Desktop/h&m/.venv/lib/python3.9/site-packages/airflow/example_dags/example_trigger_target_dag.py for tasks to queue
[2025-12-04T23:50:50.025+0600] {logging_mixin.py:154} INFO - [2025-12-04T23:50:50.025+0600] {dagbag.py:536} INFO - Filling up the DagBag from /Users/asminsadykova/Desktop/h&m/.venv/lib/python3.9/site-packages/airflow/example_dags/example_trigger_target_dag.py
[2025-12-04T23:50:50.048+0600] {processor.py:839} INFO - DAG(s) dict_keys(['example_trigger_target_dag']) retrieved from /Users/asminsadykova/Desktop/h&m/.venv/lib/python3.9/site-packages/airflow/example_dags/example_trigger_target_dag.py
[2025-12-04T23:50:50.123+0600] {logging_mixin.py:154} INFO - [2025-12-04T23:50:50.123+0600] {dag.py:2941} INFO - Sync 1 DAGs
[2025-12-04T23:50:50.127+0600] {logging_mixin.py:154} INFO - [2025-12-04T23:50:50.127+0600] {dag.py:3722} INFO - Setting next_dagrun for example_trigger_target_dag to None, run_after=None
[2025-12-04T23:50:50.136+0600] {processor.py:179} INFO - Processing /Users/asminsadykova/Desktop/h&m/.venv/lib/python3.9/site-packages/airflow/example_dags/example_trigger_target_dag.py took 0.113 seconds
[2025-12-04T23:51:39.360+0600] {processor.py:157} INFO - Started process (PID=42009) to work on /Users/asminsadykova/Desktop/h&m/.venv/lib/python3.9/site-packages/airflow/example_dags/example_trigger_target_dag.py
[2025-12-04T23:51:39.361+0600] {processor.py:829} INFO - Processing file /Users/asminsadykova/Desktop/h&m/.venv/lib/python3.9/site-packages/airflow/example_dags/example_trigger_target_dag.py for tasks to queue
[2025-12-04T23:51:39.361+0600] {logging_mixin.py:154} INFO - [2025-12-04T23:51:39.361+0600] {dagbag.py:536} INFO - Filling up the DagBag from /Users/asminsadykova/Desktop/h&m/.venv/lib/python3.9/site-packages/airflow/example_dags/example_trigger_target_dag.py
[2025-12-04T23:51:39.384+0600] {processor.py:839} INFO - DAG(s) dict_keys(['example_trigger_target_dag']) retrieved from /Users/asminsadykova/Desktop/h&m/.venv/lib/python3.9/site-packages/airflow/example_dags/example_trigger_target_dag.py
[2025-12-04T23:51:39.451+0600] {logging_mixin.py:154} INFO - [2025-12-04T23:51:39.451+0600] {dag.py:2941} INFO - Sync 1 DAGs
[2025-12-04T23:51:39.454+0600] {logging_mixin.py:154} INFO - [2025-12-04T23:51:39.454+0600] {dag.py:3722} INFO - Setting next_dagrun for example_trigger_target_dag to None, run_after=None
[2025-12-04T23:51:39.463+0600] {processor.py:179} INFO - Processing /Users/asminsadykova/Desktop/h&m/.venv/lib/python3.9/site-packages/airflow/example_dags/example_trigger_target_dag.py took 0.103 seconds
[2025-12-04T23:53:13.684+0600] {processor.py:157} INFO - Started process (PID=42119) to work on /Users/asminsadykova/Desktop/h&m/.venv/lib/python3.9/site-packages/airflow/example_dags/example_trigger_target_dag.py
[2025-12-04T23:53:13.686+0600] {processor.py:829} INFO - Processing file /Users/asminsadykova/Desktop/h&m/.venv/lib/python3.9/site-packages/airflow/example_dags/example_trigger_target_dag.py for tasks to queue
[2025-12-04T23:53:13.686+0600] {logging_mixin.py:154} INFO - [2025-12-04T23:53:13.686+0600] {dagbag.py:536} INFO - Filling up the DagBag from /Users/asminsadykova/Desktop/h&m/.venv/lib/python3.9/site-packages/airflow/example_dags/example_trigger_target_dag.py
[2025-12-04T23:53:13.708+0600] {processor.py:839} INFO - DAG(s) dict_keys(['example_trigger_target_dag']) retrieved from /Users/asminsadykova/Desktop/h&m/.venv/lib/python3.9/site-packages/airflow/example_dags/example_trigger_target_dag.py
[2025-12-04T23:53:13.775+0600] {logging_mixin.py:154} INFO - [2025-12-04T23:53:13.775+0600] {dag.py:2941} INFO - Sync 1 DAGs
[2025-12-04T23:53:13.779+0600] {logging_mixin.py:154} INFO - [2025-12-04T23:53:13.779+0600] {dag.py:3722} INFO - Setting next_dagrun for example_trigger_target_dag to None, run_after=None
[2025-12-04T23:53:13.787+0600] {processor.py:179} INFO - Processing /Users/asminsadykova/Desktop/h&m/.venv/lib/python3.9/site-packages/airflow/example_dags/example_trigger_target_dag.py took 0.103 seconds
[2025-12-04T23:54:01.680+0600] {processor.py:157} INFO - Started process (PID=42159) to work on /Users/asminsadykova/Desktop/h&m/.venv/lib/python3.9/site-packages/airflow/example_dags/example_trigger_target_dag.py
[2025-12-04T23:54:01.682+0600] {processor.py:829} INFO - Processing file /Users/asminsadykova/Desktop/h&m/.venv/lib/python3.9/site-packages/airflow/example_dags/example_trigger_target_dag.py for tasks to queue
[2025-12-04T23:54:01.682+0600] {logging_mixin.py:154} INFO - [2025-12-04T23:54:01.682+0600] {dagbag.py:536} INFO - Filling up the DagBag from /Users/asminsadykova/Desktop/h&m/.venv/lib/python3.9/site-packages/airflow/example_dags/example_trigger_target_dag.py
[2025-12-04T23:54:01.704+0600] {processor.py:839} INFO - DAG(s) dict_keys(['example_trigger_target_dag']) retrieved from /Users/asminsadykova/Desktop/h&m/.venv/lib/python3.9/site-packages/airflow/example_dags/example_trigger_target_dag.py
[2025-12-04T23:54:01.770+0600] {logging_mixin.py:154} INFO - [2025-12-04T23:54:01.770+0600] {dag.py:2941} INFO - Sync 1 DAGs
[2025-12-04T23:54:01.774+0600] {logging_mixin.py:154} INFO - [2025-12-04T23:54:01.774+0600] {dag.py:3722} INFO - Setting next_dagrun for example_trigger_target_dag to None, run_after=None
[2025-12-04T23:54:01.783+0600] {processor.py:179} INFO - Processing /Users/asminsadykova/Desktop/h&m/.venv/lib/python3.9/site-packages/airflow/example_dags/example_trigger_target_dag.py took 0.103 seconds
[2025-12-04T23:55:27.931+0600] {processor.py:157} INFO - Started process (PID=42238) to work on /Users/asminsadykova/Desktop/h&m/.venv/lib/python3.9/site-packages/airflow/example_dags/example_trigger_target_dag.py
[2025-12-04T23:55:27.932+0600] {processor.py:829} INFO - Processing file /Users/asminsadykova/Desktop/h&m/.venv/lib/python3.9/site-packages/airflow/example_dags/example_trigger_target_dag.py for tasks to queue
[2025-12-04T23:55:27.932+0600] {logging_mixin.py:154} INFO - [2025-12-04T23:55:27.932+0600] {dagbag.py:536} INFO - Filling up the DagBag from /Users/asminsadykova/Desktop/h&m/.venv/lib/python3.9/site-packages/airflow/example_dags/example_trigger_target_dag.py
[2025-12-04T23:55:27.954+0600] {processor.py:839} INFO - DAG(s) dict_keys(['example_trigger_target_dag']) retrieved from /Users/asminsadykova/Desktop/h&m/.venv/lib/python3.9/site-packages/airflow/example_dags/example_trigger_target_dag.py
[2025-12-04T23:55:28.021+0600] {logging_mixin.py:154} INFO - [2025-12-04T23:55:28.021+0600] {dag.py:2941} INFO - Sync 1 DAGs
[2025-12-04T23:55:28.025+0600] {logging_mixin.py:154} INFO - [2025-12-04T23:55:28.025+0600] {dag.py:3722} INFO - Setting next_dagrun for example_trigger_target_dag to None, run_after=None
[2025-12-04T23:55:28.034+0600] {processor.py:179} INFO - Processing /Users/asminsadykova/Desktop/h&m/.venv/lib/python3.9/site-packages/airflow/example_dags/example_trigger_target_dag.py took 0.103 seconds
[2025-12-04T23:56:57.387+0600] {processor.py:157} INFO - Started process (PID=42311) to work on /Users/asminsadykova/Desktop/h&m/.venv/lib/python3.9/site-packages/airflow/example_dags/example_trigger_target_dag.py
[2025-12-04T23:56:57.388+0600] {processor.py:829} INFO - Processing file /Users/asminsadykova/Desktop/h&m/.venv/lib/python3.9/site-packages/airflow/example_dags/example_trigger_target_dag.py for tasks to queue
[2025-12-04T23:56:57.388+0600] {logging_mixin.py:154} INFO - [2025-12-04T23:56:57.388+0600] {dagbag.py:536} INFO - Filling up the DagBag from /Users/asminsadykova/Desktop/h&m/.venv/lib/python3.9/site-packages/airflow/example_dags/example_trigger_target_dag.py
[2025-12-04T23:56:57.415+0600] {processor.py:839} INFO - DAG(s) dict_keys(['example_trigger_target_dag']) retrieved from /Users/asminsadykova/Desktop/h&m/.venv/lib/python3.9/site-packages/airflow/example_dags/example_trigger_target_dag.py
[2025-12-04T23:56:57.505+0600] {logging_mixin.py:154} INFO - [2025-12-04T23:56:57.505+0600] {dag.py:2941} INFO - Sync 1 DAGs
[2025-12-04T23:56:57.510+0600] {logging_mixin.py:154} INFO - [2025-12-04T23:56:57.510+0600] {dag.py:3722} INFO - Setting next_dagrun for example_trigger_target_dag to None, run_after=None
[2025-12-04T23:56:57.523+0600] {processor.py:179} INFO - Processing /Users/asminsadykova/Desktop/h&m/.venv/lib/python3.9/site-packages/airflow/example_dags/example_trigger_target_dag.py took 0.136 seconds
[2025-12-04T23:58:22.195+0600] {processor.py:157} INFO - Started process (PID=42391) to work on /Users/asminsadykova/Desktop/h&m/.venv/lib/python3.9/site-packages/airflow/example_dags/example_trigger_target_dag.py
[2025-12-04T23:58:22.197+0600] {processor.py:829} INFO - Processing file /Users/asminsadykova/Desktop/h&m/.venv/lib/python3.9/site-packages/airflow/example_dags/example_trigger_target_dag.py for tasks to queue
[2025-12-04T23:58:22.197+0600] {logging_mixin.py:154} INFO - [2025-12-04T23:58:22.197+0600] {dagbag.py:536} INFO - Filling up the DagBag from /Users/asminsadykova/Desktop/h&m/.venv/lib/python3.9/site-packages/airflow/example_dags/example_trigger_target_dag.py
[2025-12-04T23:58:22.219+0600] {processor.py:839} INFO - DAG(s) dict_keys(['example_trigger_target_dag']) retrieved from /Users/asminsadykova/Desktop/h&m/.venv/lib/python3.9/site-packages/airflow/example_dags/example_trigger_target_dag.py
[2025-12-04T23:58:22.290+0600] {logging_mixin.py:154} INFO - [2025-12-04T23:58:22.290+0600] {dag.py:2941} INFO - Sync 1 DAGs
[2025-12-04T23:58:22.294+0600] {logging_mixin.py:154} INFO - [2025-12-04T23:58:22.294+0600] {dag.py:3722} INFO - Setting next_dagrun for example_trigger_target_dag to None, run_after=None
[2025-12-04T23:58:22.302+0600] {processor.py:179} INFO - Processing /Users/asminsadykova/Desktop/h&m/.venv/lib/python3.9/site-packages/airflow/example_dags/example_trigger_target_dag.py took 0.108 seconds
[2025-12-04T23:59:52.092+0600] {processor.py:157} INFO - Started process (PID=42646) to work on /Users/asminsadykova/Desktop/h&m/.venv/lib/python3.9/site-packages/airflow/example_dags/example_trigger_target_dag.py
[2025-12-04T23:59:52.092+0600] {processor.py:829} INFO - Processing file /Users/asminsadykova/Desktop/h&m/.venv/lib/python3.9/site-packages/airflow/example_dags/example_trigger_target_dag.py for tasks to queue
[2025-12-04T23:59:52.093+0600] {logging_mixin.py:154} INFO - [2025-12-04T23:59:52.093+0600] {dagbag.py:536} INFO - Filling up the DagBag from /Users/asminsadykova/Desktop/h&m/.venv/lib/python3.9/site-packages/airflow/example_dags/example_trigger_target_dag.py
[2025-12-04T23:59:52.118+0600] {processor.py:839} INFO - DAG(s) dict_keys(['example_trigger_target_dag']) retrieved from /Users/asminsadykova/Desktop/h&m/.venv/lib/python3.9/site-packages/airflow/example_dags/example_trigger_target_dag.py
[2025-12-04T23:59:52.187+0600] {logging_mixin.py:154} INFO - [2025-12-04T23:59:52.187+0600] {dag.py:2941} INFO - Sync 1 DAGs
[2025-12-04T23:59:52.191+0600] {logging_mixin.py:154} INFO - [2025-12-04T23:59:52.191+0600] {dag.py:3722} INFO - Setting next_dagrun for example_trigger_target_dag to None, run_after=None
[2025-12-04T23:59:52.199+0600] {processor.py:179} INFO - Processing /Users/asminsadykova/Desktop/h&m/.venv/lib/python3.9/site-packages/airflow/example_dags/example_trigger_target_dag.py took 0.108 seconds
[2025-12-05T00:00:42.885+0600] {processor.py:157} INFO - Started process (PID=42748) to work on /Users/asminsadykova/Desktop/h&m/.venv/lib/python3.9/site-packages/airflow/example_dags/example_trigger_target_dag.py
[2025-12-05T00:00:42.886+0600] {processor.py:829} INFO - Processing file /Users/asminsadykova/Desktop/h&m/.venv/lib/python3.9/site-packages/airflow/example_dags/example_trigger_target_dag.py for tasks to queue
[2025-12-05T00:00:42.886+0600] {logging_mixin.py:154} INFO - [2025-12-05T00:00:42.886+0600] {dagbag.py:536} INFO - Filling up the DagBag from /Users/asminsadykova/Desktop/h&m/.venv/lib/python3.9/site-packages/airflow/example_dags/example_trigger_target_dag.py
[2025-12-05T00:00:42.909+0600] {processor.py:839} INFO - DAG(s) dict_keys(['example_trigger_target_dag']) retrieved from /Users/asminsadykova/Desktop/h&m/.venv/lib/python3.9/site-packages/airflow/example_dags/example_trigger_target_dag.py
[2025-12-05T00:00:42.978+0600] {logging_mixin.py:154} INFO - [2025-12-05T00:00:42.978+0600] {dag.py:2941} INFO - Sync 1 DAGs
[2025-12-05T00:00:42.982+0600] {logging_mixin.py:154} INFO - [2025-12-05T00:00:42.982+0600] {dag.py:3722} INFO - Setting next_dagrun for example_trigger_target_dag to None, run_after=None
[2025-12-05T00:00:42.990+0600] {processor.py:179} INFO - Processing /Users/asminsadykova/Desktop/h&m/.venv/lib/python3.9/site-packages/airflow/example_dags/example_trigger_target_dag.py took 0.106 seconds
[2025-12-05T00:01:29.916+0600] {processor.py:157} INFO - Started process (PID=42877) to work on /Users/asminsadykova/Desktop/h&m/.venv/lib/python3.9/site-packages/airflow/example_dags/example_trigger_target_dag.py
[2025-12-05T00:01:29.917+0600] {processor.py:829} INFO - Processing file /Users/asminsadykova/Desktop/h&m/.venv/lib/python3.9/site-packages/airflow/example_dags/example_trigger_target_dag.py for tasks to queue
[2025-12-05T00:01:29.918+0600] {logging_mixin.py:154} INFO - [2025-12-05T00:01:29.918+0600] {dagbag.py:536} INFO - Filling up the DagBag from /Users/asminsadykova/Desktop/h&m/.venv/lib/python3.9/site-packages/airflow/example_dags/example_trigger_target_dag.py
[2025-12-05T00:01:29.945+0600] {processor.py:839} INFO - DAG(s) dict_keys(['example_trigger_target_dag']) retrieved from /Users/asminsadykova/Desktop/h&m/.venv/lib/python3.9/site-packages/airflow/example_dags/example_trigger_target_dag.py
[2025-12-05T00:01:30.016+0600] {logging_mixin.py:154} INFO - [2025-12-05T00:01:30.016+0600] {dag.py:2941} INFO - Sync 1 DAGs
[2025-12-05T00:01:30.020+0600] {logging_mixin.py:154} INFO - [2025-12-05T00:01:30.020+0600] {dag.py:3722} INFO - Setting next_dagrun for example_trigger_target_dag to None, run_after=None
[2025-12-05T00:01:30.029+0600] {processor.py:179} INFO - Processing /Users/asminsadykova/Desktop/h&m/.venv/lib/python3.9/site-packages/airflow/example_dags/example_trigger_target_dag.py took 0.113 seconds
[2025-12-05T00:03:03.068+0600] {processor.py:157} INFO - Started process (PID=42950) to work on /Users/asminsadykova/Desktop/h&m/.venv/lib/python3.9/site-packages/airflow/example_dags/example_trigger_target_dag.py
[2025-12-05T00:03:03.070+0600] {processor.py:829} INFO - Processing file /Users/asminsadykova/Desktop/h&m/.venv/lib/python3.9/site-packages/airflow/example_dags/example_trigger_target_dag.py for tasks to queue
[2025-12-05T00:03:03.070+0600] {logging_mixin.py:154} INFO - [2025-12-05T00:03:03.070+0600] {dagbag.py:536} INFO - Filling up the DagBag from /Users/asminsadykova/Desktop/h&m/.venv/lib/python3.9/site-packages/airflow/example_dags/example_trigger_target_dag.py
[2025-12-05T00:03:03.093+0600] {processor.py:839} INFO - DAG(s) dict_keys(['example_trigger_target_dag']) retrieved from /Users/asminsadykova/Desktop/h&m/.venv/lib/python3.9/site-packages/airflow/example_dags/example_trigger_target_dag.py
[2025-12-05T00:03:03.160+0600] {logging_mixin.py:154} INFO - [2025-12-05T00:03:03.160+0600] {dag.py:2941} INFO - Sync 1 DAGs
[2025-12-05T00:03:03.164+0600] {logging_mixin.py:154} INFO - [2025-12-05T00:03:03.164+0600] {dag.py:3722} INFO - Setting next_dagrun for example_trigger_target_dag to None, run_after=None
[2025-12-05T00:03:03.172+0600] {processor.py:179} INFO - Processing /Users/asminsadykova/Desktop/h&m/.venv/lib/python3.9/site-packages/airflow/example_dags/example_trigger_target_dag.py took 0.104 seconds
[2025-12-05T00:03:49.253+0600] {processor.py:157} INFO - Started process (PID=42986) to work on /Users/asminsadykova/Desktop/h&m/.venv/lib/python3.9/site-packages/airflow/example_dags/example_trigger_target_dag.py
[2025-12-05T00:03:49.254+0600] {processor.py:829} INFO - Processing file /Users/asminsadykova/Desktop/h&m/.venv/lib/python3.9/site-packages/airflow/example_dags/example_trigger_target_dag.py for tasks to queue
[2025-12-05T00:03:49.254+0600] {logging_mixin.py:154} INFO - [2025-12-05T00:03:49.254+0600] {dagbag.py:536} INFO - Filling up the DagBag from /Users/asminsadykova/Desktop/h&m/.venv/lib/python3.9/site-packages/airflow/example_dags/example_trigger_target_dag.py
[2025-12-05T00:03:49.276+0600] {processor.py:839} INFO - DAG(s) dict_keys(['example_trigger_target_dag']) retrieved from /Users/asminsadykova/Desktop/h&m/.venv/lib/python3.9/site-packages/airflow/example_dags/example_trigger_target_dag.py
[2025-12-05T00:03:49.343+0600] {logging_mixin.py:154} INFO - [2025-12-05T00:03:49.343+0600] {dag.py:2941} INFO - Sync 1 DAGs
[2025-12-05T00:03:49.346+0600] {logging_mixin.py:154} INFO - [2025-12-05T00:03:49.346+0600] {dag.py:3722} INFO - Setting next_dagrun for example_trigger_target_dag to None, run_after=None
[2025-12-05T00:03:49.354+0600] {processor.py:179} INFO - Processing /Users/asminsadykova/Desktop/h&m/.venv/lib/python3.9/site-packages/airflow/example_dags/example_trigger_target_dag.py took 0.102 seconds
[2025-12-05T00:05:24.801+0600] {processor.py:157} INFO - Started process (PID=43258) to work on /Users/asminsadykova/Desktop/h&m/.venv/lib/python3.9/site-packages/airflow/example_dags/example_trigger_target_dag.py
[2025-12-05T00:05:24.802+0600] {processor.py:829} INFO - Processing file /Users/asminsadykova/Desktop/h&m/.venv/lib/python3.9/site-packages/airflow/example_dags/example_trigger_target_dag.py for tasks to queue
[2025-12-05T00:05:24.802+0600] {logging_mixin.py:154} INFO - [2025-12-05T00:05:24.802+0600] {dagbag.py:536} INFO - Filling up the DagBag from /Users/asminsadykova/Desktop/h&m/.venv/lib/python3.9/site-packages/airflow/example_dags/example_trigger_target_dag.py
[2025-12-05T00:05:24.826+0600] {processor.py:839} INFO - DAG(s) dict_keys(['example_trigger_target_dag']) retrieved from /Users/asminsadykova/Desktop/h&m/.venv/lib/python3.9/site-packages/airflow/example_dags/example_trigger_target_dag.py
[2025-12-05T00:05:24.899+0600] {logging_mixin.py:154} INFO - [2025-12-05T00:05:24.899+0600] {dag.py:2941} INFO - Sync 1 DAGs
[2025-12-05T00:05:24.902+0600] {logging_mixin.py:154} INFO - [2025-12-05T00:05:24.902+0600] {dag.py:3722} INFO - Setting next_dagrun for example_trigger_target_dag to None, run_after=None
[2025-12-05T00:05:24.911+0600] {processor.py:179} INFO - Processing /Users/asminsadykova/Desktop/h&m/.venv/lib/python3.9/site-packages/airflow/example_dags/example_trigger_target_dag.py took 0.110 seconds
[2025-12-05T00:06:51.645+0600] {processor.py:157} INFO - Started process (PID=43409) to work on /Users/asminsadykova/Desktop/h&m/.venv/lib/python3.9/site-packages/airflow/example_dags/example_trigger_target_dag.py
[2025-12-05T00:06:51.646+0600] {processor.py:829} INFO - Processing file /Users/asminsadykova/Desktop/h&m/.venv/lib/python3.9/site-packages/airflow/example_dags/example_trigger_target_dag.py for tasks to queue
[2025-12-05T00:06:51.646+0600] {logging_mixin.py:154} INFO - [2025-12-05T00:06:51.646+0600] {dagbag.py:536} INFO - Filling up the DagBag from /Users/asminsadykova/Desktop/h&m/.venv/lib/python3.9/site-packages/airflow/example_dags/example_trigger_target_dag.py
[2025-12-05T00:06:51.670+0600] {processor.py:839} INFO - DAG(s) dict_keys(['example_trigger_target_dag']) retrieved from /Users/asminsadykova/Desktop/h&m/.venv/lib/python3.9/site-packages/airflow/example_dags/example_trigger_target_dag.py
[2025-12-05T00:06:51.740+0600] {logging_mixin.py:154} INFO - [2025-12-05T00:06:51.740+0600] {dag.py:2941} INFO - Sync 1 DAGs
[2025-12-05T00:06:51.744+0600] {logging_mixin.py:154} INFO - [2025-12-05T00:06:51.744+0600] {dag.py:3722} INFO - Setting next_dagrun for example_trigger_target_dag to None, run_after=None
[2025-12-05T00:06:51.753+0600] {processor.py:179} INFO - Processing /Users/asminsadykova/Desktop/h&m/.venv/lib/python3.9/site-packages/airflow/example_dags/example_trigger_target_dag.py took 0.109 seconds
[2025-12-05T00:08:17.554+0600] {processor.py:157} INFO - Started process (PID=43543) to work on /Users/asminsadykova/Desktop/h&m/.venv/lib/python3.9/site-packages/airflow/example_dags/example_trigger_target_dag.py
[2025-12-05T00:08:17.555+0600] {processor.py:829} INFO - Processing file /Users/asminsadykova/Desktop/h&m/.venv/lib/python3.9/site-packages/airflow/example_dags/example_trigger_target_dag.py for tasks to queue
[2025-12-05T00:08:17.555+0600] {logging_mixin.py:154} INFO - [2025-12-05T00:08:17.555+0600] {dagbag.py:536} INFO - Filling up the DagBag from /Users/asminsadykova/Desktop/h&m/.venv/lib/python3.9/site-packages/airflow/example_dags/example_trigger_target_dag.py
[2025-12-05T00:08:17.580+0600] {processor.py:839} INFO - DAG(s) dict_keys(['example_trigger_target_dag']) retrieved from /Users/asminsadykova/Desktop/h&m/.venv/lib/python3.9/site-packages/airflow/example_dags/example_trigger_target_dag.py
[2025-12-05T00:08:17.660+0600] {logging_mixin.py:154} INFO - [2025-12-05T00:08:17.660+0600] {dag.py:2941} INFO - Sync 1 DAGs
[2025-12-05T00:08:17.666+0600] {logging_mixin.py:154} INFO - [2025-12-05T00:08:17.666+0600] {dag.py:3722} INFO - Setting next_dagrun for example_trigger_target_dag to None, run_after=None
[2025-12-05T00:08:17.700+0600] {processor.py:179} INFO - Processing /Users/asminsadykova/Desktop/h&m/.venv/lib/python3.9/site-packages/airflow/example_dags/example_trigger_target_dag.py took 0.147 seconds
[2025-12-05T00:09:04.243+0600] {processor.py:157} INFO - Started process (PID=43632) to work on /Users/asminsadykova/Desktop/h&m/.venv/lib/python3.9/site-packages/airflow/example_dags/example_trigger_target_dag.py
[2025-12-05T00:09:04.244+0600] {processor.py:829} INFO - Processing file /Users/asminsadykova/Desktop/h&m/.venv/lib/python3.9/site-packages/airflow/example_dags/example_trigger_target_dag.py for tasks to queue
[2025-12-05T00:09:04.244+0600] {logging_mixin.py:154} INFO - [2025-12-05T00:09:04.244+0600] {dagbag.py:536} INFO - Filling up the DagBag from /Users/asminsadykova/Desktop/h&m/.venv/lib/python3.9/site-packages/airflow/example_dags/example_trigger_target_dag.py
[2025-12-05T00:09:04.269+0600] {processor.py:839} INFO - DAG(s) dict_keys(['example_trigger_target_dag']) retrieved from /Users/asminsadykova/Desktop/h&m/.venv/lib/python3.9/site-packages/airflow/example_dags/example_trigger_target_dag.py
[2025-12-05T00:09:04.339+0600] {logging_mixin.py:154} INFO - [2025-12-05T00:09:04.339+0600] {dag.py:2941} INFO - Sync 1 DAGs
[2025-12-05T00:09:04.343+0600] {logging_mixin.py:154} INFO - [2025-12-05T00:09:04.343+0600] {dag.py:3722} INFO - Setting next_dagrun for example_trigger_target_dag to None, run_after=None
[2025-12-05T00:09:04.353+0600] {processor.py:179} INFO - Processing /Users/asminsadykova/Desktop/h&m/.venv/lib/python3.9/site-packages/airflow/example_dags/example_trigger_target_dag.py took 0.110 seconds
[2025-12-05T00:09:51.501+0600] {processor.py:157} INFO - Started process (PID=43719) to work on /Users/asminsadykova/Desktop/h&m/.venv/lib/python3.9/site-packages/airflow/example_dags/example_trigger_target_dag.py
[2025-12-05T00:09:51.502+0600] {processor.py:829} INFO - Processing file /Users/asminsadykova/Desktop/h&m/.venv/lib/python3.9/site-packages/airflow/example_dags/example_trigger_target_dag.py for tasks to queue
[2025-12-05T00:09:51.502+0600] {logging_mixin.py:154} INFO - [2025-12-05T00:09:51.502+0600] {dagbag.py:536} INFO - Filling up the DagBag from /Users/asminsadykova/Desktop/h&m/.venv/lib/python3.9/site-packages/airflow/example_dags/example_trigger_target_dag.py
[2025-12-05T00:09:51.528+0600] {processor.py:839} INFO - DAG(s) dict_keys(['example_trigger_target_dag']) retrieved from /Users/asminsadykova/Desktop/h&m/.venv/lib/python3.9/site-packages/airflow/example_dags/example_trigger_target_dag.py
[2025-12-05T00:09:51.604+0600] {logging_mixin.py:154} INFO - [2025-12-05T00:09:51.604+0600] {dag.py:2941} INFO - Sync 1 DAGs
[2025-12-05T00:09:51.608+0600] {logging_mixin.py:154} INFO - [2025-12-05T00:09:51.608+0600] {dag.py:3722} INFO - Setting next_dagrun for example_trigger_target_dag to None, run_after=None
[2025-12-05T00:09:51.617+0600] {processor.py:179} INFO - Processing /Users/asminsadykova/Desktop/h&m/.venv/lib/python3.9/site-packages/airflow/example_dags/example_trigger_target_dag.py took 0.117 seconds
[2025-12-05T00:10:41.151+0600] {processor.py:157} INFO - Started process (PID=43797) to work on /Users/asminsadykova/Desktop/h&m/.venv/lib/python3.9/site-packages/airflow/example_dags/example_trigger_target_dag.py
[2025-12-05T00:10:41.152+0600] {processor.py:829} INFO - Processing file /Users/asminsadykova/Desktop/h&m/.venv/lib/python3.9/site-packages/airflow/example_dags/example_trigger_target_dag.py for tasks to queue
[2025-12-05T00:10:41.152+0600] {logging_mixin.py:154} INFO - [2025-12-05T00:10:41.152+0600] {dagbag.py:536} INFO - Filling up the DagBag from /Users/asminsadykova/Desktop/h&m/.venv/lib/python3.9/site-packages/airflow/example_dags/example_trigger_target_dag.py
[2025-12-05T00:10:41.176+0600] {processor.py:839} INFO - DAG(s) dict_keys(['example_trigger_target_dag']) retrieved from /Users/asminsadykova/Desktop/h&m/.venv/lib/python3.9/site-packages/airflow/example_dags/example_trigger_target_dag.py
[2025-12-05T00:10:41.244+0600] {logging_mixin.py:154} INFO - [2025-12-05T00:10:41.244+0600] {dag.py:2941} INFO - Sync 1 DAGs
[2025-12-05T00:10:41.248+0600] {logging_mixin.py:154} INFO - [2025-12-05T00:10:41.248+0600] {dag.py:3722} INFO - Setting next_dagrun for example_trigger_target_dag to None, run_after=None
[2025-12-05T00:10:41.256+0600] {processor.py:179} INFO - Processing /Users/asminsadykova/Desktop/h&m/.venv/lib/python3.9/site-packages/airflow/example_dags/example_trigger_target_dag.py took 0.106 seconds
[2025-12-05T00:11:28.992+0600] {processor.py:157} INFO - Started process (PID=43880) to work on /Users/asminsadykova/Desktop/h&m/.venv/lib/python3.9/site-packages/airflow/example_dags/example_trigger_target_dag.py
[2025-12-05T00:11:28.993+0600] {processor.py:829} INFO - Processing file /Users/asminsadykova/Desktop/h&m/.venv/lib/python3.9/site-packages/airflow/example_dags/example_trigger_target_dag.py for tasks to queue
[2025-12-05T00:11:28.993+0600] {logging_mixin.py:154} INFO - [2025-12-05T00:11:28.993+0600] {dagbag.py:536} INFO - Filling up the DagBag from /Users/asminsadykova/Desktop/h&m/.venv/lib/python3.9/site-packages/airflow/example_dags/example_trigger_target_dag.py
[2025-12-05T00:11:29.020+0600] {processor.py:839} INFO - DAG(s) dict_keys(['example_trigger_target_dag']) retrieved from /Users/asminsadykova/Desktop/h&m/.venv/lib/python3.9/site-packages/airflow/example_dags/example_trigger_target_dag.py
[2025-12-05T00:11:29.107+0600] {logging_mixin.py:154} INFO - [2025-12-05T00:11:29.106+0600] {dag.py:2941} INFO - Sync 1 DAGs
[2025-12-05T00:11:29.112+0600] {logging_mixin.py:154} INFO - [2025-12-05T00:11:29.112+0600] {dag.py:3722} INFO - Setting next_dagrun for example_trigger_target_dag to None, run_after=None
[2025-12-05T00:11:29.123+0600] {processor.py:179} INFO - Processing /Users/asminsadykova/Desktop/h&m/.venv/lib/python3.9/site-packages/airflow/example_dags/example_trigger_target_dag.py took 0.132 seconds
[2025-12-05T00:12:59.971+0600] {processor.py:157} INFO - Started process (PID=44109) to work on /Users/asminsadykova/Desktop/h&m/.venv/lib/python3.9/site-packages/airflow/example_dags/example_trigger_target_dag.py
[2025-12-05T00:12:59.974+0600] {processor.py:829} INFO - Processing file /Users/asminsadykova/Desktop/h&m/.venv/lib/python3.9/site-packages/airflow/example_dags/example_trigger_target_dag.py for tasks to queue
[2025-12-05T00:12:59.974+0600] {logging_mixin.py:154} INFO - [2025-12-05T00:12:59.974+0600] {dagbag.py:536} INFO - Filling up the DagBag from /Users/asminsadykova/Desktop/h&m/.venv/lib/python3.9/site-packages/airflow/example_dags/example_trigger_target_dag.py
[2025-12-05T00:13:00.002+0600] {processor.py:839} INFO - DAG(s) dict_keys(['example_trigger_target_dag']) retrieved from /Users/asminsadykova/Desktop/h&m/.venv/lib/python3.9/site-packages/airflow/example_dags/example_trigger_target_dag.py
[2025-12-05T00:13:00.091+0600] {logging_mixin.py:154} INFO - [2025-12-05T00:13:00.090+0600] {dag.py:2941} INFO - Sync 1 DAGs
[2025-12-05T00:13:00.098+0600] {logging_mixin.py:154} INFO - [2025-12-05T00:13:00.097+0600] {dag.py:3722} INFO - Setting next_dagrun for example_trigger_target_dag to None, run_after=None
[2025-12-05T00:13:00.126+0600] {processor.py:179} INFO - Processing /Users/asminsadykova/Desktop/h&m/.venv/lib/python3.9/site-packages/airflow/example_dags/example_trigger_target_dag.py took 0.155 seconds
