[2025-12-04T23:18:27.982+0600] {processor.py:157} INFO - Started process (PID=38974) to work on /Users/asminsadykova/Desktop/h&m/.venv/lib/python3.9/site-packages/airflow/example_dags/example_dag_decorator.py
[2025-12-04T23:18:27.982+0600] {processor.py:829} INFO - Processing file /Users/asminsadykova/Desktop/h&m/.venv/lib/python3.9/site-packages/airflow/example_dags/example_dag_decorator.py for tasks to queue
[2025-12-04T23:18:27.983+0600] {logging_mixin.py:154} INFO - [2025-12-04T23:18:27.983+0600] {dagbag.py:536} INFO - Filling up the DagBag from /Users/asminsadykova/Desktop/h&m/.venv/lib/python3.9/site-packages/airflow/example_dags/example_dag_decorator.py
[2025-12-04T23:18:28.116+0600] {processor.py:839} INFO - DAG(s) dict_keys(['example_dag_decorator']) retrieved from /Users/asminsadykova/Desktop/h&m/.venv/lib/python3.9/site-packages/airflow/example_dags/example_dag_decorator.py
[2025-12-04T23:18:28.349+0600] {logging_mixin.py:154} INFO - [2025-12-04T23:18:28.349+0600] {manager.py:499} INFO - Created Permission View: %s
[2025-12-04T23:18:28.353+0600] {logging_mixin.py:154} INFO - [2025-12-04T23:18:28.353+0600] {manager.py:499} INFO - Created Permission View: %s
[2025-12-04T23:18:28.355+0600] {logging_mixin.py:154} INFO - [2025-12-04T23:18:28.355+0600] {manager.py:499} INFO - Created Permission View: %s
[2025-12-04T23:18:28.355+0600] {logging_mixin.py:154} INFO - [2025-12-04T23:18:28.355+0600] {dag.py:2941} INFO - Sync 1 DAGs
[2025-12-04T23:18:28.360+0600] {logging_mixin.py:154} INFO - [2025-12-04T23:18:28.360+0600] {dag.py:2963} INFO - Creating ORM DAG for example_dag_decorator
[2025-12-04T23:18:28.360+0600] {logging_mixin.py:154} INFO - [2025-12-04T23:18:28.360+0600] {dag.py:3722} INFO - Setting next_dagrun for example_dag_decorator to None, run_after=None
[2025-12-04T23:18:28.367+0600] {processor.py:179} INFO - Processing /Users/asminsadykova/Desktop/h&m/.venv/lib/python3.9/site-packages/airflow/example_dags/example_dag_decorator.py took 0.386 seconds
[2025-12-04T23:19:56.995+0600] {processor.py:157} INFO - Started process (PID=39081) to work on /Users/asminsadykova/Desktop/h&m/.venv/lib/python3.9/site-packages/airflow/example_dags/example_dag_decorator.py
[2025-12-04T23:19:56.996+0600] {processor.py:829} INFO - Processing file /Users/asminsadykova/Desktop/h&m/.venv/lib/python3.9/site-packages/airflow/example_dags/example_dag_decorator.py for tasks to queue
[2025-12-04T23:19:56.996+0600] {logging_mixin.py:154} INFO - [2025-12-04T23:19:56.996+0600] {dagbag.py:536} INFO - Filling up the DagBag from /Users/asminsadykova/Desktop/h&m/.venv/lib/python3.9/site-packages/airflow/example_dags/example_dag_decorator.py
[2025-12-04T23:19:57.104+0600] {processor.py:839} INFO - DAG(s) dict_keys(['example_dag_decorator']) retrieved from /Users/asminsadykova/Desktop/h&m/.venv/lib/python3.9/site-packages/airflow/example_dags/example_dag_decorator.py
[2025-12-04T23:19:57.576+0600] {logging_mixin.py:154} INFO - [2025-12-04T23:19:57.576+0600] {dag.py:2941} INFO - Sync 1 DAGs
[2025-12-04T23:19:57.580+0600] {logging_mixin.py:154} INFO - [2025-12-04T23:19:57.580+0600] {dag.py:3722} INFO - Setting next_dagrun for example_dag_decorator to None, run_after=None
[2025-12-04T23:19:57.589+0600] {processor.py:179} INFO - Processing /Users/asminsadykova/Desktop/h&m/.venv/lib/python3.9/site-packages/airflow/example_dags/example_dag_decorator.py took 0.594 seconds
[2025-12-04T23:21:24.676+0600] {processor.py:157} INFO - Started process (PID=39179) to work on /Users/asminsadykova/Desktop/h&m/.venv/lib/python3.9/site-packages/airflow/example_dags/example_dag_decorator.py
[2025-12-04T23:21:24.676+0600] {processor.py:829} INFO - Processing file /Users/asminsadykova/Desktop/h&m/.venv/lib/python3.9/site-packages/airflow/example_dags/example_dag_decorator.py for tasks to queue
[2025-12-04T23:21:24.677+0600] {logging_mixin.py:154} INFO - [2025-12-04T23:21:24.676+0600] {dagbag.py:536} INFO - Filling up the DagBag from /Users/asminsadykova/Desktop/h&m/.venv/lib/python3.9/site-packages/airflow/example_dags/example_dag_decorator.py
[2025-12-04T23:21:24.819+0600] {processor.py:839} INFO - DAG(s) dict_keys(['example_dag_decorator']) retrieved from /Users/asminsadykova/Desktop/h&m/.venv/lib/python3.9/site-packages/airflow/example_dags/example_dag_decorator.py
[2025-12-04T23:21:25.165+0600] {logging_mixin.py:154} INFO - [2025-12-04T23:21:25.165+0600] {dag.py:2941} INFO - Sync 1 DAGs
[2025-12-04T23:21:25.169+0600] {logging_mixin.py:154} INFO - [2025-12-04T23:21:25.169+0600] {dag.py:3722} INFO - Setting next_dagrun for example_dag_decorator to None, run_after=None
[2025-12-04T23:21:25.177+0600] {processor.py:179} INFO - Processing /Users/asminsadykova/Desktop/h&m/.venv/lib/python3.9/site-packages/airflow/example_dags/example_dag_decorator.py took 0.503 seconds
[2025-12-04T23:22:48.629+0600] {processor.py:157} INFO - Started process (PID=39274) to work on /Users/asminsadykova/Desktop/h&m/.venv/lib/python3.9/site-packages/airflow/example_dags/example_dag_decorator.py
[2025-12-04T23:22:48.630+0600] {processor.py:829} INFO - Processing file /Users/asminsadykova/Desktop/h&m/.venv/lib/python3.9/site-packages/airflow/example_dags/example_dag_decorator.py for tasks to queue
[2025-12-04T23:22:48.630+0600] {logging_mixin.py:154} INFO - [2025-12-04T23:22:48.630+0600] {dagbag.py:536} INFO - Filling up the DagBag from /Users/asminsadykova/Desktop/h&m/.venv/lib/python3.9/site-packages/airflow/example_dags/example_dag_decorator.py
[2025-12-04T23:22:48.881+0600] {processor.py:839} INFO - DAG(s) dict_keys(['example_dag_decorator']) retrieved from /Users/asminsadykova/Desktop/h&m/.venv/lib/python3.9/site-packages/airflow/example_dags/example_dag_decorator.py
[2025-12-04T23:22:49.183+0600] {logging_mixin.py:154} INFO - [2025-12-04T23:22:49.183+0600] {dag.py:2941} INFO - Sync 1 DAGs
[2025-12-04T23:22:49.187+0600] {logging_mixin.py:154} INFO - [2025-12-04T23:22:49.187+0600] {dag.py:3722} INFO - Setting next_dagrun for example_dag_decorator to None, run_after=None
[2025-12-04T23:22:49.195+0600] {processor.py:179} INFO - Processing /Users/asminsadykova/Desktop/h&m/.venv/lib/python3.9/site-packages/airflow/example_dags/example_dag_decorator.py took 0.567 seconds
[2025-12-04T23:24:25.195+0600] {processor.py:157} INFO - Started process (PID=39472) to work on /Users/asminsadykova/Desktop/h&m/.venv/lib/python3.9/site-packages/airflow/example_dags/example_dag_decorator.py
[2025-12-04T23:24:25.196+0600] {processor.py:829} INFO - Processing file /Users/asminsadykova/Desktop/h&m/.venv/lib/python3.9/site-packages/airflow/example_dags/example_dag_decorator.py for tasks to queue
[2025-12-04T23:24:25.196+0600] {logging_mixin.py:154} INFO - [2025-12-04T23:24:25.196+0600] {dagbag.py:536} INFO - Filling up the DagBag from /Users/asminsadykova/Desktop/h&m/.venv/lib/python3.9/site-packages/airflow/example_dags/example_dag_decorator.py
[2025-12-04T23:24:25.305+0600] {processor.py:839} INFO - DAG(s) dict_keys(['example_dag_decorator']) retrieved from /Users/asminsadykova/Desktop/h&m/.venv/lib/python3.9/site-packages/airflow/example_dags/example_dag_decorator.py
[2025-12-04T23:24:25.598+0600] {logging_mixin.py:154} INFO - [2025-12-04T23:24:25.598+0600] {dag.py:2941} INFO - Sync 1 DAGs
[2025-12-04T23:24:25.602+0600] {logging_mixin.py:154} INFO - [2025-12-04T23:24:25.602+0600] {dag.py:3722} INFO - Setting next_dagrun for example_dag_decorator to None, run_after=None
[2025-12-04T23:24:25.610+0600] {processor.py:179} INFO - Processing /Users/asminsadykova/Desktop/h&m/.venv/lib/python3.9/site-packages/airflow/example_dags/example_dag_decorator.py took 0.415 seconds
[2025-12-04T23:25:58.265+0600] {processor.py:157} INFO - Started process (PID=39558) to work on /Users/asminsadykova/Desktop/h&m/.venv/lib/python3.9/site-packages/airflow/example_dags/example_dag_decorator.py
[2025-12-04T23:25:58.267+0600] {processor.py:829} INFO - Processing file /Users/asminsadykova/Desktop/h&m/.venv/lib/python3.9/site-packages/airflow/example_dags/example_dag_decorator.py for tasks to queue
[2025-12-04T23:25:58.267+0600] {logging_mixin.py:154} INFO - [2025-12-04T23:25:58.267+0600] {dagbag.py:536} INFO - Filling up the DagBag from /Users/asminsadykova/Desktop/h&m/.venv/lib/python3.9/site-packages/airflow/example_dags/example_dag_decorator.py
[2025-12-04T23:25:58.381+0600] {processor.py:839} INFO - DAG(s) dict_keys(['example_dag_decorator']) retrieved from /Users/asminsadykova/Desktop/h&m/.venv/lib/python3.9/site-packages/airflow/example_dags/example_dag_decorator.py
[2025-12-04T23:25:58.670+0600] {logging_mixin.py:154} INFO - [2025-12-04T23:25:58.669+0600] {dag.py:2941} INFO - Sync 1 DAGs
[2025-12-04T23:25:58.673+0600] {logging_mixin.py:154} INFO - [2025-12-04T23:25:58.673+0600] {dag.py:3722} INFO - Setting next_dagrun for example_dag_decorator to None, run_after=None
[2025-12-04T23:25:58.682+0600] {processor.py:179} INFO - Processing /Users/asminsadykova/Desktop/h&m/.venv/lib/python3.9/site-packages/airflow/example_dags/example_dag_decorator.py took 0.417 seconds
[2025-12-04T23:27:39.077+0600] {processor.py:157} INFO - Started process (PID=39664) to work on /Users/asminsadykova/Desktop/h&m/.venv/lib/python3.9/site-packages/airflow/example_dags/example_dag_decorator.py
[2025-12-04T23:27:39.078+0600] {processor.py:829} INFO - Processing file /Users/asminsadykova/Desktop/h&m/.venv/lib/python3.9/site-packages/airflow/example_dags/example_dag_decorator.py for tasks to queue
[2025-12-04T23:27:39.078+0600] {logging_mixin.py:154} INFO - [2025-12-04T23:27:39.078+0600] {dagbag.py:536} INFO - Filling up the DagBag from /Users/asminsadykova/Desktop/h&m/.venv/lib/python3.9/site-packages/airflow/example_dags/example_dag_decorator.py
[2025-12-04T23:27:39.188+0600] {processor.py:839} INFO - DAG(s) dict_keys(['example_dag_decorator']) retrieved from /Users/asminsadykova/Desktop/h&m/.venv/lib/python3.9/site-packages/airflow/example_dags/example_dag_decorator.py
[2025-12-04T23:27:39.482+0600] {logging_mixin.py:154} INFO - [2025-12-04T23:27:39.482+0600] {dag.py:2941} INFO - Sync 1 DAGs
[2025-12-04T23:27:39.486+0600] {logging_mixin.py:154} INFO - [2025-12-04T23:27:39.486+0600] {dag.py:3722} INFO - Setting next_dagrun for example_dag_decorator to None, run_after=None
[2025-12-04T23:27:39.495+0600] {processor.py:179} INFO - Processing /Users/asminsadykova/Desktop/h&m/.venv/lib/python3.9/site-packages/airflow/example_dags/example_dag_decorator.py took 0.419 seconds
[2025-12-04T23:29:03.215+0600] {processor.py:157} INFO - Started process (PID=39747) to work on /Users/asminsadykova/Desktop/h&m/.venv/lib/python3.9/site-packages/airflow/example_dags/example_dag_decorator.py
[2025-12-04T23:29:03.216+0600] {processor.py:829} INFO - Processing file /Users/asminsadykova/Desktop/h&m/.venv/lib/python3.9/site-packages/airflow/example_dags/example_dag_decorator.py for tasks to queue
[2025-12-04T23:29:03.217+0600] {logging_mixin.py:154} INFO - [2025-12-04T23:29:03.217+0600] {dagbag.py:536} INFO - Filling up the DagBag from /Users/asminsadykova/Desktop/h&m/.venv/lib/python3.9/site-packages/airflow/example_dags/example_dag_decorator.py
[2025-12-04T23:29:03.336+0600] {processor.py:839} INFO - DAG(s) dict_keys(['example_dag_decorator']) retrieved from /Users/asminsadykova/Desktop/h&m/.venv/lib/python3.9/site-packages/airflow/example_dags/example_dag_decorator.py
[2025-12-04T23:29:03.632+0600] {logging_mixin.py:154} INFO - [2025-12-04T23:29:03.632+0600] {dag.py:2941} INFO - Sync 1 DAGs
[2025-12-04T23:29:03.636+0600] {logging_mixin.py:154} INFO - [2025-12-04T23:29:03.636+0600] {dag.py:3722} INFO - Setting next_dagrun for example_dag_decorator to None, run_after=None
[2025-12-04T23:29:03.644+0600] {processor.py:179} INFO - Processing /Users/asminsadykova/Desktop/h&m/.venv/lib/python3.9/site-packages/airflow/example_dags/example_dag_decorator.py took 0.430 seconds
[2025-12-04T23:30:26.898+0600] {processor.py:157} INFO - Started process (PID=39817) to work on /Users/asminsadykova/Desktop/h&m/.venv/lib/python3.9/site-packages/airflow/example_dags/example_dag_decorator.py
[2025-12-04T23:30:26.899+0600] {processor.py:829} INFO - Processing file /Users/asminsadykova/Desktop/h&m/.venv/lib/python3.9/site-packages/airflow/example_dags/example_dag_decorator.py for tasks to queue
[2025-12-04T23:30:26.900+0600] {logging_mixin.py:154} INFO - [2025-12-04T23:30:26.900+0600] {dagbag.py:536} INFO - Filling up the DagBag from /Users/asminsadykova/Desktop/h&m/.venv/lib/python3.9/site-packages/airflow/example_dags/example_dag_decorator.py
[2025-12-04T23:30:27.015+0600] {processor.py:839} INFO - DAG(s) dict_keys(['example_dag_decorator']) retrieved from /Users/asminsadykova/Desktop/h&m/.venv/lib/python3.9/site-packages/airflow/example_dags/example_dag_decorator.py
[2025-12-04T23:30:27.313+0600] {logging_mixin.py:154} INFO - [2025-12-04T23:30:27.312+0600] {dag.py:2941} INFO - Sync 1 DAGs
[2025-12-04T23:30:27.316+0600] {logging_mixin.py:154} INFO - [2025-12-04T23:30:27.316+0600] {dag.py:3722} INFO - Setting next_dagrun for example_dag_decorator to None, run_after=None
[2025-12-04T23:30:27.325+0600] {processor.py:179} INFO - Processing /Users/asminsadykova/Desktop/h&m/.venv/lib/python3.9/site-packages/airflow/example_dags/example_dag_decorator.py took 0.427 seconds
[2025-12-04T23:31:49.598+0600] {processor.py:157} INFO - Started process (PID=39883) to work on /Users/asminsadykova/Desktop/h&m/.venv/lib/python3.9/site-packages/airflow/example_dags/example_dag_decorator.py
[2025-12-04T23:31:49.600+0600] {processor.py:829} INFO - Processing file /Users/asminsadykova/Desktop/h&m/.venv/lib/python3.9/site-packages/airflow/example_dags/example_dag_decorator.py for tasks to queue
[2025-12-04T23:31:49.600+0600] {logging_mixin.py:154} INFO - [2025-12-04T23:31:49.600+0600] {dagbag.py:536} INFO - Filling up the DagBag from /Users/asminsadykova/Desktop/h&m/.venv/lib/python3.9/site-packages/airflow/example_dags/example_dag_decorator.py
[2025-12-04T23:31:49.719+0600] {processor.py:839} INFO - DAG(s) dict_keys(['example_dag_decorator']) retrieved from /Users/asminsadykova/Desktop/h&m/.venv/lib/python3.9/site-packages/airflow/example_dags/example_dag_decorator.py
[2025-12-04T23:31:50.026+0600] {logging_mixin.py:154} INFO - [2025-12-04T23:31:50.026+0600] {dag.py:2941} INFO - Sync 1 DAGs
[2025-12-04T23:31:50.030+0600] {logging_mixin.py:154} INFO - [2025-12-04T23:31:50.030+0600] {dag.py:3722} INFO - Setting next_dagrun for example_dag_decorator to None, run_after=None
[2025-12-04T23:31:50.038+0600] {processor.py:179} INFO - Processing /Users/asminsadykova/Desktop/h&m/.venv/lib/python3.9/site-packages/airflow/example_dags/example_dag_decorator.py took 0.440 seconds
[2025-12-04T23:33:16.843+0600] {processor.py:157} INFO - Started process (PID=40106) to work on /Users/asminsadykova/Desktop/h&m/.venv/lib/python3.9/site-packages/airflow/example_dags/example_dag_decorator.py
[2025-12-04T23:33:16.844+0600] {processor.py:829} INFO - Processing file /Users/asminsadykova/Desktop/h&m/.venv/lib/python3.9/site-packages/airflow/example_dags/example_dag_decorator.py for tasks to queue
[2025-12-04T23:33:16.844+0600] {logging_mixin.py:154} INFO - [2025-12-04T23:33:16.844+0600] {dagbag.py:536} INFO - Filling up the DagBag from /Users/asminsadykova/Desktop/h&m/.venv/lib/python3.9/site-packages/airflow/example_dags/example_dag_decorator.py
[2025-12-04T23:33:16.955+0600] {processor.py:839} INFO - DAG(s) dict_keys(['example_dag_decorator']) retrieved from /Users/asminsadykova/Desktop/h&m/.venv/lib/python3.9/site-packages/airflow/example_dags/example_dag_decorator.py
[2025-12-04T23:33:17.280+0600] {logging_mixin.py:154} INFO - [2025-12-04T23:33:17.279+0600] {dag.py:2941} INFO - Sync 1 DAGs
[2025-12-04T23:33:17.283+0600] {logging_mixin.py:154} INFO - [2025-12-04T23:33:17.283+0600] {dag.py:3722} INFO - Setting next_dagrun for example_dag_decorator to None, run_after=None
[2025-12-04T23:33:17.292+0600] {processor.py:179} INFO - Processing /Users/asminsadykova/Desktop/h&m/.venv/lib/python3.9/site-packages/airflow/example_dags/example_dag_decorator.py took 0.449 seconds
[2025-12-04T23:34:42.277+0600] {processor.py:157} INFO - Started process (PID=40192) to work on /Users/asminsadykova/Desktop/h&m/.venv/lib/python3.9/site-packages/airflow/example_dags/example_dag_decorator.py
[2025-12-04T23:34:42.277+0600] {processor.py:829} INFO - Processing file /Users/asminsadykova/Desktop/h&m/.venv/lib/python3.9/site-packages/airflow/example_dags/example_dag_decorator.py for tasks to queue
[2025-12-04T23:34:42.278+0600] {logging_mixin.py:154} INFO - [2025-12-04T23:34:42.278+0600] {dagbag.py:536} INFO - Filling up the DagBag from /Users/asminsadykova/Desktop/h&m/.venv/lib/python3.9/site-packages/airflow/example_dags/example_dag_decorator.py
[2025-12-04T23:34:42.390+0600] {processor.py:839} INFO - DAG(s) dict_keys(['example_dag_decorator']) retrieved from /Users/asminsadykova/Desktop/h&m/.venv/lib/python3.9/site-packages/airflow/example_dags/example_dag_decorator.py
[2025-12-04T23:34:42.684+0600] {logging_mixin.py:154} INFO - [2025-12-04T23:34:42.684+0600] {dag.py:2941} INFO - Sync 1 DAGs
[2025-12-04T23:34:42.688+0600] {logging_mixin.py:154} INFO - [2025-12-04T23:34:42.688+0600] {dag.py:3722} INFO - Setting next_dagrun for example_dag_decorator to None, run_after=None
[2025-12-04T23:34:42.696+0600] {processor.py:179} INFO - Processing /Users/asminsadykova/Desktop/h&m/.venv/lib/python3.9/site-packages/airflow/example_dags/example_dag_decorator.py took 0.420 seconds
[2025-12-04T23:36:21.449+0600] {processor.py:157} INFO - Started process (PID=40277) to work on /Users/asminsadykova/Desktop/h&m/.venv/lib/python3.9/site-packages/airflow/example_dags/example_dag_decorator.py
[2025-12-04T23:36:21.450+0600] {processor.py:829} INFO - Processing file /Users/asminsadykova/Desktop/h&m/.venv/lib/python3.9/site-packages/airflow/example_dags/example_dag_decorator.py for tasks to queue
[2025-12-04T23:36:21.451+0600] {logging_mixin.py:154} INFO - [2025-12-04T23:36:21.451+0600] {dagbag.py:536} INFO - Filling up the DagBag from /Users/asminsadykova/Desktop/h&m/.venv/lib/python3.9/site-packages/airflow/example_dags/example_dag_decorator.py
[2025-12-04T23:36:21.578+0600] {processor.py:839} INFO - DAG(s) dict_keys(['example_dag_decorator']) retrieved from /Users/asminsadykova/Desktop/h&m/.venv/lib/python3.9/site-packages/airflow/example_dags/example_dag_decorator.py
[2025-12-04T23:36:21.898+0600] {logging_mixin.py:154} INFO - [2025-12-04T23:36:21.897+0600] {dag.py:2941} INFO - Sync 1 DAGs
[2025-12-04T23:36:21.902+0600] {logging_mixin.py:154} INFO - [2025-12-04T23:36:21.902+0600] {dag.py:3722} INFO - Setting next_dagrun for example_dag_decorator to None, run_after=None
[2025-12-04T23:36:21.910+0600] {processor.py:179} INFO - Processing /Users/asminsadykova/Desktop/h&m/.venv/lib/python3.9/site-packages/airflow/example_dags/example_dag_decorator.py took 0.461 seconds
[2025-12-04T23:37:49.580+0600] {processor.py:157} INFO - Started process (PID=40374) to work on /Users/asminsadykova/Desktop/h&m/.venv/lib/python3.9/site-packages/airflow/example_dags/example_dag_decorator.py
[2025-12-04T23:37:49.581+0600] {processor.py:829} INFO - Processing file /Users/asminsadykova/Desktop/h&m/.venv/lib/python3.9/site-packages/airflow/example_dags/example_dag_decorator.py for tasks to queue
[2025-12-04T23:37:49.581+0600] {logging_mixin.py:154} INFO - [2025-12-04T23:37:49.581+0600] {dagbag.py:536} INFO - Filling up the DagBag from /Users/asminsadykova/Desktop/h&m/.venv/lib/python3.9/site-packages/airflow/example_dags/example_dag_decorator.py
[2025-12-04T23:37:49.691+0600] {processor.py:839} INFO - DAG(s) dict_keys(['example_dag_decorator']) retrieved from /Users/asminsadykova/Desktop/h&m/.venv/lib/python3.9/site-packages/airflow/example_dags/example_dag_decorator.py
[2025-12-04T23:37:49.990+0600] {logging_mixin.py:154} INFO - [2025-12-04T23:37:49.990+0600] {dag.py:2941} INFO - Sync 1 DAGs
[2025-12-04T23:37:49.994+0600] {logging_mixin.py:154} INFO - [2025-12-04T23:37:49.994+0600] {dag.py:3722} INFO - Setting next_dagrun for example_dag_decorator to None, run_after=None
[2025-12-04T23:37:50.001+0600] {processor.py:179} INFO - Processing /Users/asminsadykova/Desktop/h&m/.venv/lib/python3.9/site-packages/airflow/example_dags/example_dag_decorator.py took 0.422 seconds
[2025-12-04T23:39:27.527+0600] {processor.py:157} INFO - Started process (PID=40460) to work on /Users/asminsadykova/Desktop/h&m/.venv/lib/python3.9/site-packages/airflow/example_dags/example_dag_decorator.py
[2025-12-04T23:39:27.528+0600] {processor.py:829} INFO - Processing file /Users/asminsadykova/Desktop/h&m/.venv/lib/python3.9/site-packages/airflow/example_dags/example_dag_decorator.py for tasks to queue
[2025-12-04T23:39:27.528+0600] {logging_mixin.py:154} INFO - [2025-12-04T23:39:27.528+0600] {dagbag.py:536} INFO - Filling up the DagBag from /Users/asminsadykova/Desktop/h&m/.venv/lib/python3.9/site-packages/airflow/example_dags/example_dag_decorator.py
[2025-12-04T23:39:27.646+0600] {processor.py:839} INFO - DAG(s) dict_keys(['example_dag_decorator']) retrieved from /Users/asminsadykova/Desktop/h&m/.venv/lib/python3.9/site-packages/airflow/example_dags/example_dag_decorator.py
[2025-12-04T23:39:27.977+0600] {logging_mixin.py:154} INFO - [2025-12-04T23:39:27.977+0600] {dag.py:2941} INFO - Sync 1 DAGs
[2025-12-04T23:39:27.981+0600] {logging_mixin.py:154} INFO - [2025-12-04T23:39:27.981+0600] {dag.py:3722} INFO - Setting next_dagrun for example_dag_decorator to None, run_after=None
[2025-12-04T23:39:27.990+0600] {processor.py:179} INFO - Processing /Users/asminsadykova/Desktop/h&m/.venv/lib/python3.9/site-packages/airflow/example_dags/example_dag_decorator.py took 0.464 seconds
[2025-12-04T23:41:03.667+0600] {processor.py:157} INFO - Started process (PID=40586) to work on /Users/asminsadykova/Desktop/h&m/.venv/lib/python3.9/site-packages/airflow/example_dags/example_dag_decorator.py
[2025-12-04T23:41:03.669+0600] {processor.py:829} INFO - Processing file /Users/asminsadykova/Desktop/h&m/.venv/lib/python3.9/site-packages/airflow/example_dags/example_dag_decorator.py for tasks to queue
[2025-12-04T23:41:03.669+0600] {logging_mixin.py:154} INFO - [2025-12-04T23:41:03.669+0600] {dagbag.py:536} INFO - Filling up the DagBag from /Users/asminsadykova/Desktop/h&m/.venv/lib/python3.9/site-packages/airflow/example_dags/example_dag_decorator.py
[2025-12-04T23:41:03.781+0600] {processor.py:839} INFO - DAG(s) dict_keys(['example_dag_decorator']) retrieved from /Users/asminsadykova/Desktop/h&m/.venv/lib/python3.9/site-packages/airflow/example_dags/example_dag_decorator.py
[2025-12-04T23:41:04.090+0600] {logging_mixin.py:154} INFO - [2025-12-04T23:41:04.090+0600] {dag.py:2941} INFO - Sync 1 DAGs
[2025-12-04T23:41:04.094+0600] {logging_mixin.py:154} INFO - [2025-12-04T23:41:04.094+0600] {dag.py:3722} INFO - Setting next_dagrun for example_dag_decorator to None, run_after=None
[2025-12-04T23:41:04.102+0600] {processor.py:179} INFO - Processing /Users/asminsadykova/Desktop/h&m/.venv/lib/python3.9/site-packages/airflow/example_dags/example_dag_decorator.py took 0.435 seconds
[2025-12-04T23:42:28.575+0600] {processor.py:157} INFO - Started process (PID=40673) to work on /Users/asminsadykova/Desktop/h&m/.venv/lib/python3.9/site-packages/airflow/example_dags/example_dag_decorator.py
[2025-12-04T23:42:28.576+0600] {processor.py:829} INFO - Processing file /Users/asminsadykova/Desktop/h&m/.venv/lib/python3.9/site-packages/airflow/example_dags/example_dag_decorator.py for tasks to queue
[2025-12-04T23:42:28.577+0600] {logging_mixin.py:154} INFO - [2025-12-04T23:42:28.577+0600] {dagbag.py:536} INFO - Filling up the DagBag from /Users/asminsadykova/Desktop/h&m/.venv/lib/python3.9/site-packages/airflow/example_dags/example_dag_decorator.py
[2025-12-04T23:42:28.696+0600] {processor.py:839} INFO - DAG(s) dict_keys(['example_dag_decorator']) retrieved from /Users/asminsadykova/Desktop/h&m/.venv/lib/python3.9/site-packages/airflow/example_dags/example_dag_decorator.py
[2025-12-04T23:42:28.999+0600] {logging_mixin.py:154} INFO - [2025-12-04T23:42:28.999+0600] {dag.py:2941} INFO - Sync 1 DAGs
[2025-12-04T23:42:29.003+0600] {logging_mixin.py:154} INFO - [2025-12-04T23:42:29.003+0600] {dag.py:3722} INFO - Setting next_dagrun for example_dag_decorator to None, run_after=None
[2025-12-04T23:42:29.011+0600] {processor.py:179} INFO - Processing /Users/asminsadykova/Desktop/h&m/.venv/lib/python3.9/site-packages/airflow/example_dags/example_dag_decorator.py took 0.437 seconds
[2025-12-04T23:44:05.848+0600] {processor.py:157} INFO - Started process (PID=40875) to work on /Users/asminsadykova/Desktop/h&m/.venv/lib/python3.9/site-packages/airflow/example_dags/example_dag_decorator.py
[2025-12-04T23:44:05.848+0600] {processor.py:829} INFO - Processing file /Users/asminsadykova/Desktop/h&m/.venv/lib/python3.9/site-packages/airflow/example_dags/example_dag_decorator.py for tasks to queue
[2025-12-04T23:44:05.849+0600] {logging_mixin.py:154} INFO - [2025-12-04T23:44:05.849+0600] {dagbag.py:536} INFO - Filling up the DagBag from /Users/asminsadykova/Desktop/h&m/.venv/lib/python3.9/site-packages/airflow/example_dags/example_dag_decorator.py
[2025-12-04T23:44:05.967+0600] {processor.py:839} INFO - DAG(s) dict_keys(['example_dag_decorator']) retrieved from /Users/asminsadykova/Desktop/h&m/.venv/lib/python3.9/site-packages/airflow/example_dags/example_dag_decorator.py
[2025-12-04T23:44:06.285+0600] {logging_mixin.py:154} INFO - [2025-12-04T23:44:06.285+0600] {dag.py:2941} INFO - Sync 1 DAGs
[2025-12-04T23:44:06.290+0600] {logging_mixin.py:154} INFO - [2025-12-04T23:44:06.290+0600] {dag.py:3722} INFO - Setting next_dagrun for example_dag_decorator to None, run_after=None
[2025-12-04T23:44:06.300+0600] {processor.py:179} INFO - Processing /Users/asminsadykova/Desktop/h&m/.venv/lib/python3.9/site-packages/airflow/example_dags/example_dag_decorator.py took 0.453 seconds
[2025-12-04T23:45:41.534+0600] {processor.py:157} INFO - Started process (PID=41175) to work on /Users/asminsadykova/Desktop/h&m/.venv/lib/python3.9/site-packages/airflow/example_dags/example_dag_decorator.py
[2025-12-04T23:45:41.535+0600] {processor.py:829} INFO - Processing file /Users/asminsadykova/Desktop/h&m/.venv/lib/python3.9/site-packages/airflow/example_dags/example_dag_decorator.py for tasks to queue
[2025-12-04T23:45:41.535+0600] {logging_mixin.py:154} INFO - [2025-12-04T23:45:41.535+0600] {dagbag.py:536} INFO - Filling up the DagBag from /Users/asminsadykova/Desktop/h&m/.venv/lib/python3.9/site-packages/airflow/example_dags/example_dag_decorator.py
[2025-12-04T23:45:41.646+0600] {processor.py:839} INFO - DAG(s) dict_keys(['example_dag_decorator']) retrieved from /Users/asminsadykova/Desktop/h&m/.venv/lib/python3.9/site-packages/airflow/example_dags/example_dag_decorator.py
[2025-12-04T23:45:41.954+0600] {logging_mixin.py:154} INFO - [2025-12-04T23:45:41.954+0600] {dag.py:2941} INFO - Sync 1 DAGs
[2025-12-04T23:45:41.958+0600] {logging_mixin.py:154} INFO - [2025-12-04T23:45:41.958+0600] {dag.py:3722} INFO - Setting next_dagrun for example_dag_decorator to None, run_after=None
[2025-12-04T23:45:41.966+0600] {processor.py:179} INFO - Processing /Users/asminsadykova/Desktop/h&m/.venv/lib/python3.9/site-packages/airflow/example_dags/example_dag_decorator.py took 0.432 seconds
[2025-12-04T23:47:17.793+0600] {processor.py:157} INFO - Started process (PID=41559) to work on /Users/asminsadykova/Desktop/h&m/.venv/lib/python3.9/site-packages/airflow/example_dags/example_dag_decorator.py
[2025-12-04T23:47:17.794+0600] {processor.py:829} INFO - Processing file /Users/asminsadykova/Desktop/h&m/.venv/lib/python3.9/site-packages/airflow/example_dags/example_dag_decorator.py for tasks to queue
[2025-12-04T23:47:17.794+0600] {logging_mixin.py:154} INFO - [2025-12-04T23:47:17.794+0600] {dagbag.py:536} INFO - Filling up the DagBag from /Users/asminsadykova/Desktop/h&m/.venv/lib/python3.9/site-packages/airflow/example_dags/example_dag_decorator.py
[2025-12-04T23:47:17.904+0600] {processor.py:839} INFO - DAG(s) dict_keys(['example_dag_decorator']) retrieved from /Users/asminsadykova/Desktop/h&m/.venv/lib/python3.9/site-packages/airflow/example_dags/example_dag_decorator.py
[2025-12-04T23:47:18.203+0600] {logging_mixin.py:154} INFO - [2025-12-04T23:47:18.203+0600] {dag.py:2941} INFO - Sync 1 DAGs
[2025-12-04T23:47:18.207+0600] {logging_mixin.py:154} INFO - [2025-12-04T23:47:18.207+0600] {dag.py:3722} INFO - Setting next_dagrun for example_dag_decorator to None, run_after=None
[2025-12-04T23:47:18.215+0600] {processor.py:179} INFO - Processing /Users/asminsadykova/Desktop/h&m/.venv/lib/python3.9/site-packages/airflow/example_dags/example_dag_decorator.py took 0.423 seconds
[2025-12-04T23:48:42.319+0600] {processor.py:157} INFO - Started process (PID=41674) to work on /Users/asminsadykova/Desktop/h&m/.venv/lib/python3.9/site-packages/airflow/example_dags/example_dag_decorator.py
[2025-12-04T23:48:42.321+0600] {processor.py:829} INFO - Processing file /Users/asminsadykova/Desktop/h&m/.venv/lib/python3.9/site-packages/airflow/example_dags/example_dag_decorator.py for tasks to queue
[2025-12-04T23:48:42.321+0600] {logging_mixin.py:154} INFO - [2025-12-04T23:48:42.321+0600] {dagbag.py:536} INFO - Filling up the DagBag from /Users/asminsadykova/Desktop/h&m/.venv/lib/python3.9/site-packages/airflow/example_dags/example_dag_decorator.py
[2025-12-04T23:48:42.444+0600] {processor.py:839} INFO - DAG(s) dict_keys(['example_dag_decorator']) retrieved from /Users/asminsadykova/Desktop/h&m/.venv/lib/python3.9/site-packages/airflow/example_dags/example_dag_decorator.py
[2025-12-04T23:48:42.758+0600] {logging_mixin.py:154} INFO - [2025-12-04T23:48:42.758+0600] {dag.py:2941} INFO - Sync 1 DAGs
[2025-12-04T23:48:42.762+0600] {logging_mixin.py:154} INFO - [2025-12-04T23:48:42.762+0600] {dag.py:3722} INFO - Setting next_dagrun for example_dag_decorator to None, run_after=None
[2025-12-04T23:48:42.772+0600] {processor.py:179} INFO - Processing /Users/asminsadykova/Desktop/h&m/.venv/lib/python3.9/site-packages/airflow/example_dags/example_dag_decorator.py took 0.454 seconds
[2025-12-04T23:50:17.132+0600] {processor.py:157} INFO - Started process (PID=41797) to work on /Users/asminsadykova/Desktop/h&m/.venv/lib/python3.9/site-packages/airflow/example_dags/example_dag_decorator.py
[2025-12-04T23:50:17.134+0600] {processor.py:829} INFO - Processing file /Users/asminsadykova/Desktop/h&m/.venv/lib/python3.9/site-packages/airflow/example_dags/example_dag_decorator.py for tasks to queue
[2025-12-04T23:50:17.134+0600] {logging_mixin.py:154} INFO - [2025-12-04T23:50:17.134+0600] {dagbag.py:536} INFO - Filling up the DagBag from /Users/asminsadykova/Desktop/h&m/.venv/lib/python3.9/site-packages/airflow/example_dags/example_dag_decorator.py
[2025-12-04T23:50:17.250+0600] {processor.py:839} INFO - DAG(s) dict_keys(['example_dag_decorator']) retrieved from /Users/asminsadykova/Desktop/h&m/.venv/lib/python3.9/site-packages/airflow/example_dags/example_dag_decorator.py
[2025-12-04T23:50:17.554+0600] {logging_mixin.py:154} INFO - [2025-12-04T23:50:17.554+0600] {dag.py:2941} INFO - Sync 1 DAGs
[2025-12-04T23:50:17.558+0600] {logging_mixin.py:154} INFO - [2025-12-04T23:50:17.558+0600] {dag.py:3722} INFO - Setting next_dagrun for example_dag_decorator to None, run_after=None
[2025-12-04T23:50:17.566+0600] {processor.py:179} INFO - Processing /Users/asminsadykova/Desktop/h&m/.venv/lib/python3.9/site-packages/airflow/example_dags/example_dag_decorator.py took 0.435 seconds
[2025-12-04T23:51:54.253+0600] {processor.py:157} INFO - Started process (PID=42035) to work on /Users/asminsadykova/Desktop/h&m/.venv/lib/python3.9/site-packages/airflow/example_dags/example_dag_decorator.py
[2025-12-04T23:51:54.254+0600] {processor.py:829} INFO - Processing file /Users/asminsadykova/Desktop/h&m/.venv/lib/python3.9/site-packages/airflow/example_dags/example_dag_decorator.py for tasks to queue
[2025-12-04T23:51:54.254+0600] {logging_mixin.py:154} INFO - [2025-12-04T23:51:54.254+0600] {dagbag.py:536} INFO - Filling up the DagBag from /Users/asminsadykova/Desktop/h&m/.venv/lib/python3.9/site-packages/airflow/example_dags/example_dag_decorator.py
[2025-12-04T23:51:54.365+0600] {processor.py:839} INFO - DAG(s) dict_keys(['example_dag_decorator']) retrieved from /Users/asminsadykova/Desktop/h&m/.venv/lib/python3.9/site-packages/airflow/example_dags/example_dag_decorator.py
[2025-12-04T23:51:54.661+0600] {logging_mixin.py:154} INFO - [2025-12-04T23:51:54.661+0600] {dag.py:2941} INFO - Sync 1 DAGs
[2025-12-04T23:51:54.665+0600] {logging_mixin.py:154} INFO - [2025-12-04T23:51:54.665+0600] {dag.py:3722} INFO - Setting next_dagrun for example_dag_decorator to None, run_after=None
[2025-12-04T23:51:54.673+0600] {processor.py:179} INFO - Processing /Users/asminsadykova/Desktop/h&m/.venv/lib/python3.9/site-packages/airflow/example_dags/example_dag_decorator.py took 0.421 seconds
[2025-12-04T23:53:31.062+0600] {processor.py:157} INFO - Started process (PID=42136) to work on /Users/asminsadykova/Desktop/h&m/.venv/lib/python3.9/site-packages/airflow/example_dags/example_dag_decorator.py
[2025-12-04T23:53:31.064+0600] {processor.py:829} INFO - Processing file /Users/asminsadykova/Desktop/h&m/.venv/lib/python3.9/site-packages/airflow/example_dags/example_dag_decorator.py for tasks to queue
[2025-12-04T23:53:31.064+0600] {logging_mixin.py:154} INFO - [2025-12-04T23:53:31.064+0600] {dagbag.py:536} INFO - Filling up the DagBag from /Users/asminsadykova/Desktop/h&m/.venv/lib/python3.9/site-packages/airflow/example_dags/example_dag_decorator.py
[2025-12-04T23:53:31.188+0600] {processor.py:839} INFO - DAG(s) dict_keys(['example_dag_decorator']) retrieved from /Users/asminsadykova/Desktop/h&m/.venv/lib/python3.9/site-packages/airflow/example_dags/example_dag_decorator.py
[2025-12-04T23:53:31.514+0600] {logging_mixin.py:154} INFO - [2025-12-04T23:53:31.514+0600] {dag.py:2941} INFO - Sync 1 DAGs
[2025-12-04T23:53:31.518+0600] {logging_mixin.py:154} INFO - [2025-12-04T23:53:31.518+0600] {dag.py:3722} INFO - Setting next_dagrun for example_dag_decorator to None, run_after=None
[2025-12-04T23:53:31.529+0600] {processor.py:179} INFO - Processing /Users/asminsadykova/Desktop/h&m/.venv/lib/python3.9/site-packages/airflow/example_dags/example_dag_decorator.py took 0.467 seconds
[2025-12-04T23:54:57.299+0600] {processor.py:157} INFO - Started process (PID=42213) to work on /Users/asminsadykova/Desktop/h&m/.venv/lib/python3.9/site-packages/airflow/example_dags/example_dag_decorator.py
[2025-12-04T23:54:57.300+0600] {processor.py:829} INFO - Processing file /Users/asminsadykova/Desktop/h&m/.venv/lib/python3.9/site-packages/airflow/example_dags/example_dag_decorator.py for tasks to queue
[2025-12-04T23:54:57.300+0600] {logging_mixin.py:154} INFO - [2025-12-04T23:54:57.300+0600] {dagbag.py:536} INFO - Filling up the DagBag from /Users/asminsadykova/Desktop/h&m/.venv/lib/python3.9/site-packages/airflow/example_dags/example_dag_decorator.py
[2025-12-04T23:54:57.414+0600] {processor.py:839} INFO - DAG(s) dict_keys(['example_dag_decorator']) retrieved from /Users/asminsadykova/Desktop/h&m/.venv/lib/python3.9/site-packages/airflow/example_dags/example_dag_decorator.py
[2025-12-04T23:54:57.711+0600] {logging_mixin.py:154} INFO - [2025-12-04T23:54:57.711+0600] {dag.py:2941} INFO - Sync 1 DAGs
[2025-12-04T23:54:57.715+0600] {logging_mixin.py:154} INFO - [2025-12-04T23:54:57.715+0600] {dag.py:3722} INFO - Setting next_dagrun for example_dag_decorator to None, run_after=None
[2025-12-04T23:54:57.725+0600] {processor.py:179} INFO - Processing /Users/asminsadykova/Desktop/h&m/.venv/lib/python3.9/site-packages/airflow/example_dags/example_dag_decorator.py took 0.427 seconds
[2025-12-04T23:56:26.760+0600] {processor.py:157} INFO - Started process (PID=42286) to work on /Users/asminsadykova/Desktop/h&m/.venv/lib/python3.9/site-packages/airflow/example_dags/example_dag_decorator.py
[2025-12-04T23:56:26.762+0600] {processor.py:829} INFO - Processing file /Users/asminsadykova/Desktop/h&m/.venv/lib/python3.9/site-packages/airflow/example_dags/example_dag_decorator.py for tasks to queue
[2025-12-04T23:56:26.762+0600] {logging_mixin.py:154} INFO - [2025-12-04T23:56:26.762+0600] {dagbag.py:536} INFO - Filling up the DagBag from /Users/asminsadykova/Desktop/h&m/.venv/lib/python3.9/site-packages/airflow/example_dags/example_dag_decorator.py
[2025-12-04T23:56:26.876+0600] {processor.py:839} INFO - DAG(s) dict_keys(['example_dag_decorator']) retrieved from /Users/asminsadykova/Desktop/h&m/.venv/lib/python3.9/site-packages/airflow/example_dags/example_dag_decorator.py
[2025-12-04T23:56:27.177+0600] {logging_mixin.py:154} INFO - [2025-12-04T23:56:27.177+0600] {dag.py:2941} INFO - Sync 1 DAGs
[2025-12-04T23:56:27.181+0600] {logging_mixin.py:154} INFO - [2025-12-04T23:56:27.181+0600] {dag.py:3722} INFO - Setting next_dagrun for example_dag_decorator to None, run_after=None
[2025-12-04T23:56:27.189+0600] {processor.py:179} INFO - Processing /Users/asminsadykova/Desktop/h&m/.venv/lib/python3.9/site-packages/airflow/example_dags/example_dag_decorator.py took 0.429 seconds
[2025-12-04T23:57:56.087+0600] {processor.py:157} INFO - Started process (PID=42369) to work on /Users/asminsadykova/Desktop/h&m/.venv/lib/python3.9/site-packages/airflow/example_dags/example_dag_decorator.py
[2025-12-04T23:57:56.088+0600] {processor.py:829} INFO - Processing file /Users/asminsadykova/Desktop/h&m/.venv/lib/python3.9/site-packages/airflow/example_dags/example_dag_decorator.py for tasks to queue
[2025-12-04T23:57:56.088+0600] {logging_mixin.py:154} INFO - [2025-12-04T23:57:56.088+0600] {dagbag.py:536} INFO - Filling up the DagBag from /Users/asminsadykova/Desktop/h&m/.venv/lib/python3.9/site-packages/airflow/example_dags/example_dag_decorator.py
[2025-12-04T23:57:56.201+0600] {processor.py:839} INFO - DAG(s) dict_keys(['example_dag_decorator']) retrieved from /Users/asminsadykova/Desktop/h&m/.venv/lib/python3.9/site-packages/airflow/example_dags/example_dag_decorator.py
[2025-12-04T23:57:56.497+0600] {logging_mixin.py:154} INFO - [2025-12-04T23:57:56.497+0600] {dag.py:2941} INFO - Sync 1 DAGs
[2025-12-04T23:57:56.501+0600] {logging_mixin.py:154} INFO - [2025-12-04T23:57:56.501+0600] {dag.py:3722} INFO - Setting next_dagrun for example_dag_decorator to None, run_after=None
[2025-12-04T23:57:56.509+0600] {processor.py:179} INFO - Processing /Users/asminsadykova/Desktop/h&m/.venv/lib/python3.9/site-packages/airflow/example_dags/example_dag_decorator.py took 0.423 seconds
[2025-12-04T23:59:23.939+0600] {processor.py:157} INFO - Started process (PID=42612) to work on /Users/asminsadykova/Desktop/h&m/.venv/lib/python3.9/site-packages/airflow/example_dags/example_dag_decorator.py
[2025-12-04T23:59:23.940+0600] {processor.py:829} INFO - Processing file /Users/asminsadykova/Desktop/h&m/.venv/lib/python3.9/site-packages/airflow/example_dags/example_dag_decorator.py for tasks to queue
[2025-12-04T23:59:23.940+0600] {logging_mixin.py:154} INFO - [2025-12-04T23:59:23.940+0600] {dagbag.py:536} INFO - Filling up the DagBag from /Users/asminsadykova/Desktop/h&m/.venv/lib/python3.9/site-packages/airflow/example_dags/example_dag_decorator.py
[2025-12-04T23:59:24.052+0600] {processor.py:839} INFO - DAG(s) dict_keys(['example_dag_decorator']) retrieved from /Users/asminsadykova/Desktop/h&m/.venv/lib/python3.9/site-packages/airflow/example_dags/example_dag_decorator.py
[2025-12-04T23:59:24.355+0600] {logging_mixin.py:154} INFO - [2025-12-04T23:59:24.355+0600] {dag.py:2941} INFO - Sync 1 DAGs
[2025-12-04T23:59:24.359+0600] {logging_mixin.py:154} INFO - [2025-12-04T23:59:24.359+0600] {dag.py:3722} INFO - Setting next_dagrun for example_dag_decorator to None, run_after=None
[2025-12-04T23:59:24.368+0600] {processor.py:179} INFO - Processing /Users/asminsadykova/Desktop/h&m/.venv/lib/python3.9/site-packages/airflow/example_dags/example_dag_decorator.py took 0.429 seconds
[2025-12-05T00:01:00.146+0600] {processor.py:157} INFO - Started process (PID=42834) to work on /Users/asminsadykova/Desktop/h&m/.venv/lib/python3.9/site-packages/airflow/example_dags/example_dag_decorator.py
[2025-12-05T00:01:00.147+0600] {processor.py:829} INFO - Processing file /Users/asminsadykova/Desktop/h&m/.venv/lib/python3.9/site-packages/airflow/example_dags/example_dag_decorator.py for tasks to queue
[2025-12-05T00:01:00.147+0600] {logging_mixin.py:154} INFO - [2025-12-05T00:01:00.147+0600] {dagbag.py:536} INFO - Filling up the DagBag from /Users/asminsadykova/Desktop/h&m/.venv/lib/python3.9/site-packages/airflow/example_dags/example_dag_decorator.py
[2025-12-05T00:01:00.258+0600] {processor.py:839} INFO - DAG(s) dict_keys(['example_dag_decorator']) retrieved from /Users/asminsadykova/Desktop/h&m/.venv/lib/python3.9/site-packages/airflow/example_dags/example_dag_decorator.py
[2025-12-05T00:01:00.552+0600] {logging_mixin.py:154} INFO - [2025-12-05T00:01:00.552+0600] {dag.py:2941} INFO - Sync 1 DAGs
[2025-12-05T00:01:00.556+0600] {logging_mixin.py:154} INFO - [2025-12-05T00:01:00.556+0600] {dag.py:3722} INFO - Setting next_dagrun for example_dag_decorator to None, run_after=None
[2025-12-05T00:01:00.564+0600] {processor.py:179} INFO - Processing /Users/asminsadykova/Desktop/h&m/.venv/lib/python3.9/site-packages/airflow/example_dags/example_dag_decorator.py took 0.419 seconds
[2025-12-05T00:02:32.203+0600] {processor.py:157} INFO - Started process (PID=42925) to work on /Users/asminsadykova/Desktop/h&m/.venv/lib/python3.9/site-packages/airflow/example_dags/example_dag_decorator.py
[2025-12-05T00:02:32.204+0600] {processor.py:829} INFO - Processing file /Users/asminsadykova/Desktop/h&m/.venv/lib/python3.9/site-packages/airflow/example_dags/example_dag_decorator.py for tasks to queue
[2025-12-05T00:02:32.204+0600] {logging_mixin.py:154} INFO - [2025-12-05T00:02:32.204+0600] {dagbag.py:536} INFO - Filling up the DagBag from /Users/asminsadykova/Desktop/h&m/.venv/lib/python3.9/site-packages/airflow/example_dags/example_dag_decorator.py
[2025-12-05T00:02:32.323+0600] {processor.py:839} INFO - DAG(s) dict_keys(['example_dag_decorator']) retrieved from /Users/asminsadykova/Desktop/h&m/.venv/lib/python3.9/site-packages/airflow/example_dags/example_dag_decorator.py
[2025-12-05T00:02:32.694+0600] {logging_mixin.py:154} INFO - [2025-12-05T00:02:32.694+0600] {dag.py:2941} INFO - Sync 1 DAGs
[2025-12-05T00:02:32.698+0600] {logging_mixin.py:154} INFO - [2025-12-05T00:02:32.698+0600] {dag.py:3722} INFO - Setting next_dagrun for example_dag_decorator to None, run_after=None
[2025-12-05T00:02:32.707+0600] {processor.py:179} INFO - Processing /Users/asminsadykova/Desktop/h&m/.venv/lib/python3.9/site-packages/airflow/example_dags/example_dag_decorator.py took 0.505 seconds
[2025-12-05T00:04:04.628+0600] {processor.py:157} INFO - Started process (PID=43031) to work on /Users/asminsadykova/Desktop/h&m/.venv/lib/python3.9/site-packages/airflow/example_dags/example_dag_decorator.py
[2025-12-05T00:04:04.629+0600] {processor.py:829} INFO - Processing file /Users/asminsadykova/Desktop/h&m/.venv/lib/python3.9/site-packages/airflow/example_dags/example_dag_decorator.py for tasks to queue
[2025-12-05T00:04:04.629+0600] {logging_mixin.py:154} INFO - [2025-12-05T00:04:04.629+0600] {dagbag.py:536} INFO - Filling up the DagBag from /Users/asminsadykova/Desktop/h&m/.venv/lib/python3.9/site-packages/airflow/example_dags/example_dag_decorator.py
[2025-12-05T00:04:04.765+0600] {processor.py:839} INFO - DAG(s) dict_keys(['example_dag_decorator']) retrieved from /Users/asminsadykova/Desktop/h&m/.venv/lib/python3.9/site-packages/airflow/example_dags/example_dag_decorator.py
[2025-12-05T00:04:05.097+0600] {logging_mixin.py:154} INFO - [2025-12-05T00:04:05.097+0600] {dag.py:2941} INFO - Sync 1 DAGs
[2025-12-05T00:04:05.102+0600] {logging_mixin.py:154} INFO - [2025-12-05T00:04:05.102+0600] {dag.py:3722} INFO - Setting next_dagrun for example_dag_decorator to None, run_after=None
[2025-12-05T00:04:05.110+0600] {processor.py:179} INFO - Processing /Users/asminsadykova/Desktop/h&m/.venv/lib/python3.9/site-packages/airflow/example_dags/example_dag_decorator.py took 0.483 seconds
[2025-12-05T00:05:41.116+0600] {processor.py:157} INFO - Started process (PID=43283) to work on /Users/asminsadykova/Desktop/h&m/.venv/lib/python3.9/site-packages/airflow/example_dags/example_dag_decorator.py
[2025-12-05T00:05:41.117+0600] {processor.py:829} INFO - Processing file /Users/asminsadykova/Desktop/h&m/.venv/lib/python3.9/site-packages/airflow/example_dags/example_dag_decorator.py for tasks to queue
[2025-12-05T00:05:41.118+0600] {logging_mixin.py:154} INFO - [2025-12-05T00:05:41.118+0600] {dagbag.py:536} INFO - Filling up the DagBag from /Users/asminsadykova/Desktop/h&m/.venv/lib/python3.9/site-packages/airflow/example_dags/example_dag_decorator.py
[2025-12-05T00:05:41.231+0600] {processor.py:839} INFO - DAG(s) dict_keys(['example_dag_decorator']) retrieved from /Users/asminsadykova/Desktop/h&m/.venv/lib/python3.9/site-packages/airflow/example_dags/example_dag_decorator.py
[2025-12-05T00:05:41.456+0600] {logging_mixin.py:154} INFO - [2025-12-05T00:05:41.456+0600] {dag.py:2941} INFO - Sync 1 DAGs
[2025-12-05T00:05:41.461+0600] {logging_mixin.py:154} INFO - [2025-12-05T00:05:41.461+0600] {dag.py:3722} INFO - Setting next_dagrun for example_dag_decorator to None, run_after=None
[2025-12-05T00:05:41.471+0600] {processor.py:179} INFO - Processing /Users/asminsadykova/Desktop/h&m/.venv/lib/python3.9/site-packages/airflow/example_dags/example_dag_decorator.py took 0.356 seconds
[2025-12-05T00:07:06.142+0600] {processor.py:157} INFO - Started process (PID=43429) to work on /Users/asminsadykova/Desktop/h&m/.venv/lib/python3.9/site-packages/airflow/example_dags/example_dag_decorator.py
[2025-12-05T00:07:06.143+0600] {processor.py:829} INFO - Processing file /Users/asminsadykova/Desktop/h&m/.venv/lib/python3.9/site-packages/airflow/example_dags/example_dag_decorator.py for tasks to queue
[2025-12-05T00:07:06.143+0600] {logging_mixin.py:154} INFO - [2025-12-05T00:07:06.143+0600] {dagbag.py:536} INFO - Filling up the DagBag from /Users/asminsadykova/Desktop/h&m/.venv/lib/python3.9/site-packages/airflow/example_dags/example_dag_decorator.py
[2025-12-05T00:07:06.254+0600] {processor.py:839} INFO - DAG(s) dict_keys(['example_dag_decorator']) retrieved from /Users/asminsadykova/Desktop/h&m/.venv/lib/python3.9/site-packages/airflow/example_dags/example_dag_decorator.py
[2025-12-05T00:07:06.549+0600] {logging_mixin.py:154} INFO - [2025-12-05T00:07:06.548+0600] {dag.py:2941} INFO - Sync 1 DAGs
[2025-12-05T00:07:06.552+0600] {logging_mixin.py:154} INFO - [2025-12-05T00:07:06.552+0600] {dag.py:3722} INFO - Setting next_dagrun for example_dag_decorator to None, run_after=None
[2025-12-05T00:07:06.560+0600] {processor.py:179} INFO - Processing /Users/asminsadykova/Desktop/h&m/.venv/lib/python3.9/site-packages/airflow/example_dags/example_dag_decorator.py took 0.419 seconds
[2025-12-05T00:08:32.985+0600] {processor.py:157} INFO - Started process (PID=43582) to work on /Users/asminsadykova/Desktop/h&m/.venv/lib/python3.9/site-packages/airflow/example_dags/example_dag_decorator.py
[2025-12-05T00:08:32.986+0600] {processor.py:829} INFO - Processing file /Users/asminsadykova/Desktop/h&m/.venv/lib/python3.9/site-packages/airflow/example_dags/example_dag_decorator.py for tasks to queue
[2025-12-05T00:08:32.986+0600] {logging_mixin.py:154} INFO - [2025-12-05T00:08:32.986+0600] {dagbag.py:536} INFO - Filling up the DagBag from /Users/asminsadykova/Desktop/h&m/.venv/lib/python3.9/site-packages/airflow/example_dags/example_dag_decorator.py
[2025-12-05T00:08:33.132+0600] {processor.py:839} INFO - DAG(s) dict_keys(['example_dag_decorator']) retrieved from /Users/asminsadykova/Desktop/h&m/.venv/lib/python3.9/site-packages/airflow/example_dags/example_dag_decorator.py
[2025-12-05T00:08:33.465+0600] {logging_mixin.py:154} INFO - [2025-12-05T00:08:33.465+0600] {dag.py:2941} INFO - Sync 1 DAGs
[2025-12-05T00:08:33.470+0600] {logging_mixin.py:154} INFO - [2025-12-05T00:08:33.470+0600] {dag.py:3722} INFO - Setting next_dagrun for example_dag_decorator to None, run_after=None
[2025-12-05T00:08:33.481+0600] {processor.py:179} INFO - Processing /Users/asminsadykova/Desktop/h&m/.venv/lib/python3.9/site-packages/airflow/example_dags/example_dag_decorator.py took 0.496 seconds
[2025-12-05T00:10:08.901+0600] {processor.py:157} INFO - Started process (PID=43746) to work on /Users/asminsadykova/Desktop/h&m/.venv/lib/python3.9/site-packages/airflow/example_dags/example_dag_decorator.py
[2025-12-05T00:10:08.902+0600] {processor.py:829} INFO - Processing file /Users/asminsadykova/Desktop/h&m/.venv/lib/python3.9/site-packages/airflow/example_dags/example_dag_decorator.py for tasks to queue
[2025-12-05T00:10:08.902+0600] {logging_mixin.py:154} INFO - [2025-12-05T00:10:08.902+0600] {dagbag.py:536} INFO - Filling up the DagBag from /Users/asminsadykova/Desktop/h&m/.venv/lib/python3.9/site-packages/airflow/example_dags/example_dag_decorator.py
[2025-12-05T00:10:09.033+0600] {processor.py:839} INFO - DAG(s) dict_keys(['example_dag_decorator']) retrieved from /Users/asminsadykova/Desktop/h&m/.venv/lib/python3.9/site-packages/airflow/example_dags/example_dag_decorator.py
[2025-12-05T00:10:09.365+0600] {logging_mixin.py:154} INFO - [2025-12-05T00:10:09.365+0600] {dag.py:2941} INFO - Sync 1 DAGs
[2025-12-05T00:10:09.369+0600] {logging_mixin.py:154} INFO - [2025-12-05T00:10:09.369+0600] {dag.py:3722} INFO - Setting next_dagrun for example_dag_decorator to None, run_after=None
[2025-12-05T00:10:09.381+0600] {processor.py:179} INFO - Processing /Users/asminsadykova/Desktop/h&m/.venv/lib/python3.9/site-packages/airflow/example_dags/example_dag_decorator.py took 0.481 seconds
[2025-12-05T00:11:42.789+0600] {processor.py:157} INFO - Started process (PID=43903) to work on /Users/asminsadykova/Desktop/h&m/.venv/lib/python3.9/site-packages/airflow/example_dags/example_dag_decorator.py
[2025-12-05T00:11:42.790+0600] {processor.py:829} INFO - Processing file /Users/asminsadykova/Desktop/h&m/.venv/lib/python3.9/site-packages/airflow/example_dags/example_dag_decorator.py for tasks to queue
[2025-12-05T00:11:42.790+0600] {logging_mixin.py:154} INFO - [2025-12-05T00:11:42.790+0600] {dagbag.py:536} INFO - Filling up the DagBag from /Users/asminsadykova/Desktop/h&m/.venv/lib/python3.9/site-packages/airflow/example_dags/example_dag_decorator.py
[2025-12-05T00:11:42.909+0600] {processor.py:839} INFO - DAG(s) dict_keys(['example_dag_decorator']) retrieved from /Users/asminsadykova/Desktop/h&m/.venv/lib/python3.9/site-packages/airflow/example_dags/example_dag_decorator.py
[2025-12-05T00:11:43.212+0600] {logging_mixin.py:154} INFO - [2025-12-05T00:11:43.212+0600] {dag.py:2941} INFO - Sync 1 DAGs
[2025-12-05T00:11:43.216+0600] {logging_mixin.py:154} INFO - [2025-12-05T00:11:43.216+0600] {dag.py:3722} INFO - Setting next_dagrun for example_dag_decorator to None, run_after=None
[2025-12-05T00:11:43.224+0600] {processor.py:179} INFO - Processing /Users/asminsadykova/Desktop/h&m/.venv/lib/python3.9/site-packages/airflow/example_dags/example_dag_decorator.py took 0.435 seconds
