[2025-12-04T23:18:41.997+0600] {processor.py:157} INFO - Started process (PID=38990) to work on /Users/asminsadykova/Desktop/h&m/.venv/lib/python3.9/site-packages/airflow/example_dags/example_bash_operator.py
[2025-12-04T23:18:41.997+0600] {processor.py:829} INFO - Processing file /Users/asminsadykova/Desktop/h&m/.venv/lib/python3.9/site-packages/airflow/example_dags/example_bash_operator.py for tasks to queue
[2025-12-04T23:18:41.998+0600] {logging_mixin.py:154} INFO - [2025-12-04T23:18:41.997+0600] {dagbag.py:536} INFO - Filling up the DagBag from /Users/asminsadykova/Desktop/h&m/.venv/lib/python3.9/site-packages/airflow/example_dags/example_bash_operator.py
[2025-12-04T23:18:42.029+0600] {processor.py:839} INFO - DAG(s) dict_keys(['example_bash_operator']) retrieved from /Users/asminsadykova/Desktop/h&m/.venv/lib/python3.9/site-packages/airflow/example_dags/example_bash_operator.py
[2025-12-04T23:18:42.272+0600] {logging_mixin.py:154} INFO - [2025-12-04T23:18:42.272+0600] {manager.py:499} INFO - Created Permission View: %s
[2025-12-04T23:18:42.276+0600] {logging_mixin.py:154} INFO - [2025-12-04T23:18:42.276+0600] {manager.py:499} INFO - Created Permission View: %s
[2025-12-04T23:18:42.278+0600] {logging_mixin.py:154} INFO - [2025-12-04T23:18:42.278+0600] {manager.py:499} INFO - Created Permission View: %s
[2025-12-04T23:18:42.278+0600] {logging_mixin.py:154} INFO - [2025-12-04T23:18:42.278+0600] {dag.py:2941} INFO - Sync 1 DAGs
[2025-12-04T23:18:42.282+0600] {logging_mixin.py:154} INFO - [2025-12-04T23:18:42.282+0600] {dag.py:2963} INFO - Creating ORM DAG for example_bash_operator
[2025-12-04T23:18:42.286+0600] {logging_mixin.py:154} INFO - [2025-12-04T23:18:42.286+0600] {dag.py:3722} INFO - Setting next_dagrun for example_bash_operator to 2025-12-03T00:00:00+00:00, run_after=2025-12-04T00:00:00+00:00
[2025-12-04T23:18:42.294+0600] {processor.py:179} INFO - Processing /Users/asminsadykova/Desktop/h&m/.venv/lib/python3.9/site-packages/airflow/example_dags/example_bash_operator.py took 0.297 seconds
[2025-12-04T23:20:10.569+0600] {processor.py:157} INFO - Started process (PID=39097) to work on /Users/asminsadykova/Desktop/h&m/.venv/lib/python3.9/site-packages/airflow/example_dags/example_bash_operator.py
[2025-12-04T23:20:10.570+0600] {processor.py:829} INFO - Processing file /Users/asminsadykova/Desktop/h&m/.venv/lib/python3.9/site-packages/airflow/example_dags/example_bash_operator.py for tasks to queue
[2025-12-04T23:20:10.570+0600] {logging_mixin.py:154} INFO - [2025-12-04T23:20:10.570+0600] {dagbag.py:536} INFO - Filling up the DagBag from /Users/asminsadykova/Desktop/h&m/.venv/lib/python3.9/site-packages/airflow/example_dags/example_bash_operator.py
[2025-12-04T23:20:10.601+0600] {processor.py:839} INFO - DAG(s) dict_keys(['example_bash_operator']) retrieved from /Users/asminsadykova/Desktop/h&m/.venv/lib/python3.9/site-packages/airflow/example_dags/example_bash_operator.py
[2025-12-04T23:20:10.664+0600] {logging_mixin.py:154} INFO - [2025-12-04T23:20:10.664+0600] {dag.py:2941} INFO - Sync 1 DAGs
[2025-12-04T23:20:10.671+0600] {logging_mixin.py:154} INFO - [2025-12-04T23:20:10.671+0600] {dag.py:3722} INFO - Setting next_dagrun for example_bash_operator to 2025-12-03T00:00:00+00:00, run_after=2025-12-04T00:00:00+00:00
[2025-12-04T23:20:10.680+0600] {processor.py:179} INFO - Processing /Users/asminsadykova/Desktop/h&m/.venv/lib/python3.9/site-packages/airflow/example_dags/example_bash_operator.py took 0.111 seconds
[2025-12-04T23:21:36.735+0600] {processor.py:157} INFO - Started process (PID=39196) to work on /Users/asminsadykova/Desktop/h&m/.venv/lib/python3.9/site-packages/airflow/example_dags/example_bash_operator.py
[2025-12-04T23:21:36.736+0600] {processor.py:829} INFO - Processing file /Users/asminsadykova/Desktop/h&m/.venv/lib/python3.9/site-packages/airflow/example_dags/example_bash_operator.py for tasks to queue
[2025-12-04T23:21:36.736+0600] {logging_mixin.py:154} INFO - [2025-12-04T23:21:36.736+0600] {dagbag.py:536} INFO - Filling up the DagBag from /Users/asminsadykova/Desktop/h&m/.venv/lib/python3.9/site-packages/airflow/example_dags/example_bash_operator.py
[2025-12-04T23:21:36.774+0600] {processor.py:839} INFO - DAG(s) dict_keys(['example_bash_operator']) retrieved from /Users/asminsadykova/Desktop/h&m/.venv/lib/python3.9/site-packages/airflow/example_dags/example_bash_operator.py
[2025-12-04T23:21:36.847+0600] {logging_mixin.py:154} INFO - [2025-12-04T23:21:36.846+0600] {dag.py:2941} INFO - Sync 1 DAGs
[2025-12-04T23:21:36.854+0600] {logging_mixin.py:154} INFO - [2025-12-04T23:21:36.854+0600] {dag.py:3722} INFO - Setting next_dagrun for example_bash_operator to 2025-12-03T00:00:00+00:00, run_after=2025-12-04T00:00:00+00:00
[2025-12-04T23:21:36.882+0600] {processor.py:179} INFO - Processing /Users/asminsadykova/Desktop/h&m/.venv/lib/python3.9/site-packages/airflow/example_dags/example_bash_operator.py took 0.149 seconds
[2025-12-04T23:23:02.539+0600] {processor.py:157} INFO - Started process (PID=39283) to work on /Users/asminsadykova/Desktop/h&m/.venv/lib/python3.9/site-packages/airflow/example_dags/example_bash_operator.py
[2025-12-04T23:23:02.541+0600] {processor.py:829} INFO - Processing file /Users/asminsadykova/Desktop/h&m/.venv/lib/python3.9/site-packages/airflow/example_dags/example_bash_operator.py for tasks to queue
[2025-12-04T23:23:02.541+0600] {logging_mixin.py:154} INFO - [2025-12-04T23:23:02.541+0600] {dagbag.py:536} INFO - Filling up the DagBag from /Users/asminsadykova/Desktop/h&m/.venv/lib/python3.9/site-packages/airflow/example_dags/example_bash_operator.py
[2025-12-04T23:23:02.570+0600] {processor.py:839} INFO - DAG(s) dict_keys(['example_bash_operator']) retrieved from /Users/asminsadykova/Desktop/h&m/.venv/lib/python3.9/site-packages/airflow/example_dags/example_bash_operator.py
[2025-12-04T23:23:02.627+0600] {logging_mixin.py:154} INFO - [2025-12-04T23:23:02.627+0600] {dag.py:2941} INFO - Sync 1 DAGs
[2025-12-04T23:23:02.634+0600] {logging_mixin.py:154} INFO - [2025-12-04T23:23:02.634+0600] {dag.py:3722} INFO - Setting next_dagrun for example_bash_operator to 2025-12-03T00:00:00+00:00, run_after=2025-12-04T00:00:00+00:00
[2025-12-04T23:23:02.642+0600] {processor.py:179} INFO - Processing /Users/asminsadykova/Desktop/h&m/.venv/lib/python3.9/site-packages/airflow/example_dags/example_bash_operator.py took 0.103 seconds
[2025-12-04T23:24:39.223+0600] {processor.py:157} INFO - Started process (PID=39481) to work on /Users/asminsadykova/Desktop/h&m/.venv/lib/python3.9/site-packages/airflow/example_dags/example_bash_operator.py
[2025-12-04T23:24:39.224+0600] {processor.py:829} INFO - Processing file /Users/asminsadykova/Desktop/h&m/.venv/lib/python3.9/site-packages/airflow/example_dags/example_bash_operator.py for tasks to queue
[2025-12-04T23:24:39.224+0600] {logging_mixin.py:154} INFO - [2025-12-04T23:24:39.224+0600] {dagbag.py:536} INFO - Filling up the DagBag from /Users/asminsadykova/Desktop/h&m/.venv/lib/python3.9/site-packages/airflow/example_dags/example_bash_operator.py
[2025-12-04T23:24:39.253+0600] {processor.py:839} INFO - DAG(s) dict_keys(['example_bash_operator']) retrieved from /Users/asminsadykova/Desktop/h&m/.venv/lib/python3.9/site-packages/airflow/example_dags/example_bash_operator.py
[2025-12-04T23:24:39.310+0600] {logging_mixin.py:154} INFO - [2025-12-04T23:24:39.310+0600] {dag.py:2941} INFO - Sync 1 DAGs
[2025-12-04T23:24:39.317+0600] {logging_mixin.py:154} INFO - [2025-12-04T23:24:39.317+0600] {dag.py:3722} INFO - Setting next_dagrun for example_bash_operator to 2025-12-03T00:00:00+00:00, run_after=2025-12-04T00:00:00+00:00
[2025-12-04T23:24:39.325+0600] {processor.py:179} INFO - Processing /Users/asminsadykova/Desktop/h&m/.venv/lib/python3.9/site-packages/airflow/example_dags/example_bash_operator.py took 0.103 seconds
[2025-12-04T23:26:12.548+0600] {processor.py:157} INFO - Started process (PID=39570) to work on /Users/asminsadykova/Desktop/h&m/.venv/lib/python3.9/site-packages/airflow/example_dags/example_bash_operator.py
[2025-12-04T23:26:12.548+0600] {processor.py:829} INFO - Processing file /Users/asminsadykova/Desktop/h&m/.venv/lib/python3.9/site-packages/airflow/example_dags/example_bash_operator.py for tasks to queue
[2025-12-04T23:26:12.548+0600] {logging_mixin.py:154} INFO - [2025-12-04T23:26:12.548+0600] {dagbag.py:536} INFO - Filling up the DagBag from /Users/asminsadykova/Desktop/h&m/.venv/lib/python3.9/site-packages/airflow/example_dags/example_bash_operator.py
[2025-12-04T23:26:12.579+0600] {processor.py:839} INFO - DAG(s) dict_keys(['example_bash_operator']) retrieved from /Users/asminsadykova/Desktop/h&m/.venv/lib/python3.9/site-packages/airflow/example_dags/example_bash_operator.py
[2025-12-04T23:26:12.639+0600] {logging_mixin.py:154} INFO - [2025-12-04T23:26:12.639+0600] {dag.py:2941} INFO - Sync 1 DAGs
[2025-12-04T23:26:12.646+0600] {logging_mixin.py:154} INFO - [2025-12-04T23:26:12.646+0600] {dag.py:3722} INFO - Setting next_dagrun for example_bash_operator to 2025-12-03T00:00:00+00:00, run_after=2025-12-04T00:00:00+00:00
[2025-12-04T23:26:12.653+0600] {processor.py:179} INFO - Processing /Users/asminsadykova/Desktop/h&m/.venv/lib/python3.9/site-packages/airflow/example_dags/example_bash_operator.py took 0.106 seconds
[2025-12-04T23:27:51.951+0600] {processor.py:157} INFO - Started process (PID=39674) to work on /Users/asminsadykova/Desktop/h&m/.venv/lib/python3.9/site-packages/airflow/example_dags/example_bash_operator.py
[2025-12-04T23:27:51.952+0600] {processor.py:829} INFO - Processing file /Users/asminsadykova/Desktop/h&m/.venv/lib/python3.9/site-packages/airflow/example_dags/example_bash_operator.py for tasks to queue
[2025-12-04T23:27:51.952+0600] {logging_mixin.py:154} INFO - [2025-12-04T23:27:51.952+0600] {dagbag.py:536} INFO - Filling up the DagBag from /Users/asminsadykova/Desktop/h&m/.venv/lib/python3.9/site-packages/airflow/example_dags/example_bash_operator.py
[2025-12-04T23:27:51.981+0600] {processor.py:839} INFO - DAG(s) dict_keys(['example_bash_operator']) retrieved from /Users/asminsadykova/Desktop/h&m/.venv/lib/python3.9/site-packages/airflow/example_dags/example_bash_operator.py
[2025-12-04T23:27:52.037+0600] {logging_mixin.py:154} INFO - [2025-12-04T23:27:52.037+0600] {dag.py:2941} INFO - Sync 1 DAGs
[2025-12-04T23:27:52.044+0600] {logging_mixin.py:154} INFO - [2025-12-04T23:27:52.044+0600] {dag.py:3722} INFO - Setting next_dagrun for example_bash_operator to 2025-12-03T00:00:00+00:00, run_after=2025-12-04T00:00:00+00:00
[2025-12-04T23:27:52.051+0600] {processor.py:179} INFO - Processing /Users/asminsadykova/Desktop/h&m/.venv/lib/python3.9/site-packages/airflow/example_dags/example_bash_operator.py took 0.101 seconds
[2025-12-04T23:29:16.229+0600] {processor.py:157} INFO - Started process (PID=39757) to work on /Users/asminsadykova/Desktop/h&m/.venv/lib/python3.9/site-packages/airflow/example_dags/example_bash_operator.py
[2025-12-04T23:29:16.230+0600] {processor.py:829} INFO - Processing file /Users/asminsadykova/Desktop/h&m/.venv/lib/python3.9/site-packages/airflow/example_dags/example_bash_operator.py for tasks to queue
[2025-12-04T23:29:16.230+0600] {logging_mixin.py:154} INFO - [2025-12-04T23:29:16.230+0600] {dagbag.py:536} INFO - Filling up the DagBag from /Users/asminsadykova/Desktop/h&m/.venv/lib/python3.9/site-packages/airflow/example_dags/example_bash_operator.py
[2025-12-04T23:29:16.261+0600] {processor.py:839} INFO - DAG(s) dict_keys(['example_bash_operator']) retrieved from /Users/asminsadykova/Desktop/h&m/.venv/lib/python3.9/site-packages/airflow/example_dags/example_bash_operator.py
[2025-12-04T23:29:16.318+0600] {logging_mixin.py:154} INFO - [2025-12-04T23:29:16.318+0600] {dag.py:2941} INFO - Sync 1 DAGs
[2025-12-04T23:29:16.324+0600] {logging_mixin.py:154} INFO - [2025-12-04T23:29:16.324+0600] {dag.py:3722} INFO - Setting next_dagrun for example_bash_operator to 2025-12-03T00:00:00+00:00, run_after=2025-12-04T00:00:00+00:00
[2025-12-04T23:29:16.332+0600] {processor.py:179} INFO - Processing /Users/asminsadykova/Desktop/h&m/.venv/lib/python3.9/site-packages/airflow/example_dags/example_bash_operator.py took 0.103 seconds
[2025-12-04T23:30:38.697+0600] {processor.py:157} INFO - Started process (PID=39826) to work on /Users/asminsadykova/Desktop/h&m/.venv/lib/python3.9/site-packages/airflow/example_dags/example_bash_operator.py
[2025-12-04T23:30:38.700+0600] {processor.py:829} INFO - Processing file /Users/asminsadykova/Desktop/h&m/.venv/lib/python3.9/site-packages/airflow/example_dags/example_bash_operator.py for tasks to queue
[2025-12-04T23:30:38.700+0600] {logging_mixin.py:154} INFO - [2025-12-04T23:30:38.700+0600] {dagbag.py:536} INFO - Filling up the DagBag from /Users/asminsadykova/Desktop/h&m/.venv/lib/python3.9/site-packages/airflow/example_dags/example_bash_operator.py
[2025-12-04T23:30:38.732+0600] {processor.py:839} INFO - DAG(s) dict_keys(['example_bash_operator']) retrieved from /Users/asminsadykova/Desktop/h&m/.venv/lib/python3.9/site-packages/airflow/example_dags/example_bash_operator.py
[2025-12-04T23:30:38.791+0600] {logging_mixin.py:154} INFO - [2025-12-04T23:30:38.790+0600] {dag.py:2941} INFO - Sync 1 DAGs
[2025-12-04T23:30:38.797+0600] {logging_mixin.py:154} INFO - [2025-12-04T23:30:38.797+0600] {dag.py:3722} INFO - Setting next_dagrun for example_bash_operator to 2025-12-03T00:00:00+00:00, run_after=2025-12-04T00:00:00+00:00
[2025-12-04T23:30:38.805+0600] {processor.py:179} INFO - Processing /Users/asminsadykova/Desktop/h&m/.venv/lib/python3.9/site-packages/airflow/example_dags/example_bash_operator.py took 0.108 seconds
[2025-12-04T23:32:02.648+0600] {processor.py:157} INFO - Started process (PID=39895) to work on /Users/asminsadykova/Desktop/h&m/.venv/lib/python3.9/site-packages/airflow/example_dags/example_bash_operator.py
[2025-12-04T23:32:02.649+0600] {processor.py:829} INFO - Processing file /Users/asminsadykova/Desktop/h&m/.venv/lib/python3.9/site-packages/airflow/example_dags/example_bash_operator.py for tasks to queue
[2025-12-04T23:32:02.649+0600] {logging_mixin.py:154} INFO - [2025-12-04T23:32:02.649+0600] {dagbag.py:536} INFO - Filling up the DagBag from /Users/asminsadykova/Desktop/h&m/.venv/lib/python3.9/site-packages/airflow/example_dags/example_bash_operator.py
[2025-12-04T23:32:02.679+0600] {processor.py:839} INFO - DAG(s) dict_keys(['example_bash_operator']) retrieved from /Users/asminsadykova/Desktop/h&m/.venv/lib/python3.9/site-packages/airflow/example_dags/example_bash_operator.py
[2025-12-04T23:32:02.735+0600] {logging_mixin.py:154} INFO - [2025-12-04T23:32:02.735+0600] {dag.py:2941} INFO - Sync 1 DAGs
[2025-12-04T23:32:02.741+0600] {logging_mixin.py:154} INFO - [2025-12-04T23:32:02.741+0600] {dag.py:3722} INFO - Setting next_dagrun for example_bash_operator to 2025-12-03T00:00:00+00:00, run_after=2025-12-04T00:00:00+00:00
[2025-12-04T23:32:02.750+0600] {processor.py:179} INFO - Processing /Users/asminsadykova/Desktop/h&m/.venv/lib/python3.9/site-packages/airflow/example_dags/example_bash_operator.py took 0.102 seconds
[2025-12-04T23:33:29.822+0600] {processor.py:157} INFO - Started process (PID=40122) to work on /Users/asminsadykova/Desktop/h&m/.venv/lib/python3.9/site-packages/airflow/example_dags/example_bash_operator.py
[2025-12-04T23:33:29.823+0600] {processor.py:829} INFO - Processing file /Users/asminsadykova/Desktop/h&m/.venv/lib/python3.9/site-packages/airflow/example_dags/example_bash_operator.py for tasks to queue
[2025-12-04T23:33:29.823+0600] {logging_mixin.py:154} INFO - [2025-12-04T23:33:29.823+0600] {dagbag.py:536} INFO - Filling up the DagBag from /Users/asminsadykova/Desktop/h&m/.venv/lib/python3.9/site-packages/airflow/example_dags/example_bash_operator.py
[2025-12-04T23:33:29.853+0600] {processor.py:839} INFO - DAG(s) dict_keys(['example_bash_operator']) retrieved from /Users/asminsadykova/Desktop/h&m/.venv/lib/python3.9/site-packages/airflow/example_dags/example_bash_operator.py
[2025-12-04T23:33:29.911+0600] {logging_mixin.py:154} INFO - [2025-12-04T23:33:29.911+0600] {dag.py:2941} INFO - Sync 1 DAGs
[2025-12-04T23:33:29.918+0600] {logging_mixin.py:154} INFO - [2025-12-04T23:33:29.918+0600] {dag.py:3722} INFO - Setting next_dagrun for example_bash_operator to 2025-12-03T00:00:00+00:00, run_after=2025-12-04T00:00:00+00:00
[2025-12-04T23:33:29.925+0600] {processor.py:179} INFO - Processing /Users/asminsadykova/Desktop/h&m/.venv/lib/python3.9/site-packages/airflow/example_dags/example_bash_operator.py took 0.103 seconds
[2025-12-04T23:34:56.532+0600] {processor.py:157} INFO - Started process (PID=40206) to work on /Users/asminsadykova/Desktop/h&m/.venv/lib/python3.9/site-packages/airflow/example_dags/example_bash_operator.py
[2025-12-04T23:34:56.533+0600] {processor.py:829} INFO - Processing file /Users/asminsadykova/Desktop/h&m/.venv/lib/python3.9/site-packages/airflow/example_dags/example_bash_operator.py for tasks to queue
[2025-12-04T23:34:56.533+0600] {logging_mixin.py:154} INFO - [2025-12-04T23:34:56.533+0600] {dagbag.py:536} INFO - Filling up the DagBag from /Users/asminsadykova/Desktop/h&m/.venv/lib/python3.9/site-packages/airflow/example_dags/example_bash_operator.py
[2025-12-04T23:34:56.564+0600] {processor.py:839} INFO - DAG(s) dict_keys(['example_bash_operator']) retrieved from /Users/asminsadykova/Desktop/h&m/.venv/lib/python3.9/site-packages/airflow/example_dags/example_bash_operator.py
[2025-12-04T23:34:56.622+0600] {logging_mixin.py:154} INFO - [2025-12-04T23:34:56.621+0600] {dag.py:2941} INFO - Sync 1 DAGs
[2025-12-04T23:34:56.629+0600] {logging_mixin.py:154} INFO - [2025-12-04T23:34:56.629+0600] {dag.py:3722} INFO - Setting next_dagrun for example_bash_operator to 2025-12-03T00:00:00+00:00, run_after=2025-12-04T00:00:00+00:00
[2025-12-04T23:34:56.637+0600] {processor.py:179} INFO - Processing /Users/asminsadykova/Desktop/h&m/.venv/lib/python3.9/site-packages/airflow/example_dags/example_bash_operator.py took 0.105 seconds
[2025-12-04T23:36:35.467+0600] {processor.py:157} INFO - Started process (PID=40293) to work on /Users/asminsadykova/Desktop/h&m/.venv/lib/python3.9/site-packages/airflow/example_dags/example_bash_operator.py
[2025-12-04T23:36:35.469+0600] {processor.py:829} INFO - Processing file /Users/asminsadykova/Desktop/h&m/.venv/lib/python3.9/site-packages/airflow/example_dags/example_bash_operator.py for tasks to queue
[2025-12-04T23:36:35.469+0600] {logging_mixin.py:154} INFO - [2025-12-04T23:36:35.469+0600] {dagbag.py:536} INFO - Filling up the DagBag from /Users/asminsadykova/Desktop/h&m/.venv/lib/python3.9/site-packages/airflow/example_dags/example_bash_operator.py
[2025-12-04T23:36:35.499+0600] {processor.py:839} INFO - DAG(s) dict_keys(['example_bash_operator']) retrieved from /Users/asminsadykova/Desktop/h&m/.venv/lib/python3.9/site-packages/airflow/example_dags/example_bash_operator.py
[2025-12-04T23:36:35.557+0600] {logging_mixin.py:154} INFO - [2025-12-04T23:36:35.556+0600] {dag.py:2941} INFO - Sync 1 DAGs
[2025-12-04T23:36:35.563+0600] {logging_mixin.py:154} INFO - [2025-12-04T23:36:35.563+0600] {dag.py:3722} INFO - Setting next_dagrun for example_bash_operator to 2025-12-03T00:00:00+00:00, run_after=2025-12-04T00:00:00+00:00
[2025-12-04T23:36:35.572+0600] {processor.py:179} INFO - Processing /Users/asminsadykova/Desktop/h&m/.venv/lib/python3.9/site-packages/airflow/example_dags/example_bash_operator.py took 0.105 seconds
[2025-12-04T23:38:03.747+0600] {processor.py:157} INFO - Started process (PID=40383) to work on /Users/asminsadykova/Desktop/h&m/.venv/lib/python3.9/site-packages/airflow/example_dags/example_bash_operator.py
[2025-12-04T23:38:03.748+0600] {processor.py:829} INFO - Processing file /Users/asminsadykova/Desktop/h&m/.venv/lib/python3.9/site-packages/airflow/example_dags/example_bash_operator.py for tasks to queue
[2025-12-04T23:38:03.748+0600] {logging_mixin.py:154} INFO - [2025-12-04T23:38:03.748+0600] {dagbag.py:536} INFO - Filling up the DagBag from /Users/asminsadykova/Desktop/h&m/.venv/lib/python3.9/site-packages/airflow/example_dags/example_bash_operator.py
[2025-12-04T23:38:03.777+0600] {processor.py:839} INFO - DAG(s) dict_keys(['example_bash_operator']) retrieved from /Users/asminsadykova/Desktop/h&m/.venv/lib/python3.9/site-packages/airflow/example_dags/example_bash_operator.py
[2025-12-04T23:38:03.834+0600] {logging_mixin.py:154} INFO - [2025-12-04T23:38:03.834+0600] {dag.py:2941} INFO - Sync 1 DAGs
[2025-12-04T23:38:03.841+0600] {logging_mixin.py:154} INFO - [2025-12-04T23:38:03.840+0600] {dag.py:3722} INFO - Setting next_dagrun for example_bash_operator to 2025-12-03T00:00:00+00:00, run_after=2025-12-04T00:00:00+00:00
[2025-12-04T23:38:03.848+0600] {processor.py:179} INFO - Processing /Users/asminsadykova/Desktop/h&m/.venv/lib/python3.9/site-packages/airflow/example_dags/example_bash_operator.py took 0.102 seconds
[2025-12-04T23:39:39.958+0600] {processor.py:157} INFO - Started process (PID=40469) to work on /Users/asminsadykova/Desktop/h&m/.venv/lib/python3.9/site-packages/airflow/example_dags/example_bash_operator.py
[2025-12-04T23:39:39.959+0600] {processor.py:829} INFO - Processing file /Users/asminsadykova/Desktop/h&m/.venv/lib/python3.9/site-packages/airflow/example_dags/example_bash_operator.py for tasks to queue
[2025-12-04T23:39:39.959+0600] {logging_mixin.py:154} INFO - [2025-12-04T23:39:39.959+0600] {dagbag.py:536} INFO - Filling up the DagBag from /Users/asminsadykova/Desktop/h&m/.venv/lib/python3.9/site-packages/airflow/example_dags/example_bash_operator.py
[2025-12-04T23:39:39.995+0600] {processor.py:839} INFO - DAG(s) dict_keys(['example_bash_operator']) retrieved from /Users/asminsadykova/Desktop/h&m/.venv/lib/python3.9/site-packages/airflow/example_dags/example_bash_operator.py
[2025-12-04T23:39:40.061+0600] {logging_mixin.py:154} INFO - [2025-12-04T23:39:40.061+0600] {dag.py:2941} INFO - Sync 1 DAGs
[2025-12-04T23:39:40.068+0600] {logging_mixin.py:154} INFO - [2025-12-04T23:39:40.068+0600] {dag.py:3722} INFO - Setting next_dagrun for example_bash_operator to 2025-12-03T00:00:00+00:00, run_after=2025-12-04T00:00:00+00:00
[2025-12-04T23:39:40.079+0600] {processor.py:179} INFO - Processing /Users/asminsadykova/Desktop/h&m/.venv/lib/python3.9/site-packages/airflow/example_dags/example_bash_operator.py took 0.121 seconds
[2025-12-04T23:41:17.663+0600] {processor.py:157} INFO - Started process (PID=40596) to work on /Users/asminsadykova/Desktop/h&m/.venv/lib/python3.9/site-packages/airflow/example_dags/example_bash_operator.py
[2025-12-04T23:41:17.664+0600] {processor.py:829} INFO - Processing file /Users/asminsadykova/Desktop/h&m/.venv/lib/python3.9/site-packages/airflow/example_dags/example_bash_operator.py for tasks to queue
[2025-12-04T23:41:17.664+0600] {logging_mixin.py:154} INFO - [2025-12-04T23:41:17.664+0600] {dagbag.py:536} INFO - Filling up the DagBag from /Users/asminsadykova/Desktop/h&m/.venv/lib/python3.9/site-packages/airflow/example_dags/example_bash_operator.py
[2025-12-04T23:41:17.694+0600] {processor.py:839} INFO - DAG(s) dict_keys(['example_bash_operator']) retrieved from /Users/asminsadykova/Desktop/h&m/.venv/lib/python3.9/site-packages/airflow/example_dags/example_bash_operator.py
[2025-12-04T23:41:17.752+0600] {logging_mixin.py:154} INFO - [2025-12-04T23:41:17.752+0600] {dag.py:2941} INFO - Sync 1 DAGs
[2025-12-04T23:41:17.760+0600] {logging_mixin.py:154} INFO - [2025-12-04T23:41:17.759+0600] {dag.py:3722} INFO - Setting next_dagrun for example_bash_operator to 2025-12-03T00:00:00+00:00, run_after=2025-12-04T00:00:00+00:00
[2025-12-04T23:41:17.767+0600] {processor.py:179} INFO - Processing /Users/asminsadykova/Desktop/h&m/.venv/lib/python3.9/site-packages/airflow/example_dags/example_bash_operator.py took 0.105 seconds
[2025-12-04T23:42:43.248+0600] {processor.py:157} INFO - Started process (PID=40708) to work on /Users/asminsadykova/Desktop/h&m/.venv/lib/python3.9/site-packages/airflow/example_dags/example_bash_operator.py
[2025-12-04T23:42:43.249+0600] {processor.py:829} INFO - Processing file /Users/asminsadykova/Desktop/h&m/.venv/lib/python3.9/site-packages/airflow/example_dags/example_bash_operator.py for tasks to queue
[2025-12-04T23:42:43.250+0600] {logging_mixin.py:154} INFO - [2025-12-04T23:42:43.250+0600] {dagbag.py:536} INFO - Filling up the DagBag from /Users/asminsadykova/Desktop/h&m/.venv/lib/python3.9/site-packages/airflow/example_dags/example_bash_operator.py
[2025-12-04T23:42:43.284+0600] {processor.py:839} INFO - DAG(s) dict_keys(['example_bash_operator']) retrieved from /Users/asminsadykova/Desktop/h&m/.venv/lib/python3.9/site-packages/airflow/example_dags/example_bash_operator.py
[2025-12-04T23:42:43.348+0600] {logging_mixin.py:154} INFO - [2025-12-04T23:42:43.348+0600] {dag.py:2941} INFO - Sync 1 DAGs
[2025-12-04T23:42:43.355+0600] {logging_mixin.py:154} INFO - [2025-12-04T23:42:43.355+0600] {dag.py:3722} INFO - Setting next_dagrun for example_bash_operator to 2025-12-03T00:00:00+00:00, run_after=2025-12-04T00:00:00+00:00
[2025-12-04T23:42:43.365+0600] {processor.py:179} INFO - Processing /Users/asminsadykova/Desktop/h&m/.venv/lib/python3.9/site-packages/airflow/example_dags/example_bash_operator.py took 0.117 seconds
[2025-12-04T23:44:20.043+0600] {processor.py:157} INFO - Started process (PID=40885) to work on /Users/asminsadykova/Desktop/h&m/.venv/lib/python3.9/site-packages/airflow/example_dags/example_bash_operator.py
[2025-12-04T23:44:20.045+0600] {processor.py:829} INFO - Processing file /Users/asminsadykova/Desktop/h&m/.venv/lib/python3.9/site-packages/airflow/example_dags/example_bash_operator.py for tasks to queue
[2025-12-04T23:44:20.045+0600] {logging_mixin.py:154} INFO - [2025-12-04T23:44:20.045+0600] {dagbag.py:536} INFO - Filling up the DagBag from /Users/asminsadykova/Desktop/h&m/.venv/lib/python3.9/site-packages/airflow/example_dags/example_bash_operator.py
[2025-12-04T23:44:20.078+0600] {processor.py:839} INFO - DAG(s) dict_keys(['example_bash_operator']) retrieved from /Users/asminsadykova/Desktop/h&m/.venv/lib/python3.9/site-packages/airflow/example_dags/example_bash_operator.py
[2025-12-04T23:44:20.141+0600] {logging_mixin.py:154} INFO - [2025-12-04T23:44:20.141+0600] {dag.py:2941} INFO - Sync 1 DAGs
[2025-12-04T23:44:20.149+0600] {logging_mixin.py:154} INFO - [2025-12-04T23:44:20.149+0600] {dag.py:3722} INFO - Setting next_dagrun for example_bash_operator to 2025-12-03T00:00:00+00:00, run_after=2025-12-04T00:00:00+00:00
[2025-12-04T23:44:20.158+0600] {processor.py:179} INFO - Processing /Users/asminsadykova/Desktop/h&m/.venv/lib/python3.9/site-packages/airflow/example_dags/example_bash_operator.py took 0.116 seconds
[2025-12-04T23:45:55.854+0600] {processor.py:157} INFO - Started process (PID=41192) to work on /Users/asminsadykova/Desktop/h&m/.venv/lib/python3.9/site-packages/airflow/example_dags/example_bash_operator.py
[2025-12-04T23:45:55.855+0600] {processor.py:829} INFO - Processing file /Users/asminsadykova/Desktop/h&m/.venv/lib/python3.9/site-packages/airflow/example_dags/example_bash_operator.py for tasks to queue
[2025-12-04T23:45:55.856+0600] {logging_mixin.py:154} INFO - [2025-12-04T23:45:55.856+0600] {dagbag.py:536} INFO - Filling up the DagBag from /Users/asminsadykova/Desktop/h&m/.venv/lib/python3.9/site-packages/airflow/example_dags/example_bash_operator.py
[2025-12-04T23:45:55.887+0600] {processor.py:839} INFO - DAG(s) dict_keys(['example_bash_operator']) retrieved from /Users/asminsadykova/Desktop/h&m/.venv/lib/python3.9/site-packages/airflow/example_dags/example_bash_operator.py
[2025-12-04T23:45:55.945+0600] {logging_mixin.py:154} INFO - [2025-12-04T23:45:55.945+0600] {dag.py:2941} INFO - Sync 1 DAGs
[2025-12-04T23:45:55.952+0600] {logging_mixin.py:154} INFO - [2025-12-04T23:45:55.952+0600] {dag.py:3722} INFO - Setting next_dagrun for example_bash_operator to 2025-12-03T00:00:00+00:00, run_after=2025-12-04T00:00:00+00:00
[2025-12-04T23:45:55.960+0600] {processor.py:179} INFO - Processing /Users/asminsadykova/Desktop/h&m/.venv/lib/python3.9/site-packages/airflow/example_dags/example_bash_operator.py took 0.106 seconds
[2025-12-04T23:47:30.637+0600] {processor.py:157} INFO - Started process (PID=41576) to work on /Users/asminsadykova/Desktop/h&m/.venv/lib/python3.9/site-packages/airflow/example_dags/example_bash_operator.py
[2025-12-04T23:47:30.639+0600] {processor.py:829} INFO - Processing file /Users/asminsadykova/Desktop/h&m/.venv/lib/python3.9/site-packages/airflow/example_dags/example_bash_operator.py for tasks to queue
[2025-12-04T23:47:30.639+0600] {logging_mixin.py:154} INFO - [2025-12-04T23:47:30.639+0600] {dagbag.py:536} INFO - Filling up the DagBag from /Users/asminsadykova/Desktop/h&m/.venv/lib/python3.9/site-packages/airflow/example_dags/example_bash_operator.py
[2025-12-04T23:47:30.668+0600] {processor.py:839} INFO - DAG(s) dict_keys(['example_bash_operator']) retrieved from /Users/asminsadykova/Desktop/h&m/.venv/lib/python3.9/site-packages/airflow/example_dags/example_bash_operator.py
[2025-12-04T23:47:30.725+0600] {logging_mixin.py:154} INFO - [2025-12-04T23:47:30.725+0600] {dag.py:2941} INFO - Sync 1 DAGs
[2025-12-04T23:47:30.732+0600] {logging_mixin.py:154} INFO - [2025-12-04T23:47:30.732+0600] {dag.py:3722} INFO - Setting next_dagrun for example_bash_operator to 2025-12-03T00:00:00+00:00, run_after=2025-12-04T00:00:00+00:00
[2025-12-04T23:47:30.739+0600] {processor.py:179} INFO - Processing /Users/asminsadykova/Desktop/h&m/.venv/lib/python3.9/site-packages/airflow/example_dags/example_bash_operator.py took 0.103 seconds
[2025-12-04T23:48:55.461+0600] {processor.py:157} INFO - Started process (PID=41684) to work on /Users/asminsadykova/Desktop/h&m/.venv/lib/python3.9/site-packages/airflow/example_dags/example_bash_operator.py
[2025-12-04T23:48:55.462+0600] {processor.py:829} INFO - Processing file /Users/asminsadykova/Desktop/h&m/.venv/lib/python3.9/site-packages/airflow/example_dags/example_bash_operator.py for tasks to queue
[2025-12-04T23:48:55.462+0600] {logging_mixin.py:154} INFO - [2025-12-04T23:48:55.462+0600] {dagbag.py:536} INFO - Filling up the DagBag from /Users/asminsadykova/Desktop/h&m/.venv/lib/python3.9/site-packages/airflow/example_dags/example_bash_operator.py
[2025-12-04T23:48:55.491+0600] {processor.py:839} INFO - DAG(s) dict_keys(['example_bash_operator']) retrieved from /Users/asminsadykova/Desktop/h&m/.venv/lib/python3.9/site-packages/airflow/example_dags/example_bash_operator.py
[2025-12-04T23:48:55.548+0600] {logging_mixin.py:154} INFO - [2025-12-04T23:48:55.548+0600] {dag.py:2941} INFO - Sync 1 DAGs
[2025-12-04T23:48:55.555+0600] {logging_mixin.py:154} INFO - [2025-12-04T23:48:55.555+0600] {dag.py:3722} INFO - Setting next_dagrun for example_bash_operator to 2025-12-03T00:00:00+00:00, run_after=2025-12-04T00:00:00+00:00
[2025-12-04T23:48:55.563+0600] {processor.py:179} INFO - Processing /Users/asminsadykova/Desktop/h&m/.venv/lib/python3.9/site-packages/airflow/example_dags/example_bash_operator.py took 0.102 seconds
[2025-12-04T23:50:31.259+0600] {processor.py:157} INFO - Started process (PID=41810) to work on /Users/asminsadykova/Desktop/h&m/.venv/lib/python3.9/site-packages/airflow/example_dags/example_bash_operator.py
[2025-12-04T23:50:31.261+0600] {processor.py:829} INFO - Processing file /Users/asminsadykova/Desktop/h&m/.venv/lib/python3.9/site-packages/airflow/example_dags/example_bash_operator.py for tasks to queue
[2025-12-04T23:50:31.261+0600] {logging_mixin.py:154} INFO - [2025-12-04T23:50:31.261+0600] {dagbag.py:536} INFO - Filling up the DagBag from /Users/asminsadykova/Desktop/h&m/.venv/lib/python3.9/site-packages/airflow/example_dags/example_bash_operator.py
[2025-12-04T23:50:31.290+0600] {processor.py:839} INFO - DAG(s) dict_keys(['example_bash_operator']) retrieved from /Users/asminsadykova/Desktop/h&m/.venv/lib/python3.9/site-packages/airflow/example_dags/example_bash_operator.py
[2025-12-04T23:50:31.347+0600] {logging_mixin.py:154} INFO - [2025-12-04T23:50:31.347+0600] {dag.py:2941} INFO - Sync 1 DAGs
[2025-12-04T23:50:31.354+0600] {logging_mixin.py:154} INFO - [2025-12-04T23:50:31.354+0600] {dag.py:3722} INFO - Setting next_dagrun for example_bash_operator to 2025-12-03T00:00:00+00:00, run_after=2025-12-04T00:00:00+00:00
[2025-12-04T23:50:31.362+0600] {processor.py:179} INFO - Processing /Users/asminsadykova/Desktop/h&m/.venv/lib/python3.9/site-packages/airflow/example_dags/example_bash_operator.py took 0.103 seconds
[2025-12-04T23:52:07.447+0600] {processor.py:157} INFO - Started process (PID=42046) to work on /Users/asminsadykova/Desktop/h&m/.venv/lib/python3.9/site-packages/airflow/example_dags/example_bash_operator.py
[2025-12-04T23:52:07.450+0600] {processor.py:829} INFO - Processing file /Users/asminsadykova/Desktop/h&m/.venv/lib/python3.9/site-packages/airflow/example_dags/example_bash_operator.py for tasks to queue
[2025-12-04T23:52:07.450+0600] {logging_mixin.py:154} INFO - [2025-12-04T23:52:07.450+0600] {dagbag.py:536} INFO - Filling up the DagBag from /Users/asminsadykova/Desktop/h&m/.venv/lib/python3.9/site-packages/airflow/example_dags/example_bash_operator.py
[2025-12-04T23:52:07.481+0600] {processor.py:839} INFO - DAG(s) dict_keys(['example_bash_operator']) retrieved from /Users/asminsadykova/Desktop/h&m/.venv/lib/python3.9/site-packages/airflow/example_dags/example_bash_operator.py
[2025-12-04T23:52:07.539+0600] {logging_mixin.py:154} INFO - [2025-12-04T23:52:07.539+0600] {dag.py:2941} INFO - Sync 1 DAGs
[2025-12-04T23:52:07.545+0600] {logging_mixin.py:154} INFO - [2025-12-04T23:52:07.545+0600] {dag.py:3722} INFO - Setting next_dagrun for example_bash_operator to 2025-12-03T00:00:00+00:00, run_after=2025-12-04T00:00:00+00:00
[2025-12-04T23:52:07.553+0600] {processor.py:179} INFO - Processing /Users/asminsadykova/Desktop/h&m/.venv/lib/python3.9/site-packages/airflow/example_dags/example_bash_operator.py took 0.106 seconds
[2025-12-04T23:53:43.985+0600] {processor.py:157} INFO - Started process (PID=42146) to work on /Users/asminsadykova/Desktop/h&m/.venv/lib/python3.9/site-packages/airflow/example_dags/example_bash_operator.py
[2025-12-04T23:53:43.987+0600] {processor.py:829} INFO - Processing file /Users/asminsadykova/Desktop/h&m/.venv/lib/python3.9/site-packages/airflow/example_dags/example_bash_operator.py for tasks to queue
[2025-12-04T23:53:43.987+0600] {logging_mixin.py:154} INFO - [2025-12-04T23:53:43.987+0600] {dagbag.py:536} INFO - Filling up the DagBag from /Users/asminsadykova/Desktop/h&m/.venv/lib/python3.9/site-packages/airflow/example_dags/example_bash_operator.py
[2025-12-04T23:53:44.020+0600] {processor.py:839} INFO - DAG(s) dict_keys(['example_bash_operator']) retrieved from /Users/asminsadykova/Desktop/h&m/.venv/lib/python3.9/site-packages/airflow/example_dags/example_bash_operator.py
[2025-12-04T23:53:44.083+0600] {logging_mixin.py:154} INFO - [2025-12-04T23:53:44.083+0600] {dag.py:2941} INFO - Sync 1 DAGs
[2025-12-04T23:53:44.091+0600] {logging_mixin.py:154} INFO - [2025-12-04T23:53:44.091+0600] {dag.py:3722} INFO - Setting next_dagrun for example_bash_operator to 2025-12-03T00:00:00+00:00, run_after=2025-12-04T00:00:00+00:00
[2025-12-04T23:53:44.099+0600] {processor.py:179} INFO - Processing /Users/asminsadykova/Desktop/h&m/.venv/lib/python3.9/site-packages/airflow/example_dags/example_bash_operator.py took 0.115 seconds
[2025-12-04T23:55:10.375+0600] {processor.py:157} INFO - Started process (PID=42222) to work on /Users/asminsadykova/Desktop/h&m/.venv/lib/python3.9/site-packages/airflow/example_dags/example_bash_operator.py
[2025-12-04T23:55:10.376+0600] {processor.py:829} INFO - Processing file /Users/asminsadykova/Desktop/h&m/.venv/lib/python3.9/site-packages/airflow/example_dags/example_bash_operator.py for tasks to queue
[2025-12-04T23:55:10.376+0600] {logging_mixin.py:154} INFO - [2025-12-04T23:55:10.376+0600] {dagbag.py:536} INFO - Filling up the DagBag from /Users/asminsadykova/Desktop/h&m/.venv/lib/python3.9/site-packages/airflow/example_dags/example_bash_operator.py
[2025-12-04T23:55:10.412+0600] {processor.py:839} INFO - DAG(s) dict_keys(['example_bash_operator']) retrieved from /Users/asminsadykova/Desktop/h&m/.venv/lib/python3.9/site-packages/airflow/example_dags/example_bash_operator.py
[2025-12-04T23:55:10.482+0600] {logging_mixin.py:154} INFO - [2025-12-04T23:55:10.482+0600] {dag.py:2941} INFO - Sync 1 DAGs
[2025-12-04T23:55:10.491+0600] {logging_mixin.py:154} INFO - [2025-12-04T23:55:10.491+0600] {dag.py:3722} INFO - Setting next_dagrun for example_bash_operator to 2025-12-03T00:00:00+00:00, run_after=2025-12-04T00:00:00+00:00
[2025-12-04T23:55:10.500+0600] {processor.py:179} INFO - Processing /Users/asminsadykova/Desktop/h&m/.venv/lib/python3.9/site-packages/airflow/example_dags/example_bash_operator.py took 0.126 seconds
[2025-12-04T23:56:40.825+0600] {processor.py:157} INFO - Started process (PID=42297) to work on /Users/asminsadykova/Desktop/h&m/.venv/lib/python3.9/site-packages/airflow/example_dags/example_bash_operator.py
[2025-12-04T23:56:40.827+0600] {processor.py:829} INFO - Processing file /Users/asminsadykova/Desktop/h&m/.venv/lib/python3.9/site-packages/airflow/example_dags/example_bash_operator.py for tasks to queue
[2025-12-04T23:56:40.827+0600] {logging_mixin.py:154} INFO - [2025-12-04T23:56:40.827+0600] {dagbag.py:536} INFO - Filling up the DagBag from /Users/asminsadykova/Desktop/h&m/.venv/lib/python3.9/site-packages/airflow/example_dags/example_bash_operator.py
[2025-12-04T23:56:40.859+0600] {processor.py:839} INFO - DAG(s) dict_keys(['example_bash_operator']) retrieved from /Users/asminsadykova/Desktop/h&m/.venv/lib/python3.9/site-packages/airflow/example_dags/example_bash_operator.py
[2025-12-04T23:56:40.920+0600] {logging_mixin.py:154} INFO - [2025-12-04T23:56:40.920+0600] {dag.py:2941} INFO - Sync 1 DAGs
[2025-12-04T23:56:40.927+0600] {logging_mixin.py:154} INFO - [2025-12-04T23:56:40.927+0600] {dag.py:3722} INFO - Setting next_dagrun for example_bash_operator to 2025-12-03T00:00:00+00:00, run_after=2025-12-04T00:00:00+00:00
[2025-12-04T23:56:40.936+0600] {processor.py:179} INFO - Processing /Users/asminsadykova/Desktop/h&m/.venv/lib/python3.9/site-packages/airflow/example_dags/example_bash_operator.py took 0.112 seconds
[2025-12-04T23:58:07.913+0600] {processor.py:157} INFO - Started process (PID=42380) to work on /Users/asminsadykova/Desktop/h&m/.venv/lib/python3.9/site-packages/airflow/example_dags/example_bash_operator.py
[2025-12-04T23:58:07.914+0600] {processor.py:829} INFO - Processing file /Users/asminsadykova/Desktop/h&m/.venv/lib/python3.9/site-packages/airflow/example_dags/example_bash_operator.py for tasks to queue
[2025-12-04T23:58:07.914+0600] {logging_mixin.py:154} INFO - [2025-12-04T23:58:07.914+0600] {dagbag.py:536} INFO - Filling up the DagBag from /Users/asminsadykova/Desktop/h&m/.venv/lib/python3.9/site-packages/airflow/example_dags/example_bash_operator.py
[2025-12-04T23:58:07.946+0600] {processor.py:839} INFO - DAG(s) dict_keys(['example_bash_operator']) retrieved from /Users/asminsadykova/Desktop/h&m/.venv/lib/python3.9/site-packages/airflow/example_dags/example_bash_operator.py
[2025-12-04T23:58:08.005+0600] {logging_mixin.py:154} INFO - [2025-12-04T23:58:08.005+0600] {dag.py:2941} INFO - Sync 1 DAGs
[2025-12-04T23:58:08.012+0600] {logging_mixin.py:154} INFO - [2025-12-04T23:58:08.012+0600] {dag.py:3722} INFO - Setting next_dagrun for example_bash_operator to 2025-12-03T00:00:00+00:00, run_after=2025-12-04T00:00:00+00:00
[2025-12-04T23:58:08.020+0600] {processor.py:179} INFO - Processing /Users/asminsadykova/Desktop/h&m/.venv/lib/python3.9/site-packages/airflow/example_dags/example_bash_operator.py took 0.108 seconds
[2025-12-04T23:59:37.145+0600] {processor.py:157} INFO - Started process (PID=42630) to work on /Users/asminsadykova/Desktop/h&m/.venv/lib/python3.9/site-packages/airflow/example_dags/example_bash_operator.py
[2025-12-04T23:59:37.146+0600] {processor.py:829} INFO - Processing file /Users/asminsadykova/Desktop/h&m/.venv/lib/python3.9/site-packages/airflow/example_dags/example_bash_operator.py for tasks to queue
[2025-12-04T23:59:37.147+0600] {logging_mixin.py:154} INFO - [2025-12-04T23:59:37.146+0600] {dagbag.py:536} INFO - Filling up the DagBag from /Users/asminsadykova/Desktop/h&m/.venv/lib/python3.9/site-packages/airflow/example_dags/example_bash_operator.py
[2025-12-04T23:59:37.181+0600] {processor.py:839} INFO - DAG(s) dict_keys(['example_bash_operator']) retrieved from /Users/asminsadykova/Desktop/h&m/.venv/lib/python3.9/site-packages/airflow/example_dags/example_bash_operator.py
[2025-12-04T23:59:37.241+0600] {logging_mixin.py:154} INFO - [2025-12-04T23:59:37.241+0600] {dag.py:2941} INFO - Sync 1 DAGs
[2025-12-04T23:59:37.248+0600] {logging_mixin.py:154} INFO - [2025-12-04T23:59:37.248+0600] {dag.py:3722} INFO - Setting next_dagrun for example_bash_operator to 2025-12-03T00:00:00+00:00, run_after=2025-12-04T00:00:00+00:00
[2025-12-04T23:59:37.256+0600] {processor.py:179} INFO - Processing /Users/asminsadykova/Desktop/h&m/.venv/lib/python3.9/site-packages/airflow/example_dags/example_bash_operator.py took 0.112 seconds
[2025-12-05T00:01:13.361+0600] {processor.py:157} INFO - Started process (PID=42844) to work on /Users/asminsadykova/Desktop/h&m/.venv/lib/python3.9/site-packages/airflow/example_dags/example_bash_operator.py
[2025-12-05T00:01:13.362+0600] {processor.py:829} INFO - Processing file /Users/asminsadykova/Desktop/h&m/.venv/lib/python3.9/site-packages/airflow/example_dags/example_bash_operator.py for tasks to queue
[2025-12-05T00:01:13.363+0600] {logging_mixin.py:154} INFO - [2025-12-05T00:01:13.363+0600] {dagbag.py:536} INFO - Filling up the DagBag from /Users/asminsadykova/Desktop/h&m/.venv/lib/python3.9/site-packages/airflow/example_dags/example_bash_operator.py
[2025-12-05T00:01:13.393+0600] {processor.py:839} INFO - DAG(s) dict_keys(['example_bash_operator']) retrieved from /Users/asminsadykova/Desktop/h&m/.venv/lib/python3.9/site-packages/airflow/example_dags/example_bash_operator.py
[2025-12-05T00:01:13.453+0600] {logging_mixin.py:154} INFO - [2025-12-05T00:01:13.453+0600] {dag.py:2941} INFO - Sync 1 DAGs
[2025-12-05T00:01:13.461+0600] {logging_mixin.py:154} INFO - [2025-12-05T00:01:13.461+0600] {dag.py:3722} INFO - Setting next_dagrun for example_bash_operator to 2025-12-03T00:00:00+00:00, run_after=2025-12-04T00:00:00+00:00
[2025-12-05T00:01:13.470+0600] {processor.py:179} INFO - Processing /Users/asminsadykova/Desktop/h&m/.venv/lib/python3.9/site-packages/airflow/example_dags/example_bash_operator.py took 0.109 seconds
[2025-12-05T00:02:45.505+0600] {processor.py:157} INFO - Started process (PID=42937) to work on /Users/asminsadykova/Desktop/h&m/.venv/lib/python3.9/site-packages/airflow/example_dags/example_bash_operator.py
[2025-12-05T00:02:45.507+0600] {processor.py:829} INFO - Processing file /Users/asminsadykova/Desktop/h&m/.venv/lib/python3.9/site-packages/airflow/example_dags/example_bash_operator.py for tasks to queue
[2025-12-05T00:02:45.507+0600] {logging_mixin.py:154} INFO - [2025-12-05T00:02:45.507+0600] {dagbag.py:536} INFO - Filling up the DagBag from /Users/asminsadykova/Desktop/h&m/.venv/lib/python3.9/site-packages/airflow/example_dags/example_bash_operator.py
[2025-12-05T00:02:45.544+0600] {processor.py:839} INFO - DAG(s) dict_keys(['example_bash_operator']) retrieved from /Users/asminsadykova/Desktop/h&m/.venv/lib/python3.9/site-packages/airflow/example_dags/example_bash_operator.py
[2025-12-05T00:02:45.611+0600] {logging_mixin.py:154} INFO - [2025-12-05T00:02:45.610+0600] {dag.py:2941} INFO - Sync 1 DAGs
[2025-12-05T00:02:45.619+0600] {logging_mixin.py:154} INFO - [2025-12-05T00:02:45.619+0600] {dag.py:3722} INFO - Setting next_dagrun for example_bash_operator to 2025-12-03T00:00:00+00:00, run_after=2025-12-04T00:00:00+00:00
[2025-12-05T00:02:45.627+0600] {processor.py:179} INFO - Processing /Users/asminsadykova/Desktop/h&m/.venv/lib/python3.9/site-packages/airflow/example_dags/example_bash_operator.py took 0.123 seconds
[2025-12-05T00:04:17.088+0600] {processor.py:157} INFO - Started process (PID=43081) to work on /Users/asminsadykova/Desktop/h&m/.venv/lib/python3.9/site-packages/airflow/example_dags/example_bash_operator.py
[2025-12-05T00:04:17.090+0600] {processor.py:829} INFO - Processing file /Users/asminsadykova/Desktop/h&m/.venv/lib/python3.9/site-packages/airflow/example_dags/example_bash_operator.py for tasks to queue
[2025-12-05T00:04:17.090+0600] {logging_mixin.py:154} INFO - [2025-12-05T00:04:17.090+0600] {dagbag.py:536} INFO - Filling up the DagBag from /Users/asminsadykova/Desktop/h&m/.venv/lib/python3.9/site-packages/airflow/example_dags/example_bash_operator.py
[2025-12-05T00:04:17.138+0600] {processor.py:839} INFO - DAG(s) dict_keys(['example_bash_operator']) retrieved from /Users/asminsadykova/Desktop/h&m/.venv/lib/python3.9/site-packages/airflow/example_dags/example_bash_operator.py
[2025-12-05T00:04:17.258+0600] {logging_mixin.py:154} INFO - [2025-12-05T00:04:17.258+0600] {dag.py:2941} INFO - Sync 1 DAGs
[2025-12-05T00:04:17.265+0600] {logging_mixin.py:154} INFO - [2025-12-05T00:04:17.265+0600] {dag.py:3722} INFO - Setting next_dagrun for example_bash_operator to 2025-12-03T00:00:00+00:00, run_after=2025-12-04T00:00:00+00:00
[2025-12-05T00:04:17.273+0600] {processor.py:179} INFO - Processing /Users/asminsadykova/Desktop/h&m/.venv/lib/python3.9/site-packages/airflow/example_dags/example_bash_operator.py took 0.186 seconds
[2025-12-05T00:05:52.874+0600] {processor.py:157} INFO - Started process (PID=43302) to work on /Users/asminsadykova/Desktop/h&m/.venv/lib/python3.9/site-packages/airflow/example_dags/example_bash_operator.py
[2025-12-05T00:05:52.876+0600] {processor.py:829} INFO - Processing file /Users/asminsadykova/Desktop/h&m/.venv/lib/python3.9/site-packages/airflow/example_dags/example_bash_operator.py for tasks to queue
[2025-12-05T00:05:52.876+0600] {logging_mixin.py:154} INFO - [2025-12-05T00:05:52.876+0600] {dagbag.py:536} INFO - Filling up the DagBag from /Users/asminsadykova/Desktop/h&m/.venv/lib/python3.9/site-packages/airflow/example_dags/example_bash_operator.py
[2025-12-05T00:05:52.906+0600] {processor.py:839} INFO - DAG(s) dict_keys(['example_bash_operator']) retrieved from /Users/asminsadykova/Desktop/h&m/.venv/lib/python3.9/site-packages/airflow/example_dags/example_bash_operator.py
[2025-12-05T00:05:52.965+0600] {logging_mixin.py:154} INFO - [2025-12-05T00:05:52.965+0600] {dag.py:2941} INFO - Sync 1 DAGs
[2025-12-05T00:05:52.972+0600] {logging_mixin.py:154} INFO - [2025-12-05T00:05:52.972+0600] {dag.py:3722} INFO - Setting next_dagrun for example_bash_operator to 2025-12-03T00:00:00+00:00, run_after=2025-12-04T00:00:00+00:00
[2025-12-05T00:05:52.980+0600] {processor.py:179} INFO - Processing /Users/asminsadykova/Desktop/h&m/.venv/lib/python3.9/site-packages/airflow/example_dags/example_bash_operator.py took 0.106 seconds
[2025-12-05T00:07:19.810+0600] {processor.py:157} INFO - Started process (PID=43447) to work on /Users/asminsadykova/Desktop/h&m/.venv/lib/python3.9/site-packages/airflow/example_dags/example_bash_operator.py
[2025-12-05T00:07:19.812+0600] {processor.py:829} INFO - Processing file /Users/asminsadykova/Desktop/h&m/.venv/lib/python3.9/site-packages/airflow/example_dags/example_bash_operator.py for tasks to queue
[2025-12-05T00:07:19.813+0600] {logging_mixin.py:154} INFO - [2025-12-05T00:07:19.813+0600] {dagbag.py:536} INFO - Filling up the DagBag from /Users/asminsadykova/Desktop/h&m/.venv/lib/python3.9/site-packages/airflow/example_dags/example_bash_operator.py
[2025-12-05T00:07:19.842+0600] {processor.py:839} INFO - DAG(s) dict_keys(['example_bash_operator']) retrieved from /Users/asminsadykova/Desktop/h&m/.venv/lib/python3.9/site-packages/airflow/example_dags/example_bash_operator.py
[2025-12-05T00:07:19.902+0600] {logging_mixin.py:154} INFO - [2025-12-05T00:07:19.902+0600] {dag.py:2941} INFO - Sync 1 DAGs
[2025-12-05T00:07:19.909+0600] {logging_mixin.py:154} INFO - [2025-12-05T00:07:19.909+0600] {dag.py:3722} INFO - Setting next_dagrun for example_bash_operator to 2025-12-03T00:00:00+00:00, run_after=2025-12-04T00:00:00+00:00
[2025-12-05T00:07:19.917+0600] {processor.py:179} INFO - Processing /Users/asminsadykova/Desktop/h&m/.venv/lib/python3.9/site-packages/airflow/example_dags/example_bash_operator.py took 0.108 seconds
[2025-12-05T00:08:47.651+0600] {processor.py:157} INFO - Started process (PID=43610) to work on /Users/asminsadykova/Desktop/h&m/.venv/lib/python3.9/site-packages/airflow/example_dags/example_bash_operator.py
[2025-12-05T00:08:47.653+0600] {processor.py:829} INFO - Processing file /Users/asminsadykova/Desktop/h&m/.venv/lib/python3.9/site-packages/airflow/example_dags/example_bash_operator.py for tasks to queue
[2025-12-05T00:08:47.653+0600] {logging_mixin.py:154} INFO - [2025-12-05T00:08:47.653+0600] {dagbag.py:536} INFO - Filling up the DagBag from /Users/asminsadykova/Desktop/h&m/.venv/lib/python3.9/site-packages/airflow/example_dags/example_bash_operator.py
[2025-12-05T00:08:47.687+0600] {processor.py:839} INFO - DAG(s) dict_keys(['example_bash_operator']) retrieved from /Users/asminsadykova/Desktop/h&m/.venv/lib/python3.9/site-packages/airflow/example_dags/example_bash_operator.py
[2025-12-05T00:08:47.750+0600] {logging_mixin.py:154} INFO - [2025-12-05T00:08:47.750+0600] {dag.py:2941} INFO - Sync 1 DAGs
[2025-12-05T00:08:47.757+0600] {logging_mixin.py:154} INFO - [2025-12-05T00:08:47.757+0600] {dag.py:3722} INFO - Setting next_dagrun for example_bash_operator to 2025-12-03T00:00:00+00:00, run_after=2025-12-04T00:00:00+00:00
[2025-12-05T00:08:47.765+0600] {processor.py:179} INFO - Processing /Users/asminsadykova/Desktop/h&m/.venv/lib/python3.9/site-packages/airflow/example_dags/example_bash_operator.py took 0.114 seconds
[2025-12-05T00:10:22.218+0600] {processor.py:157} INFO - Started process (PID=43766) to work on /Users/asminsadykova/Desktop/h&m/.venv/lib/python3.9/site-packages/airflow/example_dags/example_bash_operator.py
[2025-12-05T00:10:22.219+0600] {processor.py:829} INFO - Processing file /Users/asminsadykova/Desktop/h&m/.venv/lib/python3.9/site-packages/airflow/example_dags/example_bash_operator.py for tasks to queue
[2025-12-05T00:10:22.219+0600] {logging_mixin.py:154} INFO - [2025-12-05T00:10:22.219+0600] {dagbag.py:536} INFO - Filling up the DagBag from /Users/asminsadykova/Desktop/h&m/.venv/lib/python3.9/site-packages/airflow/example_dags/example_bash_operator.py
[2025-12-05T00:10:22.250+0600] {processor.py:839} INFO - DAG(s) dict_keys(['example_bash_operator']) retrieved from /Users/asminsadykova/Desktop/h&m/.venv/lib/python3.9/site-packages/airflow/example_dags/example_bash_operator.py
[2025-12-05T00:10:22.309+0600] {logging_mixin.py:154} INFO - [2025-12-05T00:10:22.309+0600] {dag.py:2941} INFO - Sync 1 DAGs
[2025-12-05T00:10:22.317+0600] {logging_mixin.py:154} INFO - [2025-12-05T00:10:22.317+0600] {dag.py:3722} INFO - Setting next_dagrun for example_bash_operator to 2025-12-03T00:00:00+00:00, run_after=2025-12-04T00:00:00+00:00
[2025-12-05T00:10:22.325+0600] {processor.py:179} INFO - Processing /Users/asminsadykova/Desktop/h&m/.venv/lib/python3.9/site-packages/airflow/example_dags/example_bash_operator.py took 0.107 seconds
[2025-12-05T00:11:55.697+0600] {processor.py:157} INFO - Started process (PID=43936) to work on /Users/asminsadykova/Desktop/h&m/.venv/lib/python3.9/site-packages/airflow/example_dags/example_bash_operator.py
[2025-12-05T00:11:55.699+0600] {processor.py:829} INFO - Processing file /Users/asminsadykova/Desktop/h&m/.venv/lib/python3.9/site-packages/airflow/example_dags/example_bash_operator.py for tasks to queue
[2025-12-05T00:11:55.699+0600] {logging_mixin.py:154} INFO - [2025-12-05T00:11:55.699+0600] {dagbag.py:536} INFO - Filling up the DagBag from /Users/asminsadykova/Desktop/h&m/.venv/lib/python3.9/site-packages/airflow/example_dags/example_bash_operator.py
[2025-12-05T00:11:55.730+0600] {processor.py:839} INFO - DAG(s) dict_keys(['example_bash_operator']) retrieved from /Users/asminsadykova/Desktop/h&m/.venv/lib/python3.9/site-packages/airflow/example_dags/example_bash_operator.py
[2025-12-05T00:11:55.789+0600] {logging_mixin.py:154} INFO - [2025-12-05T00:11:55.789+0600] {dag.py:2941} INFO - Sync 1 DAGs
[2025-12-05T00:11:55.796+0600] {logging_mixin.py:154} INFO - [2025-12-05T00:11:55.796+0600] {dag.py:3722} INFO - Setting next_dagrun for example_bash_operator to 2025-12-03T00:00:00+00:00, run_after=2025-12-04T00:00:00+00:00
[2025-12-05T00:11:55.804+0600] {processor.py:179} INFO - Processing /Users/asminsadykova/Desktop/h&m/.venv/lib/python3.9/site-packages/airflow/example_dags/example_bash_operator.py took 0.108 seconds
