[2025-12-04T23:18:24.589+0600] {processor.py:157} INFO - Started process (PID=38972) to work on /Users/asminsadykova/Desktop/h&m/.venv/lib/python3.9/site-packages/airflow/example_dags/example_dynamic_task_mapping.py
[2025-12-04T23:18:24.589+0600] {processor.py:829} INFO - Processing file /Users/asminsadykova/Desktop/h&m/.venv/lib/python3.9/site-packages/airflow/example_dags/example_dynamic_task_mapping.py for tasks to queue
[2025-12-04T23:18:24.589+0600] {logging_mixin.py:154} INFO - [2025-12-04T23:18:24.589+0600] {dagbag.py:536} INFO - Filling up the DagBag from /Users/asminsadykova/Desktop/h&m/.venv/lib/python3.9/site-packages/airflow/example_dags/example_dynamic_task_mapping.py
[2025-12-04T23:18:24.613+0600] {processor.py:839} INFO - DAG(s) dict_keys(['example_dynamic_task_mapping']) retrieved from /Users/asminsadykova/Desktop/h&m/.venv/lib/python3.9/site-packages/airflow/example_dags/example_dynamic_task_mapping.py
[2025-12-04T23:18:24.865+0600] {logging_mixin.py:154} INFO - [2025-12-04T23:18:24.865+0600] {manager.py:499} INFO - Created Permission View: %s
[2025-12-04T23:18:24.868+0600] {logging_mixin.py:154} INFO - [2025-12-04T23:18:24.868+0600] {manager.py:499} INFO - Created Permission View: %s
[2025-12-04T23:18:24.871+0600] {logging_mixin.py:154} INFO - [2025-12-04T23:18:24.871+0600] {manager.py:499} INFO - Created Permission View: %s
[2025-12-04T23:18:24.872+0600] {logging_mixin.py:154} INFO - [2025-12-04T23:18:24.871+0600] {dag.py:2941} INFO - Sync 1 DAGs
[2025-12-04T23:18:24.876+0600] {logging_mixin.py:154} INFO - [2025-12-04T23:18:24.876+0600] {dag.py:2963} INFO - Creating ORM DAG for example_dynamic_task_mapping
[2025-12-04T23:18:24.879+0600] {logging_mixin.py:154} INFO - [2025-12-04T23:18:24.879+0600] {dag.py:3722} INFO - Setting next_dagrun for example_dynamic_task_mapping to 2022-03-04T00:00:00+00:00, run_after=2022-03-05T00:00:00+00:00
[2025-12-04T23:18:24.885+0600] {processor.py:179} INFO - Processing /Users/asminsadykova/Desktop/h&m/.venv/lib/python3.9/site-packages/airflow/example_dags/example_dynamic_task_mapping.py took 0.297 seconds
[2025-12-04T23:19:53.565+0600] {processor.py:157} INFO - Started process (PID=39076) to work on /Users/asminsadykova/Desktop/h&m/.venv/lib/python3.9/site-packages/airflow/example_dags/example_dynamic_task_mapping.py
[2025-12-04T23:19:53.566+0600] {processor.py:829} INFO - Processing file /Users/asminsadykova/Desktop/h&m/.venv/lib/python3.9/site-packages/airflow/example_dags/example_dynamic_task_mapping.py for tasks to queue
[2025-12-04T23:19:53.566+0600] {logging_mixin.py:154} INFO - [2025-12-04T23:19:53.566+0600] {dagbag.py:536} INFO - Filling up the DagBag from /Users/asminsadykova/Desktop/h&m/.venv/lib/python3.9/site-packages/airflow/example_dags/example_dynamic_task_mapping.py
[2025-12-04T23:19:53.590+0600] {processor.py:839} INFO - DAG(s) dict_keys(['example_dynamic_task_mapping']) retrieved from /Users/asminsadykova/Desktop/h&m/.venv/lib/python3.9/site-packages/airflow/example_dags/example_dynamic_task_mapping.py
[2025-12-04T23:19:53.658+0600] {logging_mixin.py:154} INFO - [2025-12-04T23:19:53.658+0600] {dag.py:2941} INFO - Sync 1 DAGs
[2025-12-04T23:19:53.664+0600] {logging_mixin.py:154} INFO - [2025-12-04T23:19:53.664+0600] {dag.py:3722} INFO - Setting next_dagrun for example_dynamic_task_mapping to 2022-03-04T00:00:00+00:00, run_after=2022-03-05T00:00:00+00:00
[2025-12-04T23:19:53.672+0600] {processor.py:179} INFO - Processing /Users/asminsadykova/Desktop/h&m/.venv/lib/python3.9/site-packages/airflow/example_dags/example_dynamic_task_mapping.py took 0.107 seconds
[2025-12-04T23:21:21.444+0600] {processor.py:157} INFO - Started process (PID=39176) to work on /Users/asminsadykova/Desktop/h&m/.venv/lib/python3.9/site-packages/airflow/example_dags/example_dynamic_task_mapping.py
[2025-12-04T23:21:21.444+0600] {processor.py:829} INFO - Processing file /Users/asminsadykova/Desktop/h&m/.venv/lib/python3.9/site-packages/airflow/example_dags/example_dynamic_task_mapping.py for tasks to queue
[2025-12-04T23:21:21.444+0600] {logging_mixin.py:154} INFO - [2025-12-04T23:21:21.444+0600] {dagbag.py:536} INFO - Filling up the DagBag from /Users/asminsadykova/Desktop/h&m/.venv/lib/python3.9/site-packages/airflow/example_dags/example_dynamic_task_mapping.py
[2025-12-04T23:21:21.468+0600] {processor.py:839} INFO - DAG(s) dict_keys(['example_dynamic_task_mapping']) retrieved from /Users/asminsadykova/Desktop/h&m/.venv/lib/python3.9/site-packages/airflow/example_dags/example_dynamic_task_mapping.py
[2025-12-04T23:21:21.539+0600] {logging_mixin.py:154} INFO - [2025-12-04T23:21:21.539+0600] {dag.py:2941} INFO - Sync 1 DAGs
[2025-12-04T23:21:21.547+0600] {logging_mixin.py:154} INFO - [2025-12-04T23:21:21.547+0600] {dag.py:3722} INFO - Setting next_dagrun for example_dynamic_task_mapping to 2022-03-04T00:00:00+00:00, run_after=2022-03-05T00:00:00+00:00
[2025-12-04T23:21:21.556+0600] {processor.py:179} INFO - Processing /Users/asminsadykova/Desktop/h&m/.venv/lib/python3.9/site-packages/airflow/example_dags/example_dynamic_task_mapping.py took 0.113 seconds
[2025-12-04T23:22:45.122+0600] {processor.py:157} INFO - Started process (PID=39271) to work on /Users/asminsadykova/Desktop/h&m/.venv/lib/python3.9/site-packages/airflow/example_dags/example_dynamic_task_mapping.py
[2025-12-04T23:22:45.123+0600] {processor.py:829} INFO - Processing file /Users/asminsadykova/Desktop/h&m/.venv/lib/python3.9/site-packages/airflow/example_dags/example_dynamic_task_mapping.py for tasks to queue
[2025-12-04T23:22:45.123+0600] {logging_mixin.py:154} INFO - [2025-12-04T23:22:45.123+0600] {dagbag.py:536} INFO - Filling up the DagBag from /Users/asminsadykova/Desktop/h&m/.venv/lib/python3.9/site-packages/airflow/example_dags/example_dynamic_task_mapping.py
[2025-12-04T23:22:45.145+0600] {processor.py:839} INFO - DAG(s) dict_keys(['example_dynamic_task_mapping']) retrieved from /Users/asminsadykova/Desktop/h&m/.venv/lib/python3.9/site-packages/airflow/example_dags/example_dynamic_task_mapping.py
[2025-12-04T23:22:45.213+0600] {logging_mixin.py:154} INFO - [2025-12-04T23:22:45.213+0600] {dag.py:2941} INFO - Sync 1 DAGs
[2025-12-04T23:22:45.220+0600] {logging_mixin.py:154} INFO - [2025-12-04T23:22:45.220+0600] {dag.py:3722} INFO - Setting next_dagrun for example_dynamic_task_mapping to 2022-03-04T00:00:00+00:00, run_after=2022-03-05T00:00:00+00:00
[2025-12-04T23:22:45.227+0600] {processor.py:179} INFO - Processing /Users/asminsadykova/Desktop/h&m/.venv/lib/python3.9/site-packages/airflow/example_dags/example_dynamic_task_mapping.py took 0.106 seconds
[2025-12-04T23:24:21.786+0600] {processor.py:157} INFO - Started process (PID=39467) to work on /Users/asminsadykova/Desktop/h&m/.venv/lib/python3.9/site-packages/airflow/example_dags/example_dynamic_task_mapping.py
[2025-12-04T23:24:21.787+0600] {processor.py:829} INFO - Processing file /Users/asminsadykova/Desktop/h&m/.venv/lib/python3.9/site-packages/airflow/example_dags/example_dynamic_task_mapping.py for tasks to queue
[2025-12-04T23:24:21.787+0600] {logging_mixin.py:154} INFO - [2025-12-04T23:24:21.787+0600] {dagbag.py:536} INFO - Filling up the DagBag from /Users/asminsadykova/Desktop/h&m/.venv/lib/python3.9/site-packages/airflow/example_dags/example_dynamic_task_mapping.py
[2025-12-04T23:24:21.809+0600] {processor.py:839} INFO - DAG(s) dict_keys(['example_dynamic_task_mapping']) retrieved from /Users/asminsadykova/Desktop/h&m/.venv/lib/python3.9/site-packages/airflow/example_dags/example_dynamic_task_mapping.py
[2025-12-04T23:24:21.875+0600] {logging_mixin.py:154} INFO - [2025-12-04T23:24:21.875+0600] {dag.py:2941} INFO - Sync 1 DAGs
[2025-12-04T23:24:21.881+0600] {logging_mixin.py:154} INFO - [2025-12-04T23:24:21.881+0600] {dag.py:3722} INFO - Setting next_dagrun for example_dynamic_task_mapping to 2022-03-04T00:00:00+00:00, run_after=2022-03-05T00:00:00+00:00
[2025-12-04T23:24:21.889+0600] {processor.py:179} INFO - Processing /Users/asminsadykova/Desktop/h&m/.venv/lib/python3.9/site-packages/airflow/example_dags/example_dynamic_task_mapping.py took 0.103 seconds
[2025-12-04T23:25:54.796+0600] {processor.py:157} INFO - Started process (PID=39556) to work on /Users/asminsadykova/Desktop/h&m/.venv/lib/python3.9/site-packages/airflow/example_dags/example_dynamic_task_mapping.py
[2025-12-04T23:25:54.796+0600] {processor.py:829} INFO - Processing file /Users/asminsadykova/Desktop/h&m/.venv/lib/python3.9/site-packages/airflow/example_dags/example_dynamic_task_mapping.py for tasks to queue
[2025-12-04T23:25:54.797+0600] {logging_mixin.py:154} INFO - [2025-12-04T23:25:54.797+0600] {dagbag.py:536} INFO - Filling up the DagBag from /Users/asminsadykova/Desktop/h&m/.venv/lib/python3.9/site-packages/airflow/example_dags/example_dynamic_task_mapping.py
[2025-12-04T23:25:54.819+0600] {processor.py:839} INFO - DAG(s) dict_keys(['example_dynamic_task_mapping']) retrieved from /Users/asminsadykova/Desktop/h&m/.venv/lib/python3.9/site-packages/airflow/example_dags/example_dynamic_task_mapping.py
[2025-12-04T23:25:54.886+0600] {logging_mixin.py:154} INFO - [2025-12-04T23:25:54.885+0600] {dag.py:2941} INFO - Sync 1 DAGs
[2025-12-04T23:25:54.892+0600] {logging_mixin.py:154} INFO - [2025-12-04T23:25:54.892+0600] {dag.py:3722} INFO - Setting next_dagrun for example_dynamic_task_mapping to 2022-03-04T00:00:00+00:00, run_after=2022-03-05T00:00:00+00:00
[2025-12-04T23:25:54.900+0600] {processor.py:179} INFO - Processing /Users/asminsadykova/Desktop/h&m/.venv/lib/python3.9/site-packages/airflow/example_dags/example_dynamic_task_mapping.py took 0.104 seconds
[2025-12-04T23:27:35.515+0600] {processor.py:157} INFO - Started process (PID=39658) to work on /Users/asminsadykova/Desktop/h&m/.venv/lib/python3.9/site-packages/airflow/example_dags/example_dynamic_task_mapping.py
[2025-12-04T23:27:35.516+0600] {processor.py:829} INFO - Processing file /Users/asminsadykova/Desktop/h&m/.venv/lib/python3.9/site-packages/airflow/example_dags/example_dynamic_task_mapping.py for tasks to queue
[2025-12-04T23:27:35.516+0600] {logging_mixin.py:154} INFO - [2025-12-04T23:27:35.516+0600] {dagbag.py:536} INFO - Filling up the DagBag from /Users/asminsadykova/Desktop/h&m/.venv/lib/python3.9/site-packages/airflow/example_dags/example_dynamic_task_mapping.py
[2025-12-04T23:27:35.539+0600] {processor.py:839} INFO - DAG(s) dict_keys(['example_dynamic_task_mapping']) retrieved from /Users/asminsadykova/Desktop/h&m/.venv/lib/python3.9/site-packages/airflow/example_dags/example_dynamic_task_mapping.py
[2025-12-04T23:27:35.605+0600] {logging_mixin.py:154} INFO - [2025-12-04T23:27:35.605+0600] {dag.py:2941} INFO - Sync 1 DAGs
[2025-12-04T23:27:35.612+0600] {logging_mixin.py:154} INFO - [2025-12-04T23:27:35.612+0600] {dag.py:3722} INFO - Setting next_dagrun for example_dynamic_task_mapping to 2022-03-04T00:00:00+00:00, run_after=2022-03-05T00:00:00+00:00
[2025-12-04T23:27:35.620+0600] {processor.py:179} INFO - Processing /Users/asminsadykova/Desktop/h&m/.venv/lib/python3.9/site-packages/airflow/example_dags/example_dynamic_task_mapping.py took 0.106 seconds
[2025-12-04T23:28:59.762+0600] {processor.py:157} INFO - Started process (PID=39745) to work on /Users/asminsadykova/Desktop/h&m/.venv/lib/python3.9/site-packages/airflow/example_dags/example_dynamic_task_mapping.py
[2025-12-04T23:28:59.763+0600] {processor.py:829} INFO - Processing file /Users/asminsadykova/Desktop/h&m/.venv/lib/python3.9/site-packages/airflow/example_dags/example_dynamic_task_mapping.py for tasks to queue
[2025-12-04T23:28:59.763+0600] {logging_mixin.py:154} INFO - [2025-12-04T23:28:59.763+0600] {dagbag.py:536} INFO - Filling up the DagBag from /Users/asminsadykova/Desktop/h&m/.venv/lib/python3.9/site-packages/airflow/example_dags/example_dynamic_task_mapping.py
[2025-12-04T23:28:59.785+0600] {processor.py:839} INFO - DAG(s) dict_keys(['example_dynamic_task_mapping']) retrieved from /Users/asminsadykova/Desktop/h&m/.venv/lib/python3.9/site-packages/airflow/example_dags/example_dynamic_task_mapping.py
[2025-12-04T23:28:59.853+0600] {logging_mixin.py:154} INFO - [2025-12-04T23:28:59.853+0600] {dag.py:2941} INFO - Sync 1 DAGs
[2025-12-04T23:28:59.859+0600] {logging_mixin.py:154} INFO - [2025-12-04T23:28:59.859+0600] {dag.py:3722} INFO - Setting next_dagrun for example_dynamic_task_mapping to 2022-03-04T00:00:00+00:00, run_after=2022-03-05T00:00:00+00:00
[2025-12-04T23:28:59.867+0600] {processor.py:179} INFO - Processing /Users/asminsadykova/Desktop/h&m/.venv/lib/python3.9/site-packages/airflow/example_dags/example_dynamic_task_mapping.py took 0.106 seconds
[2025-12-04T23:30:24.389+0600] {processor.py:157} INFO - Started process (PID=39813) to work on /Users/asminsadykova/Desktop/h&m/.venv/lib/python3.9/site-packages/airflow/example_dags/example_dynamic_task_mapping.py
[2025-12-04T23:30:24.390+0600] {processor.py:829} INFO - Processing file /Users/asminsadykova/Desktop/h&m/.venv/lib/python3.9/site-packages/airflow/example_dags/example_dynamic_task_mapping.py for tasks to queue
[2025-12-04T23:30:24.390+0600] {logging_mixin.py:154} INFO - [2025-12-04T23:30:24.390+0600] {dagbag.py:536} INFO - Filling up the DagBag from /Users/asminsadykova/Desktop/h&m/.venv/lib/python3.9/site-packages/airflow/example_dags/example_dynamic_task_mapping.py
[2025-12-04T23:30:24.415+0600] {processor.py:839} INFO - DAG(s) dict_keys(['example_dynamic_task_mapping']) retrieved from /Users/asminsadykova/Desktop/h&m/.venv/lib/python3.9/site-packages/airflow/example_dags/example_dynamic_task_mapping.py
[2025-12-04T23:30:24.484+0600] {logging_mixin.py:154} INFO - [2025-12-04T23:30:24.484+0600] {dag.py:2941} INFO - Sync 1 DAGs
[2025-12-04T23:30:24.491+0600] {logging_mixin.py:154} INFO - [2025-12-04T23:30:24.490+0600] {dag.py:3722} INFO - Setting next_dagrun for example_dynamic_task_mapping to 2022-03-04T00:00:00+00:00, run_after=2022-03-05T00:00:00+00:00
[2025-12-04T23:30:24.498+0600] {processor.py:179} INFO - Processing /Users/asminsadykova/Desktop/h&m/.venv/lib/python3.9/site-packages/airflow/example_dags/example_dynamic_task_mapping.py took 0.110 seconds
[2025-12-04T23:31:46.429+0600] {processor.py:157} INFO - Started process (PID=39880) to work on /Users/asminsadykova/Desktop/h&m/.venv/lib/python3.9/site-packages/airflow/example_dags/example_dynamic_task_mapping.py
[2025-12-04T23:31:46.430+0600] {processor.py:829} INFO - Processing file /Users/asminsadykova/Desktop/h&m/.venv/lib/python3.9/site-packages/airflow/example_dags/example_dynamic_task_mapping.py for tasks to queue
[2025-12-04T23:31:46.430+0600] {logging_mixin.py:154} INFO - [2025-12-04T23:31:46.430+0600] {dagbag.py:536} INFO - Filling up the DagBag from /Users/asminsadykova/Desktop/h&m/.venv/lib/python3.9/site-packages/airflow/example_dags/example_dynamic_task_mapping.py
[2025-12-04T23:31:46.455+0600] {processor.py:839} INFO - DAG(s) dict_keys(['example_dynamic_task_mapping']) retrieved from /Users/asminsadykova/Desktop/h&m/.venv/lib/python3.9/site-packages/airflow/example_dags/example_dynamic_task_mapping.py
[2025-12-04T23:31:46.526+0600] {logging_mixin.py:154} INFO - [2025-12-04T23:31:46.526+0600] {dag.py:2941} INFO - Sync 1 DAGs
[2025-12-04T23:31:46.533+0600] {logging_mixin.py:154} INFO - [2025-12-04T23:31:46.532+0600] {dag.py:3722} INFO - Setting next_dagrun for example_dynamic_task_mapping to 2022-03-04T00:00:00+00:00, run_after=2022-03-05T00:00:00+00:00
[2025-12-04T23:31:46.540+0600] {processor.py:179} INFO - Processing /Users/asminsadykova/Desktop/h&m/.venv/lib/python3.9/site-packages/airflow/example_dags/example_dynamic_task_mapping.py took 0.111 seconds
[2025-12-04T23:33:14.085+0600] {processor.py:157} INFO - Started process (PID=40104) to work on /Users/asminsadykova/Desktop/h&m/.venv/lib/python3.9/site-packages/airflow/example_dags/example_dynamic_task_mapping.py
[2025-12-04T23:33:14.086+0600] {processor.py:829} INFO - Processing file /Users/asminsadykova/Desktop/h&m/.venv/lib/python3.9/site-packages/airflow/example_dags/example_dynamic_task_mapping.py for tasks to queue
[2025-12-04T23:33:14.086+0600] {logging_mixin.py:154} INFO - [2025-12-04T23:33:14.086+0600] {dagbag.py:536} INFO - Filling up the DagBag from /Users/asminsadykova/Desktop/h&m/.venv/lib/python3.9/site-packages/airflow/example_dags/example_dynamic_task_mapping.py
[2025-12-04T23:33:14.109+0600] {processor.py:839} INFO - DAG(s) dict_keys(['example_dynamic_task_mapping']) retrieved from /Users/asminsadykova/Desktop/h&m/.venv/lib/python3.9/site-packages/airflow/example_dags/example_dynamic_task_mapping.py
[2025-12-04T23:33:14.177+0600] {logging_mixin.py:154} INFO - [2025-12-04T23:33:14.177+0600] {dag.py:2941} INFO - Sync 1 DAGs
[2025-12-04T23:33:14.184+0600] {logging_mixin.py:154} INFO - [2025-12-04T23:33:14.184+0600] {dag.py:3722} INFO - Setting next_dagrun for example_dynamic_task_mapping to 2022-03-04T00:00:00+00:00, run_after=2022-03-05T00:00:00+00:00
[2025-12-04T23:33:14.192+0600] {processor.py:179} INFO - Processing /Users/asminsadykova/Desktop/h&m/.venv/lib/python3.9/site-packages/airflow/example_dags/example_dynamic_task_mapping.py took 0.107 seconds
[2025-12-04T23:34:38.811+0600] {processor.py:157} INFO - Started process (PID=40187) to work on /Users/asminsadykova/Desktop/h&m/.venv/lib/python3.9/site-packages/airflow/example_dags/example_dynamic_task_mapping.py
[2025-12-04T23:34:38.813+0600] {processor.py:829} INFO - Processing file /Users/asminsadykova/Desktop/h&m/.venv/lib/python3.9/site-packages/airflow/example_dags/example_dynamic_task_mapping.py for tasks to queue
[2025-12-04T23:34:38.813+0600] {logging_mixin.py:154} INFO - [2025-12-04T23:34:38.813+0600] {dagbag.py:536} INFO - Filling up the DagBag from /Users/asminsadykova/Desktop/h&m/.venv/lib/python3.9/site-packages/airflow/example_dags/example_dynamic_task_mapping.py
[2025-12-04T23:34:38.835+0600] {processor.py:839} INFO - DAG(s) dict_keys(['example_dynamic_task_mapping']) retrieved from /Users/asminsadykova/Desktop/h&m/.venv/lib/python3.9/site-packages/airflow/example_dags/example_dynamic_task_mapping.py
[2025-12-04T23:34:38.901+0600] {logging_mixin.py:154} INFO - [2025-12-04T23:34:38.901+0600] {dag.py:2941} INFO - Sync 1 DAGs
[2025-12-04T23:34:38.908+0600] {logging_mixin.py:154} INFO - [2025-12-04T23:34:38.908+0600] {dag.py:3722} INFO - Setting next_dagrun for example_dynamic_task_mapping to 2022-03-04T00:00:00+00:00, run_after=2022-03-05T00:00:00+00:00
[2025-12-04T23:34:38.915+0600] {processor.py:179} INFO - Processing /Users/asminsadykova/Desktop/h&m/.venv/lib/python3.9/site-packages/airflow/example_dags/example_dynamic_task_mapping.py took 0.105 seconds
[2025-12-04T23:36:17.855+0600] {processor.py:157} INFO - Started process (PID=40274) to work on /Users/asminsadykova/Desktop/h&m/.venv/lib/python3.9/site-packages/airflow/example_dags/example_dynamic_task_mapping.py
[2025-12-04T23:36:17.856+0600] {processor.py:829} INFO - Processing file /Users/asminsadykova/Desktop/h&m/.venv/lib/python3.9/site-packages/airflow/example_dags/example_dynamic_task_mapping.py for tasks to queue
[2025-12-04T23:36:17.856+0600] {logging_mixin.py:154} INFO - [2025-12-04T23:36:17.856+0600] {dagbag.py:536} INFO - Filling up the DagBag from /Users/asminsadykova/Desktop/h&m/.venv/lib/python3.9/site-packages/airflow/example_dags/example_dynamic_task_mapping.py
[2025-12-04T23:36:17.881+0600] {processor.py:839} INFO - DAG(s) dict_keys(['example_dynamic_task_mapping']) retrieved from /Users/asminsadykova/Desktop/h&m/.venv/lib/python3.9/site-packages/airflow/example_dags/example_dynamic_task_mapping.py
[2025-12-04T23:36:17.950+0600] {logging_mixin.py:154} INFO - [2025-12-04T23:36:17.950+0600] {dag.py:2941} INFO - Sync 1 DAGs
[2025-12-04T23:36:17.957+0600] {logging_mixin.py:154} INFO - [2025-12-04T23:36:17.956+0600] {dag.py:3722} INFO - Setting next_dagrun for example_dynamic_task_mapping to 2022-03-04T00:00:00+00:00, run_after=2022-03-05T00:00:00+00:00
[2025-12-04T23:36:17.964+0600] {processor.py:179} INFO - Processing /Users/asminsadykova/Desktop/h&m/.venv/lib/python3.9/site-packages/airflow/example_dags/example_dynamic_task_mapping.py took 0.110 seconds
[2025-12-04T23:37:46.026+0600] {processor.py:157} INFO - Started process (PID=40371) to work on /Users/asminsadykova/Desktop/h&m/.venv/lib/python3.9/site-packages/airflow/example_dags/example_dynamic_task_mapping.py
[2025-12-04T23:37:46.028+0600] {processor.py:829} INFO - Processing file /Users/asminsadykova/Desktop/h&m/.venv/lib/python3.9/site-packages/airflow/example_dags/example_dynamic_task_mapping.py for tasks to queue
[2025-12-04T23:37:46.028+0600] {logging_mixin.py:154} INFO - [2025-12-04T23:37:46.028+0600] {dagbag.py:536} INFO - Filling up the DagBag from /Users/asminsadykova/Desktop/h&m/.venv/lib/python3.9/site-packages/airflow/example_dags/example_dynamic_task_mapping.py
[2025-12-04T23:37:46.051+0600] {processor.py:839} INFO - DAG(s) dict_keys(['example_dynamic_task_mapping']) retrieved from /Users/asminsadykova/Desktop/h&m/.venv/lib/python3.9/site-packages/airflow/example_dags/example_dynamic_task_mapping.py
[2025-12-04T23:37:46.173+0600] {logging_mixin.py:154} INFO - [2025-12-04T23:37:46.173+0600] {dag.py:2941} INFO - Sync 1 DAGs
[2025-12-04T23:37:46.180+0600] {logging_mixin.py:154} INFO - [2025-12-04T23:37:46.180+0600] {dag.py:3722} INFO - Setting next_dagrun for example_dynamic_task_mapping to 2022-03-04T00:00:00+00:00, run_after=2022-03-05T00:00:00+00:00
[2025-12-04T23:37:46.188+0600] {processor.py:179} INFO - Processing /Users/asminsadykova/Desktop/h&m/.venv/lib/python3.9/site-packages/airflow/example_dags/example_dynamic_task_mapping.py took 0.162 seconds
[2025-12-04T23:39:23.920+0600] {processor.py:157} INFO - Started process (PID=40451) to work on /Users/asminsadykova/Desktop/h&m/.venv/lib/python3.9/site-packages/airflow/example_dags/example_dynamic_task_mapping.py
[2025-12-04T23:39:23.921+0600] {processor.py:829} INFO - Processing file /Users/asminsadykova/Desktop/h&m/.venv/lib/python3.9/site-packages/airflow/example_dags/example_dynamic_task_mapping.py for tasks to queue
[2025-12-04T23:39:23.922+0600] {logging_mixin.py:154} INFO - [2025-12-04T23:39:23.922+0600] {dagbag.py:536} INFO - Filling up the DagBag from /Users/asminsadykova/Desktop/h&m/.venv/lib/python3.9/site-packages/airflow/example_dags/example_dynamic_task_mapping.py
[2025-12-04T23:39:23.951+0600] {processor.py:839} INFO - DAG(s) dict_keys(['example_dynamic_task_mapping']) retrieved from /Users/asminsadykova/Desktop/h&m/.venv/lib/python3.9/site-packages/airflow/example_dags/example_dynamic_task_mapping.py
[2025-12-04T23:39:24.027+0600] {logging_mixin.py:154} INFO - [2025-12-04T23:39:24.027+0600] {dag.py:2941} INFO - Sync 1 DAGs
[2025-12-04T23:39:24.034+0600] {logging_mixin.py:154} INFO - [2025-12-04T23:39:24.034+0600] {dag.py:3722} INFO - Setting next_dagrun for example_dynamic_task_mapping to 2022-03-04T00:00:00+00:00, run_after=2022-03-05T00:00:00+00:00
[2025-12-04T23:39:24.043+0600] {processor.py:179} INFO - Processing /Users/asminsadykova/Desktop/h&m/.venv/lib/python3.9/site-packages/airflow/example_dags/example_dynamic_task_mapping.py took 0.124 seconds
[2025-12-04T23:41:00.250+0600] {processor.py:157} INFO - Started process (PID=40584) to work on /Users/asminsadykova/Desktop/h&m/.venv/lib/python3.9/site-packages/airflow/example_dags/example_dynamic_task_mapping.py
[2025-12-04T23:41:00.251+0600] {processor.py:829} INFO - Processing file /Users/asminsadykova/Desktop/h&m/.venv/lib/python3.9/site-packages/airflow/example_dags/example_dynamic_task_mapping.py for tasks to queue
[2025-12-04T23:41:00.251+0600] {logging_mixin.py:154} INFO - [2025-12-04T23:41:00.251+0600] {dagbag.py:536} INFO - Filling up the DagBag from /Users/asminsadykova/Desktop/h&m/.venv/lib/python3.9/site-packages/airflow/example_dags/example_dynamic_task_mapping.py
[2025-12-04T23:41:00.274+0600] {processor.py:839} INFO - DAG(s) dict_keys(['example_dynamic_task_mapping']) retrieved from /Users/asminsadykova/Desktop/h&m/.venv/lib/python3.9/site-packages/airflow/example_dags/example_dynamic_task_mapping.py
[2025-12-04T23:41:00.342+0600] {logging_mixin.py:154} INFO - [2025-12-04T23:41:00.342+0600] {dag.py:2941} INFO - Sync 1 DAGs
[2025-12-04T23:41:00.348+0600] {logging_mixin.py:154} INFO - [2025-12-04T23:41:00.348+0600] {dag.py:3722} INFO - Setting next_dagrun for example_dynamic_task_mapping to 2022-03-04T00:00:00+00:00, run_after=2022-03-05T00:00:00+00:00
[2025-12-04T23:41:00.356+0600] {processor.py:179} INFO - Processing /Users/asminsadykova/Desktop/h&m/.venv/lib/python3.9/site-packages/airflow/example_dags/example_dynamic_task_mapping.py took 0.107 seconds
[2025-12-04T23:42:25.289+0600] {processor.py:157} INFO - Started process (PID=40669) to work on /Users/asminsadykova/Desktop/h&m/.venv/lib/python3.9/site-packages/airflow/example_dags/example_dynamic_task_mapping.py
[2025-12-04T23:42:25.290+0600] {processor.py:829} INFO - Processing file /Users/asminsadykova/Desktop/h&m/.venv/lib/python3.9/site-packages/airflow/example_dags/example_dynamic_task_mapping.py for tasks to queue
[2025-12-04T23:42:25.290+0600] {logging_mixin.py:154} INFO - [2025-12-04T23:42:25.290+0600] {dagbag.py:536} INFO - Filling up the DagBag from /Users/asminsadykova/Desktop/h&m/.venv/lib/python3.9/site-packages/airflow/example_dags/example_dynamic_task_mapping.py
[2025-12-04T23:42:25.312+0600] {processor.py:839} INFO - DAG(s) dict_keys(['example_dynamic_task_mapping']) retrieved from /Users/asminsadykova/Desktop/h&m/.venv/lib/python3.9/site-packages/airflow/example_dags/example_dynamic_task_mapping.py
[2025-12-04T23:42:25.379+0600] {logging_mixin.py:154} INFO - [2025-12-04T23:42:25.379+0600] {dag.py:2941} INFO - Sync 1 DAGs
[2025-12-04T23:42:25.385+0600] {logging_mixin.py:154} INFO - [2025-12-04T23:42:25.385+0600] {dag.py:3722} INFO - Setting next_dagrun for example_dynamic_task_mapping to 2022-03-04T00:00:00+00:00, run_after=2022-03-05T00:00:00+00:00
[2025-12-04T23:42:25.393+0600] {processor.py:179} INFO - Processing /Users/asminsadykova/Desktop/h&m/.venv/lib/python3.9/site-packages/airflow/example_dags/example_dynamic_task_mapping.py took 0.104 seconds
[2025-12-04T23:44:02.762+0600] {processor.py:157} INFO - Started process (PID=40873) to work on /Users/asminsadykova/Desktop/h&m/.venv/lib/python3.9/site-packages/airflow/example_dags/example_dynamic_task_mapping.py
[2025-12-04T23:44:02.764+0600] {processor.py:829} INFO - Processing file /Users/asminsadykova/Desktop/h&m/.venv/lib/python3.9/site-packages/airflow/example_dags/example_dynamic_task_mapping.py for tasks to queue
[2025-12-04T23:44:02.764+0600] {logging_mixin.py:154} INFO - [2025-12-04T23:44:02.764+0600] {dagbag.py:536} INFO - Filling up the DagBag from /Users/asminsadykova/Desktop/h&m/.venv/lib/python3.9/site-packages/airflow/example_dags/example_dynamic_task_mapping.py
[2025-12-04T23:44:02.791+0600] {processor.py:839} INFO - DAG(s) dict_keys(['example_dynamic_task_mapping']) retrieved from /Users/asminsadykova/Desktop/h&m/.venv/lib/python3.9/site-packages/airflow/example_dags/example_dynamic_task_mapping.py
[2025-12-04T23:44:02.868+0600] {logging_mixin.py:154} INFO - [2025-12-04T23:44:02.867+0600] {dag.py:2941} INFO - Sync 1 DAGs
[2025-12-04T23:44:02.876+0600] {logging_mixin.py:154} INFO - [2025-12-04T23:44:02.876+0600] {dag.py:3722} INFO - Setting next_dagrun for example_dynamic_task_mapping to 2022-03-04T00:00:00+00:00, run_after=2022-03-05T00:00:00+00:00
[2025-12-04T23:44:02.884+0600] {processor.py:179} INFO - Processing /Users/asminsadykova/Desktop/h&m/.venv/lib/python3.9/site-packages/airflow/example_dags/example_dynamic_task_mapping.py took 0.123 seconds
[2025-12-04T23:45:38.746+0600] {processor.py:157} INFO - Started process (PID=41169) to work on /Users/asminsadykova/Desktop/h&m/.venv/lib/python3.9/site-packages/airflow/example_dags/example_dynamic_task_mapping.py
[2025-12-04T23:45:38.747+0600] {processor.py:829} INFO - Processing file /Users/asminsadykova/Desktop/h&m/.venv/lib/python3.9/site-packages/airflow/example_dags/example_dynamic_task_mapping.py for tasks to queue
[2025-12-04T23:45:38.748+0600] {logging_mixin.py:154} INFO - [2025-12-04T23:45:38.747+0600] {dagbag.py:536} INFO - Filling up the DagBag from /Users/asminsadykova/Desktop/h&m/.venv/lib/python3.9/site-packages/airflow/example_dags/example_dynamic_task_mapping.py
[2025-12-04T23:45:38.770+0600] {processor.py:839} INFO - DAG(s) dict_keys(['example_dynamic_task_mapping']) retrieved from /Users/asminsadykova/Desktop/h&m/.venv/lib/python3.9/site-packages/airflow/example_dags/example_dynamic_task_mapping.py
[2025-12-04T23:45:38.838+0600] {logging_mixin.py:154} INFO - [2025-12-04T23:45:38.838+0600] {dag.py:2941} INFO - Sync 1 DAGs
[2025-12-04T23:45:38.845+0600] {logging_mixin.py:154} INFO - [2025-12-04T23:45:38.845+0600] {dag.py:3722} INFO - Setting next_dagrun for example_dynamic_task_mapping to 2022-03-04T00:00:00+00:00, run_after=2022-03-05T00:00:00+00:00
[2025-12-04T23:45:38.852+0600] {processor.py:179} INFO - Processing /Users/asminsadykova/Desktop/h&m/.venv/lib/python3.9/site-packages/airflow/example_dags/example_dynamic_task_mapping.py took 0.107 seconds
[2025-12-04T23:47:14.263+0600] {processor.py:157} INFO - Started process (PID=41492) to work on /Users/asminsadykova/Desktop/h&m/.venv/lib/python3.9/site-packages/airflow/example_dags/example_dynamic_task_mapping.py
[2025-12-04T23:47:14.265+0600] {processor.py:829} INFO - Processing file /Users/asminsadykova/Desktop/h&m/.venv/lib/python3.9/site-packages/airflow/example_dags/example_dynamic_task_mapping.py for tasks to queue
[2025-12-04T23:47:14.265+0600] {logging_mixin.py:154} INFO - [2025-12-04T23:47:14.265+0600] {dagbag.py:536} INFO - Filling up the DagBag from /Users/asminsadykova/Desktop/h&m/.venv/lib/python3.9/site-packages/airflow/example_dags/example_dynamic_task_mapping.py
[2025-12-04T23:47:14.288+0600] {processor.py:839} INFO - DAG(s) dict_keys(['example_dynamic_task_mapping']) retrieved from /Users/asminsadykova/Desktop/h&m/.venv/lib/python3.9/site-packages/airflow/example_dags/example_dynamic_task_mapping.py
[2025-12-04T23:47:14.355+0600] {logging_mixin.py:154} INFO - [2025-12-04T23:47:14.355+0600] {dag.py:2941} INFO - Sync 1 DAGs
[2025-12-04T23:47:14.362+0600] {logging_mixin.py:154} INFO - [2025-12-04T23:47:14.362+0600] {dag.py:3722} INFO - Setting next_dagrun for example_dynamic_task_mapping to 2022-03-04T00:00:00+00:00, run_after=2022-03-05T00:00:00+00:00
[2025-12-04T23:47:14.369+0600] {processor.py:179} INFO - Processing /Users/asminsadykova/Desktop/h&m/.venv/lib/python3.9/site-packages/airflow/example_dags/example_dynamic_task_mapping.py took 0.107 seconds
[2025-12-04T23:48:38.830+0600] {processor.py:157} INFO - Started process (PID=41667) to work on /Users/asminsadykova/Desktop/h&m/.venv/lib/python3.9/site-packages/airflow/example_dags/example_dynamic_task_mapping.py
[2025-12-04T23:48:38.831+0600] {processor.py:829} INFO - Processing file /Users/asminsadykova/Desktop/h&m/.venv/lib/python3.9/site-packages/airflow/example_dags/example_dynamic_task_mapping.py for tasks to queue
[2025-12-04T23:48:38.832+0600] {logging_mixin.py:154} INFO - [2025-12-04T23:48:38.832+0600] {dagbag.py:536} INFO - Filling up the DagBag from /Users/asminsadykova/Desktop/h&m/.venv/lib/python3.9/site-packages/airflow/example_dags/example_dynamic_task_mapping.py
[2025-12-04T23:48:38.855+0600] {processor.py:839} INFO - DAG(s) dict_keys(['example_dynamic_task_mapping']) retrieved from /Users/asminsadykova/Desktop/h&m/.venv/lib/python3.9/site-packages/airflow/example_dags/example_dynamic_task_mapping.py
[2025-12-04T23:48:38.922+0600] {logging_mixin.py:154} INFO - [2025-12-04T23:48:38.922+0600] {dag.py:2941} INFO - Sync 1 DAGs
[2025-12-04T23:48:38.928+0600] {logging_mixin.py:154} INFO - [2025-12-04T23:48:38.928+0600] {dag.py:3722} INFO - Setting next_dagrun for example_dynamic_task_mapping to 2022-03-04T00:00:00+00:00, run_after=2022-03-05T00:00:00+00:00
[2025-12-04T23:48:38.936+0600] {processor.py:179} INFO - Processing /Users/asminsadykova/Desktop/h&m/.venv/lib/python3.9/site-packages/airflow/example_dags/example_dynamic_task_mapping.py took 0.106 seconds
[2025-12-04T23:50:13.664+0600] {processor.py:157} INFO - Started process (PID=41795) to work on /Users/asminsadykova/Desktop/h&m/.venv/lib/python3.9/site-packages/airflow/example_dags/example_dynamic_task_mapping.py
[2025-12-04T23:50:13.665+0600] {processor.py:829} INFO - Processing file /Users/asminsadykova/Desktop/h&m/.venv/lib/python3.9/site-packages/airflow/example_dags/example_dynamic_task_mapping.py for tasks to queue
[2025-12-04T23:50:13.665+0600] {logging_mixin.py:154} INFO - [2025-12-04T23:50:13.665+0600] {dagbag.py:536} INFO - Filling up the DagBag from /Users/asminsadykova/Desktop/h&m/.venv/lib/python3.9/site-packages/airflow/example_dags/example_dynamic_task_mapping.py
[2025-12-04T23:50:13.688+0600] {processor.py:839} INFO - DAG(s) dict_keys(['example_dynamic_task_mapping']) retrieved from /Users/asminsadykova/Desktop/h&m/.venv/lib/python3.9/site-packages/airflow/example_dags/example_dynamic_task_mapping.py
[2025-12-04T23:50:13.755+0600] {logging_mixin.py:154} INFO - [2025-12-04T23:50:13.755+0600] {dag.py:2941} INFO - Sync 1 DAGs
[2025-12-04T23:50:13.762+0600] {logging_mixin.py:154} INFO - [2025-12-04T23:50:13.762+0600] {dag.py:3722} INFO - Setting next_dagrun for example_dynamic_task_mapping to 2022-03-04T00:00:00+00:00, run_after=2022-03-05T00:00:00+00:00
[2025-12-04T23:50:13.770+0600] {processor.py:179} INFO - Processing /Users/asminsadykova/Desktop/h&m/.venv/lib/python3.9/site-packages/airflow/example_dags/example_dynamic_task_mapping.py took 0.107 seconds
[2025-12-04T23:51:50.801+0600] {processor.py:157} INFO - Started process (PID=42032) to work on /Users/asminsadykova/Desktop/h&m/.venv/lib/python3.9/site-packages/airflow/example_dags/example_dynamic_task_mapping.py
[2025-12-04T23:51:50.803+0600] {processor.py:829} INFO - Processing file /Users/asminsadykova/Desktop/h&m/.venv/lib/python3.9/site-packages/airflow/example_dags/example_dynamic_task_mapping.py for tasks to queue
[2025-12-04T23:51:50.803+0600] {logging_mixin.py:154} INFO - [2025-12-04T23:51:50.803+0600] {dagbag.py:536} INFO - Filling up the DagBag from /Users/asminsadykova/Desktop/h&m/.venv/lib/python3.9/site-packages/airflow/example_dags/example_dynamic_task_mapping.py
[2025-12-04T23:51:50.825+0600] {processor.py:839} INFO - DAG(s) dict_keys(['example_dynamic_task_mapping']) retrieved from /Users/asminsadykova/Desktop/h&m/.venv/lib/python3.9/site-packages/airflow/example_dags/example_dynamic_task_mapping.py
[2025-12-04T23:51:50.897+0600] {logging_mixin.py:154} INFO - [2025-12-04T23:51:50.897+0600] {dag.py:2941} INFO - Sync 1 DAGs
[2025-12-04T23:51:50.904+0600] {logging_mixin.py:154} INFO - [2025-12-04T23:51:50.904+0600] {dag.py:3722} INFO - Setting next_dagrun for example_dynamic_task_mapping to 2022-03-04T00:00:00+00:00, run_after=2022-03-05T00:00:00+00:00
[2025-12-04T23:51:50.912+0600] {processor.py:179} INFO - Processing /Users/asminsadykova/Desktop/h&m/.venv/lib/python3.9/site-packages/airflow/example_dags/example_dynamic_task_mapping.py took 0.111 seconds
[2025-12-04T23:53:27.548+0600] {processor.py:157} INFO - Started process (PID=42132) to work on /Users/asminsadykova/Desktop/h&m/.venv/lib/python3.9/site-packages/airflow/example_dags/example_dynamic_task_mapping.py
[2025-12-04T23:53:27.549+0600] {processor.py:829} INFO - Processing file /Users/asminsadykova/Desktop/h&m/.venv/lib/python3.9/site-packages/airflow/example_dags/example_dynamic_task_mapping.py for tasks to queue
[2025-12-04T23:53:27.549+0600] {logging_mixin.py:154} INFO - [2025-12-04T23:53:27.549+0600] {dagbag.py:536} INFO - Filling up the DagBag from /Users/asminsadykova/Desktop/h&m/.venv/lib/python3.9/site-packages/airflow/example_dags/example_dynamic_task_mapping.py
[2025-12-04T23:53:27.575+0600] {processor.py:839} INFO - DAG(s) dict_keys(['example_dynamic_task_mapping']) retrieved from /Users/asminsadykova/Desktop/h&m/.venv/lib/python3.9/site-packages/airflow/example_dags/example_dynamic_task_mapping.py
[2025-12-04T23:53:27.648+0600] {logging_mixin.py:154} INFO - [2025-12-04T23:53:27.648+0600] {dag.py:2941} INFO - Sync 1 DAGs
[2025-12-04T23:53:27.655+0600] {logging_mixin.py:154} INFO - [2025-12-04T23:53:27.655+0600] {dag.py:3722} INFO - Setting next_dagrun for example_dynamic_task_mapping to 2022-03-04T00:00:00+00:00, run_after=2022-03-05T00:00:00+00:00
[2025-12-04T23:53:27.663+0600] {processor.py:179} INFO - Processing /Users/asminsadykova/Desktop/h&m/.venv/lib/python3.9/site-packages/airflow/example_dags/example_dynamic_task_mapping.py took 0.116 seconds
[2025-12-04T23:54:55.034+0600] {processor.py:157} INFO - Started process (PID=42211) to work on /Users/asminsadykova/Desktop/h&m/.venv/lib/python3.9/site-packages/airflow/example_dags/example_dynamic_task_mapping.py
[2025-12-04T23:54:55.035+0600] {processor.py:829} INFO - Processing file /Users/asminsadykova/Desktop/h&m/.venv/lib/python3.9/site-packages/airflow/example_dags/example_dynamic_task_mapping.py for tasks to queue
[2025-12-04T23:54:55.036+0600] {logging_mixin.py:154} INFO - [2025-12-04T23:54:55.036+0600] {dagbag.py:536} INFO - Filling up the DagBag from /Users/asminsadykova/Desktop/h&m/.venv/lib/python3.9/site-packages/airflow/example_dags/example_dynamic_task_mapping.py
[2025-12-04T23:54:55.059+0600] {processor.py:839} INFO - DAG(s) dict_keys(['example_dynamic_task_mapping']) retrieved from /Users/asminsadykova/Desktop/h&m/.venv/lib/python3.9/site-packages/airflow/example_dags/example_dynamic_task_mapping.py
[2025-12-04T23:54:55.128+0600] {logging_mixin.py:154} INFO - [2025-12-04T23:54:55.128+0600] {dag.py:2941} INFO - Sync 1 DAGs
[2025-12-04T23:54:55.134+0600] {logging_mixin.py:154} INFO - [2025-12-04T23:54:55.134+0600] {dag.py:3722} INFO - Setting next_dagrun for example_dynamic_task_mapping to 2022-03-04T00:00:00+00:00, run_after=2022-03-05T00:00:00+00:00
[2025-12-04T23:54:55.142+0600] {processor.py:179} INFO - Processing /Users/asminsadykova/Desktop/h&m/.venv/lib/python3.9/site-packages/airflow/example_dags/example_dynamic_task_mapping.py took 0.108 seconds
[2025-12-04T23:56:23.297+0600] {processor.py:157} INFO - Started process (PID=42283) to work on /Users/asminsadykova/Desktop/h&m/.venv/lib/python3.9/site-packages/airflow/example_dags/example_dynamic_task_mapping.py
[2025-12-04T23:56:23.298+0600] {processor.py:829} INFO - Processing file /Users/asminsadykova/Desktop/h&m/.venv/lib/python3.9/site-packages/airflow/example_dags/example_dynamic_task_mapping.py for tasks to queue
[2025-12-04T23:56:23.298+0600] {logging_mixin.py:154} INFO - [2025-12-04T23:56:23.298+0600] {dagbag.py:536} INFO - Filling up the DagBag from /Users/asminsadykova/Desktop/h&m/.venv/lib/python3.9/site-packages/airflow/example_dags/example_dynamic_task_mapping.py
[2025-12-04T23:56:23.321+0600] {processor.py:839} INFO - DAG(s) dict_keys(['example_dynamic_task_mapping']) retrieved from /Users/asminsadykova/Desktop/h&m/.venv/lib/python3.9/site-packages/airflow/example_dags/example_dynamic_task_mapping.py
[2025-12-04T23:56:23.388+0600] {logging_mixin.py:154} INFO - [2025-12-04T23:56:23.388+0600] {dag.py:2941} INFO - Sync 1 DAGs
[2025-12-04T23:56:23.395+0600] {logging_mixin.py:154} INFO - [2025-12-04T23:56:23.395+0600] {dag.py:3722} INFO - Setting next_dagrun for example_dynamic_task_mapping to 2022-03-04T00:00:00+00:00, run_after=2022-03-05T00:00:00+00:00
[2025-12-04T23:56:23.404+0600] {processor.py:179} INFO - Processing /Users/asminsadykova/Desktop/h&m/.venv/lib/python3.9/site-packages/airflow/example_dags/example_dynamic_task_mapping.py took 0.108 seconds
[2025-12-04T23:57:52.632+0600] {processor.py:157} INFO - Started process (PID=42366) to work on /Users/asminsadykova/Desktop/h&m/.venv/lib/python3.9/site-packages/airflow/example_dags/example_dynamic_task_mapping.py
[2025-12-04T23:57:52.633+0600] {processor.py:829} INFO - Processing file /Users/asminsadykova/Desktop/h&m/.venv/lib/python3.9/site-packages/airflow/example_dags/example_dynamic_task_mapping.py for tasks to queue
[2025-12-04T23:57:52.633+0600] {logging_mixin.py:154} INFO - [2025-12-04T23:57:52.633+0600] {dagbag.py:536} INFO - Filling up the DagBag from /Users/asminsadykova/Desktop/h&m/.venv/lib/python3.9/site-packages/airflow/example_dags/example_dynamic_task_mapping.py
[2025-12-04T23:57:52.655+0600] {processor.py:839} INFO - DAG(s) dict_keys(['example_dynamic_task_mapping']) retrieved from /Users/asminsadykova/Desktop/h&m/.venv/lib/python3.9/site-packages/airflow/example_dags/example_dynamic_task_mapping.py
[2025-12-04T23:57:52.720+0600] {logging_mixin.py:154} INFO - [2025-12-04T23:57:52.720+0600] {dag.py:2941} INFO - Sync 1 DAGs
[2025-12-04T23:57:52.727+0600] {logging_mixin.py:154} INFO - [2025-12-04T23:57:52.727+0600] {dag.py:3722} INFO - Setting next_dagrun for example_dynamic_task_mapping to 2022-03-04T00:00:00+00:00, run_after=2022-03-05T00:00:00+00:00
[2025-12-04T23:57:52.735+0600] {processor.py:179} INFO - Processing /Users/asminsadykova/Desktop/h&m/.venv/lib/python3.9/site-packages/airflow/example_dags/example_dynamic_task_mapping.py took 0.103 seconds
[2025-12-04T23:59:20.463+0600] {processor.py:157} INFO - Started process (PID=42607) to work on /Users/asminsadykova/Desktop/h&m/.venv/lib/python3.9/site-packages/airflow/example_dags/example_dynamic_task_mapping.py
[2025-12-04T23:59:20.464+0600] {processor.py:829} INFO - Processing file /Users/asminsadykova/Desktop/h&m/.venv/lib/python3.9/site-packages/airflow/example_dags/example_dynamic_task_mapping.py for tasks to queue
[2025-12-04T23:59:20.464+0600] {logging_mixin.py:154} INFO - [2025-12-04T23:59:20.464+0600] {dagbag.py:536} INFO - Filling up the DagBag from /Users/asminsadykova/Desktop/h&m/.venv/lib/python3.9/site-packages/airflow/example_dags/example_dynamic_task_mapping.py
[2025-12-04T23:59:20.490+0600] {processor.py:839} INFO - DAG(s) dict_keys(['example_dynamic_task_mapping']) retrieved from /Users/asminsadykova/Desktop/h&m/.venv/lib/python3.9/site-packages/airflow/example_dags/example_dynamic_task_mapping.py
[2025-12-04T23:59:20.560+0600] {logging_mixin.py:154} INFO - [2025-12-04T23:59:20.560+0600] {dag.py:2941} INFO - Sync 1 DAGs
[2025-12-04T23:59:20.567+0600] {logging_mixin.py:154} INFO - [2025-12-04T23:59:20.567+0600] {dag.py:3722} INFO - Setting next_dagrun for example_dynamic_task_mapping to 2022-03-04T00:00:00+00:00, run_after=2022-03-05T00:00:00+00:00
[2025-12-04T23:59:20.574+0600] {processor.py:179} INFO - Processing /Users/asminsadykova/Desktop/h&m/.venv/lib/python3.9/site-packages/airflow/example_dags/example_dynamic_task_mapping.py took 0.112 seconds
[2025-12-05T00:00:56.695+0600] {processor.py:157} INFO - Started process (PID=42832) to work on /Users/asminsadykova/Desktop/h&m/.venv/lib/python3.9/site-packages/airflow/example_dags/example_dynamic_task_mapping.py
[2025-12-05T00:00:56.696+0600] {processor.py:829} INFO - Processing file /Users/asminsadykova/Desktop/h&m/.venv/lib/python3.9/site-packages/airflow/example_dags/example_dynamic_task_mapping.py for tasks to queue
[2025-12-05T00:00:56.696+0600] {logging_mixin.py:154} INFO - [2025-12-05T00:00:56.696+0600] {dagbag.py:536} INFO - Filling up the DagBag from /Users/asminsadykova/Desktop/h&m/.venv/lib/python3.9/site-packages/airflow/example_dags/example_dynamic_task_mapping.py
[2025-12-05T00:00:56.720+0600] {processor.py:839} INFO - DAG(s) dict_keys(['example_dynamic_task_mapping']) retrieved from /Users/asminsadykova/Desktop/h&m/.venv/lib/python3.9/site-packages/airflow/example_dags/example_dynamic_task_mapping.py
[2025-12-05T00:00:56.794+0600] {logging_mixin.py:154} INFO - [2025-12-05T00:00:56.794+0600] {dag.py:2941} INFO - Sync 1 DAGs
[2025-12-05T00:00:56.801+0600] {logging_mixin.py:154} INFO - [2025-12-05T00:00:56.801+0600] {dag.py:3722} INFO - Setting next_dagrun for example_dynamic_task_mapping to 2022-03-04T00:00:00+00:00, run_after=2022-03-05T00:00:00+00:00
[2025-12-05T00:00:56.809+0600] {processor.py:179} INFO - Processing /Users/asminsadykova/Desktop/h&m/.venv/lib/python3.9/site-packages/airflow/example_dags/example_dynamic_task_mapping.py took 0.115 seconds
[2025-12-05T00:02:29.701+0600] {processor.py:157} INFO - Started process (PID=42923) to work on /Users/asminsadykova/Desktop/h&m/.venv/lib/python3.9/site-packages/airflow/example_dags/example_dynamic_task_mapping.py
[2025-12-05T00:02:29.702+0600] {processor.py:829} INFO - Processing file /Users/asminsadykova/Desktop/h&m/.venv/lib/python3.9/site-packages/airflow/example_dags/example_dynamic_task_mapping.py for tasks to queue
[2025-12-05T00:02:29.702+0600] {logging_mixin.py:154} INFO - [2025-12-05T00:02:29.702+0600] {dagbag.py:536} INFO - Filling up the DagBag from /Users/asminsadykova/Desktop/h&m/.venv/lib/python3.9/site-packages/airflow/example_dags/example_dynamic_task_mapping.py
[2025-12-05T00:02:29.727+0600] {processor.py:839} INFO - DAG(s) dict_keys(['example_dynamic_task_mapping']) retrieved from /Users/asminsadykova/Desktop/h&m/.venv/lib/python3.9/site-packages/airflow/example_dags/example_dynamic_task_mapping.py
[2025-12-05T00:02:29.796+0600] {logging_mixin.py:154} INFO - [2025-12-05T00:02:29.796+0600] {dag.py:2941} INFO - Sync 1 DAGs
[2025-12-05T00:02:29.802+0600] {logging_mixin.py:154} INFO - [2025-12-05T00:02:29.802+0600] {dag.py:3722} INFO - Setting next_dagrun for example_dynamic_task_mapping to 2022-03-04T00:00:00+00:00, run_after=2022-03-05T00:00:00+00:00
[2025-12-05T00:02:29.810+0600] {processor.py:179} INFO - Processing /Users/asminsadykova/Desktop/h&m/.venv/lib/python3.9/site-packages/airflow/example_dags/example_dynamic_task_mapping.py took 0.110 seconds
[2025-12-05T00:04:01.918+0600] {processor.py:157} INFO - Started process (PID=43027) to work on /Users/asminsadykova/Desktop/h&m/.venv/lib/python3.9/site-packages/airflow/example_dags/example_dynamic_task_mapping.py
[2025-12-05T00:04:01.919+0600] {processor.py:829} INFO - Processing file /Users/asminsadykova/Desktop/h&m/.venv/lib/python3.9/site-packages/airflow/example_dags/example_dynamic_task_mapping.py for tasks to queue
[2025-12-05T00:04:01.919+0600] {logging_mixin.py:154} INFO - [2025-12-05T00:04:01.919+0600] {dagbag.py:536} INFO - Filling up the DagBag from /Users/asminsadykova/Desktop/h&m/.venv/lib/python3.9/site-packages/airflow/example_dags/example_dynamic_task_mapping.py
[2025-12-05T00:04:01.945+0600] {processor.py:839} INFO - DAG(s) dict_keys(['example_dynamic_task_mapping']) retrieved from /Users/asminsadykova/Desktop/h&m/.venv/lib/python3.9/site-packages/airflow/example_dags/example_dynamic_task_mapping.py
[2025-12-05T00:04:02.020+0600] {logging_mixin.py:154} INFO - [2025-12-05T00:04:02.020+0600] {dag.py:2941} INFO - Sync 1 DAGs
[2025-12-05T00:04:02.030+0600] {logging_mixin.py:154} INFO - [2025-12-05T00:04:02.030+0600] {dag.py:3722} INFO - Setting next_dagrun for example_dynamic_task_mapping to 2022-03-04T00:00:00+00:00, run_after=2022-03-05T00:00:00+00:00
[2025-12-05T00:04:02.041+0600] {processor.py:179} INFO - Processing /Users/asminsadykova/Desktop/h&m/.venv/lib/python3.9/site-packages/airflow/example_dags/example_dynamic_task_mapping.py took 0.124 seconds
[2025-12-05T00:05:37.565+0600] {processor.py:157} INFO - Started process (PID=43276) to work on /Users/asminsadykova/Desktop/h&m/.venv/lib/python3.9/site-packages/airflow/example_dags/example_dynamic_task_mapping.py
[2025-12-05T00:05:37.567+0600] {processor.py:829} INFO - Processing file /Users/asminsadykova/Desktop/h&m/.venv/lib/python3.9/site-packages/airflow/example_dags/example_dynamic_task_mapping.py for tasks to queue
[2025-12-05T00:05:37.567+0600] {logging_mixin.py:154} INFO - [2025-12-05T00:05:37.567+0600] {dagbag.py:536} INFO - Filling up the DagBag from /Users/asminsadykova/Desktop/h&m/.venv/lib/python3.9/site-packages/airflow/example_dags/example_dynamic_task_mapping.py
[2025-12-05T00:05:37.592+0600] {processor.py:839} INFO - DAG(s) dict_keys(['example_dynamic_task_mapping']) retrieved from /Users/asminsadykova/Desktop/h&m/.venv/lib/python3.9/site-packages/airflow/example_dags/example_dynamic_task_mapping.py
[2025-12-05T00:05:37.664+0600] {logging_mixin.py:154} INFO - [2025-12-05T00:05:37.664+0600] {dag.py:2941} INFO - Sync 1 DAGs
[2025-12-05T00:05:37.672+0600] {logging_mixin.py:154} INFO - [2025-12-05T00:05:37.672+0600] {dag.py:3722} INFO - Setting next_dagrun for example_dynamic_task_mapping to 2022-03-04T00:00:00+00:00, run_after=2022-03-05T00:00:00+00:00
[2025-12-05T00:05:37.680+0600] {processor.py:179} INFO - Processing /Users/asminsadykova/Desktop/h&m/.venv/lib/python3.9/site-packages/airflow/example_dags/example_dynamic_task_mapping.py took 0.115 seconds
[2025-12-05T00:07:03.698+0600] {processor.py:157} INFO - Started process (PID=43426) to work on /Users/asminsadykova/Desktop/h&m/.venv/lib/python3.9/site-packages/airflow/example_dags/example_dynamic_task_mapping.py
[2025-12-05T00:07:03.700+0600] {processor.py:829} INFO - Processing file /Users/asminsadykova/Desktop/h&m/.venv/lib/python3.9/site-packages/airflow/example_dags/example_dynamic_task_mapping.py for tasks to queue
[2025-12-05T00:07:03.700+0600] {logging_mixin.py:154} INFO - [2025-12-05T00:07:03.700+0600] {dagbag.py:536} INFO - Filling up the DagBag from /Users/asminsadykova/Desktop/h&m/.venv/lib/python3.9/site-packages/airflow/example_dags/example_dynamic_task_mapping.py
[2025-12-05T00:07:03.723+0600] {processor.py:839} INFO - DAG(s) dict_keys(['example_dynamic_task_mapping']) retrieved from /Users/asminsadykova/Desktop/h&m/.venv/lib/python3.9/site-packages/airflow/example_dags/example_dynamic_task_mapping.py
[2025-12-05T00:07:03.801+0600] {logging_mixin.py:154} INFO - [2025-12-05T00:07:03.801+0600] {dag.py:2941} INFO - Sync 1 DAGs
[2025-12-05T00:07:03.809+0600] {logging_mixin.py:154} INFO - [2025-12-05T00:07:03.808+0600] {dag.py:3722} INFO - Setting next_dagrun for example_dynamic_task_mapping to 2022-03-04T00:00:00+00:00, run_after=2022-03-05T00:00:00+00:00
[2025-12-05T00:07:03.818+0600] {processor.py:179} INFO - Processing /Users/asminsadykova/Desktop/h&m/.venv/lib/python3.9/site-packages/airflow/example_dags/example_dynamic_task_mapping.py took 0.120 seconds
[2025-12-05T00:08:30.236+0600] {processor.py:157} INFO - Started process (PID=43579) to work on /Users/asminsadykova/Desktop/h&m/.venv/lib/python3.9/site-packages/airflow/example_dags/example_dynamic_task_mapping.py
[2025-12-05T00:08:30.237+0600] {processor.py:829} INFO - Processing file /Users/asminsadykova/Desktop/h&m/.venv/lib/python3.9/site-packages/airflow/example_dags/example_dynamic_task_mapping.py for tasks to queue
[2025-12-05T00:08:30.237+0600] {logging_mixin.py:154} INFO - [2025-12-05T00:08:30.237+0600] {dagbag.py:536} INFO - Filling up the DagBag from /Users/asminsadykova/Desktop/h&m/.venv/lib/python3.9/site-packages/airflow/example_dags/example_dynamic_task_mapping.py
[2025-12-05T00:08:30.260+0600] {processor.py:839} INFO - DAG(s) dict_keys(['example_dynamic_task_mapping']) retrieved from /Users/asminsadykova/Desktop/h&m/.venv/lib/python3.9/site-packages/airflow/example_dags/example_dynamic_task_mapping.py
[2025-12-05T00:08:30.335+0600] {logging_mixin.py:154} INFO - [2025-12-05T00:08:30.335+0600] {dag.py:2941} INFO - Sync 1 DAGs
[2025-12-05T00:08:30.343+0600] {logging_mixin.py:154} INFO - [2025-12-05T00:08:30.343+0600] {dag.py:3722} INFO - Setting next_dagrun for example_dynamic_task_mapping to 2022-03-04T00:00:00+00:00, run_after=2022-03-05T00:00:00+00:00
[2025-12-05T00:08:30.351+0600] {processor.py:179} INFO - Processing /Users/asminsadykova/Desktop/h&m/.venv/lib/python3.9/site-packages/airflow/example_dags/example_dynamic_task_mapping.py took 0.116 seconds
[2025-12-05T00:10:05.384+0600] {processor.py:157} INFO - Started process (PID=43740) to work on /Users/asminsadykova/Desktop/h&m/.venv/lib/python3.9/site-packages/airflow/example_dags/example_dynamic_task_mapping.py
[2025-12-05T00:10:05.385+0600] {processor.py:829} INFO - Processing file /Users/asminsadykova/Desktop/h&m/.venv/lib/python3.9/site-packages/airflow/example_dags/example_dynamic_task_mapping.py for tasks to queue
[2025-12-05T00:10:05.385+0600] {logging_mixin.py:154} INFO - [2025-12-05T00:10:05.385+0600] {dagbag.py:536} INFO - Filling up the DagBag from /Users/asminsadykova/Desktop/h&m/.venv/lib/python3.9/site-packages/airflow/example_dags/example_dynamic_task_mapping.py
[2025-12-05T00:10:05.408+0600] {processor.py:839} INFO - DAG(s) dict_keys(['example_dynamic_task_mapping']) retrieved from /Users/asminsadykova/Desktop/h&m/.venv/lib/python3.9/site-packages/airflow/example_dags/example_dynamic_task_mapping.py
[2025-12-05T00:10:05.477+0600] {logging_mixin.py:154} INFO - [2025-12-05T00:10:05.477+0600] {dag.py:2941} INFO - Sync 1 DAGs
[2025-12-05T00:10:05.484+0600] {logging_mixin.py:154} INFO - [2025-12-05T00:10:05.484+0600] {dag.py:3722} INFO - Setting next_dagrun for example_dynamic_task_mapping to 2022-03-04T00:00:00+00:00, run_after=2022-03-05T00:00:00+00:00
[2025-12-05T00:10:05.492+0600] {processor.py:179} INFO - Processing /Users/asminsadykova/Desktop/h&m/.venv/lib/python3.9/site-packages/airflow/example_dags/example_dynamic_task_mapping.py took 0.109 seconds
[2025-12-05T00:11:39.732+0600] {processor.py:157} INFO - Started process (PID=43897) to work on /Users/asminsadykova/Desktop/h&m/.venv/lib/python3.9/site-packages/airflow/example_dags/example_dynamic_task_mapping.py
[2025-12-05T00:11:39.733+0600] {processor.py:829} INFO - Processing file /Users/asminsadykova/Desktop/h&m/.venv/lib/python3.9/site-packages/airflow/example_dags/example_dynamic_task_mapping.py for tasks to queue
[2025-12-05T00:11:39.733+0600] {logging_mixin.py:154} INFO - [2025-12-05T00:11:39.733+0600] {dagbag.py:536} INFO - Filling up the DagBag from /Users/asminsadykova/Desktop/h&m/.venv/lib/python3.9/site-packages/airflow/example_dags/example_dynamic_task_mapping.py
[2025-12-05T00:11:39.757+0600] {processor.py:839} INFO - DAG(s) dict_keys(['example_dynamic_task_mapping']) retrieved from /Users/asminsadykova/Desktop/h&m/.venv/lib/python3.9/site-packages/airflow/example_dags/example_dynamic_task_mapping.py
[2025-12-05T00:11:39.829+0600] {logging_mixin.py:154} INFO - [2025-12-05T00:11:39.829+0600] {dag.py:2941} INFO - Sync 1 DAGs
[2025-12-05T00:11:39.837+0600] {logging_mixin.py:154} INFO - [2025-12-05T00:11:39.837+0600] {dag.py:3722} INFO - Setting next_dagrun for example_dynamic_task_mapping to 2022-03-04T00:00:00+00:00, run_after=2022-03-05T00:00:00+00:00
[2025-12-05T00:11:39.844+0600] {processor.py:179} INFO - Processing /Users/asminsadykova/Desktop/h&m/.venv/lib/python3.9/site-packages/airflow/example_dags/example_dynamic_task_mapping.py took 0.113 seconds
