[2025-12-04T23:18:02.239+0600] {processor.py:157} INFO - Started process (PID=38936) to work on /Users/asminsadykova/Desktop/h&m/.venv/lib/python3.9/site-packages/airflow/example_dags/example_sensor_decorator.py
[2025-12-04T23:18:02.240+0600] {processor.py:829} INFO - Processing file /Users/asminsadykova/Desktop/h&m/.venv/lib/python3.9/site-packages/airflow/example_dags/example_sensor_decorator.py for tasks to queue
[2025-12-04T23:18:02.240+0600] {logging_mixin.py:154} INFO - [2025-12-04T23:18:02.240+0600] {dagbag.py:536} INFO - Filling up the DagBag from /Users/asminsadykova/Desktop/h&m/.venv/lib/python3.9/site-packages/airflow/example_dags/example_sensor_decorator.py
[2025-12-04T23:18:02.262+0600] {processor.py:839} INFO - DAG(s) dict_keys(['example_sensor_decorator']) retrieved from /Users/asminsadykova/Desktop/h&m/.venv/lib/python3.9/site-packages/airflow/example_dags/example_sensor_decorator.py
[2025-12-04T23:18:02.506+0600] {logging_mixin.py:154} INFO - [2025-12-04T23:18:02.506+0600] {manager.py:499} INFO - Created Permission View: %s
[2025-12-04T23:18:02.509+0600] {logging_mixin.py:154} INFO - [2025-12-04T23:18:02.509+0600] {manager.py:499} INFO - Created Permission View: %s
[2025-12-04T23:18:02.511+0600] {logging_mixin.py:154} INFO - [2025-12-04T23:18:02.511+0600] {manager.py:499} INFO - Created Permission View: %s
[2025-12-04T23:18:02.511+0600] {logging_mixin.py:154} INFO - [2025-12-04T23:18:02.511+0600] {dag.py:2941} INFO - Sync 1 DAGs
[2025-12-04T23:18:02.515+0600] {logging_mixin.py:154} INFO - [2025-12-04T23:18:02.515+0600] {dag.py:2963} INFO - Creating ORM DAG for example_sensor_decorator
[2025-12-04T23:18:02.515+0600] {logging_mixin.py:154} INFO - [2025-12-04T23:18:02.515+0600] {dag.py:3722} INFO - Setting next_dagrun for example_sensor_decorator to None, run_after=None
[2025-12-04T23:18:02.522+0600] {processor.py:179} INFO - Processing /Users/asminsadykova/Desktop/h&m/.venv/lib/python3.9/site-packages/airflow/example_dags/example_sensor_decorator.py took 0.283 seconds
[2025-12-04T23:19:20.044+0600] {processor.py:157} INFO - Started process (PID=39031) to work on /Users/asminsadykova/Desktop/h&m/.venv/lib/python3.9/site-packages/airflow/example_dags/example_sensor_decorator.py
[2025-12-04T23:19:20.045+0600] {processor.py:829} INFO - Processing file /Users/asminsadykova/Desktop/h&m/.venv/lib/python3.9/site-packages/airflow/example_dags/example_sensor_decorator.py for tasks to queue
[2025-12-04T23:19:20.045+0600] {logging_mixin.py:154} INFO - [2025-12-04T23:19:20.045+0600] {dagbag.py:536} INFO - Filling up the DagBag from /Users/asminsadykova/Desktop/h&m/.venv/lib/python3.9/site-packages/airflow/example_dags/example_sensor_decorator.py
[2025-12-04T23:19:20.072+0600] {processor.py:839} INFO - DAG(s) dict_keys(['example_sensor_decorator']) retrieved from /Users/asminsadykova/Desktop/h&m/.venv/lib/python3.9/site-packages/airflow/example_dags/example_sensor_decorator.py
[2025-12-04T23:19:20.157+0600] {logging_mixin.py:154} INFO - [2025-12-04T23:19:20.157+0600] {dag.py:2941} INFO - Sync 1 DAGs
[2025-12-04T23:19:20.165+0600] {logging_mixin.py:154} INFO - [2025-12-04T23:19:20.165+0600] {dag.py:3722} INFO - Setting next_dagrun for example_sensor_decorator to None, run_after=None
[2025-12-04T23:19:20.179+0600] {processor.py:179} INFO - Processing /Users/asminsadykova/Desktop/h&m/.venv/lib/python3.9/site-packages/airflow/example_dags/example_sensor_decorator.py took 0.138 seconds
[2025-12-04T23:20:45.555+0600] {processor.py:157} INFO - Started process (PID=39136) to work on /Users/asminsadykova/Desktop/h&m/.venv/lib/python3.9/site-packages/airflow/example_dags/example_sensor_decorator.py
[2025-12-04T23:20:45.557+0600] {processor.py:829} INFO - Processing file /Users/asminsadykova/Desktop/h&m/.venv/lib/python3.9/site-packages/airflow/example_dags/example_sensor_decorator.py for tasks to queue
[2025-12-04T23:20:45.557+0600] {logging_mixin.py:154} INFO - [2025-12-04T23:20:45.557+0600] {dagbag.py:536} INFO - Filling up the DagBag from /Users/asminsadykova/Desktop/h&m/.venv/lib/python3.9/site-packages/airflow/example_dags/example_sensor_decorator.py
[2025-12-04T23:20:45.583+0600] {processor.py:839} INFO - DAG(s) dict_keys(['example_sensor_decorator']) retrieved from /Users/asminsadykova/Desktop/h&m/.venv/lib/python3.9/site-packages/airflow/example_dags/example_sensor_decorator.py
[2025-12-04T23:20:45.654+0600] {logging_mixin.py:154} INFO - [2025-12-04T23:20:45.653+0600] {dag.py:2941} INFO - Sync 1 DAGs
[2025-12-04T23:20:45.657+0600] {logging_mixin.py:154} INFO - [2025-12-04T23:20:45.657+0600] {dag.py:3722} INFO - Setting next_dagrun for example_sensor_decorator to None, run_after=None
[2025-12-04T23:20:45.665+0600] {processor.py:179} INFO - Processing /Users/asminsadykova/Desktop/h&m/.venv/lib/python3.9/site-packages/airflow/example_dags/example_sensor_decorator.py took 0.111 seconds
[2025-12-04T23:22:12.021+0600] {processor.py:157} INFO - Started process (PID=39238) to work on /Users/asminsadykova/Desktop/h&m/.venv/lib/python3.9/site-packages/airflow/example_dags/example_sensor_decorator.py
[2025-12-04T23:22:12.022+0600] {processor.py:829} INFO - Processing file /Users/asminsadykova/Desktop/h&m/.venv/lib/python3.9/site-packages/airflow/example_dags/example_sensor_decorator.py for tasks to queue
[2025-12-04T23:22:12.022+0600] {logging_mixin.py:154} INFO - [2025-12-04T23:22:12.022+0600] {dagbag.py:536} INFO - Filling up the DagBag from /Users/asminsadykova/Desktop/h&m/.venv/lib/python3.9/site-packages/airflow/example_dags/example_sensor_decorator.py
[2025-12-04T23:22:12.046+0600] {processor.py:839} INFO - DAG(s) dict_keys(['example_sensor_decorator']) retrieved from /Users/asminsadykova/Desktop/h&m/.venv/lib/python3.9/site-packages/airflow/example_dags/example_sensor_decorator.py
[2025-12-04T23:22:12.127+0600] {logging_mixin.py:154} INFO - [2025-12-04T23:22:12.127+0600] {dag.py:2941} INFO - Sync 1 DAGs
[2025-12-04T23:22:12.131+0600] {logging_mixin.py:154} INFO - [2025-12-04T23:22:12.131+0600] {dag.py:3722} INFO - Setting next_dagrun for example_sensor_decorator to None, run_after=None
[2025-12-04T23:22:12.140+0600] {processor.py:179} INFO - Processing /Users/asminsadykova/Desktop/h&m/.venv/lib/python3.9/site-packages/airflow/example_dags/example_sensor_decorator.py took 0.120 seconds
[2025-12-04T23:23:42.363+0600] {processor.py:157} INFO - Started process (PID=39378) to work on /Users/asminsadykova/Desktop/h&m/.venv/lib/python3.9/site-packages/airflow/example_dags/example_sensor_decorator.py
[2025-12-04T23:23:42.364+0600] {processor.py:829} INFO - Processing file /Users/asminsadykova/Desktop/h&m/.venv/lib/python3.9/site-packages/airflow/example_dags/example_sensor_decorator.py for tasks to queue
[2025-12-04T23:23:42.364+0600] {logging_mixin.py:154} INFO - [2025-12-04T23:23:42.364+0600] {dagbag.py:536} INFO - Filling up the DagBag from /Users/asminsadykova/Desktop/h&m/.venv/lib/python3.9/site-packages/airflow/example_dags/example_sensor_decorator.py
[2025-12-04T23:23:42.388+0600] {processor.py:839} INFO - DAG(s) dict_keys(['example_sensor_decorator']) retrieved from /Users/asminsadykova/Desktop/h&m/.venv/lib/python3.9/site-packages/airflow/example_dags/example_sensor_decorator.py
[2025-12-04T23:23:42.459+0600] {logging_mixin.py:154} INFO - [2025-12-04T23:23:42.459+0600] {dag.py:2941} INFO - Sync 1 DAGs
[2025-12-04T23:23:42.463+0600] {logging_mixin.py:154} INFO - [2025-12-04T23:23:42.463+0600] {dag.py:3722} INFO - Setting next_dagrun for example_sensor_decorator to None, run_after=None
[2025-12-04T23:23:42.471+0600] {processor.py:179} INFO - Processing /Users/asminsadykova/Desktop/h&m/.venv/lib/python3.9/site-packages/airflow/example_dags/example_sensor_decorator.py took 0.108 seconds
[2025-12-04T23:25:20.028+0600] {processor.py:157} INFO - Started process (PID=39512) to work on /Users/asminsadykova/Desktop/h&m/.venv/lib/python3.9/site-packages/airflow/example_dags/example_sensor_decorator.py
[2025-12-04T23:25:20.029+0600] {processor.py:829} INFO - Processing file /Users/asminsadykova/Desktop/h&m/.venv/lib/python3.9/site-packages/airflow/example_dags/example_sensor_decorator.py for tasks to queue
[2025-12-04T23:25:20.029+0600] {logging_mixin.py:154} INFO - [2025-12-04T23:25:20.029+0600] {dagbag.py:536} INFO - Filling up the DagBag from /Users/asminsadykova/Desktop/h&m/.venv/lib/python3.9/site-packages/airflow/example_dags/example_sensor_decorator.py
[2025-12-04T23:25:20.052+0600] {processor.py:839} INFO - DAG(s) dict_keys(['example_sensor_decorator']) retrieved from /Users/asminsadykova/Desktop/h&m/.venv/lib/python3.9/site-packages/airflow/example_dags/example_sensor_decorator.py
[2025-12-04T23:25:20.123+0600] {logging_mixin.py:154} INFO - [2025-12-04T23:25:20.123+0600] {dag.py:2941} INFO - Sync 1 DAGs
[2025-12-04T23:25:20.127+0600] {logging_mixin.py:154} INFO - [2025-12-04T23:25:20.127+0600] {dag.py:3722} INFO - Setting next_dagrun for example_sensor_decorator to None, run_after=None
[2025-12-04T23:25:20.135+0600] {processor.py:179} INFO - Processing /Users/asminsadykova/Desktop/h&m/.venv/lib/python3.9/site-packages/airflow/example_dags/example_sensor_decorator.py took 0.107 seconds
[2025-12-04T23:26:54.214+0600] {processor.py:157} INFO - Started process (PID=39613) to work on /Users/asminsadykova/Desktop/h&m/.venv/lib/python3.9/site-packages/airflow/example_dags/example_sensor_decorator.py
[2025-12-04T23:26:54.215+0600] {processor.py:829} INFO - Processing file /Users/asminsadykova/Desktop/h&m/.venv/lib/python3.9/site-packages/airflow/example_dags/example_sensor_decorator.py for tasks to queue
[2025-12-04T23:26:54.215+0600] {logging_mixin.py:154} INFO - [2025-12-04T23:26:54.215+0600] {dagbag.py:536} INFO - Filling up the DagBag from /Users/asminsadykova/Desktop/h&m/.venv/lib/python3.9/site-packages/airflow/example_dags/example_sensor_decorator.py
[2025-12-04T23:26:54.241+0600] {processor.py:839} INFO - DAG(s) dict_keys(['example_sensor_decorator']) retrieved from /Users/asminsadykova/Desktop/h&m/.venv/lib/python3.9/site-packages/airflow/example_dags/example_sensor_decorator.py
[2025-12-04T23:26:54.315+0600] {logging_mixin.py:154} INFO - [2025-12-04T23:26:54.315+0600] {dag.py:2941} INFO - Sync 1 DAGs
[2025-12-04T23:26:54.319+0600] {logging_mixin.py:154} INFO - [2025-12-04T23:26:54.319+0600] {dag.py:3722} INFO - Setting next_dagrun for example_sensor_decorator to None, run_after=None
[2025-12-04T23:26:54.327+0600] {processor.py:179} INFO - Processing /Users/asminsadykova/Desktop/h&m/.venv/lib/python3.9/site-packages/airflow/example_dags/example_sensor_decorator.py took 0.113 seconds
[2025-12-04T23:28:25.663+0600] {processor.py:157} INFO - Started process (PID=39715) to work on /Users/asminsadykova/Desktop/h&m/.venv/lib/python3.9/site-packages/airflow/example_dags/example_sensor_decorator.py
[2025-12-04T23:28:25.664+0600] {processor.py:829} INFO - Processing file /Users/asminsadykova/Desktop/h&m/.venv/lib/python3.9/site-packages/airflow/example_dags/example_sensor_decorator.py for tasks to queue
[2025-12-04T23:28:25.664+0600] {logging_mixin.py:154} INFO - [2025-12-04T23:28:25.664+0600] {dagbag.py:536} INFO - Filling up the DagBag from /Users/asminsadykova/Desktop/h&m/.venv/lib/python3.9/site-packages/airflow/example_dags/example_sensor_decorator.py
[2025-12-04T23:28:25.689+0600] {processor.py:839} INFO - DAG(s) dict_keys(['example_sensor_decorator']) retrieved from /Users/asminsadykova/Desktop/h&m/.venv/lib/python3.9/site-packages/airflow/example_dags/example_sensor_decorator.py
[2025-12-04T23:28:25.769+0600] {logging_mixin.py:154} INFO - [2025-12-04T23:28:25.768+0600] {dag.py:2941} INFO - Sync 1 DAGs
[2025-12-04T23:28:25.772+0600] {logging_mixin.py:154} INFO - [2025-12-04T23:28:25.772+0600] {dag.py:3722} INFO - Setting next_dagrun for example_sensor_decorator to None, run_after=None
[2025-12-04T23:28:25.781+0600] {processor.py:179} INFO - Processing /Users/asminsadykova/Desktop/h&m/.venv/lib/python3.9/site-packages/airflow/example_dags/example_sensor_decorator.py took 0.118 seconds
[2025-12-04T23:29:50.387+0600] {processor.py:157} INFO - Started process (PID=39786) to work on /Users/asminsadykova/Desktop/h&m/.venv/lib/python3.9/site-packages/airflow/example_dags/example_sensor_decorator.py
[2025-12-04T23:29:50.388+0600] {processor.py:829} INFO - Processing file /Users/asminsadykova/Desktop/h&m/.venv/lib/python3.9/site-packages/airflow/example_dags/example_sensor_decorator.py for tasks to queue
[2025-12-04T23:29:50.388+0600] {logging_mixin.py:154} INFO - [2025-12-04T23:29:50.388+0600] {dagbag.py:536} INFO - Filling up the DagBag from /Users/asminsadykova/Desktop/h&m/.venv/lib/python3.9/site-packages/airflow/example_dags/example_sensor_decorator.py
[2025-12-04T23:29:50.410+0600] {processor.py:839} INFO - DAG(s) dict_keys(['example_sensor_decorator']) retrieved from /Users/asminsadykova/Desktop/h&m/.venv/lib/python3.9/site-packages/airflow/example_dags/example_sensor_decorator.py
[2025-12-04T23:29:50.481+0600] {logging_mixin.py:154} INFO - [2025-12-04T23:29:50.481+0600] {dag.py:2941} INFO - Sync 1 DAGs
[2025-12-04T23:29:50.484+0600] {logging_mixin.py:154} INFO - [2025-12-04T23:29:50.484+0600] {dag.py:3722} INFO - Setting next_dagrun for example_sensor_decorator to None, run_after=None
[2025-12-04T23:29:50.492+0600] {processor.py:179} INFO - Processing /Users/asminsadykova/Desktop/h&m/.venv/lib/python3.9/site-packages/airflow/example_dags/example_sensor_decorator.py took 0.106 seconds
[2025-12-04T23:31:11.151+0600] {processor.py:157} INFO - Started process (PID=39853) to work on /Users/asminsadykova/Desktop/h&m/.venv/lib/python3.9/site-packages/airflow/example_dags/example_sensor_decorator.py
[2025-12-04T23:31:11.152+0600] {processor.py:829} INFO - Processing file /Users/asminsadykova/Desktop/h&m/.venv/lib/python3.9/site-packages/airflow/example_dags/example_sensor_decorator.py for tasks to queue
[2025-12-04T23:31:11.152+0600] {logging_mixin.py:154} INFO - [2025-12-04T23:31:11.152+0600] {dagbag.py:536} INFO - Filling up the DagBag from /Users/asminsadykova/Desktop/h&m/.venv/lib/python3.9/site-packages/airflow/example_dags/example_sensor_decorator.py
[2025-12-04T23:31:11.174+0600] {processor.py:839} INFO - DAG(s) dict_keys(['example_sensor_decorator']) retrieved from /Users/asminsadykova/Desktop/h&m/.venv/lib/python3.9/site-packages/airflow/example_dags/example_sensor_decorator.py
[2025-12-04T23:31:11.246+0600] {logging_mixin.py:154} INFO - [2025-12-04T23:31:11.246+0600] {dag.py:2941} INFO - Sync 1 DAGs
[2025-12-04T23:31:11.250+0600] {logging_mixin.py:154} INFO - [2025-12-04T23:31:11.250+0600] {dag.py:3722} INFO - Setting next_dagrun for example_sensor_decorator to None, run_after=None
[2025-12-04T23:31:11.258+0600] {processor.py:179} INFO - Processing /Users/asminsadykova/Desktop/h&m/.venv/lib/python3.9/site-packages/airflow/example_dags/example_sensor_decorator.py took 0.108 seconds
[2025-12-04T23:32:40.234+0600] {processor.py:157} INFO - Started process (PID=40069) to work on /Users/asminsadykova/Desktop/h&m/.venv/lib/python3.9/site-packages/airflow/example_dags/example_sensor_decorator.py
[2025-12-04T23:32:40.236+0600] {processor.py:829} INFO - Processing file /Users/asminsadykova/Desktop/h&m/.venv/lib/python3.9/site-packages/airflow/example_dags/example_sensor_decorator.py for tasks to queue
[2025-12-04T23:32:40.236+0600] {logging_mixin.py:154} INFO - [2025-12-04T23:32:40.236+0600] {dagbag.py:536} INFO - Filling up the DagBag from /Users/asminsadykova/Desktop/h&m/.venv/lib/python3.9/site-packages/airflow/example_dags/example_sensor_decorator.py
[2025-12-04T23:32:40.258+0600] {processor.py:839} INFO - DAG(s) dict_keys(['example_sensor_decorator']) retrieved from /Users/asminsadykova/Desktop/h&m/.venv/lib/python3.9/site-packages/airflow/example_dags/example_sensor_decorator.py
[2025-12-04T23:32:40.328+0600] {logging_mixin.py:154} INFO - [2025-12-04T23:32:40.328+0600] {dag.py:2941} INFO - Sync 1 DAGs
[2025-12-04T23:32:40.332+0600] {logging_mixin.py:154} INFO - [2025-12-04T23:32:40.332+0600] {dag.py:3722} INFO - Setting next_dagrun for example_sensor_decorator to None, run_after=None
[2025-12-04T23:32:40.340+0600] {processor.py:179} INFO - Processing /Users/asminsadykova/Desktop/h&m/.venv/lib/python3.9/site-packages/airflow/example_dags/example_sensor_decorator.py took 0.106 seconds
[2025-12-04T23:34:02.408+0600] {processor.py:157} INFO - Started process (PID=40148) to work on /Users/asminsadykova/Desktop/h&m/.venv/lib/python3.9/site-packages/airflow/example_dags/example_sensor_decorator.py
[2025-12-04T23:34:02.408+0600] {processor.py:829} INFO - Processing file /Users/asminsadykova/Desktop/h&m/.venv/lib/python3.9/site-packages/airflow/example_dags/example_sensor_decorator.py for tasks to queue
[2025-12-04T23:34:02.408+0600] {logging_mixin.py:154} INFO - [2025-12-04T23:34:02.408+0600] {dagbag.py:536} INFO - Filling up the DagBag from /Users/asminsadykova/Desktop/h&m/.venv/lib/python3.9/site-packages/airflow/example_dags/example_sensor_decorator.py
[2025-12-04T23:34:02.432+0600] {processor.py:839} INFO - DAG(s) dict_keys(['example_sensor_decorator']) retrieved from /Users/asminsadykova/Desktop/h&m/.venv/lib/python3.9/site-packages/airflow/example_dags/example_sensor_decorator.py
[2025-12-04T23:34:02.507+0600] {logging_mixin.py:154} INFO - [2025-12-04T23:34:02.507+0600] {dag.py:2941} INFO - Sync 1 DAGs
[2025-12-04T23:34:02.511+0600] {logging_mixin.py:154} INFO - [2025-12-04T23:34:02.511+0600] {dag.py:3722} INFO - Setting next_dagrun for example_sensor_decorator to None, run_after=None
[2025-12-04T23:34:02.519+0600] {processor.py:179} INFO - Processing /Users/asminsadykova/Desktop/h&m/.venv/lib/python3.9/site-packages/airflow/example_dags/example_sensor_decorator.py took 0.112 seconds
[2025-12-04T23:35:36.507+0600] {processor.py:157} INFO - Started process (PID=40240) to work on /Users/asminsadykova/Desktop/h&m/.venv/lib/python3.9/site-packages/airflow/example_dags/example_sensor_decorator.py
[2025-12-04T23:35:36.508+0600] {processor.py:829} INFO - Processing file /Users/asminsadykova/Desktop/h&m/.venv/lib/python3.9/site-packages/airflow/example_dags/example_sensor_decorator.py for tasks to queue
[2025-12-04T23:35:36.509+0600] {logging_mixin.py:154} INFO - [2025-12-04T23:35:36.509+0600] {dagbag.py:536} INFO - Filling up the DagBag from /Users/asminsadykova/Desktop/h&m/.venv/lib/python3.9/site-packages/airflow/example_dags/example_sensor_decorator.py
[2025-12-04T23:35:36.531+0600] {processor.py:839} INFO - DAG(s) dict_keys(['example_sensor_decorator']) retrieved from /Users/asminsadykova/Desktop/h&m/.venv/lib/python3.9/site-packages/airflow/example_dags/example_sensor_decorator.py
[2025-12-04T23:35:36.612+0600] {logging_mixin.py:154} INFO - [2025-12-04T23:35:36.611+0600] {dag.py:2941} INFO - Sync 1 DAGs
[2025-12-04T23:35:36.616+0600] {logging_mixin.py:154} INFO - [2025-12-04T23:35:36.616+0600] {dag.py:3722} INFO - Setting next_dagrun for example_sensor_decorator to None, run_after=None
[2025-12-04T23:35:36.624+0600] {processor.py:179} INFO - Processing /Users/asminsadykova/Desktop/h&m/.venv/lib/python3.9/site-packages/airflow/example_dags/example_sensor_decorator.py took 0.117 seconds
[2025-12-04T23:37:11.137+0600] {processor.py:157} INFO - Started process (PID=40331) to work on /Users/asminsadykova/Desktop/h&m/.venv/lib/python3.9/site-packages/airflow/example_dags/example_sensor_decorator.py
[2025-12-04T23:37:11.138+0600] {processor.py:829} INFO - Processing file /Users/asminsadykova/Desktop/h&m/.venv/lib/python3.9/site-packages/airflow/example_dags/example_sensor_decorator.py for tasks to queue
[2025-12-04T23:37:11.138+0600] {logging_mixin.py:154} INFO - [2025-12-04T23:37:11.138+0600] {dagbag.py:536} INFO - Filling up the DagBag from /Users/asminsadykova/Desktop/h&m/.venv/lib/python3.9/site-packages/airflow/example_dags/example_sensor_decorator.py
[2025-12-04T23:37:11.160+0600] {processor.py:839} INFO - DAG(s) dict_keys(['example_sensor_decorator']) retrieved from /Users/asminsadykova/Desktop/h&m/.venv/lib/python3.9/site-packages/airflow/example_dags/example_sensor_decorator.py
[2025-12-04T23:37:11.230+0600] {logging_mixin.py:154} INFO - [2025-12-04T23:37:11.230+0600] {dag.py:2941} INFO - Sync 1 DAGs
[2025-12-04T23:37:11.234+0600] {logging_mixin.py:154} INFO - [2025-12-04T23:37:11.234+0600] {dag.py:3722} INFO - Setting next_dagrun for example_sensor_decorator to None, run_after=None
[2025-12-04T23:37:11.242+0600] {processor.py:179} INFO - Processing /Users/asminsadykova/Desktop/h&m/.venv/lib/python3.9/site-packages/airflow/example_dags/example_sensor_decorator.py took 0.106 seconds
[2025-12-04T23:38:45.381+0600] {processor.py:157} INFO - Started process (PID=40416) to work on /Users/asminsadykova/Desktop/h&m/.venv/lib/python3.9/site-packages/airflow/example_dags/example_sensor_decorator.py
[2025-12-04T23:38:45.382+0600] {processor.py:829} INFO - Processing file /Users/asminsadykova/Desktop/h&m/.venv/lib/python3.9/site-packages/airflow/example_dags/example_sensor_decorator.py for tasks to queue
[2025-12-04T23:38:45.383+0600] {logging_mixin.py:154} INFO - [2025-12-04T23:38:45.383+0600] {dagbag.py:536} INFO - Filling up the DagBag from /Users/asminsadykova/Desktop/h&m/.venv/lib/python3.9/site-packages/airflow/example_dags/example_sensor_decorator.py
[2025-12-04T23:38:45.408+0600] {processor.py:839} INFO - DAG(s) dict_keys(['example_sensor_decorator']) retrieved from /Users/asminsadykova/Desktop/h&m/.venv/lib/python3.9/site-packages/airflow/example_dags/example_sensor_decorator.py
[2025-12-04T23:38:45.484+0600] {logging_mixin.py:154} INFO - [2025-12-04T23:38:45.484+0600] {dag.py:2941} INFO - Sync 1 DAGs
[2025-12-04T23:38:45.487+0600] {logging_mixin.py:154} INFO - [2025-12-04T23:38:45.487+0600] {dag.py:3722} INFO - Setting next_dagrun for example_sensor_decorator to None, run_after=None
[2025-12-04T23:38:45.496+0600] {processor.py:179} INFO - Processing /Users/asminsadykova/Desktop/h&m/.venv/lib/python3.9/site-packages/airflow/example_dags/example_sensor_decorator.py took 0.115 seconds
[2025-12-04T23:40:18.440+0600] {processor.py:157} INFO - Started process (PID=40540) to work on /Users/asminsadykova/Desktop/h&m/.venv/lib/python3.9/site-packages/airflow/example_dags/example_sensor_decorator.py
[2025-12-04T23:40:18.441+0600] {processor.py:829} INFO - Processing file /Users/asminsadykova/Desktop/h&m/.venv/lib/python3.9/site-packages/airflow/example_dags/example_sensor_decorator.py for tasks to queue
[2025-12-04T23:40:18.441+0600] {logging_mixin.py:154} INFO - [2025-12-04T23:40:18.441+0600] {dagbag.py:536} INFO - Filling up the DagBag from /Users/asminsadykova/Desktop/h&m/.venv/lib/python3.9/site-packages/airflow/example_dags/example_sensor_decorator.py
[2025-12-04T23:40:18.464+0600] {processor.py:839} INFO - DAG(s) dict_keys(['example_sensor_decorator']) retrieved from /Users/asminsadykova/Desktop/h&m/.venv/lib/python3.9/site-packages/airflow/example_dags/example_sensor_decorator.py
[2025-12-04T23:40:18.536+0600] {logging_mixin.py:154} INFO - [2025-12-04T23:40:18.536+0600] {dag.py:2941} INFO - Sync 1 DAGs
[2025-12-04T23:40:18.539+0600] {logging_mixin.py:154} INFO - [2025-12-04T23:40:18.539+0600] {dag.py:3722} INFO - Setting next_dagrun for example_sensor_decorator to None, run_after=None
[2025-12-04T23:40:18.548+0600] {processor.py:179} INFO - Processing /Users/asminsadykova/Desktop/h&m/.venv/lib/python3.9/site-packages/airflow/example_dags/example_sensor_decorator.py took 0.109 seconds
[2025-12-04T23:41:52.511+0600] {processor.py:157} INFO - Started process (PID=40631) to work on /Users/asminsadykova/Desktop/h&m/.venv/lib/python3.9/site-packages/airflow/example_dags/example_sensor_decorator.py
[2025-12-04T23:41:52.512+0600] {processor.py:829} INFO - Processing file /Users/asminsadykova/Desktop/h&m/.venv/lib/python3.9/site-packages/airflow/example_dags/example_sensor_decorator.py for tasks to queue
[2025-12-04T23:41:52.512+0600] {logging_mixin.py:154} INFO - [2025-12-04T23:41:52.512+0600] {dagbag.py:536} INFO - Filling up the DagBag from /Users/asminsadykova/Desktop/h&m/.venv/lib/python3.9/site-packages/airflow/example_dags/example_sensor_decorator.py
[2025-12-04T23:41:52.536+0600] {processor.py:839} INFO - DAG(s) dict_keys(['example_sensor_decorator']) retrieved from /Users/asminsadykova/Desktop/h&m/.venv/lib/python3.9/site-packages/airflow/example_dags/example_sensor_decorator.py
[2025-12-04T23:41:52.615+0600] {logging_mixin.py:154} INFO - [2025-12-04T23:41:52.615+0600] {dag.py:2941} INFO - Sync 1 DAGs
[2025-12-04T23:41:52.618+0600] {logging_mixin.py:154} INFO - [2025-12-04T23:41:52.618+0600] {dag.py:3722} INFO - Setting next_dagrun for example_sensor_decorator to None, run_after=None
[2025-12-04T23:41:52.627+0600] {processor.py:179} INFO - Processing /Users/asminsadykova/Desktop/h&m/.venv/lib/python3.9/site-packages/airflow/example_dags/example_sensor_decorator.py took 0.117 seconds
[2025-12-04T23:43:23.092+0600] {processor.py:157} INFO - Started process (PID=40749) to work on /Users/asminsadykova/Desktop/h&m/.venv/lib/python3.9/site-packages/airflow/example_dags/example_sensor_decorator.py
[2025-12-04T23:43:23.094+0600] {processor.py:829} INFO - Processing file /Users/asminsadykova/Desktop/h&m/.venv/lib/python3.9/site-packages/airflow/example_dags/example_sensor_decorator.py for tasks to queue
[2025-12-04T23:43:23.095+0600] {logging_mixin.py:154} INFO - [2025-12-04T23:43:23.094+0600] {dagbag.py:536} INFO - Filling up the DagBag from /Users/asminsadykova/Desktop/h&m/.venv/lib/python3.9/site-packages/airflow/example_dags/example_sensor_decorator.py
[2025-12-04T23:43:23.117+0600] {processor.py:839} INFO - DAG(s) dict_keys(['example_sensor_decorator']) retrieved from /Users/asminsadykova/Desktop/h&m/.venv/lib/python3.9/site-packages/airflow/example_dags/example_sensor_decorator.py
[2025-12-04T23:43:23.187+0600] {logging_mixin.py:154} INFO - [2025-12-04T23:43:23.187+0600] {dag.py:2941} INFO - Sync 1 DAGs
[2025-12-04T23:43:23.191+0600] {logging_mixin.py:154} INFO - [2025-12-04T23:43:23.191+0600] {dag.py:3722} INFO - Setting next_dagrun for example_sensor_decorator to None, run_after=None
[2025-12-04T23:43:23.199+0600] {processor.py:179} INFO - Processing /Users/asminsadykova/Desktop/h&m/.venv/lib/python3.9/site-packages/airflow/example_dags/example_sensor_decorator.py took 0.107 seconds
[2025-12-04T23:44:59.931+0600] {processor.py:157} INFO - Started process (PID=41059) to work on /Users/asminsadykova/Desktop/h&m/.venv/lib/python3.9/site-packages/airflow/example_dags/example_sensor_decorator.py
[2025-12-04T23:44:59.932+0600] {processor.py:829} INFO - Processing file /Users/asminsadykova/Desktop/h&m/.venv/lib/python3.9/site-packages/airflow/example_dags/example_sensor_decorator.py for tasks to queue
[2025-12-04T23:44:59.933+0600] {logging_mixin.py:154} INFO - [2025-12-04T23:44:59.932+0600] {dagbag.py:536} INFO - Filling up the DagBag from /Users/asminsadykova/Desktop/h&m/.venv/lib/python3.9/site-packages/airflow/example_dags/example_sensor_decorator.py
[2025-12-04T23:44:59.958+0600] {processor.py:839} INFO - DAG(s) dict_keys(['example_sensor_decorator']) retrieved from /Users/asminsadykova/Desktop/h&m/.venv/lib/python3.9/site-packages/airflow/example_dags/example_sensor_decorator.py
[2025-12-04T23:45:00.037+0600] {logging_mixin.py:154} INFO - [2025-12-04T23:45:00.037+0600] {dag.py:2941} INFO - Sync 1 DAGs
[2025-12-04T23:45:00.042+0600] {logging_mixin.py:154} INFO - [2025-12-04T23:45:00.041+0600] {dag.py:3722} INFO - Setting next_dagrun for example_sensor_decorator to None, run_after=None
[2025-12-04T23:45:00.051+0600] {processor.py:179} INFO - Processing /Users/asminsadykova/Desktop/h&m/.venv/lib/python3.9/site-packages/airflow/example_dags/example_sensor_decorator.py took 0.120 seconds
[2025-12-04T23:46:36.089+0600] {processor.py:157} INFO - Started process (PID=41379) to work on /Users/asminsadykova/Desktop/h&m/.venv/lib/python3.9/site-packages/airflow/example_dags/example_sensor_decorator.py
[2025-12-04T23:46:36.091+0600] {processor.py:829} INFO - Processing file /Users/asminsadykova/Desktop/h&m/.venv/lib/python3.9/site-packages/airflow/example_dags/example_sensor_decorator.py for tasks to queue
[2025-12-04T23:46:36.091+0600] {logging_mixin.py:154} INFO - [2025-12-04T23:46:36.091+0600] {dagbag.py:536} INFO - Filling up the DagBag from /Users/asminsadykova/Desktop/h&m/.venv/lib/python3.9/site-packages/airflow/example_dags/example_sensor_decorator.py
[2025-12-04T23:46:36.113+0600] {processor.py:839} INFO - DAG(s) dict_keys(['example_sensor_decorator']) retrieved from /Users/asminsadykova/Desktop/h&m/.venv/lib/python3.9/site-packages/airflow/example_dags/example_sensor_decorator.py
[2025-12-04T23:46:36.185+0600] {logging_mixin.py:154} INFO - [2025-12-04T23:46:36.185+0600] {dag.py:2941} INFO - Sync 1 DAGs
[2025-12-04T23:46:36.188+0600] {logging_mixin.py:154} INFO - [2025-12-04T23:46:36.188+0600] {dag.py:3722} INFO - Setting next_dagrun for example_sensor_decorator to None, run_after=None
[2025-12-04T23:46:36.197+0600] {processor.py:179} INFO - Processing /Users/asminsadykova/Desktop/h&m/.venv/lib/python3.9/site-packages/airflow/example_dags/example_sensor_decorator.py took 0.108 seconds
[2025-12-04T23:48:03.473+0600] {processor.py:157} INFO - Started process (PID=41620) to work on /Users/asminsadykova/Desktop/h&m/.venv/lib/python3.9/site-packages/airflow/example_dags/example_sensor_decorator.py
[2025-12-04T23:48:03.475+0600] {processor.py:829} INFO - Processing file /Users/asminsadykova/Desktop/h&m/.venv/lib/python3.9/site-packages/airflow/example_dags/example_sensor_decorator.py for tasks to queue
[2025-12-04T23:48:03.475+0600] {logging_mixin.py:154} INFO - [2025-12-04T23:48:03.475+0600] {dagbag.py:536} INFO - Filling up the DagBag from /Users/asminsadykova/Desktop/h&m/.venv/lib/python3.9/site-packages/airflow/example_dags/example_sensor_decorator.py
[2025-12-04T23:48:03.501+0600] {processor.py:839} INFO - DAG(s) dict_keys(['example_sensor_decorator']) retrieved from /Users/asminsadykova/Desktop/h&m/.venv/lib/python3.9/site-packages/airflow/example_dags/example_sensor_decorator.py
[2025-12-04T23:48:03.601+0600] {logging_mixin.py:154} INFO - [2025-12-04T23:48:03.601+0600] {dag.py:2941} INFO - Sync 1 DAGs
[2025-12-04T23:48:03.604+0600] {logging_mixin.py:154} INFO - [2025-12-04T23:48:03.604+0600] {dag.py:3722} INFO - Setting next_dagrun for example_sensor_decorator to None, run_after=None
[2025-12-04T23:48:03.612+0600] {processor.py:179} INFO - Processing /Users/asminsadykova/Desktop/h&m/.venv/lib/python3.9/site-packages/airflow/example_dags/example_sensor_decorator.py took 0.140 seconds
[2025-12-04T23:49:32.305+0600] {processor.py:157} INFO - Started process (PID=41741) to work on /Users/asminsadykova/Desktop/h&m/.venv/lib/python3.9/site-packages/airflow/example_dags/example_sensor_decorator.py
[2025-12-04T23:49:32.306+0600] {processor.py:829} INFO - Processing file /Users/asminsadykova/Desktop/h&m/.venv/lib/python3.9/site-packages/airflow/example_dags/example_sensor_decorator.py for tasks to queue
[2025-12-04T23:49:32.306+0600] {logging_mixin.py:154} INFO - [2025-12-04T23:49:32.306+0600] {dagbag.py:536} INFO - Filling up the DagBag from /Users/asminsadykova/Desktop/h&m/.venv/lib/python3.9/site-packages/airflow/example_dags/example_sensor_decorator.py
[2025-12-04T23:49:32.337+0600] {processor.py:839} INFO - DAG(s) dict_keys(['example_sensor_decorator']) retrieved from /Users/asminsadykova/Desktop/h&m/.venv/lib/python3.9/site-packages/airflow/example_dags/example_sensor_decorator.py
[2025-12-04T23:49:32.424+0600] {logging_mixin.py:154} INFO - [2025-12-04T23:49:32.424+0600] {dag.py:2941} INFO - Sync 1 DAGs
[2025-12-04T23:49:32.428+0600] {logging_mixin.py:154} INFO - [2025-12-04T23:49:32.428+0600] {dag.py:3722} INFO - Setting next_dagrun for example_sensor_decorator to None, run_after=None
[2025-12-04T23:49:32.439+0600] {processor.py:179} INFO - Processing /Users/asminsadykova/Desktop/h&m/.venv/lib/python3.9/site-packages/airflow/example_dags/example_sensor_decorator.py took 0.135 seconds
[2025-12-04T23:51:12.785+0600] {processor.py:157} INFO - Started process (PID=41917) to work on /Users/asminsadykova/Desktop/h&m/.venv/lib/python3.9/site-packages/airflow/example_dags/example_sensor_decorator.py
[2025-12-04T23:51:12.787+0600] {processor.py:829} INFO - Processing file /Users/asminsadykova/Desktop/h&m/.venv/lib/python3.9/site-packages/airflow/example_dags/example_sensor_decorator.py for tasks to queue
[2025-12-04T23:51:12.787+0600] {logging_mixin.py:154} INFO - [2025-12-04T23:51:12.787+0600] {dagbag.py:536} INFO - Filling up the DagBag from /Users/asminsadykova/Desktop/h&m/.venv/lib/python3.9/site-packages/airflow/example_dags/example_sensor_decorator.py
[2025-12-04T23:51:12.811+0600] {processor.py:839} INFO - DAG(s) dict_keys(['example_sensor_decorator']) retrieved from /Users/asminsadykova/Desktop/h&m/.venv/lib/python3.9/site-packages/airflow/example_dags/example_sensor_decorator.py
[2025-12-04T23:51:12.892+0600] {logging_mixin.py:154} INFO - [2025-12-04T23:51:12.892+0600] {dag.py:2941} INFO - Sync 1 DAGs
[2025-12-04T23:51:12.897+0600] {logging_mixin.py:154} INFO - [2025-12-04T23:51:12.897+0600] {dag.py:3722} INFO - Setting next_dagrun for example_sensor_decorator to None, run_after=None
[2025-12-04T23:51:12.907+0600] {processor.py:179} INFO - Processing /Users/asminsadykova/Desktop/h&m/.venv/lib/python3.9/site-packages/airflow/example_dags/example_sensor_decorator.py took 0.123 seconds
[2025-12-04T23:52:45.783+0600] {processor.py:157} INFO - Started process (PID=42080) to work on /Users/asminsadykova/Desktop/h&m/.venv/lib/python3.9/site-packages/airflow/example_dags/example_sensor_decorator.py
[2025-12-04T23:52:45.785+0600] {processor.py:829} INFO - Processing file /Users/asminsadykova/Desktop/h&m/.venv/lib/python3.9/site-packages/airflow/example_dags/example_sensor_decorator.py for tasks to queue
[2025-12-04T23:52:45.785+0600] {logging_mixin.py:154} INFO - [2025-12-04T23:52:45.785+0600] {dagbag.py:536} INFO - Filling up the DagBag from /Users/asminsadykova/Desktop/h&m/.venv/lib/python3.9/site-packages/airflow/example_dags/example_sensor_decorator.py
[2025-12-04T23:52:45.813+0600] {processor.py:839} INFO - DAG(s) dict_keys(['example_sensor_decorator']) retrieved from /Users/asminsadykova/Desktop/h&m/.venv/lib/python3.9/site-packages/airflow/example_dags/example_sensor_decorator.py
[2025-12-04T23:52:45.893+0600] {logging_mixin.py:154} INFO - [2025-12-04T23:52:45.893+0600] {dag.py:2941} INFO - Sync 1 DAGs
[2025-12-04T23:52:45.897+0600] {logging_mixin.py:154} INFO - [2025-12-04T23:52:45.897+0600] {dag.py:3722} INFO - Setting next_dagrun for example_sensor_decorator to None, run_after=None
[2025-12-04T23:52:45.906+0600] {processor.py:179} INFO - Processing /Users/asminsadykova/Desktop/h&m/.venv/lib/python3.9/site-packages/airflow/example_dags/example_sensor_decorator.py took 0.124 seconds
[2025-12-04T23:54:19.766+0600] {processor.py:157} INFO - Started process (PID=42174) to work on /Users/asminsadykova/Desktop/h&m/.venv/lib/python3.9/site-packages/airflow/example_dags/example_sensor_decorator.py
[2025-12-04T23:54:19.768+0600] {processor.py:829} INFO - Processing file /Users/asminsadykova/Desktop/h&m/.venv/lib/python3.9/site-packages/airflow/example_dags/example_sensor_decorator.py for tasks to queue
[2025-12-04T23:54:19.768+0600] {logging_mixin.py:154} INFO - [2025-12-04T23:54:19.768+0600] {dagbag.py:536} INFO - Filling up the DagBag from /Users/asminsadykova/Desktop/h&m/.venv/lib/python3.9/site-packages/airflow/example_dags/example_sensor_decorator.py
[2025-12-04T23:54:19.790+0600] {processor.py:839} INFO - DAG(s) dict_keys(['example_sensor_decorator']) retrieved from /Users/asminsadykova/Desktop/h&m/.venv/lib/python3.9/site-packages/airflow/example_dags/example_sensor_decorator.py
[2025-12-04T23:54:19.860+0600] {logging_mixin.py:154} INFO - [2025-12-04T23:54:19.860+0600] {dag.py:2941} INFO - Sync 1 DAGs
[2025-12-04T23:54:19.864+0600] {logging_mixin.py:154} INFO - [2025-12-04T23:54:19.864+0600] {dag.py:3722} INFO - Setting next_dagrun for example_sensor_decorator to None, run_after=None
[2025-12-04T23:54:19.872+0600] {processor.py:179} INFO - Processing /Users/asminsadykova/Desktop/h&m/.venv/lib/python3.9/site-packages/airflow/example_dags/example_sensor_decorator.py took 0.106 seconds
[2025-12-04T23:55:46.288+0600] {processor.py:157} INFO - Started process (PID=42254) to work on /Users/asminsadykova/Desktop/h&m/.venv/lib/python3.9/site-packages/airflow/example_dags/example_sensor_decorator.py
[2025-12-04T23:55:46.290+0600] {processor.py:829} INFO - Processing file /Users/asminsadykova/Desktop/h&m/.venv/lib/python3.9/site-packages/airflow/example_dags/example_sensor_decorator.py for tasks to queue
[2025-12-04T23:55:46.290+0600] {logging_mixin.py:154} INFO - [2025-12-04T23:55:46.290+0600] {dagbag.py:536} INFO - Filling up the DagBag from /Users/asminsadykova/Desktop/h&m/.venv/lib/python3.9/site-packages/airflow/example_dags/example_sensor_decorator.py
[2025-12-04T23:55:46.312+0600] {processor.py:839} INFO - DAG(s) dict_keys(['example_sensor_decorator']) retrieved from /Users/asminsadykova/Desktop/h&m/.venv/lib/python3.9/site-packages/airflow/example_dags/example_sensor_decorator.py
[2025-12-04T23:55:46.385+0600] {logging_mixin.py:154} INFO - [2025-12-04T23:55:46.385+0600] {dag.py:2941} INFO - Sync 1 DAGs
[2025-12-04T23:55:46.388+0600] {logging_mixin.py:154} INFO - [2025-12-04T23:55:46.388+0600] {dag.py:3722} INFO - Setting next_dagrun for example_sensor_decorator to None, run_after=None
[2025-12-04T23:55:46.398+0600] {processor.py:179} INFO - Processing /Users/asminsadykova/Desktop/h&m/.venv/lib/python3.9/site-packages/airflow/example_dags/example_sensor_decorator.py took 0.110 seconds
[2025-12-04T23:57:17.832+0600] {processor.py:157} INFO - Started process (PID=42326) to work on /Users/asminsadykova/Desktop/h&m/.venv/lib/python3.9/site-packages/airflow/example_dags/example_sensor_decorator.py
[2025-12-04T23:57:17.834+0600] {processor.py:829} INFO - Processing file /Users/asminsadykova/Desktop/h&m/.venv/lib/python3.9/site-packages/airflow/example_dags/example_sensor_decorator.py for tasks to queue
[2025-12-04T23:57:17.834+0600] {logging_mixin.py:154} INFO - [2025-12-04T23:57:17.834+0600] {dagbag.py:536} INFO - Filling up the DagBag from /Users/asminsadykova/Desktop/h&m/.venv/lib/python3.9/site-packages/airflow/example_dags/example_sensor_decorator.py
[2025-12-04T23:57:17.858+0600] {processor.py:839} INFO - DAG(s) dict_keys(['example_sensor_decorator']) retrieved from /Users/asminsadykova/Desktop/h&m/.venv/lib/python3.9/site-packages/airflow/example_dags/example_sensor_decorator.py
[2025-12-04T23:57:17.935+0600] {logging_mixin.py:154} INFO - [2025-12-04T23:57:17.934+0600] {dag.py:2941} INFO - Sync 1 DAGs
[2025-12-04T23:57:17.938+0600] {logging_mixin.py:154} INFO - [2025-12-04T23:57:17.938+0600] {dag.py:3722} INFO - Setting next_dagrun for example_sensor_decorator to None, run_after=None
[2025-12-04T23:57:17.948+0600] {processor.py:179} INFO - Processing /Users/asminsadykova/Desktop/h&m/.venv/lib/python3.9/site-packages/airflow/example_dags/example_sensor_decorator.py took 0.116 seconds
[2025-12-04T23:58:43.664+0600] {processor.py:157} INFO - Started process (PID=42411) to work on /Users/asminsadykova/Desktop/h&m/.venv/lib/python3.9/site-packages/airflow/example_dags/example_sensor_decorator.py
[2025-12-04T23:58:43.665+0600] {processor.py:829} INFO - Processing file /Users/asminsadykova/Desktop/h&m/.venv/lib/python3.9/site-packages/airflow/example_dags/example_sensor_decorator.py for tasks to queue
[2025-12-04T23:58:43.665+0600] {logging_mixin.py:154} INFO - [2025-12-04T23:58:43.665+0600] {dagbag.py:536} INFO - Filling up the DagBag from /Users/asminsadykova/Desktop/h&m/.venv/lib/python3.9/site-packages/airflow/example_dags/example_sensor_decorator.py
[2025-12-04T23:58:43.687+0600] {processor.py:839} INFO - DAG(s) dict_keys(['example_sensor_decorator']) retrieved from /Users/asminsadykova/Desktop/h&m/.venv/lib/python3.9/site-packages/airflow/example_dags/example_sensor_decorator.py
[2025-12-04T23:58:43.757+0600] {logging_mixin.py:154} INFO - [2025-12-04T23:58:43.756+0600] {dag.py:2941} INFO - Sync 1 DAGs
[2025-12-04T23:58:43.760+0600] {logging_mixin.py:154} INFO - [2025-12-04T23:58:43.760+0600] {dag.py:3722} INFO - Setting next_dagrun for example_sensor_decorator to None, run_after=None
[2025-12-04T23:58:43.768+0600] {processor.py:179} INFO - Processing /Users/asminsadykova/Desktop/h&m/.venv/lib/python3.9/site-packages/airflow/example_dags/example_sensor_decorator.py took 0.104 seconds
[2025-12-05T00:00:14.835+0600] {processor.py:157} INFO - Started process (PID=42662) to work on /Users/asminsadykova/Desktop/h&m/.venv/lib/python3.9/site-packages/airflow/example_dags/example_sensor_decorator.py
[2025-12-05T00:00:14.836+0600] {processor.py:829} INFO - Processing file /Users/asminsadykova/Desktop/h&m/.venv/lib/python3.9/site-packages/airflow/example_dags/example_sensor_decorator.py for tasks to queue
[2025-12-05T00:00:14.836+0600] {logging_mixin.py:154} INFO - [2025-12-05T00:00:14.836+0600] {dagbag.py:536} INFO - Filling up the DagBag from /Users/asminsadykova/Desktop/h&m/.venv/lib/python3.9/site-packages/airflow/example_dags/example_sensor_decorator.py
[2025-12-05T00:00:14.861+0600] {processor.py:839} INFO - DAG(s) dict_keys(['example_sensor_decorator']) retrieved from /Users/asminsadykova/Desktop/h&m/.venv/lib/python3.9/site-packages/airflow/example_dags/example_sensor_decorator.py
[2025-12-05T00:00:14.951+0600] {logging_mixin.py:154} INFO - [2025-12-05T00:00:14.951+0600] {dag.py:2941} INFO - Sync 1 DAGs
[2025-12-05T00:00:14.955+0600] {logging_mixin.py:154} INFO - [2025-12-05T00:00:14.955+0600] {dag.py:3722} INFO - Setting next_dagrun for example_sensor_decorator to None, run_after=None
[2025-12-05T00:00:14.963+0600] {processor.py:179} INFO - Processing /Users/asminsadykova/Desktop/h&m/.venv/lib/python3.9/site-packages/airflow/example_dags/example_sensor_decorator.py took 0.129 seconds
[2025-12-05T00:01:49.887+0600] {processor.py:157} INFO - Started process (PID=42893) to work on /Users/asminsadykova/Desktop/h&m/.venv/lib/python3.9/site-packages/airflow/example_dags/example_sensor_decorator.py
[2025-12-05T00:01:49.887+0600] {processor.py:829} INFO - Processing file /Users/asminsadykova/Desktop/h&m/.venv/lib/python3.9/site-packages/airflow/example_dags/example_sensor_decorator.py for tasks to queue
[2025-12-05T00:01:49.888+0600] {logging_mixin.py:154} INFO - [2025-12-05T00:01:49.888+0600] {dagbag.py:536} INFO - Filling up the DagBag from /Users/asminsadykova/Desktop/h&m/.venv/lib/python3.9/site-packages/airflow/example_dags/example_sensor_decorator.py
[2025-12-05T00:01:49.912+0600] {processor.py:839} INFO - DAG(s) dict_keys(['example_sensor_decorator']) retrieved from /Users/asminsadykova/Desktop/h&m/.venv/lib/python3.9/site-packages/airflow/example_dags/example_sensor_decorator.py
[2025-12-05T00:01:49.990+0600] {logging_mixin.py:154} INFO - [2025-12-05T00:01:49.990+0600] {dag.py:2941} INFO - Sync 1 DAGs
[2025-12-05T00:01:49.994+0600] {logging_mixin.py:154} INFO - [2025-12-05T00:01:49.994+0600] {dag.py:3722} INFO - Setting next_dagrun for example_sensor_decorator to None, run_after=None
[2025-12-05T00:01:50.003+0600] {processor.py:179} INFO - Processing /Users/asminsadykova/Desktop/h&m/.venv/lib/python3.9/site-packages/airflow/example_dags/example_sensor_decorator.py took 0.117 seconds
[2025-12-05T00:03:23.795+0600] {processor.py:157} INFO - Started process (PID=42964) to work on /Users/asminsadykova/Desktop/h&m/.venv/lib/python3.9/site-packages/airflow/example_dags/example_sensor_decorator.py
[2025-12-05T00:03:23.797+0600] {processor.py:829} INFO - Processing file /Users/asminsadykova/Desktop/h&m/.venv/lib/python3.9/site-packages/airflow/example_dags/example_sensor_decorator.py for tasks to queue
[2025-12-05T00:03:23.797+0600] {logging_mixin.py:154} INFO - [2025-12-05T00:03:23.797+0600] {dagbag.py:536} INFO - Filling up the DagBag from /Users/asminsadykova/Desktop/h&m/.venv/lib/python3.9/site-packages/airflow/example_dags/example_sensor_decorator.py
[2025-12-05T00:03:23.824+0600] {processor.py:839} INFO - DAG(s) dict_keys(['example_sensor_decorator']) retrieved from /Users/asminsadykova/Desktop/h&m/.venv/lib/python3.9/site-packages/airflow/example_dags/example_sensor_decorator.py
[2025-12-05T00:03:23.907+0600] {logging_mixin.py:154} INFO - [2025-12-05T00:03:23.906+0600] {dag.py:2941} INFO - Sync 1 DAGs
[2025-12-05T00:03:23.911+0600] {logging_mixin.py:154} INFO - [2025-12-05T00:03:23.911+0600] {dag.py:3722} INFO - Setting next_dagrun for example_sensor_decorator to None, run_after=None
[2025-12-05T00:03:23.920+0600] {processor.py:179} INFO - Processing /Users/asminsadykova/Desktop/h&m/.venv/lib/python3.9/site-packages/airflow/example_dags/example_sensor_decorator.py took 0.127 seconds
[2025-12-05T00:04:55.287+0600] {processor.py:157} INFO - Started process (PID=43201) to work on /Users/asminsadykova/Desktop/h&m/.venv/lib/python3.9/site-packages/airflow/example_dags/example_sensor_decorator.py
[2025-12-05T00:04:55.288+0600] {processor.py:829} INFO - Processing file /Users/asminsadykova/Desktop/h&m/.venv/lib/python3.9/site-packages/airflow/example_dags/example_sensor_decorator.py for tasks to queue
[2025-12-05T00:04:55.288+0600] {logging_mixin.py:154} INFO - [2025-12-05T00:04:55.288+0600] {dagbag.py:536} INFO - Filling up the DagBag from /Users/asminsadykova/Desktop/h&m/.venv/lib/python3.9/site-packages/airflow/example_dags/example_sensor_decorator.py
[2025-12-05T00:04:55.314+0600] {processor.py:839} INFO - DAG(s) dict_keys(['example_sensor_decorator']) retrieved from /Users/asminsadykova/Desktop/h&m/.venv/lib/python3.9/site-packages/airflow/example_dags/example_sensor_decorator.py
[2025-12-05T00:04:55.398+0600] {logging_mixin.py:154} INFO - [2025-12-05T00:04:55.398+0600] {dag.py:2941} INFO - Sync 1 DAGs
[2025-12-05T00:04:55.402+0600] {logging_mixin.py:154} INFO - [2025-12-05T00:04:55.402+0600] {dag.py:3722} INFO - Setting next_dagrun for example_sensor_decorator to None, run_after=None
[2025-12-05T00:04:55.410+0600] {processor.py:179} INFO - Processing /Users/asminsadykova/Desktop/h&m/.venv/lib/python3.9/site-packages/airflow/example_dags/example_sensor_decorator.py took 0.124 seconds
[2025-12-05T00:06:29.107+0600] {processor.py:157} INFO - Started process (PID=43370) to work on /Users/asminsadykova/Desktop/h&m/.venv/lib/python3.9/site-packages/airflow/example_dags/example_sensor_decorator.py
[2025-12-05T00:06:29.107+0600] {processor.py:829} INFO - Processing file /Users/asminsadykova/Desktop/h&m/.venv/lib/python3.9/site-packages/airflow/example_dags/example_sensor_decorator.py for tasks to queue
[2025-12-05T00:06:29.108+0600] {logging_mixin.py:154} INFO - [2025-12-05T00:06:29.108+0600] {dagbag.py:536} INFO - Filling up the DagBag from /Users/asminsadykova/Desktop/h&m/.venv/lib/python3.9/site-packages/airflow/example_dags/example_sensor_decorator.py
[2025-12-05T00:06:29.134+0600] {processor.py:839} INFO - DAG(s) dict_keys(['example_sensor_decorator']) retrieved from /Users/asminsadykova/Desktop/h&m/.venv/lib/python3.9/site-packages/airflow/example_dags/example_sensor_decorator.py
[2025-12-05T00:06:29.209+0600] {logging_mixin.py:154} INFO - [2025-12-05T00:06:29.209+0600] {dag.py:2941} INFO - Sync 1 DAGs
[2025-12-05T00:06:29.212+0600] {logging_mixin.py:154} INFO - [2025-12-05T00:06:29.212+0600] {dag.py:3722} INFO - Setting next_dagrun for example_sensor_decorator to None, run_after=None
[2025-12-05T00:06:29.221+0600] {processor.py:179} INFO - Processing /Users/asminsadykova/Desktop/h&m/.venv/lib/python3.9/site-packages/airflow/example_dags/example_sensor_decorator.py took 0.115 seconds
[2025-12-05T00:07:52.973+0600] {processor.py:157} INFO - Started process (PID=43512) to work on /Users/asminsadykova/Desktop/h&m/.venv/lib/python3.9/site-packages/airflow/example_dags/example_sensor_decorator.py
[2025-12-05T00:07:52.974+0600] {processor.py:829} INFO - Processing file /Users/asminsadykova/Desktop/h&m/.venv/lib/python3.9/site-packages/airflow/example_dags/example_sensor_decorator.py for tasks to queue
[2025-12-05T00:07:52.974+0600] {logging_mixin.py:154} INFO - [2025-12-05T00:07:52.974+0600] {dagbag.py:536} INFO - Filling up the DagBag from /Users/asminsadykova/Desktop/h&m/.venv/lib/python3.9/site-packages/airflow/example_dags/example_sensor_decorator.py
[2025-12-05T00:07:52.997+0600] {processor.py:839} INFO - DAG(s) dict_keys(['example_sensor_decorator']) retrieved from /Users/asminsadykova/Desktop/h&m/.venv/lib/python3.9/site-packages/airflow/example_dags/example_sensor_decorator.py
[2025-12-05T00:07:53.071+0600] {logging_mixin.py:154} INFO - [2025-12-05T00:07:53.071+0600] {dag.py:2941} INFO - Sync 1 DAGs
[2025-12-05T00:07:53.075+0600] {logging_mixin.py:154} INFO - [2025-12-05T00:07:53.075+0600] {dag.py:3722} INFO - Setting next_dagrun for example_sensor_decorator to None, run_after=None
[2025-12-05T00:07:53.084+0600] {processor.py:179} INFO - Processing /Users/asminsadykova/Desktop/h&m/.venv/lib/python3.9/site-packages/airflow/example_dags/example_sensor_decorator.py took 0.112 seconds
[2025-12-05T00:09:25.311+0600] {processor.py:157} INFO - Started process (PID=43667) to work on /Users/asminsadykova/Desktop/h&m/.venv/lib/python3.9/site-packages/airflow/example_dags/example_sensor_decorator.py
[2025-12-05T00:09:25.318+0600] {processor.py:829} INFO - Processing file /Users/asminsadykova/Desktop/h&m/.venv/lib/python3.9/site-packages/airflow/example_dags/example_sensor_decorator.py for tasks to queue
[2025-12-05T00:09:25.318+0600] {logging_mixin.py:154} INFO - [2025-12-05T00:09:25.318+0600] {dagbag.py:536} INFO - Filling up the DagBag from /Users/asminsadykova/Desktop/h&m/.venv/lib/python3.9/site-packages/airflow/example_dags/example_sensor_decorator.py
[2025-12-05T00:09:25.343+0600] {processor.py:839} INFO - DAG(s) dict_keys(['example_sensor_decorator']) retrieved from /Users/asminsadykova/Desktop/h&m/.venv/lib/python3.9/site-packages/airflow/example_dags/example_sensor_decorator.py
[2025-12-05T00:09:25.425+0600] {logging_mixin.py:154} INFO - [2025-12-05T00:09:25.425+0600] {dag.py:2941} INFO - Sync 1 DAGs
[2025-12-05T00:09:25.430+0600] {logging_mixin.py:154} INFO - [2025-12-05T00:09:25.429+0600] {dag.py:3722} INFO - Setting next_dagrun for example_sensor_decorator to None, run_after=None
[2025-12-05T00:09:25.438+0600] {processor.py:179} INFO - Processing /Users/asminsadykova/Desktop/h&m/.venv/lib/python3.9/site-packages/airflow/example_dags/example_sensor_decorator.py took 0.128 seconds
[2025-12-05T00:11:02.208+0600] {processor.py:157} INFO - Started process (PID=43826) to work on /Users/asminsadykova/Desktop/h&m/.venv/lib/python3.9/site-packages/airflow/example_dags/example_sensor_decorator.py
[2025-12-05T00:11:02.209+0600] {processor.py:829} INFO - Processing file /Users/asminsadykova/Desktop/h&m/.venv/lib/python3.9/site-packages/airflow/example_dags/example_sensor_decorator.py for tasks to queue
[2025-12-05T00:11:02.209+0600] {logging_mixin.py:154} INFO - [2025-12-05T00:11:02.209+0600] {dagbag.py:536} INFO - Filling up the DagBag from /Users/asminsadykova/Desktop/h&m/.venv/lib/python3.9/site-packages/airflow/example_dags/example_sensor_decorator.py
[2025-12-05T00:11:02.234+0600] {processor.py:839} INFO - DAG(s) dict_keys(['example_sensor_decorator']) retrieved from /Users/asminsadykova/Desktop/h&m/.venv/lib/python3.9/site-packages/airflow/example_dags/example_sensor_decorator.py
[2025-12-05T00:11:02.306+0600] {logging_mixin.py:154} INFO - [2025-12-05T00:11:02.306+0600] {dag.py:2941} INFO - Sync 1 DAGs
[2025-12-05T00:11:02.310+0600] {logging_mixin.py:154} INFO - [2025-12-05T00:11:02.310+0600] {dag.py:3722} INFO - Setting next_dagrun for example_sensor_decorator to None, run_after=None
[2025-12-05T00:11:02.318+0600] {processor.py:179} INFO - Processing /Users/asminsadykova/Desktop/h&m/.venv/lib/python3.9/site-packages/airflow/example_dags/example_sensor_decorator.py took 0.111 seconds
[2025-12-05T00:12:32.333+0600] {processor.py:157} INFO - Started process (PID=43991) to work on /Users/asminsadykova/Desktop/h&m/.venv/lib/python3.9/site-packages/airflow/example_dags/example_sensor_decorator.py
[2025-12-05T00:12:32.334+0600] {processor.py:829} INFO - Processing file /Users/asminsadykova/Desktop/h&m/.venv/lib/python3.9/site-packages/airflow/example_dags/example_sensor_decorator.py for tasks to queue
[2025-12-05T00:12:32.334+0600] {logging_mixin.py:154} INFO - [2025-12-05T00:12:32.334+0600] {dagbag.py:536} INFO - Filling up the DagBag from /Users/asminsadykova/Desktop/h&m/.venv/lib/python3.9/site-packages/airflow/example_dags/example_sensor_decorator.py
[2025-12-05T00:12:32.362+0600] {processor.py:839} INFO - DAG(s) dict_keys(['example_sensor_decorator']) retrieved from /Users/asminsadykova/Desktop/h&m/.venv/lib/python3.9/site-packages/airflow/example_dags/example_sensor_decorator.py
[2025-12-05T00:12:32.472+0600] {logging_mixin.py:154} INFO - [2025-12-05T00:12:32.472+0600] {dag.py:2941} INFO - Sync 1 DAGs
[2025-12-05T00:12:32.478+0600] {logging_mixin.py:154} INFO - [2025-12-05T00:12:32.477+0600] {dag.py:3722} INFO - Setting next_dagrun for example_sensor_decorator to None, run_after=None
[2025-12-05T00:12:32.495+0600] {processor.py:179} INFO - Processing /Users/asminsadykova/Desktop/h&m/.venv/lib/python3.9/site-packages/airflow/example_dags/example_sensor_decorator.py took 0.163 seconds
