[2025-12-04T23:18:20.683+0600] {processor.py:157} INFO - Started process (PID=38948) to work on /Users/asminsadykova/Desktop/h&m/.venv/lib/python3.9/site-packages/airflow/example_dags/example_external_task_marker_dag.py
[2025-12-04T23:18:20.683+0600] {processor.py:829} INFO - Processing file /Users/asminsadykova/Desktop/h&m/.venv/lib/python3.9/site-packages/airflow/example_dags/example_external_task_marker_dag.py for tasks to queue
[2025-12-04T23:18:20.683+0600] {logging_mixin.py:154} INFO - [2025-12-04T23:18:20.683+0600] {dagbag.py:536} INFO - Filling up the DagBag from /Users/asminsadykova/Desktop/h&m/.venv/lib/python3.9/site-packages/airflow/example_dags/example_external_task_marker_dag.py
[2025-12-04T23:18:20.697+0600] {processor.py:839} INFO - DAG(s) dict_keys(['example_external_task_marker_child', 'example_external_task_marker_parent']) retrieved from /Users/asminsadykova/Desktop/h&m/.venv/lib/python3.9/site-packages/airflow/example_dags/example_external_task_marker_dag.py
[2025-12-04T23:18:20.953+0600] {logging_mixin.py:154} INFO - [2025-12-04T23:18:20.953+0600] {manager.py:499} INFO - Created Permission View: %s
[2025-12-04T23:18:20.956+0600] {logging_mixin.py:154} INFO - [2025-12-04T23:18:20.956+0600] {manager.py:499} INFO - Created Permission View: %s
[2025-12-04T23:18:20.958+0600] {logging_mixin.py:154} INFO - [2025-12-04T23:18:20.958+0600] {manager.py:499} INFO - Created Permission View: %s
[2025-12-04T23:18:20.963+0600] {logging_mixin.py:154} INFO - [2025-12-04T23:18:20.962+0600] {manager.py:499} INFO - Created Permission View: %s
[2025-12-04T23:18:20.965+0600] {logging_mixin.py:154} INFO - [2025-12-04T23:18:20.965+0600] {manager.py:499} INFO - Created Permission View: %s
[2025-12-04T23:18:20.967+0600] {logging_mixin.py:154} INFO - [2025-12-04T23:18:20.967+0600] {manager.py:499} INFO - Created Permission View: %s
[2025-12-04T23:18:20.967+0600] {logging_mixin.py:154} INFO - [2025-12-04T23:18:20.967+0600] {dag.py:2941} INFO - Sync 2 DAGs
[2025-12-04T23:18:20.971+0600] {logging_mixin.py:154} INFO - [2025-12-04T23:18:20.971+0600] {dag.py:2963} INFO - Creating ORM DAG for example_external_task_marker_child
[2025-12-04T23:18:20.971+0600] {logging_mixin.py:154} INFO - [2025-12-04T23:18:20.971+0600] {dag.py:2963} INFO - Creating ORM DAG for example_external_task_marker_parent
[2025-12-04T23:18:20.972+0600] {logging_mixin.py:154} INFO - [2025-12-04T23:18:20.972+0600] {dag.py:3722} INFO - Setting next_dagrun for example_external_task_marker_child to None, run_after=None
[2025-12-04T23:18:20.972+0600] {logging_mixin.py:154} INFO - [2025-12-04T23:18:20.972+0600] {dag.py:3722} INFO - Setting next_dagrun for example_external_task_marker_parent to None, run_after=None
[2025-12-04T23:18:20.979+0600] {processor.py:179} INFO - Processing /Users/asminsadykova/Desktop/h&m/.venv/lib/python3.9/site-packages/airflow/example_dags/example_external_task_marker_dag.py took 0.297 seconds
[2025-12-04T23:19:51.003+0600] {processor.py:157} INFO - Started process (PID=39073) to work on /Users/asminsadykova/Desktop/h&m/.venv/lib/python3.9/site-packages/airflow/example_dags/example_external_task_marker_dag.py
[2025-12-04T23:19:51.004+0600] {processor.py:829} INFO - Processing file /Users/asminsadykova/Desktop/h&m/.venv/lib/python3.9/site-packages/airflow/example_dags/example_external_task_marker_dag.py for tasks to queue
[2025-12-04T23:19:51.004+0600] {logging_mixin.py:154} INFO - [2025-12-04T23:19:51.004+0600] {dagbag.py:536} INFO - Filling up the DagBag from /Users/asminsadykova/Desktop/h&m/.venv/lib/python3.9/site-packages/airflow/example_dags/example_external_task_marker_dag.py
[2025-12-04T23:19:51.029+0600] {processor.py:839} INFO - DAG(s) dict_keys(['example_external_task_marker_parent', 'example_external_task_marker_child']) retrieved from /Users/asminsadykova/Desktop/h&m/.venv/lib/python3.9/site-packages/airflow/example_dags/example_external_task_marker_dag.py
[2025-12-04T23:19:51.167+0600] {logging_mixin.py:154} INFO - [2025-12-04T23:19:51.167+0600] {dag.py:2941} INFO - Sync 2 DAGs
[2025-12-04T23:19:51.171+0600] {logging_mixin.py:154} INFO - [2025-12-04T23:19:51.171+0600] {dag.py:3722} INFO - Setting next_dagrun for example_external_task_marker_child to None, run_after=None
[2025-12-04T23:19:51.173+0600] {logging_mixin.py:154} INFO - [2025-12-04T23:19:51.173+0600] {dag.py:3722} INFO - Setting next_dagrun for example_external_task_marker_parent to None, run_after=None
[2025-12-04T23:19:51.180+0600] {processor.py:179} INFO - Processing /Users/asminsadykova/Desktop/h&m/.venv/lib/python3.9/site-packages/airflow/example_dags/example_external_task_marker_dag.py took 0.178 seconds
[2025-12-04T23:21:18.103+0600] {processor.py:157} INFO - Started process (PID=39172) to work on /Users/asminsadykova/Desktop/h&m/.venv/lib/python3.9/site-packages/airflow/example_dags/example_external_task_marker_dag.py
[2025-12-04T23:21:18.104+0600] {processor.py:829} INFO - Processing file /Users/asminsadykova/Desktop/h&m/.venv/lib/python3.9/site-packages/airflow/example_dags/example_external_task_marker_dag.py for tasks to queue
[2025-12-04T23:21:18.104+0600] {logging_mixin.py:154} INFO - [2025-12-04T23:21:18.104+0600] {dagbag.py:536} INFO - Filling up the DagBag from /Users/asminsadykova/Desktop/h&m/.venv/lib/python3.9/site-packages/airflow/example_dags/example_external_task_marker_dag.py
[2025-12-04T23:21:18.117+0600] {processor.py:839} INFO - DAG(s) dict_keys(['example_external_task_marker_child', 'example_external_task_marker_parent']) retrieved from /Users/asminsadykova/Desktop/h&m/.venv/lib/python3.9/site-packages/airflow/example_dags/example_external_task_marker_dag.py
[2025-12-04T23:21:18.191+0600] {logging_mixin.py:154} INFO - [2025-12-04T23:21:18.191+0600] {dag.py:2941} INFO - Sync 2 DAGs
[2025-12-04T23:21:18.195+0600] {logging_mixin.py:154} INFO - [2025-12-04T23:21:18.195+0600] {dag.py:3722} INFO - Setting next_dagrun for example_external_task_marker_child to None, run_after=None
[2025-12-04T23:21:18.196+0600] {logging_mixin.py:154} INFO - [2025-12-04T23:21:18.196+0600] {dag.py:3722} INFO - Setting next_dagrun for example_external_task_marker_parent to None, run_after=None
[2025-12-04T23:21:18.204+0600] {processor.py:179} INFO - Processing /Users/asminsadykova/Desktop/h&m/.venv/lib/python3.9/site-packages/airflow/example_dags/example_external_task_marker_dag.py took 0.102 seconds
[2025-12-04T23:22:41.684+0600] {processor.py:157} INFO - Started process (PID=39269) to work on /Users/asminsadykova/Desktop/h&m/.venv/lib/python3.9/site-packages/airflow/example_dags/example_external_task_marker_dag.py
[2025-12-04T23:22:41.685+0600] {processor.py:829} INFO - Processing file /Users/asminsadykova/Desktop/h&m/.venv/lib/python3.9/site-packages/airflow/example_dags/example_external_task_marker_dag.py for tasks to queue
[2025-12-04T23:22:41.685+0600] {logging_mixin.py:154} INFO - [2025-12-04T23:22:41.685+0600] {dagbag.py:536} INFO - Filling up the DagBag from /Users/asminsadykova/Desktop/h&m/.venv/lib/python3.9/site-packages/airflow/example_dags/example_external_task_marker_dag.py
[2025-12-04T23:22:41.698+0600] {processor.py:839} INFO - DAG(s) dict_keys(['example_external_task_marker_child', 'example_external_task_marker_parent']) retrieved from /Users/asminsadykova/Desktop/h&m/.venv/lib/python3.9/site-packages/airflow/example_dags/example_external_task_marker_dag.py
[2025-12-04T23:22:41.790+0600] {logging_mixin.py:154} INFO - [2025-12-04T23:22:41.790+0600] {dag.py:2941} INFO - Sync 2 DAGs
[2025-12-04T23:22:41.794+0600] {logging_mixin.py:154} INFO - [2025-12-04T23:22:41.793+0600] {dag.py:3722} INFO - Setting next_dagrun for example_external_task_marker_child to None, run_after=None
[2025-12-04T23:22:41.795+0600] {logging_mixin.py:154} INFO - [2025-12-04T23:22:41.795+0600] {dag.py:3722} INFO - Setting next_dagrun for example_external_task_marker_parent to None, run_after=None
[2025-12-04T23:22:41.803+0600] {processor.py:179} INFO - Processing /Users/asminsadykova/Desktop/h&m/.venv/lib/python3.9/site-packages/airflow/example_dags/example_external_task_marker_dag.py took 0.120 seconds
[2025-12-04T23:24:18.381+0600] {processor.py:157} INFO - Started process (PID=39465) to work on /Users/asminsadykova/Desktop/h&m/.venv/lib/python3.9/site-packages/airflow/example_dags/example_external_task_marker_dag.py
[2025-12-04T23:24:18.382+0600] {processor.py:829} INFO - Processing file /Users/asminsadykova/Desktop/h&m/.venv/lib/python3.9/site-packages/airflow/example_dags/example_external_task_marker_dag.py for tasks to queue
[2025-12-04T23:24:18.382+0600] {logging_mixin.py:154} INFO - [2025-12-04T23:24:18.382+0600] {dagbag.py:536} INFO - Filling up the DagBag from /Users/asminsadykova/Desktop/h&m/.venv/lib/python3.9/site-packages/airflow/example_dags/example_external_task_marker_dag.py
[2025-12-04T23:24:18.394+0600] {processor.py:839} INFO - DAG(s) dict_keys(['example_external_task_marker_child', 'example_external_task_marker_parent']) retrieved from /Users/asminsadykova/Desktop/h&m/.venv/lib/python3.9/site-packages/airflow/example_dags/example_external_task_marker_dag.py
[2025-12-04T23:24:18.467+0600] {logging_mixin.py:154} INFO - [2025-12-04T23:24:18.467+0600] {dag.py:2941} INFO - Sync 2 DAGs
[2025-12-04T23:24:18.470+0600] {logging_mixin.py:154} INFO - [2025-12-04T23:24:18.470+0600] {dag.py:3722} INFO - Setting next_dagrun for example_external_task_marker_child to None, run_after=None
[2025-12-04T23:24:18.471+0600] {logging_mixin.py:154} INFO - [2025-12-04T23:24:18.471+0600] {dag.py:3722} INFO - Setting next_dagrun for example_external_task_marker_parent to None, run_after=None
[2025-12-04T23:24:18.479+0600] {processor.py:179} INFO - Processing /Users/asminsadykova/Desktop/h&m/.venv/lib/python3.9/site-packages/airflow/example_dags/example_external_task_marker_dag.py took 0.099 seconds
[2025-12-04T23:25:51.401+0600] {processor.py:157} INFO - Started process (PID=39553) to work on /Users/asminsadykova/Desktop/h&m/.venv/lib/python3.9/site-packages/airflow/example_dags/example_external_task_marker_dag.py
[2025-12-04T23:25:51.402+0600] {processor.py:829} INFO - Processing file /Users/asminsadykova/Desktop/h&m/.venv/lib/python3.9/site-packages/airflow/example_dags/example_external_task_marker_dag.py for tasks to queue
[2025-12-04T23:25:51.402+0600] {logging_mixin.py:154} INFO - [2025-12-04T23:25:51.402+0600] {dagbag.py:536} INFO - Filling up the DagBag from /Users/asminsadykova/Desktop/h&m/.venv/lib/python3.9/site-packages/airflow/example_dags/example_external_task_marker_dag.py
[2025-12-04T23:25:51.414+0600] {processor.py:839} INFO - DAG(s) dict_keys(['example_external_task_marker_child', 'example_external_task_marker_parent']) retrieved from /Users/asminsadykova/Desktop/h&m/.venv/lib/python3.9/site-packages/airflow/example_dags/example_external_task_marker_dag.py
[2025-12-04T23:25:51.487+0600] {logging_mixin.py:154} INFO - [2025-12-04T23:25:51.487+0600] {dag.py:2941} INFO - Sync 2 DAGs
[2025-12-04T23:25:51.490+0600] {logging_mixin.py:154} INFO - [2025-12-04T23:25:51.490+0600] {dag.py:3722} INFO - Setting next_dagrun for example_external_task_marker_child to None, run_after=None
[2025-12-04T23:25:51.491+0600] {logging_mixin.py:154} INFO - [2025-12-04T23:25:51.491+0600] {dag.py:3722} INFO - Setting next_dagrun for example_external_task_marker_parent to None, run_after=None
[2025-12-04T23:25:51.498+0600] {processor.py:179} INFO - Processing /Users/asminsadykova/Desktop/h&m/.venv/lib/python3.9/site-packages/airflow/example_dags/example_external_task_marker_dag.py took 0.098 seconds
[2025-12-04T23:27:32.116+0600] {processor.py:157} INFO - Started process (PID=39656) to work on /Users/asminsadykova/Desktop/h&m/.venv/lib/python3.9/site-packages/airflow/example_dags/example_external_task_marker_dag.py
[2025-12-04T23:27:32.117+0600] {processor.py:829} INFO - Processing file /Users/asminsadykova/Desktop/h&m/.venv/lib/python3.9/site-packages/airflow/example_dags/example_external_task_marker_dag.py for tasks to queue
[2025-12-04T23:27:32.117+0600] {logging_mixin.py:154} INFO - [2025-12-04T23:27:32.117+0600] {dagbag.py:536} INFO - Filling up the DagBag from /Users/asminsadykova/Desktop/h&m/.venv/lib/python3.9/site-packages/airflow/example_dags/example_external_task_marker_dag.py
[2025-12-04T23:27:32.130+0600] {processor.py:839} INFO - DAG(s) dict_keys(['example_external_task_marker_parent', 'example_external_task_marker_child']) retrieved from /Users/asminsadykova/Desktop/h&m/.venv/lib/python3.9/site-packages/airflow/example_dags/example_external_task_marker_dag.py
[2025-12-04T23:27:32.204+0600] {logging_mixin.py:154} INFO - [2025-12-04T23:27:32.204+0600] {dag.py:2941} INFO - Sync 2 DAGs
[2025-12-04T23:27:32.208+0600] {logging_mixin.py:154} INFO - [2025-12-04T23:27:32.208+0600] {dag.py:3722} INFO - Setting next_dagrun for example_external_task_marker_child to None, run_after=None
[2025-12-04T23:27:32.209+0600] {logging_mixin.py:154} INFO - [2025-12-04T23:27:32.209+0600] {dag.py:3722} INFO - Setting next_dagrun for example_external_task_marker_parent to None, run_after=None
[2025-12-04T23:27:32.216+0600] {processor.py:179} INFO - Processing /Users/asminsadykova/Desktop/h&m/.venv/lib/python3.9/site-packages/airflow/example_dags/example_external_task_marker_dag.py took 0.100 seconds
[2025-12-04T23:28:57.296+0600] {processor.py:157} INFO - Started process (PID=39741) to work on /Users/asminsadykova/Desktop/h&m/.venv/lib/python3.9/site-packages/airflow/example_dags/example_external_task_marker_dag.py
[2025-12-04T23:28:57.297+0600] {processor.py:829} INFO - Processing file /Users/asminsadykova/Desktop/h&m/.venv/lib/python3.9/site-packages/airflow/example_dags/example_external_task_marker_dag.py for tasks to queue
[2025-12-04T23:28:57.297+0600] {logging_mixin.py:154} INFO - [2025-12-04T23:28:57.297+0600] {dagbag.py:536} INFO - Filling up the DagBag from /Users/asminsadykova/Desktop/h&m/.venv/lib/python3.9/site-packages/airflow/example_dags/example_external_task_marker_dag.py
[2025-12-04T23:28:57.310+0600] {processor.py:839} INFO - DAG(s) dict_keys(['example_external_task_marker_parent', 'example_external_task_marker_child']) retrieved from /Users/asminsadykova/Desktop/h&m/.venv/lib/python3.9/site-packages/airflow/example_dags/example_external_task_marker_dag.py
[2025-12-04T23:28:57.384+0600] {logging_mixin.py:154} INFO - [2025-12-04T23:28:57.384+0600] {dag.py:2941} INFO - Sync 2 DAGs
[2025-12-04T23:28:57.388+0600] {logging_mixin.py:154} INFO - [2025-12-04T23:28:57.388+0600] {dag.py:3722} INFO - Setting next_dagrun for example_external_task_marker_child to None, run_after=None
[2025-12-04T23:28:57.389+0600] {logging_mixin.py:154} INFO - [2025-12-04T23:28:57.389+0600] {dag.py:3722} INFO - Setting next_dagrun for example_external_task_marker_parent to None, run_after=None
[2025-12-04T23:28:57.396+0600] {processor.py:179} INFO - Processing /Users/asminsadykova/Desktop/h&m/.venv/lib/python3.9/site-packages/airflow/example_dags/example_external_task_marker_dag.py took 0.101 seconds
[2025-12-04T23:30:21.193+0600] {processor.py:157} INFO - Started process (PID=39810) to work on /Users/asminsadykova/Desktop/h&m/.venv/lib/python3.9/site-packages/airflow/example_dags/example_external_task_marker_dag.py
[2025-12-04T23:30:21.196+0600] {processor.py:829} INFO - Processing file /Users/asminsadykova/Desktop/h&m/.venv/lib/python3.9/site-packages/airflow/example_dags/example_external_task_marker_dag.py for tasks to queue
[2025-12-04T23:30:21.196+0600] {logging_mixin.py:154} INFO - [2025-12-04T23:30:21.196+0600] {dagbag.py:536} INFO - Filling up the DagBag from /Users/asminsadykova/Desktop/h&m/.venv/lib/python3.9/site-packages/airflow/example_dags/example_external_task_marker_dag.py
[2025-12-04T23:30:21.211+0600] {processor.py:839} INFO - DAG(s) dict_keys(['example_external_task_marker_parent', 'example_external_task_marker_child']) retrieved from /Users/asminsadykova/Desktop/h&m/.venv/lib/python3.9/site-packages/airflow/example_dags/example_external_task_marker_dag.py
[2025-12-04T23:30:21.285+0600] {logging_mixin.py:154} INFO - [2025-12-04T23:30:21.285+0600] {dag.py:2941} INFO - Sync 2 DAGs
[2025-12-04T23:30:21.289+0600] {logging_mixin.py:154} INFO - [2025-12-04T23:30:21.289+0600] {dag.py:3722} INFO - Setting next_dagrun for example_external_task_marker_child to None, run_after=None
[2025-12-04T23:30:21.290+0600] {logging_mixin.py:154} INFO - [2025-12-04T23:30:21.290+0600] {dag.py:3722} INFO - Setting next_dagrun for example_external_task_marker_parent to None, run_after=None
[2025-12-04T23:30:21.297+0600] {processor.py:179} INFO - Processing /Users/asminsadykova/Desktop/h&m/.venv/lib/python3.9/site-packages/airflow/example_dags/example_external_task_marker_dag.py took 0.104 seconds
[2025-12-04T23:31:42.201+0600] {processor.py:157} INFO - Started process (PID=39878) to work on /Users/asminsadykova/Desktop/h&m/.venv/lib/python3.9/site-packages/airflow/example_dags/example_external_task_marker_dag.py
[2025-12-04T23:31:42.202+0600] {processor.py:829} INFO - Processing file /Users/asminsadykova/Desktop/h&m/.venv/lib/python3.9/site-packages/airflow/example_dags/example_external_task_marker_dag.py for tasks to queue
[2025-12-04T23:31:42.202+0600] {logging_mixin.py:154} INFO - [2025-12-04T23:31:42.202+0600] {dagbag.py:536} INFO - Filling up the DagBag from /Users/asminsadykova/Desktop/h&m/.venv/lib/python3.9/site-packages/airflow/example_dags/example_external_task_marker_dag.py
[2025-12-04T23:31:42.216+0600] {processor.py:839} INFO - DAG(s) dict_keys(['example_external_task_marker_parent', 'example_external_task_marker_child']) retrieved from /Users/asminsadykova/Desktop/h&m/.venv/lib/python3.9/site-packages/airflow/example_dags/example_external_task_marker_dag.py
[2025-12-04T23:31:42.290+0600] {logging_mixin.py:154} INFO - [2025-12-04T23:31:42.289+0600] {dag.py:2941} INFO - Sync 2 DAGs
[2025-12-04T23:31:42.293+0600] {logging_mixin.py:154} INFO - [2025-12-04T23:31:42.293+0600] {dag.py:3722} INFO - Setting next_dagrun for example_external_task_marker_child to None, run_after=None
[2025-12-04T23:31:42.294+0600] {logging_mixin.py:154} INFO - [2025-12-04T23:31:42.294+0600] {dag.py:3722} INFO - Setting next_dagrun for example_external_task_marker_parent to None, run_after=None
[2025-12-04T23:31:42.301+0600] {processor.py:179} INFO - Processing /Users/asminsadykova/Desktop/h&m/.venv/lib/python3.9/site-packages/airflow/example_dags/example_external_task_marker_dag.py took 0.101 seconds
[2025-12-04T23:33:11.115+0600] {processor.py:157} INFO - Started process (PID=40098) to work on /Users/asminsadykova/Desktop/h&m/.venv/lib/python3.9/site-packages/airflow/example_dags/example_external_task_marker_dag.py
[2025-12-04T23:33:11.116+0600] {processor.py:829} INFO - Processing file /Users/asminsadykova/Desktop/h&m/.venv/lib/python3.9/site-packages/airflow/example_dags/example_external_task_marker_dag.py for tasks to queue
[2025-12-04T23:33:11.116+0600] {logging_mixin.py:154} INFO - [2025-12-04T23:33:11.116+0600] {dagbag.py:536} INFO - Filling up the DagBag from /Users/asminsadykova/Desktop/h&m/.venv/lib/python3.9/site-packages/airflow/example_dags/example_external_task_marker_dag.py
[2025-12-04T23:33:11.129+0600] {processor.py:839} INFO - DAG(s) dict_keys(['example_external_task_marker_child', 'example_external_task_marker_parent']) retrieved from /Users/asminsadykova/Desktop/h&m/.venv/lib/python3.9/site-packages/airflow/example_dags/example_external_task_marker_dag.py
[2025-12-04T23:33:11.206+0600] {logging_mixin.py:154} INFO - [2025-12-04T23:33:11.206+0600] {dag.py:2941} INFO - Sync 2 DAGs
[2025-12-04T23:33:11.210+0600] {logging_mixin.py:154} INFO - [2025-12-04T23:33:11.210+0600] {dag.py:3722} INFO - Setting next_dagrun for example_external_task_marker_child to None, run_after=None
[2025-12-04T23:33:11.211+0600] {logging_mixin.py:154} INFO - [2025-12-04T23:33:11.211+0600] {dag.py:3722} INFO - Setting next_dagrun for example_external_task_marker_parent to None, run_after=None
[2025-12-04T23:33:11.219+0600] {processor.py:179} INFO - Processing /Users/asminsadykova/Desktop/h&m/.venv/lib/python3.9/site-packages/airflow/example_dags/example_external_task_marker_dag.py took 0.105 seconds
[2025-12-04T23:34:35.351+0600] {processor.py:157} INFO - Started process (PID=40183) to work on /Users/asminsadykova/Desktop/h&m/.venv/lib/python3.9/site-packages/airflow/example_dags/example_external_task_marker_dag.py
[2025-12-04T23:34:35.352+0600] {processor.py:829} INFO - Processing file /Users/asminsadykova/Desktop/h&m/.venv/lib/python3.9/site-packages/airflow/example_dags/example_external_task_marker_dag.py for tasks to queue
[2025-12-04T23:34:35.352+0600] {logging_mixin.py:154} INFO - [2025-12-04T23:34:35.352+0600] {dagbag.py:536} INFO - Filling up the DagBag from /Users/asminsadykova/Desktop/h&m/.venv/lib/python3.9/site-packages/airflow/example_dags/example_external_task_marker_dag.py
[2025-12-04T23:34:35.364+0600] {processor.py:839} INFO - DAG(s) dict_keys(['example_external_task_marker_parent', 'example_external_task_marker_child']) retrieved from /Users/asminsadykova/Desktop/h&m/.venv/lib/python3.9/site-packages/airflow/example_dags/example_external_task_marker_dag.py
[2025-12-04T23:34:35.438+0600] {logging_mixin.py:154} INFO - [2025-12-04T23:34:35.438+0600] {dag.py:2941} INFO - Sync 2 DAGs
[2025-12-04T23:34:35.442+0600] {logging_mixin.py:154} INFO - [2025-12-04T23:34:35.441+0600] {dag.py:3722} INFO - Setting next_dagrun for example_external_task_marker_child to None, run_after=None
[2025-12-04T23:34:35.443+0600] {logging_mixin.py:154} INFO - [2025-12-04T23:34:35.443+0600] {dag.py:3722} INFO - Setting next_dagrun for example_external_task_marker_parent to None, run_after=None
[2025-12-04T23:34:35.449+0600] {processor.py:179} INFO - Processing /Users/asminsadykova/Desktop/h&m/.venv/lib/python3.9/site-packages/airflow/example_dags/example_external_task_marker_dag.py took 0.099 seconds
[2025-12-04T23:36:14.362+0600] {processor.py:157} INFO - Started process (PID=40268) to work on /Users/asminsadykova/Desktop/h&m/.venv/lib/python3.9/site-packages/airflow/example_dags/example_external_task_marker_dag.py
[2025-12-04T23:36:14.362+0600] {processor.py:829} INFO - Processing file /Users/asminsadykova/Desktop/h&m/.venv/lib/python3.9/site-packages/airflow/example_dags/example_external_task_marker_dag.py for tasks to queue
[2025-12-04T23:36:14.363+0600] {logging_mixin.py:154} INFO - [2025-12-04T23:36:14.363+0600] {dagbag.py:536} INFO - Filling up the DagBag from /Users/asminsadykova/Desktop/h&m/.venv/lib/python3.9/site-packages/airflow/example_dags/example_external_task_marker_dag.py
[2025-12-04T23:36:14.375+0600] {processor.py:839} INFO - DAG(s) dict_keys(['example_external_task_marker_parent', 'example_external_task_marker_child']) retrieved from /Users/asminsadykova/Desktop/h&m/.venv/lib/python3.9/site-packages/airflow/example_dags/example_external_task_marker_dag.py
[2025-12-04T23:36:14.450+0600] {logging_mixin.py:154} INFO - [2025-12-04T23:36:14.450+0600] {dag.py:2941} INFO - Sync 2 DAGs
[2025-12-04T23:36:14.453+0600] {logging_mixin.py:154} INFO - [2025-12-04T23:36:14.453+0600] {dag.py:3722} INFO - Setting next_dagrun for example_external_task_marker_child to None, run_after=None
[2025-12-04T23:36:14.454+0600] {logging_mixin.py:154} INFO - [2025-12-04T23:36:14.454+0600] {dag.py:3722} INFO - Setting next_dagrun for example_external_task_marker_parent to None, run_after=None
[2025-12-04T23:36:14.461+0600] {processor.py:179} INFO - Processing /Users/asminsadykova/Desktop/h&m/.venv/lib/python3.9/site-packages/airflow/example_dags/example_external_task_marker_dag.py took 0.100 seconds
[2025-12-04T23:37:42.754+0600] {processor.py:157} INFO - Started process (PID=40369) to work on /Users/asminsadykova/Desktop/h&m/.venv/lib/python3.9/site-packages/airflow/example_dags/example_external_task_marker_dag.py
[2025-12-04T23:37:42.755+0600] {processor.py:829} INFO - Processing file /Users/asminsadykova/Desktop/h&m/.venv/lib/python3.9/site-packages/airflow/example_dags/example_external_task_marker_dag.py for tasks to queue
[2025-12-04T23:37:42.755+0600] {logging_mixin.py:154} INFO - [2025-12-04T23:37:42.755+0600] {dagbag.py:536} INFO - Filling up the DagBag from /Users/asminsadykova/Desktop/h&m/.venv/lib/python3.9/site-packages/airflow/example_dags/example_external_task_marker_dag.py
[2025-12-04T23:37:42.768+0600] {processor.py:839} INFO - DAG(s) dict_keys(['example_external_task_marker_child', 'example_external_task_marker_parent']) retrieved from /Users/asminsadykova/Desktop/h&m/.venv/lib/python3.9/site-packages/airflow/example_dags/example_external_task_marker_dag.py
[2025-12-04T23:37:42.844+0600] {logging_mixin.py:154} INFO - [2025-12-04T23:37:42.843+0600] {dag.py:2941} INFO - Sync 2 DAGs
[2025-12-04T23:37:42.847+0600] {logging_mixin.py:154} INFO - [2025-12-04T23:37:42.847+0600] {dag.py:3722} INFO - Setting next_dagrun for example_external_task_marker_child to None, run_after=None
[2025-12-04T23:37:42.848+0600] {logging_mixin.py:154} INFO - [2025-12-04T23:37:42.848+0600] {dag.py:3722} INFO - Setting next_dagrun for example_external_task_marker_parent to None, run_after=None
[2025-12-04T23:37:42.856+0600] {processor.py:179} INFO - Processing /Users/asminsadykova/Desktop/h&m/.venv/lib/python3.9/site-packages/airflow/example_dags/example_external_task_marker_dag.py took 0.102 seconds
[2025-12-04T23:39:20.771+0600] {processor.py:157} INFO - Started process (PID=40447) to work on /Users/asminsadykova/Desktop/h&m/.venv/lib/python3.9/site-packages/airflow/example_dags/example_external_task_marker_dag.py
[2025-12-04T23:39:20.772+0600] {processor.py:829} INFO - Processing file /Users/asminsadykova/Desktop/h&m/.venv/lib/python3.9/site-packages/airflow/example_dags/example_external_task_marker_dag.py for tasks to queue
[2025-12-04T23:39:20.772+0600] {logging_mixin.py:154} INFO - [2025-12-04T23:39:20.772+0600] {dagbag.py:536} INFO - Filling up the DagBag from /Users/asminsadykova/Desktop/h&m/.venv/lib/python3.9/site-packages/airflow/example_dags/example_external_task_marker_dag.py
[2025-12-04T23:39:20.785+0600] {processor.py:839} INFO - DAG(s) dict_keys(['example_external_task_marker_parent', 'example_external_task_marker_child']) retrieved from /Users/asminsadykova/Desktop/h&m/.venv/lib/python3.9/site-packages/airflow/example_dags/example_external_task_marker_dag.py
[2025-12-04T23:39:20.858+0600] {logging_mixin.py:154} INFO - [2025-12-04T23:39:20.858+0600] {dag.py:2941} INFO - Sync 2 DAGs
[2025-12-04T23:39:20.862+0600] {logging_mixin.py:154} INFO - [2025-12-04T23:39:20.862+0600] {dag.py:3722} INFO - Setting next_dagrun for example_external_task_marker_child to None, run_after=None
[2025-12-04T23:39:20.863+0600] {logging_mixin.py:154} INFO - [2025-12-04T23:39:20.863+0600] {dag.py:3722} INFO - Setting next_dagrun for example_external_task_marker_parent to None, run_after=None
[2025-12-04T23:39:20.870+0600] {processor.py:179} INFO - Processing /Users/asminsadykova/Desktop/h&m/.venv/lib/python3.9/site-packages/airflow/example_dags/example_external_task_marker_dag.py took 0.100 seconds
[2025-12-04T23:40:56.655+0600] {processor.py:157} INFO - Started process (PID=40578) to work on /Users/asminsadykova/Desktop/h&m/.venv/lib/python3.9/site-packages/airflow/example_dags/example_external_task_marker_dag.py
[2025-12-04T23:40:56.656+0600] {processor.py:829} INFO - Processing file /Users/asminsadykova/Desktop/h&m/.venv/lib/python3.9/site-packages/airflow/example_dags/example_external_task_marker_dag.py for tasks to queue
[2025-12-04T23:40:56.656+0600] {logging_mixin.py:154} INFO - [2025-12-04T23:40:56.656+0600] {dagbag.py:536} INFO - Filling up the DagBag from /Users/asminsadykova/Desktop/h&m/.venv/lib/python3.9/site-packages/airflow/example_dags/example_external_task_marker_dag.py
[2025-12-04T23:40:56.670+0600] {processor.py:839} INFO - DAG(s) dict_keys(['example_external_task_marker_parent', 'example_external_task_marker_child']) retrieved from /Users/asminsadykova/Desktop/h&m/.venv/lib/python3.9/site-packages/airflow/example_dags/example_external_task_marker_dag.py
[2025-12-04T23:40:56.745+0600] {logging_mixin.py:154} INFO - [2025-12-04T23:40:56.745+0600] {dag.py:2941} INFO - Sync 2 DAGs
[2025-12-04T23:40:56.748+0600] {logging_mixin.py:154} INFO - [2025-12-04T23:40:56.748+0600] {dag.py:3722} INFO - Setting next_dagrun for example_external_task_marker_child to None, run_after=None
[2025-12-04T23:40:56.750+0600] {logging_mixin.py:154} INFO - [2025-12-04T23:40:56.750+0600] {dag.py:3722} INFO - Setting next_dagrun for example_external_task_marker_parent to None, run_after=None
[2025-12-04T23:40:56.757+0600] {processor.py:179} INFO - Processing /Users/asminsadykova/Desktop/h&m/.venv/lib/python3.9/site-packages/airflow/example_dags/example_external_task_marker_dag.py took 0.102 seconds
[2025-12-04T23:42:22.080+0600] {processor.py:157} INFO - Started process (PID=40666) to work on /Users/asminsadykova/Desktop/h&m/.venv/lib/python3.9/site-packages/airflow/example_dags/example_external_task_marker_dag.py
[2025-12-04T23:42:22.081+0600] {processor.py:829} INFO - Processing file /Users/asminsadykova/Desktop/h&m/.venv/lib/python3.9/site-packages/airflow/example_dags/example_external_task_marker_dag.py for tasks to queue
[2025-12-04T23:42:22.081+0600] {logging_mixin.py:154} INFO - [2025-12-04T23:42:22.081+0600] {dagbag.py:536} INFO - Filling up the DagBag from /Users/asminsadykova/Desktop/h&m/.venv/lib/python3.9/site-packages/airflow/example_dags/example_external_task_marker_dag.py
[2025-12-04T23:42:22.094+0600] {processor.py:839} INFO - DAG(s) dict_keys(['example_external_task_marker_parent', 'example_external_task_marker_child']) retrieved from /Users/asminsadykova/Desktop/h&m/.venv/lib/python3.9/site-packages/airflow/example_dags/example_external_task_marker_dag.py
[2025-12-04T23:42:22.166+0600] {logging_mixin.py:154} INFO - [2025-12-04T23:42:22.166+0600] {dag.py:2941} INFO - Sync 2 DAGs
[2025-12-04T23:42:22.170+0600] {logging_mixin.py:154} INFO - [2025-12-04T23:42:22.170+0600] {dag.py:3722} INFO - Setting next_dagrun for example_external_task_marker_child to None, run_after=None
[2025-12-04T23:42:22.171+0600] {logging_mixin.py:154} INFO - [2025-12-04T23:42:22.171+0600] {dag.py:3722} INFO - Setting next_dagrun for example_external_task_marker_parent to None, run_after=None
[2025-12-04T23:42:22.178+0600] {processor.py:179} INFO - Processing /Users/asminsadykova/Desktop/h&m/.venv/lib/python3.9/site-packages/airflow/example_dags/example_external_task_marker_dag.py took 0.099 seconds
[2025-12-04T23:43:59.173+0600] {processor.py:157} INFO - Started process (PID=40871) to work on /Users/asminsadykova/Desktop/h&m/.venv/lib/python3.9/site-packages/airflow/example_dags/example_external_task_marker_dag.py
[2025-12-04T23:43:59.174+0600] {processor.py:829} INFO - Processing file /Users/asminsadykova/Desktop/h&m/.venv/lib/python3.9/site-packages/airflow/example_dags/example_external_task_marker_dag.py for tasks to queue
[2025-12-04T23:43:59.174+0600] {logging_mixin.py:154} INFO - [2025-12-04T23:43:59.174+0600] {dagbag.py:536} INFO - Filling up the DagBag from /Users/asminsadykova/Desktop/h&m/.venv/lib/python3.9/site-packages/airflow/example_dags/example_external_task_marker_dag.py
[2025-12-04T23:43:59.190+0600] {processor.py:839} INFO - DAG(s) dict_keys(['example_external_task_marker_child', 'example_external_task_marker_parent']) retrieved from /Users/asminsadykova/Desktop/h&m/.venv/lib/python3.9/site-packages/airflow/example_dags/example_external_task_marker_dag.py
[2025-12-04T23:43:59.279+0600] {logging_mixin.py:154} INFO - [2025-12-04T23:43:59.279+0600] {dag.py:2941} INFO - Sync 2 DAGs
[2025-12-04T23:43:59.282+0600] {logging_mixin.py:154} INFO - [2025-12-04T23:43:59.282+0600] {dag.py:3722} INFO - Setting next_dagrun for example_external_task_marker_child to None, run_after=None
[2025-12-04T23:43:59.283+0600] {logging_mixin.py:154} INFO - [2025-12-04T23:43:59.283+0600] {dag.py:3722} INFO - Setting next_dagrun for example_external_task_marker_parent to None, run_after=None
[2025-12-04T23:43:59.292+0600] {processor.py:179} INFO - Processing /Users/asminsadykova/Desktop/h&m/.venv/lib/python3.9/site-packages/airflow/example_dags/example_external_task_marker_dag.py took 0.122 seconds
[2025-12-04T23:45:35.832+0600] {processor.py:157} INFO - Started process (PID=41167) to work on /Users/asminsadykova/Desktop/h&m/.venv/lib/python3.9/site-packages/airflow/example_dags/example_external_task_marker_dag.py
[2025-12-04T23:45:35.833+0600] {processor.py:829} INFO - Processing file /Users/asminsadykova/Desktop/h&m/.venv/lib/python3.9/site-packages/airflow/example_dags/example_external_task_marker_dag.py for tasks to queue
[2025-12-04T23:45:35.834+0600] {logging_mixin.py:154} INFO - [2025-12-04T23:45:35.833+0600] {dagbag.py:536} INFO - Filling up the DagBag from /Users/asminsadykova/Desktop/h&m/.venv/lib/python3.9/site-packages/airflow/example_dags/example_external_task_marker_dag.py
[2025-12-04T23:45:35.846+0600] {processor.py:839} INFO - DAG(s) dict_keys(['example_external_task_marker_parent', 'example_external_task_marker_child']) retrieved from /Users/asminsadykova/Desktop/h&m/.venv/lib/python3.9/site-packages/airflow/example_dags/example_external_task_marker_dag.py
[2025-12-04T23:45:35.920+0600] {logging_mixin.py:154} INFO - [2025-12-04T23:45:35.920+0600] {dag.py:2941} INFO - Sync 2 DAGs
[2025-12-04T23:45:35.924+0600] {logging_mixin.py:154} INFO - [2025-12-04T23:45:35.924+0600] {dag.py:3722} INFO - Setting next_dagrun for example_external_task_marker_child to None, run_after=None
[2025-12-04T23:45:35.925+0600] {logging_mixin.py:154} INFO - [2025-12-04T23:45:35.925+0600] {dag.py:3722} INFO - Setting next_dagrun for example_external_task_marker_parent to None, run_after=None
[2025-12-04T23:45:35.932+0600] {processor.py:179} INFO - Processing /Users/asminsadykova/Desktop/h&m/.venv/lib/python3.9/site-packages/airflow/example_dags/example_external_task_marker_dag.py took 0.100 seconds
[2025-12-04T23:47:10.665+0600] {processor.py:157} INFO - Started process (PID=41486) to work on /Users/asminsadykova/Desktop/h&m/.venv/lib/python3.9/site-packages/airflow/example_dags/example_external_task_marker_dag.py
[2025-12-04T23:47:10.666+0600] {processor.py:829} INFO - Processing file /Users/asminsadykova/Desktop/h&m/.venv/lib/python3.9/site-packages/airflow/example_dags/example_external_task_marker_dag.py for tasks to queue
[2025-12-04T23:47:10.666+0600] {logging_mixin.py:154} INFO - [2025-12-04T23:47:10.666+0600] {dagbag.py:536} INFO - Filling up the DagBag from /Users/asminsadykova/Desktop/h&m/.venv/lib/python3.9/site-packages/airflow/example_dags/example_external_task_marker_dag.py
[2025-12-04T23:47:10.680+0600] {processor.py:839} INFO - DAG(s) dict_keys(['example_external_task_marker_parent', 'example_external_task_marker_child']) retrieved from /Users/asminsadykova/Desktop/h&m/.venv/lib/python3.9/site-packages/airflow/example_dags/example_external_task_marker_dag.py
[2025-12-04T23:47:10.760+0600] {logging_mixin.py:154} INFO - [2025-12-04T23:47:10.760+0600] {dag.py:2941} INFO - Sync 2 DAGs
[2025-12-04T23:47:10.764+0600] {logging_mixin.py:154} INFO - [2025-12-04T23:47:10.764+0600] {dag.py:3722} INFO - Setting next_dagrun for example_external_task_marker_child to None, run_after=None
[2025-12-04T23:47:10.766+0600] {logging_mixin.py:154} INFO - [2025-12-04T23:47:10.766+0600] {dag.py:3722} INFO - Setting next_dagrun for example_external_task_marker_parent to None, run_after=None
[2025-12-04T23:47:10.774+0600] {processor.py:179} INFO - Processing /Users/asminsadykova/Desktop/h&m/.venv/lib/python3.9/site-packages/airflow/example_dags/example_external_task_marker_dag.py took 0.110 seconds
[2025-12-04T23:48:35.510+0600] {processor.py:157} INFO - Started process (PID=41665) to work on /Users/asminsadykova/Desktop/h&m/.venv/lib/python3.9/site-packages/airflow/example_dags/example_external_task_marker_dag.py
[2025-12-04T23:48:35.511+0600] {processor.py:829} INFO - Processing file /Users/asminsadykova/Desktop/h&m/.venv/lib/python3.9/site-packages/airflow/example_dags/example_external_task_marker_dag.py for tasks to queue
[2025-12-04T23:48:35.511+0600] {logging_mixin.py:154} INFO - [2025-12-04T23:48:35.511+0600] {dagbag.py:536} INFO - Filling up the DagBag from /Users/asminsadykova/Desktop/h&m/.venv/lib/python3.9/site-packages/airflow/example_dags/example_external_task_marker_dag.py
[2025-12-04T23:48:35.524+0600] {processor.py:839} INFO - DAG(s) dict_keys(['example_external_task_marker_parent', 'example_external_task_marker_child']) retrieved from /Users/asminsadykova/Desktop/h&m/.venv/lib/python3.9/site-packages/airflow/example_dags/example_external_task_marker_dag.py
[2025-12-04T23:48:35.607+0600] {logging_mixin.py:154} INFO - [2025-12-04T23:48:35.607+0600] {dag.py:2941} INFO - Sync 2 DAGs
[2025-12-04T23:48:35.612+0600] {logging_mixin.py:154} INFO - [2025-12-04T23:48:35.612+0600] {dag.py:3722} INFO - Setting next_dagrun for example_external_task_marker_child to None, run_after=None
[2025-12-04T23:48:35.613+0600] {logging_mixin.py:154} INFO - [2025-12-04T23:48:35.613+0600] {dag.py:3722} INFO - Setting next_dagrun for example_external_task_marker_parent to None, run_after=None
[2025-12-04T23:48:35.621+0600] {processor.py:179} INFO - Processing /Users/asminsadykova/Desktop/h&m/.venv/lib/python3.9/site-packages/airflow/example_dags/example_external_task_marker_dag.py took 0.112 seconds
[2025-12-04T23:50:10.206+0600] {processor.py:157} INFO - Started process (PID=41792) to work on /Users/asminsadykova/Desktop/h&m/.venv/lib/python3.9/site-packages/airflow/example_dags/example_external_task_marker_dag.py
[2025-12-04T23:50:10.207+0600] {processor.py:829} INFO - Processing file /Users/asminsadykova/Desktop/h&m/.venv/lib/python3.9/site-packages/airflow/example_dags/example_external_task_marker_dag.py for tasks to queue
[2025-12-04T23:50:10.207+0600] {logging_mixin.py:154} INFO - [2025-12-04T23:50:10.207+0600] {dagbag.py:536} INFO - Filling up the DagBag from /Users/asminsadykova/Desktop/h&m/.venv/lib/python3.9/site-packages/airflow/example_dags/example_external_task_marker_dag.py
[2025-12-04T23:50:10.219+0600] {processor.py:839} INFO - DAG(s) dict_keys(['example_external_task_marker_child', 'example_external_task_marker_parent']) retrieved from /Users/asminsadykova/Desktop/h&m/.venv/lib/python3.9/site-packages/airflow/example_dags/example_external_task_marker_dag.py
[2025-12-04T23:50:10.304+0600] {logging_mixin.py:154} INFO - [2025-12-04T23:50:10.304+0600] {dag.py:2941} INFO - Sync 2 DAGs
[2025-12-04T23:50:10.308+0600] {logging_mixin.py:154} INFO - [2025-12-04T23:50:10.308+0600] {dag.py:3722} INFO - Setting next_dagrun for example_external_task_marker_child to None, run_after=None
[2025-12-04T23:50:10.309+0600] {logging_mixin.py:154} INFO - [2025-12-04T23:50:10.309+0600] {dag.py:3722} INFO - Setting next_dagrun for example_external_task_marker_parent to None, run_after=None
[2025-12-04T23:50:10.316+0600] {processor.py:179} INFO - Processing /Users/asminsadykova/Desktop/h&m/.venv/lib/python3.9/site-packages/airflow/example_dags/example_external_task_marker_dag.py took 0.111 seconds
[2025-12-04T23:51:48.294+0600] {processor.py:157} INFO - Started process (PID=42029) to work on /Users/asminsadykova/Desktop/h&m/.venv/lib/python3.9/site-packages/airflow/example_dags/example_external_task_marker_dag.py
[2025-12-04T23:51:48.295+0600] {processor.py:829} INFO - Processing file /Users/asminsadykova/Desktop/h&m/.venv/lib/python3.9/site-packages/airflow/example_dags/example_external_task_marker_dag.py for tasks to queue
[2025-12-04T23:51:48.295+0600] {logging_mixin.py:154} INFO - [2025-12-04T23:51:48.295+0600] {dagbag.py:536} INFO - Filling up the DagBag from /Users/asminsadykova/Desktop/h&m/.venv/lib/python3.9/site-packages/airflow/example_dags/example_external_task_marker_dag.py
[2025-12-04T23:51:48.309+0600] {processor.py:839} INFO - DAG(s) dict_keys(['example_external_task_marker_child', 'example_external_task_marker_parent']) retrieved from /Users/asminsadykova/Desktop/h&m/.venv/lib/python3.9/site-packages/airflow/example_dags/example_external_task_marker_dag.py
[2025-12-04T23:51:48.389+0600] {logging_mixin.py:154} INFO - [2025-12-04T23:51:48.389+0600] {dag.py:2941} INFO - Sync 2 DAGs
[2025-12-04T23:51:48.392+0600] {logging_mixin.py:154} INFO - [2025-12-04T23:51:48.392+0600] {dag.py:3722} INFO - Setting next_dagrun for example_external_task_marker_child to None, run_after=None
[2025-12-04T23:51:48.394+0600] {logging_mixin.py:154} INFO - [2025-12-04T23:51:48.394+0600] {dag.py:3722} INFO - Setting next_dagrun for example_external_task_marker_parent to None, run_after=None
[2025-12-04T23:51:48.401+0600] {processor.py:179} INFO - Processing /Users/asminsadykova/Desktop/h&m/.venv/lib/python3.9/site-packages/airflow/example_dags/example_external_task_marker_dag.py took 0.108 seconds
[2025-12-04T23:53:24.028+0600] {processor.py:157} INFO - Started process (PID=42129) to work on /Users/asminsadykova/Desktop/h&m/.venv/lib/python3.9/site-packages/airflow/example_dags/example_external_task_marker_dag.py
[2025-12-04T23:53:24.029+0600] {processor.py:829} INFO - Processing file /Users/asminsadykova/Desktop/h&m/.venv/lib/python3.9/site-packages/airflow/example_dags/example_external_task_marker_dag.py for tasks to queue
[2025-12-04T23:53:24.030+0600] {logging_mixin.py:154} INFO - [2025-12-04T23:53:24.030+0600] {dagbag.py:536} INFO - Filling up the DagBag from /Users/asminsadykova/Desktop/h&m/.venv/lib/python3.9/site-packages/airflow/example_dags/example_external_task_marker_dag.py
[2025-12-04T23:53:24.044+0600] {processor.py:839} INFO - DAG(s) dict_keys(['example_external_task_marker_parent', 'example_external_task_marker_child']) retrieved from /Users/asminsadykova/Desktop/h&m/.venv/lib/python3.9/site-packages/airflow/example_dags/example_external_task_marker_dag.py
[2025-12-04T23:53:24.121+0600] {logging_mixin.py:154} INFO - [2025-12-04T23:53:24.120+0600] {dag.py:2941} INFO - Sync 2 DAGs
[2025-12-04T23:53:24.124+0600] {logging_mixin.py:154} INFO - [2025-12-04T23:53:24.124+0600] {dag.py:3722} INFO - Setting next_dagrun for example_external_task_marker_child to None, run_after=None
[2025-12-04T23:53:24.125+0600] {logging_mixin.py:154} INFO - [2025-12-04T23:53:24.125+0600] {dag.py:3722} INFO - Setting next_dagrun for example_external_task_marker_parent to None, run_after=None
[2025-12-04T23:53:24.132+0600] {processor.py:179} INFO - Processing /Users/asminsadykova/Desktop/h&m/.venv/lib/python3.9/site-packages/airflow/example_dags/example_external_task_marker_dag.py took 0.105 seconds
[2025-12-04T23:54:51.612+0600] {processor.py:157} INFO - Started process (PID=42208) to work on /Users/asminsadykova/Desktop/h&m/.venv/lib/python3.9/site-packages/airflow/example_dags/example_external_task_marker_dag.py
[2025-12-04T23:54:51.614+0600] {processor.py:829} INFO - Processing file /Users/asminsadykova/Desktop/h&m/.venv/lib/python3.9/site-packages/airflow/example_dags/example_external_task_marker_dag.py for tasks to queue
[2025-12-04T23:54:51.614+0600] {logging_mixin.py:154} INFO - [2025-12-04T23:54:51.614+0600] {dagbag.py:536} INFO - Filling up the DagBag from /Users/asminsadykova/Desktop/h&m/.venv/lib/python3.9/site-packages/airflow/example_dags/example_external_task_marker_dag.py
[2025-12-04T23:54:51.626+0600] {processor.py:839} INFO - DAG(s) dict_keys(['example_external_task_marker_child', 'example_external_task_marker_parent']) retrieved from /Users/asminsadykova/Desktop/h&m/.venv/lib/python3.9/site-packages/airflow/example_dags/example_external_task_marker_dag.py
[2025-12-04T23:54:51.699+0600] {logging_mixin.py:154} INFO - [2025-12-04T23:54:51.699+0600] {dag.py:2941} INFO - Sync 2 DAGs
[2025-12-04T23:54:51.702+0600] {logging_mixin.py:154} INFO - [2025-12-04T23:54:51.702+0600] {dag.py:3722} INFO - Setting next_dagrun for example_external_task_marker_child to None, run_after=None
[2025-12-04T23:54:51.704+0600] {logging_mixin.py:154} INFO - [2025-12-04T23:54:51.704+0600] {dag.py:3722} INFO - Setting next_dagrun for example_external_task_marker_parent to None, run_after=None
[2025-12-04T23:54:51.711+0600] {processor.py:179} INFO - Processing /Users/asminsadykova/Desktop/h&m/.venv/lib/python3.9/site-packages/airflow/example_dags/example_external_task_marker_dag.py took 0.100 seconds
[2025-12-04T23:56:19.864+0600] {processor.py:157} INFO - Started process (PID=42281) to work on /Users/asminsadykova/Desktop/h&m/.venv/lib/python3.9/site-packages/airflow/example_dags/example_external_task_marker_dag.py
[2025-12-04T23:56:19.865+0600] {processor.py:829} INFO - Processing file /Users/asminsadykova/Desktop/h&m/.venv/lib/python3.9/site-packages/airflow/example_dags/example_external_task_marker_dag.py for tasks to queue
[2025-12-04T23:56:19.866+0600] {logging_mixin.py:154} INFO - [2025-12-04T23:56:19.866+0600] {dagbag.py:536} INFO - Filling up the DagBag from /Users/asminsadykova/Desktop/h&m/.venv/lib/python3.9/site-packages/airflow/example_dags/example_external_task_marker_dag.py
[2025-12-04T23:56:19.879+0600] {processor.py:839} INFO - DAG(s) dict_keys(['example_external_task_marker_child', 'example_external_task_marker_parent']) retrieved from /Users/asminsadykova/Desktop/h&m/.venv/lib/python3.9/site-packages/airflow/example_dags/example_external_task_marker_dag.py
[2025-12-04T23:56:19.953+0600] {logging_mixin.py:154} INFO - [2025-12-04T23:56:19.953+0600] {dag.py:2941} INFO - Sync 2 DAGs
[2025-12-04T23:56:19.957+0600] {logging_mixin.py:154} INFO - [2025-12-04T23:56:19.957+0600] {dag.py:3722} INFO - Setting next_dagrun for example_external_task_marker_child to None, run_after=None
[2025-12-04T23:56:19.959+0600] {logging_mixin.py:154} INFO - [2025-12-04T23:56:19.959+0600] {dag.py:3722} INFO - Setting next_dagrun for example_external_task_marker_parent to None, run_after=None
[2025-12-04T23:56:19.965+0600] {processor.py:179} INFO - Processing /Users/asminsadykova/Desktop/h&m/.venv/lib/python3.9/site-packages/airflow/example_dags/example_external_task_marker_dag.py took 0.102 seconds
[2025-12-04T23:57:49.206+0600] {processor.py:157} INFO - Started process (PID=42361) to work on /Users/asminsadykova/Desktop/h&m/.venv/lib/python3.9/site-packages/airflow/example_dags/example_external_task_marker_dag.py
[2025-12-04T23:57:49.208+0600] {processor.py:829} INFO - Processing file /Users/asminsadykova/Desktop/h&m/.venv/lib/python3.9/site-packages/airflow/example_dags/example_external_task_marker_dag.py for tasks to queue
[2025-12-04T23:57:49.208+0600] {logging_mixin.py:154} INFO - [2025-12-04T23:57:49.208+0600] {dagbag.py:536} INFO - Filling up the DagBag from /Users/asminsadykova/Desktop/h&m/.venv/lib/python3.9/site-packages/airflow/example_dags/example_external_task_marker_dag.py
[2025-12-04T23:57:49.220+0600] {processor.py:839} INFO - DAG(s) dict_keys(['example_external_task_marker_parent', 'example_external_task_marker_child']) retrieved from /Users/asminsadykova/Desktop/h&m/.venv/lib/python3.9/site-packages/airflow/example_dags/example_external_task_marker_dag.py
[2025-12-04T23:57:49.294+0600] {logging_mixin.py:154} INFO - [2025-12-04T23:57:49.294+0600] {dag.py:2941} INFO - Sync 2 DAGs
[2025-12-04T23:57:49.298+0600] {logging_mixin.py:154} INFO - [2025-12-04T23:57:49.298+0600] {dag.py:3722} INFO - Setting next_dagrun for example_external_task_marker_child to None, run_after=None
[2025-12-04T23:57:49.299+0600] {logging_mixin.py:154} INFO - [2025-12-04T23:57:49.299+0600] {dag.py:3722} INFO - Setting next_dagrun for example_external_task_marker_parent to None, run_after=None
[2025-12-04T23:57:49.306+0600] {processor.py:179} INFO - Processing /Users/asminsadykova/Desktop/h&m/.venv/lib/python3.9/site-packages/airflow/example_dags/example_external_task_marker_dag.py took 0.100 seconds
[2025-12-04T23:59:16.952+0600] {processor.py:157} INFO - Started process (PID=42496) to work on /Users/asminsadykova/Desktop/h&m/.venv/lib/python3.9/site-packages/airflow/example_dags/example_external_task_marker_dag.py
[2025-12-04T23:59:16.953+0600] {processor.py:829} INFO - Processing file /Users/asminsadykova/Desktop/h&m/.venv/lib/python3.9/site-packages/airflow/example_dags/example_external_task_marker_dag.py for tasks to queue
[2025-12-04T23:59:16.953+0600] {logging_mixin.py:154} INFO - [2025-12-04T23:59:16.953+0600] {dagbag.py:536} INFO - Filling up the DagBag from /Users/asminsadykova/Desktop/h&m/.venv/lib/python3.9/site-packages/airflow/example_dags/example_external_task_marker_dag.py
[2025-12-04T23:59:16.966+0600] {processor.py:839} INFO - DAG(s) dict_keys(['example_external_task_marker_parent', 'example_external_task_marker_child']) retrieved from /Users/asminsadykova/Desktop/h&m/.venv/lib/python3.9/site-packages/airflow/example_dags/example_external_task_marker_dag.py
[2025-12-04T23:59:17.041+0600] {logging_mixin.py:154} INFO - [2025-12-04T23:59:17.041+0600] {dag.py:2941} INFO - Sync 2 DAGs
[2025-12-04T23:59:17.045+0600] {logging_mixin.py:154} INFO - [2025-12-04T23:59:17.044+0600] {dag.py:3722} INFO - Setting next_dagrun for example_external_task_marker_child to None, run_after=None
[2025-12-04T23:59:17.046+0600] {logging_mixin.py:154} INFO - [2025-12-04T23:59:17.046+0600] {dag.py:3722} INFO - Setting next_dagrun for example_external_task_marker_parent to None, run_after=None
[2025-12-04T23:59:17.053+0600] {processor.py:179} INFO - Processing /Users/asminsadykova/Desktop/h&m/.venv/lib/python3.9/site-packages/airflow/example_dags/example_external_task_marker_dag.py took 0.101 seconds
[2025-12-05T00:00:53.186+0600] {processor.py:157} INFO - Started process (PID=42829) to work on /Users/asminsadykova/Desktop/h&m/.venv/lib/python3.9/site-packages/airflow/example_dags/example_external_task_marker_dag.py
[2025-12-05T00:00:53.187+0600] {processor.py:829} INFO - Processing file /Users/asminsadykova/Desktop/h&m/.venv/lib/python3.9/site-packages/airflow/example_dags/example_external_task_marker_dag.py for tasks to queue
[2025-12-05T00:00:53.188+0600] {logging_mixin.py:154} INFO - [2025-12-05T00:00:53.188+0600] {dagbag.py:536} INFO - Filling up the DagBag from /Users/asminsadykova/Desktop/h&m/.venv/lib/python3.9/site-packages/airflow/example_dags/example_external_task_marker_dag.py
[2025-12-05T00:00:53.202+0600] {processor.py:839} INFO - DAG(s) dict_keys(['example_external_task_marker_parent', 'example_external_task_marker_child']) retrieved from /Users/asminsadykova/Desktop/h&m/.venv/lib/python3.9/site-packages/airflow/example_dags/example_external_task_marker_dag.py
[2025-12-05T00:00:53.287+0600] {logging_mixin.py:154} INFO - [2025-12-05T00:00:53.287+0600] {dag.py:2941} INFO - Sync 2 DAGs
[2025-12-05T00:00:53.292+0600] {logging_mixin.py:154} INFO - [2025-12-05T00:00:53.292+0600] {dag.py:3722} INFO - Setting next_dagrun for example_external_task_marker_child to None, run_after=None
[2025-12-05T00:00:53.293+0600] {logging_mixin.py:154} INFO - [2025-12-05T00:00:53.293+0600] {dag.py:3722} INFO - Setting next_dagrun for example_external_task_marker_parent to None, run_after=None
[2025-12-05T00:00:53.302+0600] {processor.py:179} INFO - Processing /Users/asminsadykova/Desktop/h&m/.venv/lib/python3.9/site-packages/airflow/example_dags/example_external_task_marker_dag.py took 0.116 seconds
[2025-12-05T00:02:26.485+0600] {processor.py:157} INFO - Started process (PID=42919) to work on /Users/asminsadykova/Desktop/h&m/.venv/lib/python3.9/site-packages/airflow/example_dags/example_external_task_marker_dag.py
[2025-12-05T00:02:26.486+0600] {processor.py:829} INFO - Processing file /Users/asminsadykova/Desktop/h&m/.venv/lib/python3.9/site-packages/airflow/example_dags/example_external_task_marker_dag.py for tasks to queue
[2025-12-05T00:02:26.486+0600] {logging_mixin.py:154} INFO - [2025-12-05T00:02:26.486+0600] {dagbag.py:536} INFO - Filling up the DagBag from /Users/asminsadykova/Desktop/h&m/.venv/lib/python3.9/site-packages/airflow/example_dags/example_external_task_marker_dag.py
[2025-12-05T00:02:26.501+0600] {processor.py:839} INFO - DAG(s) dict_keys(['example_external_task_marker_child', 'example_external_task_marker_parent']) retrieved from /Users/asminsadykova/Desktop/h&m/.venv/lib/python3.9/site-packages/airflow/example_dags/example_external_task_marker_dag.py
[2025-12-05T00:02:26.578+0600] {logging_mixin.py:154} INFO - [2025-12-05T00:02:26.577+0600] {dag.py:2941} INFO - Sync 2 DAGs
[2025-12-05T00:02:26.581+0600] {logging_mixin.py:154} INFO - [2025-12-05T00:02:26.581+0600] {dag.py:3722} INFO - Setting next_dagrun for example_external_task_marker_child to None, run_after=None
[2025-12-05T00:02:26.582+0600] {logging_mixin.py:154} INFO - [2025-12-05T00:02:26.582+0600] {dag.py:3722} INFO - Setting next_dagrun for example_external_task_marker_parent to None, run_after=None
[2025-12-05T00:02:26.590+0600] {processor.py:179} INFO - Processing /Users/asminsadykova/Desktop/h&m/.venv/lib/python3.9/site-packages/airflow/example_dags/example_external_task_marker_dag.py took 0.105 seconds
[2025-12-05T00:03:58.428+0600] {processor.py:157} INFO - Started process (PID=42994) to work on /Users/asminsadykova/Desktop/h&m/.venv/lib/python3.9/site-packages/airflow/example_dags/example_external_task_marker_dag.py
[2025-12-05T00:03:58.429+0600] {processor.py:829} INFO - Processing file /Users/asminsadykova/Desktop/h&m/.venv/lib/python3.9/site-packages/airflow/example_dags/example_external_task_marker_dag.py for tasks to queue
[2025-12-05T00:03:58.429+0600] {logging_mixin.py:154} INFO - [2025-12-05T00:03:58.429+0600] {dagbag.py:536} INFO - Filling up the DagBag from /Users/asminsadykova/Desktop/h&m/.venv/lib/python3.9/site-packages/airflow/example_dags/example_external_task_marker_dag.py
[2025-12-05T00:03:58.466+0600] {processor.py:839} INFO - DAG(s) dict_keys(['example_external_task_marker_child', 'example_external_task_marker_parent']) retrieved from /Users/asminsadykova/Desktop/h&m/.venv/lib/python3.9/site-packages/airflow/example_dags/example_external_task_marker_dag.py
[2025-12-05T00:03:58.560+0600] {logging_mixin.py:154} INFO - [2025-12-05T00:03:58.560+0600] {dag.py:2941} INFO - Sync 2 DAGs
[2025-12-05T00:03:58.564+0600] {logging_mixin.py:154} INFO - [2025-12-05T00:03:58.564+0600] {dag.py:3722} INFO - Setting next_dagrun for example_external_task_marker_child to None, run_after=None
[2025-12-05T00:03:58.565+0600] {logging_mixin.py:154} INFO - [2025-12-05T00:03:58.565+0600] {dag.py:3722} INFO - Setting next_dagrun for example_external_task_marker_parent to None, run_after=None
[2025-12-05T00:03:58.572+0600] {processor.py:179} INFO - Processing /Users/asminsadykova/Desktop/h&m/.venv/lib/python3.9/site-packages/airflow/example_dags/example_external_task_marker_dag.py took 0.144 seconds
[2025-12-05T00:05:33.943+0600] {processor.py:157} INFO - Started process (PID=43272) to work on /Users/asminsadykova/Desktop/h&m/.venv/lib/python3.9/site-packages/airflow/example_dags/example_external_task_marker_dag.py
[2025-12-05T00:05:33.944+0600] {processor.py:829} INFO - Processing file /Users/asminsadykova/Desktop/h&m/.venv/lib/python3.9/site-packages/airflow/example_dags/example_external_task_marker_dag.py for tasks to queue
[2025-12-05T00:05:33.945+0600] {logging_mixin.py:154} INFO - [2025-12-05T00:05:33.945+0600] {dagbag.py:536} INFO - Filling up the DagBag from /Users/asminsadykova/Desktop/h&m/.venv/lib/python3.9/site-packages/airflow/example_dags/example_external_task_marker_dag.py
[2025-12-05T00:05:33.959+0600] {processor.py:839} INFO - DAG(s) dict_keys(['example_external_task_marker_child', 'example_external_task_marker_parent']) retrieved from /Users/asminsadykova/Desktop/h&m/.venv/lib/python3.9/site-packages/airflow/example_dags/example_external_task_marker_dag.py
[2025-12-05T00:05:34.042+0600] {logging_mixin.py:154} INFO - [2025-12-05T00:05:34.042+0600] {dag.py:2941} INFO - Sync 2 DAGs
[2025-12-05T00:05:34.047+0600] {logging_mixin.py:154} INFO - [2025-12-05T00:05:34.046+0600] {dag.py:3722} INFO - Setting next_dagrun for example_external_task_marker_child to None, run_after=None
[2025-12-05T00:05:34.048+0600] {logging_mixin.py:154} INFO - [2025-12-05T00:05:34.048+0600] {dag.py:3722} INFO - Setting next_dagrun for example_external_task_marker_parent to None, run_after=None
[2025-12-05T00:05:34.055+0600] {processor.py:179} INFO - Processing /Users/asminsadykova/Desktop/h&m/.venv/lib/python3.9/site-packages/airflow/example_dags/example_external_task_marker_dag.py took 0.112 seconds
[2025-12-05T00:07:01.412+0600] {processor.py:157} INFO - Started process (PID=43422) to work on /Users/asminsadykova/Desktop/h&m/.venv/lib/python3.9/site-packages/airflow/example_dags/example_external_task_marker_dag.py
[2025-12-05T00:07:01.413+0600] {processor.py:829} INFO - Processing file /Users/asminsadykova/Desktop/h&m/.venv/lib/python3.9/site-packages/airflow/example_dags/example_external_task_marker_dag.py for tasks to queue
[2025-12-05T00:07:01.413+0600] {logging_mixin.py:154} INFO - [2025-12-05T00:07:01.413+0600] {dagbag.py:536} INFO - Filling up the DagBag from /Users/asminsadykova/Desktop/h&m/.venv/lib/python3.9/site-packages/airflow/example_dags/example_external_task_marker_dag.py
[2025-12-05T00:07:01.426+0600] {processor.py:839} INFO - DAG(s) dict_keys(['example_external_task_marker_child', 'example_external_task_marker_parent']) retrieved from /Users/asminsadykova/Desktop/h&m/.venv/lib/python3.9/site-packages/airflow/example_dags/example_external_task_marker_dag.py
[2025-12-05T00:07:01.503+0600] {logging_mixin.py:154} INFO - [2025-12-05T00:07:01.503+0600] {dag.py:2941} INFO - Sync 2 DAGs
[2025-12-05T00:07:01.507+0600] {logging_mixin.py:154} INFO - [2025-12-05T00:07:01.507+0600] {dag.py:3722} INFO - Setting next_dagrun for example_external_task_marker_child to None, run_after=None
[2025-12-05T00:07:01.509+0600] {logging_mixin.py:154} INFO - [2025-12-05T00:07:01.509+0600] {dag.py:3722} INFO - Setting next_dagrun for example_external_task_marker_parent to None, run_after=None
[2025-12-05T00:07:01.516+0600] {processor.py:179} INFO - Processing /Users/asminsadykova/Desktop/h&m/.venv/lib/python3.9/site-packages/airflow/example_dags/example_external_task_marker_dag.py took 0.105 seconds
[2025-12-05T00:08:26.539+0600] {processor.py:157} INFO - Started process (PID=43568) to work on /Users/asminsadykova/Desktop/h&m/.venv/lib/python3.9/site-packages/airflow/example_dags/example_external_task_marker_dag.py
[2025-12-05T00:08:26.541+0600] {processor.py:829} INFO - Processing file /Users/asminsadykova/Desktop/h&m/.venv/lib/python3.9/site-packages/airflow/example_dags/example_external_task_marker_dag.py for tasks to queue
[2025-12-05T00:08:26.541+0600] {logging_mixin.py:154} INFO - [2025-12-05T00:08:26.541+0600] {dagbag.py:536} INFO - Filling up the DagBag from /Users/asminsadykova/Desktop/h&m/.venv/lib/python3.9/site-packages/airflow/example_dags/example_external_task_marker_dag.py
[2025-12-05T00:08:26.555+0600] {processor.py:839} INFO - DAG(s) dict_keys(['example_external_task_marker_parent', 'example_external_task_marker_child']) retrieved from /Users/asminsadykova/Desktop/h&m/.venv/lib/python3.9/site-packages/airflow/example_dags/example_external_task_marker_dag.py
[2025-12-05T00:08:26.632+0600] {logging_mixin.py:154} INFO - [2025-12-05T00:08:26.632+0600] {dag.py:2941} INFO - Sync 2 DAGs
[2025-12-05T00:08:26.636+0600] {logging_mixin.py:154} INFO - [2025-12-05T00:08:26.636+0600] {dag.py:3722} INFO - Setting next_dagrun for example_external_task_marker_child to None, run_after=None
[2025-12-05T00:08:26.638+0600] {logging_mixin.py:154} INFO - [2025-12-05T00:08:26.638+0600] {dag.py:3722} INFO - Setting next_dagrun for example_external_task_marker_parent to None, run_after=None
[2025-12-05T00:08:26.645+0600] {processor.py:179} INFO - Processing /Users/asminsadykova/Desktop/h&m/.venv/lib/python3.9/site-packages/airflow/example_dags/example_external_task_marker_dag.py took 0.106 seconds
[2025-12-05T00:10:01.636+0600] {processor.py:157} INFO - Started process (PID=43735) to work on /Users/asminsadykova/Desktop/h&m/.venv/lib/python3.9/site-packages/airflow/example_dags/example_external_task_marker_dag.py
[2025-12-05T00:10:01.637+0600] {processor.py:829} INFO - Processing file /Users/asminsadykova/Desktop/h&m/.venv/lib/python3.9/site-packages/airflow/example_dags/example_external_task_marker_dag.py for tasks to queue
[2025-12-05T00:10:01.638+0600] {logging_mixin.py:154} INFO - [2025-12-05T00:10:01.637+0600] {dagbag.py:536} INFO - Filling up the DagBag from /Users/asminsadykova/Desktop/h&m/.venv/lib/python3.9/site-packages/airflow/example_dags/example_external_task_marker_dag.py
[2025-12-05T00:10:01.652+0600] {processor.py:839} INFO - DAG(s) dict_keys(['example_external_task_marker_parent', 'example_external_task_marker_child']) retrieved from /Users/asminsadykova/Desktop/h&m/.venv/lib/python3.9/site-packages/airflow/example_dags/example_external_task_marker_dag.py
[2025-12-05T00:10:01.729+0600] {logging_mixin.py:154} INFO - [2025-12-05T00:10:01.729+0600] {dag.py:2941} INFO - Sync 2 DAGs
[2025-12-05T00:10:01.732+0600] {logging_mixin.py:154} INFO - [2025-12-05T00:10:01.732+0600] {dag.py:3722} INFO - Setting next_dagrun for example_external_task_marker_child to None, run_after=None
[2025-12-05T00:10:01.734+0600] {logging_mixin.py:154} INFO - [2025-12-05T00:10:01.734+0600] {dag.py:3722} INFO - Setting next_dagrun for example_external_task_marker_parent to None, run_after=None
[2025-12-05T00:10:01.741+0600] {processor.py:179} INFO - Processing /Users/asminsadykova/Desktop/h&m/.venv/lib/python3.9/site-packages/airflow/example_dags/example_external_task_marker_dag.py took 0.106 seconds
[2025-12-05T00:11:36.826+0600] {processor.py:157} INFO - Started process (PID=43891) to work on /Users/asminsadykova/Desktop/h&m/.venv/lib/python3.9/site-packages/airflow/example_dags/example_external_task_marker_dag.py
[2025-12-05T00:11:36.828+0600] {processor.py:829} INFO - Processing file /Users/asminsadykova/Desktop/h&m/.venv/lib/python3.9/site-packages/airflow/example_dags/example_external_task_marker_dag.py for tasks to queue
[2025-12-05T00:11:36.828+0600] {logging_mixin.py:154} INFO - [2025-12-05T00:11:36.828+0600] {dagbag.py:536} INFO - Filling up the DagBag from /Users/asminsadykova/Desktop/h&m/.venv/lib/python3.9/site-packages/airflow/example_dags/example_external_task_marker_dag.py
[2025-12-05T00:11:36.876+0600] {processor.py:839} INFO - DAG(s) dict_keys(['example_external_task_marker_parent', 'example_external_task_marker_child']) retrieved from /Users/asminsadykova/Desktop/h&m/.venv/lib/python3.9/site-packages/airflow/example_dags/example_external_task_marker_dag.py
[2025-12-05T00:11:37.055+0600] {logging_mixin.py:154} INFO - [2025-12-05T00:11:37.055+0600] {dag.py:2941} INFO - Sync 2 DAGs
[2025-12-05T00:11:37.062+0600] {logging_mixin.py:154} INFO - [2025-12-05T00:11:37.062+0600] {dag.py:3722} INFO - Setting next_dagrun for example_external_task_marker_child to None, run_after=None
[2025-12-05T00:11:37.064+0600] {logging_mixin.py:154} INFO - [2025-12-05T00:11:37.064+0600] {dag.py:3722} INFO - Setting next_dagrun for example_external_task_marker_parent to None, run_after=None
[2025-12-05T00:11:37.077+0600] {processor.py:179} INFO - Processing /Users/asminsadykova/Desktop/h&m/.venv/lib/python3.9/site-packages/airflow/example_dags/example_external_task_marker_dag.py took 0.253 seconds
