[2025-12-04T23:17:41.331+0600] {processor.py:157} INFO - Started process (PID=38918) to work on /Users/asminsadykova/Desktop/h&m/.venv/lib/python3.9/site-packages/airflow/example_dags/example_trigger_controller_dag.py
[2025-12-04T23:17:41.332+0600] {processor.py:829} INFO - Processing file /Users/asminsadykova/Desktop/h&m/.venv/lib/python3.9/site-packages/airflow/example_dags/example_trigger_controller_dag.py for tasks to queue
[2025-12-04T23:17:41.332+0600] {logging_mixin.py:154} INFO - [2025-12-04T23:17:41.332+0600] {dagbag.py:536} INFO - Filling up the DagBag from /Users/asminsadykova/Desktop/h&m/.venv/lib/python3.9/site-packages/airflow/example_dags/example_trigger_controller_dag.py
[2025-12-04T23:17:41.343+0600] {processor.py:839} INFO - DAG(s) dict_keys(['example_trigger_controller_dag']) retrieved from /Users/asminsadykova/Desktop/h&m/.venv/lib/python3.9/site-packages/airflow/example_dags/example_trigger_controller_dag.py
[2025-12-04T23:17:41.582+0600] {logging_mixin.py:154} INFO - [2025-12-04T23:17:41.582+0600] {manager.py:499} INFO - Created Permission View: %s
[2025-12-04T23:17:41.585+0600] {logging_mixin.py:154} INFO - [2025-12-04T23:17:41.585+0600] {manager.py:499} INFO - Created Permission View: %s
[2025-12-04T23:17:41.587+0600] {logging_mixin.py:154} INFO - [2025-12-04T23:17:41.587+0600] {manager.py:499} INFO - Created Permission View: %s
[2025-12-04T23:17:41.587+0600] {logging_mixin.py:154} INFO - [2025-12-04T23:17:41.587+0600] {dag.py:2941} INFO - Sync 1 DAGs
[2025-12-04T23:17:41.591+0600] {logging_mixin.py:154} INFO - [2025-12-04T23:17:41.591+0600] {dag.py:2963} INFO - Creating ORM DAG for example_trigger_controller_dag
[2025-12-04T23:17:41.594+0600] {logging_mixin.py:154} INFO - [2025-12-04T23:17:41.594+0600] {dag.py:3722} INFO - Setting next_dagrun for example_trigger_controller_dag to 2021-01-01T00:00:00+00:00, run_after=2021-01-01T00:00:00+00:00
[2025-12-04T23:17:41.600+0600] {processor.py:179} INFO - Processing /Users/asminsadykova/Desktop/h&m/.venv/lib/python3.9/site-packages/airflow/example_dags/example_trigger_controller_dag.py took 0.269 seconds
[2025-12-04T23:19:00.701+0600] {processor.py:157} INFO - Started process (PID=39013) to work on /Users/asminsadykova/Desktop/h&m/.venv/lib/python3.9/site-packages/airflow/example_dags/example_trigger_controller_dag.py
[2025-12-04T23:19:00.701+0600] {processor.py:829} INFO - Processing file /Users/asminsadykova/Desktop/h&m/.venv/lib/python3.9/site-packages/airflow/example_dags/example_trigger_controller_dag.py for tasks to queue
[2025-12-04T23:19:00.702+0600] {logging_mixin.py:154} INFO - [2025-12-04T23:19:00.701+0600] {dagbag.py:536} INFO - Filling up the DagBag from /Users/asminsadykova/Desktop/h&m/.venv/lib/python3.9/site-packages/airflow/example_dags/example_trigger_controller_dag.py
[2025-12-04T23:19:00.717+0600] {processor.py:839} INFO - DAG(s) dict_keys(['example_trigger_controller_dag']) retrieved from /Users/asminsadykova/Desktop/h&m/.venv/lib/python3.9/site-packages/airflow/example_dags/example_trigger_controller_dag.py
[2025-12-04T23:19:00.792+0600] {logging_mixin.py:154} INFO - [2025-12-04T23:19:00.792+0600] {dag.py:2941} INFO - Sync 1 DAGs
[2025-12-04T23:19:00.799+0600] {logging_mixin.py:154} INFO - [2025-12-04T23:19:00.799+0600] {dag.py:3722} INFO - Setting next_dagrun for example_trigger_controller_dag to 2021-01-01T00:00:00+00:00, run_after=2021-01-01T00:00:00+00:00
[2025-12-04T23:19:00.806+0600] {processor.py:179} INFO - Processing /Users/asminsadykova/Desktop/h&m/.venv/lib/python3.9/site-packages/airflow/example_dags/example_trigger_controller_dag.py took 0.106 seconds
[2025-12-04T23:20:26.464+0600] {processor.py:157} INFO - Started process (PID=39114) to work on /Users/asminsadykova/Desktop/h&m/.venv/lib/python3.9/site-packages/airflow/example_dags/example_trigger_controller_dag.py
[2025-12-04T23:20:26.465+0600] {processor.py:829} INFO - Processing file /Users/asminsadykova/Desktop/h&m/.venv/lib/python3.9/site-packages/airflow/example_dags/example_trigger_controller_dag.py for tasks to queue
[2025-12-04T23:20:26.466+0600] {logging_mixin.py:154} INFO - [2025-12-04T23:20:26.466+0600] {dagbag.py:536} INFO - Filling up the DagBag from /Users/asminsadykova/Desktop/h&m/.venv/lib/python3.9/site-packages/airflow/example_dags/example_trigger_controller_dag.py
[2025-12-04T23:20:26.477+0600] {processor.py:839} INFO - DAG(s) dict_keys(['example_trigger_controller_dag']) retrieved from /Users/asminsadykova/Desktop/h&m/.venv/lib/python3.9/site-packages/airflow/example_dags/example_trigger_controller_dag.py
[2025-12-04T23:20:26.551+0600] {logging_mixin.py:154} INFO - [2025-12-04T23:20:26.551+0600] {dag.py:2941} INFO - Sync 1 DAGs
[2025-12-04T23:20:26.557+0600] {logging_mixin.py:154} INFO - [2025-12-04T23:20:26.557+0600] {dag.py:3722} INFO - Setting next_dagrun for example_trigger_controller_dag to 2021-01-01T00:00:00+00:00, run_after=2021-01-01T00:00:00+00:00
[2025-12-04T23:20:26.565+0600] {processor.py:179} INFO - Processing /Users/asminsadykova/Desktop/h&m/.venv/lib/python3.9/site-packages/airflow/example_dags/example_trigger_controller_dag.py took 0.102 seconds
[2025-12-04T23:21:52.736+0600] {processor.py:157} INFO - Started process (PID=39221) to work on /Users/asminsadykova/Desktop/h&m/.venv/lib/python3.9/site-packages/airflow/example_dags/example_trigger_controller_dag.py
[2025-12-04T23:21:52.737+0600] {processor.py:829} INFO - Processing file /Users/asminsadykova/Desktop/h&m/.venv/lib/python3.9/site-packages/airflow/example_dags/example_trigger_controller_dag.py for tasks to queue
[2025-12-04T23:21:52.737+0600] {logging_mixin.py:154} INFO - [2025-12-04T23:21:52.737+0600] {dagbag.py:536} INFO - Filling up the DagBag from /Users/asminsadykova/Desktop/h&m/.venv/lib/python3.9/site-packages/airflow/example_dags/example_trigger_controller_dag.py
[2025-12-04T23:21:52.749+0600] {processor.py:839} INFO - DAG(s) dict_keys(['example_trigger_controller_dag']) retrieved from /Users/asminsadykova/Desktop/h&m/.venv/lib/python3.9/site-packages/airflow/example_dags/example_trigger_controller_dag.py
[2025-12-04T23:21:52.818+0600] {logging_mixin.py:154} INFO - [2025-12-04T23:21:52.818+0600] {dag.py:2941} INFO - Sync 1 DAGs
[2025-12-04T23:21:52.824+0600] {logging_mixin.py:154} INFO - [2025-12-04T23:21:52.824+0600] {dag.py:3722} INFO - Setting next_dagrun for example_trigger_controller_dag to 2021-01-01T00:00:00+00:00, run_after=2021-01-01T00:00:00+00:00
[2025-12-04T23:21:52.832+0600] {processor.py:179} INFO - Processing /Users/asminsadykova/Desktop/h&m/.venv/lib/python3.9/site-packages/airflow/example_dags/example_trigger_controller_dag.py took 0.096 seconds
[2025-12-04T23:23:22.963+0600] {processor.py:157} INFO - Started process (PID=39297) to work on /Users/asminsadykova/Desktop/h&m/.venv/lib/python3.9/site-packages/airflow/example_dags/example_trigger_controller_dag.py
[2025-12-04T23:23:22.965+0600] {processor.py:829} INFO - Processing file /Users/asminsadykova/Desktop/h&m/.venv/lib/python3.9/site-packages/airflow/example_dags/example_trigger_controller_dag.py for tasks to queue
[2025-12-04T23:23:22.965+0600] {logging_mixin.py:154} INFO - [2025-12-04T23:23:22.965+0600] {dagbag.py:536} INFO - Filling up the DagBag from /Users/asminsadykova/Desktop/h&m/.venv/lib/python3.9/site-packages/airflow/example_dags/example_trigger_controller_dag.py
[2025-12-04T23:23:22.978+0600] {processor.py:839} INFO - DAG(s) dict_keys(['example_trigger_controller_dag']) retrieved from /Users/asminsadykova/Desktop/h&m/.venv/lib/python3.9/site-packages/airflow/example_dags/example_trigger_controller_dag.py
[2025-12-04T23:23:23.047+0600] {logging_mixin.py:154} INFO - [2025-12-04T23:23:23.047+0600] {dag.py:2941} INFO - Sync 1 DAGs
[2025-12-04T23:23:23.055+0600] {logging_mixin.py:154} INFO - [2025-12-04T23:23:23.055+0600] {dag.py:3722} INFO - Setting next_dagrun for example_trigger_controller_dag to 2021-01-01T00:00:00+00:00, run_after=2021-01-01T00:00:00+00:00
[2025-12-04T23:23:23.062+0600] {processor.py:179} INFO - Processing /Users/asminsadykova/Desktop/h&m/.venv/lib/python3.9/site-packages/airflow/example_dags/example_trigger_controller_dag.py took 0.100 seconds
[2025-12-04T23:24:59.507+0600] {processor.py:157} INFO - Started process (PID=39498) to work on /Users/asminsadykova/Desktop/h&m/.venv/lib/python3.9/site-packages/airflow/example_dags/example_trigger_controller_dag.py
[2025-12-04T23:24:59.509+0600] {processor.py:829} INFO - Processing file /Users/asminsadykova/Desktop/h&m/.venv/lib/python3.9/site-packages/airflow/example_dags/example_trigger_controller_dag.py for tasks to queue
[2025-12-04T23:24:59.509+0600] {logging_mixin.py:154} INFO - [2025-12-04T23:24:59.509+0600] {dagbag.py:536} INFO - Filling up the DagBag from /Users/asminsadykova/Desktop/h&m/.venv/lib/python3.9/site-packages/airflow/example_dags/example_trigger_controller_dag.py
[2025-12-04T23:24:59.520+0600] {processor.py:839} INFO - DAG(s) dict_keys(['example_trigger_controller_dag']) retrieved from /Users/asminsadykova/Desktop/h&m/.venv/lib/python3.9/site-packages/airflow/example_dags/example_trigger_controller_dag.py
[2025-12-04T23:24:59.588+0600] {logging_mixin.py:154} INFO - [2025-12-04T23:24:59.588+0600] {dag.py:2941} INFO - Sync 1 DAGs
[2025-12-04T23:24:59.594+0600] {logging_mixin.py:154} INFO - [2025-12-04T23:24:59.594+0600] {dag.py:3722} INFO - Setting next_dagrun for example_trigger_controller_dag to 2021-01-01T00:00:00+00:00, run_after=2021-01-01T00:00:00+00:00
[2025-12-04T23:24:59.603+0600] {processor.py:179} INFO - Processing /Users/asminsadykova/Desktop/h&m/.venv/lib/python3.9/site-packages/airflow/example_dags/example_trigger_controller_dag.py took 0.096 seconds
[2025-12-04T23:26:33.281+0600] {processor.py:157} INFO - Started process (PID=39597) to work on /Users/asminsadykova/Desktop/h&m/.venv/lib/python3.9/site-packages/airflow/example_dags/example_trigger_controller_dag.py
[2025-12-04T23:26:33.282+0600] {processor.py:829} INFO - Processing file /Users/asminsadykova/Desktop/h&m/.venv/lib/python3.9/site-packages/airflow/example_dags/example_trigger_controller_dag.py for tasks to queue
[2025-12-04T23:26:33.282+0600] {logging_mixin.py:154} INFO - [2025-12-04T23:26:33.282+0600] {dagbag.py:536} INFO - Filling up the DagBag from /Users/asminsadykova/Desktop/h&m/.venv/lib/python3.9/site-packages/airflow/example_dags/example_trigger_controller_dag.py
[2025-12-04T23:26:33.294+0600] {processor.py:839} INFO - DAG(s) dict_keys(['example_trigger_controller_dag']) retrieved from /Users/asminsadykova/Desktop/h&m/.venv/lib/python3.9/site-packages/airflow/example_dags/example_trigger_controller_dag.py
[2025-12-04T23:26:33.362+0600] {logging_mixin.py:154} INFO - [2025-12-04T23:26:33.362+0600] {dag.py:2941} INFO - Sync 1 DAGs
[2025-12-04T23:26:33.371+0600] {logging_mixin.py:154} INFO - [2025-12-04T23:26:33.371+0600] {dag.py:3722} INFO - Setting next_dagrun for example_trigger_controller_dag to 2021-01-01T00:00:00+00:00, run_after=2021-01-01T00:00:00+00:00
[2025-12-04T23:26:33.379+0600] {processor.py:179} INFO - Processing /Users/asminsadykova/Desktop/h&m/.venv/lib/python3.9/site-packages/airflow/example_dags/example_trigger_controller_dag.py took 0.099 seconds
[2025-12-04T23:27:23.652+0600] {processor.py:157} INFO - Started process (PID=39645) to work on /Users/asminsadykova/Desktop/h&m/.venv/lib/python3.9/site-packages/airflow/example_dags/example_trigger_controller_dag.py
[2025-12-04T23:27:23.653+0600] {processor.py:829} INFO - Processing file /Users/asminsadykova/Desktop/h&m/.venv/lib/python3.9/site-packages/airflow/example_dags/example_trigger_controller_dag.py for tasks to queue
[2025-12-04T23:27:23.653+0600] {logging_mixin.py:154} INFO - [2025-12-04T23:27:23.653+0600] {dagbag.py:536} INFO - Filling up the DagBag from /Users/asminsadykova/Desktop/h&m/.venv/lib/python3.9/site-packages/airflow/example_dags/example_trigger_controller_dag.py
[2025-12-04T23:27:23.665+0600] {processor.py:839} INFO - DAG(s) dict_keys(['example_trigger_controller_dag']) retrieved from /Users/asminsadykova/Desktop/h&m/.venv/lib/python3.9/site-packages/airflow/example_dags/example_trigger_controller_dag.py
[2025-12-04T23:27:23.735+0600] {logging_mixin.py:154} INFO - [2025-12-04T23:27:23.735+0600] {dag.py:2941} INFO - Sync 1 DAGs
[2025-12-04T23:27:23.741+0600] {logging_mixin.py:154} INFO - [2025-12-04T23:27:23.741+0600] {dag.py:3722} INFO - Setting next_dagrun for example_trigger_controller_dag to 2021-01-01T00:00:00+00:00, run_after=2021-01-01T00:00:00+00:00
[2025-12-04T23:27:23.749+0600] {processor.py:179} INFO - Processing /Users/asminsadykova/Desktop/h&m/.venv/lib/python3.9/site-packages/airflow/example_dags/example_trigger_controller_dag.py took 0.097 seconds
[2025-12-04T23:28:50.029+0600] {processor.py:157} INFO - Started process (PID=39735) to work on /Users/asminsadykova/Desktop/h&m/.venv/lib/python3.9/site-packages/airflow/example_dags/example_trigger_controller_dag.py
[2025-12-04T23:28:50.030+0600] {processor.py:829} INFO - Processing file /Users/asminsadykova/Desktop/h&m/.venv/lib/python3.9/site-packages/airflow/example_dags/example_trigger_controller_dag.py for tasks to queue
[2025-12-04T23:28:50.030+0600] {logging_mixin.py:154} INFO - [2025-12-04T23:28:50.030+0600] {dagbag.py:536} INFO - Filling up the DagBag from /Users/asminsadykova/Desktop/h&m/.venv/lib/python3.9/site-packages/airflow/example_dags/example_trigger_controller_dag.py
[2025-12-04T23:28:50.042+0600] {processor.py:839} INFO - DAG(s) dict_keys(['example_trigger_controller_dag']) retrieved from /Users/asminsadykova/Desktop/h&m/.venv/lib/python3.9/site-packages/airflow/example_dags/example_trigger_controller_dag.py
[2025-12-04T23:28:50.110+0600] {logging_mixin.py:154} INFO - [2025-12-04T23:28:50.110+0600] {dag.py:2941} INFO - Sync 1 DAGs
[2025-12-04T23:28:50.117+0600] {logging_mixin.py:154} INFO - [2025-12-04T23:28:50.116+0600] {dag.py:3722} INFO - Setting next_dagrun for example_trigger_controller_dag to 2021-01-01T00:00:00+00:00, run_after=2021-01-01T00:00:00+00:00
[2025-12-04T23:28:50.124+0600] {processor.py:179} INFO - Processing /Users/asminsadykova/Desktop/h&m/.venv/lib/python3.9/site-packages/airflow/example_dags/example_trigger_controller_dag.py took 0.095 seconds
[2025-12-04T23:30:13.497+0600] {processor.py:157} INFO - Started process (PID=39805) to work on /Users/asminsadykova/Desktop/h&m/.venv/lib/python3.9/site-packages/airflow/example_dags/example_trigger_controller_dag.py
[2025-12-04T23:30:13.498+0600] {processor.py:829} INFO - Processing file /Users/asminsadykova/Desktop/h&m/.venv/lib/python3.9/site-packages/airflow/example_dags/example_trigger_controller_dag.py for tasks to queue
[2025-12-04T23:30:13.498+0600] {logging_mixin.py:154} INFO - [2025-12-04T23:30:13.498+0600] {dagbag.py:536} INFO - Filling up the DagBag from /Users/asminsadykova/Desktop/h&m/.venv/lib/python3.9/site-packages/airflow/example_dags/example_trigger_controller_dag.py
[2025-12-04T23:30:13.510+0600] {processor.py:839} INFO - DAG(s) dict_keys(['example_trigger_controller_dag']) retrieved from /Users/asminsadykova/Desktop/h&m/.venv/lib/python3.9/site-packages/airflow/example_dags/example_trigger_controller_dag.py
[2025-12-04T23:30:13.578+0600] {logging_mixin.py:154} INFO - [2025-12-04T23:30:13.578+0600] {dag.py:2941} INFO - Sync 1 DAGs
[2025-12-04T23:30:13.584+0600] {logging_mixin.py:154} INFO - [2025-12-04T23:30:13.584+0600] {dag.py:3722} INFO - Setting next_dagrun for example_trigger_controller_dag to 2021-01-01T00:00:00+00:00, run_after=2021-01-01T00:00:00+00:00
[2025-12-04T23:30:13.592+0600] {processor.py:179} INFO - Processing /Users/asminsadykova/Desktop/h&m/.venv/lib/python3.9/site-packages/airflow/example_dags/example_trigger_controller_dag.py took 0.095 seconds
[2025-12-04T23:31:33.501+0600] {processor.py:157} INFO - Started process (PID=39871) to work on /Users/asminsadykova/Desktop/h&m/.venv/lib/python3.9/site-packages/airflow/example_dags/example_trigger_controller_dag.py
[2025-12-04T23:31:33.502+0600] {processor.py:829} INFO - Processing file /Users/asminsadykova/Desktop/h&m/.venv/lib/python3.9/site-packages/airflow/example_dags/example_trigger_controller_dag.py for tasks to queue
[2025-12-04T23:31:33.502+0600] {logging_mixin.py:154} INFO - [2025-12-04T23:31:33.502+0600] {dagbag.py:536} INFO - Filling up the DagBag from /Users/asminsadykova/Desktop/h&m/.venv/lib/python3.9/site-packages/airflow/example_dags/example_trigger_controller_dag.py
[2025-12-04T23:31:33.515+0600] {processor.py:839} INFO - DAG(s) dict_keys(['example_trigger_controller_dag']) retrieved from /Users/asminsadykova/Desktop/h&m/.venv/lib/python3.9/site-packages/airflow/example_dags/example_trigger_controller_dag.py
[2025-12-04T23:31:33.588+0600] {logging_mixin.py:154} INFO - [2025-12-04T23:31:33.588+0600] {dag.py:2941} INFO - Sync 1 DAGs
[2025-12-04T23:31:33.595+0600] {logging_mixin.py:154} INFO - [2025-12-04T23:31:33.595+0600] {dag.py:3722} INFO - Setting next_dagrun for example_trigger_controller_dag to 2021-01-01T00:00:00+00:00, run_after=2021-01-01T00:00:00+00:00
[2025-12-04T23:31:33.605+0600] {processor.py:179} INFO - Processing /Users/asminsadykova/Desktop/h&m/.venv/lib/python3.9/site-packages/airflow/example_dags/example_trigger_controller_dag.py took 0.105 seconds
[2025-12-04T23:32:21.037+0600] {processor.py:157} INFO - Started process (PID=39986) to work on /Users/asminsadykova/Desktop/h&m/.venv/lib/python3.9/site-packages/airflow/example_dags/example_trigger_controller_dag.py
[2025-12-04T23:32:21.038+0600] {processor.py:829} INFO - Processing file /Users/asminsadykova/Desktop/h&m/.venv/lib/python3.9/site-packages/airflow/example_dags/example_trigger_controller_dag.py for tasks to queue
[2025-12-04T23:32:21.038+0600] {logging_mixin.py:154} INFO - [2025-12-04T23:32:21.038+0600] {dagbag.py:536} INFO - Filling up the DagBag from /Users/asminsadykova/Desktop/h&m/.venv/lib/python3.9/site-packages/airflow/example_dags/example_trigger_controller_dag.py
[2025-12-04T23:32:21.049+0600] {processor.py:839} INFO - DAG(s) dict_keys(['example_trigger_controller_dag']) retrieved from /Users/asminsadykova/Desktop/h&m/.venv/lib/python3.9/site-packages/airflow/example_dags/example_trigger_controller_dag.py
[2025-12-04T23:32:21.125+0600] {logging_mixin.py:154} INFO - [2025-12-04T23:32:21.125+0600] {dag.py:2941} INFO - Sync 1 DAGs
[2025-12-04T23:32:21.132+0600] {logging_mixin.py:154} INFO - [2025-12-04T23:32:21.132+0600] {dag.py:3722} INFO - Setting next_dagrun for example_trigger_controller_dag to 2021-01-01T00:00:00+00:00, run_after=2021-01-01T00:00:00+00:00
[2025-12-04T23:32:21.140+0600] {processor.py:179} INFO - Processing /Users/asminsadykova/Desktop/h&m/.venv/lib/python3.9/site-packages/airflow/example_dags/example_trigger_controller_dag.py took 0.103 seconds
[2025-12-04T23:33:43.811+0600] {processor.py:157} INFO - Started process (PID=40134) to work on /Users/asminsadykova/Desktop/h&m/.venv/lib/python3.9/site-packages/airflow/example_dags/example_trigger_controller_dag.py
[2025-12-04T23:33:43.812+0600] {processor.py:829} INFO - Processing file /Users/asminsadykova/Desktop/h&m/.venv/lib/python3.9/site-packages/airflow/example_dags/example_trigger_controller_dag.py for tasks to queue
[2025-12-04T23:33:43.813+0600] {logging_mixin.py:154} INFO - [2025-12-04T23:33:43.813+0600] {dagbag.py:536} INFO - Filling up the DagBag from /Users/asminsadykova/Desktop/h&m/.venv/lib/python3.9/site-packages/airflow/example_dags/example_trigger_controller_dag.py
[2025-12-04T23:33:43.824+0600] {processor.py:839} INFO - DAG(s) dict_keys(['example_trigger_controller_dag']) retrieved from /Users/asminsadykova/Desktop/h&m/.venv/lib/python3.9/site-packages/airflow/example_dags/example_trigger_controller_dag.py
[2025-12-04T23:33:43.892+0600] {logging_mixin.py:154} INFO - [2025-12-04T23:33:43.891+0600] {dag.py:2941} INFO - Sync 1 DAGs
[2025-12-04T23:33:43.898+0600] {logging_mixin.py:154} INFO - [2025-12-04T23:33:43.898+0600] {dag.py:3722} INFO - Setting next_dagrun for example_trigger_controller_dag to 2021-01-01T00:00:00+00:00, run_after=2021-01-01T00:00:00+00:00
[2025-12-04T23:33:43.906+0600] {processor.py:179} INFO - Processing /Users/asminsadykova/Desktop/h&m/.venv/lib/python3.9/site-packages/airflow/example_dags/example_trigger_controller_dag.py took 0.095 seconds
[2025-12-04T23:35:15.647+0600] {processor.py:157} INFO - Started process (PID=40223) to work on /Users/asminsadykova/Desktop/h&m/.venv/lib/python3.9/site-packages/airflow/example_dags/example_trigger_controller_dag.py
[2025-12-04T23:35:15.648+0600] {processor.py:829} INFO - Processing file /Users/asminsadykova/Desktop/h&m/.venv/lib/python3.9/site-packages/airflow/example_dags/example_trigger_controller_dag.py for tasks to queue
[2025-12-04T23:35:15.648+0600] {logging_mixin.py:154} INFO - [2025-12-04T23:35:15.648+0600] {dagbag.py:536} INFO - Filling up the DagBag from /Users/asminsadykova/Desktop/h&m/.venv/lib/python3.9/site-packages/airflow/example_dags/example_trigger_controller_dag.py
[2025-12-04T23:35:15.659+0600] {processor.py:839} INFO - DAG(s) dict_keys(['example_trigger_controller_dag']) retrieved from /Users/asminsadykova/Desktop/h&m/.venv/lib/python3.9/site-packages/airflow/example_dags/example_trigger_controller_dag.py
[2025-12-04T23:35:15.729+0600] {logging_mixin.py:154} INFO - [2025-12-04T23:35:15.729+0600] {dag.py:2941} INFO - Sync 1 DAGs
[2025-12-04T23:35:15.736+0600] {logging_mixin.py:154} INFO - [2025-12-04T23:35:15.736+0600] {dag.py:3722} INFO - Setting next_dagrun for example_trigger_controller_dag to 2021-01-01T00:00:00+00:00, run_after=2021-01-01T00:00:00+00:00
[2025-12-04T23:35:15.743+0600] {processor.py:179} INFO - Processing /Users/asminsadykova/Desktop/h&m/.venv/lib/python3.9/site-packages/airflow/example_dags/example_trigger_controller_dag.py took 0.097 seconds
[2025-12-04T23:36:05.878+0600] {processor.py:157} INFO - Started process (PID=40261) to work on /Users/asminsadykova/Desktop/h&m/.venv/lib/python3.9/site-packages/airflow/example_dags/example_trigger_controller_dag.py
[2025-12-04T23:36:05.879+0600] {processor.py:829} INFO - Processing file /Users/asminsadykova/Desktop/h&m/.venv/lib/python3.9/site-packages/airflow/example_dags/example_trigger_controller_dag.py for tasks to queue
[2025-12-04T23:36:05.879+0600] {logging_mixin.py:154} INFO - [2025-12-04T23:36:05.879+0600] {dagbag.py:536} INFO - Filling up the DagBag from /Users/asminsadykova/Desktop/h&m/.venv/lib/python3.9/site-packages/airflow/example_dags/example_trigger_controller_dag.py
[2025-12-04T23:36:05.890+0600] {processor.py:839} INFO - DAG(s) dict_keys(['example_trigger_controller_dag']) retrieved from /Users/asminsadykova/Desktop/h&m/.venv/lib/python3.9/site-packages/airflow/example_dags/example_trigger_controller_dag.py
[2025-12-04T23:36:05.959+0600] {logging_mixin.py:154} INFO - [2025-12-04T23:36:05.958+0600] {dag.py:2941} INFO - Sync 1 DAGs
[2025-12-04T23:36:05.965+0600] {logging_mixin.py:154} INFO - [2025-12-04T23:36:05.965+0600] {dag.py:3722} INFO - Setting next_dagrun for example_trigger_controller_dag to 2021-01-01T00:00:00+00:00, run_after=2021-01-01T00:00:00+00:00
[2025-12-04T23:36:05.973+0600] {processor.py:179} INFO - Processing /Users/asminsadykova/Desktop/h&m/.venv/lib/python3.9/site-packages/airflow/example_dags/example_trigger_controller_dag.py took 0.096 seconds
[2025-12-04T23:36:52.839+0600] {processor.py:157} INFO - Started process (PID=40308) to work on /Users/asminsadykova/Desktop/h&m/.venv/lib/python3.9/site-packages/airflow/example_dags/example_trigger_controller_dag.py
[2025-12-04T23:36:52.840+0600] {processor.py:829} INFO - Processing file /Users/asminsadykova/Desktop/h&m/.venv/lib/python3.9/site-packages/airflow/example_dags/example_trigger_controller_dag.py for tasks to queue
[2025-12-04T23:36:52.840+0600] {logging_mixin.py:154} INFO - [2025-12-04T23:36:52.840+0600] {dagbag.py:536} INFO - Filling up the DagBag from /Users/asminsadykova/Desktop/h&m/.venv/lib/python3.9/site-packages/airflow/example_dags/example_trigger_controller_dag.py
[2025-12-04T23:36:52.854+0600] {processor.py:839} INFO - DAG(s) dict_keys(['example_trigger_controller_dag']) retrieved from /Users/asminsadykova/Desktop/h&m/.venv/lib/python3.9/site-packages/airflow/example_dags/example_trigger_controller_dag.py
[2025-12-04T23:36:52.923+0600] {logging_mixin.py:154} INFO - [2025-12-04T23:36:52.923+0600] {dag.py:2941} INFO - Sync 1 DAGs
[2025-12-04T23:36:52.930+0600] {logging_mixin.py:154} INFO - [2025-12-04T23:36:52.929+0600] {dag.py:3722} INFO - Setting next_dagrun for example_trigger_controller_dag to 2021-01-01T00:00:00+00:00, run_after=2021-01-01T00:00:00+00:00
[2025-12-04T23:36:52.938+0600] {processor.py:179} INFO - Processing /Users/asminsadykova/Desktop/h&m/.venv/lib/python3.9/site-packages/airflow/example_dags/example_trigger_controller_dag.py took 0.099 seconds
[2025-12-04T23:38:24.381+0600] {processor.py:157} INFO - Started process (PID=40398) to work on /Users/asminsadykova/Desktop/h&m/.venv/lib/python3.9/site-packages/airflow/example_dags/example_trigger_controller_dag.py
[2025-12-04T23:38:24.383+0600] {processor.py:829} INFO - Processing file /Users/asminsadykova/Desktop/h&m/.venv/lib/python3.9/site-packages/airflow/example_dags/example_trigger_controller_dag.py for tasks to queue
[2025-12-04T23:38:24.383+0600] {logging_mixin.py:154} INFO - [2025-12-04T23:38:24.383+0600] {dagbag.py:536} INFO - Filling up the DagBag from /Users/asminsadykova/Desktop/h&m/.venv/lib/python3.9/site-packages/airflow/example_dags/example_trigger_controller_dag.py
[2025-12-04T23:38:24.396+0600] {processor.py:839} INFO - DAG(s) dict_keys(['example_trigger_controller_dag']) retrieved from /Users/asminsadykova/Desktop/h&m/.venv/lib/python3.9/site-packages/airflow/example_dags/example_trigger_controller_dag.py
[2025-12-04T23:38:24.469+0600] {logging_mixin.py:154} INFO - [2025-12-04T23:38:24.469+0600] {dag.py:2941} INFO - Sync 1 DAGs
[2025-12-04T23:38:24.476+0600] {logging_mixin.py:154} INFO - [2025-12-04T23:38:24.476+0600] {dag.py:3722} INFO - Setting next_dagrun for example_trigger_controller_dag to 2021-01-01T00:00:00+00:00, run_after=2021-01-01T00:00:00+00:00
[2025-12-04T23:38:24.487+0600] {processor.py:179} INFO - Processing /Users/asminsadykova/Desktop/h&m/.venv/lib/python3.9/site-packages/airflow/example_dags/example_trigger_controller_dag.py took 0.107 seconds
[2025-12-04T23:39:12.871+0600] {processor.py:157} INFO - Started process (PID=40437) to work on /Users/asminsadykova/Desktop/h&m/.venv/lib/python3.9/site-packages/airflow/example_dags/example_trigger_controller_dag.py
[2025-12-04T23:39:12.873+0600] {processor.py:829} INFO - Processing file /Users/asminsadykova/Desktop/h&m/.venv/lib/python3.9/site-packages/airflow/example_dags/example_trigger_controller_dag.py for tasks to queue
[2025-12-04T23:39:12.873+0600] {logging_mixin.py:154} INFO - [2025-12-04T23:39:12.873+0600] {dagbag.py:536} INFO - Filling up the DagBag from /Users/asminsadykova/Desktop/h&m/.venv/lib/python3.9/site-packages/airflow/example_dags/example_trigger_controller_dag.py
[2025-12-04T23:39:12.886+0600] {processor.py:839} INFO - DAG(s) dict_keys(['example_trigger_controller_dag']) retrieved from /Users/asminsadykova/Desktop/h&m/.venv/lib/python3.9/site-packages/airflow/example_dags/example_trigger_controller_dag.py
[2025-12-04T23:39:12.966+0600] {logging_mixin.py:154} INFO - [2025-12-04T23:39:12.965+0600] {dag.py:2941} INFO - Sync 1 DAGs
[2025-12-04T23:39:12.972+0600] {logging_mixin.py:154} INFO - [2025-12-04T23:39:12.972+0600] {dag.py:3722} INFO - Setting next_dagrun for example_trigger_controller_dag to 2021-01-01T00:00:00+00:00, run_after=2021-01-01T00:00:00+00:00
[2025-12-04T23:39:12.983+0600] {processor.py:179} INFO - Processing /Users/asminsadykova/Desktop/h&m/.venv/lib/python3.9/site-packages/airflow/example_dags/example_trigger_controller_dag.py took 0.113 seconds
[2025-12-04T23:40:47.963+0600] {processor.py:157} INFO - Started process (PID=40572) to work on /Users/asminsadykova/Desktop/h&m/.venv/lib/python3.9/site-packages/airflow/example_dags/example_trigger_controller_dag.py
[2025-12-04T23:40:47.964+0600] {processor.py:829} INFO - Processing file /Users/asminsadykova/Desktop/h&m/.venv/lib/python3.9/site-packages/airflow/example_dags/example_trigger_controller_dag.py for tasks to queue
[2025-12-04T23:40:47.964+0600] {logging_mixin.py:154} INFO - [2025-12-04T23:40:47.964+0600] {dagbag.py:536} INFO - Filling up the DagBag from /Users/asminsadykova/Desktop/h&m/.venv/lib/python3.9/site-packages/airflow/example_dags/example_trigger_controller_dag.py
[2025-12-04T23:40:47.982+0600] {processor.py:839} INFO - DAG(s) dict_keys(['example_trigger_controller_dag']) retrieved from /Users/asminsadykova/Desktop/h&m/.venv/lib/python3.9/site-packages/airflow/example_dags/example_trigger_controller_dag.py
[2025-12-04T23:40:48.056+0600] {logging_mixin.py:154} INFO - [2025-12-04T23:40:48.056+0600] {dag.py:2941} INFO - Sync 1 DAGs
[2025-12-04T23:40:48.063+0600] {logging_mixin.py:154} INFO - [2025-12-04T23:40:48.063+0600] {dag.py:3722} INFO - Setting next_dagrun for example_trigger_controller_dag to 2021-01-01T00:00:00+00:00, run_after=2021-01-01T00:00:00+00:00
[2025-12-04T23:40:48.071+0600] {processor.py:179} INFO - Processing /Users/asminsadykova/Desktop/h&m/.venv/lib/python3.9/site-packages/airflow/example_dags/example_trigger_controller_dag.py took 0.109 seconds
[2025-12-04T23:41:35.049+0600] {processor.py:157} INFO - Started process (PID=40616) to work on /Users/asminsadykova/Desktop/h&m/.venv/lib/python3.9/site-packages/airflow/example_dags/example_trigger_controller_dag.py
[2025-12-04T23:41:35.050+0600] {processor.py:829} INFO - Processing file /Users/asminsadykova/Desktop/h&m/.venv/lib/python3.9/site-packages/airflow/example_dags/example_trigger_controller_dag.py for tasks to queue
[2025-12-04T23:41:35.050+0600] {logging_mixin.py:154} INFO - [2025-12-04T23:41:35.050+0600] {dagbag.py:536} INFO - Filling up the DagBag from /Users/asminsadykova/Desktop/h&m/.venv/lib/python3.9/site-packages/airflow/example_dags/example_trigger_controller_dag.py
[2025-12-04T23:41:35.062+0600] {processor.py:839} INFO - DAG(s) dict_keys(['example_trigger_controller_dag']) retrieved from /Users/asminsadykova/Desktop/h&m/.venv/lib/python3.9/site-packages/airflow/example_dags/example_trigger_controller_dag.py
[2025-12-04T23:41:35.131+0600] {logging_mixin.py:154} INFO - [2025-12-04T23:41:35.131+0600] {dag.py:2941} INFO - Sync 1 DAGs
[2025-12-04T23:41:35.138+0600] {logging_mixin.py:154} INFO - [2025-12-04T23:41:35.138+0600] {dag.py:3722} INFO - Setting next_dagrun for example_trigger_controller_dag to 2021-01-01T00:00:00+00:00, run_after=2021-01-01T00:00:00+00:00
[2025-12-04T23:41:35.146+0600] {processor.py:179} INFO - Processing /Users/asminsadykova/Desktop/h&m/.venv/lib/python3.9/site-packages/airflow/example_dags/example_trigger_controller_dag.py took 0.097 seconds
[2025-12-04T23:43:02.251+0600] {processor.py:157} INFO - Started process (PID=40730) to work on /Users/asminsadykova/Desktop/h&m/.venv/lib/python3.9/site-packages/airflow/example_dags/example_trigger_controller_dag.py
[2025-12-04T23:43:02.252+0600] {processor.py:829} INFO - Processing file /Users/asminsadykova/Desktop/h&m/.venv/lib/python3.9/site-packages/airflow/example_dags/example_trigger_controller_dag.py for tasks to queue
[2025-12-04T23:43:02.252+0600] {logging_mixin.py:154} INFO - [2025-12-04T23:43:02.252+0600] {dagbag.py:536} INFO - Filling up the DagBag from /Users/asminsadykova/Desktop/h&m/.venv/lib/python3.9/site-packages/airflow/example_dags/example_trigger_controller_dag.py
[2025-12-04T23:43:02.264+0600] {processor.py:839} INFO - DAG(s) dict_keys(['example_trigger_controller_dag']) retrieved from /Users/asminsadykova/Desktop/h&m/.venv/lib/python3.9/site-packages/airflow/example_dags/example_trigger_controller_dag.py
[2025-12-04T23:43:02.333+0600] {logging_mixin.py:154} INFO - [2025-12-04T23:43:02.333+0600] {dag.py:2941} INFO - Sync 1 DAGs
[2025-12-04T23:43:02.339+0600] {logging_mixin.py:154} INFO - [2025-12-04T23:43:02.339+0600] {dag.py:3722} INFO - Setting next_dagrun for example_trigger_controller_dag to 2021-01-01T00:00:00+00:00, run_after=2021-01-01T00:00:00+00:00
[2025-12-04T23:43:02.347+0600] {processor.py:179} INFO - Processing /Users/asminsadykova/Desktop/h&m/.venv/lib/python3.9/site-packages/airflow/example_dags/example_trigger_controller_dag.py took 0.096 seconds
[2025-12-04T23:43:51.643+0600] {processor.py:157} INFO - Started process (PID=40865) to work on /Users/asminsadykova/Desktop/h&m/.venv/lib/python3.9/site-packages/airflow/example_dags/example_trigger_controller_dag.py
[2025-12-04T23:43:51.644+0600] {processor.py:829} INFO - Processing file /Users/asminsadykova/Desktop/h&m/.venv/lib/python3.9/site-packages/airflow/example_dags/example_trigger_controller_dag.py for tasks to queue
[2025-12-04T23:43:51.645+0600] {logging_mixin.py:154} INFO - [2025-12-04T23:43:51.644+0600] {dagbag.py:536} INFO - Filling up the DagBag from /Users/asminsadykova/Desktop/h&m/.venv/lib/python3.9/site-packages/airflow/example_dags/example_trigger_controller_dag.py
[2025-12-04T23:43:51.657+0600] {processor.py:839} INFO - DAG(s) dict_keys(['example_trigger_controller_dag']) retrieved from /Users/asminsadykova/Desktop/h&m/.venv/lib/python3.9/site-packages/airflow/example_dags/example_trigger_controller_dag.py
[2025-12-04T23:43:51.735+0600] {logging_mixin.py:154} INFO - [2025-12-04T23:43:51.735+0600] {dag.py:2941} INFO - Sync 1 DAGs
[2025-12-04T23:43:51.743+0600] {logging_mixin.py:154} INFO - [2025-12-04T23:43:51.743+0600] {dag.py:3722} INFO - Setting next_dagrun for example_trigger_controller_dag to 2021-01-01T00:00:00+00:00, run_after=2021-01-01T00:00:00+00:00
[2025-12-04T23:43:51.751+0600] {processor.py:179} INFO - Processing /Users/asminsadykova/Desktop/h&m/.venv/lib/python3.9/site-packages/airflow/example_dags/example_trigger_controller_dag.py took 0.109 seconds
[2025-12-04T23:45:27.982+0600] {processor.py:157} INFO - Started process (PID=41160) to work on /Users/asminsadykova/Desktop/h&m/.venv/lib/python3.9/site-packages/airflow/example_dags/example_trigger_controller_dag.py
[2025-12-04T23:45:27.983+0600] {processor.py:829} INFO - Processing file /Users/asminsadykova/Desktop/h&m/.venv/lib/python3.9/site-packages/airflow/example_dags/example_trigger_controller_dag.py for tasks to queue
[2025-12-04T23:45:27.983+0600] {logging_mixin.py:154} INFO - [2025-12-04T23:45:27.983+0600] {dagbag.py:536} INFO - Filling up the DagBag from /Users/asminsadykova/Desktop/h&m/.venv/lib/python3.9/site-packages/airflow/example_dags/example_trigger_controller_dag.py
[2025-12-04T23:45:27.998+0600] {processor.py:839} INFO - DAG(s) dict_keys(['example_trigger_controller_dag']) retrieved from /Users/asminsadykova/Desktop/h&m/.venv/lib/python3.9/site-packages/airflow/example_dags/example_trigger_controller_dag.py
[2025-12-04T23:45:28.072+0600] {logging_mixin.py:154} INFO - [2025-12-04T23:45:28.072+0600] {dag.py:2941} INFO - Sync 1 DAGs
[2025-12-04T23:45:28.080+0600] {logging_mixin.py:154} INFO - [2025-12-04T23:45:28.080+0600] {dag.py:3722} INFO - Setting next_dagrun for example_trigger_controller_dag to 2021-01-01T00:00:00+00:00, run_after=2021-01-01T00:00:00+00:00
[2025-12-04T23:45:28.091+0600] {processor.py:179} INFO - Processing /Users/asminsadykova/Desktop/h&m/.venv/lib/python3.9/site-packages/airflow/example_dags/example_trigger_controller_dag.py took 0.110 seconds
[2025-12-04T23:47:02.160+0600] {processor.py:157} INFO - Started process (PID=41478) to work on /Users/asminsadykova/Desktop/h&m/.venv/lib/python3.9/site-packages/airflow/example_dags/example_trigger_controller_dag.py
[2025-12-04T23:47:02.162+0600] {processor.py:829} INFO - Processing file /Users/asminsadykova/Desktop/h&m/.venv/lib/python3.9/site-packages/airflow/example_dags/example_trigger_controller_dag.py for tasks to queue
[2025-12-04T23:47:02.162+0600] {logging_mixin.py:154} INFO - [2025-12-04T23:47:02.162+0600] {dagbag.py:536} INFO - Filling up the DagBag from /Users/asminsadykova/Desktop/h&m/.venv/lib/python3.9/site-packages/airflow/example_dags/example_trigger_controller_dag.py
[2025-12-04T23:47:02.173+0600] {processor.py:839} INFO - DAG(s) dict_keys(['example_trigger_controller_dag']) retrieved from /Users/asminsadykova/Desktop/h&m/.venv/lib/python3.9/site-packages/airflow/example_dags/example_trigger_controller_dag.py
[2025-12-04T23:47:02.241+0600] {logging_mixin.py:154} INFO - [2025-12-04T23:47:02.240+0600] {dag.py:2941} INFO - Sync 1 DAGs
[2025-12-04T23:47:02.247+0600] {logging_mixin.py:154} INFO - [2025-12-04T23:47:02.247+0600] {dag.py:3722} INFO - Setting next_dagrun for example_trigger_controller_dag to 2021-01-01T00:00:00+00:00, run_after=2021-01-01T00:00:00+00:00
[2025-12-04T23:47:02.256+0600] {processor.py:179} INFO - Processing /Users/asminsadykova/Desktop/h&m/.venv/lib/python3.9/site-packages/airflow/example_dags/example_trigger_controller_dag.py took 0.096 seconds
[2025-12-04T23:48:26.779+0600] {processor.py:157} INFO - Started process (PID=41656) to work on /Users/asminsadykova/Desktop/h&m/.venv/lib/python3.9/site-packages/airflow/example_dags/example_trigger_controller_dag.py
[2025-12-04T23:48:26.780+0600] {processor.py:829} INFO - Processing file /Users/asminsadykova/Desktop/h&m/.venv/lib/python3.9/site-packages/airflow/example_dags/example_trigger_controller_dag.py for tasks to queue
[2025-12-04T23:48:26.780+0600] {logging_mixin.py:154} INFO - [2025-12-04T23:48:26.780+0600] {dagbag.py:536} INFO - Filling up the DagBag from /Users/asminsadykova/Desktop/h&m/.venv/lib/python3.9/site-packages/airflow/example_dags/example_trigger_controller_dag.py
[2025-12-04T23:48:26.792+0600] {processor.py:839} INFO - DAG(s) dict_keys(['example_trigger_controller_dag']) retrieved from /Users/asminsadykova/Desktop/h&m/.venv/lib/python3.9/site-packages/airflow/example_dags/example_trigger_controller_dag.py
[2025-12-04T23:48:26.864+0600] {logging_mixin.py:154} INFO - [2025-12-04T23:48:26.864+0600] {dag.py:2941} INFO - Sync 1 DAGs
[2025-12-04T23:48:26.870+0600] {logging_mixin.py:154} INFO - [2025-12-04T23:48:26.870+0600] {dag.py:3722} INFO - Setting next_dagrun for example_trigger_controller_dag to 2021-01-01T00:00:00+00:00, run_after=2021-01-01T00:00:00+00:00
[2025-12-04T23:48:26.879+0600] {processor.py:179} INFO - Processing /Users/asminsadykova/Desktop/h&m/.venv/lib/python3.9/site-packages/airflow/example_dags/example_trigger_controller_dag.py took 0.100 seconds
[2025-12-04T23:50:01.608+0600] {processor.py:157} INFO - Started process (PID=41785) to work on /Users/asminsadykova/Desktop/h&m/.venv/lib/python3.9/site-packages/airflow/example_dags/example_trigger_controller_dag.py
[2025-12-04T23:50:01.609+0600] {processor.py:829} INFO - Processing file /Users/asminsadykova/Desktop/h&m/.venv/lib/python3.9/site-packages/airflow/example_dags/example_trigger_controller_dag.py for tasks to queue
[2025-12-04T23:50:01.609+0600] {logging_mixin.py:154} INFO - [2025-12-04T23:50:01.609+0600] {dagbag.py:536} INFO - Filling up the DagBag from /Users/asminsadykova/Desktop/h&m/.venv/lib/python3.9/site-packages/airflow/example_dags/example_trigger_controller_dag.py
[2025-12-04T23:50:01.622+0600] {processor.py:839} INFO - DAG(s) dict_keys(['example_trigger_controller_dag']) retrieved from /Users/asminsadykova/Desktop/h&m/.venv/lib/python3.9/site-packages/airflow/example_dags/example_trigger_controller_dag.py
[2025-12-04T23:50:01.692+0600] {logging_mixin.py:154} INFO - [2025-12-04T23:50:01.692+0600] {dag.py:2941} INFO - Sync 1 DAGs
[2025-12-04T23:50:01.698+0600] {logging_mixin.py:154} INFO - [2025-12-04T23:50:01.698+0600] {dag.py:3722} INFO - Setting next_dagrun for example_trigger_controller_dag to 2021-01-01T00:00:00+00:00, run_after=2021-01-01T00:00:00+00:00
[2025-12-04T23:50:01.706+0600] {processor.py:179} INFO - Processing /Users/asminsadykova/Desktop/h&m/.venv/lib/python3.9/site-packages/airflow/example_dags/example_trigger_controller_dag.py took 0.098 seconds
[2025-12-04T23:50:51.800+0600] {processor.py:157} INFO - Started process (PID=41825) to work on /Users/asminsadykova/Desktop/h&m/.venv/lib/python3.9/site-packages/airflow/example_dags/example_trigger_controller_dag.py
[2025-12-04T23:50:51.801+0600] {processor.py:829} INFO - Processing file /Users/asminsadykova/Desktop/h&m/.venv/lib/python3.9/site-packages/airflow/example_dags/example_trigger_controller_dag.py for tasks to queue
[2025-12-04T23:50:51.801+0600] {logging_mixin.py:154} INFO - [2025-12-04T23:50:51.801+0600] {dagbag.py:536} INFO - Filling up the DagBag from /Users/asminsadykova/Desktop/h&m/.venv/lib/python3.9/site-packages/airflow/example_dags/example_trigger_controller_dag.py
[2025-12-04T23:50:51.814+0600] {processor.py:839} INFO - DAG(s) dict_keys(['example_trigger_controller_dag']) retrieved from /Users/asminsadykova/Desktop/h&m/.venv/lib/python3.9/site-packages/airflow/example_dags/example_trigger_controller_dag.py
[2025-12-04T23:50:51.889+0600] {logging_mixin.py:154} INFO - [2025-12-04T23:50:51.889+0600] {dag.py:2941} INFO - Sync 1 DAGs
[2025-12-04T23:50:51.896+0600] {logging_mixin.py:154} INFO - [2025-12-04T23:50:51.896+0600] {dag.py:3722} INFO - Setting next_dagrun for example_trigger_controller_dag to 2021-01-01T00:00:00+00:00, run_after=2021-01-01T00:00:00+00:00
[2025-12-04T23:50:51.905+0600] {processor.py:179} INFO - Processing /Users/asminsadykova/Desktop/h&m/.venv/lib/python3.9/site-packages/airflow/example_dags/example_trigger_controller_dag.py took 0.105 seconds
[2025-12-04T23:51:40.329+0600] {processor.py:157} INFO - Started process (PID=42014) to work on /Users/asminsadykova/Desktop/h&m/.venv/lib/python3.9/site-packages/airflow/example_dags/example_trigger_controller_dag.py
[2025-12-04T23:51:40.330+0600] {processor.py:829} INFO - Processing file /Users/asminsadykova/Desktop/h&m/.venv/lib/python3.9/site-packages/airflow/example_dags/example_trigger_controller_dag.py for tasks to queue
[2025-12-04T23:51:40.330+0600] {logging_mixin.py:154} INFO - [2025-12-04T23:51:40.330+0600] {dagbag.py:536} INFO - Filling up the DagBag from /Users/asminsadykova/Desktop/h&m/.venv/lib/python3.9/site-packages/airflow/example_dags/example_trigger_controller_dag.py
[2025-12-04T23:51:40.341+0600] {processor.py:839} INFO - DAG(s) dict_keys(['example_trigger_controller_dag']) retrieved from /Users/asminsadykova/Desktop/h&m/.venv/lib/python3.9/site-packages/airflow/example_dags/example_trigger_controller_dag.py
[2025-12-04T23:51:40.410+0600] {logging_mixin.py:154} INFO - [2025-12-04T23:51:40.410+0600] {dag.py:2941} INFO - Sync 1 DAGs
[2025-12-04T23:51:40.417+0600] {logging_mixin.py:154} INFO - [2025-12-04T23:51:40.417+0600] {dag.py:3722} INFO - Setting next_dagrun for example_trigger_controller_dag to 2021-01-01T00:00:00+00:00, run_after=2021-01-01T00:00:00+00:00
[2025-12-04T23:51:40.426+0600] {processor.py:179} INFO - Processing /Users/asminsadykova/Desktop/h&m/.venv/lib/python3.9/site-packages/airflow/example_dags/example_trigger_controller_dag.py took 0.098 seconds
[2025-12-04T23:53:15.410+0600] {processor.py:157} INFO - Started process (PID=42120) to work on /Users/asminsadykova/Desktop/h&m/.venv/lib/python3.9/site-packages/airflow/example_dags/example_trigger_controller_dag.py
[2025-12-04T23:53:15.412+0600] {processor.py:829} INFO - Processing file /Users/asminsadykova/Desktop/h&m/.venv/lib/python3.9/site-packages/airflow/example_dags/example_trigger_controller_dag.py for tasks to queue
[2025-12-04T23:53:15.412+0600] {logging_mixin.py:154} INFO - [2025-12-04T23:53:15.412+0600] {dagbag.py:536} INFO - Filling up the DagBag from /Users/asminsadykova/Desktop/h&m/.venv/lib/python3.9/site-packages/airflow/example_dags/example_trigger_controller_dag.py
[2025-12-04T23:53:15.425+0600] {processor.py:839} INFO - DAG(s) dict_keys(['example_trigger_controller_dag']) retrieved from /Users/asminsadykova/Desktop/h&m/.venv/lib/python3.9/site-packages/airflow/example_dags/example_trigger_controller_dag.py
[2025-12-04T23:53:15.495+0600] {logging_mixin.py:154} INFO - [2025-12-04T23:53:15.495+0600] {dag.py:2941} INFO - Sync 1 DAGs
[2025-12-04T23:53:15.502+0600] {logging_mixin.py:154} INFO - [2025-12-04T23:53:15.502+0600] {dag.py:3722} INFO - Setting next_dagrun for example_trigger_controller_dag to 2021-01-01T00:00:00+00:00, run_after=2021-01-01T00:00:00+00:00
[2025-12-04T23:53:15.509+0600] {processor.py:179} INFO - Processing /Users/asminsadykova/Desktop/h&m/.venv/lib/python3.9/site-packages/airflow/example_dags/example_trigger_controller_dag.py took 0.100 seconds
[2025-12-04T23:54:43.877+0600] {processor.py:157} INFO - Started process (PID=42200) to work on /Users/asminsadykova/Desktop/h&m/.venv/lib/python3.9/site-packages/airflow/example_dags/example_trigger_controller_dag.py
[2025-12-04T23:54:43.878+0600] {processor.py:829} INFO - Processing file /Users/asminsadykova/Desktop/h&m/.venv/lib/python3.9/site-packages/airflow/example_dags/example_trigger_controller_dag.py for tasks to queue
[2025-12-04T23:54:43.879+0600] {logging_mixin.py:154} INFO - [2025-12-04T23:54:43.878+0600] {dagbag.py:536} INFO - Filling up the DagBag from /Users/asminsadykova/Desktop/h&m/.venv/lib/python3.9/site-packages/airflow/example_dags/example_trigger_controller_dag.py
[2025-12-04T23:54:43.891+0600] {processor.py:839} INFO - DAG(s) dict_keys(['example_trigger_controller_dag']) retrieved from /Users/asminsadykova/Desktop/h&m/.venv/lib/python3.9/site-packages/airflow/example_dags/example_trigger_controller_dag.py
[2025-12-04T23:54:43.963+0600] {logging_mixin.py:154} INFO - [2025-12-04T23:54:43.963+0600] {dag.py:2941} INFO - Sync 1 DAGs
[2025-12-04T23:54:43.969+0600] {logging_mixin.py:154} INFO - [2025-12-04T23:54:43.969+0600] {dag.py:3722} INFO - Setting next_dagrun for example_trigger_controller_dag to 2021-01-01T00:00:00+00:00, run_after=2021-01-01T00:00:00+00:00
[2025-12-04T23:54:43.977+0600] {processor.py:179} INFO - Processing /Users/asminsadykova/Desktop/h&m/.venv/lib/python3.9/site-packages/airflow/example_dags/example_trigger_controller_dag.py took 0.100 seconds
[2025-12-04T23:56:11.290+0600] {processor.py:157} INFO - Started process (PID=42275) to work on /Users/asminsadykova/Desktop/h&m/.venv/lib/python3.9/site-packages/airflow/example_dags/example_trigger_controller_dag.py
[2025-12-04T23:56:11.291+0600] {processor.py:829} INFO - Processing file /Users/asminsadykova/Desktop/h&m/.venv/lib/python3.9/site-packages/airflow/example_dags/example_trigger_controller_dag.py for tasks to queue
[2025-12-04T23:56:11.291+0600] {logging_mixin.py:154} INFO - [2025-12-04T23:56:11.291+0600] {dagbag.py:536} INFO - Filling up the DagBag from /Users/asminsadykova/Desktop/h&m/.venv/lib/python3.9/site-packages/airflow/example_dags/example_trigger_controller_dag.py
[2025-12-04T23:56:11.302+0600] {processor.py:839} INFO - DAG(s) dict_keys(['example_trigger_controller_dag']) retrieved from /Users/asminsadykova/Desktop/h&m/.venv/lib/python3.9/site-packages/airflow/example_dags/example_trigger_controller_dag.py
[2025-12-04T23:56:11.374+0600] {logging_mixin.py:154} INFO - [2025-12-04T23:56:11.373+0600] {dag.py:2941} INFO - Sync 1 DAGs
[2025-12-04T23:56:11.380+0600] {logging_mixin.py:154} INFO - [2025-12-04T23:56:11.380+0600] {dag.py:3722} INFO - Setting next_dagrun for example_trigger_controller_dag to 2021-01-01T00:00:00+00:00, run_after=2021-01-01T00:00:00+00:00
[2025-12-04T23:56:11.388+0600] {processor.py:179} INFO - Processing /Users/asminsadykova/Desktop/h&m/.venv/lib/python3.9/site-packages/airflow/example_dags/example_trigger_controller_dag.py took 0.099 seconds
[2025-12-04T23:56:59.200+0600] {processor.py:157} INFO - Started process (PID=42312) to work on /Users/asminsadykova/Desktop/h&m/.venv/lib/python3.9/site-packages/airflow/example_dags/example_trigger_controller_dag.py
[2025-12-04T23:56:59.201+0600] {processor.py:829} INFO - Processing file /Users/asminsadykova/Desktop/h&m/.venv/lib/python3.9/site-packages/airflow/example_dags/example_trigger_controller_dag.py for tasks to queue
[2025-12-04T23:56:59.202+0600] {logging_mixin.py:154} INFO - [2025-12-04T23:56:59.202+0600] {dagbag.py:536} INFO - Filling up the DagBag from /Users/asminsadykova/Desktop/h&m/.venv/lib/python3.9/site-packages/airflow/example_dags/example_trigger_controller_dag.py
[2025-12-04T23:56:59.214+0600] {processor.py:839} INFO - DAG(s) dict_keys(['example_trigger_controller_dag']) retrieved from /Users/asminsadykova/Desktop/h&m/.venv/lib/python3.9/site-packages/airflow/example_dags/example_trigger_controller_dag.py
[2025-12-04T23:56:59.298+0600] {logging_mixin.py:154} INFO - [2025-12-04T23:56:59.298+0600] {dag.py:2941} INFO - Sync 1 DAGs
[2025-12-04T23:56:59.306+0600] {logging_mixin.py:154} INFO - [2025-12-04T23:56:59.306+0600] {dag.py:3722} INFO - Setting next_dagrun for example_trigger_controller_dag to 2021-01-01T00:00:00+00:00, run_after=2021-01-01T00:00:00+00:00
[2025-12-04T23:56:59.314+0600] {processor.py:179} INFO - Processing /Users/asminsadykova/Desktop/h&m/.venv/lib/python3.9/site-packages/airflow/example_dags/example_trigger_controller_dag.py took 0.115 seconds
[2025-12-04T23:58:23.958+0600] {processor.py:157} INFO - Started process (PID=42392) to work on /Users/asminsadykova/Desktop/h&m/.venv/lib/python3.9/site-packages/airflow/example_dags/example_trigger_controller_dag.py
[2025-12-04T23:58:23.960+0600] {processor.py:829} INFO - Processing file /Users/asminsadykova/Desktop/h&m/.venv/lib/python3.9/site-packages/airflow/example_dags/example_trigger_controller_dag.py for tasks to queue
[2025-12-04T23:58:23.960+0600] {logging_mixin.py:154} INFO - [2025-12-04T23:58:23.960+0600] {dagbag.py:536} INFO - Filling up the DagBag from /Users/asminsadykova/Desktop/h&m/.venv/lib/python3.9/site-packages/airflow/example_dags/example_trigger_controller_dag.py
[2025-12-04T23:58:23.971+0600] {processor.py:839} INFO - DAG(s) dict_keys(['example_trigger_controller_dag']) retrieved from /Users/asminsadykova/Desktop/h&m/.venv/lib/python3.9/site-packages/airflow/example_dags/example_trigger_controller_dag.py
[2025-12-04T23:58:24.041+0600] {logging_mixin.py:154} INFO - [2025-12-04T23:58:24.041+0600] {dag.py:2941} INFO - Sync 1 DAGs
[2025-12-04T23:58:24.048+0600] {logging_mixin.py:154} INFO - [2025-12-04T23:58:24.048+0600] {dag.py:3722} INFO - Setting next_dagrun for example_trigger_controller_dag to 2021-01-01T00:00:00+00:00, run_after=2021-01-01T00:00:00+00:00
[2025-12-04T23:58:24.056+0600] {processor.py:179} INFO - Processing /Users/asminsadykova/Desktop/h&m/.venv/lib/python3.9/site-packages/airflow/example_dags/example_trigger_controller_dag.py took 0.098 seconds
[2025-12-04T23:59:53.864+0600] {processor.py:157} INFO - Started process (PID=42647) to work on /Users/asminsadykova/Desktop/h&m/.venv/lib/python3.9/site-packages/airflow/example_dags/example_trigger_controller_dag.py
[2025-12-04T23:59:53.865+0600] {processor.py:829} INFO - Processing file /Users/asminsadykova/Desktop/h&m/.venv/lib/python3.9/site-packages/airflow/example_dags/example_trigger_controller_dag.py for tasks to queue
[2025-12-04T23:59:53.866+0600] {logging_mixin.py:154} INFO - [2025-12-04T23:59:53.866+0600] {dagbag.py:536} INFO - Filling up the DagBag from /Users/asminsadykova/Desktop/h&m/.venv/lib/python3.9/site-packages/airflow/example_dags/example_trigger_controller_dag.py
[2025-12-04T23:59:53.879+0600] {processor.py:839} INFO - DAG(s) dict_keys(['example_trigger_controller_dag']) retrieved from /Users/asminsadykova/Desktop/h&m/.venv/lib/python3.9/site-packages/airflow/example_dags/example_trigger_controller_dag.py
[2025-12-04T23:59:53.960+0600] {logging_mixin.py:154} INFO - [2025-12-04T23:59:53.960+0600] {dag.py:2941} INFO - Sync 1 DAGs
[2025-12-04T23:59:53.968+0600] {logging_mixin.py:154} INFO - [2025-12-04T23:59:53.968+0600] {dag.py:3722} INFO - Setting next_dagrun for example_trigger_controller_dag to 2021-01-01T00:00:00+00:00, run_after=2021-01-01T00:00:00+00:00
[2025-12-04T23:59:53.976+0600] {processor.py:179} INFO - Processing /Users/asminsadykova/Desktop/h&m/.venv/lib/python3.9/site-packages/airflow/example_dags/example_trigger_controller_dag.py took 0.113 seconds
[2025-12-05T00:00:44.605+0600] {processor.py:157} INFO - Started process (PID=42750) to work on /Users/asminsadykova/Desktop/h&m/.venv/lib/python3.9/site-packages/airflow/example_dags/example_trigger_controller_dag.py
[2025-12-05T00:00:44.606+0600] {processor.py:829} INFO - Processing file /Users/asminsadykova/Desktop/h&m/.venv/lib/python3.9/site-packages/airflow/example_dags/example_trigger_controller_dag.py for tasks to queue
[2025-12-05T00:00:44.606+0600] {logging_mixin.py:154} INFO - [2025-12-05T00:00:44.606+0600] {dagbag.py:536} INFO - Filling up the DagBag from /Users/asminsadykova/Desktop/h&m/.venv/lib/python3.9/site-packages/airflow/example_dags/example_trigger_controller_dag.py
[2025-12-05T00:00:44.617+0600] {processor.py:839} INFO - DAG(s) dict_keys(['example_trigger_controller_dag']) retrieved from /Users/asminsadykova/Desktop/h&m/.venv/lib/python3.9/site-packages/airflow/example_dags/example_trigger_controller_dag.py
[2025-12-05T00:00:44.688+0600] {logging_mixin.py:154} INFO - [2025-12-05T00:00:44.688+0600] {dag.py:2941} INFO - Sync 1 DAGs
[2025-12-05T00:00:44.694+0600] {logging_mixin.py:154} INFO - [2025-12-05T00:00:44.694+0600] {dag.py:3722} INFO - Setting next_dagrun for example_trigger_controller_dag to 2021-01-01T00:00:00+00:00, run_after=2021-01-01T00:00:00+00:00
[2025-12-05T00:00:44.702+0600] {processor.py:179} INFO - Processing /Users/asminsadykova/Desktop/h&m/.venv/lib/python3.9/site-packages/airflow/example_dags/example_trigger_controller_dag.py took 0.098 seconds
[2025-12-05T00:02:17.898+0600] {processor.py:157} INFO - Started process (PID=42913) to work on /Users/asminsadykova/Desktop/h&m/.venv/lib/python3.9/site-packages/airflow/example_dags/example_trigger_controller_dag.py
[2025-12-05T00:02:17.900+0600] {processor.py:829} INFO - Processing file /Users/asminsadykova/Desktop/h&m/.venv/lib/python3.9/site-packages/airflow/example_dags/example_trigger_controller_dag.py for tasks to queue
[2025-12-05T00:02:17.900+0600] {logging_mixin.py:154} INFO - [2025-12-05T00:02:17.900+0600] {dagbag.py:536} INFO - Filling up the DagBag from /Users/asminsadykova/Desktop/h&m/.venv/lib/python3.9/site-packages/airflow/example_dags/example_trigger_controller_dag.py
[2025-12-05T00:02:17.912+0600] {processor.py:839} INFO - DAG(s) dict_keys(['example_trigger_controller_dag']) retrieved from /Users/asminsadykova/Desktop/h&m/.venv/lib/python3.9/site-packages/airflow/example_dags/example_trigger_controller_dag.py
[2025-12-05T00:02:17.982+0600] {logging_mixin.py:154} INFO - [2025-12-05T00:02:17.982+0600] {dag.py:2941} INFO - Sync 1 DAGs
[2025-12-05T00:02:17.988+0600] {logging_mixin.py:154} INFO - [2025-12-05T00:02:17.988+0600] {dag.py:3722} INFO - Setting next_dagrun for example_trigger_controller_dag to 2021-01-01T00:00:00+00:00, run_after=2021-01-01T00:00:00+00:00
[2025-12-05T00:02:17.996+0600] {processor.py:179} INFO - Processing /Users/asminsadykova/Desktop/h&m/.venv/lib/python3.9/site-packages/airflow/example_dags/example_trigger_controller_dag.py took 0.098 seconds
[2025-12-05T00:03:50.957+0600] {processor.py:157} INFO - Started process (PID=42988) to work on /Users/asminsadykova/Desktop/h&m/.venv/lib/python3.9/site-packages/airflow/example_dags/example_trigger_controller_dag.py
[2025-12-05T00:03:50.958+0600] {processor.py:829} INFO - Processing file /Users/asminsadykova/Desktop/h&m/.venv/lib/python3.9/site-packages/airflow/example_dags/example_trigger_controller_dag.py for tasks to queue
[2025-12-05T00:03:50.958+0600] {logging_mixin.py:154} INFO - [2025-12-05T00:03:50.958+0600] {dagbag.py:536} INFO - Filling up the DagBag from /Users/asminsadykova/Desktop/h&m/.venv/lib/python3.9/site-packages/airflow/example_dags/example_trigger_controller_dag.py
[2025-12-05T00:03:50.970+0600] {processor.py:839} INFO - DAG(s) dict_keys(['example_trigger_controller_dag']) retrieved from /Users/asminsadykova/Desktop/h&m/.venv/lib/python3.9/site-packages/airflow/example_dags/example_trigger_controller_dag.py
[2025-12-05T00:03:51.037+0600] {logging_mixin.py:154} INFO - [2025-12-05T00:03:51.037+0600] {dag.py:2941} INFO - Sync 1 DAGs
[2025-12-05T00:03:51.044+0600] {logging_mixin.py:154} INFO - [2025-12-05T00:03:51.044+0600] {dag.py:3722} INFO - Setting next_dagrun for example_trigger_controller_dag to 2021-01-01T00:00:00+00:00, run_after=2021-01-01T00:00:00+00:00
[2025-12-05T00:03:51.052+0600] {processor.py:179} INFO - Processing /Users/asminsadykova/Desktop/h&m/.venv/lib/python3.9/site-packages/airflow/example_dags/example_trigger_controller_dag.py took 0.095 seconds
[2025-12-05T00:05:26.508+0600] {processor.py:157} INFO - Started process (PID=43261) to work on /Users/asminsadykova/Desktop/h&m/.venv/lib/python3.9/site-packages/airflow/example_dags/example_trigger_controller_dag.py
[2025-12-05T00:05:26.509+0600] {processor.py:829} INFO - Processing file /Users/asminsadykova/Desktop/h&m/.venv/lib/python3.9/site-packages/airflow/example_dags/example_trigger_controller_dag.py for tasks to queue
[2025-12-05T00:05:26.509+0600] {logging_mixin.py:154} INFO - [2025-12-05T00:05:26.509+0600] {dagbag.py:536} INFO - Filling up the DagBag from /Users/asminsadykova/Desktop/h&m/.venv/lib/python3.9/site-packages/airflow/example_dags/example_trigger_controller_dag.py
[2025-12-05T00:05:26.521+0600] {processor.py:839} INFO - DAG(s) dict_keys(['example_trigger_controller_dag']) retrieved from /Users/asminsadykova/Desktop/h&m/.venv/lib/python3.9/site-packages/airflow/example_dags/example_trigger_controller_dag.py
[2025-12-05T00:05:26.592+0600] {logging_mixin.py:154} INFO - [2025-12-05T00:05:26.591+0600] {dag.py:2941} INFO - Sync 1 DAGs
[2025-12-05T00:05:26.598+0600] {logging_mixin.py:154} INFO - [2025-12-05T00:05:26.598+0600] {dag.py:3722} INFO - Setting next_dagrun for example_trigger_controller_dag to 2021-01-01T00:00:00+00:00, run_after=2021-01-01T00:00:00+00:00
[2025-12-05T00:05:26.606+0600] {processor.py:179} INFO - Processing /Users/asminsadykova/Desktop/h&m/.venv/lib/python3.9/site-packages/airflow/example_dags/example_trigger_controller_dag.py took 0.099 seconds
[2025-12-05T00:06:52.988+0600] {processor.py:157} INFO - Started process (PID=43411) to work on /Users/asminsadykova/Desktop/h&m/.venv/lib/python3.9/site-packages/airflow/example_dags/example_trigger_controller_dag.py
[2025-12-05T00:06:52.990+0600] {processor.py:829} INFO - Processing file /Users/asminsadykova/Desktop/h&m/.venv/lib/python3.9/site-packages/airflow/example_dags/example_trigger_controller_dag.py for tasks to queue
[2025-12-05T00:06:52.990+0600] {logging_mixin.py:154} INFO - [2025-12-05T00:06:52.990+0600] {dagbag.py:536} INFO - Filling up the DagBag from /Users/asminsadykova/Desktop/h&m/.venv/lib/python3.9/site-packages/airflow/example_dags/example_trigger_controller_dag.py
[2025-12-05T00:06:53.001+0600] {processor.py:839} INFO - DAG(s) dict_keys(['example_trigger_controller_dag']) retrieved from /Users/asminsadykova/Desktop/h&m/.venv/lib/python3.9/site-packages/airflow/example_dags/example_trigger_controller_dag.py
[2025-12-05T00:06:53.070+0600] {logging_mixin.py:154} INFO - [2025-12-05T00:06:53.070+0600] {dag.py:2941} INFO - Sync 1 DAGs
[2025-12-05T00:06:53.076+0600] {logging_mixin.py:154} INFO - [2025-12-05T00:06:53.076+0600] {dag.py:3722} INFO - Setting next_dagrun for example_trigger_controller_dag to 2021-01-01T00:00:00+00:00, run_after=2021-01-01T00:00:00+00:00
[2025-12-05T00:06:53.084+0600] {processor.py:179} INFO - Processing /Users/asminsadykova/Desktop/h&m/.venv/lib/python3.9/site-packages/airflow/example_dags/example_trigger_controller_dag.py took 0.096 seconds
[2025-12-05T00:08:19.629+0600] {processor.py:157} INFO - Started process (PID=43547) to work on /Users/asminsadykova/Desktop/h&m/.venv/lib/python3.9/site-packages/airflow/example_dags/example_trigger_controller_dag.py
[2025-12-05T00:08:19.630+0600] {processor.py:829} INFO - Processing file /Users/asminsadykova/Desktop/h&m/.venv/lib/python3.9/site-packages/airflow/example_dags/example_trigger_controller_dag.py for tasks to queue
[2025-12-05T00:08:19.631+0600] {logging_mixin.py:154} INFO - [2025-12-05T00:08:19.631+0600] {dagbag.py:536} INFO - Filling up the DagBag from /Users/asminsadykova/Desktop/h&m/.venv/lib/python3.9/site-packages/airflow/example_dags/example_trigger_controller_dag.py
[2025-12-05T00:08:19.646+0600] {processor.py:839} INFO - DAG(s) dict_keys(['example_trigger_controller_dag']) retrieved from /Users/asminsadykova/Desktop/h&m/.venv/lib/python3.9/site-packages/airflow/example_dags/example_trigger_controller_dag.py
[2025-12-05T00:08:19.734+0600] {logging_mixin.py:154} INFO - [2025-12-05T00:08:19.733+0600] {dag.py:2941} INFO - Sync 1 DAGs
[2025-12-05T00:08:19.741+0600] {logging_mixin.py:154} INFO - [2025-12-05T00:08:19.741+0600] {dag.py:3722} INFO - Setting next_dagrun for example_trigger_controller_dag to 2021-01-01T00:00:00+00:00, run_after=2021-01-01T00:00:00+00:00
[2025-12-05T00:08:19.776+0600] {processor.py:179} INFO - Processing /Users/asminsadykova/Desktop/h&m/.venv/lib/python3.9/site-packages/airflow/example_dags/example_trigger_controller_dag.py took 0.148 seconds
[2025-12-05T00:09:53.364+0600] {processor.py:157} INFO - Started process (PID=43721) to work on /Users/asminsadykova/Desktop/h&m/.venv/lib/python3.9/site-packages/airflow/example_dags/example_trigger_controller_dag.py
[2025-12-05T00:09:53.365+0600] {processor.py:829} INFO - Processing file /Users/asminsadykova/Desktop/h&m/.venv/lib/python3.9/site-packages/airflow/example_dags/example_trigger_controller_dag.py for tasks to queue
[2025-12-05T00:09:53.365+0600] {logging_mixin.py:154} INFO - [2025-12-05T00:09:53.365+0600] {dagbag.py:536} INFO - Filling up the DagBag from /Users/asminsadykova/Desktop/h&m/.venv/lib/python3.9/site-packages/airflow/example_dags/example_trigger_controller_dag.py
[2025-12-05T00:09:53.377+0600] {processor.py:839} INFO - DAG(s) dict_keys(['example_trigger_controller_dag']) retrieved from /Users/asminsadykova/Desktop/h&m/.venv/lib/python3.9/site-packages/airflow/example_dags/example_trigger_controller_dag.py
[2025-12-05T00:09:53.459+0600] {logging_mixin.py:154} INFO - [2025-12-05T00:09:53.459+0600] {dag.py:2941} INFO - Sync 1 DAGs
[2025-12-05T00:09:53.467+0600] {logging_mixin.py:154} INFO - [2025-12-05T00:09:53.466+0600] {dag.py:3722} INFO - Setting next_dagrun for example_trigger_controller_dag to 2021-01-01T00:00:00+00:00, run_after=2021-01-01T00:00:00+00:00
[2025-12-05T00:09:53.475+0600] {processor.py:179} INFO - Processing /Users/asminsadykova/Desktop/h&m/.venv/lib/python3.9/site-packages/airflow/example_dags/example_trigger_controller_dag.py took 0.112 seconds
[2025-12-05T00:11:29.993+0600] {processor.py:157} INFO - Started process (PID=43882) to work on /Users/asminsadykova/Desktop/h&m/.venv/lib/python3.9/site-packages/airflow/example_dags/example_trigger_controller_dag.py
[2025-12-05T00:11:29.995+0600] {processor.py:829} INFO - Processing file /Users/asminsadykova/Desktop/h&m/.venv/lib/python3.9/site-packages/airflow/example_dags/example_trigger_controller_dag.py for tasks to queue
[2025-12-05T00:11:29.995+0600] {logging_mixin.py:154} INFO - [2025-12-05T00:11:29.995+0600] {dagbag.py:536} INFO - Filling up the DagBag from /Users/asminsadykova/Desktop/h&m/.venv/lib/python3.9/site-packages/airflow/example_dags/example_trigger_controller_dag.py
[2025-12-05T00:11:30.007+0600] {processor.py:839} INFO - DAG(s) dict_keys(['example_trigger_controller_dag']) retrieved from /Users/asminsadykova/Desktop/h&m/.venv/lib/python3.9/site-packages/airflow/example_dags/example_trigger_controller_dag.py
[2025-12-05T00:11:30.082+0600] {logging_mixin.py:154} INFO - [2025-12-05T00:11:30.082+0600] {dag.py:2941} INFO - Sync 1 DAGs
[2025-12-05T00:11:30.088+0600] {logging_mixin.py:154} INFO - [2025-12-05T00:11:30.088+0600] {dag.py:3722} INFO - Setting next_dagrun for example_trigger_controller_dag to 2021-01-01T00:00:00+00:00, run_after=2021-01-01T00:00:00+00:00
[2025-12-05T00:11:30.096+0600] {processor.py:179} INFO - Processing /Users/asminsadykova/Desktop/h&m/.venv/lib/python3.9/site-packages/airflow/example_dags/example_trigger_controller_dag.py took 0.103 seconds
