[2025-12-04T23:18:08.044+0600] {processor.py:157} INFO - Started process (PID=38940) to work on /Users/asminsadykova/Desktop/h&m/.venv/lib/python3.9/site-packages/airflow/example_dags/example_params_ui_tutorial.py
[2025-12-04T23:18:08.044+0600] {processor.py:829} INFO - Processing file /Users/asminsadykova/Desktop/h&m/.venv/lib/python3.9/site-packages/airflow/example_dags/example_params_ui_tutorial.py for tasks to queue
[2025-12-04T23:18:08.044+0600] {logging_mixin.py:154} INFO - [2025-12-04T23:18:08.044+0600] {dagbag.py:536} INFO - Filling up the DagBag from /Users/asminsadykova/Desktop/h&m/.venv/lib/python3.9/site-packages/airflow/example_dags/example_params_ui_tutorial.py
[2025-12-04T23:18:08.092+0600] {processor.py:839} INFO - DAG(s) dict_keys(['example_params_ui_tutorial']) retrieved from /Users/asminsadykova/Desktop/h&m/.venv/lib/python3.9/site-packages/airflow/example_dags/example_params_ui_tutorial.py
[2025-12-04T23:18:08.334+0600] {logging_mixin.py:154} INFO - [2025-12-04T23:18:08.334+0600] {manager.py:499} INFO - Created Permission View: %s
[2025-12-04T23:18:08.337+0600] {logging_mixin.py:154} INFO - [2025-12-04T23:18:08.337+0600] {manager.py:499} INFO - Created Permission View: %s
[2025-12-04T23:18:08.340+0600] {logging_mixin.py:154} INFO - [2025-12-04T23:18:08.340+0600] {manager.py:499} INFO - Created Permission View: %s
[2025-12-04T23:18:08.340+0600] {logging_mixin.py:154} INFO - [2025-12-04T23:18:08.340+0600] {dag.py:2941} INFO - Sync 1 DAGs
[2025-12-04T23:18:08.344+0600] {logging_mixin.py:154} INFO - [2025-12-04T23:18:08.344+0600] {dag.py:2963} INFO - Creating ORM DAG for example_params_ui_tutorial
[2025-12-04T23:18:08.344+0600] {logging_mixin.py:154} INFO - [2025-12-04T23:18:08.344+0600] {dag.py:3722} INFO - Setting next_dagrun for example_params_ui_tutorial to None, run_after=None
[2025-12-04T23:18:08.351+0600] {processor.py:179} INFO - Processing /Users/asminsadykova/Desktop/h&m/.venv/lib/python3.9/site-packages/airflow/example_dags/example_params_ui_tutorial.py took 0.308 seconds
[2025-12-04T23:19:24.936+0600] {processor.py:157} INFO - Started process (PID=39041) to work on /Users/asminsadykova/Desktop/h&m/.venv/lib/python3.9/site-packages/airflow/example_dags/example_params_ui_tutorial.py
[2025-12-04T23:19:24.937+0600] {processor.py:829} INFO - Processing file /Users/asminsadykova/Desktop/h&m/.venv/lib/python3.9/site-packages/airflow/example_dags/example_params_ui_tutorial.py for tasks to queue
[2025-12-04T23:19:24.937+0600] {logging_mixin.py:154} INFO - [2025-12-04T23:19:24.937+0600] {dagbag.py:536} INFO - Filling up the DagBag from /Users/asminsadykova/Desktop/h&m/.venv/lib/python3.9/site-packages/airflow/example_dags/example_params_ui_tutorial.py
[2025-12-04T23:19:24.989+0600] {processor.py:839} INFO - DAG(s) dict_keys(['example_params_ui_tutorial']) retrieved from /Users/asminsadykova/Desktop/h&m/.venv/lib/python3.9/site-packages/airflow/example_dags/example_params_ui_tutorial.py
[2025-12-04T23:19:25.054+0600] {logging_mixin.py:154} INFO - [2025-12-04T23:19:25.053+0600] {dag.py:2941} INFO - Sync 1 DAGs
[2025-12-04T23:19:25.058+0600] {logging_mixin.py:154} INFO - [2025-12-04T23:19:25.058+0600] {dag.py:3722} INFO - Setting next_dagrun for example_params_ui_tutorial to None, run_after=None
[2025-12-04T23:19:25.065+0600] {processor.py:179} INFO - Processing /Users/asminsadykova/Desktop/h&m/.venv/lib/python3.9/site-packages/airflow/example_dags/example_params_ui_tutorial.py took 0.129 seconds
[2025-12-04T23:20:50.119+0600] {processor.py:157} INFO - Started process (PID=39139) to work on /Users/asminsadykova/Desktop/h&m/.venv/lib/python3.9/site-packages/airflow/example_dags/example_params_ui_tutorial.py
[2025-12-04T23:20:50.120+0600] {processor.py:829} INFO - Processing file /Users/asminsadykova/Desktop/h&m/.venv/lib/python3.9/site-packages/airflow/example_dags/example_params_ui_tutorial.py for tasks to queue
[2025-12-04T23:20:50.120+0600] {logging_mixin.py:154} INFO - [2025-12-04T23:20:50.120+0600] {dagbag.py:536} INFO - Filling up the DagBag from /Users/asminsadykova/Desktop/h&m/.venv/lib/python3.9/site-packages/airflow/example_dags/example_params_ui_tutorial.py
[2025-12-04T23:20:50.168+0600] {processor.py:839} INFO - DAG(s) dict_keys(['example_params_ui_tutorial']) retrieved from /Users/asminsadykova/Desktop/h&m/.venv/lib/python3.9/site-packages/airflow/example_dags/example_params_ui_tutorial.py
[2025-12-04T23:20:50.230+0600] {logging_mixin.py:154} INFO - [2025-12-04T23:20:50.230+0600] {dag.py:2941} INFO - Sync 1 DAGs
[2025-12-04T23:20:50.234+0600] {logging_mixin.py:154} INFO - [2025-12-04T23:20:50.234+0600] {dag.py:3722} INFO - Setting next_dagrun for example_params_ui_tutorial to None, run_after=None
[2025-12-04T23:20:50.243+0600] {processor.py:179} INFO - Processing /Users/asminsadykova/Desktop/h&m/.venv/lib/python3.9/site-packages/airflow/example_dags/example_params_ui_tutorial.py took 0.125 seconds
[2025-12-04T23:22:16.318+0600] {processor.py:157} INFO - Started process (PID=39242) to work on /Users/asminsadykova/Desktop/h&m/.venv/lib/python3.9/site-packages/airflow/example_dags/example_params_ui_tutorial.py
[2025-12-04T23:22:16.319+0600] {processor.py:829} INFO - Processing file /Users/asminsadykova/Desktop/h&m/.venv/lib/python3.9/site-packages/airflow/example_dags/example_params_ui_tutorial.py for tasks to queue
[2025-12-04T23:22:16.319+0600] {logging_mixin.py:154} INFO - [2025-12-04T23:22:16.319+0600] {dagbag.py:536} INFO - Filling up the DagBag from /Users/asminsadykova/Desktop/h&m/.venv/lib/python3.9/site-packages/airflow/example_dags/example_params_ui_tutorial.py
[2025-12-04T23:22:16.367+0600] {processor.py:839} INFO - DAG(s) dict_keys(['example_params_ui_tutorial']) retrieved from /Users/asminsadykova/Desktop/h&m/.venv/lib/python3.9/site-packages/airflow/example_dags/example_params_ui_tutorial.py
[2025-12-04T23:22:16.430+0600] {logging_mixin.py:154} INFO - [2025-12-04T23:22:16.430+0600] {dag.py:2941} INFO - Sync 1 DAGs
[2025-12-04T23:22:16.434+0600] {logging_mixin.py:154} INFO - [2025-12-04T23:22:16.434+0600] {dag.py:3722} INFO - Setting next_dagrun for example_params_ui_tutorial to None, run_after=None
[2025-12-04T23:22:16.442+0600] {processor.py:179} INFO - Processing /Users/asminsadykova/Desktop/h&m/.venv/lib/python3.9/site-packages/airflow/example_dags/example_params_ui_tutorial.py took 0.124 seconds
[2025-12-04T23:23:47.670+0600] {processor.py:157} INFO - Started process (PID=39384) to work on /Users/asminsadykova/Desktop/h&m/.venv/lib/python3.9/site-packages/airflow/example_dags/example_params_ui_tutorial.py
[2025-12-04T23:23:47.671+0600] {processor.py:829} INFO - Processing file /Users/asminsadykova/Desktop/h&m/.venv/lib/python3.9/site-packages/airflow/example_dags/example_params_ui_tutorial.py for tasks to queue
[2025-12-04T23:23:47.671+0600] {logging_mixin.py:154} INFO - [2025-12-04T23:23:47.671+0600] {dagbag.py:536} INFO - Filling up the DagBag from /Users/asminsadykova/Desktop/h&m/.venv/lib/python3.9/site-packages/airflow/example_dags/example_params_ui_tutorial.py
[2025-12-04T23:23:47.722+0600] {processor.py:839} INFO - DAG(s) dict_keys(['example_params_ui_tutorial']) retrieved from /Users/asminsadykova/Desktop/h&m/.venv/lib/python3.9/site-packages/airflow/example_dags/example_params_ui_tutorial.py
[2025-12-04T23:23:47.788+0600] {logging_mixin.py:154} INFO - [2025-12-04T23:23:47.788+0600] {dag.py:2941} INFO - Sync 1 DAGs
[2025-12-04T23:23:47.792+0600] {logging_mixin.py:154} INFO - [2025-12-04T23:23:47.792+0600] {dag.py:3722} INFO - Setting next_dagrun for example_params_ui_tutorial to None, run_after=None
[2025-12-04T23:23:47.799+0600] {processor.py:179} INFO - Processing /Users/asminsadykova/Desktop/h&m/.venv/lib/python3.9/site-packages/airflow/example_dags/example_params_ui_tutorial.py took 0.130 seconds
[2025-12-04T23:25:24.591+0600] {processor.py:157} INFO - Started process (PID=39516) to work on /Users/asminsadykova/Desktop/h&m/.venv/lib/python3.9/site-packages/airflow/example_dags/example_params_ui_tutorial.py
[2025-12-04T23:25:24.592+0600] {processor.py:829} INFO - Processing file /Users/asminsadykova/Desktop/h&m/.venv/lib/python3.9/site-packages/airflow/example_dags/example_params_ui_tutorial.py for tasks to queue
[2025-12-04T23:25:24.592+0600] {logging_mixin.py:154} INFO - [2025-12-04T23:25:24.592+0600] {dagbag.py:536} INFO - Filling up the DagBag from /Users/asminsadykova/Desktop/h&m/.venv/lib/python3.9/site-packages/airflow/example_dags/example_params_ui_tutorial.py
[2025-12-04T23:25:24.638+0600] {processor.py:839} INFO - DAG(s) dict_keys(['example_params_ui_tutorial']) retrieved from /Users/asminsadykova/Desktop/h&m/.venv/lib/python3.9/site-packages/airflow/example_dags/example_params_ui_tutorial.py
[2025-12-04T23:25:24.700+0600] {logging_mixin.py:154} INFO - [2025-12-04T23:25:24.700+0600] {dag.py:2941} INFO - Sync 1 DAGs
[2025-12-04T23:25:24.704+0600] {logging_mixin.py:154} INFO - [2025-12-04T23:25:24.704+0600] {dag.py:3722} INFO - Setting next_dagrun for example_params_ui_tutorial to None, run_after=None
[2025-12-04T23:25:24.715+0600] {processor.py:179} INFO - Processing /Users/asminsadykova/Desktop/h&m/.venv/lib/python3.9/site-packages/airflow/example_dags/example_params_ui_tutorial.py took 0.124 seconds
[2025-12-04T23:26:59.502+0600] {processor.py:157} INFO - Started process (PID=39616) to work on /Users/asminsadykova/Desktop/h&m/.venv/lib/python3.9/site-packages/airflow/example_dags/example_params_ui_tutorial.py
[2025-12-04T23:26:59.503+0600] {processor.py:829} INFO - Processing file /Users/asminsadykova/Desktop/h&m/.venv/lib/python3.9/site-packages/airflow/example_dags/example_params_ui_tutorial.py for tasks to queue
[2025-12-04T23:26:59.503+0600] {logging_mixin.py:154} INFO - [2025-12-04T23:26:59.503+0600] {dagbag.py:536} INFO - Filling up the DagBag from /Users/asminsadykova/Desktop/h&m/.venv/lib/python3.9/site-packages/airflow/example_dags/example_params_ui_tutorial.py
[2025-12-04T23:26:59.552+0600] {processor.py:839} INFO - DAG(s) dict_keys(['example_params_ui_tutorial']) retrieved from /Users/asminsadykova/Desktop/h&m/.venv/lib/python3.9/site-packages/airflow/example_dags/example_params_ui_tutorial.py
[2025-12-04T23:26:59.615+0600] {logging_mixin.py:154} INFO - [2025-12-04T23:26:59.615+0600] {dag.py:2941} INFO - Sync 1 DAGs
[2025-12-04T23:26:59.619+0600] {logging_mixin.py:154} INFO - [2025-12-04T23:26:59.619+0600] {dag.py:3722} INFO - Setting next_dagrun for example_params_ui_tutorial to None, run_after=None
[2025-12-04T23:26:59.629+0600] {processor.py:179} INFO - Processing /Users/asminsadykova/Desktop/h&m/.venv/lib/python3.9/site-packages/airflow/example_dags/example_params_ui_tutorial.py took 0.127 seconds
[2025-12-04T23:28:30.552+0600] {processor.py:157} INFO - Started process (PID=39718) to work on /Users/asminsadykova/Desktop/h&m/.venv/lib/python3.9/site-packages/airflow/example_dags/example_params_ui_tutorial.py
[2025-12-04T23:28:30.553+0600] {processor.py:829} INFO - Processing file /Users/asminsadykova/Desktop/h&m/.venv/lib/python3.9/site-packages/airflow/example_dags/example_params_ui_tutorial.py for tasks to queue
[2025-12-04T23:28:30.553+0600] {logging_mixin.py:154} INFO - [2025-12-04T23:28:30.553+0600] {dagbag.py:536} INFO - Filling up the DagBag from /Users/asminsadykova/Desktop/h&m/.venv/lib/python3.9/site-packages/airflow/example_dags/example_params_ui_tutorial.py
[2025-12-04T23:28:30.600+0600] {processor.py:839} INFO - DAG(s) dict_keys(['example_params_ui_tutorial']) retrieved from /Users/asminsadykova/Desktop/h&m/.venv/lib/python3.9/site-packages/airflow/example_dags/example_params_ui_tutorial.py
[2025-12-04T23:28:30.663+0600] {logging_mixin.py:154} INFO - [2025-12-04T23:28:30.663+0600] {dag.py:2941} INFO - Sync 1 DAGs
[2025-12-04T23:28:30.667+0600] {logging_mixin.py:154} INFO - [2025-12-04T23:28:30.667+0600] {dag.py:3722} INFO - Setting next_dagrun for example_params_ui_tutorial to None, run_after=None
[2025-12-04T23:28:30.675+0600] {processor.py:179} INFO - Processing /Users/asminsadykova/Desktop/h&m/.venv/lib/python3.9/site-packages/airflow/example_dags/example_params_ui_tutorial.py took 0.123 seconds
[2025-12-04T23:29:54.415+0600] {processor.py:157} INFO - Started process (PID=39790) to work on /Users/asminsadykova/Desktop/h&m/.venv/lib/python3.9/site-packages/airflow/example_dags/example_params_ui_tutorial.py
[2025-12-04T23:29:54.415+0600] {processor.py:829} INFO - Processing file /Users/asminsadykova/Desktop/h&m/.venv/lib/python3.9/site-packages/airflow/example_dags/example_params_ui_tutorial.py for tasks to queue
[2025-12-04T23:29:54.415+0600] {logging_mixin.py:154} INFO - [2025-12-04T23:29:54.415+0600] {dagbag.py:536} INFO - Filling up the DagBag from /Users/asminsadykova/Desktop/h&m/.venv/lib/python3.9/site-packages/airflow/example_dags/example_params_ui_tutorial.py
[2025-12-04T23:29:54.463+0600] {processor.py:839} INFO - DAG(s) dict_keys(['example_params_ui_tutorial']) retrieved from /Users/asminsadykova/Desktop/h&m/.venv/lib/python3.9/site-packages/airflow/example_dags/example_params_ui_tutorial.py
[2025-12-04T23:29:54.525+0600] {logging_mixin.py:154} INFO - [2025-12-04T23:29:54.525+0600] {dag.py:2941} INFO - Sync 1 DAGs
[2025-12-04T23:29:54.529+0600] {logging_mixin.py:154} INFO - [2025-12-04T23:29:54.529+0600] {dag.py:3722} INFO - Setting next_dagrun for example_params_ui_tutorial to None, run_after=None
[2025-12-04T23:29:54.537+0600] {processor.py:179} INFO - Processing /Users/asminsadykova/Desktop/h&m/.venv/lib/python3.9/site-packages/airflow/example_dags/example_params_ui_tutorial.py took 0.123 seconds
[2025-12-04T23:31:15.986+0600] {processor.py:157} INFO - Started process (PID=39856) to work on /Users/asminsadykova/Desktop/h&m/.venv/lib/python3.9/site-packages/airflow/example_dags/example_params_ui_tutorial.py
[2025-12-04T23:31:15.987+0600] {processor.py:829} INFO - Processing file /Users/asminsadykova/Desktop/h&m/.venv/lib/python3.9/site-packages/airflow/example_dags/example_params_ui_tutorial.py for tasks to queue
[2025-12-04T23:31:15.987+0600] {logging_mixin.py:154} INFO - [2025-12-04T23:31:15.987+0600] {dagbag.py:536} INFO - Filling up the DagBag from /Users/asminsadykova/Desktop/h&m/.venv/lib/python3.9/site-packages/airflow/example_dags/example_params_ui_tutorial.py
[2025-12-04T23:31:16.034+0600] {processor.py:839} INFO - DAG(s) dict_keys(['example_params_ui_tutorial']) retrieved from /Users/asminsadykova/Desktop/h&m/.venv/lib/python3.9/site-packages/airflow/example_dags/example_params_ui_tutorial.py
[2025-12-04T23:31:16.096+0600] {logging_mixin.py:154} INFO - [2025-12-04T23:31:16.096+0600] {dag.py:2941} INFO - Sync 1 DAGs
[2025-12-04T23:31:16.100+0600] {logging_mixin.py:154} INFO - [2025-12-04T23:31:16.100+0600] {dag.py:3722} INFO - Setting next_dagrun for example_params_ui_tutorial to None, run_after=None
[2025-12-04T23:31:16.107+0600] {processor.py:179} INFO - Processing /Users/asminsadykova/Desktop/h&m/.venv/lib/python3.9/site-packages/airflow/example_dags/example_params_ui_tutorial.py took 0.121 seconds
[2025-12-04T23:32:44.873+0600] {processor.py:157} INFO - Started process (PID=40073) to work on /Users/asminsadykova/Desktop/h&m/.venv/lib/python3.9/site-packages/airflow/example_dags/example_params_ui_tutorial.py
[2025-12-04T23:32:44.874+0600] {processor.py:829} INFO - Processing file /Users/asminsadykova/Desktop/h&m/.venv/lib/python3.9/site-packages/airflow/example_dags/example_params_ui_tutorial.py for tasks to queue
[2025-12-04T23:32:44.874+0600] {logging_mixin.py:154} INFO - [2025-12-04T23:32:44.874+0600] {dagbag.py:536} INFO - Filling up the DagBag from /Users/asminsadykova/Desktop/h&m/.venv/lib/python3.9/site-packages/airflow/example_dags/example_params_ui_tutorial.py
[2025-12-04T23:32:44.921+0600] {processor.py:839} INFO - DAG(s) dict_keys(['example_params_ui_tutorial']) retrieved from /Users/asminsadykova/Desktop/h&m/.venv/lib/python3.9/site-packages/airflow/example_dags/example_params_ui_tutorial.py
[2025-12-04T23:32:44.987+0600] {logging_mixin.py:154} INFO - [2025-12-04T23:32:44.987+0600] {dag.py:2941} INFO - Sync 1 DAGs
[2025-12-04T23:32:44.991+0600] {logging_mixin.py:154} INFO - [2025-12-04T23:32:44.991+0600] {dag.py:3722} INFO - Setting next_dagrun for example_params_ui_tutorial to None, run_after=None
[2025-12-04T23:32:44.999+0600] {processor.py:179} INFO - Processing /Users/asminsadykova/Desktop/h&m/.venv/lib/python3.9/site-packages/airflow/example_dags/example_params_ui_tutorial.py took 0.126 seconds
[2025-12-04T23:34:07.659+0600] {processor.py:157} INFO - Started process (PID=40151) to work on /Users/asminsadykova/Desktop/h&m/.venv/lib/python3.9/site-packages/airflow/example_dags/example_params_ui_tutorial.py
[2025-12-04T23:34:07.660+0600] {processor.py:829} INFO - Processing file /Users/asminsadykova/Desktop/h&m/.venv/lib/python3.9/site-packages/airflow/example_dags/example_params_ui_tutorial.py for tasks to queue
[2025-12-04T23:34:07.660+0600] {logging_mixin.py:154} INFO - [2025-12-04T23:34:07.660+0600] {dagbag.py:536} INFO - Filling up the DagBag from /Users/asminsadykova/Desktop/h&m/.venv/lib/python3.9/site-packages/airflow/example_dags/example_params_ui_tutorial.py
[2025-12-04T23:34:07.708+0600] {processor.py:839} INFO - DAG(s) dict_keys(['example_params_ui_tutorial']) retrieved from /Users/asminsadykova/Desktop/h&m/.venv/lib/python3.9/site-packages/airflow/example_dags/example_params_ui_tutorial.py
[2025-12-04T23:34:07.771+0600] {logging_mixin.py:154} INFO - [2025-12-04T23:34:07.771+0600] {dag.py:2941} INFO - Sync 1 DAGs
[2025-12-04T23:34:07.775+0600] {logging_mixin.py:154} INFO - [2025-12-04T23:34:07.775+0600] {dag.py:3722} INFO - Setting next_dagrun for example_params_ui_tutorial to None, run_after=None
[2025-12-04T23:34:07.783+0600] {processor.py:179} INFO - Processing /Users/asminsadykova/Desktop/h&m/.venv/lib/python3.9/site-packages/airflow/example_dags/example_params_ui_tutorial.py took 0.125 seconds
[2025-12-04T23:35:41.812+0600] {processor.py:157} INFO - Started process (PID=40245) to work on /Users/asminsadykova/Desktop/h&m/.venv/lib/python3.9/site-packages/airflow/example_dags/example_params_ui_tutorial.py
[2025-12-04T23:35:41.812+0600] {processor.py:829} INFO - Processing file /Users/asminsadykova/Desktop/h&m/.venv/lib/python3.9/site-packages/airflow/example_dags/example_params_ui_tutorial.py for tasks to queue
[2025-12-04T23:35:41.813+0600] {logging_mixin.py:154} INFO - [2025-12-04T23:35:41.812+0600] {dagbag.py:536} INFO - Filling up the DagBag from /Users/asminsadykova/Desktop/h&m/.venv/lib/python3.9/site-packages/airflow/example_dags/example_params_ui_tutorial.py
[2025-12-04T23:35:41.863+0600] {processor.py:839} INFO - DAG(s) dict_keys(['example_params_ui_tutorial']) retrieved from /Users/asminsadykova/Desktop/h&m/.venv/lib/python3.9/site-packages/airflow/example_dags/example_params_ui_tutorial.py
[2025-12-04T23:35:41.929+0600] {logging_mixin.py:154} INFO - [2025-12-04T23:35:41.929+0600] {dag.py:2941} INFO - Sync 1 DAGs
[2025-12-04T23:35:41.933+0600] {logging_mixin.py:154} INFO - [2025-12-04T23:35:41.933+0600] {dag.py:3722} INFO - Setting next_dagrun for example_params_ui_tutorial to None, run_after=None
[2025-12-04T23:35:41.942+0600] {processor.py:179} INFO - Processing /Users/asminsadykova/Desktop/h&m/.venv/lib/python3.9/site-packages/airflow/example_dags/example_params_ui_tutorial.py took 0.131 seconds
[2025-12-04T23:37:16.307+0600] {processor.py:157} INFO - Started process (PID=40339) to work on /Users/asminsadykova/Desktop/h&m/.venv/lib/python3.9/site-packages/airflow/example_dags/example_params_ui_tutorial.py
[2025-12-04T23:37:16.308+0600] {processor.py:829} INFO - Processing file /Users/asminsadykova/Desktop/h&m/.venv/lib/python3.9/site-packages/airflow/example_dags/example_params_ui_tutorial.py for tasks to queue
[2025-12-04T23:37:16.308+0600] {logging_mixin.py:154} INFO - [2025-12-04T23:37:16.308+0600] {dagbag.py:536} INFO - Filling up the DagBag from /Users/asminsadykova/Desktop/h&m/.venv/lib/python3.9/site-packages/airflow/example_dags/example_params_ui_tutorial.py
[2025-12-04T23:37:16.355+0600] {processor.py:839} INFO - DAG(s) dict_keys(['example_params_ui_tutorial']) retrieved from /Users/asminsadykova/Desktop/h&m/.venv/lib/python3.9/site-packages/airflow/example_dags/example_params_ui_tutorial.py
[2025-12-04T23:37:16.417+0600] {logging_mixin.py:154} INFO - [2025-12-04T23:37:16.417+0600] {dag.py:2941} INFO - Sync 1 DAGs
[2025-12-04T23:37:16.421+0600] {logging_mixin.py:154} INFO - [2025-12-04T23:37:16.421+0600] {dag.py:3722} INFO - Setting next_dagrun for example_params_ui_tutorial to None, run_after=None
[2025-12-04T23:37:16.429+0600] {processor.py:179} INFO - Processing /Users/asminsadykova/Desktop/h&m/.venv/lib/python3.9/site-packages/airflow/example_dags/example_params_ui_tutorial.py took 0.122 seconds
[2025-12-04T23:38:50.670+0600] {processor.py:157} INFO - Started process (PID=40420) to work on /Users/asminsadykova/Desktop/h&m/.venv/lib/python3.9/site-packages/airflow/example_dags/example_params_ui_tutorial.py
[2025-12-04T23:38:50.671+0600] {processor.py:829} INFO - Processing file /Users/asminsadykova/Desktop/h&m/.venv/lib/python3.9/site-packages/airflow/example_dags/example_params_ui_tutorial.py for tasks to queue
[2025-12-04T23:38:50.671+0600] {logging_mixin.py:154} INFO - [2025-12-04T23:38:50.671+0600] {dagbag.py:536} INFO - Filling up the DagBag from /Users/asminsadykova/Desktop/h&m/.venv/lib/python3.9/site-packages/airflow/example_dags/example_params_ui_tutorial.py
[2025-12-04T23:38:50.719+0600] {processor.py:839} INFO - DAG(s) dict_keys(['example_params_ui_tutorial']) retrieved from /Users/asminsadykova/Desktop/h&m/.venv/lib/python3.9/site-packages/airflow/example_dags/example_params_ui_tutorial.py
[2025-12-04T23:38:50.786+0600] {logging_mixin.py:154} INFO - [2025-12-04T23:38:50.786+0600] {dag.py:2941} INFO - Sync 1 DAGs
[2025-12-04T23:38:50.790+0600] {logging_mixin.py:154} INFO - [2025-12-04T23:38:50.790+0600] {dag.py:3722} INFO - Setting next_dagrun for example_params_ui_tutorial to None, run_after=None
[2025-12-04T23:38:50.799+0600] {processor.py:179} INFO - Processing /Users/asminsadykova/Desktop/h&m/.venv/lib/python3.9/site-packages/airflow/example_dags/example_params_ui_tutorial.py took 0.130 seconds
[2025-12-04T23:40:23.656+0600] {processor.py:157} INFO - Started process (PID=40547) to work on /Users/asminsadykova/Desktop/h&m/.venv/lib/python3.9/site-packages/airflow/example_dags/example_params_ui_tutorial.py
[2025-12-04T23:40:23.657+0600] {processor.py:829} INFO - Processing file /Users/asminsadykova/Desktop/h&m/.venv/lib/python3.9/site-packages/airflow/example_dags/example_params_ui_tutorial.py for tasks to queue
[2025-12-04T23:40:23.657+0600] {logging_mixin.py:154} INFO - [2025-12-04T23:40:23.657+0600] {dagbag.py:536} INFO - Filling up the DagBag from /Users/asminsadykova/Desktop/h&m/.venv/lib/python3.9/site-packages/airflow/example_dags/example_params_ui_tutorial.py
[2025-12-04T23:40:23.706+0600] {processor.py:839} INFO - DAG(s) dict_keys(['example_params_ui_tutorial']) retrieved from /Users/asminsadykova/Desktop/h&m/.venv/lib/python3.9/site-packages/airflow/example_dags/example_params_ui_tutorial.py
[2025-12-04T23:40:23.772+0600] {logging_mixin.py:154} INFO - [2025-12-04T23:40:23.772+0600] {dag.py:2941} INFO - Sync 1 DAGs
[2025-12-04T23:40:23.776+0600] {logging_mixin.py:154} INFO - [2025-12-04T23:40:23.776+0600] {dag.py:3722} INFO - Setting next_dagrun for example_params_ui_tutorial to None, run_after=None
[2025-12-04T23:40:23.785+0600] {processor.py:179} INFO - Processing /Users/asminsadykova/Desktop/h&m/.venv/lib/python3.9/site-packages/airflow/example_dags/example_params_ui_tutorial.py took 0.129 seconds
[2025-12-04T23:41:56.810+0600] {processor.py:157} INFO - Started process (PID=40636) to work on /Users/asminsadykova/Desktop/h&m/.venv/lib/python3.9/site-packages/airflow/example_dags/example_params_ui_tutorial.py
[2025-12-04T23:41:56.811+0600] {processor.py:829} INFO - Processing file /Users/asminsadykova/Desktop/h&m/.venv/lib/python3.9/site-packages/airflow/example_dags/example_params_ui_tutorial.py for tasks to queue
[2025-12-04T23:41:56.812+0600] {logging_mixin.py:154} INFO - [2025-12-04T23:41:56.812+0600] {dagbag.py:536} INFO - Filling up the DagBag from /Users/asminsadykova/Desktop/h&m/.venv/lib/python3.9/site-packages/airflow/example_dags/example_params_ui_tutorial.py
[2025-12-04T23:41:56.864+0600] {processor.py:839} INFO - DAG(s) dict_keys(['example_params_ui_tutorial']) retrieved from /Users/asminsadykova/Desktop/h&m/.venv/lib/python3.9/site-packages/airflow/example_dags/example_params_ui_tutorial.py
[2025-12-04T23:41:56.931+0600] {logging_mixin.py:154} INFO - [2025-12-04T23:41:56.931+0600] {dag.py:2941} INFO - Sync 1 DAGs
[2025-12-04T23:41:56.935+0600] {logging_mixin.py:154} INFO - [2025-12-04T23:41:56.935+0600] {dag.py:3722} INFO - Setting next_dagrun for example_params_ui_tutorial to None, run_after=None
[2025-12-04T23:41:56.944+0600] {processor.py:179} INFO - Processing /Users/asminsadykova/Desktop/h&m/.venv/lib/python3.9/site-packages/airflow/example_dags/example_params_ui_tutorial.py took 0.134 seconds
[2025-12-04T23:43:28.325+0600] {processor.py:157} INFO - Started process (PID=40758) to work on /Users/asminsadykova/Desktop/h&m/.venv/lib/python3.9/site-packages/airflow/example_dags/example_params_ui_tutorial.py
[2025-12-04T23:43:28.326+0600] {processor.py:829} INFO - Processing file /Users/asminsadykova/Desktop/h&m/.venv/lib/python3.9/site-packages/airflow/example_dags/example_params_ui_tutorial.py for tasks to queue
[2025-12-04T23:43:28.326+0600] {logging_mixin.py:154} INFO - [2025-12-04T23:43:28.326+0600] {dagbag.py:536} INFO - Filling up the DagBag from /Users/asminsadykova/Desktop/h&m/.venv/lib/python3.9/site-packages/airflow/example_dags/example_params_ui_tutorial.py
[2025-12-04T23:43:28.380+0600] {processor.py:839} INFO - DAG(s) dict_keys(['example_params_ui_tutorial']) retrieved from /Users/asminsadykova/Desktop/h&m/.venv/lib/python3.9/site-packages/airflow/example_dags/example_params_ui_tutorial.py
[2025-12-04T23:43:28.448+0600] {logging_mixin.py:154} INFO - [2025-12-04T23:43:28.448+0600] {dag.py:2941} INFO - Sync 1 DAGs
[2025-12-04T23:43:28.452+0600] {logging_mixin.py:154} INFO - [2025-12-04T23:43:28.452+0600] {dag.py:3722} INFO - Setting next_dagrun for example_params_ui_tutorial to None, run_after=None
[2025-12-04T23:43:28.461+0600] {processor.py:179} INFO - Processing /Users/asminsadykova/Desktop/h&m/.venv/lib/python3.9/site-packages/airflow/example_dags/example_params_ui_tutorial.py took 0.137 seconds
[2025-12-04T23:45:05.300+0600] {processor.py:157} INFO - Started process (PID=41062) to work on /Users/asminsadykova/Desktop/h&m/.venv/lib/python3.9/site-packages/airflow/example_dags/example_params_ui_tutorial.py
[2025-12-04T23:45:05.301+0600] {processor.py:829} INFO - Processing file /Users/asminsadykova/Desktop/h&m/.venv/lib/python3.9/site-packages/airflow/example_dags/example_params_ui_tutorial.py for tasks to queue
[2025-12-04T23:45:05.301+0600] {logging_mixin.py:154} INFO - [2025-12-04T23:45:05.301+0600] {dagbag.py:536} INFO - Filling up the DagBag from /Users/asminsadykova/Desktop/h&m/.venv/lib/python3.9/site-packages/airflow/example_dags/example_params_ui_tutorial.py
[2025-12-04T23:45:05.351+0600] {processor.py:839} INFO - DAG(s) dict_keys(['example_params_ui_tutorial']) retrieved from /Users/asminsadykova/Desktop/h&m/.venv/lib/python3.9/site-packages/airflow/example_dags/example_params_ui_tutorial.py
[2025-12-04T23:45:05.417+0600] {logging_mixin.py:154} INFO - [2025-12-04T23:45:05.416+0600] {dag.py:2941} INFO - Sync 1 DAGs
[2025-12-04T23:45:05.421+0600] {logging_mixin.py:154} INFO - [2025-12-04T23:45:05.421+0600] {dag.py:3722} INFO - Setting next_dagrun for example_params_ui_tutorial to None, run_after=None
[2025-12-04T23:45:05.429+0600] {processor.py:179} INFO - Processing /Users/asminsadykova/Desktop/h&m/.venv/lib/python3.9/site-packages/airflow/example_dags/example_params_ui_tutorial.py took 0.130 seconds
[2025-12-04T23:46:41.267+0600] {processor.py:157} INFO - Started process (PID=41455) to work on /Users/asminsadykova/Desktop/h&m/.venv/lib/python3.9/site-packages/airflow/example_dags/example_params_ui_tutorial.py
[2025-12-04T23:46:41.269+0600] {processor.py:829} INFO - Processing file /Users/asminsadykova/Desktop/h&m/.venv/lib/python3.9/site-packages/airflow/example_dags/example_params_ui_tutorial.py for tasks to queue
[2025-12-04T23:46:41.269+0600] {logging_mixin.py:154} INFO - [2025-12-04T23:46:41.269+0600] {dagbag.py:536} INFO - Filling up the DagBag from /Users/asminsadykova/Desktop/h&m/.venv/lib/python3.9/site-packages/airflow/example_dags/example_params_ui_tutorial.py
[2025-12-04T23:46:41.325+0600] {processor.py:839} INFO - DAG(s) dict_keys(['example_params_ui_tutorial']) retrieved from /Users/asminsadykova/Desktop/h&m/.venv/lib/python3.9/site-packages/airflow/example_dags/example_params_ui_tutorial.py
[2025-12-04T23:46:41.390+0600] {logging_mixin.py:154} INFO - [2025-12-04T23:46:41.390+0600] {dag.py:2941} INFO - Sync 1 DAGs
[2025-12-04T23:46:41.394+0600] {logging_mixin.py:154} INFO - [2025-12-04T23:46:41.394+0600] {dag.py:3722} INFO - Setting next_dagrun for example_params_ui_tutorial to None, run_after=None
[2025-12-04T23:46:41.402+0600] {processor.py:179} INFO - Processing /Users/asminsadykova/Desktop/h&m/.venv/lib/python3.9/site-packages/airflow/example_dags/example_params_ui_tutorial.py took 0.135 seconds
[2025-12-04T23:48:07.481+0600] {processor.py:157} INFO - Started process (PID=41623) to work on /Users/asminsadykova/Desktop/h&m/.venv/lib/python3.9/site-packages/airflow/example_dags/example_params_ui_tutorial.py
[2025-12-04T23:48:07.482+0600] {processor.py:829} INFO - Processing file /Users/asminsadykova/Desktop/h&m/.venv/lib/python3.9/site-packages/airflow/example_dags/example_params_ui_tutorial.py for tasks to queue
[2025-12-04T23:48:07.482+0600] {logging_mixin.py:154} INFO - [2025-12-04T23:48:07.482+0600] {dagbag.py:536} INFO - Filling up the DagBag from /Users/asminsadykova/Desktop/h&m/.venv/lib/python3.9/site-packages/airflow/example_dags/example_params_ui_tutorial.py
[2025-12-04T23:48:07.531+0600] {processor.py:839} INFO - DAG(s) dict_keys(['example_params_ui_tutorial']) retrieved from /Users/asminsadykova/Desktop/h&m/.venv/lib/python3.9/site-packages/airflow/example_dags/example_params_ui_tutorial.py
[2025-12-04T23:48:07.596+0600] {logging_mixin.py:154} INFO - [2025-12-04T23:48:07.595+0600] {dag.py:2941} INFO - Sync 1 DAGs
[2025-12-04T23:48:07.600+0600] {logging_mixin.py:154} INFO - [2025-12-04T23:48:07.600+0600] {dag.py:3722} INFO - Setting next_dagrun for example_params_ui_tutorial to None, run_after=None
[2025-12-04T23:48:07.609+0600] {processor.py:179} INFO - Processing /Users/asminsadykova/Desktop/h&m/.venv/lib/python3.9/site-packages/airflow/example_dags/example_params_ui_tutorial.py took 0.128 seconds
[2025-12-04T23:49:37.643+0600] {processor.py:157} INFO - Started process (PID=41758) to work on /Users/asminsadykova/Desktop/h&m/.venv/lib/python3.9/site-packages/airflow/example_dags/example_params_ui_tutorial.py
[2025-12-04T23:49:37.643+0600] {processor.py:829} INFO - Processing file /Users/asminsadykova/Desktop/h&m/.venv/lib/python3.9/site-packages/airflow/example_dags/example_params_ui_tutorial.py for tasks to queue
[2025-12-04T23:49:37.644+0600] {logging_mixin.py:154} INFO - [2025-12-04T23:49:37.644+0600] {dagbag.py:536} INFO - Filling up the DagBag from /Users/asminsadykova/Desktop/h&m/.venv/lib/python3.9/site-packages/airflow/example_dags/example_params_ui_tutorial.py
[2025-12-04T23:49:37.701+0600] {processor.py:839} INFO - DAG(s) dict_keys(['example_params_ui_tutorial']) retrieved from /Users/asminsadykova/Desktop/h&m/.venv/lib/python3.9/site-packages/airflow/example_dags/example_params_ui_tutorial.py
[2025-12-04T23:49:37.772+0600] {logging_mixin.py:154} INFO - [2025-12-04T23:49:37.772+0600] {dag.py:2941} INFO - Sync 1 DAGs
[2025-12-04T23:49:37.778+0600] {logging_mixin.py:154} INFO - [2025-12-04T23:49:37.778+0600] {dag.py:3722} INFO - Setting next_dagrun for example_params_ui_tutorial to None, run_after=None
[2025-12-04T23:49:37.788+0600] {processor.py:179} INFO - Processing /Users/asminsadykova/Desktop/h&m/.venv/lib/python3.9/site-packages/airflow/example_dags/example_params_ui_tutorial.py took 0.146 seconds
[2025-12-04T23:51:18.126+0600] {processor.py:157} INFO - Started process (PID=41920) to work on /Users/asminsadykova/Desktop/h&m/.venv/lib/python3.9/site-packages/airflow/example_dags/example_params_ui_tutorial.py
[2025-12-04T23:51:18.128+0600] {processor.py:829} INFO - Processing file /Users/asminsadykova/Desktop/h&m/.venv/lib/python3.9/site-packages/airflow/example_dags/example_params_ui_tutorial.py for tasks to queue
[2025-12-04T23:51:18.128+0600] {logging_mixin.py:154} INFO - [2025-12-04T23:51:18.128+0600] {dagbag.py:536} INFO - Filling up the DagBag from /Users/asminsadykova/Desktop/h&m/.venv/lib/python3.9/site-packages/airflow/example_dags/example_params_ui_tutorial.py
[2025-12-04T23:51:18.181+0600] {processor.py:839} INFO - DAG(s) dict_keys(['example_params_ui_tutorial']) retrieved from /Users/asminsadykova/Desktop/h&m/.venv/lib/python3.9/site-packages/airflow/example_dags/example_params_ui_tutorial.py
[2025-12-04T23:51:18.251+0600] {logging_mixin.py:154} INFO - [2025-12-04T23:51:18.251+0600] {dag.py:2941} INFO - Sync 1 DAGs
[2025-12-04T23:51:18.255+0600] {logging_mixin.py:154} INFO - [2025-12-04T23:51:18.255+0600] {dag.py:3722} INFO - Setting next_dagrun for example_params_ui_tutorial to None, run_after=None
[2025-12-04T23:51:18.266+0600] {processor.py:179} INFO - Processing /Users/asminsadykova/Desktop/h&m/.venv/lib/python3.9/site-packages/airflow/example_dags/example_params_ui_tutorial.py took 0.140 seconds
[2025-12-04T23:52:51.043+0600] {processor.py:157} INFO - Started process (PID=42086) to work on /Users/asminsadykova/Desktop/h&m/.venv/lib/python3.9/site-packages/airflow/example_dags/example_params_ui_tutorial.py
[2025-12-04T23:52:51.044+0600] {processor.py:829} INFO - Processing file /Users/asminsadykova/Desktop/h&m/.venv/lib/python3.9/site-packages/airflow/example_dags/example_params_ui_tutorial.py for tasks to queue
[2025-12-04T23:52:51.044+0600] {logging_mixin.py:154} INFO - [2025-12-04T23:52:51.044+0600] {dagbag.py:536} INFO - Filling up the DagBag from /Users/asminsadykova/Desktop/h&m/.venv/lib/python3.9/site-packages/airflow/example_dags/example_params_ui_tutorial.py
[2025-12-04T23:52:51.103+0600] {processor.py:839} INFO - DAG(s) dict_keys(['example_params_ui_tutorial']) retrieved from /Users/asminsadykova/Desktop/h&m/.venv/lib/python3.9/site-packages/airflow/example_dags/example_params_ui_tutorial.py
[2025-12-04T23:52:51.172+0600] {logging_mixin.py:154} INFO - [2025-12-04T23:52:51.171+0600] {dag.py:2941} INFO - Sync 1 DAGs
[2025-12-04T23:52:51.176+0600] {logging_mixin.py:154} INFO - [2025-12-04T23:52:51.176+0600] {dag.py:3722} INFO - Setting next_dagrun for example_params_ui_tutorial to None, run_after=None
[2025-12-04T23:52:51.183+0600] {processor.py:179} INFO - Processing /Users/asminsadykova/Desktop/h&m/.venv/lib/python3.9/site-packages/airflow/example_dags/example_params_ui_tutorial.py took 0.141 seconds
[2025-12-04T23:54:24.781+0600] {processor.py:157} INFO - Started process (PID=42178) to work on /Users/asminsadykova/Desktop/h&m/.venv/lib/python3.9/site-packages/airflow/example_dags/example_params_ui_tutorial.py
[2025-12-04T23:54:24.782+0600] {processor.py:829} INFO - Processing file /Users/asminsadykova/Desktop/h&m/.venv/lib/python3.9/site-packages/airflow/example_dags/example_params_ui_tutorial.py for tasks to queue
[2025-12-04T23:54:24.782+0600] {logging_mixin.py:154} INFO - [2025-12-04T23:54:24.782+0600] {dagbag.py:536} INFO - Filling up the DagBag from /Users/asminsadykova/Desktop/h&m/.venv/lib/python3.9/site-packages/airflow/example_dags/example_params_ui_tutorial.py
[2025-12-04T23:54:24.829+0600] {processor.py:839} INFO - DAG(s) dict_keys(['example_params_ui_tutorial']) retrieved from /Users/asminsadykova/Desktop/h&m/.venv/lib/python3.9/site-packages/airflow/example_dags/example_params_ui_tutorial.py
[2025-12-04T23:54:24.892+0600] {logging_mixin.py:154} INFO - [2025-12-04T23:54:24.891+0600] {dag.py:2941} INFO - Sync 1 DAGs
[2025-12-04T23:54:24.895+0600] {logging_mixin.py:154} INFO - [2025-12-04T23:54:24.895+0600] {dag.py:3722} INFO - Setting next_dagrun for example_params_ui_tutorial to None, run_after=None
[2025-12-04T23:54:24.903+0600] {processor.py:179} INFO - Processing /Users/asminsadykova/Desktop/h&m/.venv/lib/python3.9/site-packages/airflow/example_dags/example_params_ui_tutorial.py took 0.122 seconds
[2025-12-04T23:55:50.749+0600] {processor.py:157} INFO - Started process (PID=42258) to work on /Users/asminsadykova/Desktop/h&m/.venv/lib/python3.9/site-packages/airflow/example_dags/example_params_ui_tutorial.py
[2025-12-04T23:55:50.749+0600] {processor.py:829} INFO - Processing file /Users/asminsadykova/Desktop/h&m/.venv/lib/python3.9/site-packages/airflow/example_dags/example_params_ui_tutorial.py for tasks to queue
[2025-12-04T23:55:50.750+0600] {logging_mixin.py:154} INFO - [2025-12-04T23:55:50.749+0600] {dagbag.py:536} INFO - Filling up the DagBag from /Users/asminsadykova/Desktop/h&m/.venv/lib/python3.9/site-packages/airflow/example_dags/example_params_ui_tutorial.py
[2025-12-04T23:55:50.797+0600] {processor.py:839} INFO - DAG(s) dict_keys(['example_params_ui_tutorial']) retrieved from /Users/asminsadykova/Desktop/h&m/.venv/lib/python3.9/site-packages/airflow/example_dags/example_params_ui_tutorial.py
[2025-12-04T23:55:50.861+0600] {logging_mixin.py:154} INFO - [2025-12-04T23:55:50.861+0600] {dag.py:2941} INFO - Sync 1 DAGs
[2025-12-04T23:55:50.865+0600] {logging_mixin.py:154} INFO - [2025-12-04T23:55:50.865+0600] {dag.py:3722} INFO - Setting next_dagrun for example_params_ui_tutorial to None, run_after=None
[2025-12-04T23:55:50.874+0600] {processor.py:179} INFO - Processing /Users/asminsadykova/Desktop/h&m/.venv/lib/python3.9/site-packages/airflow/example_dags/example_params_ui_tutorial.py took 0.126 seconds
[2025-12-04T23:57:23.161+0600] {processor.py:157} INFO - Started process (PID=42329) to work on /Users/asminsadykova/Desktop/h&m/.venv/lib/python3.9/site-packages/airflow/example_dags/example_params_ui_tutorial.py
[2025-12-04T23:57:23.162+0600] {processor.py:829} INFO - Processing file /Users/asminsadykova/Desktop/h&m/.venv/lib/python3.9/site-packages/airflow/example_dags/example_params_ui_tutorial.py for tasks to queue
[2025-12-04T23:57:23.162+0600] {logging_mixin.py:154} INFO - [2025-12-04T23:57:23.162+0600] {dagbag.py:536} INFO - Filling up the DagBag from /Users/asminsadykova/Desktop/h&m/.venv/lib/python3.9/site-packages/airflow/example_dags/example_params_ui_tutorial.py
[2025-12-04T23:57:23.212+0600] {processor.py:839} INFO - DAG(s) dict_keys(['example_params_ui_tutorial']) retrieved from /Users/asminsadykova/Desktop/h&m/.venv/lib/python3.9/site-packages/airflow/example_dags/example_params_ui_tutorial.py
[2025-12-04T23:57:23.277+0600] {logging_mixin.py:154} INFO - [2025-12-04T23:57:23.277+0600] {dag.py:2941} INFO - Sync 1 DAGs
[2025-12-04T23:57:23.282+0600] {logging_mixin.py:154} INFO - [2025-12-04T23:57:23.282+0600] {dag.py:3722} INFO - Setting next_dagrun for example_params_ui_tutorial to None, run_after=None
[2025-12-04T23:57:23.292+0600] {processor.py:179} INFO - Processing /Users/asminsadykova/Desktop/h&m/.venv/lib/python3.9/site-packages/airflow/example_dags/example_params_ui_tutorial.py took 0.132 seconds
[2025-12-04T23:58:47.524+0600] {processor.py:157} INFO - Started process (PID=42414) to work on /Users/asminsadykova/Desktop/h&m/.venv/lib/python3.9/site-packages/airflow/example_dags/example_params_ui_tutorial.py
[2025-12-04T23:58:47.525+0600] {processor.py:829} INFO - Processing file /Users/asminsadykova/Desktop/h&m/.venv/lib/python3.9/site-packages/airflow/example_dags/example_params_ui_tutorial.py for tasks to queue
[2025-12-04T23:58:47.525+0600] {logging_mixin.py:154} INFO - [2025-12-04T23:58:47.525+0600] {dagbag.py:536} INFO - Filling up the DagBag from /Users/asminsadykova/Desktop/h&m/.venv/lib/python3.9/site-packages/airflow/example_dags/example_params_ui_tutorial.py
[2025-12-04T23:58:47.581+0600] {processor.py:839} INFO - DAG(s) dict_keys(['example_params_ui_tutorial']) retrieved from /Users/asminsadykova/Desktop/h&m/.venv/lib/python3.9/site-packages/airflow/example_dags/example_params_ui_tutorial.py
[2025-12-04T23:58:47.652+0600] {logging_mixin.py:154} INFO - [2025-12-04T23:58:47.652+0600] {dag.py:2941} INFO - Sync 1 DAGs
[2025-12-04T23:58:47.656+0600] {logging_mixin.py:154} INFO - [2025-12-04T23:58:47.656+0600] {dag.py:3722} INFO - Setting next_dagrun for example_params_ui_tutorial to None, run_after=None
[2025-12-04T23:58:47.665+0600] {processor.py:179} INFO - Processing /Users/asminsadykova/Desktop/h&m/.venv/lib/python3.9/site-packages/airflow/example_dags/example_params_ui_tutorial.py took 0.141 seconds
[2025-12-05T00:00:20.049+0600] {processor.py:157} INFO - Started process (PID=42665) to work on /Users/asminsadykova/Desktop/h&m/.venv/lib/python3.9/site-packages/airflow/example_dags/example_params_ui_tutorial.py
[2025-12-05T00:00:20.051+0600] {processor.py:829} INFO - Processing file /Users/asminsadykova/Desktop/h&m/.venv/lib/python3.9/site-packages/airflow/example_dags/example_params_ui_tutorial.py for tasks to queue
[2025-12-05T00:00:20.051+0600] {logging_mixin.py:154} INFO - [2025-12-05T00:00:20.051+0600] {dagbag.py:536} INFO - Filling up the DagBag from /Users/asminsadykova/Desktop/h&m/.venv/lib/python3.9/site-packages/airflow/example_dags/example_params_ui_tutorial.py
[2025-12-05T00:00:20.101+0600] {processor.py:839} INFO - DAG(s) dict_keys(['example_params_ui_tutorial']) retrieved from /Users/asminsadykova/Desktop/h&m/.venv/lib/python3.9/site-packages/airflow/example_dags/example_params_ui_tutorial.py
[2025-12-05T00:00:20.165+0600] {logging_mixin.py:154} INFO - [2025-12-05T00:00:20.165+0600] {dag.py:2941} INFO - Sync 1 DAGs
[2025-12-05T00:00:20.169+0600] {logging_mixin.py:154} INFO - [2025-12-05T00:00:20.169+0600] {dag.py:3722} INFO - Setting next_dagrun for example_params_ui_tutorial to None, run_after=None
[2025-12-05T00:00:20.178+0600] {processor.py:179} INFO - Processing /Users/asminsadykova/Desktop/h&m/.venv/lib/python3.9/site-packages/airflow/example_dags/example_params_ui_tutorial.py took 0.130 seconds
[2025-12-05T00:01:55.159+0600] {processor.py:157} INFO - Started process (PID=42898) to work on /Users/asminsadykova/Desktop/h&m/.venv/lib/python3.9/site-packages/airflow/example_dags/example_params_ui_tutorial.py
[2025-12-05T00:01:55.160+0600] {processor.py:829} INFO - Processing file /Users/asminsadykova/Desktop/h&m/.venv/lib/python3.9/site-packages/airflow/example_dags/example_params_ui_tutorial.py for tasks to queue
[2025-12-05T00:01:55.160+0600] {logging_mixin.py:154} INFO - [2025-12-05T00:01:55.160+0600] {dagbag.py:536} INFO - Filling up the DagBag from /Users/asminsadykova/Desktop/h&m/.venv/lib/python3.9/site-packages/airflow/example_dags/example_params_ui_tutorial.py
[2025-12-05T00:01:55.215+0600] {processor.py:839} INFO - DAG(s) dict_keys(['example_params_ui_tutorial']) retrieved from /Users/asminsadykova/Desktop/h&m/.venv/lib/python3.9/site-packages/airflow/example_dags/example_params_ui_tutorial.py
[2025-12-05T00:01:55.287+0600] {logging_mixin.py:154} INFO - [2025-12-05T00:01:55.286+0600] {dag.py:2941} INFO - Sync 1 DAGs
[2025-12-05T00:01:55.291+0600] {logging_mixin.py:154} INFO - [2025-12-05T00:01:55.291+0600] {dag.py:3722} INFO - Setting next_dagrun for example_params_ui_tutorial to None, run_after=None
[2025-12-05T00:01:55.301+0600] {processor.py:179} INFO - Processing /Users/asminsadykova/Desktop/h&m/.venv/lib/python3.9/site-packages/airflow/example_dags/example_params_ui_tutorial.py took 0.143 seconds
[2025-12-05T00:03:29.088+0600] {processor.py:157} INFO - Started process (PID=42970) to work on /Users/asminsadykova/Desktop/h&m/.venv/lib/python3.9/site-packages/airflow/example_dags/example_params_ui_tutorial.py
[2025-12-05T00:03:29.089+0600] {processor.py:829} INFO - Processing file /Users/asminsadykova/Desktop/h&m/.venv/lib/python3.9/site-packages/airflow/example_dags/example_params_ui_tutorial.py for tasks to queue
[2025-12-05T00:03:29.089+0600] {logging_mixin.py:154} INFO - [2025-12-05T00:03:29.089+0600] {dagbag.py:536} INFO - Filling up the DagBag from /Users/asminsadykova/Desktop/h&m/.venv/lib/python3.9/site-packages/airflow/example_dags/example_params_ui_tutorial.py
[2025-12-05T00:03:29.145+0600] {processor.py:839} INFO - DAG(s) dict_keys(['example_params_ui_tutorial']) retrieved from /Users/asminsadykova/Desktop/h&m/.venv/lib/python3.9/site-packages/airflow/example_dags/example_params_ui_tutorial.py
[2025-12-05T00:03:29.216+0600] {logging_mixin.py:154} INFO - [2025-12-05T00:03:29.216+0600] {dag.py:2941} INFO - Sync 1 DAGs
[2025-12-05T00:03:29.220+0600] {logging_mixin.py:154} INFO - [2025-12-05T00:03:29.220+0600] {dag.py:3722} INFO - Setting next_dagrun for example_params_ui_tutorial to None, run_after=None
[2025-12-05T00:03:29.230+0600] {processor.py:179} INFO - Processing /Users/asminsadykova/Desktop/h&m/.venv/lib/python3.9/site-packages/airflow/example_dags/example_params_ui_tutorial.py took 0.143 seconds
[2025-12-05T00:05:00.817+0600] {processor.py:157} INFO - Started process (PID=43213) to work on /Users/asminsadykova/Desktop/h&m/.venv/lib/python3.9/site-packages/airflow/example_dags/example_params_ui_tutorial.py
[2025-12-05T00:05:00.818+0600] {processor.py:829} INFO - Processing file /Users/asminsadykova/Desktop/h&m/.venv/lib/python3.9/site-packages/airflow/example_dags/example_params_ui_tutorial.py for tasks to queue
[2025-12-05T00:05:00.819+0600] {logging_mixin.py:154} INFO - [2025-12-05T00:05:00.819+0600] {dagbag.py:536} INFO - Filling up the DagBag from /Users/asminsadykova/Desktop/h&m/.venv/lib/python3.9/site-packages/airflow/example_dags/example_params_ui_tutorial.py
[2025-12-05T00:05:00.875+0600] {processor.py:839} INFO - DAG(s) dict_keys(['example_params_ui_tutorial']) retrieved from /Users/asminsadykova/Desktop/h&m/.venv/lib/python3.9/site-packages/airflow/example_dags/example_params_ui_tutorial.py
[2025-12-05T00:05:00.943+0600] {logging_mixin.py:154} INFO - [2025-12-05T00:05:00.943+0600] {dag.py:2941} INFO - Sync 1 DAGs
[2025-12-05T00:05:00.947+0600] {logging_mixin.py:154} INFO - [2025-12-05T00:05:00.947+0600] {dag.py:3722} INFO - Setting next_dagrun for example_params_ui_tutorial to None, run_after=None
[2025-12-05T00:05:00.955+0600] {processor.py:179} INFO - Processing /Users/asminsadykova/Desktop/h&m/.venv/lib/python3.9/site-packages/airflow/example_dags/example_params_ui_tutorial.py took 0.138 seconds
[2025-12-05T00:06:33.037+0600] {processor.py:157} INFO - Started process (PID=43378) to work on /Users/asminsadykova/Desktop/h&m/.venv/lib/python3.9/site-packages/airflow/example_dags/example_params_ui_tutorial.py
[2025-12-05T00:06:33.038+0600] {processor.py:829} INFO - Processing file /Users/asminsadykova/Desktop/h&m/.venv/lib/python3.9/site-packages/airflow/example_dags/example_params_ui_tutorial.py for tasks to queue
[2025-12-05T00:06:33.038+0600] {logging_mixin.py:154} INFO - [2025-12-05T00:06:33.038+0600] {dagbag.py:536} INFO - Filling up the DagBag from /Users/asminsadykova/Desktop/h&m/.venv/lib/python3.9/site-packages/airflow/example_dags/example_params_ui_tutorial.py
[2025-12-05T00:06:33.089+0600] {processor.py:839} INFO - DAG(s) dict_keys(['example_params_ui_tutorial']) retrieved from /Users/asminsadykova/Desktop/h&m/.venv/lib/python3.9/site-packages/airflow/example_dags/example_params_ui_tutorial.py
[2025-12-05T00:06:33.159+0600] {logging_mixin.py:154} INFO - [2025-12-05T00:06:33.159+0600] {dag.py:2941} INFO - Sync 1 DAGs
[2025-12-05T00:06:33.163+0600] {logging_mixin.py:154} INFO - [2025-12-05T00:06:33.163+0600] {dag.py:3722} INFO - Setting next_dagrun for example_params_ui_tutorial to None, run_after=None
[2025-12-05T00:06:33.171+0600] {processor.py:179} INFO - Processing /Users/asminsadykova/Desktop/h&m/.venv/lib/python3.9/site-packages/airflow/example_dags/example_params_ui_tutorial.py took 0.135 seconds
[2025-12-05T00:07:58.330+0600] {processor.py:157} INFO - Started process (PID=43519) to work on /Users/asminsadykova/Desktop/h&m/.venv/lib/python3.9/site-packages/airflow/example_dags/example_params_ui_tutorial.py
[2025-12-05T00:07:58.330+0600] {processor.py:829} INFO - Processing file /Users/asminsadykova/Desktop/h&m/.venv/lib/python3.9/site-packages/airflow/example_dags/example_params_ui_tutorial.py for tasks to queue
[2025-12-05T00:07:58.331+0600] {logging_mixin.py:154} INFO - [2025-12-05T00:07:58.331+0600] {dagbag.py:536} INFO - Filling up the DagBag from /Users/asminsadykova/Desktop/h&m/.venv/lib/python3.9/site-packages/airflow/example_dags/example_params_ui_tutorial.py
[2025-12-05T00:07:58.381+0600] {processor.py:839} INFO - DAG(s) dict_keys(['example_params_ui_tutorial']) retrieved from /Users/asminsadykova/Desktop/h&m/.venv/lib/python3.9/site-packages/airflow/example_dags/example_params_ui_tutorial.py
[2025-12-05T00:07:58.445+0600] {logging_mixin.py:154} INFO - [2025-12-05T00:07:58.445+0600] {dag.py:2941} INFO - Sync 1 DAGs
[2025-12-05T00:07:58.449+0600] {logging_mixin.py:154} INFO - [2025-12-05T00:07:58.449+0600] {dag.py:3722} INFO - Setting next_dagrun for example_params_ui_tutorial to None, run_after=None
[2025-12-05T00:07:58.456+0600] {processor.py:179} INFO - Processing /Users/asminsadykova/Desktop/h&m/.venv/lib/python3.9/site-packages/airflow/example_dags/example_params_ui_tutorial.py took 0.127 seconds
[2025-12-05T00:09:30.539+0600] {processor.py:157} INFO - Started process (PID=43681) to work on /Users/asminsadykova/Desktop/h&m/.venv/lib/python3.9/site-packages/airflow/example_dags/example_params_ui_tutorial.py
[2025-12-05T00:09:30.540+0600] {processor.py:829} INFO - Processing file /Users/asminsadykova/Desktop/h&m/.venv/lib/python3.9/site-packages/airflow/example_dags/example_params_ui_tutorial.py for tasks to queue
[2025-12-05T00:09:30.540+0600] {logging_mixin.py:154} INFO - [2025-12-05T00:09:30.540+0600] {dagbag.py:536} INFO - Filling up the DagBag from /Users/asminsadykova/Desktop/h&m/.venv/lib/python3.9/site-packages/airflow/example_dags/example_params_ui_tutorial.py
[2025-12-05T00:09:30.593+0600] {processor.py:839} INFO - DAG(s) dict_keys(['example_params_ui_tutorial']) retrieved from /Users/asminsadykova/Desktop/h&m/.venv/lib/python3.9/site-packages/airflow/example_dags/example_params_ui_tutorial.py
[2025-12-05T00:09:30.664+0600] {logging_mixin.py:154} INFO - [2025-12-05T00:09:30.664+0600] {dag.py:2941} INFO - Sync 1 DAGs
[2025-12-05T00:09:30.669+0600] {logging_mixin.py:154} INFO - [2025-12-05T00:09:30.669+0600] {dag.py:3722} INFO - Setting next_dagrun for example_params_ui_tutorial to None, run_after=None
[2025-12-05T00:09:30.679+0600] {processor.py:179} INFO - Processing /Users/asminsadykova/Desktop/h&m/.venv/lib/python3.9/site-packages/airflow/example_dags/example_params_ui_tutorial.py took 0.141 seconds
[2025-12-05T00:11:07.561+0600] {processor.py:157} INFO - Started process (PID=43832) to work on /Users/asminsadykova/Desktop/h&m/.venv/lib/python3.9/site-packages/airflow/example_dags/example_params_ui_tutorial.py
[2025-12-05T00:11:07.563+0600] {processor.py:829} INFO - Processing file /Users/asminsadykova/Desktop/h&m/.venv/lib/python3.9/site-packages/airflow/example_dags/example_params_ui_tutorial.py for tasks to queue
[2025-12-05T00:11:07.563+0600] {logging_mixin.py:154} INFO - [2025-12-05T00:11:07.563+0600] {dagbag.py:536} INFO - Filling up the DagBag from /Users/asminsadykova/Desktop/h&m/.venv/lib/python3.9/site-packages/airflow/example_dags/example_params_ui_tutorial.py
[2025-12-05T00:11:07.614+0600] {processor.py:839} INFO - DAG(s) dict_keys(['example_params_ui_tutorial']) retrieved from /Users/asminsadykova/Desktop/h&m/.venv/lib/python3.9/site-packages/airflow/example_dags/example_params_ui_tutorial.py
[2025-12-05T00:11:07.679+0600] {logging_mixin.py:154} INFO - [2025-12-05T00:11:07.679+0600] {dag.py:2941} INFO - Sync 1 DAGs
[2025-12-05T00:11:07.683+0600] {logging_mixin.py:154} INFO - [2025-12-05T00:11:07.683+0600] {dag.py:3722} INFO - Setting next_dagrun for example_params_ui_tutorial to None, run_after=None
[2025-12-05T00:11:07.693+0600] {processor.py:179} INFO - Processing /Users/asminsadykova/Desktop/h&m/.venv/lib/python3.9/site-packages/airflow/example_dags/example_params_ui_tutorial.py took 0.133 seconds
[2025-12-05T00:12:37.997+0600] {processor.py:157} INFO - Started process (PID=44003) to work on /Users/asminsadykova/Desktop/h&m/.venv/lib/python3.9/site-packages/airflow/example_dags/example_params_ui_tutorial.py
[2025-12-05T00:12:37.999+0600] {processor.py:829} INFO - Processing file /Users/asminsadykova/Desktop/h&m/.venv/lib/python3.9/site-packages/airflow/example_dags/example_params_ui_tutorial.py for tasks to queue
[2025-12-05T00:12:37.999+0600] {logging_mixin.py:154} INFO - [2025-12-05T00:12:37.999+0600] {dagbag.py:536} INFO - Filling up the DagBag from /Users/asminsadykova/Desktop/h&m/.venv/lib/python3.9/site-packages/airflow/example_dags/example_params_ui_tutorial.py
[2025-12-05T00:12:38.051+0600] {processor.py:839} INFO - DAG(s) dict_keys(['example_params_ui_tutorial']) retrieved from /Users/asminsadykova/Desktop/h&m/.venv/lib/python3.9/site-packages/airflow/example_dags/example_params_ui_tutorial.py
[2025-12-05T00:12:38.120+0600] {logging_mixin.py:154} INFO - [2025-12-05T00:12:38.120+0600] {dag.py:2941} INFO - Sync 1 DAGs
[2025-12-05T00:12:38.124+0600] {logging_mixin.py:154} INFO - [2025-12-05T00:12:38.124+0600] {dag.py:3722} INFO - Setting next_dagrun for example_params_ui_tutorial to None, run_after=None
[2025-12-05T00:12:38.132+0600] {processor.py:179} INFO - Processing /Users/asminsadykova/Desktop/h&m/.venv/lib/python3.9/site-packages/airflow/example_dags/example_params_ui_tutorial.py took 0.136 seconds
