[2025-12-04T23:18:10.041+0600] {processor.py:157} INFO - Started process (PID=38941) to work on /Users/asminsadykova/Desktop/h&m/.venv/lib/python3.9/site-packages/airflow/example_dags/example_params_trigger_ui.py
[2025-12-04T23:18:10.042+0600] {processor.py:829} INFO - Processing file /Users/asminsadykova/Desktop/h&m/.venv/lib/python3.9/site-packages/airflow/example_dags/example_params_trigger_ui.py for tasks to queue
[2025-12-04T23:18:10.042+0600] {logging_mixin.py:154} INFO - [2025-12-04T23:18:10.042+0600] {dagbag.py:536} INFO - Filling up the DagBag from /Users/asminsadykova/Desktop/h&m/.venv/lib/python3.9/site-packages/airflow/example_dags/example_params_trigger_ui.py
[2025-12-04T23:18:10.085+0600] {processor.py:839} INFO - DAG(s) dict_keys(['example_params_trigger_ui']) retrieved from /Users/asminsadykova/Desktop/h&m/.venv/lib/python3.9/site-packages/airflow/example_dags/example_params_trigger_ui.py
[2025-12-04T23:18:10.336+0600] {logging_mixin.py:154} INFO - [2025-12-04T23:18:10.336+0600] {manager.py:499} INFO - Created Permission View: %s
[2025-12-04T23:18:10.339+0600] {logging_mixin.py:154} INFO - [2025-12-04T23:18:10.339+0600] {manager.py:499} INFO - Created Permission View: %s
[2025-12-04T23:18:10.342+0600] {logging_mixin.py:154} INFO - [2025-12-04T23:18:10.342+0600] {manager.py:499} INFO - Created Permission View: %s
[2025-12-04T23:18:10.342+0600] {logging_mixin.py:154} INFO - [2025-12-04T23:18:10.342+0600] {dag.py:2941} INFO - Sync 1 DAGs
[2025-12-04T23:18:10.346+0600] {logging_mixin.py:154} INFO - [2025-12-04T23:18:10.346+0600] {dag.py:2963} INFO - Creating ORM DAG for example_params_trigger_ui
[2025-12-04T23:18:10.346+0600] {logging_mixin.py:154} INFO - [2025-12-04T23:18:10.346+0600] {dag.py:3722} INFO - Setting next_dagrun for example_params_trigger_ui to None, run_after=None
[2025-12-04T23:18:10.353+0600] {processor.py:179} INFO - Processing /Users/asminsadykova/Desktop/h&m/.venv/lib/python3.9/site-packages/airflow/example_dags/example_params_trigger_ui.py took 0.312 seconds
[2025-12-04T23:19:25.853+0600] {processor.py:157} INFO - Started process (PID=39045) to work on /Users/asminsadykova/Desktop/h&m/.venv/lib/python3.9/site-packages/airflow/example_dags/example_params_trigger_ui.py
[2025-12-04T23:19:25.854+0600] {processor.py:829} INFO - Processing file /Users/asminsadykova/Desktop/h&m/.venv/lib/python3.9/site-packages/airflow/example_dags/example_params_trigger_ui.py for tasks to queue
[2025-12-04T23:19:25.854+0600] {logging_mixin.py:154} INFO - [2025-12-04T23:19:25.854+0600] {dagbag.py:536} INFO - Filling up the DagBag from /Users/asminsadykova/Desktop/h&m/.venv/lib/python3.9/site-packages/airflow/example_dags/example_params_trigger_ui.py
[2025-12-04T23:19:25.900+0600] {processor.py:839} INFO - DAG(s) dict_keys(['example_params_trigger_ui']) retrieved from /Users/asminsadykova/Desktop/h&m/.venv/lib/python3.9/site-packages/airflow/example_dags/example_params_trigger_ui.py
[2025-12-04T23:19:25.964+0600] {logging_mixin.py:154} INFO - [2025-12-04T23:19:25.964+0600] {dag.py:2941} INFO - Sync 1 DAGs
[2025-12-04T23:19:25.968+0600] {logging_mixin.py:154} INFO - [2025-12-04T23:19:25.968+0600] {dag.py:3722} INFO - Setting next_dagrun for example_params_trigger_ui to None, run_after=None
[2025-12-04T23:19:25.976+0600] {processor.py:179} INFO - Processing /Users/asminsadykova/Desktop/h&m/.venv/lib/python3.9/site-packages/airflow/example_dags/example_params_trigger_ui.py took 0.123 seconds
[2025-12-04T23:20:51.858+0600] {processor.py:157} INFO - Started process (PID=39140) to work on /Users/asminsadykova/Desktop/h&m/.venv/lib/python3.9/site-packages/airflow/example_dags/example_params_trigger_ui.py
[2025-12-04T23:20:51.858+0600] {processor.py:829} INFO - Processing file /Users/asminsadykova/Desktop/h&m/.venv/lib/python3.9/site-packages/airflow/example_dags/example_params_trigger_ui.py for tasks to queue
[2025-12-04T23:20:51.859+0600] {logging_mixin.py:154} INFO - [2025-12-04T23:20:51.859+0600] {dagbag.py:536} INFO - Filling up the DagBag from /Users/asminsadykova/Desktop/h&m/.venv/lib/python3.9/site-packages/airflow/example_dags/example_params_trigger_ui.py
[2025-12-04T23:20:51.901+0600] {processor.py:839} INFO - DAG(s) dict_keys(['example_params_trigger_ui']) retrieved from /Users/asminsadykova/Desktop/h&m/.venv/lib/python3.9/site-packages/airflow/example_dags/example_params_trigger_ui.py
[2025-12-04T23:20:51.963+0600] {logging_mixin.py:154} INFO - [2025-12-04T23:20:51.963+0600] {dag.py:2941} INFO - Sync 1 DAGs
[2025-12-04T23:20:51.966+0600] {logging_mixin.py:154} INFO - [2025-12-04T23:20:51.966+0600] {dag.py:3722} INFO - Setting next_dagrun for example_params_trigger_ui to None, run_after=None
[2025-12-04T23:20:51.974+0600] {processor.py:179} INFO - Processing /Users/asminsadykova/Desktop/h&m/.venv/lib/python3.9/site-packages/airflow/example_dags/example_params_trigger_ui.py took 0.117 seconds
[2025-12-04T23:22:18.074+0600] {processor.py:157} INFO - Started process (PID=39243) to work on /Users/asminsadykova/Desktop/h&m/.venv/lib/python3.9/site-packages/airflow/example_dags/example_params_trigger_ui.py
[2025-12-04T23:22:18.075+0600] {processor.py:829} INFO - Processing file /Users/asminsadykova/Desktop/h&m/.venv/lib/python3.9/site-packages/airflow/example_dags/example_params_trigger_ui.py for tasks to queue
[2025-12-04T23:22:18.075+0600] {logging_mixin.py:154} INFO - [2025-12-04T23:22:18.075+0600] {dagbag.py:536} INFO - Filling up the DagBag from /Users/asminsadykova/Desktop/h&m/.venv/lib/python3.9/site-packages/airflow/example_dags/example_params_trigger_ui.py
[2025-12-04T23:22:18.117+0600] {processor.py:839} INFO - DAG(s) dict_keys(['example_params_trigger_ui']) retrieved from /Users/asminsadykova/Desktop/h&m/.venv/lib/python3.9/site-packages/airflow/example_dags/example_params_trigger_ui.py
[2025-12-04T23:22:18.178+0600] {logging_mixin.py:154} INFO - [2025-12-04T23:22:18.178+0600] {dag.py:2941} INFO - Sync 1 DAGs
[2025-12-04T23:22:18.181+0600] {logging_mixin.py:154} INFO - [2025-12-04T23:22:18.181+0600] {dag.py:3722} INFO - Setting next_dagrun for example_params_trigger_ui to None, run_after=None
[2025-12-04T23:22:18.190+0600] {processor.py:179} INFO - Processing /Users/asminsadykova/Desktop/h&m/.venv/lib/python3.9/site-packages/airflow/example_dags/example_params_trigger_ui.py took 0.116 seconds
[2025-12-04T23:23:49.434+0600] {processor.py:157} INFO - Started process (PID=39385) to work on /Users/asminsadykova/Desktop/h&m/.venv/lib/python3.9/site-packages/airflow/example_dags/example_params_trigger_ui.py
[2025-12-04T23:23:49.435+0600] {processor.py:829} INFO - Processing file /Users/asminsadykova/Desktop/h&m/.venv/lib/python3.9/site-packages/airflow/example_dags/example_params_trigger_ui.py for tasks to queue
[2025-12-04T23:23:49.435+0600] {logging_mixin.py:154} INFO - [2025-12-04T23:23:49.435+0600] {dagbag.py:536} INFO - Filling up the DagBag from /Users/asminsadykova/Desktop/h&m/.venv/lib/python3.9/site-packages/airflow/example_dags/example_params_trigger_ui.py
[2025-12-04T23:23:49.477+0600] {processor.py:839} INFO - DAG(s) dict_keys(['example_params_trigger_ui']) retrieved from /Users/asminsadykova/Desktop/h&m/.venv/lib/python3.9/site-packages/airflow/example_dags/example_params_trigger_ui.py
[2025-12-04T23:23:49.539+0600] {logging_mixin.py:154} INFO - [2025-12-04T23:23:49.538+0600] {dag.py:2941} INFO - Sync 1 DAGs
[2025-12-04T23:23:49.542+0600] {logging_mixin.py:154} INFO - [2025-12-04T23:23:49.542+0600] {dag.py:3722} INFO - Setting next_dagrun for example_params_trigger_ui to None, run_after=None
[2025-12-04T23:23:49.550+0600] {processor.py:179} INFO - Processing /Users/asminsadykova/Desktop/h&m/.venv/lib/python3.9/site-packages/airflow/example_dags/example_params_trigger_ui.py took 0.117 seconds
[2025-12-04T23:25:26.311+0600] {processor.py:157} INFO - Started process (PID=39519) to work on /Users/asminsadykova/Desktop/h&m/.venv/lib/python3.9/site-packages/airflow/example_dags/example_params_trigger_ui.py
[2025-12-04T23:25:26.311+0600] {processor.py:829} INFO - Processing file /Users/asminsadykova/Desktop/h&m/.venv/lib/python3.9/site-packages/airflow/example_dags/example_params_trigger_ui.py for tasks to queue
[2025-12-04T23:25:26.311+0600] {logging_mixin.py:154} INFO - [2025-12-04T23:25:26.311+0600] {dagbag.py:536} INFO - Filling up the DagBag from /Users/asminsadykova/Desktop/h&m/.venv/lib/python3.9/site-packages/airflow/example_dags/example_params_trigger_ui.py
[2025-12-04T23:25:26.353+0600] {processor.py:839} INFO - DAG(s) dict_keys(['example_params_trigger_ui']) retrieved from /Users/asminsadykova/Desktop/h&m/.venv/lib/python3.9/site-packages/airflow/example_dags/example_params_trigger_ui.py
[2025-12-04T23:25:26.414+0600] {logging_mixin.py:154} INFO - [2025-12-04T23:25:26.414+0600] {dag.py:2941} INFO - Sync 1 DAGs
[2025-12-04T23:25:26.417+0600] {logging_mixin.py:154} INFO - [2025-12-04T23:25:26.417+0600] {dag.py:3722} INFO - Setting next_dagrun for example_params_trigger_ui to None, run_after=None
[2025-12-04T23:25:26.426+0600] {processor.py:179} INFO - Processing /Users/asminsadykova/Desktop/h&m/.venv/lib/python3.9/site-packages/airflow/example_dags/example_params_trigger_ui.py took 0.116 seconds
[2025-12-04T23:27:01.219+0600] {processor.py:157} INFO - Started process (PID=39617) to work on /Users/asminsadykova/Desktop/h&m/.venv/lib/python3.9/site-packages/airflow/example_dags/example_params_trigger_ui.py
[2025-12-04T23:27:01.220+0600] {processor.py:829} INFO - Processing file /Users/asminsadykova/Desktop/h&m/.venv/lib/python3.9/site-packages/airflow/example_dags/example_params_trigger_ui.py for tasks to queue
[2025-12-04T23:27:01.221+0600] {logging_mixin.py:154} INFO - [2025-12-04T23:27:01.220+0600] {dagbag.py:536} INFO - Filling up the DagBag from /Users/asminsadykova/Desktop/h&m/.venv/lib/python3.9/site-packages/airflow/example_dags/example_params_trigger_ui.py
[2025-12-04T23:27:01.266+0600] {processor.py:839} INFO - DAG(s) dict_keys(['example_params_trigger_ui']) retrieved from /Users/asminsadykova/Desktop/h&m/.venv/lib/python3.9/site-packages/airflow/example_dags/example_params_trigger_ui.py
[2025-12-04T23:27:01.331+0600] {logging_mixin.py:154} INFO - [2025-12-04T23:27:01.331+0600] {dag.py:2941} INFO - Sync 1 DAGs
[2025-12-04T23:27:01.335+0600] {logging_mixin.py:154} INFO - [2025-12-04T23:27:01.335+0600] {dag.py:3722} INFO - Setting next_dagrun for example_params_trigger_ui to None, run_after=None
[2025-12-04T23:27:01.345+0600] {processor.py:179} INFO - Processing /Users/asminsadykova/Desktop/h&m/.venv/lib/python3.9/site-packages/airflow/example_dags/example_params_trigger_ui.py took 0.126 seconds
[2025-12-04T23:28:32.309+0600] {processor.py:157} INFO - Started process (PID=39719) to work on /Users/asminsadykova/Desktop/h&m/.venv/lib/python3.9/site-packages/airflow/example_dags/example_params_trigger_ui.py
[2025-12-04T23:28:32.309+0600] {processor.py:829} INFO - Processing file /Users/asminsadykova/Desktop/h&m/.venv/lib/python3.9/site-packages/airflow/example_dags/example_params_trigger_ui.py for tasks to queue
[2025-12-04T23:28:32.310+0600] {logging_mixin.py:154} INFO - [2025-12-04T23:28:32.309+0600] {dagbag.py:536} INFO - Filling up the DagBag from /Users/asminsadykova/Desktop/h&m/.venv/lib/python3.9/site-packages/airflow/example_dags/example_params_trigger_ui.py
[2025-12-04T23:28:32.355+0600] {processor.py:839} INFO - DAG(s) dict_keys(['example_params_trigger_ui']) retrieved from /Users/asminsadykova/Desktop/h&m/.venv/lib/python3.9/site-packages/airflow/example_dags/example_params_trigger_ui.py
[2025-12-04T23:28:32.417+0600] {logging_mixin.py:154} INFO - [2025-12-04T23:28:32.417+0600] {dag.py:2941} INFO - Sync 1 DAGs
[2025-12-04T23:28:32.421+0600] {logging_mixin.py:154} INFO - [2025-12-04T23:28:32.420+0600] {dag.py:3722} INFO - Setting next_dagrun for example_params_trigger_ui to None, run_after=None
[2025-12-04T23:28:32.429+0600] {processor.py:179} INFO - Processing /Users/asminsadykova/Desktop/h&m/.venv/lib/python3.9/site-packages/airflow/example_dags/example_params_trigger_ui.py took 0.121 seconds
[2025-12-04T23:29:56.164+0600] {processor.py:157} INFO - Started process (PID=39791) to work on /Users/asminsadykova/Desktop/h&m/.venv/lib/python3.9/site-packages/airflow/example_dags/example_params_trigger_ui.py
[2025-12-04T23:29:56.164+0600] {processor.py:829} INFO - Processing file /Users/asminsadykova/Desktop/h&m/.venv/lib/python3.9/site-packages/airflow/example_dags/example_params_trigger_ui.py for tasks to queue
[2025-12-04T23:29:56.165+0600] {logging_mixin.py:154} INFO - [2025-12-04T23:29:56.165+0600] {dagbag.py:536} INFO - Filling up the DagBag from /Users/asminsadykova/Desktop/h&m/.venv/lib/python3.9/site-packages/airflow/example_dags/example_params_trigger_ui.py
[2025-12-04T23:29:56.205+0600] {processor.py:839} INFO - DAG(s) dict_keys(['example_params_trigger_ui']) retrieved from /Users/asminsadykova/Desktop/h&m/.venv/lib/python3.9/site-packages/airflow/example_dags/example_params_trigger_ui.py
[2025-12-04T23:29:56.269+0600] {logging_mixin.py:154} INFO - [2025-12-04T23:29:56.269+0600] {dag.py:2941} INFO - Sync 1 DAGs
[2025-12-04T23:29:56.273+0600] {logging_mixin.py:154} INFO - [2025-12-04T23:29:56.273+0600] {dag.py:3722} INFO - Setting next_dagrun for example_params_trigger_ui to None, run_after=None
[2025-12-04T23:29:56.282+0600] {processor.py:179} INFO - Processing /Users/asminsadykova/Desktop/h&m/.venv/lib/python3.9/site-packages/airflow/example_dags/example_params_trigger_ui.py took 0.118 seconds
[2025-12-04T23:31:16.921+0600] {processor.py:157} INFO - Started process (PID=39857) to work on /Users/asminsadykova/Desktop/h&m/.venv/lib/python3.9/site-packages/airflow/example_dags/example_params_trigger_ui.py
[2025-12-04T23:31:16.921+0600] {processor.py:829} INFO - Processing file /Users/asminsadykova/Desktop/h&m/.venv/lib/python3.9/site-packages/airflow/example_dags/example_params_trigger_ui.py for tasks to queue
[2025-12-04T23:31:16.922+0600] {logging_mixin.py:154} INFO - [2025-12-04T23:31:16.922+0600] {dagbag.py:536} INFO - Filling up the DagBag from /Users/asminsadykova/Desktop/h&m/.venv/lib/python3.9/site-packages/airflow/example_dags/example_params_trigger_ui.py
[2025-12-04T23:31:16.967+0600] {processor.py:839} INFO - DAG(s) dict_keys(['example_params_trigger_ui']) retrieved from /Users/asminsadykova/Desktop/h&m/.venv/lib/python3.9/site-packages/airflow/example_dags/example_params_trigger_ui.py
[2025-12-04T23:31:17.031+0600] {logging_mixin.py:154} INFO - [2025-12-04T23:31:17.030+0600] {dag.py:2941} INFO - Sync 1 DAGs
[2025-12-04T23:31:17.034+0600] {logging_mixin.py:154} INFO - [2025-12-04T23:31:17.034+0600] {dag.py:3722} INFO - Setting next_dagrun for example_params_trigger_ui to None, run_after=None
[2025-12-04T23:31:17.044+0600] {processor.py:179} INFO - Processing /Users/asminsadykova/Desktop/h&m/.venv/lib/python3.9/site-packages/airflow/example_dags/example_params_trigger_ui.py took 0.124 seconds
[2025-12-04T23:32:46.637+0600] {processor.py:157} INFO - Started process (PID=40074) to work on /Users/asminsadykova/Desktop/h&m/.venv/lib/python3.9/site-packages/airflow/example_dags/example_params_trigger_ui.py
[2025-12-04T23:32:46.637+0600] {processor.py:829} INFO - Processing file /Users/asminsadykova/Desktop/h&m/.venv/lib/python3.9/site-packages/airflow/example_dags/example_params_trigger_ui.py for tasks to queue
[2025-12-04T23:32:46.637+0600] {logging_mixin.py:154} INFO - [2025-12-04T23:32:46.637+0600] {dagbag.py:536} INFO - Filling up the DagBag from /Users/asminsadykova/Desktop/h&m/.venv/lib/python3.9/site-packages/airflow/example_dags/example_params_trigger_ui.py
[2025-12-04T23:32:46.680+0600] {processor.py:839} INFO - DAG(s) dict_keys(['example_params_trigger_ui']) retrieved from /Users/asminsadykova/Desktop/h&m/.venv/lib/python3.9/site-packages/airflow/example_dags/example_params_trigger_ui.py
[2025-12-04T23:32:46.741+0600] {logging_mixin.py:154} INFO - [2025-12-04T23:32:46.741+0600] {dag.py:2941} INFO - Sync 1 DAGs
[2025-12-04T23:32:46.745+0600] {logging_mixin.py:154} INFO - [2025-12-04T23:32:46.745+0600] {dag.py:3722} INFO - Setting next_dagrun for example_params_trigger_ui to None, run_after=None
[2025-12-04T23:32:46.753+0600] {processor.py:179} INFO - Processing /Users/asminsadykova/Desktop/h&m/.venv/lib/python3.9/site-packages/airflow/example_dags/example_params_trigger_ui.py took 0.117 seconds
[2025-12-04T23:34:09.409+0600] {processor.py:157} INFO - Started process (PID=40154) to work on /Users/asminsadykova/Desktop/h&m/.venv/lib/python3.9/site-packages/airflow/example_dags/example_params_trigger_ui.py
[2025-12-04T23:34:09.410+0600] {processor.py:829} INFO - Processing file /Users/asminsadykova/Desktop/h&m/.venv/lib/python3.9/site-packages/airflow/example_dags/example_params_trigger_ui.py for tasks to queue
[2025-12-04T23:34:09.410+0600] {logging_mixin.py:154} INFO - [2025-12-04T23:34:09.410+0600] {dagbag.py:536} INFO - Filling up the DagBag from /Users/asminsadykova/Desktop/h&m/.venv/lib/python3.9/site-packages/airflow/example_dags/example_params_trigger_ui.py
[2025-12-04T23:34:09.452+0600] {processor.py:839} INFO - DAG(s) dict_keys(['example_params_trigger_ui']) retrieved from /Users/asminsadykova/Desktop/h&m/.venv/lib/python3.9/site-packages/airflow/example_dags/example_params_trigger_ui.py
[2025-12-04T23:34:09.514+0600] {logging_mixin.py:154} INFO - [2025-12-04T23:34:09.514+0600] {dag.py:2941} INFO - Sync 1 DAGs
[2025-12-04T23:34:09.517+0600] {logging_mixin.py:154} INFO - [2025-12-04T23:34:09.517+0600] {dag.py:3722} INFO - Setting next_dagrun for example_params_trigger_ui to None, run_after=None
[2025-12-04T23:34:09.525+0600] {processor.py:179} INFO - Processing /Users/asminsadykova/Desktop/h&m/.venv/lib/python3.9/site-packages/airflow/example_dags/example_params_trigger_ui.py took 0.116 seconds
[2025-12-04T23:35:43.589+0600] {processor.py:157} INFO - Started process (PID=40246) to work on /Users/asminsadykova/Desktop/h&m/.venv/lib/python3.9/site-packages/airflow/example_dags/example_params_trigger_ui.py
[2025-12-04T23:35:43.590+0600] {processor.py:829} INFO - Processing file /Users/asminsadykova/Desktop/h&m/.venv/lib/python3.9/site-packages/airflow/example_dags/example_params_trigger_ui.py for tasks to queue
[2025-12-04T23:35:43.590+0600] {logging_mixin.py:154} INFO - [2025-12-04T23:35:43.590+0600] {dagbag.py:536} INFO - Filling up the DagBag from /Users/asminsadykova/Desktop/h&m/.venv/lib/python3.9/site-packages/airflow/example_dags/example_params_trigger_ui.py
[2025-12-04T23:35:43.640+0600] {processor.py:839} INFO - DAG(s) dict_keys(['example_params_trigger_ui']) retrieved from /Users/asminsadykova/Desktop/h&m/.venv/lib/python3.9/site-packages/airflow/example_dags/example_params_trigger_ui.py
[2025-12-04T23:35:43.705+0600] {logging_mixin.py:154} INFO - [2025-12-04T23:35:43.705+0600] {dag.py:2941} INFO - Sync 1 DAGs
[2025-12-04T23:35:43.709+0600] {logging_mixin.py:154} INFO - [2025-12-04T23:35:43.708+0600] {dag.py:3722} INFO - Setting next_dagrun for example_params_trigger_ui to None, run_after=None
[2025-12-04T23:35:43.719+0600] {processor.py:179} INFO - Processing /Users/asminsadykova/Desktop/h&m/.venv/lib/python3.9/site-packages/airflow/example_dags/example_params_trigger_ui.py took 0.131 seconds
[2025-12-04T23:37:18.058+0600] {processor.py:157} INFO - Started process (PID=40340) to work on /Users/asminsadykova/Desktop/h&m/.venv/lib/python3.9/site-packages/airflow/example_dags/example_params_trigger_ui.py
[2025-12-04T23:37:18.060+0600] {processor.py:829} INFO - Processing file /Users/asminsadykova/Desktop/h&m/.venv/lib/python3.9/site-packages/airflow/example_dags/example_params_trigger_ui.py for tasks to queue
[2025-12-04T23:37:18.060+0600] {logging_mixin.py:154} INFO - [2025-12-04T23:37:18.060+0600] {dagbag.py:536} INFO - Filling up the DagBag from /Users/asminsadykova/Desktop/h&m/.venv/lib/python3.9/site-packages/airflow/example_dags/example_params_trigger_ui.py
[2025-12-04T23:37:18.102+0600] {processor.py:839} INFO - DAG(s) dict_keys(['example_params_trigger_ui']) retrieved from /Users/asminsadykova/Desktop/h&m/.venv/lib/python3.9/site-packages/airflow/example_dags/example_params_trigger_ui.py
[2025-12-04T23:37:18.163+0600] {logging_mixin.py:154} INFO - [2025-12-04T23:37:18.163+0600] {dag.py:2941} INFO - Sync 1 DAGs
[2025-12-04T23:37:18.167+0600] {logging_mixin.py:154} INFO - [2025-12-04T23:37:18.167+0600] {dag.py:3722} INFO - Setting next_dagrun for example_params_trigger_ui to None, run_after=None
[2025-12-04T23:37:18.175+0600] {processor.py:179} INFO - Processing /Users/asminsadykova/Desktop/h&m/.venv/lib/python3.9/site-packages/airflow/example_dags/example_params_trigger_ui.py took 0.117 seconds
[2025-12-04T23:38:52.453+0600] {processor.py:157} INFO - Started process (PID=40421) to work on /Users/asminsadykova/Desktop/h&m/.venv/lib/python3.9/site-packages/airflow/example_dags/example_params_trigger_ui.py
[2025-12-04T23:38:52.454+0600] {processor.py:829} INFO - Processing file /Users/asminsadykova/Desktop/h&m/.venv/lib/python3.9/site-packages/airflow/example_dags/example_params_trigger_ui.py for tasks to queue
[2025-12-04T23:38:52.454+0600] {logging_mixin.py:154} INFO - [2025-12-04T23:38:52.454+0600] {dagbag.py:536} INFO - Filling up the DagBag from /Users/asminsadykova/Desktop/h&m/.venv/lib/python3.9/site-packages/airflow/example_dags/example_params_trigger_ui.py
[2025-12-04T23:38:52.515+0600] {processor.py:839} INFO - DAG(s) dict_keys(['example_params_trigger_ui']) retrieved from /Users/asminsadykova/Desktop/h&m/.venv/lib/python3.9/site-packages/airflow/example_dags/example_params_trigger_ui.py
[2025-12-04T23:38:52.593+0600] {logging_mixin.py:154} INFO - [2025-12-04T23:38:52.593+0600] {dag.py:2941} INFO - Sync 1 DAGs
[2025-12-04T23:38:52.597+0600] {logging_mixin.py:154} INFO - [2025-12-04T23:38:52.597+0600] {dag.py:3722} INFO - Setting next_dagrun for example_params_trigger_ui to None, run_after=None
[2025-12-04T23:38:52.607+0600] {processor.py:179} INFO - Processing /Users/asminsadykova/Desktop/h&m/.venv/lib/python3.9/site-packages/airflow/example_dags/example_params_trigger_ui.py took 0.155 seconds
[2025-12-04T23:40:25.438+0600] {processor.py:157} INFO - Started process (PID=40549) to work on /Users/asminsadykova/Desktop/h&m/.venv/lib/python3.9/site-packages/airflow/example_dags/example_params_trigger_ui.py
[2025-12-04T23:40:25.438+0600] {processor.py:829} INFO - Processing file /Users/asminsadykova/Desktop/h&m/.venv/lib/python3.9/site-packages/airflow/example_dags/example_params_trigger_ui.py for tasks to queue
[2025-12-04T23:40:25.439+0600] {logging_mixin.py:154} INFO - [2025-12-04T23:40:25.439+0600] {dagbag.py:536} INFO - Filling up the DagBag from /Users/asminsadykova/Desktop/h&m/.venv/lib/python3.9/site-packages/airflow/example_dags/example_params_trigger_ui.py
[2025-12-04T23:40:25.490+0600] {processor.py:839} INFO - DAG(s) dict_keys(['example_params_trigger_ui']) retrieved from /Users/asminsadykova/Desktop/h&m/.venv/lib/python3.9/site-packages/airflow/example_dags/example_params_trigger_ui.py
[2025-12-04T23:40:25.553+0600] {logging_mixin.py:154} INFO - [2025-12-04T23:40:25.553+0600] {dag.py:2941} INFO - Sync 1 DAGs
[2025-12-04T23:40:25.557+0600] {logging_mixin.py:154} INFO - [2025-12-04T23:40:25.557+0600] {dag.py:3722} INFO - Setting next_dagrun for example_params_trigger_ui to None, run_after=None
[2025-12-04T23:40:25.565+0600] {processor.py:179} INFO - Processing /Users/asminsadykova/Desktop/h&m/.venv/lib/python3.9/site-packages/airflow/example_dags/example_params_trigger_ui.py took 0.128 seconds
[2025-12-04T23:41:58.654+0600] {processor.py:157} INFO - Started process (PID=40637) to work on /Users/asminsadykova/Desktop/h&m/.venv/lib/python3.9/site-packages/airflow/example_dags/example_params_trigger_ui.py
[2025-12-04T23:41:58.655+0600] {processor.py:829} INFO - Processing file /Users/asminsadykova/Desktop/h&m/.venv/lib/python3.9/site-packages/airflow/example_dags/example_params_trigger_ui.py for tasks to queue
[2025-12-04T23:41:58.655+0600] {logging_mixin.py:154} INFO - [2025-12-04T23:41:58.655+0600] {dagbag.py:536} INFO - Filling up the DagBag from /Users/asminsadykova/Desktop/h&m/.venv/lib/python3.9/site-packages/airflow/example_dags/example_params_trigger_ui.py
[2025-12-04T23:41:58.702+0600] {processor.py:839} INFO - DAG(s) dict_keys(['example_params_trigger_ui']) retrieved from /Users/asminsadykova/Desktop/h&m/.venv/lib/python3.9/site-packages/airflow/example_dags/example_params_trigger_ui.py
[2025-12-04T23:41:58.771+0600] {logging_mixin.py:154} INFO - [2025-12-04T23:41:58.771+0600] {dag.py:2941} INFO - Sync 1 DAGs
[2025-12-04T23:41:58.775+0600] {logging_mixin.py:154} INFO - [2025-12-04T23:41:58.775+0600] {dag.py:3722} INFO - Setting next_dagrun for example_params_trigger_ui to None, run_after=None
[2025-12-04T23:41:58.784+0600] {processor.py:179} INFO - Processing /Users/asminsadykova/Desktop/h&m/.venv/lib/python3.9/site-packages/airflow/example_dags/example_params_trigger_ui.py took 0.131 seconds
[2025-12-04T23:43:30.172+0600] {processor.py:157} INFO - Started process (PID=40760) to work on /Users/asminsadykova/Desktop/h&m/.venv/lib/python3.9/site-packages/airflow/example_dags/example_params_trigger_ui.py
[2025-12-04T23:43:30.174+0600] {processor.py:829} INFO - Processing file /Users/asminsadykova/Desktop/h&m/.venv/lib/python3.9/site-packages/airflow/example_dags/example_params_trigger_ui.py for tasks to queue
[2025-12-04T23:43:30.174+0600] {logging_mixin.py:154} INFO - [2025-12-04T23:43:30.174+0600] {dagbag.py:536} INFO - Filling up the DagBag from /Users/asminsadykova/Desktop/h&m/.venv/lib/python3.9/site-packages/airflow/example_dags/example_params_trigger_ui.py
[2025-12-04T23:43:30.218+0600] {processor.py:839} INFO - DAG(s) dict_keys(['example_params_trigger_ui']) retrieved from /Users/asminsadykova/Desktop/h&m/.venv/lib/python3.9/site-packages/airflow/example_dags/example_params_trigger_ui.py
[2025-12-04T23:43:30.282+0600] {logging_mixin.py:154} INFO - [2025-12-04T23:43:30.282+0600] {dag.py:2941} INFO - Sync 1 DAGs
[2025-12-04T23:43:30.285+0600] {logging_mixin.py:154} INFO - [2025-12-04T23:43:30.285+0600] {dag.py:3722} INFO - Setting next_dagrun for example_params_trigger_ui to None, run_after=None
[2025-12-04T23:43:30.294+0600] {processor.py:179} INFO - Processing /Users/asminsadykova/Desktop/h&m/.venv/lib/python3.9/site-packages/airflow/example_dags/example_params_trigger_ui.py took 0.123 seconds
[2025-12-04T23:45:07.135+0600] {processor.py:157} INFO - Started process (PID=41063) to work on /Users/asminsadykova/Desktop/h&m/.venv/lib/python3.9/site-packages/airflow/example_dags/example_params_trigger_ui.py
[2025-12-04T23:45:07.136+0600] {processor.py:829} INFO - Processing file /Users/asminsadykova/Desktop/h&m/.venv/lib/python3.9/site-packages/airflow/example_dags/example_params_trigger_ui.py for tasks to queue
[2025-12-04T23:45:07.136+0600] {logging_mixin.py:154} INFO - [2025-12-04T23:45:07.136+0600] {dagbag.py:536} INFO - Filling up the DagBag from /Users/asminsadykova/Desktop/h&m/.venv/lib/python3.9/site-packages/airflow/example_dags/example_params_trigger_ui.py
[2025-12-04T23:45:07.187+0600] {processor.py:839} INFO - DAG(s) dict_keys(['example_params_trigger_ui']) retrieved from /Users/asminsadykova/Desktop/h&m/.venv/lib/python3.9/site-packages/airflow/example_dags/example_params_trigger_ui.py
[2025-12-04T23:45:07.254+0600] {logging_mixin.py:154} INFO - [2025-12-04T23:45:07.254+0600] {dag.py:2941} INFO - Sync 1 DAGs
[2025-12-04T23:45:07.258+0600] {logging_mixin.py:154} INFO - [2025-12-04T23:45:07.258+0600] {dag.py:3722} INFO - Setting next_dagrun for example_params_trigger_ui to None, run_after=None
[2025-12-04T23:45:07.267+0600] {processor.py:179} INFO - Processing /Users/asminsadykova/Desktop/h&m/.venv/lib/python3.9/site-packages/airflow/example_dags/example_params_trigger_ui.py took 0.134 seconds
[2025-12-04T23:46:43.091+0600] {processor.py:157} INFO - Started process (PID=41461) to work on /Users/asminsadykova/Desktop/h&m/.venv/lib/python3.9/site-packages/airflow/example_dags/example_params_trigger_ui.py
[2025-12-04T23:46:43.092+0600] {processor.py:829} INFO - Processing file /Users/asminsadykova/Desktop/h&m/.venv/lib/python3.9/site-packages/airflow/example_dags/example_params_trigger_ui.py for tasks to queue
[2025-12-04T23:46:43.092+0600] {logging_mixin.py:154} INFO - [2025-12-04T23:46:43.092+0600] {dagbag.py:536} INFO - Filling up the DagBag from /Users/asminsadykova/Desktop/h&m/.venv/lib/python3.9/site-packages/airflow/example_dags/example_params_trigger_ui.py
[2025-12-04T23:46:43.134+0600] {processor.py:839} INFO - DAG(s) dict_keys(['example_params_trigger_ui']) retrieved from /Users/asminsadykova/Desktop/h&m/.venv/lib/python3.9/site-packages/airflow/example_dags/example_params_trigger_ui.py
[2025-12-04T23:46:43.196+0600] {logging_mixin.py:154} INFO - [2025-12-04T23:46:43.196+0600] {dag.py:2941} INFO - Sync 1 DAGs
[2025-12-04T23:46:43.200+0600] {logging_mixin.py:154} INFO - [2025-12-04T23:46:43.200+0600] {dag.py:3722} INFO - Setting next_dagrun for example_params_trigger_ui to None, run_after=None
[2025-12-04T23:46:43.209+0600] {processor.py:179} INFO - Processing /Users/asminsadykova/Desktop/h&m/.venv/lib/python3.9/site-packages/airflow/example_dags/example_params_trigger_ui.py took 0.119 seconds
[2025-12-04T23:48:09.242+0600] {processor.py:157} INFO - Started process (PID=41626) to work on /Users/asminsadykova/Desktop/h&m/.venv/lib/python3.9/site-packages/airflow/example_dags/example_params_trigger_ui.py
[2025-12-04T23:48:09.244+0600] {processor.py:829} INFO - Processing file /Users/asminsadykova/Desktop/h&m/.venv/lib/python3.9/site-packages/airflow/example_dags/example_params_trigger_ui.py for tasks to queue
[2025-12-04T23:48:09.244+0600] {logging_mixin.py:154} INFO - [2025-12-04T23:48:09.244+0600] {dagbag.py:536} INFO - Filling up the DagBag from /Users/asminsadykova/Desktop/h&m/.venv/lib/python3.9/site-packages/airflow/example_dags/example_params_trigger_ui.py
[2025-12-04T23:48:09.286+0600] {processor.py:839} INFO - DAG(s) dict_keys(['example_params_trigger_ui']) retrieved from /Users/asminsadykova/Desktop/h&m/.venv/lib/python3.9/site-packages/airflow/example_dags/example_params_trigger_ui.py
[2025-12-04T23:48:09.348+0600] {logging_mixin.py:154} INFO - [2025-12-04T23:48:09.348+0600] {dag.py:2941} INFO - Sync 1 DAGs
[2025-12-04T23:48:09.351+0600] {logging_mixin.py:154} INFO - [2025-12-04T23:48:09.351+0600] {dag.py:3722} INFO - Setting next_dagrun for example_params_trigger_ui to None, run_after=None
[2025-12-04T23:48:09.360+0600] {processor.py:179} INFO - Processing /Users/asminsadykova/Desktop/h&m/.venv/lib/python3.9/site-packages/airflow/example_dags/example_params_trigger_ui.py took 0.118 seconds
[2025-12-04T23:49:39.431+0600] {processor.py:157} INFO - Started process (PID=41762) to work on /Users/asminsadykova/Desktop/h&m/.venv/lib/python3.9/site-packages/airflow/example_dags/example_params_trigger_ui.py
[2025-12-04T23:49:39.433+0600] {processor.py:829} INFO - Processing file /Users/asminsadykova/Desktop/h&m/.venv/lib/python3.9/site-packages/airflow/example_dags/example_params_trigger_ui.py for tasks to queue
[2025-12-04T23:49:39.433+0600] {logging_mixin.py:154} INFO - [2025-12-04T23:49:39.433+0600] {dagbag.py:536} INFO - Filling up the DagBag from /Users/asminsadykova/Desktop/h&m/.venv/lib/python3.9/site-packages/airflow/example_dags/example_params_trigger_ui.py
[2025-12-04T23:49:39.476+0600] {processor.py:839} INFO - DAG(s) dict_keys(['example_params_trigger_ui']) retrieved from /Users/asminsadykova/Desktop/h&m/.venv/lib/python3.9/site-packages/airflow/example_dags/example_params_trigger_ui.py
[2025-12-04T23:49:39.537+0600] {logging_mixin.py:154} INFO - [2025-12-04T23:49:39.537+0600] {dag.py:2941} INFO - Sync 1 DAGs
[2025-12-04T23:49:39.541+0600] {logging_mixin.py:154} INFO - [2025-12-04T23:49:39.541+0600] {dag.py:3722} INFO - Setting next_dagrun for example_params_trigger_ui to None, run_after=None
[2025-12-04T23:49:39.549+0600] {processor.py:179} INFO - Processing /Users/asminsadykova/Desktop/h&m/.venv/lib/python3.9/site-packages/airflow/example_dags/example_params_trigger_ui.py took 0.118 seconds
[2025-12-04T23:51:19.919+0600] {processor.py:157} INFO - Started process (PID=41921) to work on /Users/asminsadykova/Desktop/h&m/.venv/lib/python3.9/site-packages/airflow/example_dags/example_params_trigger_ui.py
[2025-12-04T23:51:19.920+0600] {processor.py:829} INFO - Processing file /Users/asminsadykova/Desktop/h&m/.venv/lib/python3.9/site-packages/airflow/example_dags/example_params_trigger_ui.py for tasks to queue
[2025-12-04T23:51:19.920+0600] {logging_mixin.py:154} INFO - [2025-12-04T23:51:19.920+0600] {dagbag.py:536} INFO - Filling up the DagBag from /Users/asminsadykova/Desktop/h&m/.venv/lib/python3.9/site-packages/airflow/example_dags/example_params_trigger_ui.py
[2025-12-04T23:51:19.963+0600] {processor.py:839} INFO - DAG(s) dict_keys(['example_params_trigger_ui']) retrieved from /Users/asminsadykova/Desktop/h&m/.venv/lib/python3.9/site-packages/airflow/example_dags/example_params_trigger_ui.py
[2025-12-04T23:51:20.031+0600] {logging_mixin.py:154} INFO - [2025-12-04T23:51:20.030+0600] {dag.py:2941} INFO - Sync 1 DAGs
[2025-12-04T23:51:20.034+0600] {logging_mixin.py:154} INFO - [2025-12-04T23:51:20.034+0600] {dag.py:3722} INFO - Setting next_dagrun for example_params_trigger_ui to None, run_after=None
[2025-12-04T23:51:20.044+0600] {processor.py:179} INFO - Processing /Users/asminsadykova/Desktop/h&m/.venv/lib/python3.9/site-packages/airflow/example_dags/example_params_trigger_ui.py took 0.126 seconds
[2025-12-04T23:52:52.829+0600] {processor.py:157} INFO - Started process (PID=42089) to work on /Users/asminsadykova/Desktop/h&m/.venv/lib/python3.9/site-packages/airflow/example_dags/example_params_trigger_ui.py
[2025-12-04T23:52:52.831+0600] {processor.py:829} INFO - Processing file /Users/asminsadykova/Desktop/h&m/.venv/lib/python3.9/site-packages/airflow/example_dags/example_params_trigger_ui.py for tasks to queue
[2025-12-04T23:52:52.831+0600] {logging_mixin.py:154} INFO - [2025-12-04T23:52:52.831+0600] {dagbag.py:536} INFO - Filling up the DagBag from /Users/asminsadykova/Desktop/h&m/.venv/lib/python3.9/site-packages/airflow/example_dags/example_params_trigger_ui.py
[2025-12-04T23:52:52.875+0600] {processor.py:839} INFO - DAG(s) dict_keys(['example_params_trigger_ui']) retrieved from /Users/asminsadykova/Desktop/h&m/.venv/lib/python3.9/site-packages/airflow/example_dags/example_params_trigger_ui.py
[2025-12-04T23:52:52.937+0600] {logging_mixin.py:154} INFO - [2025-12-04T23:52:52.937+0600] {dag.py:2941} INFO - Sync 1 DAGs
[2025-12-04T23:52:52.940+0600] {logging_mixin.py:154} INFO - [2025-12-04T23:52:52.940+0600] {dag.py:3722} INFO - Setting next_dagrun for example_params_trigger_ui to None, run_after=None
[2025-12-04T23:52:52.949+0600] {processor.py:179} INFO - Processing /Users/asminsadykova/Desktop/h&m/.venv/lib/python3.9/site-packages/airflow/example_dags/example_params_trigger_ui.py took 0.120 seconds
[2025-12-04T23:54:26.523+0600] {processor.py:157} INFO - Started process (PID=42179) to work on /Users/asminsadykova/Desktop/h&m/.venv/lib/python3.9/site-packages/airflow/example_dags/example_params_trigger_ui.py
[2025-12-04T23:54:26.524+0600] {processor.py:829} INFO - Processing file /Users/asminsadykova/Desktop/h&m/.venv/lib/python3.9/site-packages/airflow/example_dags/example_params_trigger_ui.py for tasks to queue
[2025-12-04T23:54:26.524+0600] {logging_mixin.py:154} INFO - [2025-12-04T23:54:26.524+0600] {dagbag.py:536} INFO - Filling up the DagBag from /Users/asminsadykova/Desktop/h&m/.venv/lib/python3.9/site-packages/airflow/example_dags/example_params_trigger_ui.py
[2025-12-04T23:54:26.565+0600] {processor.py:839} INFO - DAG(s) dict_keys(['example_params_trigger_ui']) retrieved from /Users/asminsadykova/Desktop/h&m/.venv/lib/python3.9/site-packages/airflow/example_dags/example_params_trigger_ui.py
[2025-12-04T23:54:26.629+0600] {logging_mixin.py:154} INFO - [2025-12-04T23:54:26.629+0600] {dag.py:2941} INFO - Sync 1 DAGs
[2025-12-04T23:54:26.633+0600] {logging_mixin.py:154} INFO - [2025-12-04T23:54:26.633+0600] {dag.py:3722} INFO - Setting next_dagrun for example_params_trigger_ui to None, run_after=None
[2025-12-04T23:54:26.641+0600] {processor.py:179} INFO - Processing /Users/asminsadykova/Desktop/h&m/.venv/lib/python3.9/site-packages/airflow/example_dags/example_params_trigger_ui.py took 0.119 seconds
[2025-12-04T23:55:52.492+0600] {processor.py:157} INFO - Started process (PID=42261) to work on /Users/asminsadykova/Desktop/h&m/.venv/lib/python3.9/site-packages/airflow/example_dags/example_params_trigger_ui.py
[2025-12-04T23:55:52.493+0600] {processor.py:829} INFO - Processing file /Users/asminsadykova/Desktop/h&m/.venv/lib/python3.9/site-packages/airflow/example_dags/example_params_trigger_ui.py for tasks to queue
[2025-12-04T23:55:52.493+0600] {logging_mixin.py:154} INFO - [2025-12-04T23:55:52.493+0600] {dagbag.py:536} INFO - Filling up the DagBag from /Users/asminsadykova/Desktop/h&m/.venv/lib/python3.9/site-packages/airflow/example_dags/example_params_trigger_ui.py
[2025-12-04T23:55:52.535+0600] {processor.py:839} INFO - DAG(s) dict_keys(['example_params_trigger_ui']) retrieved from /Users/asminsadykova/Desktop/h&m/.venv/lib/python3.9/site-packages/airflow/example_dags/example_params_trigger_ui.py
[2025-12-04T23:55:52.599+0600] {logging_mixin.py:154} INFO - [2025-12-04T23:55:52.599+0600] {dag.py:2941} INFO - Sync 1 DAGs
[2025-12-04T23:55:52.602+0600] {logging_mixin.py:154} INFO - [2025-12-04T23:55:52.602+0600] {dag.py:3722} INFO - Setting next_dagrun for example_params_trigger_ui to None, run_after=None
[2025-12-04T23:55:52.613+0600] {processor.py:179} INFO - Processing /Users/asminsadykova/Desktop/h&m/.venv/lib/python3.9/site-packages/airflow/example_dags/example_params_trigger_ui.py took 0.122 seconds
[2025-12-04T23:57:24.930+0600] {processor.py:157} INFO - Started process (PID=42331) to work on /Users/asminsadykova/Desktop/h&m/.venv/lib/python3.9/site-packages/airflow/example_dags/example_params_trigger_ui.py
[2025-12-04T23:57:24.931+0600] {processor.py:829} INFO - Processing file /Users/asminsadykova/Desktop/h&m/.venv/lib/python3.9/site-packages/airflow/example_dags/example_params_trigger_ui.py for tasks to queue
[2025-12-04T23:57:24.931+0600] {logging_mixin.py:154} INFO - [2025-12-04T23:57:24.931+0600] {dagbag.py:536} INFO - Filling up the DagBag from /Users/asminsadykova/Desktop/h&m/.venv/lib/python3.9/site-packages/airflow/example_dags/example_params_trigger_ui.py
[2025-12-04T23:57:24.972+0600] {processor.py:839} INFO - DAG(s) dict_keys(['example_params_trigger_ui']) retrieved from /Users/asminsadykova/Desktop/h&m/.venv/lib/python3.9/site-packages/airflow/example_dags/example_params_trigger_ui.py
[2025-12-04T23:57:25.035+0600] {logging_mixin.py:154} INFO - [2025-12-04T23:57:25.035+0600] {dag.py:2941} INFO - Sync 1 DAGs
[2025-12-04T23:57:25.039+0600] {logging_mixin.py:154} INFO - [2025-12-04T23:57:25.039+0600] {dag.py:3722} INFO - Setting next_dagrun for example_params_trigger_ui to None, run_after=None
[2025-12-04T23:57:25.047+0600] {processor.py:179} INFO - Processing /Users/asminsadykova/Desktop/h&m/.venv/lib/python3.9/site-packages/airflow/example_dags/example_params_trigger_ui.py took 0.118 seconds
[2025-12-04T23:58:49.309+0600] {processor.py:157} INFO - Started process (PID=42415) to work on /Users/asminsadykova/Desktop/h&m/.venv/lib/python3.9/site-packages/airflow/example_dags/example_params_trigger_ui.py
[2025-12-04T23:58:49.310+0600] {processor.py:829} INFO - Processing file /Users/asminsadykova/Desktop/h&m/.venv/lib/python3.9/site-packages/airflow/example_dags/example_params_trigger_ui.py for tasks to queue
[2025-12-04T23:58:49.310+0600] {logging_mixin.py:154} INFO - [2025-12-04T23:58:49.310+0600] {dagbag.py:536} INFO - Filling up the DagBag from /Users/asminsadykova/Desktop/h&m/.venv/lib/python3.9/site-packages/airflow/example_dags/example_params_trigger_ui.py
[2025-12-04T23:58:49.353+0600] {processor.py:839} INFO - DAG(s) dict_keys(['example_params_trigger_ui']) retrieved from /Users/asminsadykova/Desktop/h&m/.venv/lib/python3.9/site-packages/airflow/example_dags/example_params_trigger_ui.py
[2025-12-04T23:58:49.414+0600] {logging_mixin.py:154} INFO - [2025-12-04T23:58:49.414+0600] {dag.py:2941} INFO - Sync 1 DAGs
[2025-12-04T23:58:49.418+0600] {logging_mixin.py:154} INFO - [2025-12-04T23:58:49.418+0600] {dag.py:3722} INFO - Setting next_dagrun for example_params_trigger_ui to None, run_after=None
[2025-12-04T23:58:49.426+0600] {processor.py:179} INFO - Processing /Users/asminsadykova/Desktop/h&m/.venv/lib/python3.9/site-packages/airflow/example_dags/example_params_trigger_ui.py took 0.118 seconds
[2025-12-05T00:00:21.790+0600] {processor.py:157} INFO - Started process (PID=42666) to work on /Users/asminsadykova/Desktop/h&m/.venv/lib/python3.9/site-packages/airflow/example_dags/example_params_trigger_ui.py
[2025-12-05T00:00:21.791+0600] {processor.py:829} INFO - Processing file /Users/asminsadykova/Desktop/h&m/.venv/lib/python3.9/site-packages/airflow/example_dags/example_params_trigger_ui.py for tasks to queue
[2025-12-05T00:00:21.791+0600] {logging_mixin.py:154} INFO - [2025-12-05T00:00:21.791+0600] {dagbag.py:536} INFO - Filling up the DagBag from /Users/asminsadykova/Desktop/h&m/.venv/lib/python3.9/site-packages/airflow/example_dags/example_params_trigger_ui.py
[2025-12-05T00:00:21.835+0600] {processor.py:839} INFO - DAG(s) dict_keys(['example_params_trigger_ui']) retrieved from /Users/asminsadykova/Desktop/h&m/.venv/lib/python3.9/site-packages/airflow/example_dags/example_params_trigger_ui.py
[2025-12-05T00:00:21.901+0600] {logging_mixin.py:154} INFO - [2025-12-05T00:00:21.901+0600] {dag.py:2941} INFO - Sync 1 DAGs
[2025-12-05T00:00:21.905+0600] {logging_mixin.py:154} INFO - [2025-12-05T00:00:21.905+0600] {dag.py:3722} INFO - Setting next_dagrun for example_params_trigger_ui to None, run_after=None
[2025-12-05T00:00:21.915+0600] {processor.py:179} INFO - Processing /Users/asminsadykova/Desktop/h&m/.venv/lib/python3.9/site-packages/airflow/example_dags/example_params_trigger_ui.py took 0.126 seconds
[2025-12-05T00:01:56.952+0600] {processor.py:157} INFO - Started process (PID=42899) to work on /Users/asminsadykova/Desktop/h&m/.venv/lib/python3.9/site-packages/airflow/example_dags/example_params_trigger_ui.py
[2025-12-05T00:01:56.953+0600] {processor.py:829} INFO - Processing file /Users/asminsadykova/Desktop/h&m/.venv/lib/python3.9/site-packages/airflow/example_dags/example_params_trigger_ui.py for tasks to queue
[2025-12-05T00:01:56.954+0600] {logging_mixin.py:154} INFO - [2025-12-05T00:01:56.954+0600] {dagbag.py:536} INFO - Filling up the DagBag from /Users/asminsadykova/Desktop/h&m/.venv/lib/python3.9/site-packages/airflow/example_dags/example_params_trigger_ui.py
[2025-12-05T00:01:57.002+0600] {processor.py:839} INFO - DAG(s) dict_keys(['example_params_trigger_ui']) retrieved from /Users/asminsadykova/Desktop/h&m/.venv/lib/python3.9/site-packages/airflow/example_dags/example_params_trigger_ui.py
[2025-12-05T00:01:57.065+0600] {logging_mixin.py:154} INFO - [2025-12-05T00:01:57.065+0600] {dag.py:2941} INFO - Sync 1 DAGs
[2025-12-05T00:01:57.068+0600] {logging_mixin.py:154} INFO - [2025-12-05T00:01:57.068+0600] {dag.py:3722} INFO - Setting next_dagrun for example_params_trigger_ui to None, run_after=None
[2025-12-05T00:01:57.077+0600] {processor.py:179} INFO - Processing /Users/asminsadykova/Desktop/h&m/.venv/lib/python3.9/site-packages/airflow/example_dags/example_params_trigger_ui.py took 0.126 seconds
[2025-12-05T00:03:30.900+0600] {processor.py:157} INFO - Started process (PID=42971) to work on /Users/asminsadykova/Desktop/h&m/.venv/lib/python3.9/site-packages/airflow/example_dags/example_params_trigger_ui.py
[2025-12-05T00:03:30.901+0600] {processor.py:829} INFO - Processing file /Users/asminsadykova/Desktop/h&m/.venv/lib/python3.9/site-packages/airflow/example_dags/example_params_trigger_ui.py for tasks to queue
[2025-12-05T00:03:30.901+0600] {logging_mixin.py:154} INFO - [2025-12-05T00:03:30.901+0600] {dagbag.py:536} INFO - Filling up the DagBag from /Users/asminsadykova/Desktop/h&m/.venv/lib/python3.9/site-packages/airflow/example_dags/example_params_trigger_ui.py
[2025-12-05T00:03:30.944+0600] {processor.py:839} INFO - DAG(s) dict_keys(['example_params_trigger_ui']) retrieved from /Users/asminsadykova/Desktop/h&m/.venv/lib/python3.9/site-packages/airflow/example_dags/example_params_trigger_ui.py
[2025-12-05T00:03:31.007+0600] {logging_mixin.py:154} INFO - [2025-12-05T00:03:31.007+0600] {dag.py:2941} INFO - Sync 1 DAGs
[2025-12-05T00:03:31.011+0600] {logging_mixin.py:154} INFO - [2025-12-05T00:03:31.011+0600] {dag.py:3722} INFO - Setting next_dagrun for example_params_trigger_ui to None, run_after=None
[2025-12-05T00:03:31.020+0600] {processor.py:179} INFO - Processing /Users/asminsadykova/Desktop/h&m/.venv/lib/python3.9/site-packages/airflow/example_dags/example_params_trigger_ui.py took 0.120 seconds
[2025-12-05T00:05:02.591+0600] {processor.py:157} INFO - Started process (PID=43218) to work on /Users/asminsadykova/Desktop/h&m/.venv/lib/python3.9/site-packages/airflow/example_dags/example_params_trigger_ui.py
[2025-12-05T00:05:02.592+0600] {processor.py:829} INFO - Processing file /Users/asminsadykova/Desktop/h&m/.venv/lib/python3.9/site-packages/airflow/example_dags/example_params_trigger_ui.py for tasks to queue
[2025-12-05T00:05:02.592+0600] {logging_mixin.py:154} INFO - [2025-12-05T00:05:02.592+0600] {dagbag.py:536} INFO - Filling up the DagBag from /Users/asminsadykova/Desktop/h&m/.venv/lib/python3.9/site-packages/airflow/example_dags/example_params_trigger_ui.py
[2025-12-05T00:05:02.636+0600] {processor.py:839} INFO - DAG(s) dict_keys(['example_params_trigger_ui']) retrieved from /Users/asminsadykova/Desktop/h&m/.venv/lib/python3.9/site-packages/airflow/example_dags/example_params_trigger_ui.py
[2025-12-05T00:05:02.700+0600] {logging_mixin.py:154} INFO - [2025-12-05T00:05:02.700+0600] {dag.py:2941} INFO - Sync 1 DAGs
[2025-12-05T00:05:02.704+0600] {logging_mixin.py:154} INFO - [2025-12-05T00:05:02.704+0600] {dag.py:3722} INFO - Setting next_dagrun for example_params_trigger_ui to None, run_after=None
[2025-12-05T00:05:02.713+0600] {processor.py:179} INFO - Processing /Users/asminsadykova/Desktop/h&m/.venv/lib/python3.9/site-packages/airflow/example_dags/example_params_trigger_ui.py took 0.123 seconds
[2025-12-05T00:06:34.732+0600] {processor.py:157} INFO - Started process (PID=43380) to work on /Users/asminsadykova/Desktop/h&m/.venv/lib/python3.9/site-packages/airflow/example_dags/example_params_trigger_ui.py
[2025-12-05T00:06:34.734+0600] {processor.py:829} INFO - Processing file /Users/asminsadykova/Desktop/h&m/.venv/lib/python3.9/site-packages/airflow/example_dags/example_params_trigger_ui.py for tasks to queue
[2025-12-05T00:06:34.734+0600] {logging_mixin.py:154} INFO - [2025-12-05T00:06:34.734+0600] {dagbag.py:536} INFO - Filling up the DagBag from /Users/asminsadykova/Desktop/h&m/.venv/lib/python3.9/site-packages/airflow/example_dags/example_params_trigger_ui.py
[2025-12-05T00:06:34.778+0600] {processor.py:839} INFO - DAG(s) dict_keys(['example_params_trigger_ui']) retrieved from /Users/asminsadykova/Desktop/h&m/.venv/lib/python3.9/site-packages/airflow/example_dags/example_params_trigger_ui.py
[2025-12-05T00:06:34.844+0600] {logging_mixin.py:154} INFO - [2025-12-05T00:06:34.843+0600] {dag.py:2941} INFO - Sync 1 DAGs
[2025-12-05T00:06:34.848+0600] {logging_mixin.py:154} INFO - [2025-12-05T00:06:34.848+0600] {dag.py:3722} INFO - Setting next_dagrun for example_params_trigger_ui to None, run_after=None
[2025-12-05T00:06:34.859+0600] {processor.py:179} INFO - Processing /Users/asminsadykova/Desktop/h&m/.venv/lib/python3.9/site-packages/airflow/example_dags/example_params_trigger_ui.py took 0.127 seconds
[2025-12-05T00:08:00.048+0600] {processor.py:157} INFO - Started process (PID=43521) to work on /Users/asminsadykova/Desktop/h&m/.venv/lib/python3.9/site-packages/airflow/example_dags/example_params_trigger_ui.py
[2025-12-05T00:08:00.049+0600] {processor.py:829} INFO - Processing file /Users/asminsadykova/Desktop/h&m/.venv/lib/python3.9/site-packages/airflow/example_dags/example_params_trigger_ui.py for tasks to queue
[2025-12-05T00:08:00.050+0600] {logging_mixin.py:154} INFO - [2025-12-05T00:08:00.050+0600] {dagbag.py:536} INFO - Filling up the DagBag from /Users/asminsadykova/Desktop/h&m/.venv/lib/python3.9/site-packages/airflow/example_dags/example_params_trigger_ui.py
[2025-12-05T00:08:00.100+0600] {processor.py:839} INFO - DAG(s) dict_keys(['example_params_trigger_ui']) retrieved from /Users/asminsadykova/Desktop/h&m/.venv/lib/python3.9/site-packages/airflow/example_dags/example_params_trigger_ui.py
[2025-12-05T00:08:00.167+0600] {logging_mixin.py:154} INFO - [2025-12-05T00:08:00.167+0600] {dag.py:2941} INFO - Sync 1 DAGs
[2025-12-05T00:08:00.171+0600] {logging_mixin.py:154} INFO - [2025-12-05T00:08:00.171+0600] {dag.py:3722} INFO - Setting next_dagrun for example_params_trigger_ui to None, run_after=None
[2025-12-05T00:08:00.179+0600] {processor.py:179} INFO - Processing /Users/asminsadykova/Desktop/h&m/.venv/lib/python3.9/site-packages/airflow/example_dags/example_params_trigger_ui.py took 0.132 seconds
[2025-12-05T00:09:32.331+0600] {processor.py:157} INFO - Started process (PID=43683) to work on /Users/asminsadykova/Desktop/h&m/.venv/lib/python3.9/site-packages/airflow/example_dags/example_params_trigger_ui.py
[2025-12-05T00:09:32.332+0600] {processor.py:829} INFO - Processing file /Users/asminsadykova/Desktop/h&m/.venv/lib/python3.9/site-packages/airflow/example_dags/example_params_trigger_ui.py for tasks to queue
[2025-12-05T00:09:32.333+0600] {logging_mixin.py:154} INFO - [2025-12-05T00:09:32.332+0600] {dagbag.py:536} INFO - Filling up the DagBag from /Users/asminsadykova/Desktop/h&m/.venv/lib/python3.9/site-packages/airflow/example_dags/example_params_trigger_ui.py
[2025-12-05T00:09:32.377+0600] {processor.py:839} INFO - DAG(s) dict_keys(['example_params_trigger_ui']) retrieved from /Users/asminsadykova/Desktop/h&m/.venv/lib/python3.9/site-packages/airflow/example_dags/example_params_trigger_ui.py
[2025-12-05T00:09:32.442+0600] {logging_mixin.py:154} INFO - [2025-12-05T00:09:32.442+0600] {dag.py:2941} INFO - Sync 1 DAGs
[2025-12-05T00:09:32.446+0600] {logging_mixin.py:154} INFO - [2025-12-05T00:09:32.446+0600] {dag.py:3722} INFO - Setting next_dagrun for example_params_trigger_ui to None, run_after=None
[2025-12-05T00:09:32.455+0600] {processor.py:179} INFO - Processing /Users/asminsadykova/Desktop/h&m/.venv/lib/python3.9/site-packages/airflow/example_dags/example_params_trigger_ui.py took 0.124 seconds
[2025-12-05T00:11:09.325+0600] {processor.py:157} INFO - Started process (PID=43834) to work on /Users/asminsadykova/Desktop/h&m/.venv/lib/python3.9/site-packages/airflow/example_dags/example_params_trigger_ui.py
[2025-12-05T00:11:09.326+0600] {processor.py:829} INFO - Processing file /Users/asminsadykova/Desktop/h&m/.venv/lib/python3.9/site-packages/airflow/example_dags/example_params_trigger_ui.py for tasks to queue
[2025-12-05T00:11:09.326+0600] {logging_mixin.py:154} INFO - [2025-12-05T00:11:09.326+0600] {dagbag.py:536} INFO - Filling up the DagBag from /Users/asminsadykova/Desktop/h&m/.venv/lib/python3.9/site-packages/airflow/example_dags/example_params_trigger_ui.py
[2025-12-05T00:11:09.373+0600] {processor.py:839} INFO - DAG(s) dict_keys(['example_params_trigger_ui']) retrieved from /Users/asminsadykova/Desktop/h&m/.venv/lib/python3.9/site-packages/airflow/example_dags/example_params_trigger_ui.py
[2025-12-05T00:11:09.437+0600] {logging_mixin.py:154} INFO - [2025-12-05T00:11:09.437+0600] {dag.py:2941} INFO - Sync 1 DAGs
[2025-12-05T00:11:09.441+0600] {logging_mixin.py:154} INFO - [2025-12-05T00:11:09.441+0600] {dag.py:3722} INFO - Setting next_dagrun for example_params_trigger_ui to None, run_after=None
[2025-12-05T00:11:09.449+0600] {processor.py:179} INFO - Processing /Users/asminsadykova/Desktop/h&m/.venv/lib/python3.9/site-packages/airflow/example_dags/example_params_trigger_ui.py took 0.125 seconds
[2025-12-05T00:12:39.639+0600] {processor.py:157} INFO - Started process (PID=44007) to work on /Users/asminsadykova/Desktop/h&m/.venv/lib/python3.9/site-packages/airflow/example_dags/example_params_trigger_ui.py
[2025-12-05T00:12:39.641+0600] {processor.py:829} INFO - Processing file /Users/asminsadykova/Desktop/h&m/.venv/lib/python3.9/site-packages/airflow/example_dags/example_params_trigger_ui.py for tasks to queue
[2025-12-05T00:12:39.641+0600] {logging_mixin.py:154} INFO - [2025-12-05T00:12:39.641+0600] {dagbag.py:536} INFO - Filling up the DagBag from /Users/asminsadykova/Desktop/h&m/.venv/lib/python3.9/site-packages/airflow/example_dags/example_params_trigger_ui.py
[2025-12-05T00:12:39.692+0600] {processor.py:839} INFO - DAG(s) dict_keys(['example_params_trigger_ui']) retrieved from /Users/asminsadykova/Desktop/h&m/.venv/lib/python3.9/site-packages/airflow/example_dags/example_params_trigger_ui.py
[2025-12-05T00:12:39.764+0600] {logging_mixin.py:154} INFO - [2025-12-05T00:12:39.763+0600] {dag.py:2941} INFO - Sync 1 DAGs
[2025-12-05T00:12:39.768+0600] {logging_mixin.py:154} INFO - [2025-12-05T00:12:39.768+0600] {dag.py:3722} INFO - Setting next_dagrun for example_params_trigger_ui to None, run_after=None
[2025-12-05T00:12:39.785+0600] {processor.py:179} INFO - Processing /Users/asminsadykova/Desktop/h&m/.venv/lib/python3.9/site-packages/airflow/example_dags/example_params_trigger_ui.py took 0.146 seconds
