[2025-12-04T23:18:33.959+0600] {processor.py:157} INFO - Started process (PID=38978) to work on /Users/asminsadykova/Desktop/h&m/.venv/lib/python3.9/site-packages/airflow/example_dags/example_branch_operator_decorator.py
[2025-12-04T23:18:33.960+0600] {processor.py:829} INFO - Processing file /Users/asminsadykova/Desktop/h&m/.venv/lib/python3.9/site-packages/airflow/example_dags/example_branch_operator_decorator.py for tasks to queue
[2025-12-04T23:18:33.960+0600] {logging_mixin.py:154} INFO - [2025-12-04T23:18:33.960+0600] {dagbag.py:536} INFO - Filling up the DagBag from /Users/asminsadykova/Desktop/h&m/.venv/lib/python3.9/site-packages/airflow/example_dags/example_branch_operator_decorator.py
[2025-12-04T23:18:33.985+0600] {processor.py:839} INFO - DAG(s) dict_keys(['example_branch_python_operator_decorator']) retrieved from /Users/asminsadykova/Desktop/h&m/.venv/lib/python3.9/site-packages/airflow/example_dags/example_branch_operator_decorator.py
[2025-12-04T23:18:34.231+0600] {logging_mixin.py:154} INFO - [2025-12-04T23:18:34.231+0600] {manager.py:499} INFO - Created Permission View: %s
[2025-12-04T23:18:34.234+0600] {logging_mixin.py:154} INFO - [2025-12-04T23:18:34.234+0600] {manager.py:499} INFO - Created Permission View: %s
[2025-12-04T23:18:34.236+0600] {logging_mixin.py:154} INFO - [2025-12-04T23:18:34.236+0600] {manager.py:499} INFO - Created Permission View: %s
[2025-12-04T23:18:34.237+0600] {logging_mixin.py:154} INFO - [2025-12-04T23:18:34.236+0600] {dag.py:2941} INFO - Sync 1 DAGs
[2025-12-04T23:18:34.240+0600] {logging_mixin.py:154} INFO - [2025-12-04T23:18:34.240+0600] {dag.py:2963} INFO - Creating ORM DAG for example_branch_python_operator_decorator
[2025-12-04T23:18:34.246+0600] {logging_mixin.py:154} INFO - [2025-12-04T23:18:34.246+0600] {dag.py:3722} INFO - Setting next_dagrun for example_branch_python_operator_decorator to 2025-12-03T00:00:00+00:00, run_after=2025-12-04T00:00:00+00:00
[2025-12-04T23:18:34.254+0600] {processor.py:179} INFO - Processing /Users/asminsadykova/Desktop/h&m/.venv/lib/python3.9/site-packages/airflow/example_dags/example_branch_operator_decorator.py took 0.295 seconds
[2025-12-04T23:20:01.918+0600] {processor.py:157} INFO - Started process (PID=39085) to work on /Users/asminsadykova/Desktop/h&m/.venv/lib/python3.9/site-packages/airflow/example_dags/example_branch_operator_decorator.py
[2025-12-04T23:20:01.920+0600] {processor.py:829} INFO - Processing file /Users/asminsadykova/Desktop/h&m/.venv/lib/python3.9/site-packages/airflow/example_dags/example_branch_operator_decorator.py for tasks to queue
[2025-12-04T23:20:01.920+0600] {logging_mixin.py:154} INFO - [2025-12-04T23:20:01.920+0600] {dagbag.py:536} INFO - Filling up the DagBag from /Users/asminsadykova/Desktop/h&m/.venv/lib/python3.9/site-packages/airflow/example_dags/example_branch_operator_decorator.py
[2025-12-04T23:20:01.945+0600] {processor.py:839} INFO - DAG(s) dict_keys(['example_branch_python_operator_decorator']) retrieved from /Users/asminsadykova/Desktop/h&m/.venv/lib/python3.9/site-packages/airflow/example_dags/example_branch_operator_decorator.py
[2025-12-04T23:20:02.012+0600] {logging_mixin.py:154} INFO - [2025-12-04T23:20:02.012+0600] {dag.py:2941} INFO - Sync 1 DAGs
[2025-12-04T23:20:02.019+0600] {logging_mixin.py:154} INFO - [2025-12-04T23:20:02.019+0600] {dag.py:3722} INFO - Setting next_dagrun for example_branch_python_operator_decorator to 2025-12-03T00:00:00+00:00, run_after=2025-12-04T00:00:00+00:00
[2025-12-04T23:20:02.026+0600] {processor.py:179} INFO - Processing /Users/asminsadykova/Desktop/h&m/.venv/lib/python3.9/site-packages/airflow/example_dags/example_branch_operator_decorator.py took 0.108 seconds
[2025-12-04T23:21:29.898+0600] {processor.py:157} INFO - Started process (PID=39184) to work on /Users/asminsadykova/Desktop/h&m/.venv/lib/python3.9/site-packages/airflow/example_dags/example_branch_operator_decorator.py
[2025-12-04T23:21:29.899+0600] {processor.py:829} INFO - Processing file /Users/asminsadykova/Desktop/h&m/.venv/lib/python3.9/site-packages/airflow/example_dags/example_branch_operator_decorator.py for tasks to queue
[2025-12-04T23:21:29.899+0600] {logging_mixin.py:154} INFO - [2025-12-04T23:21:29.899+0600] {dagbag.py:536} INFO - Filling up the DagBag from /Users/asminsadykova/Desktop/h&m/.venv/lib/python3.9/site-packages/airflow/example_dags/example_branch_operator_decorator.py
[2025-12-04T23:21:29.923+0600] {processor.py:839} INFO - DAG(s) dict_keys(['example_branch_python_operator_decorator']) retrieved from /Users/asminsadykova/Desktop/h&m/.venv/lib/python3.9/site-packages/airflow/example_dags/example_branch_operator_decorator.py
[2025-12-04T23:21:29.992+0600] {logging_mixin.py:154} INFO - [2025-12-04T23:21:29.991+0600] {dag.py:2941} INFO - Sync 1 DAGs
[2025-12-04T23:21:29.999+0600] {logging_mixin.py:154} INFO - [2025-12-04T23:21:29.999+0600] {dag.py:3722} INFO - Setting next_dagrun for example_branch_python_operator_decorator to 2025-12-03T00:00:00+00:00, run_after=2025-12-04T00:00:00+00:00
[2025-12-04T23:21:30.008+0600] {processor.py:179} INFO - Processing /Users/asminsadykova/Desktop/h&m/.venv/lib/python3.9/site-packages/airflow/example_dags/example_branch_operator_decorator.py took 0.111 seconds
[2025-12-04T23:22:53.958+0600] {processor.py:157} INFO - Started process (PID=39278) to work on /Users/asminsadykova/Desktop/h&m/.venv/lib/python3.9/site-packages/airflow/example_dags/example_branch_operator_decorator.py
[2025-12-04T23:22:53.959+0600] {processor.py:829} INFO - Processing file /Users/asminsadykova/Desktop/h&m/.venv/lib/python3.9/site-packages/airflow/example_dags/example_branch_operator_decorator.py for tasks to queue
[2025-12-04T23:22:53.959+0600] {logging_mixin.py:154} INFO - [2025-12-04T23:22:53.959+0600] {dagbag.py:536} INFO - Filling up the DagBag from /Users/asminsadykova/Desktop/h&m/.venv/lib/python3.9/site-packages/airflow/example_dags/example_branch_operator_decorator.py
[2025-12-04T23:22:53.983+0600] {processor.py:839} INFO - DAG(s) dict_keys(['example_branch_python_operator_decorator']) retrieved from /Users/asminsadykova/Desktop/h&m/.venv/lib/python3.9/site-packages/airflow/example_dags/example_branch_operator_decorator.py
[2025-12-04T23:22:54.052+0600] {logging_mixin.py:154} INFO - [2025-12-04T23:22:54.052+0600] {dag.py:2941} INFO - Sync 1 DAGs
[2025-12-04T23:22:54.059+0600] {logging_mixin.py:154} INFO - [2025-12-04T23:22:54.059+0600] {dag.py:3722} INFO - Setting next_dagrun for example_branch_python_operator_decorator to 2025-12-03T00:00:00+00:00, run_after=2025-12-04T00:00:00+00:00
[2025-12-04T23:22:54.067+0600] {processor.py:179} INFO - Processing /Users/asminsadykova/Desktop/h&m/.venv/lib/python3.9/site-packages/airflow/example_dags/example_branch_operator_decorator.py took 0.109 seconds
[2025-12-04T23:24:30.680+0600] {processor.py:157} INFO - Started process (PID=39475) to work on /Users/asminsadykova/Desktop/h&m/.venv/lib/python3.9/site-packages/airflow/example_dags/example_branch_operator_decorator.py
[2025-12-04T23:24:30.680+0600] {processor.py:829} INFO - Processing file /Users/asminsadykova/Desktop/h&m/.venv/lib/python3.9/site-packages/airflow/example_dags/example_branch_operator_decorator.py for tasks to queue
[2025-12-04T23:24:30.681+0600] {logging_mixin.py:154} INFO - [2025-12-04T23:24:30.681+0600] {dagbag.py:536} INFO - Filling up the DagBag from /Users/asminsadykova/Desktop/h&m/.venv/lib/python3.9/site-packages/airflow/example_dags/example_branch_operator_decorator.py
[2025-12-04T23:24:30.704+0600] {processor.py:839} INFO - DAG(s) dict_keys(['example_branch_python_operator_decorator']) retrieved from /Users/asminsadykova/Desktop/h&m/.venv/lib/python3.9/site-packages/airflow/example_dags/example_branch_operator_decorator.py
[2025-12-04T23:24:30.782+0600] {logging_mixin.py:154} INFO - [2025-12-04T23:24:30.782+0600] {dag.py:2941} INFO - Sync 1 DAGs
[2025-12-04T23:24:30.790+0600] {logging_mixin.py:154} INFO - [2025-12-04T23:24:30.790+0600] {dag.py:3722} INFO - Setting next_dagrun for example_branch_python_operator_decorator to 2025-12-03T00:00:00+00:00, run_after=2025-12-04T00:00:00+00:00
[2025-12-04T23:24:30.801+0600] {processor.py:179} INFO - Processing /Users/asminsadykova/Desktop/h&m/.venv/lib/python3.9/site-packages/airflow/example_dags/example_branch_operator_decorator.py took 0.122 seconds
[2025-12-04T23:26:03.757+0600] {processor.py:157} INFO - Started process (PID=39561) to work on /Users/asminsadykova/Desktop/h&m/.venv/lib/python3.9/site-packages/airflow/example_dags/example_branch_operator_decorator.py
[2025-12-04T23:26:03.757+0600] {processor.py:829} INFO - Processing file /Users/asminsadykova/Desktop/h&m/.venv/lib/python3.9/site-packages/airflow/example_dags/example_branch_operator_decorator.py for tasks to queue
[2025-12-04T23:26:03.757+0600] {logging_mixin.py:154} INFO - [2025-12-04T23:26:03.757+0600] {dagbag.py:536} INFO - Filling up the DagBag from /Users/asminsadykova/Desktop/h&m/.venv/lib/python3.9/site-packages/airflow/example_dags/example_branch_operator_decorator.py
[2025-12-04T23:26:03.782+0600] {processor.py:839} INFO - DAG(s) dict_keys(['example_branch_python_operator_decorator']) retrieved from /Users/asminsadykova/Desktop/h&m/.venv/lib/python3.9/site-packages/airflow/example_dags/example_branch_operator_decorator.py
[2025-12-04T23:26:03.851+0600] {logging_mixin.py:154} INFO - [2025-12-04T23:26:03.850+0600] {dag.py:2941} INFO - Sync 1 DAGs
[2025-12-04T23:26:03.858+0600] {logging_mixin.py:154} INFO - [2025-12-04T23:26:03.858+0600] {dag.py:3722} INFO - Setting next_dagrun for example_branch_python_operator_decorator to 2025-12-03T00:00:00+00:00, run_after=2025-12-04T00:00:00+00:00
[2025-12-04T23:26:03.865+0600] {processor.py:179} INFO - Processing /Users/asminsadykova/Desktop/h&m/.venv/lib/python3.9/site-packages/airflow/example_dags/example_branch_operator_decorator.py took 0.109 seconds
[2025-12-04T23:27:44.554+0600] {processor.py:157} INFO - Started process (PID=39668) to work on /Users/asminsadykova/Desktop/h&m/.venv/lib/python3.9/site-packages/airflow/example_dags/example_branch_operator_decorator.py
[2025-12-04T23:27:44.554+0600] {processor.py:829} INFO - Processing file /Users/asminsadykova/Desktop/h&m/.venv/lib/python3.9/site-packages/airflow/example_dags/example_branch_operator_decorator.py for tasks to queue
[2025-12-04T23:27:44.555+0600] {logging_mixin.py:154} INFO - [2025-12-04T23:27:44.555+0600] {dagbag.py:536} INFO - Filling up the DagBag from /Users/asminsadykova/Desktop/h&m/.venv/lib/python3.9/site-packages/airflow/example_dags/example_branch_operator_decorator.py
[2025-12-04T23:27:44.578+0600] {processor.py:839} INFO - DAG(s) dict_keys(['example_branch_python_operator_decorator']) retrieved from /Users/asminsadykova/Desktop/h&m/.venv/lib/python3.9/site-packages/airflow/example_dags/example_branch_operator_decorator.py
[2025-12-04T23:27:44.649+0600] {logging_mixin.py:154} INFO - [2025-12-04T23:27:44.649+0600] {dag.py:2941} INFO - Sync 1 DAGs
[2025-12-04T23:27:44.656+0600] {logging_mixin.py:154} INFO - [2025-12-04T23:27:44.656+0600] {dag.py:3722} INFO - Setting next_dagrun for example_branch_python_operator_decorator to 2025-12-03T00:00:00+00:00, run_after=2025-12-04T00:00:00+00:00
[2025-12-04T23:27:44.663+0600] {processor.py:179} INFO - Processing /Users/asminsadykova/Desktop/h&m/.venv/lib/python3.9/site-packages/airflow/example_dags/example_branch_operator_decorator.py took 0.110 seconds
[2025-12-04T23:29:08.079+0600] {processor.py:157} INFO - Started process (PID=39750) to work on /Users/asminsadykova/Desktop/h&m/.venv/lib/python3.9/site-packages/airflow/example_dags/example_branch_operator_decorator.py
[2025-12-04T23:29:08.080+0600] {processor.py:829} INFO - Processing file /Users/asminsadykova/Desktop/h&m/.venv/lib/python3.9/site-packages/airflow/example_dags/example_branch_operator_decorator.py for tasks to queue
[2025-12-04T23:29:08.080+0600] {logging_mixin.py:154} INFO - [2025-12-04T23:29:08.080+0600] {dagbag.py:536} INFO - Filling up the DagBag from /Users/asminsadykova/Desktop/h&m/.venv/lib/python3.9/site-packages/airflow/example_dags/example_branch_operator_decorator.py
[2025-12-04T23:29:08.104+0600] {processor.py:839} INFO - DAG(s) dict_keys(['example_branch_python_operator_decorator']) retrieved from /Users/asminsadykova/Desktop/h&m/.venv/lib/python3.9/site-packages/airflow/example_dags/example_branch_operator_decorator.py
[2025-12-04T23:29:08.175+0600] {logging_mixin.py:154} INFO - [2025-12-04T23:29:08.175+0600] {dag.py:2941} INFO - Sync 1 DAGs
[2025-12-04T23:29:08.183+0600] {logging_mixin.py:154} INFO - [2025-12-04T23:29:08.183+0600] {dag.py:3722} INFO - Setting next_dagrun for example_branch_python_operator_decorator to 2025-12-03T00:00:00+00:00, run_after=2025-12-04T00:00:00+00:00
[2025-12-04T23:29:08.192+0600] {processor.py:179} INFO - Processing /Users/asminsadykova/Desktop/h&m/.venv/lib/python3.9/site-packages/airflow/example_dags/example_branch_operator_decorator.py took 0.114 seconds
[2025-12-04T23:30:31.798+0600] {processor.py:157} INFO - Started process (PID=39820) to work on /Users/asminsadykova/Desktop/h&m/.venv/lib/python3.9/site-packages/airflow/example_dags/example_branch_operator_decorator.py
[2025-12-04T23:30:31.798+0600] {processor.py:829} INFO - Processing file /Users/asminsadykova/Desktop/h&m/.venv/lib/python3.9/site-packages/airflow/example_dags/example_branch_operator_decorator.py for tasks to queue
[2025-12-04T23:30:31.799+0600] {logging_mixin.py:154} INFO - [2025-12-04T23:30:31.798+0600] {dagbag.py:536} INFO - Filling up the DagBag from /Users/asminsadykova/Desktop/h&m/.venv/lib/python3.9/site-packages/airflow/example_dags/example_branch_operator_decorator.py
[2025-12-04T23:30:31.822+0600] {processor.py:839} INFO - DAG(s) dict_keys(['example_branch_python_operator_decorator']) retrieved from /Users/asminsadykova/Desktop/h&m/.venv/lib/python3.9/site-packages/airflow/example_dags/example_branch_operator_decorator.py
[2025-12-04T23:30:31.891+0600] {logging_mixin.py:154} INFO - [2025-12-04T23:30:31.891+0600] {dag.py:2941} INFO - Sync 1 DAGs
[2025-12-04T23:30:31.898+0600] {logging_mixin.py:154} INFO - [2025-12-04T23:30:31.898+0600] {dag.py:3722} INFO - Setting next_dagrun for example_branch_python_operator_decorator to 2025-12-03T00:00:00+00:00, run_after=2025-12-04T00:00:00+00:00
[2025-12-04T23:30:31.906+0600] {processor.py:179} INFO - Processing /Users/asminsadykova/Desktop/h&m/.venv/lib/python3.9/site-packages/airflow/example_dags/example_branch_operator_decorator.py took 0.109 seconds
[2025-12-04T23:31:55.190+0600] {processor.py:157} INFO - Started process (PID=39890) to work on /Users/asminsadykova/Desktop/h&m/.venv/lib/python3.9/site-packages/airflow/example_dags/example_branch_operator_decorator.py
[2025-12-04T23:31:55.191+0600] {processor.py:829} INFO - Processing file /Users/asminsadykova/Desktop/h&m/.venv/lib/python3.9/site-packages/airflow/example_dags/example_branch_operator_decorator.py for tasks to queue
[2025-12-04T23:31:55.191+0600] {logging_mixin.py:154} INFO - [2025-12-04T23:31:55.191+0600] {dagbag.py:536} INFO - Filling up the DagBag from /Users/asminsadykova/Desktop/h&m/.venv/lib/python3.9/site-packages/airflow/example_dags/example_branch_operator_decorator.py
[2025-12-04T23:31:55.217+0600] {processor.py:839} INFO - DAG(s) dict_keys(['example_branch_python_operator_decorator']) retrieved from /Users/asminsadykova/Desktop/h&m/.venv/lib/python3.9/site-packages/airflow/example_dags/example_branch_operator_decorator.py
[2025-12-04T23:31:55.286+0600] {logging_mixin.py:154} INFO - [2025-12-04T23:31:55.286+0600] {dag.py:2941} INFO - Sync 1 DAGs
[2025-12-04T23:31:55.293+0600] {logging_mixin.py:154} INFO - [2025-12-04T23:31:55.293+0600] {dag.py:3722} INFO - Setting next_dagrun for example_branch_python_operator_decorator to 2025-12-03T00:00:00+00:00, run_after=2025-12-04T00:00:00+00:00
[2025-12-04T23:31:55.301+0600] {processor.py:179} INFO - Processing /Users/asminsadykova/Desktop/h&m/.venv/lib/python3.9/site-packages/airflow/example_dags/example_branch_operator_decorator.py took 0.112 seconds
[2025-12-04T23:33:22.414+0600] {processor.py:157} INFO - Started process (PID=40109) to work on /Users/asminsadykova/Desktop/h&m/.venv/lib/python3.9/site-packages/airflow/example_dags/example_branch_operator_decorator.py
[2025-12-04T23:33:22.416+0600] {processor.py:829} INFO - Processing file /Users/asminsadykova/Desktop/h&m/.venv/lib/python3.9/site-packages/airflow/example_dags/example_branch_operator_decorator.py for tasks to queue
[2025-12-04T23:33:22.416+0600] {logging_mixin.py:154} INFO - [2025-12-04T23:33:22.416+0600] {dagbag.py:536} INFO - Filling up the DagBag from /Users/asminsadykova/Desktop/h&m/.venv/lib/python3.9/site-packages/airflow/example_dags/example_branch_operator_decorator.py
[2025-12-04T23:33:22.440+0600] {processor.py:839} INFO - DAG(s) dict_keys(['example_branch_python_operator_decorator']) retrieved from /Users/asminsadykova/Desktop/h&m/.venv/lib/python3.9/site-packages/airflow/example_dags/example_branch_operator_decorator.py
[2025-12-04T23:33:22.508+0600] {logging_mixin.py:154} INFO - [2025-12-04T23:33:22.507+0600] {dag.py:2941} INFO - Sync 1 DAGs
[2025-12-04T23:33:22.515+0600] {logging_mixin.py:154} INFO - [2025-12-04T23:33:22.515+0600] {dag.py:3722} INFO - Setting next_dagrun for example_branch_python_operator_decorator to 2025-12-03T00:00:00+00:00, run_after=2025-12-04T00:00:00+00:00
[2025-12-04T23:33:22.523+0600] {processor.py:179} INFO - Processing /Users/asminsadykova/Desktop/h&m/.venv/lib/python3.9/site-packages/airflow/example_dags/example_branch_operator_decorator.py took 0.109 seconds
[2025-12-04T23:34:47.820+0600] {processor.py:157} INFO - Started process (PID=40197) to work on /Users/asminsadykova/Desktop/h&m/.venv/lib/python3.9/site-packages/airflow/example_dags/example_branch_operator_decorator.py
[2025-12-04T23:34:47.821+0600] {processor.py:829} INFO - Processing file /Users/asminsadykova/Desktop/h&m/.venv/lib/python3.9/site-packages/airflow/example_dags/example_branch_operator_decorator.py for tasks to queue
[2025-12-04T23:34:47.821+0600] {logging_mixin.py:154} INFO - [2025-12-04T23:34:47.821+0600] {dagbag.py:536} INFO - Filling up the DagBag from /Users/asminsadykova/Desktop/h&m/.venv/lib/python3.9/site-packages/airflow/example_dags/example_branch_operator_decorator.py
[2025-12-04T23:34:47.850+0600] {processor.py:839} INFO - DAG(s) dict_keys(['example_branch_python_operator_decorator']) retrieved from /Users/asminsadykova/Desktop/h&m/.venv/lib/python3.9/site-packages/airflow/example_dags/example_branch_operator_decorator.py
[2025-12-04T23:34:47.931+0600] {logging_mixin.py:154} INFO - [2025-12-04T23:34:47.931+0600] {dag.py:2941} INFO - Sync 1 DAGs
[2025-12-04T23:34:47.940+0600] {logging_mixin.py:154} INFO - [2025-12-04T23:34:47.940+0600] {dag.py:3722} INFO - Setting next_dagrun for example_branch_python_operator_decorator to 2025-12-03T00:00:00+00:00, run_after=2025-12-04T00:00:00+00:00
[2025-12-04T23:34:47.950+0600] {processor.py:179} INFO - Processing /Users/asminsadykova/Desktop/h&m/.venv/lib/python3.9/site-packages/airflow/example_dags/example_branch_operator_decorator.py took 0.131 seconds
[2025-12-04T23:36:27.061+0600] {processor.py:157} INFO - Started process (PID=40288) to work on /Users/asminsadykova/Desktop/h&m/.venv/lib/python3.9/site-packages/airflow/example_dags/example_branch_operator_decorator.py
[2025-12-04T23:36:27.063+0600] {processor.py:829} INFO - Processing file /Users/asminsadykova/Desktop/h&m/.venv/lib/python3.9/site-packages/airflow/example_dags/example_branch_operator_decorator.py for tasks to queue
[2025-12-04T23:36:27.063+0600] {logging_mixin.py:154} INFO - [2025-12-04T23:36:27.063+0600] {dagbag.py:536} INFO - Filling up the DagBag from /Users/asminsadykova/Desktop/h&m/.venv/lib/python3.9/site-packages/airflow/example_dags/example_branch_operator_decorator.py
[2025-12-04T23:36:27.089+0600] {processor.py:839} INFO - DAG(s) dict_keys(['example_branch_python_operator_decorator']) retrieved from /Users/asminsadykova/Desktop/h&m/.venv/lib/python3.9/site-packages/airflow/example_dags/example_branch_operator_decorator.py
[2025-12-04T23:36:27.168+0600] {logging_mixin.py:154} INFO - [2025-12-04T23:36:27.168+0600] {dag.py:2941} INFO - Sync 1 DAGs
[2025-12-04T23:36:27.177+0600] {logging_mixin.py:154} INFO - [2025-12-04T23:36:27.177+0600] {dag.py:3722} INFO - Setting next_dagrun for example_branch_python_operator_decorator to 2025-12-03T00:00:00+00:00, run_after=2025-12-04T00:00:00+00:00
[2025-12-04T23:36:27.185+0600] {processor.py:179} INFO - Processing /Users/asminsadykova/Desktop/h&m/.venv/lib/python3.9/site-packages/airflow/example_dags/example_branch_operator_decorator.py took 0.125 seconds
[2025-12-04T23:37:55.025+0600] {processor.py:157} INFO - Started process (PID=40378) to work on /Users/asminsadykova/Desktop/h&m/.venv/lib/python3.9/site-packages/airflow/example_dags/example_branch_operator_decorator.py
[2025-12-04T23:37:55.026+0600] {processor.py:829} INFO - Processing file /Users/asminsadykova/Desktop/h&m/.venv/lib/python3.9/site-packages/airflow/example_dags/example_branch_operator_decorator.py for tasks to queue
[2025-12-04T23:37:55.026+0600] {logging_mixin.py:154} INFO - [2025-12-04T23:37:55.026+0600] {dagbag.py:536} INFO - Filling up the DagBag from /Users/asminsadykova/Desktop/h&m/.venv/lib/python3.9/site-packages/airflow/example_dags/example_branch_operator_decorator.py
[2025-12-04T23:37:55.050+0600] {processor.py:839} INFO - DAG(s) dict_keys(['example_branch_python_operator_decorator']) retrieved from /Users/asminsadykova/Desktop/h&m/.venv/lib/python3.9/site-packages/airflow/example_dags/example_branch_operator_decorator.py
[2025-12-04T23:37:55.119+0600] {logging_mixin.py:154} INFO - [2025-12-04T23:37:55.119+0600] {dag.py:2941} INFO - Sync 1 DAGs
[2025-12-04T23:37:55.126+0600] {logging_mixin.py:154} INFO - [2025-12-04T23:37:55.126+0600] {dag.py:3722} INFO - Setting next_dagrun for example_branch_python_operator_decorator to 2025-12-03T00:00:00+00:00, run_after=2025-12-04T00:00:00+00:00
[2025-12-04T23:37:55.134+0600] {processor.py:179} INFO - Processing /Users/asminsadykova/Desktop/h&m/.venv/lib/python3.9/site-packages/airflow/example_dags/example_branch_operator_decorator.py took 0.109 seconds
[2025-12-04T23:39:32.740+0600] {processor.py:157} INFO - Started process (PID=40463) to work on /Users/asminsadykova/Desktop/h&m/.venv/lib/python3.9/site-packages/airflow/example_dags/example_branch_operator_decorator.py
[2025-12-04T23:39:32.741+0600] {processor.py:829} INFO - Processing file /Users/asminsadykova/Desktop/h&m/.venv/lib/python3.9/site-packages/airflow/example_dags/example_branch_operator_decorator.py for tasks to queue
[2025-12-04T23:39:32.741+0600] {logging_mixin.py:154} INFO - [2025-12-04T23:39:32.741+0600] {dagbag.py:536} INFO - Filling up the DagBag from /Users/asminsadykova/Desktop/h&m/.venv/lib/python3.9/site-packages/airflow/example_dags/example_branch_operator_decorator.py
[2025-12-04T23:39:32.766+0600] {processor.py:839} INFO - DAG(s) dict_keys(['example_branch_python_operator_decorator']) retrieved from /Users/asminsadykova/Desktop/h&m/.venv/lib/python3.9/site-packages/airflow/example_dags/example_branch_operator_decorator.py
[2025-12-04T23:39:32.837+0600] {logging_mixin.py:154} INFO - [2025-12-04T23:39:32.837+0600] {dag.py:2941} INFO - Sync 1 DAGs
[2025-12-04T23:39:32.844+0600] {logging_mixin.py:154} INFO - [2025-12-04T23:39:32.844+0600] {dag.py:3722} INFO - Setting next_dagrun for example_branch_python_operator_decorator to 2025-12-03T00:00:00+00:00, run_after=2025-12-04T00:00:00+00:00
[2025-12-04T23:39:32.852+0600] {processor.py:179} INFO - Processing /Users/asminsadykova/Desktop/h&m/.venv/lib/python3.9/site-packages/airflow/example_dags/example_branch_operator_decorator.py took 0.113 seconds
[2025-12-04T23:41:09.227+0600] {processor.py:157} INFO - Started process (PID=40590) to work on /Users/asminsadykova/Desktop/h&m/.venv/lib/python3.9/site-packages/airflow/example_dags/example_branch_operator_decorator.py
[2025-12-04T23:41:09.228+0600] {processor.py:829} INFO - Processing file /Users/asminsadykova/Desktop/h&m/.venv/lib/python3.9/site-packages/airflow/example_dags/example_branch_operator_decorator.py for tasks to queue
[2025-12-04T23:41:09.228+0600] {logging_mixin.py:154} INFO - [2025-12-04T23:41:09.228+0600] {dagbag.py:536} INFO - Filling up the DagBag from /Users/asminsadykova/Desktop/h&m/.venv/lib/python3.9/site-packages/airflow/example_dags/example_branch_operator_decorator.py
[2025-12-04T23:41:09.252+0600] {processor.py:839} INFO - DAG(s) dict_keys(['example_branch_python_operator_decorator']) retrieved from /Users/asminsadykova/Desktop/h&m/.venv/lib/python3.9/site-packages/airflow/example_dags/example_branch_operator_decorator.py
[2025-12-04T23:41:09.320+0600] {logging_mixin.py:154} INFO - [2025-12-04T23:41:09.320+0600] {dag.py:2941} INFO - Sync 1 DAGs
[2025-12-04T23:41:09.327+0600] {logging_mixin.py:154} INFO - [2025-12-04T23:41:09.327+0600] {dag.py:3722} INFO - Setting next_dagrun for example_branch_python_operator_decorator to 2025-12-03T00:00:00+00:00, run_after=2025-12-04T00:00:00+00:00
[2025-12-04T23:41:09.334+0600] {processor.py:179} INFO - Processing /Users/asminsadykova/Desktop/h&m/.venv/lib/python3.9/site-packages/airflow/example_dags/example_branch_operator_decorator.py took 0.108 seconds
[2025-12-04T23:42:34.851+0600] {processor.py:157} INFO - Started process (PID=40681) to work on /Users/asminsadykova/Desktop/h&m/.venv/lib/python3.9/site-packages/airflow/example_dags/example_branch_operator_decorator.py
[2025-12-04T23:42:34.852+0600] {processor.py:829} INFO - Processing file /Users/asminsadykova/Desktop/h&m/.venv/lib/python3.9/site-packages/airflow/example_dags/example_branch_operator_decorator.py for tasks to queue
[2025-12-04T23:42:34.852+0600] {logging_mixin.py:154} INFO - [2025-12-04T23:42:34.852+0600] {dagbag.py:536} INFO - Filling up the DagBag from /Users/asminsadykova/Desktop/h&m/.venv/lib/python3.9/site-packages/airflow/example_dags/example_branch_operator_decorator.py
[2025-12-04T23:42:34.878+0600] {processor.py:839} INFO - DAG(s) dict_keys(['example_branch_python_operator_decorator']) retrieved from /Users/asminsadykova/Desktop/h&m/.venv/lib/python3.9/site-packages/airflow/example_dags/example_branch_operator_decorator.py
[2025-12-04T23:42:34.949+0600] {logging_mixin.py:154} INFO - [2025-12-04T23:42:34.949+0600] {dag.py:2941} INFO - Sync 1 DAGs
[2025-12-04T23:42:34.957+0600] {logging_mixin.py:154} INFO - [2025-12-04T23:42:34.957+0600] {dag.py:3722} INFO - Setting next_dagrun for example_branch_python_operator_decorator to 2025-12-03T00:00:00+00:00, run_after=2025-12-04T00:00:00+00:00
[2025-12-04T23:42:34.965+0600] {processor.py:179} INFO - Processing /Users/asminsadykova/Desktop/h&m/.venv/lib/python3.9/site-packages/airflow/example_dags/example_branch_operator_decorator.py took 0.115 seconds
[2025-12-04T23:44:11.496+0600] {processor.py:157} INFO - Started process (PID=40879) to work on /Users/asminsadykova/Desktop/h&m/.venv/lib/python3.9/site-packages/airflow/example_dags/example_branch_operator_decorator.py
[2025-12-04T23:44:11.497+0600] {processor.py:829} INFO - Processing file /Users/asminsadykova/Desktop/h&m/.venv/lib/python3.9/site-packages/airflow/example_dags/example_branch_operator_decorator.py for tasks to queue
[2025-12-04T23:44:11.497+0600] {logging_mixin.py:154} INFO - [2025-12-04T23:44:11.497+0600] {dagbag.py:536} INFO - Filling up the DagBag from /Users/asminsadykova/Desktop/h&m/.venv/lib/python3.9/site-packages/airflow/example_dags/example_branch_operator_decorator.py
[2025-12-04T23:44:11.523+0600] {processor.py:839} INFO - DAG(s) dict_keys(['example_branch_python_operator_decorator']) retrieved from /Users/asminsadykova/Desktop/h&m/.venv/lib/python3.9/site-packages/airflow/example_dags/example_branch_operator_decorator.py
[2025-12-04T23:44:11.590+0600] {logging_mixin.py:154} INFO - [2025-12-04T23:44:11.590+0600] {dag.py:2941} INFO - Sync 1 DAGs
[2025-12-04T23:44:11.598+0600] {logging_mixin.py:154} INFO - [2025-12-04T23:44:11.598+0600] {dag.py:3722} INFO - Setting next_dagrun for example_branch_python_operator_decorator to 2025-12-03T00:00:00+00:00, run_after=2025-12-04T00:00:00+00:00
[2025-12-04T23:44:11.606+0600] {processor.py:179} INFO - Processing /Users/asminsadykova/Desktop/h&m/.venv/lib/python3.9/site-packages/airflow/example_dags/example_branch_operator_decorator.py took 0.110 seconds
[2025-12-04T23:45:47.147+0600] {processor.py:157} INFO - Started process (PID=41182) to work on /Users/asminsadykova/Desktop/h&m/.venv/lib/python3.9/site-packages/airflow/example_dags/example_branch_operator_decorator.py
[2025-12-04T23:45:47.148+0600] {processor.py:829} INFO - Processing file /Users/asminsadykova/Desktop/h&m/.venv/lib/python3.9/site-packages/airflow/example_dags/example_branch_operator_decorator.py for tasks to queue
[2025-12-04T23:45:47.148+0600] {logging_mixin.py:154} INFO - [2025-12-04T23:45:47.148+0600] {dagbag.py:536} INFO - Filling up the DagBag from /Users/asminsadykova/Desktop/h&m/.venv/lib/python3.9/site-packages/airflow/example_dags/example_branch_operator_decorator.py
[2025-12-04T23:45:47.173+0600] {processor.py:839} INFO - DAG(s) dict_keys(['example_branch_python_operator_decorator']) retrieved from /Users/asminsadykova/Desktop/h&m/.venv/lib/python3.9/site-packages/airflow/example_dags/example_branch_operator_decorator.py
[2025-12-04T23:45:47.242+0600] {logging_mixin.py:154} INFO - [2025-12-04T23:45:47.242+0600] {dag.py:2941} INFO - Sync 1 DAGs
[2025-12-04T23:45:47.249+0600] {logging_mixin.py:154} INFO - [2025-12-04T23:45:47.249+0600] {dag.py:3722} INFO - Setting next_dagrun for example_branch_python_operator_decorator to 2025-12-03T00:00:00+00:00, run_after=2025-12-04T00:00:00+00:00
[2025-12-04T23:45:47.257+0600] {processor.py:179} INFO - Processing /Users/asminsadykova/Desktop/h&m/.venv/lib/python3.9/site-packages/airflow/example_dags/example_branch_operator_decorator.py took 0.111 seconds
[2025-12-04T23:47:23.176+0600] {processor.py:157} INFO - Started process (PID=41568) to work on /Users/asminsadykova/Desktop/h&m/.venv/lib/python3.9/site-packages/airflow/example_dags/example_branch_operator_decorator.py
[2025-12-04T23:47:23.177+0600] {processor.py:829} INFO - Processing file /Users/asminsadykova/Desktop/h&m/.venv/lib/python3.9/site-packages/airflow/example_dags/example_branch_operator_decorator.py for tasks to queue
[2025-12-04T23:47:23.178+0600] {logging_mixin.py:154} INFO - [2025-12-04T23:47:23.178+0600] {dagbag.py:536} INFO - Filling up the DagBag from /Users/asminsadykova/Desktop/h&m/.venv/lib/python3.9/site-packages/airflow/example_dags/example_branch_operator_decorator.py
[2025-12-04T23:47:23.201+0600] {processor.py:839} INFO - DAG(s) dict_keys(['example_branch_python_operator_decorator']) retrieved from /Users/asminsadykova/Desktop/h&m/.venv/lib/python3.9/site-packages/airflow/example_dags/example_branch_operator_decorator.py
[2025-12-04T23:47:23.269+0600] {logging_mixin.py:154} INFO - [2025-12-04T23:47:23.269+0600] {dag.py:2941} INFO - Sync 1 DAGs
[2025-12-04T23:47:23.276+0600] {logging_mixin.py:154} INFO - [2025-12-04T23:47:23.276+0600] {dag.py:3722} INFO - Setting next_dagrun for example_branch_python_operator_decorator to 2025-12-03T00:00:00+00:00, run_after=2025-12-04T00:00:00+00:00
[2025-12-04T23:47:23.284+0600] {processor.py:179} INFO - Processing /Users/asminsadykova/Desktop/h&m/.venv/lib/python3.9/site-packages/airflow/example_dags/example_branch_operator_decorator.py took 0.108 seconds
[2025-12-04T23:48:48.014+0600] {processor.py:157} INFO - Started process (PID=41677) to work on /Users/asminsadykova/Desktop/h&m/.venv/lib/python3.9/site-packages/airflow/example_dags/example_branch_operator_decorator.py
[2025-12-04T23:48:48.015+0600] {processor.py:829} INFO - Processing file /Users/asminsadykova/Desktop/h&m/.venv/lib/python3.9/site-packages/airflow/example_dags/example_branch_operator_decorator.py for tasks to queue
[2025-12-04T23:48:48.015+0600] {logging_mixin.py:154} INFO - [2025-12-04T23:48:48.015+0600] {dagbag.py:536} INFO - Filling up the DagBag from /Users/asminsadykova/Desktop/h&m/.venv/lib/python3.9/site-packages/airflow/example_dags/example_branch_operator_decorator.py
[2025-12-04T23:48:48.039+0600] {processor.py:839} INFO - DAG(s) dict_keys(['example_branch_python_operator_decorator']) retrieved from /Users/asminsadykova/Desktop/h&m/.venv/lib/python3.9/site-packages/airflow/example_dags/example_branch_operator_decorator.py
[2025-12-04T23:48:48.109+0600] {logging_mixin.py:154} INFO - [2025-12-04T23:48:48.109+0600] {dag.py:2941} INFO - Sync 1 DAGs
[2025-12-04T23:48:48.116+0600] {logging_mixin.py:154} INFO - [2025-12-04T23:48:48.116+0600] {dag.py:3722} INFO - Setting next_dagrun for example_branch_python_operator_decorator to 2025-12-03T00:00:00+00:00, run_after=2025-12-04T00:00:00+00:00
[2025-12-04T23:48:48.124+0600] {processor.py:179} INFO - Processing /Users/asminsadykova/Desktop/h&m/.venv/lib/python3.9/site-packages/airflow/example_dags/example_branch_operator_decorator.py took 0.111 seconds
[2025-12-04T23:50:22.620+0600] {processor.py:157} INFO - Started process (PID=41800) to work on /Users/asminsadykova/Desktop/h&m/.venv/lib/python3.9/site-packages/airflow/example_dags/example_branch_operator_decorator.py
[2025-12-04T23:50:22.621+0600] {processor.py:829} INFO - Processing file /Users/asminsadykova/Desktop/h&m/.venv/lib/python3.9/site-packages/airflow/example_dags/example_branch_operator_decorator.py for tasks to queue
[2025-12-04T23:50:22.621+0600] {logging_mixin.py:154} INFO - [2025-12-04T23:50:22.621+0600] {dagbag.py:536} INFO - Filling up the DagBag from /Users/asminsadykova/Desktop/h&m/.venv/lib/python3.9/site-packages/airflow/example_dags/example_branch_operator_decorator.py
[2025-12-04T23:50:22.647+0600] {processor.py:839} INFO - DAG(s) dict_keys(['example_branch_python_operator_decorator']) retrieved from /Users/asminsadykova/Desktop/h&m/.venv/lib/python3.9/site-packages/airflow/example_dags/example_branch_operator_decorator.py
[2025-12-04T23:50:22.716+0600] {logging_mixin.py:154} INFO - [2025-12-04T23:50:22.716+0600] {dag.py:2941} INFO - Sync 1 DAGs
[2025-12-04T23:50:22.723+0600] {logging_mixin.py:154} INFO - [2025-12-04T23:50:22.723+0600] {dag.py:3722} INFO - Setting next_dagrun for example_branch_python_operator_decorator to 2025-12-03T00:00:00+00:00, run_after=2025-12-04T00:00:00+00:00
[2025-12-04T23:50:22.731+0600] {processor.py:179} INFO - Processing /Users/asminsadykova/Desktop/h&m/.venv/lib/python3.9/site-packages/airflow/example_dags/example_branch_operator_decorator.py took 0.111 seconds
[2025-12-04T23:51:59.017+0600] {processor.py:157} INFO - Started process (PID=42038) to work on /Users/asminsadykova/Desktop/h&m/.venv/lib/python3.9/site-packages/airflow/example_dags/example_branch_operator_decorator.py
[2025-12-04T23:51:59.018+0600] {processor.py:829} INFO - Processing file /Users/asminsadykova/Desktop/h&m/.venv/lib/python3.9/site-packages/airflow/example_dags/example_branch_operator_decorator.py for tasks to queue
[2025-12-04T23:51:59.018+0600] {logging_mixin.py:154} INFO - [2025-12-04T23:51:59.018+0600] {dagbag.py:536} INFO - Filling up the DagBag from /Users/asminsadykova/Desktop/h&m/.venv/lib/python3.9/site-packages/airflow/example_dags/example_branch_operator_decorator.py
[2025-12-04T23:51:59.041+0600] {processor.py:839} INFO - DAG(s) dict_keys(['example_branch_python_operator_decorator']) retrieved from /Users/asminsadykova/Desktop/h&m/.venv/lib/python3.9/site-packages/airflow/example_dags/example_branch_operator_decorator.py
[2025-12-04T23:51:59.110+0600] {logging_mixin.py:154} INFO - [2025-12-04T23:51:59.110+0600] {dag.py:2941} INFO - Sync 1 DAGs
[2025-12-04T23:51:59.119+0600] {logging_mixin.py:154} INFO - [2025-12-04T23:51:59.119+0600] {dag.py:3722} INFO - Setting next_dagrun for example_branch_python_operator_decorator to 2025-12-03T00:00:00+00:00, run_after=2025-12-04T00:00:00+00:00
[2025-12-04T23:51:59.130+0600] {processor.py:179} INFO - Processing /Users/asminsadykova/Desktop/h&m/.venv/lib/python3.9/site-packages/airflow/example_dags/example_branch_operator_decorator.py took 0.114 seconds
[2025-12-04T23:53:36.836+0600] {processor.py:157} INFO - Started process (PID=42139) to work on /Users/asminsadykova/Desktop/h&m/.venv/lib/python3.9/site-packages/airflow/example_dags/example_branch_operator_decorator.py
[2025-12-04T23:53:36.837+0600] {processor.py:829} INFO - Processing file /Users/asminsadykova/Desktop/h&m/.venv/lib/python3.9/site-packages/airflow/example_dags/example_branch_operator_decorator.py for tasks to queue
[2025-12-04T23:53:36.838+0600] {logging_mixin.py:154} INFO - [2025-12-04T23:53:36.837+0600] {dagbag.py:536} INFO - Filling up the DagBag from /Users/asminsadykova/Desktop/h&m/.venv/lib/python3.9/site-packages/airflow/example_dags/example_branch_operator_decorator.py
[2025-12-04T23:53:36.869+0600] {processor.py:839} INFO - DAG(s) dict_keys(['example_branch_python_operator_decorator']) retrieved from /Users/asminsadykova/Desktop/h&m/.venv/lib/python3.9/site-packages/airflow/example_dags/example_branch_operator_decorator.py
[2025-12-04T23:53:36.946+0600] {logging_mixin.py:154} INFO - [2025-12-04T23:53:36.946+0600] {dag.py:2941} INFO - Sync 1 DAGs
[2025-12-04T23:53:36.954+0600] {logging_mixin.py:154} INFO - [2025-12-04T23:53:36.954+0600] {dag.py:3722} INFO - Setting next_dagrun for example_branch_python_operator_decorator to 2025-12-03T00:00:00+00:00, run_after=2025-12-04T00:00:00+00:00
[2025-12-04T23:53:36.963+0600] {processor.py:179} INFO - Processing /Users/asminsadykova/Desktop/h&m/.venv/lib/python3.9/site-packages/airflow/example_dags/example_branch_operator_decorator.py took 0.128 seconds
[2025-12-04T23:55:02.865+0600] {processor.py:157} INFO - Started process (PID=42216) to work on /Users/asminsadykova/Desktop/h&m/.venv/lib/python3.9/site-packages/airflow/example_dags/example_branch_operator_decorator.py
[2025-12-04T23:55:02.865+0600] {processor.py:829} INFO - Processing file /Users/asminsadykova/Desktop/h&m/.venv/lib/python3.9/site-packages/airflow/example_dags/example_branch_operator_decorator.py for tasks to queue
[2025-12-04T23:55:02.866+0600] {logging_mixin.py:154} INFO - [2025-12-04T23:55:02.866+0600] {dagbag.py:536} INFO - Filling up the DagBag from /Users/asminsadykova/Desktop/h&m/.venv/lib/python3.9/site-packages/airflow/example_dags/example_branch_operator_decorator.py
[2025-12-04T23:55:02.893+0600] {processor.py:839} INFO - DAG(s) dict_keys(['example_branch_python_operator_decorator']) retrieved from /Users/asminsadykova/Desktop/h&m/.venv/lib/python3.9/site-packages/airflow/example_dags/example_branch_operator_decorator.py
[2025-12-04T23:55:02.971+0600] {logging_mixin.py:154} INFO - [2025-12-04T23:55:02.971+0600] {dag.py:2941} INFO - Sync 1 DAGs
[2025-12-04T23:55:02.979+0600] {logging_mixin.py:154} INFO - [2025-12-04T23:55:02.979+0600] {dag.py:3722} INFO - Setting next_dagrun for example_branch_python_operator_decorator to 2025-12-03T00:00:00+00:00, run_after=2025-12-04T00:00:00+00:00
[2025-12-04T23:55:02.988+0600] {processor.py:179} INFO - Processing /Users/asminsadykova/Desktop/h&m/.venv/lib/python3.9/site-packages/airflow/example_dags/example_branch_operator_decorator.py took 0.124 seconds
[2025-12-04T23:56:32.284+0600] {processor.py:157} INFO - Started process (PID=42291) to work on /Users/asminsadykova/Desktop/h&m/.venv/lib/python3.9/site-packages/airflow/example_dags/example_branch_operator_decorator.py
[2025-12-04T23:56:32.285+0600] {processor.py:829} INFO - Processing file /Users/asminsadykova/Desktop/h&m/.venv/lib/python3.9/site-packages/airflow/example_dags/example_branch_operator_decorator.py for tasks to queue
[2025-12-04T23:56:32.285+0600] {logging_mixin.py:154} INFO - [2025-12-04T23:56:32.285+0600] {dagbag.py:536} INFO - Filling up the DagBag from /Users/asminsadykova/Desktop/h&m/.venv/lib/python3.9/site-packages/airflow/example_dags/example_branch_operator_decorator.py
[2025-12-04T23:56:32.308+0600] {processor.py:839} INFO - DAG(s) dict_keys(['example_branch_python_operator_decorator']) retrieved from /Users/asminsadykova/Desktop/h&m/.venv/lib/python3.9/site-packages/airflow/example_dags/example_branch_operator_decorator.py
[2025-12-04T23:56:32.375+0600] {logging_mixin.py:154} INFO - [2025-12-04T23:56:32.375+0600] {dag.py:2941} INFO - Sync 1 DAGs
[2025-12-04T23:56:32.382+0600] {logging_mixin.py:154} INFO - [2025-12-04T23:56:32.382+0600] {dag.py:3722} INFO - Setting next_dagrun for example_branch_python_operator_decorator to 2025-12-03T00:00:00+00:00, run_after=2025-12-04T00:00:00+00:00
[2025-12-04T23:56:32.391+0600] {processor.py:179} INFO - Processing /Users/asminsadykova/Desktop/h&m/.venv/lib/python3.9/site-packages/airflow/example_dags/example_branch_operator_decorator.py took 0.108 seconds
[2025-12-04T23:58:01.235+0600] {processor.py:157} INFO - Started process (PID=42374) to work on /Users/asminsadykova/Desktop/h&m/.venv/lib/python3.9/site-packages/airflow/example_dags/example_branch_operator_decorator.py
[2025-12-04T23:58:01.236+0600] {processor.py:829} INFO - Processing file /Users/asminsadykova/Desktop/h&m/.venv/lib/python3.9/site-packages/airflow/example_dags/example_branch_operator_decorator.py for tasks to queue
[2025-12-04T23:58:01.236+0600] {logging_mixin.py:154} INFO - [2025-12-04T23:58:01.236+0600] {dagbag.py:536} INFO - Filling up the DagBag from /Users/asminsadykova/Desktop/h&m/.venv/lib/python3.9/site-packages/airflow/example_dags/example_branch_operator_decorator.py
[2025-12-04T23:58:01.262+0600] {processor.py:839} INFO - DAG(s) dict_keys(['example_branch_python_operator_decorator']) retrieved from /Users/asminsadykova/Desktop/h&m/.venv/lib/python3.9/site-packages/airflow/example_dags/example_branch_operator_decorator.py
[2025-12-04T23:58:01.332+0600] {logging_mixin.py:154} INFO - [2025-12-04T23:58:01.332+0600] {dag.py:2941} INFO - Sync 1 DAGs
[2025-12-04T23:58:01.340+0600] {logging_mixin.py:154} INFO - [2025-12-04T23:58:01.339+0600] {dag.py:3722} INFO - Setting next_dagrun for example_branch_python_operator_decorator to 2025-12-03T00:00:00+00:00, run_after=2025-12-04T00:00:00+00:00
[2025-12-04T23:58:01.347+0600] {processor.py:179} INFO - Processing /Users/asminsadykova/Desktop/h&m/.venv/lib/python3.9/site-packages/airflow/example_dags/example_branch_operator_decorator.py took 0.113 seconds
[2025-12-04T23:59:29.491+0600] {processor.py:157} INFO - Started process (PID=42622) to work on /Users/asminsadykova/Desktop/h&m/.venv/lib/python3.9/site-packages/airflow/example_dags/example_branch_operator_decorator.py
[2025-12-04T23:59:29.492+0600] {processor.py:829} INFO - Processing file /Users/asminsadykova/Desktop/h&m/.venv/lib/python3.9/site-packages/airflow/example_dags/example_branch_operator_decorator.py for tasks to queue
[2025-12-04T23:59:29.492+0600] {logging_mixin.py:154} INFO - [2025-12-04T23:59:29.492+0600] {dagbag.py:536} INFO - Filling up the DagBag from /Users/asminsadykova/Desktop/h&m/.venv/lib/python3.9/site-packages/airflow/example_dags/example_branch_operator_decorator.py
[2025-12-04T23:59:29.517+0600] {processor.py:839} INFO - DAG(s) dict_keys(['example_branch_python_operator_decorator']) retrieved from /Users/asminsadykova/Desktop/h&m/.venv/lib/python3.9/site-packages/airflow/example_dags/example_branch_operator_decorator.py
[2025-12-04T23:59:29.588+0600] {logging_mixin.py:154} INFO - [2025-12-04T23:59:29.588+0600] {dag.py:2941} INFO - Sync 1 DAGs
[2025-12-04T23:59:29.596+0600] {logging_mixin.py:154} INFO - [2025-12-04T23:59:29.596+0600] {dag.py:3722} INFO - Setting next_dagrun for example_branch_python_operator_decorator to 2025-12-03T00:00:00+00:00, run_after=2025-12-04T00:00:00+00:00
[2025-12-04T23:59:29.604+0600] {processor.py:179} INFO - Processing /Users/asminsadykova/Desktop/h&m/.venv/lib/python3.9/site-packages/airflow/example_dags/example_branch_operator_decorator.py took 0.114 seconds
[2025-12-05T00:01:05.411+0600] {processor.py:157} INFO - Started process (PID=42838) to work on /Users/asminsadykova/Desktop/h&m/.venv/lib/python3.9/site-packages/airflow/example_dags/example_branch_operator_decorator.py
[2025-12-05T00:01:05.412+0600] {processor.py:829} INFO - Processing file /Users/asminsadykova/Desktop/h&m/.venv/lib/python3.9/site-packages/airflow/example_dags/example_branch_operator_decorator.py for tasks to queue
[2025-12-05T00:01:05.412+0600] {logging_mixin.py:154} INFO - [2025-12-05T00:01:05.412+0600] {dagbag.py:536} INFO - Filling up the DagBag from /Users/asminsadykova/Desktop/h&m/.venv/lib/python3.9/site-packages/airflow/example_dags/example_branch_operator_decorator.py
[2025-12-05T00:01:05.440+0600] {processor.py:839} INFO - DAG(s) dict_keys(['example_branch_python_operator_decorator']) retrieved from /Users/asminsadykova/Desktop/h&m/.venv/lib/python3.9/site-packages/airflow/example_dags/example_branch_operator_decorator.py
[2025-12-05T00:01:05.519+0600] {logging_mixin.py:154} INFO - [2025-12-05T00:01:05.519+0600] {dag.py:2941} INFO - Sync 1 DAGs
[2025-12-05T00:01:05.527+0600] {logging_mixin.py:154} INFO - [2025-12-05T00:01:05.527+0600] {dag.py:3722} INFO - Setting next_dagrun for example_branch_python_operator_decorator to 2025-12-03T00:00:00+00:00, run_after=2025-12-04T00:00:00+00:00
[2025-12-05T00:01:05.536+0600] {processor.py:179} INFO - Processing /Users/asminsadykova/Desktop/h&m/.venv/lib/python3.9/site-packages/airflow/example_dags/example_branch_operator_decorator.py took 0.126 seconds
[2025-12-05T00:02:37.922+0600] {processor.py:157} INFO - Started process (PID=42930) to work on /Users/asminsadykova/Desktop/h&m/.venv/lib/python3.9/site-packages/airflow/example_dags/example_branch_operator_decorator.py
[2025-12-05T00:02:37.923+0600] {processor.py:829} INFO - Processing file /Users/asminsadykova/Desktop/h&m/.venv/lib/python3.9/site-packages/airflow/example_dags/example_branch_operator_decorator.py for tasks to queue
[2025-12-05T00:02:37.924+0600] {logging_mixin.py:154} INFO - [2025-12-05T00:02:37.924+0600] {dagbag.py:536} INFO - Filling up the DagBag from /Users/asminsadykova/Desktop/h&m/.venv/lib/python3.9/site-packages/airflow/example_dags/example_branch_operator_decorator.py
[2025-12-05T00:02:37.947+0600] {processor.py:839} INFO - DAG(s) dict_keys(['example_branch_python_operator_decorator']) retrieved from /Users/asminsadykova/Desktop/h&m/.venv/lib/python3.9/site-packages/airflow/example_dags/example_branch_operator_decorator.py
[2025-12-05T00:02:38.016+0600] {logging_mixin.py:154} INFO - [2025-12-05T00:02:38.016+0600] {dag.py:2941} INFO - Sync 1 DAGs
[2025-12-05T00:02:38.024+0600] {logging_mixin.py:154} INFO - [2025-12-05T00:02:38.023+0600] {dag.py:3722} INFO - Setting next_dagrun for example_branch_python_operator_decorator to 2025-12-03T00:00:00+00:00, run_after=2025-12-04T00:00:00+00:00
[2025-12-05T00:02:38.033+0600] {processor.py:179} INFO - Processing /Users/asminsadykova/Desktop/h&m/.venv/lib/python3.9/site-packages/airflow/example_dags/example_branch_operator_decorator.py took 0.112 seconds
[2025-12-05T00:04:09.487+0600] {processor.py:157} INFO - Started process (PID=43074) to work on /Users/asminsadykova/Desktop/h&m/.venv/lib/python3.9/site-packages/airflow/example_dags/example_branch_operator_decorator.py
[2025-12-05T00:04:09.489+0600] {processor.py:829} INFO - Processing file /Users/asminsadykova/Desktop/h&m/.venv/lib/python3.9/site-packages/airflow/example_dags/example_branch_operator_decorator.py for tasks to queue
[2025-12-05T00:04:09.489+0600] {logging_mixin.py:154} INFO - [2025-12-05T00:04:09.489+0600] {dagbag.py:536} INFO - Filling up the DagBag from /Users/asminsadykova/Desktop/h&m/.venv/lib/python3.9/site-packages/airflow/example_dags/example_branch_operator_decorator.py
[2025-12-05T00:04:09.517+0600] {processor.py:839} INFO - DAG(s) dict_keys(['example_branch_python_operator_decorator']) retrieved from /Users/asminsadykova/Desktop/h&m/.venv/lib/python3.9/site-packages/airflow/example_dags/example_branch_operator_decorator.py
[2025-12-05T00:04:09.595+0600] {logging_mixin.py:154} INFO - [2025-12-05T00:04:09.595+0600] {dag.py:2941} INFO - Sync 1 DAGs
[2025-12-05T00:04:09.603+0600] {logging_mixin.py:154} INFO - [2025-12-05T00:04:09.603+0600] {dag.py:3722} INFO - Setting next_dagrun for example_branch_python_operator_decorator to 2025-12-03T00:00:00+00:00, run_after=2025-12-04T00:00:00+00:00
[2025-12-05T00:04:09.613+0600] {processor.py:179} INFO - Processing /Users/asminsadykova/Desktop/h&m/.venv/lib/python3.9/site-packages/airflow/example_dags/example_branch_operator_decorator.py took 0.126 seconds
[2025-12-05T00:05:46.223+0600] {processor.py:157} INFO - Started process (PID=43292) to work on /Users/asminsadykova/Desktop/h&m/.venv/lib/python3.9/site-packages/airflow/example_dags/example_branch_operator_decorator.py
[2025-12-05T00:05:46.224+0600] {processor.py:829} INFO - Processing file /Users/asminsadykova/Desktop/h&m/.venv/lib/python3.9/site-packages/airflow/example_dags/example_branch_operator_decorator.py for tasks to queue
[2025-12-05T00:05:46.225+0600] {logging_mixin.py:154} INFO - [2025-12-05T00:05:46.225+0600] {dagbag.py:536} INFO - Filling up the DagBag from /Users/asminsadykova/Desktop/h&m/.venv/lib/python3.9/site-packages/airflow/example_dags/example_branch_operator_decorator.py
[2025-12-05T00:05:46.253+0600] {processor.py:839} INFO - DAG(s) dict_keys(['example_branch_python_operator_decorator']) retrieved from /Users/asminsadykova/Desktop/h&m/.venv/lib/python3.9/site-packages/airflow/example_dags/example_branch_operator_decorator.py
[2025-12-05T00:05:46.329+0600] {logging_mixin.py:154} INFO - [2025-12-05T00:05:46.329+0600] {dag.py:2941} INFO - Sync 1 DAGs
[2025-12-05T00:05:46.338+0600] {logging_mixin.py:154} INFO - [2025-12-05T00:05:46.338+0600] {dag.py:3722} INFO - Setting next_dagrun for example_branch_python_operator_decorator to 2025-12-03T00:00:00+00:00, run_after=2025-12-04T00:00:00+00:00
[2025-12-05T00:05:46.346+0600] {processor.py:179} INFO - Processing /Users/asminsadykova/Desktop/h&m/.venv/lib/python3.9/site-packages/airflow/example_dags/example_branch_operator_decorator.py took 0.123 seconds
[2025-12-05T00:07:11.095+0600] {processor.py:157} INFO - Started process (PID=43436) to work on /Users/asminsadykova/Desktop/h&m/.venv/lib/python3.9/site-packages/airflow/example_dags/example_branch_operator_decorator.py
[2025-12-05T00:07:11.096+0600] {processor.py:829} INFO - Processing file /Users/asminsadykova/Desktop/h&m/.venv/lib/python3.9/site-packages/airflow/example_dags/example_branch_operator_decorator.py for tasks to queue
[2025-12-05T00:07:11.097+0600] {logging_mixin.py:154} INFO - [2025-12-05T00:07:11.097+0600] {dagbag.py:536} INFO - Filling up the DagBag from /Users/asminsadykova/Desktop/h&m/.venv/lib/python3.9/site-packages/airflow/example_dags/example_branch_operator_decorator.py
[2025-12-05T00:07:11.120+0600] {processor.py:839} INFO - DAG(s) dict_keys(['example_branch_python_operator_decorator']) retrieved from /Users/asminsadykova/Desktop/h&m/.venv/lib/python3.9/site-packages/airflow/example_dags/example_branch_operator_decorator.py
[2025-12-05T00:07:11.189+0600] {logging_mixin.py:154} INFO - [2025-12-05T00:07:11.188+0600] {dag.py:2941} INFO - Sync 1 DAGs
[2025-12-05T00:07:11.196+0600] {logging_mixin.py:154} INFO - [2025-12-05T00:07:11.196+0600] {dag.py:3722} INFO - Setting next_dagrun for example_branch_python_operator_decorator to 2025-12-03T00:00:00+00:00, run_after=2025-12-04T00:00:00+00:00
[2025-12-05T00:07:11.204+0600] {processor.py:179} INFO - Processing /Users/asminsadykova/Desktop/h&m/.venv/lib/python3.9/site-packages/airflow/example_dags/example_branch_operator_decorator.py took 0.110 seconds
[2025-12-05T00:08:38.791+0600] {processor.py:157} INFO - Started process (PID=43595) to work on /Users/asminsadykova/Desktop/h&m/.venv/lib/python3.9/site-packages/airflow/example_dags/example_branch_operator_decorator.py
[2025-12-05T00:08:38.792+0600] {processor.py:829} INFO - Processing file /Users/asminsadykova/Desktop/h&m/.venv/lib/python3.9/site-packages/airflow/example_dags/example_branch_operator_decorator.py for tasks to queue
[2025-12-05T00:08:38.792+0600] {logging_mixin.py:154} INFO - [2025-12-05T00:08:38.792+0600] {dagbag.py:536} INFO - Filling up the DagBag from /Users/asminsadykova/Desktop/h&m/.venv/lib/python3.9/site-packages/airflow/example_dags/example_branch_operator_decorator.py
[2025-12-05T00:08:38.818+0600] {processor.py:839} INFO - DAG(s) dict_keys(['example_branch_python_operator_decorator']) retrieved from /Users/asminsadykova/Desktop/h&m/.venv/lib/python3.9/site-packages/airflow/example_dags/example_branch_operator_decorator.py
[2025-12-05T00:08:38.892+0600] {logging_mixin.py:154} INFO - [2025-12-05T00:08:38.892+0600] {dag.py:2941} INFO - Sync 1 DAGs
[2025-12-05T00:08:38.899+0600] {logging_mixin.py:154} INFO - [2025-12-05T00:08:38.899+0600] {dag.py:3722} INFO - Setting next_dagrun for example_branch_python_operator_decorator to 2025-12-03T00:00:00+00:00, run_after=2025-12-04T00:00:00+00:00
[2025-12-05T00:08:38.908+0600] {processor.py:179} INFO - Processing /Users/asminsadykova/Desktop/h&m/.venv/lib/python3.9/site-packages/airflow/example_dags/example_branch_operator_decorator.py took 0.118 seconds
[2025-12-05T00:10:13.949+0600] {processor.py:157} INFO - Started process (PID=43753) to work on /Users/asminsadykova/Desktop/h&m/.venv/lib/python3.9/site-packages/airflow/example_dags/example_branch_operator_decorator.py
[2025-12-05T00:10:13.951+0600] {processor.py:829} INFO - Processing file /Users/asminsadykova/Desktop/h&m/.venv/lib/python3.9/site-packages/airflow/example_dags/example_branch_operator_decorator.py for tasks to queue
[2025-12-05T00:10:13.951+0600] {logging_mixin.py:154} INFO - [2025-12-05T00:10:13.951+0600] {dagbag.py:536} INFO - Filling up the DagBag from /Users/asminsadykova/Desktop/h&m/.venv/lib/python3.9/site-packages/airflow/example_dags/example_branch_operator_decorator.py
[2025-12-05T00:10:13.976+0600] {processor.py:839} INFO - DAG(s) dict_keys(['example_branch_python_operator_decorator']) retrieved from /Users/asminsadykova/Desktop/h&m/.venv/lib/python3.9/site-packages/airflow/example_dags/example_branch_operator_decorator.py
[2025-12-05T00:10:14.061+0600] {logging_mixin.py:154} INFO - [2025-12-05T00:10:14.060+0600] {dag.py:2941} INFO - Sync 1 DAGs
[2025-12-05T00:10:14.071+0600] {logging_mixin.py:154} INFO - [2025-12-05T00:10:14.071+0600] {dag.py:3722} INFO - Setting next_dagrun for example_branch_python_operator_decorator to 2025-12-03T00:00:00+00:00, run_after=2025-12-04T00:00:00+00:00
[2025-12-05T00:10:14.081+0600] {processor.py:179} INFO - Processing /Users/asminsadykova/Desktop/h&m/.venv/lib/python3.9/site-packages/airflow/example_dags/example_branch_operator_decorator.py took 0.132 seconds
[2025-12-05T00:11:46.859+0600] {processor.py:157} INFO - Started process (PID=43913) to work on /Users/asminsadykova/Desktop/h&m/.venv/lib/python3.9/site-packages/airflow/example_dags/example_branch_operator_decorator.py
[2025-12-05T00:11:46.860+0600] {processor.py:829} INFO - Processing file /Users/asminsadykova/Desktop/h&m/.venv/lib/python3.9/site-packages/airflow/example_dags/example_branch_operator_decorator.py for tasks to queue
[2025-12-05T00:11:46.861+0600] {logging_mixin.py:154} INFO - [2025-12-05T00:11:46.861+0600] {dagbag.py:536} INFO - Filling up the DagBag from /Users/asminsadykova/Desktop/h&m/.venv/lib/python3.9/site-packages/airflow/example_dags/example_branch_operator_decorator.py
[2025-12-05T00:11:46.897+0600] {processor.py:839} INFO - DAG(s) dict_keys(['example_branch_python_operator_decorator']) retrieved from /Users/asminsadykova/Desktop/h&m/.venv/lib/python3.9/site-packages/airflow/example_dags/example_branch_operator_decorator.py
[2025-12-05T00:11:46.984+0600] {logging_mixin.py:154} INFO - [2025-12-05T00:11:46.984+0600] {dag.py:2941} INFO - Sync 1 DAGs
[2025-12-05T00:11:46.993+0600] {logging_mixin.py:154} INFO - [2025-12-05T00:11:46.993+0600] {dag.py:3722} INFO - Setting next_dagrun for example_branch_python_operator_decorator to 2025-12-03T00:00:00+00:00, run_after=2025-12-04T00:00:00+00:00
[2025-12-05T00:11:47.002+0600] {processor.py:179} INFO - Processing /Users/asminsadykova/Desktop/h&m/.venv/lib/python3.9/site-packages/airflow/example_dags/example_branch_operator_decorator.py took 0.144 seconds
