[2025-12-04T23:17:33.460+0600] {processor.py:157} INFO - Started process (PID=38911) to work on /Users/asminsadykova/Desktop/h&m/.venv/lib/python3.9/site-packages/airflow/example_dags/tutorial_dag.py
[2025-12-04T23:17:33.460+0600] {processor.py:829} INFO - Processing file /Users/asminsadykova/Desktop/h&m/.venv/lib/python3.9/site-packages/airflow/example_dags/tutorial_dag.py for tasks to queue
[2025-12-04T23:17:33.461+0600] {logging_mixin.py:154} INFO - [2025-12-04T23:17:33.460+0600] {dagbag.py:536} INFO - Filling up the DagBag from /Users/asminsadykova/Desktop/h&m/.venv/lib/python3.9/site-packages/airflow/example_dags/tutorial_dag.py
[2025-12-04T23:17:33.478+0600] {processor.py:839} INFO - DAG(s) dict_keys(['tutorial_dag']) retrieved from /Users/asminsadykova/Desktop/h&m/.venv/lib/python3.9/site-packages/airflow/example_dags/tutorial_dag.py
[2025-12-04T23:17:33.736+0600] {logging_mixin.py:154} INFO - [2025-12-04T23:17:33.736+0600] {manager.py:499} INFO - Created Permission View: %s
[2025-12-04T23:17:33.739+0600] {logging_mixin.py:154} INFO - [2025-12-04T23:17:33.739+0600] {manager.py:499} INFO - Created Permission View: %s
[2025-12-04T23:17:33.741+0600] {logging_mixin.py:154} INFO - [2025-12-04T23:17:33.741+0600] {manager.py:499} INFO - Created Permission View: %s
[2025-12-04T23:17:33.741+0600] {logging_mixin.py:154} INFO - [2025-12-04T23:17:33.741+0600] {dag.py:2941} INFO - Sync 1 DAGs
[2025-12-04T23:17:33.745+0600] {logging_mixin.py:154} INFO - [2025-12-04T23:17:33.745+0600] {dag.py:2963} INFO - Creating ORM DAG for tutorial_dag
[2025-12-04T23:17:33.745+0600] {logging_mixin.py:154} INFO - [2025-12-04T23:17:33.745+0600] {dag.py:3722} INFO - Setting next_dagrun for tutorial_dag to None, run_after=None
[2025-12-04T23:17:33.753+0600] {processor.py:179} INFO - Processing /Users/asminsadykova/Desktop/h&m/.venv/lib/python3.9/site-packages/airflow/example_dags/tutorial_dag.py took 0.294 seconds
[2025-12-04T23:18:52.639+0600] {processor.py:157} INFO - Started process (PID=39004) to work on /Users/asminsadykova/Desktop/h&m/.venv/lib/python3.9/site-packages/airflow/example_dags/tutorial_dag.py
[2025-12-04T23:18:52.639+0600] {processor.py:829} INFO - Processing file /Users/asminsadykova/Desktop/h&m/.venv/lib/python3.9/site-packages/airflow/example_dags/tutorial_dag.py for tasks to queue
[2025-12-04T23:18:52.639+0600] {logging_mixin.py:154} INFO - [2025-12-04T23:18:52.639+0600] {dagbag.py:536} INFO - Filling up the DagBag from /Users/asminsadykova/Desktop/h&m/.venv/lib/python3.9/site-packages/airflow/example_dags/tutorial_dag.py
[2025-12-04T23:18:52.656+0600] {processor.py:839} INFO - DAG(s) dict_keys(['tutorial_dag']) retrieved from /Users/asminsadykova/Desktop/h&m/.venv/lib/python3.9/site-packages/airflow/example_dags/tutorial_dag.py
[2025-12-04T23:18:52.728+0600] {logging_mixin.py:154} INFO - [2025-12-04T23:18:52.727+0600] {dag.py:2941} INFO - Sync 1 DAGs
[2025-12-04T23:18:52.731+0600] {logging_mixin.py:154} INFO - [2025-12-04T23:18:52.731+0600] {dag.py:3722} INFO - Setting next_dagrun for tutorial_dag to None, run_after=None
[2025-12-04T23:18:52.738+0600] {processor.py:179} INFO - Processing /Users/asminsadykova/Desktop/h&m/.venv/lib/python3.9/site-packages/airflow/example_dags/tutorial_dag.py took 0.100 seconds
[2025-12-04T23:19:38.441+0600] {processor.py:157} INFO - Started process (PID=39059) to work on /Users/asminsadykova/Desktop/h&m/.venv/lib/python3.9/site-packages/airflow/example_dags/tutorial_dag.py
[2025-12-04T23:19:38.442+0600] {processor.py:829} INFO - Processing file /Users/asminsadykova/Desktop/h&m/.venv/lib/python3.9/site-packages/airflow/example_dags/tutorial_dag.py for tasks to queue
[2025-12-04T23:19:38.442+0600] {logging_mixin.py:154} INFO - [2025-12-04T23:19:38.442+0600] {dagbag.py:536} INFO - Filling up the DagBag from /Users/asminsadykova/Desktop/h&m/.venv/lib/python3.9/site-packages/airflow/example_dags/tutorial_dag.py
[2025-12-04T23:19:38.458+0600] {processor.py:839} INFO - DAG(s) dict_keys(['tutorial_dag']) retrieved from /Users/asminsadykova/Desktop/h&m/.venv/lib/python3.9/site-packages/airflow/example_dags/tutorial_dag.py
[2025-12-04T23:19:38.529+0600] {logging_mixin.py:154} INFO - [2025-12-04T23:19:38.529+0600] {dag.py:2941} INFO - Sync 1 DAGs
[2025-12-04T23:19:38.533+0600] {logging_mixin.py:154} INFO - [2025-12-04T23:19:38.533+0600] {dag.py:3722} INFO - Setting next_dagrun for tutorial_dag to None, run_after=None
[2025-12-04T23:19:38.540+0600] {processor.py:179} INFO - Processing /Users/asminsadykova/Desktop/h&m/.venv/lib/python3.9/site-packages/airflow/example_dags/tutorial_dag.py took 0.099 seconds
[2025-12-04T23:20:22.465+0600] {processor.py:157} INFO - Started process (PID=39109) to work on /Users/asminsadykova/Desktop/h&m/.venv/lib/python3.9/site-packages/airflow/example_dags/tutorial_dag.py
[2025-12-04T23:20:22.466+0600] {processor.py:829} INFO - Processing file /Users/asminsadykova/Desktop/h&m/.venv/lib/python3.9/site-packages/airflow/example_dags/tutorial_dag.py for tasks to queue
[2025-12-04T23:20:22.467+0600] {logging_mixin.py:154} INFO - [2025-12-04T23:20:22.466+0600] {dagbag.py:536} INFO - Filling up the DagBag from /Users/asminsadykova/Desktop/h&m/.venv/lib/python3.9/site-packages/airflow/example_dags/tutorial_dag.py
[2025-12-04T23:20:22.484+0600] {processor.py:839} INFO - DAG(s) dict_keys(['tutorial_dag']) retrieved from /Users/asminsadykova/Desktop/h&m/.venv/lib/python3.9/site-packages/airflow/example_dags/tutorial_dag.py
[2025-12-04T23:20:22.558+0600] {logging_mixin.py:154} INFO - [2025-12-04T23:20:22.558+0600] {dag.py:2941} INFO - Sync 1 DAGs
[2025-12-04T23:20:22.561+0600] {logging_mixin.py:154} INFO - [2025-12-04T23:20:22.561+0600] {dag.py:3722} INFO - Setting next_dagrun for tutorial_dag to None, run_after=None
[2025-12-04T23:20:22.568+0600] {processor.py:179} INFO - Processing /Users/asminsadykova/Desktop/h&m/.venv/lib/python3.9/site-packages/airflow/example_dags/tutorial_dag.py took 0.104 seconds
[2025-12-04T23:21:03.286+0600] {processor.py:157} INFO - Started process (PID=39149) to work on /Users/asminsadykova/Desktop/h&m/.venv/lib/python3.9/site-packages/airflow/example_dags/tutorial_dag.py
[2025-12-04T23:21:03.286+0600] {processor.py:829} INFO - Processing file /Users/asminsadykova/Desktop/h&m/.venv/lib/python3.9/site-packages/airflow/example_dags/tutorial_dag.py for tasks to queue
[2025-12-04T23:21:03.287+0600] {logging_mixin.py:154} INFO - [2025-12-04T23:21:03.286+0600] {dagbag.py:536} INFO - Filling up the DagBag from /Users/asminsadykova/Desktop/h&m/.venv/lib/python3.9/site-packages/airflow/example_dags/tutorial_dag.py
[2025-12-04T23:21:03.302+0600] {processor.py:839} INFO - DAG(s) dict_keys(['tutorial_dag']) retrieved from /Users/asminsadykova/Desktop/h&m/.venv/lib/python3.9/site-packages/airflow/example_dags/tutorial_dag.py
[2025-12-04T23:21:03.372+0600] {logging_mixin.py:154} INFO - [2025-12-04T23:21:03.372+0600] {dag.py:2941} INFO - Sync 1 DAGs
[2025-12-04T23:21:03.376+0600] {logging_mixin.py:154} INFO - [2025-12-04T23:21:03.376+0600] {dag.py:3722} INFO - Setting next_dagrun for tutorial_dag to None, run_after=None
[2025-12-04T23:21:03.383+0600] {processor.py:179} INFO - Processing /Users/asminsadykova/Desktop/h&m/.venv/lib/python3.9/site-packages/airflow/example_dags/tutorial_dag.py took 0.098 seconds
[2025-12-04T23:21:48.742+0600] {processor.py:157} INFO - Started process (PID=39217) to work on /Users/asminsadykova/Desktop/h&m/.venv/lib/python3.9/site-packages/airflow/example_dags/tutorial_dag.py
[2025-12-04T23:21:48.742+0600] {processor.py:829} INFO - Processing file /Users/asminsadykova/Desktop/h&m/.venv/lib/python3.9/site-packages/airflow/example_dags/tutorial_dag.py for tasks to queue
[2025-12-04T23:21:48.742+0600] {logging_mixin.py:154} INFO - [2025-12-04T23:21:48.742+0600] {dagbag.py:536} INFO - Filling up the DagBag from /Users/asminsadykova/Desktop/h&m/.venv/lib/python3.9/site-packages/airflow/example_dags/tutorial_dag.py
[2025-12-04T23:21:48.759+0600] {processor.py:839} INFO - DAG(s) dict_keys(['tutorial_dag']) retrieved from /Users/asminsadykova/Desktop/h&m/.venv/lib/python3.9/site-packages/airflow/example_dags/tutorial_dag.py
[2025-12-04T23:21:48.835+0600] {logging_mixin.py:154} INFO - [2025-12-04T23:21:48.835+0600] {dag.py:2941} INFO - Sync 1 DAGs
[2025-12-04T23:21:48.839+0600] {logging_mixin.py:154} INFO - [2025-12-04T23:21:48.839+0600] {dag.py:3722} INFO - Setting next_dagrun for tutorial_dag to None, run_after=None
[2025-12-04T23:21:48.847+0600] {processor.py:179} INFO - Processing /Users/asminsadykova/Desktop/h&m/.venv/lib/python3.9/site-packages/airflow/example_dags/tutorial_dag.py took 0.106 seconds
[2025-12-04T23:22:29.234+0600] {processor.py:157} INFO - Started process (PID=39255) to work on /Users/asminsadykova/Desktop/h&m/.venv/lib/python3.9/site-packages/airflow/example_dags/tutorial_dag.py
[2025-12-04T23:22:29.235+0600] {processor.py:829} INFO - Processing file /Users/asminsadykova/Desktop/h&m/.venv/lib/python3.9/site-packages/airflow/example_dags/tutorial_dag.py for tasks to queue
[2025-12-04T23:22:29.236+0600] {logging_mixin.py:154} INFO - [2025-12-04T23:22:29.235+0600] {dagbag.py:536} INFO - Filling up the DagBag from /Users/asminsadykova/Desktop/h&m/.venv/lib/python3.9/site-packages/airflow/example_dags/tutorial_dag.py
[2025-12-04T23:22:29.251+0600] {processor.py:839} INFO - DAG(s) dict_keys(['tutorial_dag']) retrieved from /Users/asminsadykova/Desktop/h&m/.venv/lib/python3.9/site-packages/airflow/example_dags/tutorial_dag.py
[2025-12-04T23:22:29.322+0600] {logging_mixin.py:154} INFO - [2025-12-04T23:22:29.322+0600] {dag.py:2941} INFO - Sync 1 DAGs
[2025-12-04T23:22:29.326+0600] {logging_mixin.py:154} INFO - [2025-12-04T23:22:29.326+0600] {dag.py:3722} INFO - Setting next_dagrun for tutorial_dag to None, run_after=None
[2025-12-04T23:22:29.335+0600] {processor.py:179} INFO - Processing /Users/asminsadykova/Desktop/h&m/.venv/lib/python3.9/site-packages/airflow/example_dags/tutorial_dag.py took 0.102 seconds
[2025-12-04T23:23:14.359+0600] {processor.py:157} INFO - Started process (PID=39292) to work on /Users/asminsadykova/Desktop/h&m/.venv/lib/python3.9/site-packages/airflow/example_dags/tutorial_dag.py
[2025-12-04T23:23:14.361+0600] {processor.py:829} INFO - Processing file /Users/asminsadykova/Desktop/h&m/.venv/lib/python3.9/site-packages/airflow/example_dags/tutorial_dag.py for tasks to queue
[2025-12-04T23:23:14.361+0600] {logging_mixin.py:154} INFO - [2025-12-04T23:23:14.361+0600] {dagbag.py:536} INFO - Filling up the DagBag from /Users/asminsadykova/Desktop/h&m/.venv/lib/python3.9/site-packages/airflow/example_dags/tutorial_dag.py
[2025-12-04T23:23:14.376+0600] {processor.py:839} INFO - DAG(s) dict_keys(['tutorial_dag']) retrieved from /Users/asminsadykova/Desktop/h&m/.venv/lib/python3.9/site-packages/airflow/example_dags/tutorial_dag.py
[2025-12-04T23:23:14.445+0600] {logging_mixin.py:154} INFO - [2025-12-04T23:23:14.445+0600] {dag.py:2941} INFO - Sync 1 DAGs
[2025-12-04T23:23:14.449+0600] {logging_mixin.py:154} INFO - [2025-12-04T23:23:14.449+0600] {dag.py:3722} INFO - Setting next_dagrun for tutorial_dag to None, run_after=None
[2025-12-04T23:23:14.456+0600] {processor.py:179} INFO - Processing /Users/asminsadykova/Desktop/h&m/.venv/lib/python3.9/site-packages/airflow/example_dags/tutorial_dag.py took 0.097 seconds
[2025-12-04T23:24:03.002+0600] {processor.py:157} INFO - Started process (PID=39454) to work on /Users/asminsadykova/Desktop/h&m/.venv/lib/python3.9/site-packages/airflow/example_dags/tutorial_dag.py
[2025-12-04T23:24:03.002+0600] {processor.py:829} INFO - Processing file /Users/asminsadykova/Desktop/h&m/.venv/lib/python3.9/site-packages/airflow/example_dags/tutorial_dag.py for tasks to queue
[2025-12-04T23:24:03.002+0600] {logging_mixin.py:154} INFO - [2025-12-04T23:24:03.002+0600] {dagbag.py:536} INFO - Filling up the DagBag from /Users/asminsadykova/Desktop/h&m/.venv/lib/python3.9/site-packages/airflow/example_dags/tutorial_dag.py
[2025-12-04T23:24:03.019+0600] {processor.py:839} INFO - DAG(s) dict_keys(['tutorial_dag']) retrieved from /Users/asminsadykova/Desktop/h&m/.venv/lib/python3.9/site-packages/airflow/example_dags/tutorial_dag.py
[2025-12-04T23:24:03.088+0600] {logging_mixin.py:154} INFO - [2025-12-04T23:24:03.088+0600] {dag.py:2941} INFO - Sync 1 DAGs
[2025-12-04T23:24:03.092+0600] {logging_mixin.py:154} INFO - [2025-12-04T23:24:03.092+0600] {dag.py:3722} INFO - Setting next_dagrun for tutorial_dag to None, run_after=None
[2025-12-04T23:24:03.099+0600] {processor.py:179} INFO - Processing /Users/asminsadykova/Desktop/h&m/.venv/lib/python3.9/site-packages/airflow/example_dags/tutorial_dag.py took 0.099 seconds
[2025-12-04T23:24:50.974+0600] {processor.py:157} INFO - Started process (PID=39492) to work on /Users/asminsadykova/Desktop/h&m/.venv/lib/python3.9/site-packages/airflow/example_dags/tutorial_dag.py
[2025-12-04T23:24:50.976+0600] {processor.py:829} INFO - Processing file /Users/asminsadykova/Desktop/h&m/.venv/lib/python3.9/site-packages/airflow/example_dags/tutorial_dag.py for tasks to queue
[2025-12-04T23:24:50.976+0600] {logging_mixin.py:154} INFO - [2025-12-04T23:24:50.976+0600] {dagbag.py:536} INFO - Filling up the DagBag from /Users/asminsadykova/Desktop/h&m/.venv/lib/python3.9/site-packages/airflow/example_dags/tutorial_dag.py
[2025-12-04T23:24:50.992+0600] {processor.py:839} INFO - DAG(s) dict_keys(['tutorial_dag']) retrieved from /Users/asminsadykova/Desktop/h&m/.venv/lib/python3.9/site-packages/airflow/example_dags/tutorial_dag.py
[2025-12-04T23:24:51.062+0600] {logging_mixin.py:154} INFO - [2025-12-04T23:24:51.061+0600] {dag.py:2941} INFO - Sync 1 DAGs
[2025-12-04T23:24:51.065+0600] {logging_mixin.py:154} INFO - [2025-12-04T23:24:51.065+0600] {dag.py:3722} INFO - Setting next_dagrun for tutorial_dag to None, run_after=None
[2025-12-04T23:24:51.072+0600] {processor.py:179} INFO - Processing /Users/asminsadykova/Desktop/h&m/.venv/lib/python3.9/site-packages/airflow/example_dags/tutorial_dag.py took 0.099 seconds
[2025-12-04T23:25:37.882+0600] {processor.py:157} INFO - Started process (PID=39542) to work on /Users/asminsadykova/Desktop/h&m/.venv/lib/python3.9/site-packages/airflow/example_dags/tutorial_dag.py
[2025-12-04T23:25:37.883+0600] {processor.py:829} INFO - Processing file /Users/asminsadykova/Desktop/h&m/.venv/lib/python3.9/site-packages/airflow/example_dags/tutorial_dag.py for tasks to queue
[2025-12-04T23:25:37.884+0600] {logging_mixin.py:154} INFO - [2025-12-04T23:25:37.883+0600] {dagbag.py:536} INFO - Filling up the DagBag from /Users/asminsadykova/Desktop/h&m/.venv/lib/python3.9/site-packages/airflow/example_dags/tutorial_dag.py
[2025-12-04T23:25:37.902+0600] {processor.py:839} INFO - DAG(s) dict_keys(['tutorial_dag']) retrieved from /Users/asminsadykova/Desktop/h&m/.venv/lib/python3.9/site-packages/airflow/example_dags/tutorial_dag.py
[2025-12-04T23:25:37.972+0600] {logging_mixin.py:154} INFO - [2025-12-04T23:25:37.972+0600] {dag.py:2941} INFO - Sync 1 DAGs
[2025-12-04T23:25:37.976+0600] {logging_mixin.py:154} INFO - [2025-12-04T23:25:37.976+0600] {dag.py:3722} INFO - Setting next_dagrun for tutorial_dag to None, run_after=None
[2025-12-04T23:25:37.983+0600] {processor.py:179} INFO - Processing /Users/asminsadykova/Desktop/h&m/.venv/lib/python3.9/site-packages/airflow/example_dags/tutorial_dag.py took 0.102 seconds
[2025-12-04T23:26:24.653+0600] {processor.py:157} INFO - Started process (PID=39590) to work on /Users/asminsadykova/Desktop/h&m/.venv/lib/python3.9/site-packages/airflow/example_dags/tutorial_dag.py
[2025-12-04T23:26:24.655+0600] {processor.py:829} INFO - Processing file /Users/asminsadykova/Desktop/h&m/.venv/lib/python3.9/site-packages/airflow/example_dags/tutorial_dag.py for tasks to queue
[2025-12-04T23:26:24.655+0600] {logging_mixin.py:154} INFO - [2025-12-04T23:26:24.655+0600] {dagbag.py:536} INFO - Filling up the DagBag from /Users/asminsadykova/Desktop/h&m/.venv/lib/python3.9/site-packages/airflow/example_dags/tutorial_dag.py
[2025-12-04T23:26:24.672+0600] {processor.py:839} INFO - DAG(s) dict_keys(['tutorial_dag']) retrieved from /Users/asminsadykova/Desktop/h&m/.venv/lib/python3.9/site-packages/airflow/example_dags/tutorial_dag.py
[2025-12-04T23:26:24.740+0600] {logging_mixin.py:154} INFO - [2025-12-04T23:26:24.740+0600] {dag.py:2941} INFO - Sync 1 DAGs
[2025-12-04T23:26:24.743+0600] {logging_mixin.py:154} INFO - [2025-12-04T23:26:24.743+0600] {dag.py:3722} INFO - Setting next_dagrun for tutorial_dag to None, run_after=None
[2025-12-04T23:26:24.751+0600] {processor.py:179} INFO - Processing /Users/asminsadykova/Desktop/h&m/.venv/lib/python3.9/site-packages/airflow/example_dags/tutorial_dag.py took 0.098 seconds
[2025-12-04T23:27:15.034+0600] {processor.py:157} INFO - Started process (PID=39637) to work on /Users/asminsadykova/Desktop/h&m/.venv/lib/python3.9/site-packages/airflow/example_dags/tutorial_dag.py
[2025-12-04T23:27:15.035+0600] {processor.py:829} INFO - Processing file /Users/asminsadykova/Desktop/h&m/.venv/lib/python3.9/site-packages/airflow/example_dags/tutorial_dag.py for tasks to queue
[2025-12-04T23:27:15.035+0600] {logging_mixin.py:154} INFO - [2025-12-04T23:27:15.035+0600] {dagbag.py:536} INFO - Filling up the DagBag from /Users/asminsadykova/Desktop/h&m/.venv/lib/python3.9/site-packages/airflow/example_dags/tutorial_dag.py
[2025-12-04T23:27:15.052+0600] {processor.py:839} INFO - DAG(s) dict_keys(['tutorial_dag']) retrieved from /Users/asminsadykova/Desktop/h&m/.venv/lib/python3.9/site-packages/airflow/example_dags/tutorial_dag.py
[2025-12-04T23:27:15.124+0600] {logging_mixin.py:154} INFO - [2025-12-04T23:27:15.124+0600] {dag.py:2941} INFO - Sync 1 DAGs
[2025-12-04T23:27:15.128+0600] {logging_mixin.py:154} INFO - [2025-12-04T23:27:15.128+0600] {dag.py:3722} INFO - Setting next_dagrun for tutorial_dag to None, run_after=None
[2025-12-04T23:27:15.140+0600] {processor.py:179} INFO - Processing /Users/asminsadykova/Desktop/h&m/.venv/lib/python3.9/site-packages/airflow/example_dags/tutorial_dag.py took 0.107 seconds
[2025-12-04T23:28:02.667+0600] {processor.py:157} INFO - Started process (PID=39686) to work on /Users/asminsadykova/Desktop/h&m/.venv/lib/python3.9/site-packages/airflow/example_dags/tutorial_dag.py
[2025-12-04T23:28:02.668+0600] {processor.py:829} INFO - Processing file /Users/asminsadykova/Desktop/h&m/.venv/lib/python3.9/site-packages/airflow/example_dags/tutorial_dag.py for tasks to queue
[2025-12-04T23:28:02.668+0600] {logging_mixin.py:154} INFO - [2025-12-04T23:28:02.668+0600] {dagbag.py:536} INFO - Filling up the DagBag from /Users/asminsadykova/Desktop/h&m/.venv/lib/python3.9/site-packages/airflow/example_dags/tutorial_dag.py
[2025-12-04T23:28:02.684+0600] {processor.py:839} INFO - DAG(s) dict_keys(['tutorial_dag']) retrieved from /Users/asminsadykova/Desktop/h&m/.venv/lib/python3.9/site-packages/airflow/example_dags/tutorial_dag.py
[2025-12-04T23:28:02.757+0600] {logging_mixin.py:154} INFO - [2025-12-04T23:28:02.757+0600] {dag.py:2941} INFO - Sync 1 DAGs
[2025-12-04T23:28:02.760+0600] {logging_mixin.py:154} INFO - [2025-12-04T23:28:02.760+0600] {dag.py:3722} INFO - Setting next_dagrun for tutorial_dag to None, run_after=None
[2025-12-04T23:28:02.768+0600] {processor.py:179} INFO - Processing /Users/asminsadykova/Desktop/h&m/.venv/lib/python3.9/site-packages/airflow/example_dags/tutorial_dag.py took 0.102 seconds
[2025-12-04T23:28:44.807+0600] {processor.py:157} INFO - Started process (PID=39731) to work on /Users/asminsadykova/Desktop/h&m/.venv/lib/python3.9/site-packages/airflow/example_dags/tutorial_dag.py
[2025-12-04T23:28:44.808+0600] {processor.py:829} INFO - Processing file /Users/asminsadykova/Desktop/h&m/.venv/lib/python3.9/site-packages/airflow/example_dags/tutorial_dag.py for tasks to queue
[2025-12-04T23:28:44.808+0600] {logging_mixin.py:154} INFO - [2025-12-04T23:28:44.808+0600] {dagbag.py:536} INFO - Filling up the DagBag from /Users/asminsadykova/Desktop/h&m/.venv/lib/python3.9/site-packages/airflow/example_dags/tutorial_dag.py
[2025-12-04T23:28:44.824+0600] {processor.py:839} INFO - DAG(s) dict_keys(['tutorial_dag']) retrieved from /Users/asminsadykova/Desktop/h&m/.venv/lib/python3.9/site-packages/airflow/example_dags/tutorial_dag.py
[2025-12-04T23:28:44.897+0600] {logging_mixin.py:154} INFO - [2025-12-04T23:28:44.897+0600] {dag.py:2941} INFO - Sync 1 DAGs
[2025-12-04T23:28:44.901+0600] {logging_mixin.py:154} INFO - [2025-12-04T23:28:44.901+0600] {dag.py:3722} INFO - Setting next_dagrun for tutorial_dag to None, run_after=None
[2025-12-04T23:28:44.909+0600] {processor.py:179} INFO - Processing /Users/asminsadykova/Desktop/h&m/.venv/lib/python3.9/site-packages/airflow/example_dags/tutorial_dag.py took 0.102 seconds
[2025-12-04T23:29:25.965+0600] {processor.py:157} INFO - Started process (PID=39767) to work on /Users/asminsadykova/Desktop/h&m/.venv/lib/python3.9/site-packages/airflow/example_dags/tutorial_dag.py
[2025-12-04T23:29:25.966+0600] {processor.py:829} INFO - Processing file /Users/asminsadykova/Desktop/h&m/.venv/lib/python3.9/site-packages/airflow/example_dags/tutorial_dag.py for tasks to queue
[2025-12-04T23:29:25.966+0600] {logging_mixin.py:154} INFO - [2025-12-04T23:29:25.966+0600] {dagbag.py:536} INFO - Filling up the DagBag from /Users/asminsadykova/Desktop/h&m/.venv/lib/python3.9/site-packages/airflow/example_dags/tutorial_dag.py
[2025-12-04T23:29:25.982+0600] {processor.py:839} INFO - DAG(s) dict_keys(['tutorial_dag']) retrieved from /Users/asminsadykova/Desktop/h&m/.venv/lib/python3.9/site-packages/airflow/example_dags/tutorial_dag.py
[2025-12-04T23:29:26.055+0600] {logging_mixin.py:154} INFO - [2025-12-04T23:29:26.055+0600] {dag.py:2941} INFO - Sync 1 DAGs
[2025-12-04T23:29:26.059+0600] {logging_mixin.py:154} INFO - [2025-12-04T23:29:26.059+0600] {dag.py:3722} INFO - Setting next_dagrun for tutorial_dag to None, run_after=None
[2025-12-04T23:29:26.066+0600] {processor.py:179} INFO - Processing /Users/asminsadykova/Desktop/h&m/.venv/lib/python3.9/site-packages/airflow/example_dags/tutorial_dag.py took 0.102 seconds
[2025-12-04T23:30:08.665+0600] {processor.py:157} INFO - Started process (PID=39801) to work on /Users/asminsadykova/Desktop/h&m/.venv/lib/python3.9/site-packages/airflow/example_dags/tutorial_dag.py
[2025-12-04T23:30:08.666+0600] {processor.py:829} INFO - Processing file /Users/asminsadykova/Desktop/h&m/.venv/lib/python3.9/site-packages/airflow/example_dags/tutorial_dag.py for tasks to queue
[2025-12-04T23:30:08.666+0600] {logging_mixin.py:154} INFO - [2025-12-04T23:30:08.666+0600] {dagbag.py:536} INFO - Filling up the DagBag from /Users/asminsadykova/Desktop/h&m/.venv/lib/python3.9/site-packages/airflow/example_dags/tutorial_dag.py
[2025-12-04T23:30:08.682+0600] {processor.py:839} INFO - DAG(s) dict_keys(['tutorial_dag']) retrieved from /Users/asminsadykova/Desktop/h&m/.venv/lib/python3.9/site-packages/airflow/example_dags/tutorial_dag.py
[2025-12-04T23:30:08.751+0600] {logging_mixin.py:154} INFO - [2025-12-04T23:30:08.751+0600] {dag.py:2941} INFO - Sync 1 DAGs
[2025-12-04T23:30:08.755+0600] {logging_mixin.py:154} INFO - [2025-12-04T23:30:08.755+0600] {dag.py:3722} INFO - Setting next_dagrun for tutorial_dag to None, run_after=None
[2025-12-04T23:30:08.762+0600] {processor.py:179} INFO - Processing /Users/asminsadykova/Desktop/h&m/.venv/lib/python3.9/site-packages/airflow/example_dags/tutorial_dag.py took 0.098 seconds
[2025-12-04T23:30:49.473+0600] {processor.py:157} INFO - Started process (PID=39837) to work on /Users/asminsadykova/Desktop/h&m/.venv/lib/python3.9/site-packages/airflow/example_dags/tutorial_dag.py
[2025-12-04T23:30:49.473+0600] {processor.py:829} INFO - Processing file /Users/asminsadykova/Desktop/h&m/.venv/lib/python3.9/site-packages/airflow/example_dags/tutorial_dag.py for tasks to queue
[2025-12-04T23:30:49.474+0600] {logging_mixin.py:154} INFO - [2025-12-04T23:30:49.473+0600] {dagbag.py:536} INFO - Filling up the DagBag from /Users/asminsadykova/Desktop/h&m/.venv/lib/python3.9/site-packages/airflow/example_dags/tutorial_dag.py
[2025-12-04T23:30:49.489+0600] {processor.py:839} INFO - DAG(s) dict_keys(['tutorial_dag']) retrieved from /Users/asminsadykova/Desktop/h&m/.venv/lib/python3.9/site-packages/airflow/example_dags/tutorial_dag.py
[2025-12-04T23:30:49.560+0600] {logging_mixin.py:154} INFO - [2025-12-04T23:30:49.560+0600] {dag.py:2941} INFO - Sync 1 DAGs
[2025-12-04T23:30:49.564+0600] {logging_mixin.py:154} INFO - [2025-12-04T23:30:49.564+0600] {dag.py:3722} INFO - Setting next_dagrun for tutorial_dag to None, run_after=None
[2025-12-04T23:30:49.571+0600] {processor.py:179} INFO - Processing /Users/asminsadykova/Desktop/h&m/.venv/lib/python3.9/site-packages/airflow/example_dags/tutorial_dag.py took 0.099 seconds
[2025-12-04T23:31:29.456+0600] {processor.py:157} INFO - Started process (PID=39868) to work on /Users/asminsadykova/Desktop/h&m/.venv/lib/python3.9/site-packages/airflow/example_dags/tutorial_dag.py
[2025-12-04T23:31:29.459+0600] {processor.py:829} INFO - Processing file /Users/asminsadykova/Desktop/h&m/.venv/lib/python3.9/site-packages/airflow/example_dags/tutorial_dag.py for tasks to queue
[2025-12-04T23:31:29.459+0600] {logging_mixin.py:154} INFO - [2025-12-04T23:31:29.459+0600] {dagbag.py:536} INFO - Filling up the DagBag from /Users/asminsadykova/Desktop/h&m/.venv/lib/python3.9/site-packages/airflow/example_dags/tutorial_dag.py
[2025-12-04T23:31:29.475+0600] {processor.py:839} INFO - DAG(s) dict_keys(['tutorial_dag']) retrieved from /Users/asminsadykova/Desktop/h&m/.venv/lib/python3.9/site-packages/airflow/example_dags/tutorial_dag.py
[2025-12-04T23:31:29.546+0600] {logging_mixin.py:154} INFO - [2025-12-04T23:31:29.545+0600] {dag.py:2941} INFO - Sync 1 DAGs
[2025-12-04T23:31:29.549+0600] {logging_mixin.py:154} INFO - [2025-12-04T23:31:29.549+0600] {dag.py:3722} INFO - Setting next_dagrun for tutorial_dag to None, run_after=None
[2025-12-04T23:31:29.557+0600] {processor.py:179} INFO - Processing /Users/asminsadykova/Desktop/h&m/.venv/lib/python3.9/site-packages/airflow/example_dags/tutorial_dag.py took 0.102 seconds
[2025-12-04T23:32:13.426+0600] {processor.py:157} INFO - Started process (PID=39970) to work on /Users/asminsadykova/Desktop/h&m/.venv/lib/python3.9/site-packages/airflow/example_dags/tutorial_dag.py
[2025-12-04T23:32:13.427+0600] {processor.py:829} INFO - Processing file /Users/asminsadykova/Desktop/h&m/.venv/lib/python3.9/site-packages/airflow/example_dags/tutorial_dag.py for tasks to queue
[2025-12-04T23:32:13.427+0600] {logging_mixin.py:154} INFO - [2025-12-04T23:32:13.427+0600] {dagbag.py:536} INFO - Filling up the DagBag from /Users/asminsadykova/Desktop/h&m/.venv/lib/python3.9/site-packages/airflow/example_dags/tutorial_dag.py
[2025-12-04T23:32:13.443+0600] {processor.py:839} INFO - DAG(s) dict_keys(['tutorial_dag']) retrieved from /Users/asminsadykova/Desktop/h&m/.venv/lib/python3.9/site-packages/airflow/example_dags/tutorial_dag.py
[2025-12-04T23:32:13.513+0600] {logging_mixin.py:154} INFO - [2025-12-04T23:32:13.513+0600] {dag.py:2941} INFO - Sync 1 DAGs
[2025-12-04T23:32:13.517+0600] {logging_mixin.py:154} INFO - [2025-12-04T23:32:13.517+0600] {dag.py:3722} INFO - Setting next_dagrun for tutorial_dag to None, run_after=None
[2025-12-04T23:32:13.524+0600] {processor.py:179} INFO - Processing /Users/asminsadykova/Desktop/h&m/.venv/lib/python3.9/site-packages/airflow/example_dags/tutorial_dag.py took 0.099 seconds
[2025-12-04T23:32:58.471+0600] {processor.py:157} INFO - Started process (PID=40084) to work on /Users/asminsadykova/Desktop/h&m/.venv/lib/python3.9/site-packages/airflow/example_dags/tutorial_dag.py
[2025-12-04T23:32:58.474+0600] {processor.py:829} INFO - Processing file /Users/asminsadykova/Desktop/h&m/.venv/lib/python3.9/site-packages/airflow/example_dags/tutorial_dag.py for tasks to queue
[2025-12-04T23:32:58.474+0600] {logging_mixin.py:154} INFO - [2025-12-04T23:32:58.474+0600] {dagbag.py:536} INFO - Filling up the DagBag from /Users/asminsadykova/Desktop/h&m/.venv/lib/python3.9/site-packages/airflow/example_dags/tutorial_dag.py
[2025-12-04T23:32:58.492+0600] {processor.py:839} INFO - DAG(s) dict_keys(['tutorial_dag']) retrieved from /Users/asminsadykova/Desktop/h&m/.venv/lib/python3.9/site-packages/airflow/example_dags/tutorial_dag.py
[2025-12-04T23:32:58.562+0600] {logging_mixin.py:154} INFO - [2025-12-04T23:32:58.562+0600] {dag.py:2941} INFO - Sync 1 DAGs
[2025-12-04T23:32:58.566+0600] {logging_mixin.py:154} INFO - [2025-12-04T23:32:58.566+0600] {dag.py:3722} INFO - Setting next_dagrun for tutorial_dag to None, run_after=None
[2025-12-04T23:32:58.574+0600] {processor.py:179} INFO - Processing /Users/asminsadykova/Desktop/h&m/.venv/lib/python3.9/site-packages/airflow/example_dags/tutorial_dag.py took 0.103 seconds
[2025-12-04T23:33:38.947+0600] {processor.py:157} INFO - Started process (PID=40130) to work on /Users/asminsadykova/Desktop/h&m/.venv/lib/python3.9/site-packages/airflow/example_dags/tutorial_dag.py
[2025-12-04T23:33:38.948+0600] {processor.py:829} INFO - Processing file /Users/asminsadykova/Desktop/h&m/.venv/lib/python3.9/site-packages/airflow/example_dags/tutorial_dag.py for tasks to queue
[2025-12-04T23:33:38.949+0600] {logging_mixin.py:154} INFO - [2025-12-04T23:33:38.949+0600] {dagbag.py:536} INFO - Filling up the DagBag from /Users/asminsadykova/Desktop/h&m/.venv/lib/python3.9/site-packages/airflow/example_dags/tutorial_dag.py
[2025-12-04T23:33:38.964+0600] {processor.py:839} INFO - DAG(s) dict_keys(['tutorial_dag']) retrieved from /Users/asminsadykova/Desktop/h&m/.venv/lib/python3.9/site-packages/airflow/example_dags/tutorial_dag.py
[2025-12-04T23:33:39.034+0600] {logging_mixin.py:154} INFO - [2025-12-04T23:33:39.034+0600] {dag.py:2941} INFO - Sync 1 DAGs
[2025-12-04T23:33:39.038+0600] {logging_mixin.py:154} INFO - [2025-12-04T23:33:39.038+0600] {dag.py:3722} INFO - Setting next_dagrun for tutorial_dag to None, run_after=None
[2025-12-04T23:33:39.045+0600] {processor.py:179} INFO - Processing /Users/asminsadykova/Desktop/h&m/.venv/lib/python3.9/site-packages/airflow/example_dags/tutorial_dag.py took 0.099 seconds
[2025-12-04T23:34:22.947+0600] {processor.py:157} INFO - Started process (PID=40172) to work on /Users/asminsadykova/Desktop/h&m/.venv/lib/python3.9/site-packages/airflow/example_dags/tutorial_dag.py
[2025-12-04T23:34:22.948+0600] {processor.py:829} INFO - Processing file /Users/asminsadykova/Desktop/h&m/.venv/lib/python3.9/site-packages/airflow/example_dags/tutorial_dag.py for tasks to queue
[2025-12-04T23:34:22.948+0600] {logging_mixin.py:154} INFO - [2025-12-04T23:34:22.948+0600] {dagbag.py:536} INFO - Filling up the DagBag from /Users/asminsadykova/Desktop/h&m/.venv/lib/python3.9/site-packages/airflow/example_dags/tutorial_dag.py
[2025-12-04T23:34:22.966+0600] {processor.py:839} INFO - DAG(s) dict_keys(['tutorial_dag']) retrieved from /Users/asminsadykova/Desktop/h&m/.venv/lib/python3.9/site-packages/airflow/example_dags/tutorial_dag.py
[2025-12-04T23:34:23.035+0600] {logging_mixin.py:154} INFO - [2025-12-04T23:34:23.035+0600] {dag.py:2941} INFO - Sync 1 DAGs
[2025-12-04T23:34:23.039+0600] {logging_mixin.py:154} INFO - [2025-12-04T23:34:23.039+0600] {dag.py:3722} INFO - Setting next_dagrun for tutorial_dag to None, run_after=None
[2025-12-04T23:34:23.046+0600] {processor.py:179} INFO - Processing /Users/asminsadykova/Desktop/h&m/.venv/lib/python3.9/site-packages/airflow/example_dags/tutorial_dag.py took 0.100 seconds
[2025-12-04T23:35:08.587+0600] {processor.py:157} INFO - Started process (PID=40217) to work on /Users/asminsadykova/Desktop/h&m/.venv/lib/python3.9/site-packages/airflow/example_dags/tutorial_dag.py
[2025-12-04T23:35:08.589+0600] {processor.py:829} INFO - Processing file /Users/asminsadykova/Desktop/h&m/.venv/lib/python3.9/site-packages/airflow/example_dags/tutorial_dag.py for tasks to queue
[2025-12-04T23:35:08.589+0600] {logging_mixin.py:154} INFO - [2025-12-04T23:35:08.589+0600] {dagbag.py:536} INFO - Filling up the DagBag from /Users/asminsadykova/Desktop/h&m/.venv/lib/python3.9/site-packages/airflow/example_dags/tutorial_dag.py
[2025-12-04T23:35:08.613+0600] {processor.py:839} INFO - DAG(s) dict_keys(['tutorial_dag']) retrieved from /Users/asminsadykova/Desktop/h&m/.venv/lib/python3.9/site-packages/airflow/example_dags/tutorial_dag.py
[2025-12-04T23:35:08.690+0600] {logging_mixin.py:154} INFO - [2025-12-04T23:35:08.690+0600] {dag.py:2941} INFO - Sync 1 DAGs
[2025-12-04T23:35:08.694+0600] {logging_mixin.py:154} INFO - [2025-12-04T23:35:08.694+0600] {dag.py:3722} INFO - Setting next_dagrun for tutorial_dag to None, run_after=None
[2025-12-04T23:35:08.702+0600] {processor.py:179} INFO - Processing /Users/asminsadykova/Desktop/h&m/.venv/lib/python3.9/site-packages/airflow/example_dags/tutorial_dag.py took 0.116 seconds
[2025-12-04T23:35:57.308+0600] {processor.py:157} INFO - Started process (PID=40256) to work on /Users/asminsadykova/Desktop/h&m/.venv/lib/python3.9/site-packages/airflow/example_dags/tutorial_dag.py
[2025-12-04T23:35:57.309+0600] {processor.py:829} INFO - Processing file /Users/asminsadykova/Desktop/h&m/.venv/lib/python3.9/site-packages/airflow/example_dags/tutorial_dag.py for tasks to queue
[2025-12-04T23:35:57.309+0600] {logging_mixin.py:154} INFO - [2025-12-04T23:35:57.309+0600] {dagbag.py:536} INFO - Filling up the DagBag from /Users/asminsadykova/Desktop/h&m/.venv/lib/python3.9/site-packages/airflow/example_dags/tutorial_dag.py
[2025-12-04T23:35:57.325+0600] {processor.py:839} INFO - DAG(s) dict_keys(['tutorial_dag']) retrieved from /Users/asminsadykova/Desktop/h&m/.venv/lib/python3.9/site-packages/airflow/example_dags/tutorial_dag.py
[2025-12-04T23:35:57.398+0600] {logging_mixin.py:154} INFO - [2025-12-04T23:35:57.398+0600] {dag.py:2941} INFO - Sync 1 DAGs
[2025-12-04T23:35:57.402+0600] {logging_mixin.py:154} INFO - [2025-12-04T23:35:57.402+0600] {dag.py:3722} INFO - Setting next_dagrun for tutorial_dag to None, run_after=None
[2025-12-04T23:35:57.410+0600] {processor.py:179} INFO - Processing /Users/asminsadykova/Desktop/h&m/.venv/lib/python3.9/site-packages/airflow/example_dags/tutorial_dag.py took 0.103 seconds
[2025-12-04T23:36:45.176+0600] {processor.py:157} INFO - Started process (PID=40302) to work on /Users/asminsadykova/Desktop/h&m/.venv/lib/python3.9/site-packages/airflow/example_dags/tutorial_dag.py
[2025-12-04T23:36:45.177+0600] {processor.py:829} INFO - Processing file /Users/asminsadykova/Desktop/h&m/.venv/lib/python3.9/site-packages/airflow/example_dags/tutorial_dag.py for tasks to queue
[2025-12-04T23:36:45.177+0600] {logging_mixin.py:154} INFO - [2025-12-04T23:36:45.177+0600] {dagbag.py:536} INFO - Filling up the DagBag from /Users/asminsadykova/Desktop/h&m/.venv/lib/python3.9/site-packages/airflow/example_dags/tutorial_dag.py
[2025-12-04T23:36:45.193+0600] {processor.py:839} INFO - DAG(s) dict_keys(['tutorial_dag']) retrieved from /Users/asminsadykova/Desktop/h&m/.venv/lib/python3.9/site-packages/airflow/example_dags/tutorial_dag.py
[2025-12-04T23:36:45.262+0600] {logging_mixin.py:154} INFO - [2025-12-04T23:36:45.262+0600] {dag.py:2941} INFO - Sync 1 DAGs
[2025-12-04T23:36:45.267+0600] {logging_mixin.py:154} INFO - [2025-12-04T23:36:45.266+0600] {dag.py:3722} INFO - Setting next_dagrun for tutorial_dag to None, run_after=None
[2025-12-04T23:36:45.274+0600] {processor.py:179} INFO - Processing /Users/asminsadykova/Desktop/h&m/.venv/lib/python3.9/site-packages/airflow/example_dags/tutorial_dag.py took 0.098 seconds
[2025-12-04T23:37:30.157+0600] {processor.py:157} INFO - Started process (PID=40356) to work on /Users/asminsadykova/Desktop/h&m/.venv/lib/python3.9/site-packages/airflow/example_dags/tutorial_dag.py
[2025-12-04T23:37:30.158+0600] {processor.py:829} INFO - Processing file /Users/asminsadykova/Desktop/h&m/.venv/lib/python3.9/site-packages/airflow/example_dags/tutorial_dag.py for tasks to queue
[2025-12-04T23:37:30.158+0600] {logging_mixin.py:154} INFO - [2025-12-04T23:37:30.158+0600] {dagbag.py:536} INFO - Filling up the DagBag from /Users/asminsadykova/Desktop/h&m/.venv/lib/python3.9/site-packages/airflow/example_dags/tutorial_dag.py
[2025-12-04T23:37:30.174+0600] {processor.py:839} INFO - DAG(s) dict_keys(['tutorial_dag']) retrieved from /Users/asminsadykova/Desktop/h&m/.venv/lib/python3.9/site-packages/airflow/example_dags/tutorial_dag.py
[2025-12-04T23:37:30.246+0600] {logging_mixin.py:154} INFO - [2025-12-04T23:37:30.246+0600] {dag.py:2941} INFO - Sync 1 DAGs
[2025-12-04T23:37:30.250+0600] {logging_mixin.py:154} INFO - [2025-12-04T23:37:30.250+0600] {dag.py:3722} INFO - Setting next_dagrun for tutorial_dag to None, run_after=None
[2025-12-04T23:37:30.257+0600] {processor.py:179} INFO - Processing /Users/asminsadykova/Desktop/h&m/.venv/lib/python3.9/site-packages/airflow/example_dags/tutorial_dag.py took 0.101 seconds
[2025-12-04T23:38:15.653+0600] {processor.py:157} INFO - Started process (PID=40392) to work on /Users/asminsadykova/Desktop/h&m/.venv/lib/python3.9/site-packages/airflow/example_dags/tutorial_dag.py
[2025-12-04T23:38:15.654+0600] {processor.py:829} INFO - Processing file /Users/asminsadykova/Desktop/h&m/.venv/lib/python3.9/site-packages/airflow/example_dags/tutorial_dag.py for tasks to queue
[2025-12-04T23:38:15.654+0600] {logging_mixin.py:154} INFO - [2025-12-04T23:38:15.654+0600] {dagbag.py:536} INFO - Filling up the DagBag from /Users/asminsadykova/Desktop/h&m/.venv/lib/python3.9/site-packages/airflow/example_dags/tutorial_dag.py
[2025-12-04T23:38:15.670+0600] {processor.py:839} INFO - DAG(s) dict_keys(['tutorial_dag']) retrieved from /Users/asminsadykova/Desktop/h&m/.venv/lib/python3.9/site-packages/airflow/example_dags/tutorial_dag.py
[2025-12-04T23:38:15.741+0600] {logging_mixin.py:154} INFO - [2025-12-04T23:38:15.741+0600] {dag.py:2941} INFO - Sync 1 DAGs
[2025-12-04T23:38:15.744+0600] {logging_mixin.py:154} INFO - [2025-12-04T23:38:15.744+0600] {dag.py:3722} INFO - Setting next_dagrun for tutorial_dag to None, run_after=None
[2025-12-04T23:38:15.752+0600] {processor.py:179} INFO - Processing /Users/asminsadykova/Desktop/h&m/.venv/lib/python3.9/site-packages/airflow/example_dags/tutorial_dag.py took 0.100 seconds
[2025-12-04T23:39:05.261+0600] {processor.py:157} INFO - Started process (PID=40430) to work on /Users/asminsadykova/Desktop/h&m/.venv/lib/python3.9/site-packages/airflow/example_dags/tutorial_dag.py
[2025-12-04T23:39:05.263+0600] {processor.py:829} INFO - Processing file /Users/asminsadykova/Desktop/h&m/.venv/lib/python3.9/site-packages/airflow/example_dags/tutorial_dag.py for tasks to queue
[2025-12-04T23:39:05.263+0600] {logging_mixin.py:154} INFO - [2025-12-04T23:39:05.263+0600] {dagbag.py:536} INFO - Filling up the DagBag from /Users/asminsadykova/Desktop/h&m/.venv/lib/python3.9/site-packages/airflow/example_dags/tutorial_dag.py
[2025-12-04T23:39:05.280+0600] {processor.py:839} INFO - DAG(s) dict_keys(['tutorial_dag']) retrieved from /Users/asminsadykova/Desktop/h&m/.venv/lib/python3.9/site-packages/airflow/example_dags/tutorial_dag.py
[2025-12-04T23:39:05.357+0600] {logging_mixin.py:154} INFO - [2025-12-04T23:39:05.357+0600] {dag.py:2941} INFO - Sync 1 DAGs
[2025-12-04T23:39:05.361+0600] {logging_mixin.py:154} INFO - [2025-12-04T23:39:05.361+0600] {dag.py:3722} INFO - Setting next_dagrun for tutorial_dag to None, run_after=None
[2025-12-04T23:39:05.369+0600] {processor.py:179} INFO - Processing /Users/asminsadykova/Desktop/h&m/.venv/lib/python3.9/site-packages/airflow/example_dags/tutorial_dag.py took 0.109 seconds
[2025-12-04T23:39:51.992+0600] {processor.py:157} INFO - Started process (PID=40478) to work on /Users/asminsadykova/Desktop/h&m/.venv/lib/python3.9/site-packages/airflow/example_dags/tutorial_dag.py
[2025-12-04T23:39:51.993+0600] {processor.py:829} INFO - Processing file /Users/asminsadykova/Desktop/h&m/.venv/lib/python3.9/site-packages/airflow/example_dags/tutorial_dag.py for tasks to queue
[2025-12-04T23:39:51.993+0600] {logging_mixin.py:154} INFO - [2025-12-04T23:39:51.993+0600] {dagbag.py:536} INFO - Filling up the DagBag from /Users/asminsadykova/Desktop/h&m/.venv/lib/python3.9/site-packages/airflow/example_dags/tutorial_dag.py
[2025-12-04T23:39:52.009+0600] {processor.py:839} INFO - DAG(s) dict_keys(['tutorial_dag']) retrieved from /Users/asminsadykova/Desktop/h&m/.venv/lib/python3.9/site-packages/airflow/example_dags/tutorial_dag.py
[2025-12-04T23:39:52.079+0600] {logging_mixin.py:154} INFO - [2025-12-04T23:39:52.079+0600] {dag.py:2941} INFO - Sync 1 DAGs
[2025-12-04T23:39:52.083+0600] {logging_mixin.py:154} INFO - [2025-12-04T23:39:52.083+0600] {dag.py:3722} INFO - Setting next_dagrun for tutorial_dag to None, run_after=None
[2025-12-04T23:39:52.090+0600] {processor.py:179} INFO - Processing /Users/asminsadykova/Desktop/h&m/.venv/lib/python3.9/site-packages/airflow/example_dags/tutorial_dag.py took 0.099 seconds
[2025-12-04T23:40:39.201+0600] {processor.py:157} INFO - Started process (PID=40565) to work on /Users/asminsadykova/Desktop/h&m/.venv/lib/python3.9/site-packages/airflow/example_dags/tutorial_dag.py
[2025-12-04T23:40:39.203+0600] {processor.py:829} INFO - Processing file /Users/asminsadykova/Desktop/h&m/.venv/lib/python3.9/site-packages/airflow/example_dags/tutorial_dag.py for tasks to queue
[2025-12-04T23:40:39.203+0600] {logging_mixin.py:154} INFO - [2025-12-04T23:40:39.203+0600] {dagbag.py:536} INFO - Filling up the DagBag from /Users/asminsadykova/Desktop/h&m/.venv/lib/python3.9/site-packages/airflow/example_dags/tutorial_dag.py
[2025-12-04T23:40:39.219+0600] {processor.py:839} INFO - DAG(s) dict_keys(['tutorial_dag']) retrieved from /Users/asminsadykova/Desktop/h&m/.venv/lib/python3.9/site-packages/airflow/example_dags/tutorial_dag.py
[2025-12-04T23:40:39.288+0600] {logging_mixin.py:154} INFO - [2025-12-04T23:40:39.288+0600] {dag.py:2941} INFO - Sync 1 DAGs
[2025-12-04T23:40:39.292+0600] {logging_mixin.py:154} INFO - [2025-12-04T23:40:39.292+0600] {dag.py:3722} INFO - Setting next_dagrun for tutorial_dag to None, run_after=None
[2025-12-04T23:40:39.299+0600] {processor.py:179} INFO - Processing /Users/asminsadykova/Desktop/h&m/.venv/lib/python3.9/site-packages/airflow/example_dags/tutorial_dag.py took 0.098 seconds
[2025-12-04T23:41:28.594+0600] {processor.py:157} INFO - Started process (PID=40611) to work on /Users/asminsadykova/Desktop/h&m/.venv/lib/python3.9/site-packages/airflow/example_dags/tutorial_dag.py
[2025-12-04T23:41:28.595+0600] {processor.py:829} INFO - Processing file /Users/asminsadykova/Desktop/h&m/.venv/lib/python3.9/site-packages/airflow/example_dags/tutorial_dag.py for tasks to queue
[2025-12-04T23:41:28.596+0600] {logging_mixin.py:154} INFO - [2025-12-04T23:41:28.596+0600] {dagbag.py:536} INFO - Filling up the DagBag from /Users/asminsadykova/Desktop/h&m/.venv/lib/python3.9/site-packages/airflow/example_dags/tutorial_dag.py
[2025-12-04T23:41:28.611+0600] {processor.py:839} INFO - DAG(s) dict_keys(['tutorial_dag']) retrieved from /Users/asminsadykova/Desktop/h&m/.venv/lib/python3.9/site-packages/airflow/example_dags/tutorial_dag.py
[2025-12-04T23:41:28.680+0600] {logging_mixin.py:154} INFO - [2025-12-04T23:41:28.680+0600] {dag.py:2941} INFO - Sync 1 DAGs
[2025-12-04T23:41:28.683+0600] {logging_mixin.py:154} INFO - [2025-12-04T23:41:28.683+0600] {dag.py:3722} INFO - Setting next_dagrun for tutorial_dag to None, run_after=None
[2025-12-04T23:41:28.691+0600] {processor.py:179} INFO - Processing /Users/asminsadykova/Desktop/h&m/.venv/lib/python3.9/site-packages/airflow/example_dags/tutorial_dag.py took 0.097 seconds
[2025-12-04T23:42:10.970+0600] {processor.py:157} INFO - Started process (PID=40655) to work on /Users/asminsadykova/Desktop/h&m/.venv/lib/python3.9/site-packages/airflow/example_dags/tutorial_dag.py
[2025-12-04T23:42:10.972+0600] {processor.py:829} INFO - Processing file /Users/asminsadykova/Desktop/h&m/.venv/lib/python3.9/site-packages/airflow/example_dags/tutorial_dag.py for tasks to queue
[2025-12-04T23:42:10.972+0600] {logging_mixin.py:154} INFO - [2025-12-04T23:42:10.972+0600] {dagbag.py:536} INFO - Filling up the DagBag from /Users/asminsadykova/Desktop/h&m/.venv/lib/python3.9/site-packages/airflow/example_dags/tutorial_dag.py
[2025-12-04T23:42:10.988+0600] {processor.py:839} INFO - DAG(s) dict_keys(['tutorial_dag']) retrieved from /Users/asminsadykova/Desktop/h&m/.venv/lib/python3.9/site-packages/airflow/example_dags/tutorial_dag.py
[2025-12-04T23:42:11.058+0600] {logging_mixin.py:154} INFO - [2025-12-04T23:42:11.058+0600] {dag.py:2941} INFO - Sync 1 DAGs
[2025-12-04T23:42:11.062+0600] {logging_mixin.py:154} INFO - [2025-12-04T23:42:11.062+0600] {dag.py:3722} INFO - Setting next_dagrun for tutorial_dag to None, run_after=None
[2025-12-04T23:42:11.069+0600] {processor.py:179} INFO - Processing /Users/asminsadykova/Desktop/h&m/.venv/lib/python3.9/site-packages/airflow/example_dags/tutorial_dag.py took 0.100 seconds
[2025-12-04T23:42:55.254+0600] {processor.py:157} INFO - Started process (PID=40722) to work on /Users/asminsadykova/Desktop/h&m/.venv/lib/python3.9/site-packages/airflow/example_dags/tutorial_dag.py
[2025-12-04T23:42:55.256+0600] {processor.py:829} INFO - Processing file /Users/asminsadykova/Desktop/h&m/.venv/lib/python3.9/site-packages/airflow/example_dags/tutorial_dag.py for tasks to queue
[2025-12-04T23:42:55.256+0600] {logging_mixin.py:154} INFO - [2025-12-04T23:42:55.256+0600] {dagbag.py:536} INFO - Filling up the DagBag from /Users/asminsadykova/Desktop/h&m/.venv/lib/python3.9/site-packages/airflow/example_dags/tutorial_dag.py
[2025-12-04T23:42:55.276+0600] {processor.py:839} INFO - DAG(s) dict_keys(['tutorial_dag']) retrieved from /Users/asminsadykova/Desktop/h&m/.venv/lib/python3.9/site-packages/airflow/example_dags/tutorial_dag.py
[2025-12-04T23:42:55.353+0600] {logging_mixin.py:154} INFO - [2025-12-04T23:42:55.352+0600] {dag.py:2941} INFO - Sync 1 DAGs
[2025-12-04T23:42:55.358+0600] {logging_mixin.py:154} INFO - [2025-12-04T23:42:55.358+0600] {dag.py:3722} INFO - Setting next_dagrun for tutorial_dag to None, run_after=None
[2025-12-04T23:42:55.365+0600] {processor.py:179} INFO - Processing /Users/asminsadykova/Desktop/h&m/.venv/lib/python3.9/site-packages/airflow/example_dags/tutorial_dag.py took 0.112 seconds
[2025-12-04T23:43:42.637+0600] {processor.py:157} INFO - Started process (PID=40855) to work on /Users/asminsadykova/Desktop/h&m/.venv/lib/python3.9/site-packages/airflow/example_dags/tutorial_dag.py
[2025-12-04T23:43:42.639+0600] {processor.py:829} INFO - Processing file /Users/asminsadykova/Desktop/h&m/.venv/lib/python3.9/site-packages/airflow/example_dags/tutorial_dag.py for tasks to queue
[2025-12-04T23:43:42.639+0600] {logging_mixin.py:154} INFO - [2025-12-04T23:43:42.639+0600] {dagbag.py:536} INFO - Filling up the DagBag from /Users/asminsadykova/Desktop/h&m/.venv/lib/python3.9/site-packages/airflow/example_dags/tutorial_dag.py
[2025-12-04T23:43:42.655+0600] {processor.py:839} INFO - DAG(s) dict_keys(['tutorial_dag']) retrieved from /Users/asminsadykova/Desktop/h&m/.venv/lib/python3.9/site-packages/airflow/example_dags/tutorial_dag.py
[2025-12-04T23:43:42.728+0600] {logging_mixin.py:154} INFO - [2025-12-04T23:43:42.728+0600] {dag.py:2941} INFO - Sync 1 DAGs
[2025-12-04T23:43:42.731+0600] {logging_mixin.py:154} INFO - [2025-12-04T23:43:42.731+0600] {dag.py:3722} INFO - Setting next_dagrun for tutorial_dag to None, run_after=None
[2025-12-04T23:43:42.739+0600] {processor.py:179} INFO - Processing /Users/asminsadykova/Desktop/h&m/.venv/lib/python3.9/site-packages/airflow/example_dags/tutorial_dag.py took 0.102 seconds
[2025-12-04T23:44:32.137+0600] {processor.py:157} INFO - Started process (PID=40973) to work on /Users/asminsadykova/Desktop/h&m/.venv/lib/python3.9/site-packages/airflow/example_dags/tutorial_dag.py
[2025-12-04T23:44:32.139+0600] {processor.py:829} INFO - Processing file /Users/asminsadykova/Desktop/h&m/.venv/lib/python3.9/site-packages/airflow/example_dags/tutorial_dag.py for tasks to queue
[2025-12-04T23:44:32.139+0600] {logging_mixin.py:154} INFO - [2025-12-04T23:44:32.139+0600] {dagbag.py:536} INFO - Filling up the DagBag from /Users/asminsadykova/Desktop/h&m/.venv/lib/python3.9/site-packages/airflow/example_dags/tutorial_dag.py
[2025-12-04T23:44:32.159+0600] {processor.py:839} INFO - DAG(s) dict_keys(['tutorial_dag']) retrieved from /Users/asminsadykova/Desktop/h&m/.venv/lib/python3.9/site-packages/airflow/example_dags/tutorial_dag.py
[2025-12-04T23:44:32.235+0600] {logging_mixin.py:154} INFO - [2025-12-04T23:44:32.235+0600] {dag.py:2941} INFO - Sync 1 DAGs
[2025-12-04T23:44:32.239+0600] {logging_mixin.py:154} INFO - [2025-12-04T23:44:32.239+0600] {dag.py:3722} INFO - Setting next_dagrun for tutorial_dag to None, run_after=None
[2025-12-04T23:44:32.248+0600] {processor.py:179} INFO - Processing /Users/asminsadykova/Desktop/h&m/.venv/lib/python3.9/site-packages/airflow/example_dags/tutorial_dag.py took 0.112 seconds
[2025-12-04T23:45:19.685+0600] {processor.py:157} INFO - Started process (PID=41072) to work on /Users/asminsadykova/Desktop/h&m/.venv/lib/python3.9/site-packages/airflow/example_dags/tutorial_dag.py
[2025-12-04T23:45:19.686+0600] {processor.py:829} INFO - Processing file /Users/asminsadykova/Desktop/h&m/.venv/lib/python3.9/site-packages/airflow/example_dags/tutorial_dag.py for tasks to queue
[2025-12-04T23:45:19.687+0600] {logging_mixin.py:154} INFO - [2025-12-04T23:45:19.686+0600] {dagbag.py:536} INFO - Filling up the DagBag from /Users/asminsadykova/Desktop/h&m/.venv/lib/python3.9/site-packages/airflow/example_dags/tutorial_dag.py
[2025-12-04T23:45:19.702+0600] {processor.py:839} INFO - DAG(s) dict_keys(['tutorial_dag']) retrieved from /Users/asminsadykova/Desktop/h&m/.venv/lib/python3.9/site-packages/airflow/example_dags/tutorial_dag.py
[2025-12-04T23:45:19.773+0600] {logging_mixin.py:154} INFO - [2025-12-04T23:45:19.773+0600] {dag.py:2941} INFO - Sync 1 DAGs
[2025-12-04T23:45:19.776+0600] {logging_mixin.py:154} INFO - [2025-12-04T23:45:19.776+0600] {dag.py:3722} INFO - Setting next_dagrun for tutorial_dag to None, run_after=None
[2025-12-04T23:45:19.785+0600] {processor.py:179} INFO - Processing /Users/asminsadykova/Desktop/h&m/.venv/lib/python3.9/site-packages/airflow/example_dags/tutorial_dag.py took 0.100 seconds
[2025-12-04T23:46:07.800+0600] {processor.py:157} INFO - Started process (PID=41291) to work on /Users/asminsadykova/Desktop/h&m/.venv/lib/python3.9/site-packages/airflow/example_dags/tutorial_dag.py
[2025-12-04T23:46:07.802+0600] {processor.py:829} INFO - Processing file /Users/asminsadykova/Desktop/h&m/.venv/lib/python3.9/site-packages/airflow/example_dags/tutorial_dag.py for tasks to queue
[2025-12-04T23:46:07.803+0600] {logging_mixin.py:154} INFO - [2025-12-04T23:46:07.803+0600] {dagbag.py:536} INFO - Filling up the DagBag from /Users/asminsadykova/Desktop/h&m/.venv/lib/python3.9/site-packages/airflow/example_dags/tutorial_dag.py
[2025-12-04T23:46:07.819+0600] {processor.py:839} INFO - DAG(s) dict_keys(['tutorial_dag']) retrieved from /Users/asminsadykova/Desktop/h&m/.venv/lib/python3.9/site-packages/airflow/example_dags/tutorial_dag.py
[2025-12-04T23:46:07.891+0600] {logging_mixin.py:154} INFO - [2025-12-04T23:46:07.891+0600] {dag.py:2941} INFO - Sync 1 DAGs
[2025-12-04T23:46:07.894+0600] {logging_mixin.py:154} INFO - [2025-12-04T23:46:07.894+0600] {dag.py:3722} INFO - Setting next_dagrun for tutorial_dag to None, run_after=None
[2025-12-04T23:46:07.903+0600] {processor.py:179} INFO - Processing /Users/asminsadykova/Desktop/h&m/.venv/lib/python3.9/site-packages/airflow/example_dags/tutorial_dag.py took 0.103 seconds
[2025-12-04T23:46:55.427+0600] {processor.py:157} INFO - Started process (PID=41473) to work on /Users/asminsadykova/Desktop/h&m/.venv/lib/python3.9/site-packages/airflow/example_dags/tutorial_dag.py
[2025-12-04T23:46:55.428+0600] {processor.py:829} INFO - Processing file /Users/asminsadykova/Desktop/h&m/.venv/lib/python3.9/site-packages/airflow/example_dags/tutorial_dag.py for tasks to queue
[2025-12-04T23:46:55.428+0600] {logging_mixin.py:154} INFO - [2025-12-04T23:46:55.428+0600] {dagbag.py:536} INFO - Filling up the DagBag from /Users/asminsadykova/Desktop/h&m/.venv/lib/python3.9/site-packages/airflow/example_dags/tutorial_dag.py
[2025-12-04T23:46:55.444+0600] {processor.py:839} INFO - DAG(s) dict_keys(['tutorial_dag']) retrieved from /Users/asminsadykova/Desktop/h&m/.venv/lib/python3.9/site-packages/airflow/example_dags/tutorial_dag.py
[2025-12-04T23:46:55.513+0600] {logging_mixin.py:154} INFO - [2025-12-04T23:46:55.513+0600] {dag.py:2941} INFO - Sync 1 DAGs
[2025-12-04T23:46:55.517+0600] {logging_mixin.py:154} INFO - [2025-12-04T23:46:55.517+0600] {dag.py:3722} INFO - Setting next_dagrun for tutorial_dag to None, run_after=None
[2025-12-04T23:46:55.527+0600] {processor.py:179} INFO - Processing /Users/asminsadykova/Desktop/h&m/.venv/lib/python3.9/site-packages/airflow/example_dags/tutorial_dag.py took 0.101 seconds
[2025-12-04T23:47:39.865+0600] {processor.py:157} INFO - Started process (PID=41591) to work on /Users/asminsadykova/Desktop/h&m/.venv/lib/python3.9/site-packages/airflow/example_dags/tutorial_dag.py
[2025-12-04T23:47:39.866+0600] {processor.py:829} INFO - Processing file /Users/asminsadykova/Desktop/h&m/.venv/lib/python3.9/site-packages/airflow/example_dags/tutorial_dag.py for tasks to queue
[2025-12-04T23:47:39.866+0600] {logging_mixin.py:154} INFO - [2025-12-04T23:47:39.866+0600] {dagbag.py:536} INFO - Filling up the DagBag from /Users/asminsadykova/Desktop/h&m/.venv/lib/python3.9/site-packages/airflow/example_dags/tutorial_dag.py
[2025-12-04T23:47:39.882+0600] {processor.py:839} INFO - DAG(s) dict_keys(['tutorial_dag']) retrieved from /Users/asminsadykova/Desktop/h&m/.venv/lib/python3.9/site-packages/airflow/example_dags/tutorial_dag.py
[2025-12-04T23:47:39.954+0600] {logging_mixin.py:154} INFO - [2025-12-04T23:47:39.953+0600] {dag.py:2941} INFO - Sync 1 DAGs
[2025-12-04T23:47:39.957+0600] {logging_mixin.py:154} INFO - [2025-12-04T23:47:39.957+0600] {dag.py:3722} INFO - Setting next_dagrun for tutorial_dag to None, run_after=None
[2025-12-04T23:47:39.966+0600] {processor.py:179} INFO - Processing /Users/asminsadykova/Desktop/h&m/.venv/lib/python3.9/site-packages/airflow/example_dags/tutorial_dag.py took 0.101 seconds
[2025-12-04T23:48:22.230+0600] {processor.py:157} INFO - Started process (PID=41648) to work on /Users/asminsadykova/Desktop/h&m/.venv/lib/python3.9/site-packages/airflow/example_dags/tutorial_dag.py
[2025-12-04T23:48:22.231+0600] {processor.py:829} INFO - Processing file /Users/asminsadykova/Desktop/h&m/.venv/lib/python3.9/site-packages/airflow/example_dags/tutorial_dag.py for tasks to queue
[2025-12-04T23:48:22.231+0600] {logging_mixin.py:154} INFO - [2025-12-04T23:48:22.231+0600] {dagbag.py:536} INFO - Filling up the DagBag from /Users/asminsadykova/Desktop/h&m/.venv/lib/python3.9/site-packages/airflow/example_dags/tutorial_dag.py
[2025-12-04T23:48:22.250+0600] {processor.py:839} INFO - DAG(s) dict_keys(['tutorial_dag']) retrieved from /Users/asminsadykova/Desktop/h&m/.venv/lib/python3.9/site-packages/airflow/example_dags/tutorial_dag.py
[2025-12-04T23:48:22.320+0600] {logging_mixin.py:154} INFO - [2025-12-04T23:48:22.320+0600] {dag.py:2941} INFO - Sync 1 DAGs
[2025-12-04T23:48:22.324+0600] {logging_mixin.py:154} INFO - [2025-12-04T23:48:22.324+0600] {dag.py:3722} INFO - Setting next_dagrun for tutorial_dag to None, run_after=None
[2025-12-04T23:48:22.332+0600] {processor.py:179} INFO - Processing /Users/asminsadykova/Desktop/h&m/.venv/lib/python3.9/site-packages/airflow/example_dags/tutorial_dag.py took 0.102 seconds
[2025-12-04T23:49:06.299+0600] {processor.py:157} INFO - Started process (PID=41692) to work on /Users/asminsadykova/Desktop/h&m/.venv/lib/python3.9/site-packages/airflow/example_dags/tutorial_dag.py
[2025-12-04T23:49:06.301+0600] {processor.py:829} INFO - Processing file /Users/asminsadykova/Desktop/h&m/.venv/lib/python3.9/site-packages/airflow/example_dags/tutorial_dag.py for tasks to queue
[2025-12-04T23:49:06.301+0600] {logging_mixin.py:154} INFO - [2025-12-04T23:49:06.301+0600] {dagbag.py:536} INFO - Filling up the DagBag from /Users/asminsadykova/Desktop/h&m/.venv/lib/python3.9/site-packages/airflow/example_dags/tutorial_dag.py
[2025-12-04T23:49:06.316+0600] {processor.py:839} INFO - DAG(s) dict_keys(['tutorial_dag']) retrieved from /Users/asminsadykova/Desktop/h&m/.venv/lib/python3.9/site-packages/airflow/example_dags/tutorial_dag.py
[2025-12-04T23:49:06.386+0600] {logging_mixin.py:154} INFO - [2025-12-04T23:49:06.386+0600] {dag.py:2941} INFO - Sync 1 DAGs
[2025-12-04T23:49:06.389+0600] {logging_mixin.py:154} INFO - [2025-12-04T23:49:06.389+0600] {dag.py:3722} INFO - Setting next_dagrun for tutorial_dag to None, run_after=None
[2025-12-04T23:49:06.397+0600] {processor.py:179} INFO - Processing /Users/asminsadykova/Desktop/h&m/.venv/lib/python3.9/site-packages/airflow/example_dags/tutorial_dag.py took 0.098 seconds
[2025-12-04T23:49:53.000+0600] {processor.py:157} INFO - Started process (PID=41779) to work on /Users/asminsadykova/Desktop/h&m/.venv/lib/python3.9/site-packages/airflow/example_dags/tutorial_dag.py
[2025-12-04T23:49:53.001+0600] {processor.py:829} INFO - Processing file /Users/asminsadykova/Desktop/h&m/.venv/lib/python3.9/site-packages/airflow/example_dags/tutorial_dag.py for tasks to queue
[2025-12-04T23:49:53.002+0600] {logging_mixin.py:154} INFO - [2025-12-04T23:49:53.001+0600] {dagbag.py:536} INFO - Filling up the DagBag from /Users/asminsadykova/Desktop/h&m/.venv/lib/python3.9/site-packages/airflow/example_dags/tutorial_dag.py
[2025-12-04T23:49:53.018+0600] {processor.py:839} INFO - DAG(s) dict_keys(['tutorial_dag']) retrieved from /Users/asminsadykova/Desktop/h&m/.venv/lib/python3.9/site-packages/airflow/example_dags/tutorial_dag.py
[2025-12-04T23:49:53.088+0600] {logging_mixin.py:154} INFO - [2025-12-04T23:49:53.088+0600] {dag.py:2941} INFO - Sync 1 DAGs
[2025-12-04T23:49:53.092+0600] {logging_mixin.py:154} INFO - [2025-12-04T23:49:53.091+0600] {dag.py:3722} INFO - Setting next_dagrun for tutorial_dag to None, run_after=None
[2025-12-04T23:49:53.099+0600] {processor.py:179} INFO - Processing /Users/asminsadykova/Desktop/h&m/.venv/lib/python3.9/site-packages/airflow/example_dags/tutorial_dag.py took 0.099 seconds
[2025-12-04T23:50:43.068+0600] {processor.py:157} INFO - Started process (PID=41819) to work on /Users/asminsadykova/Desktop/h&m/.venv/lib/python3.9/site-packages/airflow/example_dags/tutorial_dag.py
[2025-12-04T23:50:43.069+0600] {processor.py:829} INFO - Processing file /Users/asminsadykova/Desktop/h&m/.venv/lib/python3.9/site-packages/airflow/example_dags/tutorial_dag.py for tasks to queue
[2025-12-04T23:50:43.070+0600] {logging_mixin.py:154} INFO - [2025-12-04T23:50:43.070+0600] {dagbag.py:536} INFO - Filling up the DagBag from /Users/asminsadykova/Desktop/h&m/.venv/lib/python3.9/site-packages/airflow/example_dags/tutorial_dag.py
[2025-12-04T23:50:43.089+0600] {processor.py:839} INFO - DAG(s) dict_keys(['tutorial_dag']) retrieved from /Users/asminsadykova/Desktop/h&m/.venv/lib/python3.9/site-packages/airflow/example_dags/tutorial_dag.py
[2025-12-04T23:50:43.162+0600] {logging_mixin.py:154} INFO - [2025-12-04T23:50:43.161+0600] {dag.py:2941} INFO - Sync 1 DAGs
[2025-12-04T23:50:43.165+0600] {logging_mixin.py:154} INFO - [2025-12-04T23:50:43.165+0600] {dag.py:3722} INFO - Setting next_dagrun for tutorial_dag to None, run_after=None
[2025-12-04T23:50:43.173+0600] {processor.py:179} INFO - Processing /Users/asminsadykova/Desktop/h&m/.venv/lib/python3.9/site-packages/airflow/example_dags/tutorial_dag.py took 0.105 seconds
[2025-12-04T23:51:32.565+0600] {processor.py:157} INFO - Started process (PID=41932) to work on /Users/asminsadykova/Desktop/h&m/.venv/lib/python3.9/site-packages/airflow/example_dags/tutorial_dag.py
[2025-12-04T23:51:32.567+0600] {processor.py:829} INFO - Processing file /Users/asminsadykova/Desktop/h&m/.venv/lib/python3.9/site-packages/airflow/example_dags/tutorial_dag.py for tasks to queue
[2025-12-04T23:51:32.567+0600] {logging_mixin.py:154} INFO - [2025-12-04T23:51:32.567+0600] {dagbag.py:536} INFO - Filling up the DagBag from /Users/asminsadykova/Desktop/h&m/.venv/lib/python3.9/site-packages/airflow/example_dags/tutorial_dag.py
[2025-12-04T23:51:32.584+0600] {processor.py:839} INFO - DAG(s) dict_keys(['tutorial_dag']) retrieved from /Users/asminsadykova/Desktop/h&m/.venv/lib/python3.9/site-packages/airflow/example_dags/tutorial_dag.py
[2025-12-04T23:51:32.661+0600] {logging_mixin.py:154} INFO - [2025-12-04T23:51:32.661+0600] {dag.py:2941} INFO - Sync 1 DAGs
[2025-12-04T23:51:32.665+0600] {logging_mixin.py:154} INFO - [2025-12-04T23:51:32.665+0600] {dag.py:3722} INFO - Setting next_dagrun for tutorial_dag to None, run_after=None
[2025-12-04T23:51:32.673+0600] {processor.py:179} INFO - Processing /Users/asminsadykova/Desktop/h&m/.venv/lib/python3.9/site-packages/airflow/example_dags/tutorial_dag.py took 0.109 seconds
[2025-12-04T23:52:19.485+0600] {processor.py:157} INFO - Started process (PID=42055) to work on /Users/asminsadykova/Desktop/h&m/.venv/lib/python3.9/site-packages/airflow/example_dags/tutorial_dag.py
[2025-12-04T23:52:19.487+0600] {processor.py:829} INFO - Processing file /Users/asminsadykova/Desktop/h&m/.venv/lib/python3.9/site-packages/airflow/example_dags/tutorial_dag.py for tasks to queue
[2025-12-04T23:52:19.487+0600] {logging_mixin.py:154} INFO - [2025-12-04T23:52:19.487+0600] {dagbag.py:536} INFO - Filling up the DagBag from /Users/asminsadykova/Desktop/h&m/.venv/lib/python3.9/site-packages/airflow/example_dags/tutorial_dag.py
[2025-12-04T23:52:19.505+0600] {processor.py:839} INFO - DAG(s) dict_keys(['tutorial_dag']) retrieved from /Users/asminsadykova/Desktop/h&m/.venv/lib/python3.9/site-packages/airflow/example_dags/tutorial_dag.py
[2025-12-04T23:52:19.579+0600] {logging_mixin.py:154} INFO - [2025-12-04T23:52:19.579+0600] {dag.py:2941} INFO - Sync 1 DAGs
[2025-12-04T23:52:19.583+0600] {logging_mixin.py:154} INFO - [2025-12-04T23:52:19.583+0600] {dag.py:3722} INFO - Setting next_dagrun for tutorial_dag to None, run_after=None
[2025-12-04T23:52:19.591+0600] {processor.py:179} INFO - Processing /Users/asminsadykova/Desktop/h&m/.venv/lib/python3.9/site-packages/airflow/example_dags/tutorial_dag.py took 0.106 seconds
[2025-12-04T23:53:06.666+0600] {processor.py:157} INFO - Started process (PID=42113) to work on /Users/asminsadykova/Desktop/h&m/.venv/lib/python3.9/site-packages/airflow/example_dags/tutorial_dag.py
[2025-12-04T23:53:06.667+0600] {processor.py:829} INFO - Processing file /Users/asminsadykova/Desktop/h&m/.venv/lib/python3.9/site-packages/airflow/example_dags/tutorial_dag.py for tasks to queue
[2025-12-04T23:53:06.667+0600] {logging_mixin.py:154} INFO - [2025-12-04T23:53:06.667+0600] {dagbag.py:536} INFO - Filling up the DagBag from /Users/asminsadykova/Desktop/h&m/.venv/lib/python3.9/site-packages/airflow/example_dags/tutorial_dag.py
[2025-12-04T23:53:06.683+0600] {processor.py:839} INFO - DAG(s) dict_keys(['tutorial_dag']) retrieved from /Users/asminsadykova/Desktop/h&m/.venv/lib/python3.9/site-packages/airflow/example_dags/tutorial_dag.py
[2025-12-04T23:53:06.772+0600] {logging_mixin.py:154} INFO - [2025-12-04T23:53:06.772+0600] {dag.py:2941} INFO - Sync 1 DAGs
[2025-12-04T23:53:06.776+0600] {logging_mixin.py:154} INFO - [2025-12-04T23:53:06.776+0600] {dag.py:3722} INFO - Setting next_dagrun for tutorial_dag to None, run_after=None
[2025-12-04T23:53:06.785+0600] {processor.py:179} INFO - Processing /Users/asminsadykova/Desktop/h&m/.venv/lib/python3.9/site-packages/airflow/example_dags/tutorial_dag.py took 0.120 seconds
[2025-12-04T23:53:54.712+0600] {processor.py:157} INFO - Started process (PID=42155) to work on /Users/asminsadykova/Desktop/h&m/.venv/lib/python3.9/site-packages/airflow/example_dags/tutorial_dag.py
[2025-12-04T23:53:54.714+0600] {processor.py:829} INFO - Processing file /Users/asminsadykova/Desktop/h&m/.venv/lib/python3.9/site-packages/airflow/example_dags/tutorial_dag.py for tasks to queue
[2025-12-04T23:53:54.714+0600] {logging_mixin.py:154} INFO - [2025-12-04T23:53:54.714+0600] {dagbag.py:536} INFO - Filling up the DagBag from /Users/asminsadykova/Desktop/h&m/.venv/lib/python3.9/site-packages/airflow/example_dags/tutorial_dag.py
[2025-12-04T23:53:54.731+0600] {processor.py:839} INFO - DAG(s) dict_keys(['tutorial_dag']) retrieved from /Users/asminsadykova/Desktop/h&m/.venv/lib/python3.9/site-packages/airflow/example_dags/tutorial_dag.py
[2025-12-04T23:53:54.804+0600] {logging_mixin.py:154} INFO - [2025-12-04T23:53:54.804+0600] {dag.py:2941} INFO - Sync 1 DAGs
[2025-12-04T23:53:54.808+0600] {logging_mixin.py:154} INFO - [2025-12-04T23:53:54.808+0600] {dag.py:3722} INFO - Setting next_dagrun for tutorial_dag to None, run_after=None
[2025-12-04T23:53:54.815+0600] {processor.py:179} INFO - Processing /Users/asminsadykova/Desktop/h&m/.venv/lib/python3.9/site-packages/airflow/example_dags/tutorial_dag.py took 0.104 seconds
[2025-12-04T23:54:38.917+0600] {processor.py:157} INFO - Started process (PID=42191) to work on /Users/asminsadykova/Desktop/h&m/.venv/lib/python3.9/site-packages/airflow/example_dags/tutorial_dag.py
[2025-12-04T23:54:38.920+0600] {processor.py:829} INFO - Processing file /Users/asminsadykova/Desktop/h&m/.venv/lib/python3.9/site-packages/airflow/example_dags/tutorial_dag.py for tasks to queue
[2025-12-04T23:54:38.920+0600] {logging_mixin.py:154} INFO - [2025-12-04T23:54:38.920+0600] {dagbag.py:536} INFO - Filling up the DagBag from /Users/asminsadykova/Desktop/h&m/.venv/lib/python3.9/site-packages/airflow/example_dags/tutorial_dag.py
[2025-12-04T23:54:38.936+0600] {processor.py:839} INFO - DAG(s) dict_keys(['tutorial_dag']) retrieved from /Users/asminsadykova/Desktop/h&m/.venv/lib/python3.9/site-packages/airflow/example_dags/tutorial_dag.py
[2025-12-04T23:54:39.006+0600] {logging_mixin.py:154} INFO - [2025-12-04T23:54:39.006+0600] {dag.py:2941} INFO - Sync 1 DAGs
[2025-12-04T23:54:39.010+0600] {logging_mixin.py:154} INFO - [2025-12-04T23:54:39.010+0600] {dag.py:3722} INFO - Setting next_dagrun for tutorial_dag to None, run_after=None
[2025-12-04T23:54:39.018+0600] {processor.py:179} INFO - Processing /Users/asminsadykova/Desktop/h&m/.venv/lib/python3.9/site-packages/airflow/example_dags/tutorial_dag.py took 0.101 seconds
[2025-12-04T23:55:23.036+0600] {processor.py:157} INFO - Started process (PID=42231) to work on /Users/asminsadykova/Desktop/h&m/.venv/lib/python3.9/site-packages/airflow/example_dags/tutorial_dag.py
[2025-12-04T23:55:23.038+0600] {processor.py:829} INFO - Processing file /Users/asminsadykova/Desktop/h&m/.venv/lib/python3.9/site-packages/airflow/example_dags/tutorial_dag.py for tasks to queue
[2025-12-04T23:55:23.038+0600] {logging_mixin.py:154} INFO - [2025-12-04T23:55:23.038+0600] {dagbag.py:536} INFO - Filling up the DagBag from /Users/asminsadykova/Desktop/h&m/.venv/lib/python3.9/site-packages/airflow/example_dags/tutorial_dag.py
[2025-12-04T23:55:23.053+0600] {processor.py:839} INFO - DAG(s) dict_keys(['tutorial_dag']) retrieved from /Users/asminsadykova/Desktop/h&m/.venv/lib/python3.9/site-packages/airflow/example_dags/tutorial_dag.py
[2025-12-04T23:55:23.124+0600] {logging_mixin.py:154} INFO - [2025-12-04T23:55:23.124+0600] {dag.py:2941} INFO - Sync 1 DAGs
[2025-12-04T23:55:23.127+0600] {logging_mixin.py:154} INFO - [2025-12-04T23:55:23.127+0600] {dag.py:3722} INFO - Setting next_dagrun for tutorial_dag to None, run_after=None
[2025-12-04T23:55:23.135+0600] {processor.py:179} INFO - Processing /Users/asminsadykova/Desktop/h&m/.venv/lib/python3.9/site-packages/airflow/example_dags/tutorial_dag.py took 0.100 seconds
[2025-12-04T23:56:06.100+0600] {processor.py:157} INFO - Started process (PID=42271) to work on /Users/asminsadykova/Desktop/h&m/.venv/lib/python3.9/site-packages/airflow/example_dags/tutorial_dag.py
[2025-12-04T23:56:06.102+0600] {processor.py:829} INFO - Processing file /Users/asminsadykova/Desktop/h&m/.venv/lib/python3.9/site-packages/airflow/example_dags/tutorial_dag.py for tasks to queue
[2025-12-04T23:56:06.102+0600] {logging_mixin.py:154} INFO - [2025-12-04T23:56:06.102+0600] {dagbag.py:536} INFO - Filling up the DagBag from /Users/asminsadykova/Desktop/h&m/.venv/lib/python3.9/site-packages/airflow/example_dags/tutorial_dag.py
[2025-12-04T23:56:06.118+0600] {processor.py:839} INFO - DAG(s) dict_keys(['tutorial_dag']) retrieved from /Users/asminsadykova/Desktop/h&m/.venv/lib/python3.9/site-packages/airflow/example_dags/tutorial_dag.py
[2025-12-04T23:56:06.186+0600] {logging_mixin.py:154} INFO - [2025-12-04T23:56:06.186+0600] {dag.py:2941} INFO - Sync 1 DAGs
[2025-12-04T23:56:06.190+0600] {logging_mixin.py:154} INFO - [2025-12-04T23:56:06.190+0600] {dag.py:3722} INFO - Setting next_dagrun for tutorial_dag to None, run_after=None
[2025-12-04T23:56:06.197+0600] {processor.py:179} INFO - Processing /Users/asminsadykova/Desktop/h&m/.venv/lib/python3.9/site-packages/airflow/example_dags/tutorial_dag.py took 0.098 seconds
[2025-12-04T23:56:51.599+0600] {processor.py:157} INFO - Started process (PID=42306) to work on /Users/asminsadykova/Desktop/h&m/.venv/lib/python3.9/site-packages/airflow/example_dags/tutorial_dag.py
[2025-12-04T23:56:51.600+0600] {processor.py:829} INFO - Processing file /Users/asminsadykova/Desktop/h&m/.venv/lib/python3.9/site-packages/airflow/example_dags/tutorial_dag.py for tasks to queue
[2025-12-04T23:56:51.600+0600] {logging_mixin.py:154} INFO - [2025-12-04T23:56:51.600+0600] {dagbag.py:536} INFO - Filling up the DagBag from /Users/asminsadykova/Desktop/h&m/.venv/lib/python3.9/site-packages/airflow/example_dags/tutorial_dag.py
[2025-12-04T23:56:51.617+0600] {processor.py:839} INFO - DAG(s) dict_keys(['tutorial_dag']) retrieved from /Users/asminsadykova/Desktop/h&m/.venv/lib/python3.9/site-packages/airflow/example_dags/tutorial_dag.py
[2025-12-04T23:56:51.688+0600] {logging_mixin.py:154} INFO - [2025-12-04T23:56:51.688+0600] {dag.py:2941} INFO - Sync 1 DAGs
[2025-12-04T23:56:51.692+0600] {logging_mixin.py:154} INFO - [2025-12-04T23:56:51.692+0600] {dag.py:3722} INFO - Setting next_dagrun for tutorial_dag to None, run_after=None
[2025-12-04T23:56:51.700+0600] {processor.py:179} INFO - Processing /Users/asminsadykova/Desktop/h&m/.venv/lib/python3.9/site-packages/airflow/example_dags/tutorial_dag.py took 0.102 seconds
[2025-12-04T23:57:36.441+0600] {processor.py:157} INFO - Started process (PID=42343) to work on /Users/asminsadykova/Desktop/h&m/.venv/lib/python3.9/site-packages/airflow/example_dags/tutorial_dag.py
[2025-12-04T23:57:36.442+0600] {processor.py:829} INFO - Processing file /Users/asminsadykova/Desktop/h&m/.venv/lib/python3.9/site-packages/airflow/example_dags/tutorial_dag.py for tasks to queue
[2025-12-04T23:57:36.442+0600] {logging_mixin.py:154} INFO - [2025-12-04T23:57:36.442+0600] {dagbag.py:536} INFO - Filling up the DagBag from /Users/asminsadykova/Desktop/h&m/.venv/lib/python3.9/site-packages/airflow/example_dags/tutorial_dag.py
[2025-12-04T23:57:36.461+0600] {processor.py:839} INFO - DAG(s) dict_keys(['tutorial_dag']) retrieved from /Users/asminsadykova/Desktop/h&m/.venv/lib/python3.9/site-packages/airflow/example_dags/tutorial_dag.py
[2025-12-04T23:57:36.545+0600] {logging_mixin.py:154} INFO - [2025-12-04T23:57:36.544+0600] {dag.py:2941} INFO - Sync 1 DAGs
[2025-12-04T23:57:36.548+0600] {logging_mixin.py:154} INFO - [2025-12-04T23:57:36.548+0600] {dag.py:3722} INFO - Setting next_dagrun for tutorial_dag to None, run_after=None
[2025-12-04T23:57:36.559+0600] {processor.py:179} INFO - Processing /Users/asminsadykova/Desktop/h&m/.venv/lib/python3.9/site-packages/airflow/example_dags/tutorial_dag.py took 0.119 seconds
[2025-12-04T23:58:18.739+0600] {processor.py:157} INFO - Started process (PID=42389) to work on /Users/asminsadykova/Desktop/h&m/.venv/lib/python3.9/site-packages/airflow/example_dags/tutorial_dag.py
[2025-12-04T23:58:18.740+0600] {processor.py:829} INFO - Processing file /Users/asminsadykova/Desktop/h&m/.venv/lib/python3.9/site-packages/airflow/example_dags/tutorial_dag.py for tasks to queue
[2025-12-04T23:58:18.741+0600] {logging_mixin.py:154} INFO - [2025-12-04T23:58:18.741+0600] {dagbag.py:536} INFO - Filling up the DagBag from /Users/asminsadykova/Desktop/h&m/.venv/lib/python3.9/site-packages/airflow/example_dags/tutorial_dag.py
[2025-12-04T23:58:18.757+0600] {processor.py:839} INFO - DAG(s) dict_keys(['tutorial_dag']) retrieved from /Users/asminsadykova/Desktop/h&m/.venv/lib/python3.9/site-packages/airflow/example_dags/tutorial_dag.py
[2025-12-04T23:58:18.828+0600] {logging_mixin.py:154} INFO - [2025-12-04T23:58:18.828+0600] {dag.py:2941} INFO - Sync 1 DAGs
[2025-12-04T23:58:18.832+0600] {logging_mixin.py:154} INFO - [2025-12-04T23:58:18.832+0600] {dag.py:3722} INFO - Setting next_dagrun for tutorial_dag to None, run_after=None
[2025-12-04T23:58:18.840+0600] {processor.py:179} INFO - Processing /Users/asminsadykova/Desktop/h&m/.venv/lib/python3.9/site-packages/airflow/example_dags/tutorial_dag.py took 0.101 seconds
[2025-12-04T23:59:02.986+0600] {processor.py:157} INFO - Started process (PID=42428) to work on /Users/asminsadykova/Desktop/h&m/.venv/lib/python3.9/site-packages/airflow/example_dags/tutorial_dag.py
[2025-12-04T23:59:02.987+0600] {processor.py:829} INFO - Processing file /Users/asminsadykova/Desktop/h&m/.venv/lib/python3.9/site-packages/airflow/example_dags/tutorial_dag.py for tasks to queue
[2025-12-04T23:59:02.988+0600] {logging_mixin.py:154} INFO - [2025-12-04T23:59:02.988+0600] {dagbag.py:536} INFO - Filling up the DagBag from /Users/asminsadykova/Desktop/h&m/.venv/lib/python3.9/site-packages/airflow/example_dags/tutorial_dag.py
[2025-12-04T23:59:03.004+0600] {processor.py:839} INFO - DAG(s) dict_keys(['tutorial_dag']) retrieved from /Users/asminsadykova/Desktop/h&m/.venv/lib/python3.9/site-packages/airflow/example_dags/tutorial_dag.py
[2025-12-04T23:59:03.075+0600] {logging_mixin.py:154} INFO - [2025-12-04T23:59:03.075+0600] {dag.py:2941} INFO - Sync 1 DAGs
[2025-12-04T23:59:03.079+0600] {logging_mixin.py:154} INFO - [2025-12-04T23:59:03.079+0600] {dag.py:3722} INFO - Setting next_dagrun for tutorial_dag to None, run_after=None
[2025-12-04T23:59:03.090+0600] {processor.py:179} INFO - Processing /Users/asminsadykova/Desktop/h&m/.venv/lib/python3.9/site-packages/airflow/example_dags/tutorial_dag.py took 0.104 seconds
[2025-12-04T23:59:46.685+0600] {processor.py:157} INFO - Started process (PID=42640) to work on /Users/asminsadykova/Desktop/h&m/.venv/lib/python3.9/site-packages/airflow/example_dags/tutorial_dag.py
[2025-12-04T23:59:46.687+0600] {processor.py:829} INFO - Processing file /Users/asminsadykova/Desktop/h&m/.venv/lib/python3.9/site-packages/airflow/example_dags/tutorial_dag.py for tasks to queue
[2025-12-04T23:59:46.687+0600] {logging_mixin.py:154} INFO - [2025-12-04T23:59:46.687+0600] {dagbag.py:536} INFO - Filling up the DagBag from /Users/asminsadykova/Desktop/h&m/.venv/lib/python3.9/site-packages/airflow/example_dags/tutorial_dag.py
[2025-12-04T23:59:46.703+0600] {processor.py:839} INFO - DAG(s) dict_keys(['tutorial_dag']) retrieved from /Users/asminsadykova/Desktop/h&m/.venv/lib/python3.9/site-packages/airflow/example_dags/tutorial_dag.py
[2025-12-04T23:59:46.776+0600] {logging_mixin.py:154} INFO - [2025-12-04T23:59:46.776+0600] {dag.py:2941} INFO - Sync 1 DAGs
[2025-12-04T23:59:46.780+0600] {logging_mixin.py:154} INFO - [2025-12-04T23:59:46.780+0600] {dag.py:3722} INFO - Setting next_dagrun for tutorial_dag to None, run_after=None
[2025-12-04T23:59:46.788+0600] {processor.py:179} INFO - Processing /Users/asminsadykova/Desktop/h&m/.venv/lib/python3.9/site-packages/airflow/example_dags/tutorial_dag.py took 0.104 seconds
[2025-12-05T00:00:35.723+0600] {processor.py:157} INFO - Started process (PID=42677) to work on /Users/asminsadykova/Desktop/h&m/.venv/lib/python3.9/site-packages/airflow/example_dags/tutorial_dag.py
[2025-12-05T00:00:35.725+0600] {processor.py:829} INFO - Processing file /Users/asminsadykova/Desktop/h&m/.venv/lib/python3.9/site-packages/airflow/example_dags/tutorial_dag.py for tasks to queue
[2025-12-05T00:00:35.725+0600] {logging_mixin.py:154} INFO - [2025-12-05T00:00:35.725+0600] {dagbag.py:536} INFO - Filling up the DagBag from /Users/asminsadykova/Desktop/h&m/.venv/lib/python3.9/site-packages/airflow/example_dags/tutorial_dag.py
[2025-12-05T00:00:35.745+0600] {processor.py:839} INFO - DAG(s) dict_keys(['tutorial_dag']) retrieved from /Users/asminsadykova/Desktop/h&m/.venv/lib/python3.9/site-packages/airflow/example_dags/tutorial_dag.py
[2025-12-05T00:00:35.820+0600] {logging_mixin.py:154} INFO - [2025-12-05T00:00:35.820+0600] {dag.py:2941} INFO - Sync 1 DAGs
[2025-12-05T00:00:35.824+0600] {logging_mixin.py:154} INFO - [2025-12-05T00:00:35.824+0600] {dag.py:3722} INFO - Setting next_dagrun for tutorial_dag to None, run_after=None
[2025-12-05T00:00:35.832+0600] {processor.py:179} INFO - Processing /Users/asminsadykova/Desktop/h&m/.venv/lib/python3.9/site-packages/airflow/example_dags/tutorial_dag.py took 0.110 seconds
[2025-12-05T00:01:24.126+0600] {processor.py:157} INFO - Started process (PID=42852) to work on /Users/asminsadykova/Desktop/h&m/.venv/lib/python3.9/site-packages/airflow/example_dags/tutorial_dag.py
[2025-12-05T00:01:24.128+0600] {processor.py:829} INFO - Processing file /Users/asminsadykova/Desktop/h&m/.venv/lib/python3.9/site-packages/airflow/example_dags/tutorial_dag.py for tasks to queue
[2025-12-05T00:01:24.128+0600] {logging_mixin.py:154} INFO - [2025-12-05T00:01:24.128+0600] {dagbag.py:536} INFO - Filling up the DagBag from /Users/asminsadykova/Desktop/h&m/.venv/lib/python3.9/site-packages/airflow/example_dags/tutorial_dag.py
[2025-12-05T00:01:24.147+0600] {processor.py:839} INFO - DAG(s) dict_keys(['tutorial_dag']) retrieved from /Users/asminsadykova/Desktop/h&m/.venv/lib/python3.9/site-packages/airflow/example_dags/tutorial_dag.py
[2025-12-05T00:01:24.224+0600] {logging_mixin.py:154} INFO - [2025-12-05T00:01:24.224+0600] {dag.py:2941} INFO - Sync 1 DAGs
[2025-12-05T00:01:24.228+0600] {logging_mixin.py:154} INFO - [2025-12-05T00:01:24.228+0600] {dag.py:3722} INFO - Setting next_dagrun for tutorial_dag to None, run_after=None
[2025-12-05T00:01:24.237+0600] {processor.py:179} INFO - Processing /Users/asminsadykova/Desktop/h&m/.venv/lib/python3.9/site-packages/airflow/example_dags/tutorial_dag.py took 0.112 seconds
[2025-12-05T00:02:10.815+0600] {processor.py:157} INFO - Started process (PID=42908) to work on /Users/asminsadykova/Desktop/h&m/.venv/lib/python3.9/site-packages/airflow/example_dags/tutorial_dag.py
[2025-12-05T00:02:10.817+0600] {processor.py:829} INFO - Processing file /Users/asminsadykova/Desktop/h&m/.venv/lib/python3.9/site-packages/airflow/example_dags/tutorial_dag.py for tasks to queue
[2025-12-05T00:02:10.817+0600] {logging_mixin.py:154} INFO - [2025-12-05T00:02:10.817+0600] {dagbag.py:536} INFO - Filling up the DagBag from /Users/asminsadykova/Desktop/h&m/.venv/lib/python3.9/site-packages/airflow/example_dags/tutorial_dag.py
[2025-12-05T00:02:10.833+0600] {processor.py:839} INFO - DAG(s) dict_keys(['tutorial_dag']) retrieved from /Users/asminsadykova/Desktop/h&m/.venv/lib/python3.9/site-packages/airflow/example_dags/tutorial_dag.py
[2025-12-05T00:02:10.911+0600] {logging_mixin.py:154} INFO - [2025-12-05T00:02:10.911+0600] {dag.py:2941} INFO - Sync 1 DAGs
[2025-12-05T00:02:10.916+0600] {logging_mixin.py:154} INFO - [2025-12-05T00:02:10.915+0600] {dag.py:3722} INFO - Setting next_dagrun for tutorial_dag to None, run_after=None
[2025-12-05T00:02:10.924+0600] {processor.py:179} INFO - Processing /Users/asminsadykova/Desktop/h&m/.venv/lib/python3.9/site-packages/airflow/example_dags/tutorial_dag.py took 0.110 seconds
[2025-12-05T00:02:56.145+0600] {processor.py:157} INFO - Started process (PID=42946) to work on /Users/asminsadykova/Desktop/h&m/.venv/lib/python3.9/site-packages/airflow/example_dags/tutorial_dag.py
[2025-12-05T00:02:56.146+0600] {processor.py:829} INFO - Processing file /Users/asminsadykova/Desktop/h&m/.venv/lib/python3.9/site-packages/airflow/example_dags/tutorial_dag.py for tasks to queue
[2025-12-05T00:02:56.147+0600] {logging_mixin.py:154} INFO - [2025-12-05T00:02:56.147+0600] {dagbag.py:536} INFO - Filling up the DagBag from /Users/asminsadykova/Desktop/h&m/.venv/lib/python3.9/site-packages/airflow/example_dags/tutorial_dag.py
[2025-12-05T00:02:56.162+0600] {processor.py:839} INFO - DAG(s) dict_keys(['tutorial_dag']) retrieved from /Users/asminsadykova/Desktop/h&m/.venv/lib/python3.9/site-packages/airflow/example_dags/tutorial_dag.py
[2025-12-05T00:02:56.232+0600] {logging_mixin.py:154} INFO - [2025-12-05T00:02:56.232+0600] {dag.py:2941} INFO - Sync 1 DAGs
[2025-12-05T00:02:56.236+0600] {logging_mixin.py:154} INFO - [2025-12-05T00:02:56.236+0600] {dag.py:3722} INFO - Setting next_dagrun for tutorial_dag to None, run_after=None
[2025-12-05T00:02:56.243+0600] {processor.py:179} INFO - Processing /Users/asminsadykova/Desktop/h&m/.venv/lib/python3.9/site-packages/airflow/example_dags/tutorial_dag.py took 0.099 seconds
[2025-12-05T00:03:43.045+0600] {processor.py:157} INFO - Started process (PID=42981) to work on /Users/asminsadykova/Desktop/h&m/.venv/lib/python3.9/site-packages/airflow/example_dags/tutorial_dag.py
[2025-12-05T00:03:43.047+0600] {processor.py:829} INFO - Processing file /Users/asminsadykova/Desktop/h&m/.venv/lib/python3.9/site-packages/airflow/example_dags/tutorial_dag.py for tasks to queue
[2025-12-05T00:03:43.047+0600] {logging_mixin.py:154} INFO - [2025-12-05T00:03:43.047+0600] {dagbag.py:536} INFO - Filling up the DagBag from /Users/asminsadykova/Desktop/h&m/.venv/lib/python3.9/site-packages/airflow/example_dags/tutorial_dag.py
[2025-12-05T00:03:43.062+0600] {processor.py:839} INFO - DAG(s) dict_keys(['tutorial_dag']) retrieved from /Users/asminsadykova/Desktop/h&m/.venv/lib/python3.9/site-packages/airflow/example_dags/tutorial_dag.py
[2025-12-05T00:03:43.131+0600] {logging_mixin.py:154} INFO - [2025-12-05T00:03:43.131+0600] {dag.py:2941} INFO - Sync 1 DAGs
[2025-12-05T00:03:43.135+0600] {logging_mixin.py:154} INFO - [2025-12-05T00:03:43.135+0600] {dag.py:3722} INFO - Setting next_dagrun for tutorial_dag to None, run_after=None
[2025-12-05T00:03:43.142+0600] {processor.py:179} INFO - Processing /Users/asminsadykova/Desktop/h&m/.venv/lib/python3.9/site-packages/airflow/example_dags/tutorial_dag.py took 0.098 seconds
[2025-12-05T00:04:29.227+0600] {processor.py:157} INFO - Started process (PID=43140) to work on /Users/asminsadykova/Desktop/h&m/.venv/lib/python3.9/site-packages/airflow/example_dags/tutorial_dag.py
[2025-12-05T00:04:29.229+0600] {processor.py:829} INFO - Processing file /Users/asminsadykova/Desktop/h&m/.venv/lib/python3.9/site-packages/airflow/example_dags/tutorial_dag.py for tasks to queue
[2025-12-05T00:04:29.229+0600] {logging_mixin.py:154} INFO - [2025-12-05T00:04:29.229+0600] {dagbag.py:536} INFO - Filling up the DagBag from /Users/asminsadykova/Desktop/h&m/.venv/lib/python3.9/site-packages/airflow/example_dags/tutorial_dag.py
[2025-12-05T00:04:29.245+0600] {processor.py:839} INFO - DAG(s) dict_keys(['tutorial_dag']) retrieved from /Users/asminsadykova/Desktop/h&m/.venv/lib/python3.9/site-packages/airflow/example_dags/tutorial_dag.py
[2025-12-05T00:04:29.316+0600] {logging_mixin.py:154} INFO - [2025-12-05T00:04:29.316+0600] {dag.py:2941} INFO - Sync 1 DAGs
[2025-12-05T00:04:29.319+0600] {logging_mixin.py:154} INFO - [2025-12-05T00:04:29.319+0600] {dag.py:3722} INFO - Setting next_dagrun for tutorial_dag to None, run_after=None
[2025-12-05T00:04:29.327+0600] {processor.py:179} INFO - Processing /Users/asminsadykova/Desktop/h&m/.venv/lib/python3.9/site-packages/airflow/example_dags/tutorial_dag.py took 0.100 seconds
[2025-12-05T00:05:16.568+0600] {processor.py:157} INFO - Started process (PID=43243) to work on /Users/asminsadykova/Desktop/h&m/.venv/lib/python3.9/site-packages/airflow/example_dags/tutorial_dag.py
[2025-12-05T00:05:16.569+0600] {processor.py:829} INFO - Processing file /Users/asminsadykova/Desktop/h&m/.venv/lib/python3.9/site-packages/airflow/example_dags/tutorial_dag.py for tasks to queue
[2025-12-05T00:05:16.569+0600] {logging_mixin.py:154} INFO - [2025-12-05T00:05:16.569+0600] {dagbag.py:536} INFO - Filling up the DagBag from /Users/asminsadykova/Desktop/h&m/.venv/lib/python3.9/site-packages/airflow/example_dags/tutorial_dag.py
[2025-12-05T00:05:16.590+0600] {processor.py:839} INFO - DAG(s) dict_keys(['tutorial_dag']) retrieved from /Users/asminsadykova/Desktop/h&m/.venv/lib/python3.9/site-packages/airflow/example_dags/tutorial_dag.py
[2025-12-05T00:05:16.670+0600] {logging_mixin.py:154} INFO - [2025-12-05T00:05:16.670+0600] {dag.py:2941} INFO - Sync 1 DAGs
[2025-12-05T00:05:16.674+0600] {logging_mixin.py:154} INFO - [2025-12-05T00:05:16.674+0600] {dag.py:3722} INFO - Setting next_dagrun for tutorial_dag to None, run_after=None
[2025-12-05T00:05:16.683+0600] {processor.py:179} INFO - Processing /Users/asminsadykova/Desktop/h&m/.venv/lib/python3.9/site-packages/airflow/example_dags/tutorial_dag.py took 0.117 seconds
[2025-12-05T00:06:03.758+0600] {processor.py:157} INFO - Started process (PID=43322) to work on /Users/asminsadykova/Desktop/h&m/.venv/lib/python3.9/site-packages/airflow/example_dags/tutorial_dag.py
[2025-12-05T00:06:03.759+0600] {processor.py:829} INFO - Processing file /Users/asminsadykova/Desktop/h&m/.venv/lib/python3.9/site-packages/airflow/example_dags/tutorial_dag.py for tasks to queue
[2025-12-05T00:06:03.759+0600] {logging_mixin.py:154} INFO - [2025-12-05T00:06:03.759+0600] {dagbag.py:536} INFO - Filling up the DagBag from /Users/asminsadykova/Desktop/h&m/.venv/lib/python3.9/site-packages/airflow/example_dags/tutorial_dag.py
[2025-12-05T00:06:03.777+0600] {processor.py:839} INFO - DAG(s) dict_keys(['tutorial_dag']) retrieved from /Users/asminsadykova/Desktop/h&m/.venv/lib/python3.9/site-packages/airflow/example_dags/tutorial_dag.py
[2025-12-05T00:06:03.852+0600] {logging_mixin.py:154} INFO - [2025-12-05T00:06:03.852+0600] {dag.py:2941} INFO - Sync 1 DAGs
[2025-12-05T00:06:03.878+0600] {logging_mixin.py:154} INFO - [2025-12-05T00:06:03.878+0600] {dag.py:3722} INFO - Setting next_dagrun for tutorial_dag to None, run_after=None
[2025-12-05T00:06:03.915+0600] {processor.py:179} INFO - Processing /Users/asminsadykova/Desktop/h&m/.venv/lib/python3.9/site-packages/airflow/example_dags/tutorial_dag.py took 0.158 seconds
[2025-12-05T00:06:47.288+0600] {processor.py:157} INFO - Started process (PID=43402) to work on /Users/asminsadykova/Desktop/h&m/.venv/lib/python3.9/site-packages/airflow/example_dags/tutorial_dag.py
[2025-12-05T00:06:47.290+0600] {processor.py:829} INFO - Processing file /Users/asminsadykova/Desktop/h&m/.venv/lib/python3.9/site-packages/airflow/example_dags/tutorial_dag.py for tasks to queue
[2025-12-05T00:06:47.290+0600] {logging_mixin.py:154} INFO - [2025-12-05T00:06:47.290+0600] {dagbag.py:536} INFO - Filling up the DagBag from /Users/asminsadykova/Desktop/h&m/.venv/lib/python3.9/site-packages/airflow/example_dags/tutorial_dag.py
[2025-12-05T00:06:47.306+0600] {processor.py:839} INFO - DAG(s) dict_keys(['tutorial_dag']) retrieved from /Users/asminsadykova/Desktop/h&m/.venv/lib/python3.9/site-packages/airflow/example_dags/tutorial_dag.py
[2025-12-05T00:06:47.376+0600] {logging_mixin.py:154} INFO - [2025-12-05T00:06:47.376+0600] {dag.py:2941} INFO - Sync 1 DAGs
[2025-12-05T00:06:47.380+0600] {logging_mixin.py:154} INFO - [2025-12-05T00:06:47.380+0600] {dag.py:3722} INFO - Setting next_dagrun for tutorial_dag to None, run_after=None
[2025-12-05T00:06:47.388+0600] {processor.py:179} INFO - Processing /Users/asminsadykova/Desktop/h&m/.venv/lib/python3.9/site-packages/airflow/example_dags/tutorial_dag.py took 0.101 seconds
[2025-12-05T00:07:30.395+0600] {processor.py:157} INFO - Started process (PID=43468) to work on /Users/asminsadykova/Desktop/h&m/.venv/lib/python3.9/site-packages/airflow/example_dags/tutorial_dag.py
[2025-12-05T00:07:30.396+0600] {processor.py:829} INFO - Processing file /Users/asminsadykova/Desktop/h&m/.venv/lib/python3.9/site-packages/airflow/example_dags/tutorial_dag.py for tasks to queue
[2025-12-05T00:07:30.397+0600] {logging_mixin.py:154} INFO - [2025-12-05T00:07:30.397+0600] {dagbag.py:536} INFO - Filling up the DagBag from /Users/asminsadykova/Desktop/h&m/.venv/lib/python3.9/site-packages/airflow/example_dags/tutorial_dag.py
[2025-12-05T00:07:30.414+0600] {processor.py:839} INFO - DAG(s) dict_keys(['tutorial_dag']) retrieved from /Users/asminsadykova/Desktop/h&m/.venv/lib/python3.9/site-packages/airflow/example_dags/tutorial_dag.py
[2025-12-05T00:07:30.491+0600] {logging_mixin.py:154} INFO - [2025-12-05T00:07:30.491+0600] {dag.py:2941} INFO - Sync 1 DAGs
[2025-12-05T00:07:30.495+0600] {logging_mixin.py:154} INFO - [2025-12-05T00:07:30.495+0600] {dag.py:3722} INFO - Setting next_dagrun for tutorial_dag to None, run_after=None
[2025-12-05T00:07:30.503+0600] {processor.py:179} INFO - Processing /Users/asminsadykova/Desktop/h&m/.venv/lib/python3.9/site-packages/airflow/example_dags/tutorial_dag.py took 0.109 seconds
[2025-12-05T00:08:13.951+0600] {processor.py:157} INFO - Started process (PID=43538) to work on /Users/asminsadykova/Desktop/h&m/.venv/lib/python3.9/site-packages/airflow/example_dags/tutorial_dag.py
[2025-12-05T00:08:13.952+0600] {processor.py:829} INFO - Processing file /Users/asminsadykova/Desktop/h&m/.venv/lib/python3.9/site-packages/airflow/example_dags/tutorial_dag.py for tasks to queue
[2025-12-05T00:08:13.952+0600] {logging_mixin.py:154} INFO - [2025-12-05T00:08:13.952+0600] {dagbag.py:536} INFO - Filling up the DagBag from /Users/asminsadykova/Desktop/h&m/.venv/lib/python3.9/site-packages/airflow/example_dags/tutorial_dag.py
[2025-12-05T00:08:13.971+0600] {processor.py:839} INFO - DAG(s) dict_keys(['tutorial_dag']) retrieved from /Users/asminsadykova/Desktop/h&m/.venv/lib/python3.9/site-packages/airflow/example_dags/tutorial_dag.py
[2025-12-05T00:08:14.047+0600] {logging_mixin.py:154} INFO - [2025-12-05T00:08:14.047+0600] {dag.py:2941} INFO - Sync 1 DAGs
[2025-12-05T00:08:14.052+0600] {logging_mixin.py:154} INFO - [2025-12-05T00:08:14.052+0600] {dag.py:3722} INFO - Setting next_dagrun for tutorial_dag to None, run_after=None
[2025-12-05T00:08:14.061+0600] {processor.py:179} INFO - Processing /Users/asminsadykova/Desktop/h&m/.venv/lib/python3.9/site-packages/airflow/example_dags/tutorial_dag.py took 0.111 seconds
[2025-12-05T00:08:58.159+0600] {processor.py:157} INFO - Started process (PID=43625) to work on /Users/asminsadykova/Desktop/h&m/.venv/lib/python3.9/site-packages/airflow/example_dags/tutorial_dag.py
[2025-12-05T00:08:58.161+0600] {processor.py:829} INFO - Processing file /Users/asminsadykova/Desktop/h&m/.venv/lib/python3.9/site-packages/airflow/example_dags/tutorial_dag.py for tasks to queue
[2025-12-05T00:08:58.161+0600] {logging_mixin.py:154} INFO - [2025-12-05T00:08:58.161+0600] {dagbag.py:536} INFO - Filling up the DagBag from /Users/asminsadykova/Desktop/h&m/.venv/lib/python3.9/site-packages/airflow/example_dags/tutorial_dag.py
[2025-12-05T00:08:58.178+0600] {processor.py:839} INFO - DAG(s) dict_keys(['tutorial_dag']) retrieved from /Users/asminsadykova/Desktop/h&m/.venv/lib/python3.9/site-packages/airflow/example_dags/tutorial_dag.py
[2025-12-05T00:08:58.254+0600] {logging_mixin.py:154} INFO - [2025-12-05T00:08:58.253+0600] {dag.py:2941} INFO - Sync 1 DAGs
[2025-12-05T00:08:58.258+0600] {logging_mixin.py:154} INFO - [2025-12-05T00:08:58.258+0600] {dag.py:3722} INFO - Setting next_dagrun for tutorial_dag to None, run_after=None
[2025-12-05T00:08:58.267+0600] {processor.py:179} INFO - Processing /Users/asminsadykova/Desktop/h&m/.venv/lib/python3.9/site-packages/airflow/example_dags/tutorial_dag.py took 0.108 seconds
[2025-12-05T00:09:45.255+0600] {processor.py:157} INFO - Started process (PID=43707) to work on /Users/asminsadykova/Desktop/h&m/.venv/lib/python3.9/site-packages/airflow/example_dags/tutorial_dag.py
[2025-12-05T00:09:45.256+0600] {processor.py:829} INFO - Processing file /Users/asminsadykova/Desktop/h&m/.venv/lib/python3.9/site-packages/airflow/example_dags/tutorial_dag.py for tasks to queue
[2025-12-05T00:09:45.257+0600] {logging_mixin.py:154} INFO - [2025-12-05T00:09:45.257+0600] {dagbag.py:536} INFO - Filling up the DagBag from /Users/asminsadykova/Desktop/h&m/.venv/lib/python3.9/site-packages/airflow/example_dags/tutorial_dag.py
[2025-12-05T00:09:45.274+0600] {processor.py:839} INFO - DAG(s) dict_keys(['tutorial_dag']) retrieved from /Users/asminsadykova/Desktop/h&m/.venv/lib/python3.9/site-packages/airflow/example_dags/tutorial_dag.py
[2025-12-05T00:09:45.346+0600] {logging_mixin.py:154} INFO - [2025-12-05T00:09:45.346+0600] {dag.py:2941} INFO - Sync 1 DAGs
[2025-12-05T00:09:45.350+0600] {logging_mixin.py:154} INFO - [2025-12-05T00:09:45.350+0600] {dag.py:3722} INFO - Setting next_dagrun for tutorial_dag to None, run_after=None
[2025-12-05T00:09:45.359+0600] {processor.py:179} INFO - Processing /Users/asminsadykova/Desktop/h&m/.venv/lib/python3.9/site-packages/airflow/example_dags/tutorial_dag.py took 0.105 seconds
[2025-12-05T00:10:34.321+0600] {processor.py:157} INFO - Started process (PID=43788) to work on /Users/asminsadykova/Desktop/h&m/.venv/lib/python3.9/site-packages/airflow/example_dags/tutorial_dag.py
[2025-12-05T00:10:34.323+0600] {processor.py:829} INFO - Processing file /Users/asminsadykova/Desktop/h&m/.venv/lib/python3.9/site-packages/airflow/example_dags/tutorial_dag.py for tasks to queue
[2025-12-05T00:10:34.323+0600] {logging_mixin.py:154} INFO - [2025-12-05T00:10:34.323+0600] {dagbag.py:536} INFO - Filling up the DagBag from /Users/asminsadykova/Desktop/h&m/.venv/lib/python3.9/site-packages/airflow/example_dags/tutorial_dag.py
[2025-12-05T00:10:34.339+0600] {processor.py:839} INFO - DAG(s) dict_keys(['tutorial_dag']) retrieved from /Users/asminsadykova/Desktop/h&m/.venv/lib/python3.9/site-packages/airflow/example_dags/tutorial_dag.py
[2025-12-05T00:10:34.412+0600] {logging_mixin.py:154} INFO - [2025-12-05T00:10:34.412+0600] {dag.py:2941} INFO - Sync 1 DAGs
[2025-12-05T00:10:34.415+0600] {logging_mixin.py:154} INFO - [2025-12-05T00:10:34.415+0600] {dag.py:3722} INFO - Setting next_dagrun for tutorial_dag to None, run_after=None
[2025-12-05T00:10:34.423+0600] {processor.py:179} INFO - Processing /Users/asminsadykova/Desktop/h&m/.venv/lib/python3.9/site-packages/airflow/example_dags/tutorial_dag.py took 0.103 seconds
[2025-12-05T00:11:21.953+0600] {processor.py:157} INFO - Started process (PID=43858) to work on /Users/asminsadykova/Desktop/h&m/.venv/lib/python3.9/site-packages/airflow/example_dags/tutorial_dag.py
[2025-12-05T00:11:21.955+0600] {processor.py:829} INFO - Processing file /Users/asminsadykova/Desktop/h&m/.venv/lib/python3.9/site-packages/airflow/example_dags/tutorial_dag.py for tasks to queue
[2025-12-05T00:11:21.955+0600] {logging_mixin.py:154} INFO - [2025-12-05T00:11:21.955+0600] {dagbag.py:536} INFO - Filling up the DagBag from /Users/asminsadykova/Desktop/h&m/.venv/lib/python3.9/site-packages/airflow/example_dags/tutorial_dag.py
[2025-12-05T00:11:21.977+0600] {processor.py:839} INFO - DAG(s) dict_keys(['tutorial_dag']) retrieved from /Users/asminsadykova/Desktop/h&m/.venv/lib/python3.9/site-packages/airflow/example_dags/tutorial_dag.py
[2025-12-05T00:11:22.057+0600] {logging_mixin.py:154} INFO - [2025-12-05T00:11:22.056+0600] {dag.py:2941} INFO - Sync 1 DAGs
[2025-12-05T00:11:22.061+0600] {logging_mixin.py:154} INFO - [2025-12-05T00:11:22.061+0600] {dag.py:3722} INFO - Setting next_dagrun for tutorial_dag to None, run_after=None
[2025-12-05T00:11:22.072+0600] {processor.py:179} INFO - Processing /Users/asminsadykova/Desktop/h&m/.venv/lib/python3.9/site-packages/airflow/example_dags/tutorial_dag.py took 0.120 seconds
[2025-12-05T00:12:07.976+0600] {processor.py:157} INFO - Started process (PID=43951) to work on /Users/asminsadykova/Desktop/h&m/.venv/lib/python3.9/site-packages/airflow/example_dags/tutorial_dag.py
[2025-12-05T00:12:07.979+0600] {processor.py:829} INFO - Processing file /Users/asminsadykova/Desktop/h&m/.venv/lib/python3.9/site-packages/airflow/example_dags/tutorial_dag.py for tasks to queue
[2025-12-05T00:12:07.979+0600] {logging_mixin.py:154} INFO - [2025-12-05T00:12:07.979+0600] {dagbag.py:536} INFO - Filling up the DagBag from /Users/asminsadykova/Desktop/h&m/.venv/lib/python3.9/site-packages/airflow/example_dags/tutorial_dag.py
[2025-12-05T00:12:07.999+0600] {processor.py:839} INFO - DAG(s) dict_keys(['tutorial_dag']) retrieved from /Users/asminsadykova/Desktop/h&m/.venv/lib/python3.9/site-packages/airflow/example_dags/tutorial_dag.py
[2025-12-05T00:12:08.072+0600] {logging_mixin.py:154} INFO - [2025-12-05T00:12:08.072+0600] {dag.py:2941} INFO - Sync 1 DAGs
[2025-12-05T00:12:08.076+0600] {logging_mixin.py:154} INFO - [2025-12-05T00:12:08.076+0600] {dag.py:3722} INFO - Setting next_dagrun for tutorial_dag to None, run_after=None
[2025-12-05T00:12:08.084+0600] {processor.py:179} INFO - Processing /Users/asminsadykova/Desktop/h&m/.venv/lib/python3.9/site-packages/airflow/example_dags/tutorial_dag.py took 0.108 seconds
[2025-12-05T00:12:52.765+0600] {processor.py:157} INFO - Started process (PID=44044) to work on /Users/asminsadykova/Desktop/h&m/.venv/lib/python3.9/site-packages/airflow/example_dags/tutorial_dag.py
[2025-12-05T00:12:52.767+0600] {processor.py:829} INFO - Processing file /Users/asminsadykova/Desktop/h&m/.venv/lib/python3.9/site-packages/airflow/example_dags/tutorial_dag.py for tasks to queue
[2025-12-05T00:12:52.767+0600] {logging_mixin.py:154} INFO - [2025-12-05T00:12:52.767+0600] {dagbag.py:536} INFO - Filling up the DagBag from /Users/asminsadykova/Desktop/h&m/.venv/lib/python3.9/site-packages/airflow/example_dags/tutorial_dag.py
[2025-12-05T00:12:52.785+0600] {processor.py:839} INFO - DAG(s) dict_keys(['tutorial_dag']) retrieved from /Users/asminsadykova/Desktop/h&m/.venv/lib/python3.9/site-packages/airflow/example_dags/tutorial_dag.py
[2025-12-05T00:12:52.859+0600] {logging_mixin.py:154} INFO - [2025-12-05T00:12:52.859+0600] {dag.py:2941} INFO - Sync 1 DAGs
[2025-12-05T00:12:52.863+0600] {logging_mixin.py:154} INFO - [2025-12-05T00:12:52.863+0600] {dag.py:3722} INFO - Setting next_dagrun for tutorial_dag to None, run_after=None
[2025-12-05T00:12:52.872+0600] {processor.py:179} INFO - Processing /Users/asminsadykova/Desktop/h&m/.venv/lib/python3.9/site-packages/airflow/example_dags/tutorial_dag.py took 0.107 seconds
