[2025-12-04T23:17:24.085+0600] {processor.py:157} INFO - Started process (PID=38896) to work on /Users/asminsadykova/Desktop/h&m/.venv/lib/python3.9/site-packages/airflow/example_dags/subdags/subdag.py
[2025-12-04T23:17:24.085+0600] {processor.py:829} INFO - Processing file /Users/asminsadykova/Desktop/h&m/.venv/lib/python3.9/site-packages/airflow/example_dags/subdags/subdag.py for tasks to queue
[2025-12-04T23:17:24.085+0600] {logging_mixin.py:154} INFO - [2025-12-04T23:17:24.085+0600] {dagbag.py:536} INFO - Filling up the DagBag from /Users/asminsadykova/Desktop/h&m/.venv/lib/python3.9/site-packages/airflow/example_dags/subdags/subdag.py
[2025-12-04T23:17:24.087+0600] {processor.py:841} WARNING - No viable dags retrieved from /Users/asminsadykova/Desktop/h&m/.venv/lib/python3.9/site-packages/airflow/example_dags/subdags/subdag.py
[2025-12-04T23:17:24.149+0600] {processor.py:179} INFO - Processing /Users/asminsadykova/Desktop/h&m/.venv/lib/python3.9/site-packages/airflow/example_dags/subdags/subdag.py took 0.065 seconds
[2025-12-04T23:18:43.990+0600] {processor.py:157} INFO - Started process (PID=38992) to work on /Users/asminsadykova/Desktop/h&m/.venv/lib/python3.9/site-packages/airflow/example_dags/subdags/subdag.py
[2025-12-04T23:18:43.991+0600] {processor.py:829} INFO - Processing file /Users/asminsadykova/Desktop/h&m/.venv/lib/python3.9/site-packages/airflow/example_dags/subdags/subdag.py for tasks to queue
[2025-12-04T23:18:43.991+0600] {logging_mixin.py:154} INFO - [2025-12-04T23:18:43.991+0600] {dagbag.py:536} INFO - Filling up the DagBag from /Users/asminsadykova/Desktop/h&m/.venv/lib/python3.9/site-packages/airflow/example_dags/subdags/subdag.py
[2025-12-04T23:18:43.992+0600] {processor.py:841} WARNING - No viable dags retrieved from /Users/asminsadykova/Desktop/h&m/.venv/lib/python3.9/site-packages/airflow/example_dags/subdags/subdag.py
[2025-12-04T23:18:44.048+0600] {processor.py:179} INFO - Processing /Users/asminsadykova/Desktop/h&m/.venv/lib/python3.9/site-packages/airflow/example_dags/subdags/subdag.py took 0.058 seconds
[2025-12-04T23:19:29.300+0600] {processor.py:157} INFO - Started process (PID=39050) to work on /Users/asminsadykova/Desktop/h&m/.venv/lib/python3.9/site-packages/airflow/example_dags/subdags/subdag.py
[2025-12-04T23:19:29.301+0600] {processor.py:829} INFO - Processing file /Users/asminsadykova/Desktop/h&m/.venv/lib/python3.9/site-packages/airflow/example_dags/subdags/subdag.py for tasks to queue
[2025-12-04T23:19:29.302+0600] {logging_mixin.py:154} INFO - [2025-12-04T23:19:29.302+0600] {dagbag.py:536} INFO - Filling up the DagBag from /Users/asminsadykova/Desktop/h&m/.venv/lib/python3.9/site-packages/airflow/example_dags/subdags/subdag.py
[2025-12-04T23:19:29.303+0600] {processor.py:841} WARNING - No viable dags retrieved from /Users/asminsadykova/Desktop/h&m/.venv/lib/python3.9/site-packages/airflow/example_dags/subdags/subdag.py
[2025-12-04T23:19:29.359+0600] {processor.py:179} INFO - Processing /Users/asminsadykova/Desktop/h&m/.venv/lib/python3.9/site-packages/airflow/example_dags/subdags/subdag.py took 0.059 seconds
[2025-12-04T23:20:12.317+0600] {processor.py:157} INFO - Started process (PID=39099) to work on /Users/asminsadykova/Desktop/h&m/.venv/lib/python3.9/site-packages/airflow/example_dags/subdags/subdag.py
[2025-12-04T23:20:12.317+0600] {processor.py:829} INFO - Processing file /Users/asminsadykova/Desktop/h&m/.venv/lib/python3.9/site-packages/airflow/example_dags/subdags/subdag.py for tasks to queue
[2025-12-04T23:20:12.318+0600] {logging_mixin.py:154} INFO - [2025-12-04T23:20:12.318+0600] {dagbag.py:536} INFO - Filling up the DagBag from /Users/asminsadykova/Desktop/h&m/.venv/lib/python3.9/site-packages/airflow/example_dags/subdags/subdag.py
[2025-12-04T23:20:12.319+0600] {processor.py:841} WARNING - No viable dags retrieved from /Users/asminsadykova/Desktop/h&m/.venv/lib/python3.9/site-packages/airflow/example_dags/subdags/subdag.py
[2025-12-04T23:20:12.374+0600] {processor.py:179} INFO - Processing /Users/asminsadykova/Desktop/h&m/.venv/lib/python3.9/site-packages/airflow/example_dags/subdags/subdag.py took 0.058 seconds
[2025-12-04T23:20:55.305+0600] {processor.py:157} INFO - Started process (PID=39143) to work on /Users/asminsadykova/Desktop/h&m/.venv/lib/python3.9/site-packages/airflow/example_dags/subdags/subdag.py
[2025-12-04T23:20:55.306+0600] {processor.py:829} INFO - Processing file /Users/asminsadykova/Desktop/h&m/.venv/lib/python3.9/site-packages/airflow/example_dags/subdags/subdag.py for tasks to queue
[2025-12-04T23:20:55.306+0600] {logging_mixin.py:154} INFO - [2025-12-04T23:20:55.306+0600] {dagbag.py:536} INFO - Filling up the DagBag from /Users/asminsadykova/Desktop/h&m/.venv/lib/python3.9/site-packages/airflow/example_dags/subdags/subdag.py
[2025-12-04T23:20:55.307+0600] {processor.py:841} WARNING - No viable dags retrieved from /Users/asminsadykova/Desktop/h&m/.venv/lib/python3.9/site-packages/airflow/example_dags/subdags/subdag.py
[2025-12-04T23:20:55.361+0600] {processor.py:179} INFO - Processing /Users/asminsadykova/Desktop/h&m/.venv/lib/python3.9/site-packages/airflow/example_dags/subdags/subdag.py took 0.056 seconds
[2025-12-04T23:21:38.559+0600] {processor.py:157} INFO - Started process (PID=39204) to work on /Users/asminsadykova/Desktop/h&m/.venv/lib/python3.9/site-packages/airflow/example_dags/subdags/subdag.py
[2025-12-04T23:21:38.560+0600] {processor.py:829} INFO - Processing file /Users/asminsadykova/Desktop/h&m/.venv/lib/python3.9/site-packages/airflow/example_dags/subdags/subdag.py for tasks to queue
[2025-12-04T23:21:38.560+0600] {logging_mixin.py:154} INFO - [2025-12-04T23:21:38.560+0600] {dagbag.py:536} INFO - Filling up the DagBag from /Users/asminsadykova/Desktop/h&m/.venv/lib/python3.9/site-packages/airflow/example_dags/subdags/subdag.py
[2025-12-04T23:21:38.566+0600] {processor.py:841} WARNING - No viable dags retrieved from /Users/asminsadykova/Desktop/h&m/.venv/lib/python3.9/site-packages/airflow/example_dags/subdags/subdag.py
[2025-12-04T23:21:38.624+0600] {processor.py:179} INFO - Processing /Users/asminsadykova/Desktop/h&m/.venv/lib/python3.9/site-packages/airflow/example_dags/subdags/subdag.py took 0.065 seconds
[2025-12-04T23:22:21.009+0600] {processor.py:157} INFO - Started process (PID=39246) to work on /Users/asminsadykova/Desktop/h&m/.venv/lib/python3.9/site-packages/airflow/example_dags/subdags/subdag.py
[2025-12-04T23:22:21.010+0600] {processor.py:829} INFO - Processing file /Users/asminsadykova/Desktop/h&m/.venv/lib/python3.9/site-packages/airflow/example_dags/subdags/subdag.py for tasks to queue
[2025-12-04T23:22:21.010+0600] {logging_mixin.py:154} INFO - [2025-12-04T23:22:21.010+0600] {dagbag.py:536} INFO - Filling up the DagBag from /Users/asminsadykova/Desktop/h&m/.venv/lib/python3.9/site-packages/airflow/example_dags/subdags/subdag.py
[2025-12-04T23:22:21.011+0600] {processor.py:841} WARNING - No viable dags retrieved from /Users/asminsadykova/Desktop/h&m/.venv/lib/python3.9/site-packages/airflow/example_dags/subdags/subdag.py
[2025-12-04T23:22:21.066+0600] {processor.py:179} INFO - Processing /Users/asminsadykova/Desktop/h&m/.venv/lib/python3.9/site-packages/airflow/example_dags/subdags/subdag.py took 0.057 seconds
[2025-12-04T23:23:04.267+0600] {processor.py:157} INFO - Started process (PID=39284) to work on /Users/asminsadykova/Desktop/h&m/.venv/lib/python3.9/site-packages/airflow/example_dags/subdags/subdag.py
[2025-12-04T23:23:04.268+0600] {processor.py:829} INFO - Processing file /Users/asminsadykova/Desktop/h&m/.venv/lib/python3.9/site-packages/airflow/example_dags/subdags/subdag.py for tasks to queue
[2025-12-04T23:23:04.268+0600] {logging_mixin.py:154} INFO - [2025-12-04T23:23:04.268+0600] {dagbag.py:536} INFO - Filling up the DagBag from /Users/asminsadykova/Desktop/h&m/.venv/lib/python3.9/site-packages/airflow/example_dags/subdags/subdag.py
[2025-12-04T23:23:04.269+0600] {processor.py:841} WARNING - No viable dags retrieved from /Users/asminsadykova/Desktop/h&m/.venv/lib/python3.9/site-packages/airflow/example_dags/subdags/subdag.py
[2025-12-04T23:23:04.323+0600] {processor.py:179} INFO - Processing /Users/asminsadykova/Desktop/h&m/.venv/lib/python3.9/site-packages/airflow/example_dags/subdags/subdag.py took 0.056 seconds
[2025-12-04T23:23:52.996+0600] {processor.py:157} INFO - Started process (PID=39387) to work on /Users/asminsadykova/Desktop/h&m/.venv/lib/python3.9/site-packages/airflow/example_dags/subdags/subdag.py
[2025-12-04T23:23:52.998+0600] {processor.py:829} INFO - Processing file /Users/asminsadykova/Desktop/h&m/.venv/lib/python3.9/site-packages/airflow/example_dags/subdags/subdag.py for tasks to queue
[2025-12-04T23:23:52.998+0600] {logging_mixin.py:154} INFO - [2025-12-04T23:23:52.998+0600] {dagbag.py:536} INFO - Filling up the DagBag from /Users/asminsadykova/Desktop/h&m/.venv/lib/python3.9/site-packages/airflow/example_dags/subdags/subdag.py
[2025-12-04T23:23:52.999+0600] {processor.py:841} WARNING - No viable dags retrieved from /Users/asminsadykova/Desktop/h&m/.venv/lib/python3.9/site-packages/airflow/example_dags/subdags/subdag.py
[2025-12-04T23:23:53.053+0600] {processor.py:179} INFO - Processing /Users/asminsadykova/Desktop/h&m/.venv/lib/python3.9/site-packages/airflow/example_dags/subdags/subdag.py took 0.057 seconds
[2025-12-04T23:24:40.932+0600] {processor.py:157} INFO - Started process (PID=39483) to work on /Users/asminsadykova/Desktop/h&m/.venv/lib/python3.9/site-packages/airflow/example_dags/subdags/subdag.py
[2025-12-04T23:24:40.932+0600] {processor.py:829} INFO - Processing file /Users/asminsadykova/Desktop/h&m/.venv/lib/python3.9/site-packages/airflow/example_dags/subdags/subdag.py for tasks to queue
[2025-12-04T23:24:40.933+0600] {logging_mixin.py:154} INFO - [2025-12-04T23:24:40.933+0600] {dagbag.py:536} INFO - Filling up the DagBag from /Users/asminsadykova/Desktop/h&m/.venv/lib/python3.9/site-packages/airflow/example_dags/subdags/subdag.py
[2025-12-04T23:24:40.934+0600] {processor.py:841} WARNING - No viable dags retrieved from /Users/asminsadykova/Desktop/h&m/.venv/lib/python3.9/site-packages/airflow/example_dags/subdags/subdag.py
[2025-12-04T23:24:40.989+0600] {processor.py:179} INFO - Processing /Users/asminsadykova/Desktop/h&m/.venv/lib/python3.9/site-packages/airflow/example_dags/subdags/subdag.py took 0.058 seconds
[2025-12-04T23:25:27.931+0600] {processor.py:157} INFO - Started process (PID=39521) to work on /Users/asminsadykova/Desktop/h&m/.venv/lib/python3.9/site-packages/airflow/example_dags/subdags/subdag.py
[2025-12-04T23:25:27.932+0600] {processor.py:829} INFO - Processing file /Users/asminsadykova/Desktop/h&m/.venv/lib/python3.9/site-packages/airflow/example_dags/subdags/subdag.py for tasks to queue
[2025-12-04T23:25:27.932+0600] {logging_mixin.py:154} INFO - [2025-12-04T23:25:27.932+0600] {dagbag.py:536} INFO - Filling up the DagBag from /Users/asminsadykova/Desktop/h&m/.venv/lib/python3.9/site-packages/airflow/example_dags/subdags/subdag.py
[2025-12-04T23:25:27.933+0600] {processor.py:841} WARNING - No viable dags retrieved from /Users/asminsadykova/Desktop/h&m/.venv/lib/python3.9/site-packages/airflow/example_dags/subdags/subdag.py
[2025-12-04T23:25:27.989+0600] {processor.py:179} INFO - Processing /Users/asminsadykova/Desktop/h&m/.venv/lib/python3.9/site-packages/airflow/example_dags/subdags/subdag.py took 0.059 seconds
[2025-12-04T23:26:14.402+0600] {processor.py:157} INFO - Started process (PID=39574) to work on /Users/asminsadykova/Desktop/h&m/.venv/lib/python3.9/site-packages/airflow/example_dags/subdags/subdag.py
[2025-12-04T23:26:14.403+0600] {processor.py:829} INFO - Processing file /Users/asminsadykova/Desktop/h&m/.venv/lib/python3.9/site-packages/airflow/example_dags/subdags/subdag.py for tasks to queue
[2025-12-04T23:26:14.403+0600] {logging_mixin.py:154} INFO - [2025-12-04T23:26:14.403+0600] {dagbag.py:536} INFO - Filling up the DagBag from /Users/asminsadykova/Desktop/h&m/.venv/lib/python3.9/site-packages/airflow/example_dags/subdags/subdag.py
[2025-12-04T23:26:14.405+0600] {processor.py:841} WARNING - No viable dags retrieved from /Users/asminsadykova/Desktop/h&m/.venv/lib/python3.9/site-packages/airflow/example_dags/subdags/subdag.py
[2025-12-04T23:26:14.459+0600] {processor.py:179} INFO - Processing /Users/asminsadykova/Desktop/h&m/.venv/lib/python3.9/site-packages/airflow/example_dags/subdags/subdag.py took 0.058 seconds
[2025-12-04T23:27:04.778+0600] {processor.py:157} INFO - Started process (PID=39620) to work on /Users/asminsadykova/Desktop/h&m/.venv/lib/python3.9/site-packages/airflow/example_dags/subdags/subdag.py
[2025-12-04T23:27:04.779+0600] {processor.py:829} INFO - Processing file /Users/asminsadykova/Desktop/h&m/.venv/lib/python3.9/site-packages/airflow/example_dags/subdags/subdag.py for tasks to queue
[2025-12-04T23:27:04.779+0600] {logging_mixin.py:154} INFO - [2025-12-04T23:27:04.779+0600] {dagbag.py:536} INFO - Filling up the DagBag from /Users/asminsadykova/Desktop/h&m/.venv/lib/python3.9/site-packages/airflow/example_dags/subdags/subdag.py
[2025-12-04T23:27:04.783+0600] {processor.py:841} WARNING - No viable dags retrieved from /Users/asminsadykova/Desktop/h&m/.venv/lib/python3.9/site-packages/airflow/example_dags/subdags/subdag.py
[2025-12-04T23:27:04.843+0600] {processor.py:179} INFO - Processing /Users/asminsadykova/Desktop/h&m/.venv/lib/python3.9/site-packages/airflow/example_dags/subdags/subdag.py took 0.065 seconds
[2025-12-04T23:27:53.571+0600] {processor.py:157} INFO - Started process (PID=39676) to work on /Users/asminsadykova/Desktop/h&m/.venv/lib/python3.9/site-packages/airflow/example_dags/subdags/subdag.py
[2025-12-04T23:27:53.572+0600] {processor.py:829} INFO - Processing file /Users/asminsadykova/Desktop/h&m/.venv/lib/python3.9/site-packages/airflow/example_dags/subdags/subdag.py for tasks to queue
[2025-12-04T23:27:53.572+0600] {logging_mixin.py:154} INFO - [2025-12-04T23:27:53.572+0600] {dagbag.py:536} INFO - Filling up the DagBag from /Users/asminsadykova/Desktop/h&m/.venv/lib/python3.9/site-packages/airflow/example_dags/subdags/subdag.py
[2025-12-04T23:27:53.574+0600] {processor.py:841} WARNING - No viable dags retrieved from /Users/asminsadykova/Desktop/h&m/.venv/lib/python3.9/site-packages/airflow/example_dags/subdags/subdag.py
[2025-12-04T23:27:53.628+0600] {processor.py:179} INFO - Processing /Users/asminsadykova/Desktop/h&m/.venv/lib/python3.9/site-packages/airflow/example_dags/subdags/subdag.py took 0.057 seconds
[2025-12-04T23:28:35.129+0600] {processor.py:157} INFO - Started process (PID=39721) to work on /Users/asminsadykova/Desktop/h&m/.venv/lib/python3.9/site-packages/airflow/example_dags/subdags/subdag.py
[2025-12-04T23:28:35.130+0600] {processor.py:829} INFO - Processing file /Users/asminsadykova/Desktop/h&m/.venv/lib/python3.9/site-packages/airflow/example_dags/subdags/subdag.py for tasks to queue
[2025-12-04T23:28:35.131+0600] {logging_mixin.py:154} INFO - [2025-12-04T23:28:35.131+0600] {dagbag.py:536} INFO - Filling up the DagBag from /Users/asminsadykova/Desktop/h&m/.venv/lib/python3.9/site-packages/airflow/example_dags/subdags/subdag.py
[2025-12-04T23:28:35.132+0600] {processor.py:841} WARNING - No viable dags retrieved from /Users/asminsadykova/Desktop/h&m/.venv/lib/python3.9/site-packages/airflow/example_dags/subdags/subdag.py
[2025-12-04T23:28:35.188+0600] {processor.py:179} INFO - Processing /Users/asminsadykova/Desktop/h&m/.venv/lib/python3.9/site-packages/airflow/example_dags/subdags/subdag.py took 0.060 seconds
[2025-12-04T23:29:17.948+0600] {processor.py:157} INFO - Started process (PID=39758) to work on /Users/asminsadykova/Desktop/h&m/.venv/lib/python3.9/site-packages/airflow/example_dags/subdags/subdag.py
[2025-12-04T23:29:17.950+0600] {processor.py:829} INFO - Processing file /Users/asminsadykova/Desktop/h&m/.venv/lib/python3.9/site-packages/airflow/example_dags/subdags/subdag.py for tasks to queue
[2025-12-04T23:29:17.950+0600] {logging_mixin.py:154} INFO - [2025-12-04T23:29:17.950+0600] {dagbag.py:536} INFO - Filling up the DagBag from /Users/asminsadykova/Desktop/h&m/.venv/lib/python3.9/site-packages/airflow/example_dags/subdags/subdag.py
[2025-12-04T23:29:17.951+0600] {processor.py:841} WARNING - No viable dags retrieved from /Users/asminsadykova/Desktop/h&m/.venv/lib/python3.9/site-packages/airflow/example_dags/subdags/subdag.py
[2025-12-04T23:29:18.005+0600] {processor.py:179} INFO - Processing /Users/asminsadykova/Desktop/h&m/.venv/lib/python3.9/site-packages/airflow/example_dags/subdags/subdag.py took 0.057 seconds
[2025-12-04T23:29:59.604+0600] {processor.py:157} INFO - Started process (PID=39793) to work on /Users/asminsadykova/Desktop/h&m/.venv/lib/python3.9/site-packages/airflow/example_dags/subdags/subdag.py
[2025-12-04T23:29:59.605+0600] {processor.py:829} INFO - Processing file /Users/asminsadykova/Desktop/h&m/.venv/lib/python3.9/site-packages/airflow/example_dags/subdags/subdag.py for tasks to queue
[2025-12-04T23:29:59.605+0600] {logging_mixin.py:154} INFO - [2025-12-04T23:29:59.605+0600] {dagbag.py:536} INFO - Filling up the DagBag from /Users/asminsadykova/Desktop/h&m/.venv/lib/python3.9/site-packages/airflow/example_dags/subdags/subdag.py
[2025-12-04T23:29:59.607+0600] {processor.py:841} WARNING - No viable dags retrieved from /Users/asminsadykova/Desktop/h&m/.venv/lib/python3.9/site-packages/airflow/example_dags/subdags/subdag.py
[2025-12-04T23:29:59.661+0600] {processor.py:179} INFO - Processing /Users/asminsadykova/Desktop/h&m/.venv/lib/python3.9/site-packages/airflow/example_dags/subdags/subdag.py took 0.057 seconds
[2025-12-04T23:30:40.129+0600] {processor.py:157} INFO - Started process (PID=39827) to work on /Users/asminsadykova/Desktop/h&m/.venv/lib/python3.9/site-packages/airflow/example_dags/subdags/subdag.py
[2025-12-04T23:30:40.130+0600] {processor.py:829} INFO - Processing file /Users/asminsadykova/Desktop/h&m/.venv/lib/python3.9/site-packages/airflow/example_dags/subdags/subdag.py for tasks to queue
[2025-12-04T23:30:40.130+0600] {logging_mixin.py:154} INFO - [2025-12-04T23:30:40.130+0600] {dagbag.py:536} INFO - Filling up the DagBag from /Users/asminsadykova/Desktop/h&m/.venv/lib/python3.9/site-packages/airflow/example_dags/subdags/subdag.py
[2025-12-04T23:30:40.131+0600] {processor.py:841} WARNING - No viable dags retrieved from /Users/asminsadykova/Desktop/h&m/.venv/lib/python3.9/site-packages/airflow/example_dags/subdags/subdag.py
[2025-12-04T23:30:40.185+0600] {processor.py:179} INFO - Processing /Users/asminsadykova/Desktop/h&m/.venv/lib/python3.9/site-packages/airflow/example_dags/subdags/subdag.py took 0.056 seconds
[2025-12-04T23:31:20.394+0600] {processor.py:157} INFO - Started process (PID=39859) to work on /Users/asminsadykova/Desktop/h&m/.venv/lib/python3.9/site-packages/airflow/example_dags/subdags/subdag.py
[2025-12-04T23:31:20.395+0600] {processor.py:829} INFO - Processing file /Users/asminsadykova/Desktop/h&m/.venv/lib/python3.9/site-packages/airflow/example_dags/subdags/subdag.py for tasks to queue
[2025-12-04T23:31:20.395+0600] {logging_mixin.py:154} INFO - [2025-12-04T23:31:20.395+0600] {dagbag.py:536} INFO - Filling up the DagBag from /Users/asminsadykova/Desktop/h&m/.venv/lib/python3.9/site-packages/airflow/example_dags/subdags/subdag.py
[2025-12-04T23:31:20.396+0600] {processor.py:841} WARNING - No viable dags retrieved from /Users/asminsadykova/Desktop/h&m/.venv/lib/python3.9/site-packages/airflow/example_dags/subdags/subdag.py
[2025-12-04T23:31:20.449+0600] {processor.py:179} INFO - Processing /Users/asminsadykova/Desktop/h&m/.venv/lib/python3.9/site-packages/airflow/example_dags/subdags/subdag.py took 0.056 seconds
[2025-12-04T23:32:04.337+0600] {processor.py:157} INFO - Started process (PID=39896) to work on /Users/asminsadykova/Desktop/h&m/.venv/lib/python3.9/site-packages/airflow/example_dags/subdags/subdag.py
[2025-12-04T23:32:04.338+0600] {processor.py:829} INFO - Processing file /Users/asminsadykova/Desktop/h&m/.venv/lib/python3.9/site-packages/airflow/example_dags/subdags/subdag.py for tasks to queue
[2025-12-04T23:32:04.338+0600] {logging_mixin.py:154} INFO - [2025-12-04T23:32:04.338+0600] {dagbag.py:536} INFO - Filling up the DagBag from /Users/asminsadykova/Desktop/h&m/.venv/lib/python3.9/site-packages/airflow/example_dags/subdags/subdag.py
[2025-12-04T23:32:04.339+0600] {processor.py:841} WARNING - No viable dags retrieved from /Users/asminsadykova/Desktop/h&m/.venv/lib/python3.9/site-packages/airflow/example_dags/subdags/subdag.py
[2025-12-04T23:32:04.393+0600] {processor.py:179} INFO - Processing /Users/asminsadykova/Desktop/h&m/.venv/lib/python3.9/site-packages/airflow/example_dags/subdags/subdag.py took 0.057 seconds
[2025-12-04T23:32:49.374+0600] {processor.py:157} INFO - Started process (PID=40077) to work on /Users/asminsadykova/Desktop/h&m/.venv/lib/python3.9/site-packages/airflow/example_dags/subdags/subdag.py
[2025-12-04T23:32:49.375+0600] {processor.py:829} INFO - Processing file /Users/asminsadykova/Desktop/h&m/.venv/lib/python3.9/site-packages/airflow/example_dags/subdags/subdag.py for tasks to queue
[2025-12-04T23:32:49.375+0600] {logging_mixin.py:154} INFO - [2025-12-04T23:32:49.375+0600] {dagbag.py:536} INFO - Filling up the DagBag from /Users/asminsadykova/Desktop/h&m/.venv/lib/python3.9/site-packages/airflow/example_dags/subdags/subdag.py
[2025-12-04T23:32:49.376+0600] {processor.py:841} WARNING - No viable dags retrieved from /Users/asminsadykova/Desktop/h&m/.venv/lib/python3.9/site-packages/airflow/example_dags/subdags/subdag.py
[2025-12-04T23:32:49.433+0600] {processor.py:179} INFO - Processing /Users/asminsadykova/Desktop/h&m/.venv/lib/python3.9/site-packages/airflow/example_dags/subdags/subdag.py took 0.059 seconds
[2025-12-04T23:33:31.534+0600] {processor.py:157} INFO - Started process (PID=40123) to work on /Users/asminsadykova/Desktop/h&m/.venv/lib/python3.9/site-packages/airflow/example_dags/subdags/subdag.py
[2025-12-04T23:33:31.535+0600] {processor.py:829} INFO - Processing file /Users/asminsadykova/Desktop/h&m/.venv/lib/python3.9/site-packages/airflow/example_dags/subdags/subdag.py for tasks to queue
[2025-12-04T23:33:31.536+0600] {logging_mixin.py:154} INFO - [2025-12-04T23:33:31.536+0600] {dagbag.py:536} INFO - Filling up the DagBag from /Users/asminsadykova/Desktop/h&m/.venv/lib/python3.9/site-packages/airflow/example_dags/subdags/subdag.py
[2025-12-04T23:33:31.537+0600] {processor.py:841} WARNING - No viable dags retrieved from /Users/asminsadykova/Desktop/h&m/.venv/lib/python3.9/site-packages/airflow/example_dags/subdags/subdag.py
[2025-12-04T23:33:31.591+0600] {processor.py:179} INFO - Processing /Users/asminsadykova/Desktop/h&m/.venv/lib/python3.9/site-packages/airflow/example_dags/subdags/subdag.py took 0.056 seconds
[2025-12-04T23:34:12.849+0600] {processor.py:157} INFO - Started process (PID=40160) to work on /Users/asminsadykova/Desktop/h&m/.venv/lib/python3.9/site-packages/airflow/example_dags/subdags/subdag.py
[2025-12-04T23:34:12.851+0600] {processor.py:829} INFO - Processing file /Users/asminsadykova/Desktop/h&m/.venv/lib/python3.9/site-packages/airflow/example_dags/subdags/subdag.py for tasks to queue
[2025-12-04T23:34:12.851+0600] {logging_mixin.py:154} INFO - [2025-12-04T23:34:12.851+0600] {dagbag.py:536} INFO - Filling up the DagBag from /Users/asminsadykova/Desktop/h&m/.venv/lib/python3.9/site-packages/airflow/example_dags/subdags/subdag.py
[2025-12-04T23:34:12.852+0600] {processor.py:841} WARNING - No viable dags retrieved from /Users/asminsadykova/Desktop/h&m/.venv/lib/python3.9/site-packages/airflow/example_dags/subdags/subdag.py
[2025-12-04T23:34:12.905+0600] {processor.py:179} INFO - Processing /Users/asminsadykova/Desktop/h&m/.venv/lib/python3.9/site-packages/airflow/example_dags/subdags/subdag.py took 0.057 seconds
[2025-12-04T23:34:58.255+0600] {processor.py:157} INFO - Started process (PID=40207) to work on /Users/asminsadykova/Desktop/h&m/.venv/lib/python3.9/site-packages/airflow/example_dags/subdags/subdag.py
[2025-12-04T23:34:58.256+0600] {processor.py:829} INFO - Processing file /Users/asminsadykova/Desktop/h&m/.venv/lib/python3.9/site-packages/airflow/example_dags/subdags/subdag.py for tasks to queue
[2025-12-04T23:34:58.256+0600] {logging_mixin.py:154} INFO - [2025-12-04T23:34:58.256+0600] {dagbag.py:536} INFO - Filling up the DagBag from /Users/asminsadykova/Desktop/h&m/.venv/lib/python3.9/site-packages/airflow/example_dags/subdags/subdag.py
[2025-12-04T23:34:58.257+0600] {processor.py:841} WARNING - No viable dags retrieved from /Users/asminsadykova/Desktop/h&m/.venv/lib/python3.9/site-packages/airflow/example_dags/subdags/subdag.py
[2025-12-04T23:34:58.311+0600] {processor.py:179} INFO - Processing /Users/asminsadykova/Desktop/h&m/.venv/lib/python3.9/site-packages/airflow/example_dags/subdags/subdag.py took 0.057 seconds
[2025-12-04T23:35:47.170+0600] {processor.py:157} INFO - Started process (PID=40248) to work on /Users/asminsadykova/Desktop/h&m/.venv/lib/python3.9/site-packages/airflow/example_dags/subdags/subdag.py
[2025-12-04T23:35:47.171+0600] {processor.py:829} INFO - Processing file /Users/asminsadykova/Desktop/h&m/.venv/lib/python3.9/site-packages/airflow/example_dags/subdags/subdag.py for tasks to queue
[2025-12-04T23:35:47.171+0600] {logging_mixin.py:154} INFO - [2025-12-04T23:35:47.171+0600] {dagbag.py:536} INFO - Filling up the DagBag from /Users/asminsadykova/Desktop/h&m/.venv/lib/python3.9/site-packages/airflow/example_dags/subdags/subdag.py
[2025-12-04T23:35:47.173+0600] {processor.py:841} WARNING - No viable dags retrieved from /Users/asminsadykova/Desktop/h&m/.venv/lib/python3.9/site-packages/airflow/example_dags/subdags/subdag.py
[2025-12-04T23:35:47.229+0600] {processor.py:179} INFO - Processing /Users/asminsadykova/Desktop/h&m/.venv/lib/python3.9/site-packages/airflow/example_dags/subdags/subdag.py took 0.060 seconds
[2025-12-04T23:36:37.172+0600] {processor.py:157} INFO - Started process (PID=40294) to work on /Users/asminsadykova/Desktop/h&m/.venv/lib/python3.9/site-packages/airflow/example_dags/subdags/subdag.py
[2025-12-04T23:36:37.173+0600] {processor.py:829} INFO - Processing file /Users/asminsadykova/Desktop/h&m/.venv/lib/python3.9/site-packages/airflow/example_dags/subdags/subdag.py for tasks to queue
[2025-12-04T23:36:37.173+0600] {logging_mixin.py:154} INFO - [2025-12-04T23:36:37.173+0600] {dagbag.py:536} INFO - Filling up the DagBag from /Users/asminsadykova/Desktop/h&m/.venv/lib/python3.9/site-packages/airflow/example_dags/subdags/subdag.py
[2025-12-04T23:36:37.174+0600] {processor.py:841} WARNING - No viable dags retrieved from /Users/asminsadykova/Desktop/h&m/.venv/lib/python3.9/site-packages/airflow/example_dags/subdags/subdag.py
[2025-12-04T23:36:37.228+0600] {processor.py:179} INFO - Processing /Users/asminsadykova/Desktop/h&m/.venv/lib/python3.9/site-packages/airflow/example_dags/subdags/subdag.py took 0.056 seconds
[2025-12-04T23:37:21.643+0600] {processor.py:157} INFO - Started process (PID=40342) to work on /Users/asminsadykova/Desktop/h&m/.venv/lib/python3.9/site-packages/airflow/example_dags/subdags/subdag.py
[2025-12-04T23:37:21.644+0600] {processor.py:829} INFO - Processing file /Users/asminsadykova/Desktop/h&m/.venv/lib/python3.9/site-packages/airflow/example_dags/subdags/subdag.py for tasks to queue
[2025-12-04T23:37:21.644+0600] {logging_mixin.py:154} INFO - [2025-12-04T23:37:21.644+0600] {dagbag.py:536} INFO - Filling up the DagBag from /Users/asminsadykova/Desktop/h&m/.venv/lib/python3.9/site-packages/airflow/example_dags/subdags/subdag.py
[2025-12-04T23:37:21.645+0600] {processor.py:841} WARNING - No viable dags retrieved from /Users/asminsadykova/Desktop/h&m/.venv/lib/python3.9/site-packages/airflow/example_dags/subdags/subdag.py
[2025-12-04T23:37:21.702+0600] {processor.py:179} INFO - Processing /Users/asminsadykova/Desktop/h&m/.venv/lib/python3.9/site-packages/airflow/example_dags/subdags/subdag.py took 0.060 seconds
[2025-12-04T23:38:05.452+0600] {processor.py:157} INFO - Started process (PID=40384) to work on /Users/asminsadykova/Desktop/h&m/.venv/lib/python3.9/site-packages/airflow/example_dags/subdags/subdag.py
[2025-12-04T23:38:05.454+0600] {processor.py:829} INFO - Processing file /Users/asminsadykova/Desktop/h&m/.venv/lib/python3.9/site-packages/airflow/example_dags/subdags/subdag.py for tasks to queue
[2025-12-04T23:38:05.454+0600] {logging_mixin.py:154} INFO - [2025-12-04T23:38:05.454+0600] {dagbag.py:536} INFO - Filling up the DagBag from /Users/asminsadykova/Desktop/h&m/.venv/lib/python3.9/site-packages/airflow/example_dags/subdags/subdag.py
[2025-12-04T23:38:05.455+0600] {processor.py:841} WARNING - No viable dags retrieved from /Users/asminsadykova/Desktop/h&m/.venv/lib/python3.9/site-packages/airflow/example_dags/subdags/subdag.py
[2025-12-04T23:38:05.519+0600] {processor.py:179} INFO - Processing /Users/asminsadykova/Desktop/h&m/.venv/lib/python3.9/site-packages/airflow/example_dags/subdags/subdag.py took 0.068 seconds
[2025-12-04T23:38:56.063+0600] {processor.py:157} INFO - Started process (PID=40424) to work on /Users/asminsadykova/Desktop/h&m/.venv/lib/python3.9/site-packages/airflow/example_dags/subdags/subdag.py
[2025-12-04T23:38:56.065+0600] {processor.py:829} INFO - Processing file /Users/asminsadykova/Desktop/h&m/.venv/lib/python3.9/site-packages/airflow/example_dags/subdags/subdag.py for tasks to queue
[2025-12-04T23:38:56.065+0600] {logging_mixin.py:154} INFO - [2025-12-04T23:38:56.065+0600] {dagbag.py:536} INFO - Filling up the DagBag from /Users/asminsadykova/Desktop/h&m/.venv/lib/python3.9/site-packages/airflow/example_dags/subdags/subdag.py
[2025-12-04T23:38:56.067+0600] {processor.py:841} WARNING - No viable dags retrieved from /Users/asminsadykova/Desktop/h&m/.venv/lib/python3.9/site-packages/airflow/example_dags/subdags/subdag.py
[2025-12-04T23:38:56.132+0600] {processor.py:179} INFO - Processing /Users/asminsadykova/Desktop/h&m/.venv/lib/python3.9/site-packages/airflow/example_dags/subdags/subdag.py took 0.070 seconds
[2025-12-04T23:39:41.739+0600] {processor.py:157} INFO - Started process (PID=40471) to work on /Users/asminsadykova/Desktop/h&m/.venv/lib/python3.9/site-packages/airflow/example_dags/subdags/subdag.py
[2025-12-04T23:39:41.742+0600] {processor.py:829} INFO - Processing file /Users/asminsadykova/Desktop/h&m/.venv/lib/python3.9/site-packages/airflow/example_dags/subdags/subdag.py for tasks to queue
[2025-12-04T23:39:41.742+0600] {logging_mixin.py:154} INFO - [2025-12-04T23:39:41.742+0600] {dagbag.py:536} INFO - Filling up the DagBag from /Users/asminsadykova/Desktop/h&m/.venv/lib/python3.9/site-packages/airflow/example_dags/subdags/subdag.py
[2025-12-04T23:39:41.744+0600] {processor.py:841} WARNING - No viable dags retrieved from /Users/asminsadykova/Desktop/h&m/.venv/lib/python3.9/site-packages/airflow/example_dags/subdags/subdag.py
[2025-12-04T23:39:41.801+0600] {processor.py:179} INFO - Processing /Users/asminsadykova/Desktop/h&m/.venv/lib/python3.9/site-packages/airflow/example_dags/subdags/subdag.py took 0.063 seconds
[2025-12-04T23:40:28.960+0600] {processor.py:157} INFO - Started process (PID=40557) to work on /Users/asminsadykova/Desktop/h&m/.venv/lib/python3.9/site-packages/airflow/example_dags/subdags/subdag.py
[2025-12-04T23:40:28.962+0600] {processor.py:829} INFO - Processing file /Users/asminsadykova/Desktop/h&m/.venv/lib/python3.9/site-packages/airflow/example_dags/subdags/subdag.py for tasks to queue
[2025-12-04T23:40:28.962+0600] {logging_mixin.py:154} INFO - [2025-12-04T23:40:28.962+0600] {dagbag.py:536} INFO - Filling up the DagBag from /Users/asminsadykova/Desktop/h&m/.venv/lib/python3.9/site-packages/airflow/example_dags/subdags/subdag.py
[2025-12-04T23:40:28.963+0600] {processor.py:841} WARNING - No viable dags retrieved from /Users/asminsadykova/Desktop/h&m/.venv/lib/python3.9/site-packages/airflow/example_dags/subdags/subdag.py
[2025-12-04T23:40:29.018+0600] {processor.py:179} INFO - Processing /Users/asminsadykova/Desktop/h&m/.venv/lib/python3.9/site-packages/airflow/example_dags/subdags/subdag.py took 0.059 seconds
[2025-12-04T23:41:19.407+0600] {processor.py:157} INFO - Started process (PID=40597) to work on /Users/asminsadykova/Desktop/h&m/.venv/lib/python3.9/site-packages/airflow/example_dags/subdags/subdag.py
[2025-12-04T23:41:19.409+0600] {processor.py:829} INFO - Processing file /Users/asminsadykova/Desktop/h&m/.venv/lib/python3.9/site-packages/airflow/example_dags/subdags/subdag.py for tasks to queue
[2025-12-04T23:41:19.409+0600] {logging_mixin.py:154} INFO - [2025-12-04T23:41:19.409+0600] {dagbag.py:536} INFO - Filling up the DagBag from /Users/asminsadykova/Desktop/h&m/.venv/lib/python3.9/site-packages/airflow/example_dags/subdags/subdag.py
[2025-12-04T23:41:19.410+0600] {processor.py:841} WARNING - No viable dags retrieved from /Users/asminsadykova/Desktop/h&m/.venv/lib/python3.9/site-packages/airflow/example_dags/subdags/subdag.py
[2025-12-04T23:41:19.465+0600] {processor.py:179} INFO - Processing /Users/asminsadykova/Desktop/h&m/.venv/lib/python3.9/site-packages/airflow/example_dags/subdags/subdag.py took 0.058 seconds
[2025-12-04T23:42:02.231+0600] {processor.py:157} INFO - Started process (PID=40640) to work on /Users/asminsadykova/Desktop/h&m/.venv/lib/python3.9/site-packages/airflow/example_dags/subdags/subdag.py
[2025-12-04T23:42:02.232+0600] {processor.py:829} INFO - Processing file /Users/asminsadykova/Desktop/h&m/.venv/lib/python3.9/site-packages/airflow/example_dags/subdags/subdag.py for tasks to queue
[2025-12-04T23:42:02.233+0600] {logging_mixin.py:154} INFO - [2025-12-04T23:42:02.233+0600] {dagbag.py:536} INFO - Filling up the DagBag from /Users/asminsadykova/Desktop/h&m/.venv/lib/python3.9/site-packages/airflow/example_dags/subdags/subdag.py
[2025-12-04T23:42:02.234+0600] {processor.py:841} WARNING - No viable dags retrieved from /Users/asminsadykova/Desktop/h&m/.venv/lib/python3.9/site-packages/airflow/example_dags/subdags/subdag.py
[2025-12-04T23:42:02.298+0600] {processor.py:179} INFO - Processing /Users/asminsadykova/Desktop/h&m/.venv/lib/python3.9/site-packages/airflow/example_dags/subdags/subdag.py took 0.068 seconds
[2025-12-04T23:42:45.042+0600] {processor.py:157} INFO - Started process (PID=40710) to work on /Users/asminsadykova/Desktop/h&m/.venv/lib/python3.9/site-packages/airflow/example_dags/subdags/subdag.py
[2025-12-04T23:42:45.043+0600] {processor.py:829} INFO - Processing file /Users/asminsadykova/Desktop/h&m/.venv/lib/python3.9/site-packages/airflow/example_dags/subdags/subdag.py for tasks to queue
[2025-12-04T23:42:45.043+0600] {logging_mixin.py:154} INFO - [2025-12-04T23:42:45.043+0600] {dagbag.py:536} INFO - Filling up the DagBag from /Users/asminsadykova/Desktop/h&m/.venv/lib/python3.9/site-packages/airflow/example_dags/subdags/subdag.py
[2025-12-04T23:42:45.044+0600] {processor.py:841} WARNING - No viable dags retrieved from /Users/asminsadykova/Desktop/h&m/.venv/lib/python3.9/site-packages/airflow/example_dags/subdags/subdag.py
[2025-12-04T23:42:45.101+0600] {processor.py:179} INFO - Processing /Users/asminsadykova/Desktop/h&m/.venv/lib/python3.9/site-packages/airflow/example_dags/subdags/subdag.py took 0.060 seconds
[2025-12-04T23:43:33.715+0600] {processor.py:157} INFO - Started process (PID=40764) to work on /Users/asminsadykova/Desktop/h&m/.venv/lib/python3.9/site-packages/airflow/example_dags/subdags/subdag.py
[2025-12-04T23:43:33.716+0600] {processor.py:829} INFO - Processing file /Users/asminsadykova/Desktop/h&m/.venv/lib/python3.9/site-packages/airflow/example_dags/subdags/subdag.py for tasks to queue
[2025-12-04T23:43:33.716+0600] {logging_mixin.py:154} INFO - [2025-12-04T23:43:33.716+0600] {dagbag.py:536} INFO - Filling up the DagBag from /Users/asminsadykova/Desktop/h&m/.venv/lib/python3.9/site-packages/airflow/example_dags/subdags/subdag.py
[2025-12-04T23:43:33.718+0600] {processor.py:841} WARNING - No viable dags retrieved from /Users/asminsadykova/Desktop/h&m/.venv/lib/python3.9/site-packages/airflow/example_dags/subdags/subdag.py
[2025-12-04T23:43:33.786+0600] {processor.py:179} INFO - Processing /Users/asminsadykova/Desktop/h&m/.venv/lib/python3.9/site-packages/airflow/example_dags/subdags/subdag.py took 0.072 seconds
[2025-12-04T23:44:21.819+0600] {processor.py:157} INFO - Started process (PID=40886) to work on /Users/asminsadykova/Desktop/h&m/.venv/lib/python3.9/site-packages/airflow/example_dags/subdags/subdag.py
[2025-12-04T23:44:21.821+0600] {processor.py:829} INFO - Processing file /Users/asminsadykova/Desktop/h&m/.venv/lib/python3.9/site-packages/airflow/example_dags/subdags/subdag.py for tasks to queue
[2025-12-04T23:44:21.821+0600] {logging_mixin.py:154} INFO - [2025-12-04T23:44:21.821+0600] {dagbag.py:536} INFO - Filling up the DagBag from /Users/asminsadykova/Desktop/h&m/.venv/lib/python3.9/site-packages/airflow/example_dags/subdags/subdag.py
[2025-12-04T23:44:21.823+0600] {processor.py:841} WARNING - No viable dags retrieved from /Users/asminsadykova/Desktop/h&m/.venv/lib/python3.9/site-packages/airflow/example_dags/subdags/subdag.py
[2025-12-04T23:44:21.876+0600] {processor.py:179} INFO - Processing /Users/asminsadykova/Desktop/h&m/.venv/lib/python3.9/site-packages/airflow/example_dags/subdags/subdag.py took 0.057 seconds
[2025-12-04T23:45:10.710+0600] {processor.py:157} INFO - Started process (PID=41066) to work on /Users/asminsadykova/Desktop/h&m/.venv/lib/python3.9/site-packages/airflow/example_dags/subdags/subdag.py
[2025-12-04T23:45:10.711+0600] {processor.py:829} INFO - Processing file /Users/asminsadykova/Desktop/h&m/.venv/lib/python3.9/site-packages/airflow/example_dags/subdags/subdag.py for tasks to queue
[2025-12-04T23:45:10.711+0600] {logging_mixin.py:154} INFO - [2025-12-04T23:45:10.711+0600] {dagbag.py:536} INFO - Filling up the DagBag from /Users/asminsadykova/Desktop/h&m/.venv/lib/python3.9/site-packages/airflow/example_dags/subdags/subdag.py
[2025-12-04T23:45:10.712+0600] {processor.py:841} WARNING - No viable dags retrieved from /Users/asminsadykova/Desktop/h&m/.venv/lib/python3.9/site-packages/airflow/example_dags/subdags/subdag.py
[2025-12-04T23:45:10.767+0600] {processor.py:179} INFO - Processing /Users/asminsadykova/Desktop/h&m/.venv/lib/python3.9/site-packages/airflow/example_dags/subdags/subdag.py took 0.058 seconds
[2025-12-04T23:45:57.586+0600] {processor.py:157} INFO - Started process (PID=41193) to work on /Users/asminsadykova/Desktop/h&m/.venv/lib/python3.9/site-packages/airflow/example_dags/subdags/subdag.py
[2025-12-04T23:45:57.588+0600] {processor.py:829} INFO - Processing file /Users/asminsadykova/Desktop/h&m/.venv/lib/python3.9/site-packages/airflow/example_dags/subdags/subdag.py for tasks to queue
[2025-12-04T23:45:57.588+0600] {logging_mixin.py:154} INFO - [2025-12-04T23:45:57.588+0600] {dagbag.py:536} INFO - Filling up the DagBag from /Users/asminsadykova/Desktop/h&m/.venv/lib/python3.9/site-packages/airflow/example_dags/subdags/subdag.py
[2025-12-04T23:45:57.589+0600] {processor.py:841} WARNING - No viable dags retrieved from /Users/asminsadykova/Desktop/h&m/.venv/lib/python3.9/site-packages/airflow/example_dags/subdags/subdag.py
[2025-12-04T23:45:57.647+0600] {processor.py:179} INFO - Processing /Users/asminsadykova/Desktop/h&m/.venv/lib/python3.9/site-packages/airflow/example_dags/subdags/subdag.py took 0.061 seconds
[2025-12-04T23:46:46.518+0600] {processor.py:157} INFO - Started process (PID=41465) to work on /Users/asminsadykova/Desktop/h&m/.venv/lib/python3.9/site-packages/airflow/example_dags/subdags/subdag.py
[2025-12-04T23:46:46.519+0600] {processor.py:829} INFO - Processing file /Users/asminsadykova/Desktop/h&m/.venv/lib/python3.9/site-packages/airflow/example_dags/subdags/subdag.py for tasks to queue
[2025-12-04T23:46:46.519+0600] {logging_mixin.py:154} INFO - [2025-12-04T23:46:46.519+0600] {dagbag.py:536} INFO - Filling up the DagBag from /Users/asminsadykova/Desktop/h&m/.venv/lib/python3.9/site-packages/airflow/example_dags/subdags/subdag.py
[2025-12-04T23:46:46.520+0600] {processor.py:841} WARNING - No viable dags retrieved from /Users/asminsadykova/Desktop/h&m/.venv/lib/python3.9/site-packages/airflow/example_dags/subdags/subdag.py
[2025-12-04T23:46:46.576+0600] {processor.py:179} INFO - Processing /Users/asminsadykova/Desktop/h&m/.venv/lib/python3.9/site-packages/airflow/example_dags/subdags/subdag.py took 0.058 seconds
[2025-12-04T23:47:31.414+0600] {processor.py:157} INFO - Started process (PID=41579) to work on /Users/asminsadykova/Desktop/h&m/.venv/lib/python3.9/site-packages/airflow/example_dags/subdags/subdag.py
[2025-12-04T23:47:31.415+0600] {processor.py:829} INFO - Processing file /Users/asminsadykova/Desktop/h&m/.venv/lib/python3.9/site-packages/airflow/example_dags/subdags/subdag.py for tasks to queue
[2025-12-04T23:47:31.416+0600] {logging_mixin.py:154} INFO - [2025-12-04T23:47:31.416+0600] {dagbag.py:536} INFO - Filling up the DagBag from /Users/asminsadykova/Desktop/h&m/.venv/lib/python3.9/site-packages/airflow/example_dags/subdags/subdag.py
[2025-12-04T23:47:31.417+0600] {processor.py:841} WARNING - No viable dags retrieved from /Users/asminsadykova/Desktop/h&m/.venv/lib/python3.9/site-packages/airflow/example_dags/subdags/subdag.py
[2025-12-04T23:47:31.471+0600] {processor.py:179} INFO - Processing /Users/asminsadykova/Desktop/h&m/.venv/lib/python3.9/site-packages/airflow/example_dags/subdags/subdag.py took 0.057 seconds
[2025-12-04T23:48:12.714+0600] {processor.py:157} INFO - Started process (PID=41630) to work on /Users/asminsadykova/Desktop/h&m/.venv/lib/python3.9/site-packages/airflow/example_dags/subdags/subdag.py
[2025-12-04T23:48:12.715+0600] {processor.py:829} INFO - Processing file /Users/asminsadykova/Desktop/h&m/.venv/lib/python3.9/site-packages/airflow/example_dags/subdags/subdag.py for tasks to queue
[2025-12-04T23:48:12.716+0600] {logging_mixin.py:154} INFO - [2025-12-04T23:48:12.716+0600] {dagbag.py:536} INFO - Filling up the DagBag from /Users/asminsadykova/Desktop/h&m/.venv/lib/python3.9/site-packages/airflow/example_dags/subdags/subdag.py
[2025-12-04T23:48:12.717+0600] {processor.py:841} WARNING - No viable dags retrieved from /Users/asminsadykova/Desktop/h&m/.venv/lib/python3.9/site-packages/airflow/example_dags/subdags/subdag.py
[2025-12-04T23:48:12.773+0600] {processor.py:179} INFO - Processing /Users/asminsadykova/Desktop/h&m/.venv/lib/python3.9/site-packages/airflow/example_dags/subdags/subdag.py took 0.059 seconds
[2025-12-04T23:48:57.183+0600] {processor.py:157} INFO - Started process (PID=41685) to work on /Users/asminsadykova/Desktop/h&m/.venv/lib/python3.9/site-packages/airflow/example_dags/subdags/subdag.py
[2025-12-04T23:48:57.185+0600] {processor.py:829} INFO - Processing file /Users/asminsadykova/Desktop/h&m/.venv/lib/python3.9/site-packages/airflow/example_dags/subdags/subdag.py for tasks to queue
[2025-12-04T23:48:57.185+0600] {logging_mixin.py:154} INFO - [2025-12-04T23:48:57.185+0600] {dagbag.py:536} INFO - Filling up the DagBag from /Users/asminsadykova/Desktop/h&m/.venv/lib/python3.9/site-packages/airflow/example_dags/subdags/subdag.py
[2025-12-04T23:48:57.187+0600] {processor.py:841} WARNING - No viable dags retrieved from /Users/asminsadykova/Desktop/h&m/.venv/lib/python3.9/site-packages/airflow/example_dags/subdags/subdag.py
[2025-12-04T23:48:57.239+0600] {processor.py:179} INFO - Processing /Users/asminsadykova/Desktop/h&m/.venv/lib/python3.9/site-packages/airflow/example_dags/subdags/subdag.py took 0.057 seconds
[2025-12-04T23:49:42.826+0600] {processor.py:157} INFO - Started process (PID=41769) to work on /Users/asminsadykova/Desktop/h&m/.venv/lib/python3.9/site-packages/airflow/example_dags/subdags/subdag.py
[2025-12-04T23:49:42.829+0600] {processor.py:829} INFO - Processing file /Users/asminsadykova/Desktop/h&m/.venv/lib/python3.9/site-packages/airflow/example_dags/subdags/subdag.py for tasks to queue
[2025-12-04T23:49:42.829+0600] {logging_mixin.py:154} INFO - [2025-12-04T23:49:42.829+0600] {dagbag.py:536} INFO - Filling up the DagBag from /Users/asminsadykova/Desktop/h&m/.venv/lib/python3.9/site-packages/airflow/example_dags/subdags/subdag.py
[2025-12-04T23:49:42.830+0600] {processor.py:841} WARNING - No viable dags retrieved from /Users/asminsadykova/Desktop/h&m/.venv/lib/python3.9/site-packages/airflow/example_dags/subdags/subdag.py
[2025-12-04T23:49:42.885+0600] {processor.py:179} INFO - Processing /Users/asminsadykova/Desktop/h&m/.venv/lib/python3.9/site-packages/airflow/example_dags/subdags/subdag.py took 0.059 seconds
[2025-12-04T23:50:32.977+0600] {processor.py:157} INFO - Started process (PID=41811) to work on /Users/asminsadykova/Desktop/h&m/.venv/lib/python3.9/site-packages/airflow/example_dags/subdags/subdag.py
[2025-12-04T23:50:32.978+0600] {processor.py:829} INFO - Processing file /Users/asminsadykova/Desktop/h&m/.venv/lib/python3.9/site-packages/airflow/example_dags/subdags/subdag.py for tasks to queue
[2025-12-04T23:50:32.978+0600] {logging_mixin.py:154} INFO - [2025-12-04T23:50:32.978+0600] {dagbag.py:536} INFO - Filling up the DagBag from /Users/asminsadykova/Desktop/h&m/.venv/lib/python3.9/site-packages/airflow/example_dags/subdags/subdag.py
[2025-12-04T23:50:32.980+0600] {processor.py:841} WARNING - No viable dags retrieved from /Users/asminsadykova/Desktop/h&m/.venv/lib/python3.9/site-packages/airflow/example_dags/subdags/subdag.py
[2025-12-04T23:50:33.033+0600] {processor.py:179} INFO - Processing /Users/asminsadykova/Desktop/h&m/.venv/lib/python3.9/site-packages/airflow/example_dags/subdags/subdag.py took 0.057 seconds
[2025-12-04T23:51:23.473+0600] {processor.py:157} INFO - Started process (PID=41923) to work on /Users/asminsadykova/Desktop/h&m/.venv/lib/python3.9/site-packages/airflow/example_dags/subdags/subdag.py
[2025-12-04T23:51:23.475+0600] {processor.py:829} INFO - Processing file /Users/asminsadykova/Desktop/h&m/.venv/lib/python3.9/site-packages/airflow/example_dags/subdags/subdag.py for tasks to queue
[2025-12-04T23:51:23.476+0600] {logging_mixin.py:154} INFO - [2025-12-04T23:51:23.476+0600] {dagbag.py:536} INFO - Filling up the DagBag from /Users/asminsadykova/Desktop/h&m/.venv/lib/python3.9/site-packages/airflow/example_dags/subdags/subdag.py
[2025-12-04T23:51:23.477+0600] {processor.py:841} WARNING - No viable dags retrieved from /Users/asminsadykova/Desktop/h&m/.venv/lib/python3.9/site-packages/airflow/example_dags/subdags/subdag.py
[2025-12-04T23:51:23.545+0600] {processor.py:179} INFO - Processing /Users/asminsadykova/Desktop/h&m/.venv/lib/python3.9/site-packages/airflow/example_dags/subdags/subdag.py took 0.073 seconds
[2025-12-04T23:52:09.174+0600] {processor.py:157} INFO - Started process (PID=42047) to work on /Users/asminsadykova/Desktop/h&m/.venv/lib/python3.9/site-packages/airflow/example_dags/subdags/subdag.py
[2025-12-04T23:52:09.175+0600] {processor.py:829} INFO - Processing file /Users/asminsadykova/Desktop/h&m/.venv/lib/python3.9/site-packages/airflow/example_dags/subdags/subdag.py for tasks to queue
[2025-12-04T23:52:09.175+0600] {logging_mixin.py:154} INFO - [2025-12-04T23:52:09.175+0600] {dagbag.py:536} INFO - Filling up the DagBag from /Users/asminsadykova/Desktop/h&m/.venv/lib/python3.9/site-packages/airflow/example_dags/subdags/subdag.py
[2025-12-04T23:52:09.176+0600] {processor.py:841} WARNING - No viable dags retrieved from /Users/asminsadykova/Desktop/h&m/.venv/lib/python3.9/site-packages/airflow/example_dags/subdags/subdag.py
[2025-12-04T23:52:09.231+0600] {processor.py:179} INFO - Processing /Users/asminsadykova/Desktop/h&m/.venv/lib/python3.9/site-packages/airflow/example_dags/subdags/subdag.py took 0.058 seconds
[2025-12-04T23:52:56.337+0600] {processor.py:157} INFO - Started process (PID=42093) to work on /Users/asminsadykova/Desktop/h&m/.venv/lib/python3.9/site-packages/airflow/example_dags/subdags/subdag.py
[2025-12-04T23:52:56.339+0600] {processor.py:829} INFO - Processing file /Users/asminsadykova/Desktop/h&m/.venv/lib/python3.9/site-packages/airflow/example_dags/subdags/subdag.py for tasks to queue
[2025-12-04T23:52:56.339+0600] {logging_mixin.py:154} INFO - [2025-12-04T23:52:56.339+0600] {dagbag.py:536} INFO - Filling up the DagBag from /Users/asminsadykova/Desktop/h&m/.venv/lib/python3.9/site-packages/airflow/example_dags/subdags/subdag.py
[2025-12-04T23:52:56.340+0600] {processor.py:841} WARNING - No viable dags retrieved from /Users/asminsadykova/Desktop/h&m/.venv/lib/python3.9/site-packages/airflow/example_dags/subdags/subdag.py
[2025-12-04T23:52:56.395+0600] {processor.py:179} INFO - Processing /Users/asminsadykova/Desktop/h&m/.venv/lib/python3.9/site-packages/airflow/example_dags/subdags/subdag.py took 0.058 seconds
[2025-12-04T23:53:45.755+0600] {processor.py:157} INFO - Started process (PID=42147) to work on /Users/asminsadykova/Desktop/h&m/.venv/lib/python3.9/site-packages/airflow/example_dags/subdags/subdag.py
[2025-12-04T23:53:45.757+0600] {processor.py:829} INFO - Processing file /Users/asminsadykova/Desktop/h&m/.venv/lib/python3.9/site-packages/airflow/example_dags/subdags/subdag.py for tasks to queue
[2025-12-04T23:53:45.757+0600] {logging_mixin.py:154} INFO - [2025-12-04T23:53:45.757+0600] {dagbag.py:536} INFO - Filling up the DagBag from /Users/asminsadykova/Desktop/h&m/.venv/lib/python3.9/site-packages/airflow/example_dags/subdags/subdag.py
[2025-12-04T23:53:45.759+0600] {processor.py:841} WARNING - No viable dags retrieved from /Users/asminsadykova/Desktop/h&m/.venv/lib/python3.9/site-packages/airflow/example_dags/subdags/subdag.py
[2025-12-04T23:53:45.819+0600] {processor.py:179} INFO - Processing /Users/asminsadykova/Desktop/h&m/.venv/lib/python3.9/site-packages/airflow/example_dags/subdags/subdag.py took 0.065 seconds
[2025-12-04T23:54:29.970+0600] {processor.py:157} INFO - Started process (PID=42183) to work on /Users/asminsadykova/Desktop/h&m/.venv/lib/python3.9/site-packages/airflow/example_dags/subdags/subdag.py
[2025-12-04T23:54:29.971+0600] {processor.py:829} INFO - Processing file /Users/asminsadykova/Desktop/h&m/.venv/lib/python3.9/site-packages/airflow/example_dags/subdags/subdag.py for tasks to queue
[2025-12-04T23:54:29.971+0600] {logging_mixin.py:154} INFO - [2025-12-04T23:54:29.971+0600] {dagbag.py:536} INFO - Filling up the DagBag from /Users/asminsadykova/Desktop/h&m/.venv/lib/python3.9/site-packages/airflow/example_dags/subdags/subdag.py
[2025-12-04T23:54:29.972+0600] {processor.py:841} WARNING - No viable dags retrieved from /Users/asminsadykova/Desktop/h&m/.venv/lib/python3.9/site-packages/airflow/example_dags/subdags/subdag.py
[2025-12-04T23:54:30.025+0600] {processor.py:179} INFO - Processing /Users/asminsadykova/Desktop/h&m/.venv/lib/python3.9/site-packages/airflow/example_dags/subdags/subdag.py took 0.056 seconds
[2025-12-04T23:55:12.137+0600] {processor.py:157} INFO - Started process (PID=42224) to work on /Users/asminsadykova/Desktop/h&m/.venv/lib/python3.9/site-packages/airflow/example_dags/subdags/subdag.py
[2025-12-04T23:55:12.138+0600] {processor.py:829} INFO - Processing file /Users/asminsadykova/Desktop/h&m/.venv/lib/python3.9/site-packages/airflow/example_dags/subdags/subdag.py for tasks to queue
[2025-12-04T23:55:12.138+0600] {logging_mixin.py:154} INFO - [2025-12-04T23:55:12.138+0600] {dagbag.py:536} INFO - Filling up the DagBag from /Users/asminsadykova/Desktop/h&m/.venv/lib/python3.9/site-packages/airflow/example_dags/subdags/subdag.py
[2025-12-04T23:55:12.139+0600] {processor.py:841} WARNING - No viable dags retrieved from /Users/asminsadykova/Desktop/h&m/.venv/lib/python3.9/site-packages/airflow/example_dags/subdags/subdag.py
[2025-12-04T23:55:12.197+0600] {processor.py:179} INFO - Processing /Users/asminsadykova/Desktop/h&m/.venv/lib/python3.9/site-packages/airflow/example_dags/subdags/subdag.py took 0.060 seconds
[2025-12-04T23:55:55.971+0600] {processor.py:157} INFO - Started process (PID=42265) to work on /Users/asminsadykova/Desktop/h&m/.venv/lib/python3.9/site-packages/airflow/example_dags/subdags/subdag.py
[2025-12-04T23:55:55.972+0600] {processor.py:829} INFO - Processing file /Users/asminsadykova/Desktop/h&m/.venv/lib/python3.9/site-packages/airflow/example_dags/subdags/subdag.py for tasks to queue
[2025-12-04T23:55:55.972+0600] {logging_mixin.py:154} INFO - [2025-12-04T23:55:55.972+0600] {dagbag.py:536} INFO - Filling up the DagBag from /Users/asminsadykova/Desktop/h&m/.venv/lib/python3.9/site-packages/airflow/example_dags/subdags/subdag.py
[2025-12-04T23:55:55.973+0600] {processor.py:841} WARNING - No viable dags retrieved from /Users/asminsadykova/Desktop/h&m/.venv/lib/python3.9/site-packages/airflow/example_dags/subdags/subdag.py
[2025-12-04T23:55:56.027+0600] {processor.py:179} INFO - Processing /Users/asminsadykova/Desktop/h&m/.venv/lib/python3.9/site-packages/airflow/example_dags/subdags/subdag.py took 0.056 seconds
[2025-12-04T23:56:42.585+0600] {processor.py:157} INFO - Started process (PID=42298) to work on /Users/asminsadykova/Desktop/h&m/.venv/lib/python3.9/site-packages/airflow/example_dags/subdags/subdag.py
[2025-12-04T23:56:42.587+0600] {processor.py:829} INFO - Processing file /Users/asminsadykova/Desktop/h&m/.venv/lib/python3.9/site-packages/airflow/example_dags/subdags/subdag.py for tasks to queue
[2025-12-04T23:56:42.587+0600] {logging_mixin.py:154} INFO - [2025-12-04T23:56:42.587+0600] {dagbag.py:536} INFO - Filling up the DagBag from /Users/asminsadykova/Desktop/h&m/.venv/lib/python3.9/site-packages/airflow/example_dags/subdags/subdag.py
[2025-12-04T23:56:42.589+0600] {processor.py:841} WARNING - No viable dags retrieved from /Users/asminsadykova/Desktop/h&m/.venv/lib/python3.9/site-packages/airflow/example_dags/subdags/subdag.py
[2025-12-04T23:56:42.645+0600] {processor.py:179} INFO - Processing /Users/asminsadykova/Desktop/h&m/.venv/lib/python3.9/site-packages/airflow/example_dags/subdags/subdag.py took 0.061 seconds
[2025-12-04T23:57:27.308+0600] {processor.py:157} INFO - Started process (PID=42333) to work on /Users/asminsadykova/Desktop/h&m/.venv/lib/python3.9/site-packages/airflow/example_dags/subdags/subdag.py
[2025-12-04T23:57:27.310+0600] {processor.py:829} INFO - Processing file /Users/asminsadykova/Desktop/h&m/.venv/lib/python3.9/site-packages/airflow/example_dags/subdags/subdag.py for tasks to queue
[2025-12-04T23:57:27.310+0600] {logging_mixin.py:154} INFO - [2025-12-04T23:57:27.310+0600] {dagbag.py:536} INFO - Filling up the DagBag from /Users/asminsadykova/Desktop/h&m/.venv/lib/python3.9/site-packages/airflow/example_dags/subdags/subdag.py
[2025-12-04T23:57:27.311+0600] {processor.py:841} WARNING - No viable dags retrieved from /Users/asminsadykova/Desktop/h&m/.venv/lib/python3.9/site-packages/airflow/example_dags/subdags/subdag.py
[2025-12-04T23:57:27.368+0600] {processor.py:179} INFO - Processing /Users/asminsadykova/Desktop/h&m/.venv/lib/python3.9/site-packages/airflow/example_dags/subdags/subdag.py took 0.060 seconds
[2025-12-04T23:58:09.685+0600] {processor.py:157} INFO - Started process (PID=42381) to work on /Users/asminsadykova/Desktop/h&m/.venv/lib/python3.9/site-packages/airflow/example_dags/subdags/subdag.py
[2025-12-04T23:58:09.688+0600] {processor.py:829} INFO - Processing file /Users/asminsadykova/Desktop/h&m/.venv/lib/python3.9/site-packages/airflow/example_dags/subdags/subdag.py for tasks to queue
[2025-12-04T23:58:09.689+0600] {logging_mixin.py:154} INFO - [2025-12-04T23:58:09.689+0600] {dagbag.py:536} INFO - Filling up the DagBag from /Users/asminsadykova/Desktop/h&m/.venv/lib/python3.9/site-packages/airflow/example_dags/subdags/subdag.py
[2025-12-04T23:58:09.690+0600] {processor.py:841} WARNING - No viable dags retrieved from /Users/asminsadykova/Desktop/h&m/.venv/lib/python3.9/site-packages/airflow/example_dags/subdags/subdag.py
[2025-12-04T23:58:09.749+0600] {processor.py:179} INFO - Processing /Users/asminsadykova/Desktop/h&m/.venv/lib/python3.9/site-packages/airflow/example_dags/subdags/subdag.py took 0.065 seconds
[2025-12-04T23:58:52.771+0600] {processor.py:157} INFO - Started process (PID=42418) to work on /Users/asminsadykova/Desktop/h&m/.venv/lib/python3.9/site-packages/airflow/example_dags/subdags/subdag.py
[2025-12-04T23:58:52.776+0600] {processor.py:829} INFO - Processing file /Users/asminsadykova/Desktop/h&m/.venv/lib/python3.9/site-packages/airflow/example_dags/subdags/subdag.py for tasks to queue
[2025-12-04T23:58:52.776+0600] {logging_mixin.py:154} INFO - [2025-12-04T23:58:52.776+0600] {dagbag.py:536} INFO - Filling up the DagBag from /Users/asminsadykova/Desktop/h&m/.venv/lib/python3.9/site-packages/airflow/example_dags/subdags/subdag.py
[2025-12-04T23:58:52.777+0600] {processor.py:841} WARNING - No viable dags retrieved from /Users/asminsadykova/Desktop/h&m/.venv/lib/python3.9/site-packages/airflow/example_dags/subdags/subdag.py
[2025-12-04T23:58:52.830+0600] {processor.py:179} INFO - Processing /Users/asminsadykova/Desktop/h&m/.venv/lib/python3.9/site-packages/airflow/example_dags/subdags/subdag.py took 0.060 seconds
[2025-12-04T23:59:38.942+0600] {processor.py:157} INFO - Started process (PID=42632) to work on /Users/asminsadykova/Desktop/h&m/.venv/lib/python3.9/site-packages/airflow/example_dags/subdags/subdag.py
[2025-12-04T23:59:38.944+0600] {processor.py:829} INFO - Processing file /Users/asminsadykova/Desktop/h&m/.venv/lib/python3.9/site-packages/airflow/example_dags/subdags/subdag.py for tasks to queue
[2025-12-04T23:59:38.944+0600] {logging_mixin.py:154} INFO - [2025-12-04T23:59:38.944+0600] {dagbag.py:536} INFO - Filling up the DagBag from /Users/asminsadykova/Desktop/h&m/.venv/lib/python3.9/site-packages/airflow/example_dags/subdags/subdag.py
[2025-12-04T23:59:38.945+0600] {processor.py:841} WARNING - No viable dags retrieved from /Users/asminsadykova/Desktop/h&m/.venv/lib/python3.9/site-packages/airflow/example_dags/subdags/subdag.py
[2025-12-04T23:59:39.006+0600] {processor.py:179} INFO - Processing /Users/asminsadykova/Desktop/h&m/.venv/lib/python3.9/site-packages/airflow/example_dags/subdags/subdag.py took 0.064 seconds
[2025-12-05T00:00:25.297+0600] {processor.py:157} INFO - Started process (PID=42669) to work on /Users/asminsadykova/Desktop/h&m/.venv/lib/python3.9/site-packages/airflow/example_dags/subdags/subdag.py
[2025-12-05T00:00:25.300+0600] {processor.py:829} INFO - Processing file /Users/asminsadykova/Desktop/h&m/.venv/lib/python3.9/site-packages/airflow/example_dags/subdags/subdag.py for tasks to queue
[2025-12-05T00:00:25.300+0600] {logging_mixin.py:154} INFO - [2025-12-05T00:00:25.300+0600] {dagbag.py:536} INFO - Filling up the DagBag from /Users/asminsadykova/Desktop/h&m/.venv/lib/python3.9/site-packages/airflow/example_dags/subdags/subdag.py
[2025-12-05T00:00:25.301+0600] {processor.py:841} WARNING - No viable dags retrieved from /Users/asminsadykova/Desktop/h&m/.venv/lib/python3.9/site-packages/airflow/example_dags/subdags/subdag.py
[2025-12-05T00:00:25.358+0600] {processor.py:179} INFO - Processing /Users/asminsadykova/Desktop/h&m/.venv/lib/python3.9/site-packages/airflow/example_dags/subdags/subdag.py took 0.062 seconds
[2025-12-05T00:01:14.788+0600] {processor.py:157} INFO - Started process (PID=42846) to work on /Users/asminsadykova/Desktop/h&m/.venv/lib/python3.9/site-packages/airflow/example_dags/subdags/subdag.py
[2025-12-05T00:01:14.790+0600] {processor.py:829} INFO - Processing file /Users/asminsadykova/Desktop/h&m/.venv/lib/python3.9/site-packages/airflow/example_dags/subdags/subdag.py for tasks to queue
[2025-12-05T00:01:14.790+0600] {logging_mixin.py:154} INFO - [2025-12-05T00:01:14.790+0600] {dagbag.py:536} INFO - Filling up the DagBag from /Users/asminsadykova/Desktop/h&m/.venv/lib/python3.9/site-packages/airflow/example_dags/subdags/subdag.py
[2025-12-05T00:01:14.792+0600] {processor.py:841} WARNING - No viable dags retrieved from /Users/asminsadykova/Desktop/h&m/.venv/lib/python3.9/site-packages/airflow/example_dags/subdags/subdag.py
[2025-12-05T00:01:14.845+0600] {processor.py:179} INFO - Processing /Users/asminsadykova/Desktop/h&m/.venv/lib/python3.9/site-packages/airflow/example_dags/subdags/subdag.py took 0.058 seconds
[2025-12-05T00:02:00.463+0600] {processor.py:157} INFO - Started process (PID=42901) to work on /Users/asminsadykova/Desktop/h&m/.venv/lib/python3.9/site-packages/airflow/example_dags/subdags/subdag.py
[2025-12-05T00:02:00.465+0600] {processor.py:829} INFO - Processing file /Users/asminsadykova/Desktop/h&m/.venv/lib/python3.9/site-packages/airflow/example_dags/subdags/subdag.py for tasks to queue
[2025-12-05T00:02:00.465+0600] {logging_mixin.py:154} INFO - [2025-12-05T00:02:00.465+0600] {dagbag.py:536} INFO - Filling up the DagBag from /Users/asminsadykova/Desktop/h&m/.venv/lib/python3.9/site-packages/airflow/example_dags/subdags/subdag.py
[2025-12-05T00:02:00.467+0600] {processor.py:841} WARNING - No viable dags retrieved from /Users/asminsadykova/Desktop/h&m/.venv/lib/python3.9/site-packages/airflow/example_dags/subdags/subdag.py
[2025-12-05T00:02:00.527+0600] {processor.py:179} INFO - Processing /Users/asminsadykova/Desktop/h&m/.venv/lib/python3.9/site-packages/airflow/example_dags/subdags/subdag.py took 0.065 seconds
[2025-12-05T00:02:47.073+0600] {processor.py:157} INFO - Started process (PID=42938) to work on /Users/asminsadykova/Desktop/h&m/.venv/lib/python3.9/site-packages/airflow/example_dags/subdags/subdag.py
[2025-12-05T00:02:47.075+0600] {processor.py:829} INFO - Processing file /Users/asminsadykova/Desktop/h&m/.venv/lib/python3.9/site-packages/airflow/example_dags/subdags/subdag.py for tasks to queue
[2025-12-05T00:02:47.075+0600] {logging_mixin.py:154} INFO - [2025-12-05T00:02:47.075+0600] {dagbag.py:536} INFO - Filling up the DagBag from /Users/asminsadykova/Desktop/h&m/.venv/lib/python3.9/site-packages/airflow/example_dags/subdags/subdag.py
[2025-12-05T00:02:47.077+0600] {processor.py:841} WARNING - No viable dags retrieved from /Users/asminsadykova/Desktop/h&m/.venv/lib/python3.9/site-packages/airflow/example_dags/subdags/subdag.py
[2025-12-05T00:02:47.131+0600] {processor.py:179} INFO - Processing /Users/asminsadykova/Desktop/h&m/.venv/lib/python3.9/site-packages/airflow/example_dags/subdags/subdag.py took 0.058 seconds
[2025-12-05T00:03:34.465+0600] {processor.py:157} INFO - Started process (PID=42973) to work on /Users/asminsadykova/Desktop/h&m/.venv/lib/python3.9/site-packages/airflow/example_dags/subdags/subdag.py
[2025-12-05T00:03:34.467+0600] {processor.py:829} INFO - Processing file /Users/asminsadykova/Desktop/h&m/.venv/lib/python3.9/site-packages/airflow/example_dags/subdags/subdag.py for tasks to queue
[2025-12-05T00:03:34.467+0600] {logging_mixin.py:154} INFO - [2025-12-05T00:03:34.467+0600] {dagbag.py:536} INFO - Filling up the DagBag from /Users/asminsadykova/Desktop/h&m/.venv/lib/python3.9/site-packages/airflow/example_dags/subdags/subdag.py
[2025-12-05T00:03:34.469+0600] {processor.py:841} WARNING - No viable dags retrieved from /Users/asminsadykova/Desktop/h&m/.venv/lib/python3.9/site-packages/airflow/example_dags/subdags/subdag.py
[2025-12-05T00:03:34.522+0600] {processor.py:179} INFO - Processing /Users/asminsadykova/Desktop/h&m/.venv/lib/python3.9/site-packages/airflow/example_dags/subdags/subdag.py took 0.057 seconds
[2025-12-05T00:04:18.930+0600] {processor.py:157} INFO - Started process (PID=43108) to work on /Users/asminsadykova/Desktop/h&m/.venv/lib/python3.9/site-packages/airflow/example_dags/subdags/subdag.py
[2025-12-05T00:04:18.933+0600] {processor.py:829} INFO - Processing file /Users/asminsadykova/Desktop/h&m/.venv/lib/python3.9/site-packages/airflow/example_dags/subdags/subdag.py for tasks to queue
[2025-12-05T00:04:18.933+0600] {logging_mixin.py:154} INFO - [2025-12-05T00:04:18.933+0600] {dagbag.py:536} INFO - Filling up the DagBag from /Users/asminsadykova/Desktop/h&m/.venv/lib/python3.9/site-packages/airflow/example_dags/subdags/subdag.py
[2025-12-05T00:04:18.934+0600] {processor.py:841} WARNING - No viable dags retrieved from /Users/asminsadykova/Desktop/h&m/.venv/lib/python3.9/site-packages/airflow/example_dags/subdags/subdag.py
[2025-12-05T00:04:19.008+0600] {processor.py:179} INFO - Processing /Users/asminsadykova/Desktop/h&m/.venv/lib/python3.9/site-packages/airflow/example_dags/subdags/subdag.py took 0.079 seconds
[2025-12-05T00:05:06.242+0600] {processor.py:157} INFO - Started process (PID=43223) to work on /Users/asminsadykova/Desktop/h&m/.venv/lib/python3.9/site-packages/airflow/example_dags/subdags/subdag.py
[2025-12-05T00:05:06.243+0600] {processor.py:829} INFO - Processing file /Users/asminsadykova/Desktop/h&m/.venv/lib/python3.9/site-packages/airflow/example_dags/subdags/subdag.py for tasks to queue
[2025-12-05T00:05:06.244+0600] {logging_mixin.py:154} INFO - [2025-12-05T00:05:06.244+0600] {dagbag.py:536} INFO - Filling up the DagBag from /Users/asminsadykova/Desktop/h&m/.venv/lib/python3.9/site-packages/airflow/example_dags/subdags/subdag.py
[2025-12-05T00:05:06.246+0600] {processor.py:841} WARNING - No viable dags retrieved from /Users/asminsadykova/Desktop/h&m/.venv/lib/python3.9/site-packages/airflow/example_dags/subdags/subdag.py
[2025-12-05T00:05:06.319+0600] {processor.py:179} INFO - Processing /Users/asminsadykova/Desktop/h&m/.venv/lib/python3.9/site-packages/airflow/example_dags/subdags/subdag.py took 0.078 seconds
[2025-12-05T00:05:54.589+0600] {processor.py:157} INFO - Started process (PID=43304) to work on /Users/asminsadykova/Desktop/h&m/.venv/lib/python3.9/site-packages/airflow/example_dags/subdags/subdag.py
[2025-12-05T00:05:54.591+0600] {processor.py:829} INFO - Processing file /Users/asminsadykova/Desktop/h&m/.venv/lib/python3.9/site-packages/airflow/example_dags/subdags/subdag.py for tasks to queue
[2025-12-05T00:05:54.592+0600] {logging_mixin.py:154} INFO - [2025-12-05T00:05:54.592+0600] {dagbag.py:536} INFO - Filling up the DagBag from /Users/asminsadykova/Desktop/h&m/.venv/lib/python3.9/site-packages/airflow/example_dags/subdags/subdag.py
[2025-12-05T00:05:54.593+0600] {processor.py:841} WARNING - No viable dags retrieved from /Users/asminsadykova/Desktop/h&m/.venv/lib/python3.9/site-packages/airflow/example_dags/subdags/subdag.py
[2025-12-05T00:05:54.651+0600] {processor.py:179} INFO - Processing /Users/asminsadykova/Desktop/h&m/.venv/lib/python3.9/site-packages/airflow/example_dags/subdags/subdag.py took 0.062 seconds
[2025-12-05T00:06:38.267+0600] {processor.py:157} INFO - Started process (PID=43384) to work on /Users/asminsadykova/Desktop/h&m/.venv/lib/python3.9/site-packages/airflow/example_dags/subdags/subdag.py
[2025-12-05T00:06:38.269+0600] {processor.py:829} INFO - Processing file /Users/asminsadykova/Desktop/h&m/.venv/lib/python3.9/site-packages/airflow/example_dags/subdags/subdag.py for tasks to queue
[2025-12-05T00:06:38.270+0600] {logging_mixin.py:154} INFO - [2025-12-05T00:06:38.270+0600] {dagbag.py:536} INFO - Filling up the DagBag from /Users/asminsadykova/Desktop/h&m/.venv/lib/python3.9/site-packages/airflow/example_dags/subdags/subdag.py
[2025-12-05T00:06:38.271+0600] {processor.py:841} WARNING - No viable dags retrieved from /Users/asminsadykova/Desktop/h&m/.venv/lib/python3.9/site-packages/airflow/example_dags/subdags/subdag.py
[2025-12-05T00:06:38.326+0600] {processor.py:179} INFO - Processing /Users/asminsadykova/Desktop/h&m/.venv/lib/python3.9/site-packages/airflow/example_dags/subdags/subdag.py took 0.060 seconds
[2025-12-05T00:07:21.523+0600] {processor.py:157} INFO - Started process (PID=43452) to work on /Users/asminsadykova/Desktop/h&m/.venv/lib/python3.9/site-packages/airflow/example_dags/subdags/subdag.py
[2025-12-05T00:07:21.526+0600] {processor.py:829} INFO - Processing file /Users/asminsadykova/Desktop/h&m/.venv/lib/python3.9/site-packages/airflow/example_dags/subdags/subdag.py for tasks to queue
[2025-12-05T00:07:21.526+0600] {logging_mixin.py:154} INFO - [2025-12-05T00:07:21.526+0600] {dagbag.py:536} INFO - Filling up the DagBag from /Users/asminsadykova/Desktop/h&m/.venv/lib/python3.9/site-packages/airflow/example_dags/subdags/subdag.py
[2025-12-05T00:07:21.527+0600] {processor.py:841} WARNING - No viable dags retrieved from /Users/asminsadykova/Desktop/h&m/.venv/lib/python3.9/site-packages/airflow/example_dags/subdags/subdag.py
[2025-12-05T00:07:21.582+0600] {processor.py:179} INFO - Processing /Users/asminsadykova/Desktop/h&m/.venv/lib/python3.9/site-packages/airflow/example_dags/subdags/subdag.py took 0.060 seconds
[2025-12-05T00:08:03.522+0600] {processor.py:157} INFO - Started process (PID=43525) to work on /Users/asminsadykova/Desktop/h&m/.venv/lib/python3.9/site-packages/airflow/example_dags/subdags/subdag.py
[2025-12-05T00:08:03.524+0600] {processor.py:829} INFO - Processing file /Users/asminsadykova/Desktop/h&m/.venv/lib/python3.9/site-packages/airflow/example_dags/subdags/subdag.py for tasks to queue
[2025-12-05T00:08:03.524+0600] {logging_mixin.py:154} INFO - [2025-12-05T00:08:03.524+0600] {dagbag.py:536} INFO - Filling up the DagBag from /Users/asminsadykova/Desktop/h&m/.venv/lib/python3.9/site-packages/airflow/example_dags/subdags/subdag.py
[2025-12-05T00:08:03.525+0600] {processor.py:841} WARNING - No viable dags retrieved from /Users/asminsadykova/Desktop/h&m/.venv/lib/python3.9/site-packages/airflow/example_dags/subdags/subdag.py
[2025-12-05T00:08:03.581+0600] {processor.py:179} INFO - Processing /Users/asminsadykova/Desktop/h&m/.venv/lib/python3.9/site-packages/airflow/example_dags/subdags/subdag.py took 0.060 seconds
[2025-12-05T00:08:49.360+0600] {processor.py:157} INFO - Started process (PID=43612) to work on /Users/asminsadykova/Desktop/h&m/.venv/lib/python3.9/site-packages/airflow/example_dags/subdags/subdag.py
[2025-12-05T00:08:49.363+0600] {processor.py:829} INFO - Processing file /Users/asminsadykova/Desktop/h&m/.venv/lib/python3.9/site-packages/airflow/example_dags/subdags/subdag.py for tasks to queue
[2025-12-05T00:08:49.363+0600] {logging_mixin.py:154} INFO - [2025-12-05T00:08:49.363+0600] {dagbag.py:536} INFO - Filling up the DagBag from /Users/asminsadykova/Desktop/h&m/.venv/lib/python3.9/site-packages/airflow/example_dags/subdags/subdag.py
[2025-12-05T00:08:49.364+0600] {processor.py:841} WARNING - No viable dags retrieved from /Users/asminsadykova/Desktop/h&m/.venv/lib/python3.9/site-packages/airflow/example_dags/subdags/subdag.py
[2025-12-05T00:08:49.423+0600] {processor.py:179} INFO - Processing /Users/asminsadykova/Desktop/h&m/.venv/lib/python3.9/site-packages/airflow/example_dags/subdags/subdag.py took 0.063 seconds
[2025-12-05T00:09:35.856+0600] {processor.py:157} INFO - Started process (PID=43689) to work on /Users/asminsadykova/Desktop/h&m/.venv/lib/python3.9/site-packages/airflow/example_dags/subdags/subdag.py
[2025-12-05T00:09:35.858+0600] {processor.py:829} INFO - Processing file /Users/asminsadykova/Desktop/h&m/.venv/lib/python3.9/site-packages/airflow/example_dags/subdags/subdag.py for tasks to queue
[2025-12-05T00:09:35.859+0600] {logging_mixin.py:154} INFO - [2025-12-05T00:09:35.859+0600] {dagbag.py:536} INFO - Filling up the DagBag from /Users/asminsadykova/Desktop/h&m/.venv/lib/python3.9/site-packages/airflow/example_dags/subdags/subdag.py
[2025-12-05T00:09:35.860+0600] {processor.py:841} WARNING - No viable dags retrieved from /Users/asminsadykova/Desktop/h&m/.venv/lib/python3.9/site-packages/airflow/example_dags/subdags/subdag.py
[2025-12-05T00:09:35.916+0600] {processor.py:179} INFO - Processing /Users/asminsadykova/Desktop/h&m/.venv/lib/python3.9/site-packages/airflow/example_dags/subdags/subdag.py took 0.060 seconds
[2025-12-05T00:10:23.962+0600] {processor.py:157} INFO - Started process (PID=43768) to work on /Users/asminsadykova/Desktop/h&m/.venv/lib/python3.9/site-packages/airflow/example_dags/subdags/subdag.py
[2025-12-05T00:10:23.962+0600] {processor.py:829} INFO - Processing file /Users/asminsadykova/Desktop/h&m/.venv/lib/python3.9/site-packages/airflow/example_dags/subdags/subdag.py for tasks to queue
[2025-12-05T00:10:23.963+0600] {logging_mixin.py:154} INFO - [2025-12-05T00:10:23.963+0600] {dagbag.py:536} INFO - Filling up the DagBag from /Users/asminsadykova/Desktop/h&m/.venv/lib/python3.9/site-packages/airflow/example_dags/subdags/subdag.py
[2025-12-05T00:10:23.964+0600] {processor.py:841} WARNING - No viable dags retrieved from /Users/asminsadykova/Desktop/h&m/.venv/lib/python3.9/site-packages/airflow/example_dags/subdags/subdag.py
[2025-12-05T00:10:24.022+0600] {processor.py:179} INFO - Processing /Users/asminsadykova/Desktop/h&m/.venv/lib/python3.9/site-packages/airflow/example_dags/subdags/subdag.py took 0.061 seconds
[2025-12-05T00:11:12.890+0600] {processor.py:157} INFO - Started process (PID=43841) to work on /Users/asminsadykova/Desktop/h&m/.venv/lib/python3.9/site-packages/airflow/example_dags/subdags/subdag.py
[2025-12-05T00:11:12.891+0600] {processor.py:829} INFO - Processing file /Users/asminsadykova/Desktop/h&m/.venv/lib/python3.9/site-packages/airflow/example_dags/subdags/subdag.py for tasks to queue
[2025-12-05T00:11:12.891+0600] {logging_mixin.py:154} INFO - [2025-12-05T00:11:12.891+0600] {dagbag.py:536} INFO - Filling up the DagBag from /Users/asminsadykova/Desktop/h&m/.venv/lib/python3.9/site-packages/airflow/example_dags/subdags/subdag.py
[2025-12-05T00:11:12.893+0600] {processor.py:841} WARNING - No viable dags retrieved from /Users/asminsadykova/Desktop/h&m/.venv/lib/python3.9/site-packages/airflow/example_dags/subdags/subdag.py
[2025-12-05T00:11:12.949+0600] {processor.py:179} INFO - Processing /Users/asminsadykova/Desktop/h&m/.venv/lib/python3.9/site-packages/airflow/example_dags/subdags/subdag.py took 0.060 seconds
[2025-12-05T00:11:57.438+0600] {processor.py:157} INFO - Started process (PID=43938) to work on /Users/asminsadykova/Desktop/h&m/.venv/lib/python3.9/site-packages/airflow/example_dags/subdags/subdag.py
[2025-12-05T00:11:57.440+0600] {processor.py:829} INFO - Processing file /Users/asminsadykova/Desktop/h&m/.venv/lib/python3.9/site-packages/airflow/example_dags/subdags/subdag.py for tasks to queue
[2025-12-05T00:11:57.440+0600] {logging_mixin.py:154} INFO - [2025-12-05T00:11:57.440+0600] {dagbag.py:536} INFO - Filling up the DagBag from /Users/asminsadykova/Desktop/h&m/.venv/lib/python3.9/site-packages/airflow/example_dags/subdags/subdag.py
[2025-12-05T00:11:57.441+0600] {processor.py:841} WARNING - No viable dags retrieved from /Users/asminsadykova/Desktop/h&m/.venv/lib/python3.9/site-packages/airflow/example_dags/subdags/subdag.py
[2025-12-05T00:11:57.500+0600] {processor.py:179} INFO - Processing /Users/asminsadykova/Desktop/h&m/.venv/lib/python3.9/site-packages/airflow/example_dags/subdags/subdag.py took 0.063 seconds
[2025-12-05T00:12:43.288+0600] {processor.py:157} INFO - Started process (PID=44013) to work on /Users/asminsadykova/Desktop/h&m/.venv/lib/python3.9/site-packages/airflow/example_dags/subdags/subdag.py
[2025-12-05T00:12:43.290+0600] {processor.py:829} INFO - Processing file /Users/asminsadykova/Desktop/h&m/.venv/lib/python3.9/site-packages/airflow/example_dags/subdags/subdag.py for tasks to queue
[2025-12-05T00:12:43.291+0600] {logging_mixin.py:154} INFO - [2025-12-05T00:12:43.291+0600] {dagbag.py:536} INFO - Filling up the DagBag from /Users/asminsadykova/Desktop/h&m/.venv/lib/python3.9/site-packages/airflow/example_dags/subdags/subdag.py
[2025-12-05T00:12:43.292+0600] {processor.py:841} WARNING - No viable dags retrieved from /Users/asminsadykova/Desktop/h&m/.venv/lib/python3.9/site-packages/airflow/example_dags/subdags/subdag.py
[2025-12-05T00:12:43.361+0600] {processor.py:179} INFO - Processing /Users/asminsadykova/Desktop/h&m/.venv/lib/python3.9/site-packages/airflow/example_dags/subdags/subdag.py took 0.074 seconds
