[2025-12-04T23:17:28.463+0600] {processor.py:157} INFO - Started process (PID=38906) to work on /Users/asminsadykova/Desktop/h&m/.venv/lib/python3.9/site-packages/airflow/example_dags/plugins/event_listener.py
[2025-12-04T23:17:28.463+0600] {processor.py:829} INFO - Processing file /Users/asminsadykova/Desktop/h&m/.venv/lib/python3.9/site-packages/airflow/example_dags/plugins/event_listener.py for tasks to queue
[2025-12-04T23:17:28.463+0600] {logging_mixin.py:154} INFO - [2025-12-04T23:17:28.463+0600] {dagbag.py:536} INFO - Filling up the DagBag from /Users/asminsadykova/Desktop/h&m/.venv/lib/python3.9/site-packages/airflow/example_dags/plugins/event_listener.py
[2025-12-04T23:17:28.464+0600] {processor.py:841} WARNING - No viable dags retrieved from /Users/asminsadykova/Desktop/h&m/.venv/lib/python3.9/site-packages/airflow/example_dags/plugins/event_listener.py
[2025-12-04T23:17:28.522+0600] {processor.py:179} INFO - Processing /Users/asminsadykova/Desktop/h&m/.venv/lib/python3.9/site-packages/airflow/example_dags/plugins/event_listener.py took 0.060 seconds
[2025-12-04T23:18:48.690+0600] {processor.py:157} INFO - Started process (PID=38998) to work on /Users/asminsadykova/Desktop/h&m/.venv/lib/python3.9/site-packages/airflow/example_dags/plugins/event_listener.py
[2025-12-04T23:18:48.691+0600] {processor.py:829} INFO - Processing file /Users/asminsadykova/Desktop/h&m/.venv/lib/python3.9/site-packages/airflow/example_dags/plugins/event_listener.py for tasks to queue
[2025-12-04T23:18:48.691+0600] {logging_mixin.py:154} INFO - [2025-12-04T23:18:48.691+0600] {dagbag.py:536} INFO - Filling up the DagBag from /Users/asminsadykova/Desktop/h&m/.venv/lib/python3.9/site-packages/airflow/example_dags/plugins/event_listener.py
[2025-12-04T23:18:48.692+0600] {processor.py:841} WARNING - No viable dags retrieved from /Users/asminsadykova/Desktop/h&m/.venv/lib/python3.9/site-packages/airflow/example_dags/plugins/event_listener.py
[2025-12-04T23:18:48.751+0600] {processor.py:179} INFO - Processing /Users/asminsadykova/Desktop/h&m/.venv/lib/python3.9/site-packages/airflow/example_dags/plugins/event_listener.py took 0.061 seconds
[2025-12-04T23:19:33.894+0600] {processor.py:157} INFO - Started process (PID=39054) to work on /Users/asminsadykova/Desktop/h&m/.venv/lib/python3.9/site-packages/airflow/example_dags/plugins/event_listener.py
[2025-12-04T23:19:33.895+0600] {processor.py:829} INFO - Processing file /Users/asminsadykova/Desktop/h&m/.venv/lib/python3.9/site-packages/airflow/example_dags/plugins/event_listener.py for tasks to queue
[2025-12-04T23:19:33.895+0600] {logging_mixin.py:154} INFO - [2025-12-04T23:19:33.895+0600] {dagbag.py:536} INFO - Filling up the DagBag from /Users/asminsadykova/Desktop/h&m/.venv/lib/python3.9/site-packages/airflow/example_dags/plugins/event_listener.py
[2025-12-04T23:19:33.895+0600] {processor.py:841} WARNING - No viable dags retrieved from /Users/asminsadykova/Desktop/h&m/.venv/lib/python3.9/site-packages/airflow/example_dags/plugins/event_listener.py
[2025-12-04T23:19:33.950+0600] {processor.py:179} INFO - Processing /Users/asminsadykova/Desktop/h&m/.venv/lib/python3.9/site-packages/airflow/example_dags/plugins/event_listener.py took 0.057 seconds
[2025-12-04T23:20:17.328+0600] {processor.py:157} INFO - Started process (PID=39103) to work on /Users/asminsadykova/Desktop/h&m/.venv/lib/python3.9/site-packages/airflow/example_dags/plugins/event_listener.py
[2025-12-04T23:20:17.329+0600] {processor.py:829} INFO - Processing file /Users/asminsadykova/Desktop/h&m/.venv/lib/python3.9/site-packages/airflow/example_dags/plugins/event_listener.py for tasks to queue
[2025-12-04T23:20:17.329+0600] {logging_mixin.py:154} INFO - [2025-12-04T23:20:17.329+0600] {dagbag.py:536} INFO - Filling up the DagBag from /Users/asminsadykova/Desktop/h&m/.venv/lib/python3.9/site-packages/airflow/example_dags/plugins/event_listener.py
[2025-12-04T23:20:17.329+0600] {processor.py:841} WARNING - No viable dags retrieved from /Users/asminsadykova/Desktop/h&m/.venv/lib/python3.9/site-packages/airflow/example_dags/plugins/event_listener.py
[2025-12-04T23:20:17.386+0600] {processor.py:179} INFO - Processing /Users/asminsadykova/Desktop/h&m/.venv/lib/python3.9/site-packages/airflow/example_dags/plugins/event_listener.py took 0.059 seconds
[2025-12-04T23:20:59.290+0600] {processor.py:157} INFO - Started process (PID=39146) to work on /Users/asminsadykova/Desktop/h&m/.venv/lib/python3.9/site-packages/airflow/example_dags/plugins/event_listener.py
[2025-12-04T23:20:59.291+0600] {processor.py:829} INFO - Processing file /Users/asminsadykova/Desktop/h&m/.venv/lib/python3.9/site-packages/airflow/example_dags/plugins/event_listener.py for tasks to queue
[2025-12-04T23:20:59.291+0600] {logging_mixin.py:154} INFO - [2025-12-04T23:20:59.291+0600] {dagbag.py:536} INFO - Filling up the DagBag from /Users/asminsadykova/Desktop/h&m/.venv/lib/python3.9/site-packages/airflow/example_dags/plugins/event_listener.py
[2025-12-04T23:20:59.291+0600] {processor.py:841} WARNING - No viable dags retrieved from /Users/asminsadykova/Desktop/h&m/.venv/lib/python3.9/site-packages/airflow/example_dags/plugins/event_listener.py
[2025-12-04T23:20:59.346+0600] {processor.py:179} INFO - Processing /Users/asminsadykova/Desktop/h&m/.venv/lib/python3.9/site-packages/airflow/example_dags/plugins/event_listener.py took 0.057 seconds
[2025-12-04T23:21:43.596+0600] {processor.py:157} INFO - Started process (PID=39211) to work on /Users/asminsadykova/Desktop/h&m/.venv/lib/python3.9/site-packages/airflow/example_dags/plugins/event_listener.py
[2025-12-04T23:21:43.597+0600] {processor.py:829} INFO - Processing file /Users/asminsadykova/Desktop/h&m/.venv/lib/python3.9/site-packages/airflow/example_dags/plugins/event_listener.py for tasks to queue
[2025-12-04T23:21:43.597+0600] {logging_mixin.py:154} INFO - [2025-12-04T23:21:43.597+0600] {dagbag.py:536} INFO - Filling up the DagBag from /Users/asminsadykova/Desktop/h&m/.venv/lib/python3.9/site-packages/airflow/example_dags/plugins/event_listener.py
[2025-12-04T23:21:43.598+0600] {processor.py:841} WARNING - No viable dags retrieved from /Users/asminsadykova/Desktop/h&m/.venv/lib/python3.9/site-packages/airflow/example_dags/plugins/event_listener.py
[2025-12-04T23:21:43.654+0600] {processor.py:179} INFO - Processing /Users/asminsadykova/Desktop/h&m/.venv/lib/python3.9/site-packages/airflow/example_dags/plugins/event_listener.py took 0.059 seconds
[2025-12-04T23:22:25.053+0600] {processor.py:157} INFO - Started process (PID=39252) to work on /Users/asminsadykova/Desktop/h&m/.venv/lib/python3.9/site-packages/airflow/example_dags/plugins/event_listener.py
[2025-12-04T23:22:25.054+0600] {processor.py:829} INFO - Processing file /Users/asminsadykova/Desktop/h&m/.venv/lib/python3.9/site-packages/airflow/example_dags/plugins/event_listener.py for tasks to queue
[2025-12-04T23:22:25.054+0600] {logging_mixin.py:154} INFO - [2025-12-04T23:22:25.054+0600] {dagbag.py:536} INFO - Filling up the DagBag from /Users/asminsadykova/Desktop/h&m/.venv/lib/python3.9/site-packages/airflow/example_dags/plugins/event_listener.py
[2025-12-04T23:22:25.055+0600] {processor.py:841} WARNING - No viable dags retrieved from /Users/asminsadykova/Desktop/h&m/.venv/lib/python3.9/site-packages/airflow/example_dags/plugins/event_listener.py
[2025-12-04T23:22:25.127+0600] {processor.py:179} INFO - Processing /Users/asminsadykova/Desktop/h&m/.venv/lib/python3.9/site-packages/airflow/example_dags/plugins/event_listener.py took 0.074 seconds
[2025-12-04T23:23:09.290+0600] {processor.py:157} INFO - Started process (PID=39288) to work on /Users/asminsadykova/Desktop/h&m/.venv/lib/python3.9/site-packages/airflow/example_dags/plugins/event_listener.py
[2025-12-04T23:23:09.291+0600] {processor.py:829} INFO - Processing file /Users/asminsadykova/Desktop/h&m/.venv/lib/python3.9/site-packages/airflow/example_dags/plugins/event_listener.py for tasks to queue
[2025-12-04T23:23:09.291+0600] {logging_mixin.py:154} INFO - [2025-12-04T23:23:09.291+0600] {dagbag.py:536} INFO - Filling up the DagBag from /Users/asminsadykova/Desktop/h&m/.venv/lib/python3.9/site-packages/airflow/example_dags/plugins/event_listener.py
[2025-12-04T23:23:09.291+0600] {processor.py:841} WARNING - No viable dags retrieved from /Users/asminsadykova/Desktop/h&m/.venv/lib/python3.9/site-packages/airflow/example_dags/plugins/event_listener.py
[2025-12-04T23:23:09.347+0600] {processor.py:179} INFO - Processing /Users/asminsadykova/Desktop/h&m/.venv/lib/python3.9/site-packages/airflow/example_dags/plugins/event_listener.py took 0.058 seconds
[2025-12-04T23:23:57.961+0600] {processor.py:157} INFO - Started process (PID=39449) to work on /Users/asminsadykova/Desktop/h&m/.venv/lib/python3.9/site-packages/airflow/example_dags/plugins/event_listener.py
[2025-12-04T23:23:57.962+0600] {processor.py:829} INFO - Processing file /Users/asminsadykova/Desktop/h&m/.venv/lib/python3.9/site-packages/airflow/example_dags/plugins/event_listener.py for tasks to queue
[2025-12-04T23:23:57.962+0600] {logging_mixin.py:154} INFO - [2025-12-04T23:23:57.962+0600] {dagbag.py:536} INFO - Filling up the DagBag from /Users/asminsadykova/Desktop/h&m/.venv/lib/python3.9/site-packages/airflow/example_dags/plugins/event_listener.py
[2025-12-04T23:23:57.962+0600] {processor.py:841} WARNING - No viable dags retrieved from /Users/asminsadykova/Desktop/h&m/.venv/lib/python3.9/site-packages/airflow/example_dags/plugins/event_listener.py
[2025-12-04T23:23:58.017+0600] {processor.py:179} INFO - Processing /Users/asminsadykova/Desktop/h&m/.venv/lib/python3.9/site-packages/airflow/example_dags/plugins/event_listener.py took 0.056 seconds
[2025-12-04T23:24:45.941+0600] {processor.py:157} INFO - Started process (PID=39488) to work on /Users/asminsadykova/Desktop/h&m/.venv/lib/python3.9/site-packages/airflow/example_dags/plugins/event_listener.py
[2025-12-04T23:24:45.942+0600] {processor.py:829} INFO - Processing file /Users/asminsadykova/Desktop/h&m/.venv/lib/python3.9/site-packages/airflow/example_dags/plugins/event_listener.py for tasks to queue
[2025-12-04T23:24:45.942+0600] {logging_mixin.py:154} INFO - [2025-12-04T23:24:45.942+0600] {dagbag.py:536} INFO - Filling up the DagBag from /Users/asminsadykova/Desktop/h&m/.venv/lib/python3.9/site-packages/airflow/example_dags/plugins/event_listener.py
[2025-12-04T23:24:45.943+0600] {processor.py:841} WARNING - No viable dags retrieved from /Users/asminsadykova/Desktop/h&m/.venv/lib/python3.9/site-packages/airflow/example_dags/plugins/event_listener.py
[2025-12-04T23:24:45.997+0600] {processor.py:179} INFO - Processing /Users/asminsadykova/Desktop/h&m/.venv/lib/python3.9/site-packages/airflow/example_dags/plugins/event_listener.py took 0.056 seconds
[2025-12-04T23:25:32.871+0600] {processor.py:157} INFO - Started process (PID=39533) to work on /Users/asminsadykova/Desktop/h&m/.venv/lib/python3.9/site-packages/airflow/example_dags/plugins/event_listener.py
[2025-12-04T23:25:32.875+0600] {processor.py:829} INFO - Processing file /Users/asminsadykova/Desktop/h&m/.venv/lib/python3.9/site-packages/airflow/example_dags/plugins/event_listener.py for tasks to queue
[2025-12-04T23:25:32.875+0600] {logging_mixin.py:154} INFO - [2025-12-04T23:25:32.875+0600] {dagbag.py:536} INFO - Filling up the DagBag from /Users/asminsadykova/Desktop/h&m/.venv/lib/python3.9/site-packages/airflow/example_dags/plugins/event_listener.py
[2025-12-04T23:25:32.876+0600] {processor.py:841} WARNING - No viable dags retrieved from /Users/asminsadykova/Desktop/h&m/.venv/lib/python3.9/site-packages/airflow/example_dags/plugins/event_listener.py
[2025-12-04T23:25:32.930+0600] {processor.py:179} INFO - Processing /Users/asminsadykova/Desktop/h&m/.venv/lib/python3.9/site-packages/airflow/example_dags/plugins/event_listener.py took 0.059 seconds
[2025-12-04T23:26:19.542+0600] {processor.py:157} INFO - Started process (PID=39583) to work on /Users/asminsadykova/Desktop/h&m/.venv/lib/python3.9/site-packages/airflow/example_dags/plugins/event_listener.py
[2025-12-04T23:26:19.543+0600] {processor.py:829} INFO - Processing file /Users/asminsadykova/Desktop/h&m/.venv/lib/python3.9/site-packages/airflow/example_dags/plugins/event_listener.py for tasks to queue
[2025-12-04T23:26:19.543+0600] {logging_mixin.py:154} INFO - [2025-12-04T23:26:19.543+0600] {dagbag.py:536} INFO - Filling up the DagBag from /Users/asminsadykova/Desktop/h&m/.venv/lib/python3.9/site-packages/airflow/example_dags/plugins/event_listener.py
[2025-12-04T23:26:19.544+0600] {processor.py:841} WARNING - No viable dags retrieved from /Users/asminsadykova/Desktop/h&m/.venv/lib/python3.9/site-packages/airflow/example_dags/plugins/event_listener.py
[2025-12-04T23:26:19.604+0600] {processor.py:179} INFO - Processing /Users/asminsadykova/Desktop/h&m/.venv/lib/python3.9/site-packages/airflow/example_dags/plugins/event_listener.py took 0.063 seconds
[2025-12-04T23:27:09.876+0600] {processor.py:157} INFO - Started process (PID=39628) to work on /Users/asminsadykova/Desktop/h&m/.venv/lib/python3.9/site-packages/airflow/example_dags/plugins/event_listener.py
[2025-12-04T23:27:09.877+0600] {processor.py:829} INFO - Processing file /Users/asminsadykova/Desktop/h&m/.venv/lib/python3.9/site-packages/airflow/example_dags/plugins/event_listener.py for tasks to queue
[2025-12-04T23:27:09.877+0600] {logging_mixin.py:154} INFO - [2025-12-04T23:27:09.877+0600] {dagbag.py:536} INFO - Filling up the DagBag from /Users/asminsadykova/Desktop/h&m/.venv/lib/python3.9/site-packages/airflow/example_dags/plugins/event_listener.py
[2025-12-04T23:27:09.877+0600] {processor.py:841} WARNING - No viable dags retrieved from /Users/asminsadykova/Desktop/h&m/.venv/lib/python3.9/site-packages/airflow/example_dags/plugins/event_listener.py
[2025-12-04T23:27:09.933+0600] {processor.py:179} INFO - Processing /Users/asminsadykova/Desktop/h&m/.venv/lib/python3.9/site-packages/airflow/example_dags/plugins/event_listener.py took 0.058 seconds
[2025-12-04T23:27:57.603+0600] {processor.py:157} INFO - Started process (PID=39679) to work on /Users/asminsadykova/Desktop/h&m/.venv/lib/python3.9/site-packages/airflow/example_dags/plugins/event_listener.py
[2025-12-04T23:27:57.604+0600] {processor.py:829} INFO - Processing file /Users/asminsadykova/Desktop/h&m/.venv/lib/python3.9/site-packages/airflow/example_dags/plugins/event_listener.py for tasks to queue
[2025-12-04T23:27:57.604+0600] {logging_mixin.py:154} INFO - [2025-12-04T23:27:57.604+0600] {dagbag.py:536} INFO - Filling up the DagBag from /Users/asminsadykova/Desktop/h&m/.venv/lib/python3.9/site-packages/airflow/example_dags/plugins/event_listener.py
[2025-12-04T23:27:57.605+0600] {processor.py:841} WARNING - No viable dags retrieved from /Users/asminsadykova/Desktop/h&m/.venv/lib/python3.9/site-packages/airflow/example_dags/plugins/event_listener.py
[2025-12-04T23:27:57.661+0600] {processor.py:179} INFO - Processing /Users/asminsadykova/Desktop/h&m/.venv/lib/python3.9/site-packages/airflow/example_dags/plugins/event_listener.py took 0.059 seconds
[2025-12-04T23:28:39.727+0600] {processor.py:157} INFO - Started process (PID=39725) to work on /Users/asminsadykova/Desktop/h&m/.venv/lib/python3.9/site-packages/airflow/example_dags/plugins/event_listener.py
[2025-12-04T23:28:39.728+0600] {processor.py:829} INFO - Processing file /Users/asminsadykova/Desktop/h&m/.venv/lib/python3.9/site-packages/airflow/example_dags/plugins/event_listener.py for tasks to queue
[2025-12-04T23:28:39.728+0600] {logging_mixin.py:154} INFO - [2025-12-04T23:28:39.728+0600] {dagbag.py:536} INFO - Filling up the DagBag from /Users/asminsadykova/Desktop/h&m/.venv/lib/python3.9/site-packages/airflow/example_dags/plugins/event_listener.py
[2025-12-04T23:28:39.729+0600] {processor.py:841} WARNING - No viable dags retrieved from /Users/asminsadykova/Desktop/h&m/.venv/lib/python3.9/site-packages/airflow/example_dags/plugins/event_listener.py
[2025-12-04T23:28:39.783+0600] {processor.py:179} INFO - Processing /Users/asminsadykova/Desktop/h&m/.venv/lib/python3.9/site-packages/airflow/example_dags/plugins/event_listener.py took 0.057 seconds
[2025-12-04T23:29:21.940+0600] {processor.py:157} INFO - Started process (PID=39761) to work on /Users/asminsadykova/Desktop/h&m/.venv/lib/python3.9/site-packages/airflow/example_dags/plugins/event_listener.py
[2025-12-04T23:29:21.941+0600] {processor.py:829} INFO - Processing file /Users/asminsadykova/Desktop/h&m/.venv/lib/python3.9/site-packages/airflow/example_dags/plugins/event_listener.py for tasks to queue
[2025-12-04T23:29:21.942+0600] {logging_mixin.py:154} INFO - [2025-12-04T23:29:21.941+0600] {dagbag.py:536} INFO - Filling up the DagBag from /Users/asminsadykova/Desktop/h&m/.venv/lib/python3.9/site-packages/airflow/example_dags/plugins/event_listener.py
[2025-12-04T23:29:21.942+0600] {processor.py:841} WARNING - No viable dags retrieved from /Users/asminsadykova/Desktop/h&m/.venv/lib/python3.9/site-packages/airflow/example_dags/plugins/event_listener.py
[2025-12-04T23:29:21.996+0600] {processor.py:179} INFO - Processing /Users/asminsadykova/Desktop/h&m/.venv/lib/python3.9/site-packages/airflow/example_dags/plugins/event_listener.py took 0.056 seconds
[2025-12-04T23:30:04.427+0600] {processor.py:157} INFO - Started process (PID=39796) to work on /Users/asminsadykova/Desktop/h&m/.venv/lib/python3.9/site-packages/airflow/example_dags/plugins/event_listener.py
[2025-12-04T23:30:04.428+0600] {processor.py:829} INFO - Processing file /Users/asminsadykova/Desktop/h&m/.venv/lib/python3.9/site-packages/airflow/example_dags/plugins/event_listener.py for tasks to queue
[2025-12-04T23:30:04.429+0600] {logging_mixin.py:154} INFO - [2025-12-04T23:30:04.428+0600] {dagbag.py:536} INFO - Filling up the DagBag from /Users/asminsadykova/Desktop/h&m/.venv/lib/python3.9/site-packages/airflow/example_dags/plugins/event_listener.py
[2025-12-04T23:30:04.429+0600] {processor.py:841} WARNING - No viable dags retrieved from /Users/asminsadykova/Desktop/h&m/.venv/lib/python3.9/site-packages/airflow/example_dags/plugins/event_listener.py
[2025-12-04T23:30:04.482+0600] {processor.py:179} INFO - Processing /Users/asminsadykova/Desktop/h&m/.venv/lib/python3.9/site-packages/airflow/example_dags/plugins/event_listener.py took 0.056 seconds
[2025-12-04T23:30:44.413+0600] {processor.py:157} INFO - Started process (PID=39833) to work on /Users/asminsadykova/Desktop/h&m/.venv/lib/python3.9/site-packages/airflow/example_dags/plugins/event_listener.py
[2025-12-04T23:30:44.414+0600] {processor.py:829} INFO - Processing file /Users/asminsadykova/Desktop/h&m/.venv/lib/python3.9/site-packages/airflow/example_dags/plugins/event_listener.py for tasks to queue
[2025-12-04T23:30:44.415+0600] {logging_mixin.py:154} INFO - [2025-12-04T23:30:44.415+0600] {dagbag.py:536} INFO - Filling up the DagBag from /Users/asminsadykova/Desktop/h&m/.venv/lib/python3.9/site-packages/airflow/example_dags/plugins/event_listener.py
[2025-12-04T23:30:44.415+0600] {processor.py:841} WARNING - No viable dags retrieved from /Users/asminsadykova/Desktop/h&m/.venv/lib/python3.9/site-packages/airflow/example_dags/plugins/event_listener.py
[2025-12-04T23:30:44.468+0600] {processor.py:179} INFO - Processing /Users/asminsadykova/Desktop/h&m/.venv/lib/python3.9/site-packages/airflow/example_dags/plugins/event_listener.py took 0.055 seconds
[2025-12-04T23:31:25.378+0600] {processor.py:157} INFO - Started process (PID=39865) to work on /Users/asminsadykova/Desktop/h&m/.venv/lib/python3.9/site-packages/airflow/example_dags/plugins/event_listener.py
[2025-12-04T23:31:25.380+0600] {processor.py:829} INFO - Processing file /Users/asminsadykova/Desktop/h&m/.venv/lib/python3.9/site-packages/airflow/example_dags/plugins/event_listener.py for tasks to queue
[2025-12-04T23:31:25.380+0600] {logging_mixin.py:154} INFO - [2025-12-04T23:31:25.380+0600] {dagbag.py:536} INFO - Filling up the DagBag from /Users/asminsadykova/Desktop/h&m/.venv/lib/python3.9/site-packages/airflow/example_dags/plugins/event_listener.py
[2025-12-04T23:31:25.380+0600] {processor.py:841} WARNING - No viable dags retrieved from /Users/asminsadykova/Desktop/h&m/.venv/lib/python3.9/site-packages/airflow/example_dags/plugins/event_listener.py
[2025-12-04T23:31:25.434+0600] {processor.py:179} INFO - Processing /Users/asminsadykova/Desktop/h&m/.venv/lib/python3.9/site-packages/airflow/example_dags/plugins/event_listener.py took 0.057 seconds
[2025-12-04T23:32:08.662+0600] {processor.py:157} INFO - Started process (PID=39900) to work on /Users/asminsadykova/Desktop/h&m/.venv/lib/python3.9/site-packages/airflow/example_dags/plugins/event_listener.py
[2025-12-04T23:32:08.664+0600] {processor.py:829} INFO - Processing file /Users/asminsadykova/Desktop/h&m/.venv/lib/python3.9/site-packages/airflow/example_dags/plugins/event_listener.py for tasks to queue
[2025-12-04T23:32:08.664+0600] {logging_mixin.py:154} INFO - [2025-12-04T23:32:08.664+0600] {dagbag.py:536} INFO - Filling up the DagBag from /Users/asminsadykova/Desktop/h&m/.venv/lib/python3.9/site-packages/airflow/example_dags/plugins/event_listener.py
[2025-12-04T23:32:08.668+0600] {processor.py:841} WARNING - No viable dags retrieved from /Users/asminsadykova/Desktop/h&m/.venv/lib/python3.9/site-packages/airflow/example_dags/plugins/event_listener.py
[2025-12-04T23:32:08.729+0600] {processor.py:179} INFO - Processing /Users/asminsadykova/Desktop/h&m/.venv/lib/python3.9/site-packages/airflow/example_dags/plugins/event_listener.py took 0.068 seconds
[2025-12-04T23:32:54.344+0600] {processor.py:157} INFO - Started process (PID=40081) to work on /Users/asminsadykova/Desktop/h&m/.venv/lib/python3.9/site-packages/airflow/example_dags/plugins/event_listener.py
[2025-12-04T23:32:54.345+0600] {processor.py:829} INFO - Processing file /Users/asminsadykova/Desktop/h&m/.venv/lib/python3.9/site-packages/airflow/example_dags/plugins/event_listener.py for tasks to queue
[2025-12-04T23:32:54.345+0600] {logging_mixin.py:154} INFO - [2025-12-04T23:32:54.345+0600] {dagbag.py:536} INFO - Filling up the DagBag from /Users/asminsadykova/Desktop/h&m/.venv/lib/python3.9/site-packages/airflow/example_dags/plugins/event_listener.py
[2025-12-04T23:32:54.346+0600] {processor.py:841} WARNING - No viable dags retrieved from /Users/asminsadykova/Desktop/h&m/.venv/lib/python3.9/site-packages/airflow/example_dags/plugins/event_listener.py
[2025-12-04T23:32:54.400+0600] {processor.py:179} INFO - Processing /Users/asminsadykova/Desktop/h&m/.venv/lib/python3.9/site-packages/airflow/example_dags/plugins/event_listener.py took 0.057 seconds
[2025-12-04T23:33:33.807+0600] {processor.py:157} INFO - Started process (PID=40126) to work on /Users/asminsadykova/Desktop/h&m/.venv/lib/python3.9/site-packages/airflow/example_dags/plugins/event_listener.py
[2025-12-04T23:33:33.808+0600] {processor.py:829} INFO - Processing file /Users/asminsadykova/Desktop/h&m/.venv/lib/python3.9/site-packages/airflow/example_dags/plugins/event_listener.py for tasks to queue
[2025-12-04T23:33:33.809+0600] {logging_mixin.py:154} INFO - [2025-12-04T23:33:33.809+0600] {dagbag.py:536} INFO - Filling up the DagBag from /Users/asminsadykova/Desktop/h&m/.venv/lib/python3.9/site-packages/airflow/example_dags/plugins/event_listener.py
[2025-12-04T23:33:33.809+0600] {processor.py:841} WARNING - No viable dags retrieved from /Users/asminsadykova/Desktop/h&m/.venv/lib/python3.9/site-packages/airflow/example_dags/plugins/event_listener.py
[2025-12-04T23:33:33.871+0600] {processor.py:179} INFO - Processing /Users/asminsadykova/Desktop/h&m/.venv/lib/python3.9/site-packages/airflow/example_dags/plugins/event_listener.py took 0.065 seconds
[2025-12-04T23:34:17.854+0600] {processor.py:157} INFO - Started process (PID=40166) to work on /Users/asminsadykova/Desktop/h&m/.venv/lib/python3.9/site-packages/airflow/example_dags/plugins/event_listener.py
[2025-12-04T23:34:17.855+0600] {processor.py:829} INFO - Processing file /Users/asminsadykova/Desktop/h&m/.venv/lib/python3.9/site-packages/airflow/example_dags/plugins/event_listener.py for tasks to queue
[2025-12-04T23:34:17.855+0600] {logging_mixin.py:154} INFO - [2025-12-04T23:34:17.855+0600] {dagbag.py:536} INFO - Filling up the DagBag from /Users/asminsadykova/Desktop/h&m/.venv/lib/python3.9/site-packages/airflow/example_dags/plugins/event_listener.py
[2025-12-04T23:34:17.856+0600] {processor.py:841} WARNING - No viable dags retrieved from /Users/asminsadykova/Desktop/h&m/.venv/lib/python3.9/site-packages/airflow/example_dags/plugins/event_listener.py
[2025-12-04T23:34:17.909+0600] {processor.py:179} INFO - Processing /Users/asminsadykova/Desktop/h&m/.venv/lib/python3.9/site-packages/airflow/example_dags/plugins/event_listener.py took 0.056 seconds
[2025-12-04T23:35:03.495+0600] {processor.py:157} INFO - Started process (PID=40213) to work on /Users/asminsadykova/Desktop/h&m/.venv/lib/python3.9/site-packages/airflow/example_dags/plugins/event_listener.py
[2025-12-04T23:35:03.496+0600] {processor.py:829} INFO - Processing file /Users/asminsadykova/Desktop/h&m/.venv/lib/python3.9/site-packages/airflow/example_dags/plugins/event_listener.py for tasks to queue
[2025-12-04T23:35:03.497+0600] {logging_mixin.py:154} INFO - [2025-12-04T23:35:03.497+0600] {dagbag.py:536} INFO - Filling up the DagBag from /Users/asminsadykova/Desktop/h&m/.venv/lib/python3.9/site-packages/airflow/example_dags/plugins/event_listener.py
[2025-12-04T23:35:03.497+0600] {processor.py:841} WARNING - No viable dags retrieved from /Users/asminsadykova/Desktop/h&m/.venv/lib/python3.9/site-packages/airflow/example_dags/plugins/event_listener.py
[2025-12-04T23:35:03.553+0600] {processor.py:179} INFO - Processing /Users/asminsadykova/Desktop/h&m/.venv/lib/python3.9/site-packages/airflow/example_dags/plugins/event_listener.py took 0.059 seconds
[2025-12-04T23:35:52.157+0600] {processor.py:157} INFO - Started process (PID=40252) to work on /Users/asminsadykova/Desktop/h&m/.venv/lib/python3.9/site-packages/airflow/example_dags/plugins/event_listener.py
[2025-12-04T23:35:52.159+0600] {processor.py:829} INFO - Processing file /Users/asminsadykova/Desktop/h&m/.venv/lib/python3.9/site-packages/airflow/example_dags/plugins/event_listener.py for tasks to queue
[2025-12-04T23:35:52.160+0600] {logging_mixin.py:154} INFO - [2025-12-04T23:35:52.159+0600] {dagbag.py:536} INFO - Filling up the DagBag from /Users/asminsadykova/Desktop/h&m/.venv/lib/python3.9/site-packages/airflow/example_dags/plugins/event_listener.py
[2025-12-04T23:35:52.160+0600] {processor.py:841} WARNING - No viable dags retrieved from /Users/asminsadykova/Desktop/h&m/.venv/lib/python3.9/site-packages/airflow/example_dags/plugins/event_listener.py
[2025-12-04T23:35:52.227+0600] {processor.py:179} INFO - Processing /Users/asminsadykova/Desktop/h&m/.venv/lib/python3.9/site-packages/airflow/example_dags/plugins/event_listener.py took 0.071 seconds
[2025-12-04T23:36:41.146+0600] {processor.py:157} INFO - Started process (PID=40298) to work on /Users/asminsadykova/Desktop/h&m/.venv/lib/python3.9/site-packages/airflow/example_dags/plugins/event_listener.py
[2025-12-04T23:36:41.149+0600] {processor.py:829} INFO - Processing file /Users/asminsadykova/Desktop/h&m/.venv/lib/python3.9/site-packages/airflow/example_dags/plugins/event_listener.py for tasks to queue
[2025-12-04T23:36:41.149+0600] {logging_mixin.py:154} INFO - [2025-12-04T23:36:41.149+0600] {dagbag.py:536} INFO - Filling up the DagBag from /Users/asminsadykova/Desktop/h&m/.venv/lib/python3.9/site-packages/airflow/example_dags/plugins/event_listener.py
[2025-12-04T23:36:41.150+0600] {processor.py:841} WARNING - No viable dags retrieved from /Users/asminsadykova/Desktop/h&m/.venv/lib/python3.9/site-packages/airflow/example_dags/plugins/event_listener.py
[2025-12-04T23:36:41.208+0600] {processor.py:179} INFO - Processing /Users/asminsadykova/Desktop/h&m/.venv/lib/python3.9/site-packages/airflow/example_dags/plugins/event_listener.py took 0.062 seconds
[2025-12-04T23:37:25.095+0600] {processor.py:157} INFO - Started process (PID=40346) to work on /Users/asminsadykova/Desktop/h&m/.venv/lib/python3.9/site-packages/airflow/example_dags/plugins/event_listener.py
[2025-12-04T23:37:25.097+0600] {processor.py:829} INFO - Processing file /Users/asminsadykova/Desktop/h&m/.venv/lib/python3.9/site-packages/airflow/example_dags/plugins/event_listener.py for tasks to queue
[2025-12-04T23:37:25.097+0600] {logging_mixin.py:154} INFO - [2025-12-04T23:37:25.097+0600] {dagbag.py:536} INFO - Filling up the DagBag from /Users/asminsadykova/Desktop/h&m/.venv/lib/python3.9/site-packages/airflow/example_dags/plugins/event_listener.py
[2025-12-04T23:37:25.098+0600] {processor.py:841} WARNING - No viable dags retrieved from /Users/asminsadykova/Desktop/h&m/.venv/lib/python3.9/site-packages/airflow/example_dags/plugins/event_listener.py
[2025-12-04T23:37:25.152+0600] {processor.py:179} INFO - Processing /Users/asminsadykova/Desktop/h&m/.venv/lib/python3.9/site-packages/airflow/example_dags/plugins/event_listener.py took 0.057 seconds
[2025-12-04T23:38:10.522+0600] {processor.py:157} INFO - Started process (PID=40388) to work on /Users/asminsadykova/Desktop/h&m/.venv/lib/python3.9/site-packages/airflow/example_dags/plugins/event_listener.py
[2025-12-04T23:38:10.524+0600] {processor.py:829} INFO - Processing file /Users/asminsadykova/Desktop/h&m/.venv/lib/python3.9/site-packages/airflow/example_dags/plugins/event_listener.py for tasks to queue
[2025-12-04T23:38:10.524+0600] {logging_mixin.py:154} INFO - [2025-12-04T23:38:10.524+0600] {dagbag.py:536} INFO - Filling up the DagBag from /Users/asminsadykova/Desktop/h&m/.venv/lib/python3.9/site-packages/airflow/example_dags/plugins/event_listener.py
[2025-12-04T23:38:10.525+0600] {processor.py:841} WARNING - No viable dags retrieved from /Users/asminsadykova/Desktop/h&m/.venv/lib/python3.9/site-packages/airflow/example_dags/plugins/event_listener.py
[2025-12-04T23:38:10.582+0600] {processor.py:179} INFO - Processing /Users/asminsadykova/Desktop/h&m/.venv/lib/python3.9/site-packages/airflow/example_dags/plugins/event_listener.py took 0.060 seconds
[2025-12-04T23:39:01.068+0600] {processor.py:157} INFO - Started process (PID=40427) to work on /Users/asminsadykova/Desktop/h&m/.venv/lib/python3.9/site-packages/airflow/example_dags/plugins/event_listener.py
[2025-12-04T23:39:01.070+0600] {processor.py:829} INFO - Processing file /Users/asminsadykova/Desktop/h&m/.venv/lib/python3.9/site-packages/airflow/example_dags/plugins/event_listener.py for tasks to queue
[2025-12-04T23:39:01.070+0600] {logging_mixin.py:154} INFO - [2025-12-04T23:39:01.070+0600] {dagbag.py:536} INFO - Filling up the DagBag from /Users/asminsadykova/Desktop/h&m/.venv/lib/python3.9/site-packages/airflow/example_dags/plugins/event_listener.py
[2025-12-04T23:39:01.071+0600] {processor.py:841} WARNING - No viable dags retrieved from /Users/asminsadykova/Desktop/h&m/.venv/lib/python3.9/site-packages/airflow/example_dags/plugins/event_listener.py
[2025-12-04T23:39:01.128+0600] {processor.py:179} INFO - Processing /Users/asminsadykova/Desktop/h&m/.venv/lib/python3.9/site-packages/airflow/example_dags/plugins/event_listener.py took 0.061 seconds
[2025-12-04T23:39:46.850+0600] {processor.py:157} INFO - Started process (PID=40474) to work on /Users/asminsadykova/Desktop/h&m/.venv/lib/python3.9/site-packages/airflow/example_dags/plugins/event_listener.py
[2025-12-04T23:39:46.855+0600] {processor.py:829} INFO - Processing file /Users/asminsadykova/Desktop/h&m/.venv/lib/python3.9/site-packages/airflow/example_dags/plugins/event_listener.py for tasks to queue
[2025-12-04T23:39:46.856+0600] {logging_mixin.py:154} INFO - [2025-12-04T23:39:46.855+0600] {dagbag.py:536} INFO - Filling up the DagBag from /Users/asminsadykova/Desktop/h&m/.venv/lib/python3.9/site-packages/airflow/example_dags/plugins/event_listener.py
[2025-12-04T23:39:46.856+0600] {processor.py:841} WARNING - No viable dags retrieved from /Users/asminsadykova/Desktop/h&m/.venv/lib/python3.9/site-packages/airflow/example_dags/plugins/event_listener.py
[2025-12-04T23:39:46.913+0600] {processor.py:179} INFO - Processing /Users/asminsadykova/Desktop/h&m/.venv/lib/python3.9/site-packages/airflow/example_dags/plugins/event_listener.py took 0.064 seconds
[2025-12-04T23:40:34.077+0600] {processor.py:157} INFO - Started process (PID=40561) to work on /Users/asminsadykova/Desktop/h&m/.venv/lib/python3.9/site-packages/airflow/example_dags/plugins/event_listener.py
[2025-12-04T23:40:34.080+0600] {processor.py:829} INFO - Processing file /Users/asminsadykova/Desktop/h&m/.venv/lib/python3.9/site-packages/airflow/example_dags/plugins/event_listener.py for tasks to queue
[2025-12-04T23:40:34.080+0600] {logging_mixin.py:154} INFO - [2025-12-04T23:40:34.080+0600] {dagbag.py:536} INFO - Filling up the DagBag from /Users/asminsadykova/Desktop/h&m/.venv/lib/python3.9/site-packages/airflow/example_dags/plugins/event_listener.py
[2025-12-04T23:40:34.081+0600] {processor.py:841} WARNING - No viable dags retrieved from /Users/asminsadykova/Desktop/h&m/.venv/lib/python3.9/site-packages/airflow/example_dags/plugins/event_listener.py
[2025-12-04T23:40:34.134+0600] {processor.py:179} INFO - Processing /Users/asminsadykova/Desktop/h&m/.venv/lib/python3.9/site-packages/airflow/example_dags/plugins/event_listener.py took 0.057 seconds
[2025-12-04T23:41:23.462+0600] {processor.py:157} INFO - Started process (PID=40602) to work on /Users/asminsadykova/Desktop/h&m/.venv/lib/python3.9/site-packages/airflow/example_dags/plugins/event_listener.py
[2025-12-04T23:41:23.464+0600] {processor.py:829} INFO - Processing file /Users/asminsadykova/Desktop/h&m/.venv/lib/python3.9/site-packages/airflow/example_dags/plugins/event_listener.py for tasks to queue
[2025-12-04T23:41:23.464+0600] {logging_mixin.py:154} INFO - [2025-12-04T23:41:23.464+0600] {dagbag.py:536} INFO - Filling up the DagBag from /Users/asminsadykova/Desktop/h&m/.venv/lib/python3.9/site-packages/airflow/example_dags/plugins/event_listener.py
[2025-12-04T23:41:23.465+0600] {processor.py:841} WARNING - No viable dags retrieved from /Users/asminsadykova/Desktop/h&m/.venv/lib/python3.9/site-packages/airflow/example_dags/plugins/event_listener.py
[2025-12-04T23:41:23.519+0600] {processor.py:179} INFO - Processing /Users/asminsadykova/Desktop/h&m/.venv/lib/python3.9/site-packages/airflow/example_dags/plugins/event_listener.py took 0.057 seconds
[2025-12-04T23:42:06.410+0600] {processor.py:157} INFO - Started process (PID=40646) to work on /Users/asminsadykova/Desktop/h&m/.venv/lib/python3.9/site-packages/airflow/example_dags/plugins/event_listener.py
[2025-12-04T23:42:06.411+0600] {processor.py:829} INFO - Processing file /Users/asminsadykova/Desktop/h&m/.venv/lib/python3.9/site-packages/airflow/example_dags/plugins/event_listener.py for tasks to queue
[2025-12-04T23:42:06.412+0600] {logging_mixin.py:154} INFO - [2025-12-04T23:42:06.412+0600] {dagbag.py:536} INFO - Filling up the DagBag from /Users/asminsadykova/Desktop/h&m/.venv/lib/python3.9/site-packages/airflow/example_dags/plugins/event_listener.py
[2025-12-04T23:42:06.412+0600] {processor.py:841} WARNING - No viable dags retrieved from /Users/asminsadykova/Desktop/h&m/.venv/lib/python3.9/site-packages/airflow/example_dags/plugins/event_listener.py
[2025-12-04T23:42:06.471+0600] {processor.py:179} INFO - Processing /Users/asminsadykova/Desktop/h&m/.venv/lib/python3.9/site-packages/airflow/example_dags/plugins/event_listener.py took 0.061 seconds
[2025-12-04T23:42:50.104+0600] {processor.py:157} INFO - Started process (PID=40716) to work on /Users/asminsadykova/Desktop/h&m/.venv/lib/python3.9/site-packages/airflow/example_dags/plugins/event_listener.py
[2025-12-04T23:42:50.106+0600] {processor.py:829} INFO - Processing file /Users/asminsadykova/Desktop/h&m/.venv/lib/python3.9/site-packages/airflow/example_dags/plugins/event_listener.py for tasks to queue
[2025-12-04T23:42:50.106+0600] {logging_mixin.py:154} INFO - [2025-12-04T23:42:50.106+0600] {dagbag.py:536} INFO - Filling up the DagBag from /Users/asminsadykova/Desktop/h&m/.venv/lib/python3.9/site-packages/airflow/example_dags/plugins/event_listener.py
[2025-12-04T23:42:50.107+0600] {processor.py:841} WARNING - No viable dags retrieved from /Users/asminsadykova/Desktop/h&m/.venv/lib/python3.9/site-packages/airflow/example_dags/plugins/event_listener.py
[2025-12-04T23:42:50.164+0600] {processor.py:179} INFO - Processing /Users/asminsadykova/Desktop/h&m/.venv/lib/python3.9/site-packages/airflow/example_dags/plugins/event_listener.py took 0.061 seconds
[2025-12-04T23:43:38.601+0600] {processor.py:157} INFO - Started process (PID=40847) to work on /Users/asminsadykova/Desktop/h&m/.venv/lib/python3.9/site-packages/airflow/example_dags/plugins/event_listener.py
[2025-12-04T23:43:38.602+0600] {processor.py:829} INFO - Processing file /Users/asminsadykova/Desktop/h&m/.venv/lib/python3.9/site-packages/airflow/example_dags/plugins/event_listener.py for tasks to queue
[2025-12-04T23:43:38.602+0600] {logging_mixin.py:154} INFO - [2025-12-04T23:43:38.602+0600] {dagbag.py:536} INFO - Filling up the DagBag from /Users/asminsadykova/Desktop/h&m/.venv/lib/python3.9/site-packages/airflow/example_dags/plugins/event_listener.py
[2025-12-04T23:43:38.603+0600] {processor.py:841} WARNING - No viable dags retrieved from /Users/asminsadykova/Desktop/h&m/.venv/lib/python3.9/site-packages/airflow/example_dags/plugins/event_listener.py
[2025-12-04T23:43:38.658+0600] {processor.py:179} INFO - Processing /Users/asminsadykova/Desktop/h&m/.venv/lib/python3.9/site-packages/airflow/example_dags/plugins/event_listener.py took 0.058 seconds
[2025-12-04T23:44:26.901+0600] {processor.py:157} INFO - Started process (PID=40892) to work on /Users/asminsadykova/Desktop/h&m/.venv/lib/python3.9/site-packages/airflow/example_dags/plugins/event_listener.py
[2025-12-04T23:44:26.903+0600] {processor.py:829} INFO - Processing file /Users/asminsadykova/Desktop/h&m/.venv/lib/python3.9/site-packages/airflow/example_dags/plugins/event_listener.py for tasks to queue
[2025-12-04T23:44:26.904+0600] {logging_mixin.py:154} INFO - [2025-12-04T23:44:26.903+0600] {dagbag.py:536} INFO - Filling up the DagBag from /Users/asminsadykova/Desktop/h&m/.venv/lib/python3.9/site-packages/airflow/example_dags/plugins/event_listener.py
[2025-12-04T23:44:26.904+0600] {processor.py:841} WARNING - No viable dags retrieved from /Users/asminsadykova/Desktop/h&m/.venv/lib/python3.9/site-packages/airflow/example_dags/plugins/event_listener.py
[2025-12-04T23:44:26.960+0600] {processor.py:179} INFO - Processing /Users/asminsadykova/Desktop/h&m/.venv/lib/python3.9/site-packages/airflow/example_dags/plugins/event_listener.py took 0.059 seconds
[2025-12-04T23:45:14.728+0600] {processor.py:157} INFO - Started process (PID=41069) to work on /Users/asminsadykova/Desktop/h&m/.venv/lib/python3.9/site-packages/airflow/example_dags/plugins/event_listener.py
[2025-12-04T23:45:14.729+0600] {processor.py:829} INFO - Processing file /Users/asminsadykova/Desktop/h&m/.venv/lib/python3.9/site-packages/airflow/example_dags/plugins/event_listener.py for tasks to queue
[2025-12-04T23:45:14.730+0600] {logging_mixin.py:154} INFO - [2025-12-04T23:45:14.729+0600] {dagbag.py:536} INFO - Filling up the DagBag from /Users/asminsadykova/Desktop/h&m/.venv/lib/python3.9/site-packages/airflow/example_dags/plugins/event_listener.py
[2025-12-04T23:45:14.730+0600] {processor.py:841} WARNING - No viable dags retrieved from /Users/asminsadykova/Desktop/h&m/.venv/lib/python3.9/site-packages/airflow/example_dags/plugins/event_listener.py
[2025-12-04T23:45:14.791+0600] {processor.py:179} INFO - Processing /Users/asminsadykova/Desktop/h&m/.venv/lib/python3.9/site-packages/airflow/example_dags/plugins/event_listener.py took 0.063 seconds
[2025-12-04T23:46:02.633+0600] {processor.py:157} INFO - Started process (PID=41286) to work on /Users/asminsadykova/Desktop/h&m/.venv/lib/python3.9/site-packages/airflow/example_dags/plugins/event_listener.py
[2025-12-04T23:46:02.635+0600] {processor.py:829} INFO - Processing file /Users/asminsadykova/Desktop/h&m/.venv/lib/python3.9/site-packages/airflow/example_dags/plugins/event_listener.py for tasks to queue
[2025-12-04T23:46:02.635+0600] {logging_mixin.py:154} INFO - [2025-12-04T23:46:02.635+0600] {dagbag.py:536} INFO - Filling up the DagBag from /Users/asminsadykova/Desktop/h&m/.venv/lib/python3.9/site-packages/airflow/example_dags/plugins/event_listener.py
[2025-12-04T23:46:02.636+0600] {processor.py:841} WARNING - No viable dags retrieved from /Users/asminsadykova/Desktop/h&m/.venv/lib/python3.9/site-packages/airflow/example_dags/plugins/event_listener.py
[2025-12-04T23:46:02.694+0600] {processor.py:179} INFO - Processing /Users/asminsadykova/Desktop/h&m/.venv/lib/python3.9/site-packages/airflow/example_dags/plugins/event_listener.py took 0.061 seconds
[2025-12-04T23:46:50.605+0600] {processor.py:157} INFO - Started process (PID=41469) to work on /Users/asminsadykova/Desktop/h&m/.venv/lib/python3.9/site-packages/airflow/example_dags/plugins/event_listener.py
[2025-12-04T23:46:50.607+0600] {processor.py:829} INFO - Processing file /Users/asminsadykova/Desktop/h&m/.venv/lib/python3.9/site-packages/airflow/example_dags/plugins/event_listener.py for tasks to queue
[2025-12-04T23:46:50.607+0600] {logging_mixin.py:154} INFO - [2025-12-04T23:46:50.607+0600] {dagbag.py:536} INFO - Filling up the DagBag from /Users/asminsadykova/Desktop/h&m/.venv/lib/python3.9/site-packages/airflow/example_dags/plugins/event_listener.py
[2025-12-04T23:46:50.608+0600] {processor.py:841} WARNING - No viable dags retrieved from /Users/asminsadykova/Desktop/h&m/.venv/lib/python3.9/site-packages/airflow/example_dags/plugins/event_listener.py
[2025-12-04T23:46:50.663+0600] {processor.py:179} INFO - Processing /Users/asminsadykova/Desktop/h&m/.venv/lib/python3.9/site-packages/airflow/example_dags/plugins/event_listener.py took 0.059 seconds
[2025-12-04T23:47:34.700+0600] {processor.py:157} INFO - Started process (PID=41582) to work on /Users/asminsadykova/Desktop/h&m/.venv/lib/python3.9/site-packages/airflow/example_dags/plugins/event_listener.py
[2025-12-04T23:47:34.702+0600] {processor.py:829} INFO - Processing file /Users/asminsadykova/Desktop/h&m/.venv/lib/python3.9/site-packages/airflow/example_dags/plugins/event_listener.py for tasks to queue
[2025-12-04T23:47:34.703+0600] {logging_mixin.py:154} INFO - [2025-12-04T23:47:34.702+0600] {dagbag.py:536} INFO - Filling up the DagBag from /Users/asminsadykova/Desktop/h&m/.venv/lib/python3.9/site-packages/airflow/example_dags/plugins/event_listener.py
[2025-12-04T23:47:34.703+0600] {processor.py:841} WARNING - No viable dags retrieved from /Users/asminsadykova/Desktop/h&m/.venv/lib/python3.9/site-packages/airflow/example_dags/plugins/event_listener.py
[2025-12-04T23:47:34.771+0600] {processor.py:179} INFO - Processing /Users/asminsadykova/Desktop/h&m/.venv/lib/python3.9/site-packages/airflow/example_dags/plugins/event_listener.py took 0.071 seconds
[2025-12-04T23:48:17.756+0600] {processor.py:157} INFO - Started process (PID=41640) to work on /Users/asminsadykova/Desktop/h&m/.venv/lib/python3.9/site-packages/airflow/example_dags/plugins/event_listener.py
[2025-12-04T23:48:17.758+0600] {processor.py:829} INFO - Processing file /Users/asminsadykova/Desktop/h&m/.venv/lib/python3.9/site-packages/airflow/example_dags/plugins/event_listener.py for tasks to queue
[2025-12-04T23:48:17.758+0600] {logging_mixin.py:154} INFO - [2025-12-04T23:48:17.758+0600] {dagbag.py:536} INFO - Filling up the DagBag from /Users/asminsadykova/Desktop/h&m/.venv/lib/python3.9/site-packages/airflow/example_dags/plugins/event_listener.py
[2025-12-04T23:48:17.759+0600] {processor.py:841} WARNING - No viable dags retrieved from /Users/asminsadykova/Desktop/h&m/.venv/lib/python3.9/site-packages/airflow/example_dags/plugins/event_listener.py
[2025-12-04T23:48:17.812+0600] {processor.py:179} INFO - Processing /Users/asminsadykova/Desktop/h&m/.venv/lib/python3.9/site-packages/airflow/example_dags/plugins/event_listener.py took 0.057 seconds
[2025-12-04T23:49:01.149+0600] {processor.py:157} INFO - Started process (PID=41689) to work on /Users/asminsadykova/Desktop/h&m/.venv/lib/python3.9/site-packages/airflow/example_dags/plugins/event_listener.py
[2025-12-04T23:49:01.150+0600] {processor.py:829} INFO - Processing file /Users/asminsadykova/Desktop/h&m/.venv/lib/python3.9/site-packages/airflow/example_dags/plugins/event_listener.py for tasks to queue
[2025-12-04T23:49:01.151+0600] {logging_mixin.py:154} INFO - [2025-12-04T23:49:01.151+0600] {dagbag.py:536} INFO - Filling up the DagBag from /Users/asminsadykova/Desktop/h&m/.venv/lib/python3.9/site-packages/airflow/example_dags/plugins/event_listener.py
[2025-12-04T23:49:01.151+0600] {processor.py:841} WARNING - No viable dags retrieved from /Users/asminsadykova/Desktop/h&m/.venv/lib/python3.9/site-packages/airflow/example_dags/plugins/event_listener.py
[2025-12-04T23:49:01.205+0600] {processor.py:179} INFO - Processing /Users/asminsadykova/Desktop/h&m/.venv/lib/python3.9/site-packages/airflow/example_dags/plugins/event_listener.py took 0.057 seconds
[2025-12-04T23:49:47.881+0600] {processor.py:157} INFO - Started process (PID=41775) to work on /Users/asminsadykova/Desktop/h&m/.venv/lib/python3.9/site-packages/airflow/example_dags/plugins/event_listener.py
[2025-12-04T23:49:47.884+0600] {processor.py:829} INFO - Processing file /Users/asminsadykova/Desktop/h&m/.venv/lib/python3.9/site-packages/airflow/example_dags/plugins/event_listener.py for tasks to queue
[2025-12-04T23:49:47.884+0600] {logging_mixin.py:154} INFO - [2025-12-04T23:49:47.884+0600] {dagbag.py:536} INFO - Filling up the DagBag from /Users/asminsadykova/Desktop/h&m/.venv/lib/python3.9/site-packages/airflow/example_dags/plugins/event_listener.py
[2025-12-04T23:49:47.885+0600] {processor.py:841} WARNING - No viable dags retrieved from /Users/asminsadykova/Desktop/h&m/.venv/lib/python3.9/site-packages/airflow/example_dags/plugins/event_listener.py
[2025-12-04T23:49:47.938+0600] {processor.py:179} INFO - Processing /Users/asminsadykova/Desktop/h&m/.venv/lib/python3.9/site-packages/airflow/example_dags/plugins/event_listener.py took 0.057 seconds
[2025-12-04T23:50:37.993+0600] {processor.py:157} INFO - Started process (PID=41814) to work on /Users/asminsadykova/Desktop/h&m/.venv/lib/python3.9/site-packages/airflow/example_dags/plugins/event_listener.py
[2025-12-04T23:50:37.994+0600] {processor.py:829} INFO - Processing file /Users/asminsadykova/Desktop/h&m/.venv/lib/python3.9/site-packages/airflow/example_dags/plugins/event_listener.py for tasks to queue
[2025-12-04T23:50:37.994+0600] {logging_mixin.py:154} INFO - [2025-12-04T23:50:37.994+0600] {dagbag.py:536} INFO - Filling up the DagBag from /Users/asminsadykova/Desktop/h&m/.venv/lib/python3.9/site-packages/airflow/example_dags/plugins/event_listener.py
[2025-12-04T23:50:37.995+0600] {processor.py:841} WARNING - No viable dags retrieved from /Users/asminsadykova/Desktop/h&m/.venv/lib/python3.9/site-packages/airflow/example_dags/plugins/event_listener.py
[2025-12-04T23:50:38.048+0600] {processor.py:179} INFO - Processing /Users/asminsadykova/Desktop/h&m/.venv/lib/python3.9/site-packages/airflow/example_dags/plugins/event_listener.py took 0.056 seconds
[2025-12-04T23:51:28.445+0600] {processor.py:157} INFO - Started process (PID=41929) to work on /Users/asminsadykova/Desktop/h&m/.venv/lib/python3.9/site-packages/airflow/example_dags/plugins/event_listener.py
[2025-12-04T23:51:28.447+0600] {processor.py:829} INFO - Processing file /Users/asminsadykova/Desktop/h&m/.venv/lib/python3.9/site-packages/airflow/example_dags/plugins/event_listener.py for tasks to queue
[2025-12-04T23:51:28.448+0600] {logging_mixin.py:154} INFO - [2025-12-04T23:51:28.448+0600] {dagbag.py:536} INFO - Filling up the DagBag from /Users/asminsadykova/Desktop/h&m/.venv/lib/python3.9/site-packages/airflow/example_dags/plugins/event_listener.py
[2025-12-04T23:51:28.448+0600] {processor.py:841} WARNING - No viable dags retrieved from /Users/asminsadykova/Desktop/h&m/.venv/lib/python3.9/site-packages/airflow/example_dags/plugins/event_listener.py
[2025-12-04T23:51:28.506+0600] {processor.py:179} INFO - Processing /Users/asminsadykova/Desktop/h&m/.venv/lib/python3.9/site-packages/airflow/example_dags/plugins/event_listener.py took 0.061 seconds
[2025-12-04T23:52:14.207+0600] {processor.py:157} INFO - Started process (PID=42052) to work on /Users/asminsadykova/Desktop/h&m/.venv/lib/python3.9/site-packages/airflow/example_dags/plugins/event_listener.py
[2025-12-04T23:52:14.210+0600] {processor.py:829} INFO - Processing file /Users/asminsadykova/Desktop/h&m/.venv/lib/python3.9/site-packages/airflow/example_dags/plugins/event_listener.py for tasks to queue
[2025-12-04T23:52:14.210+0600] {logging_mixin.py:154} INFO - [2025-12-04T23:52:14.210+0600] {dagbag.py:536} INFO - Filling up the DagBag from /Users/asminsadykova/Desktop/h&m/.venv/lib/python3.9/site-packages/airflow/example_dags/plugins/event_listener.py
[2025-12-04T23:52:14.211+0600] {processor.py:841} WARNING - No viable dags retrieved from /Users/asminsadykova/Desktop/h&m/.venv/lib/python3.9/site-packages/airflow/example_dags/plugins/event_listener.py
[2025-12-04T23:52:14.268+0600] {processor.py:179} INFO - Processing /Users/asminsadykova/Desktop/h&m/.venv/lib/python3.9/site-packages/airflow/example_dags/plugins/event_listener.py took 0.061 seconds
[2025-12-04T23:53:01.464+0600] {processor.py:157} INFO - Started process (PID=42109) to work on /Users/asminsadykova/Desktop/h&m/.venv/lib/python3.9/site-packages/airflow/example_dags/plugins/event_listener.py
[2025-12-04T23:53:01.465+0600] {processor.py:829} INFO - Processing file /Users/asminsadykova/Desktop/h&m/.venv/lib/python3.9/site-packages/airflow/example_dags/plugins/event_listener.py for tasks to queue
[2025-12-04T23:53:01.465+0600] {logging_mixin.py:154} INFO - [2025-12-04T23:53:01.465+0600] {dagbag.py:536} INFO - Filling up the DagBag from /Users/asminsadykova/Desktop/h&m/.venv/lib/python3.9/site-packages/airflow/example_dags/plugins/event_listener.py
[2025-12-04T23:53:01.466+0600] {processor.py:841} WARNING - No viable dags retrieved from /Users/asminsadykova/Desktop/h&m/.venv/lib/python3.9/site-packages/airflow/example_dags/plugins/event_listener.py
[2025-12-04T23:53:01.524+0600] {processor.py:179} INFO - Processing /Users/asminsadykova/Desktop/h&m/.venv/lib/python3.9/site-packages/airflow/example_dags/plugins/event_listener.py took 0.061 seconds
[2025-12-04T23:53:49.687+0600] {processor.py:157} INFO - Started process (PID=42151) to work on /Users/asminsadykova/Desktop/h&m/.venv/lib/python3.9/site-packages/airflow/example_dags/plugins/event_listener.py
[2025-12-04T23:53:49.689+0600] {processor.py:829} INFO - Processing file /Users/asminsadykova/Desktop/h&m/.venv/lib/python3.9/site-packages/airflow/example_dags/plugins/event_listener.py for tasks to queue
[2025-12-04T23:53:49.689+0600] {logging_mixin.py:154} INFO - [2025-12-04T23:53:49.689+0600] {dagbag.py:536} INFO - Filling up the DagBag from /Users/asminsadykova/Desktop/h&m/.venv/lib/python3.9/site-packages/airflow/example_dags/plugins/event_listener.py
[2025-12-04T23:53:49.690+0600] {processor.py:841} WARNING - No viable dags retrieved from /Users/asminsadykova/Desktop/h&m/.venv/lib/python3.9/site-packages/airflow/example_dags/plugins/event_listener.py
[2025-12-04T23:53:49.750+0600] {processor.py:179} INFO - Processing /Users/asminsadykova/Desktop/h&m/.venv/lib/python3.9/site-packages/airflow/example_dags/plugins/event_listener.py took 0.064 seconds
[2025-12-04T23:54:34.335+0600] {processor.py:157} INFO - Started process (PID=42188) to work on /Users/asminsadykova/Desktop/h&m/.venv/lib/python3.9/site-packages/airflow/example_dags/plugins/event_listener.py
[2025-12-04T23:54:34.337+0600] {processor.py:829} INFO - Processing file /Users/asminsadykova/Desktop/h&m/.venv/lib/python3.9/site-packages/airflow/example_dags/plugins/event_listener.py for tasks to queue
[2025-12-04T23:54:34.337+0600] {logging_mixin.py:154} INFO - [2025-12-04T23:54:34.337+0600] {dagbag.py:536} INFO - Filling up the DagBag from /Users/asminsadykova/Desktop/h&m/.venv/lib/python3.9/site-packages/airflow/example_dags/plugins/event_listener.py
[2025-12-04T23:54:34.337+0600] {processor.py:841} WARNING - No viable dags retrieved from /Users/asminsadykova/Desktop/h&m/.venv/lib/python3.9/site-packages/airflow/example_dags/plugins/event_listener.py
[2025-12-04T23:54:34.394+0600] {processor.py:179} INFO - Processing /Users/asminsadykova/Desktop/h&m/.venv/lib/python3.9/site-packages/airflow/example_dags/plugins/event_listener.py took 0.060 seconds
[2025-12-04T23:55:17.266+0600] {processor.py:157} INFO - Started process (PID=42228) to work on /Users/asminsadykova/Desktop/h&m/.venv/lib/python3.9/site-packages/airflow/example_dags/plugins/event_listener.py
[2025-12-04T23:55:17.267+0600] {processor.py:829} INFO - Processing file /Users/asminsadykova/Desktop/h&m/.venv/lib/python3.9/site-packages/airflow/example_dags/plugins/event_listener.py for tasks to queue
[2025-12-04T23:55:17.268+0600] {logging_mixin.py:154} INFO - [2025-12-04T23:55:17.268+0600] {dagbag.py:536} INFO - Filling up the DagBag from /Users/asminsadykova/Desktop/h&m/.venv/lib/python3.9/site-packages/airflow/example_dags/plugins/event_listener.py
[2025-12-04T23:55:17.268+0600] {processor.py:841} WARNING - No viable dags retrieved from /Users/asminsadykova/Desktop/h&m/.venv/lib/python3.9/site-packages/airflow/example_dags/plugins/event_listener.py
[2025-12-04T23:55:17.329+0600] {processor.py:179} INFO - Processing /Users/asminsadykova/Desktop/h&m/.venv/lib/python3.9/site-packages/airflow/example_dags/plugins/event_listener.py took 0.064 seconds
[2025-12-04T23:56:01.028+0600] {processor.py:157} INFO - Started process (PID=42268) to work on /Users/asminsadykova/Desktop/h&m/.venv/lib/python3.9/site-packages/airflow/example_dags/plugins/event_listener.py
[2025-12-04T23:56:01.030+0600] {processor.py:829} INFO - Processing file /Users/asminsadykova/Desktop/h&m/.venv/lib/python3.9/site-packages/airflow/example_dags/plugins/event_listener.py for tasks to queue
[2025-12-04T23:56:01.031+0600] {logging_mixin.py:154} INFO - [2025-12-04T23:56:01.031+0600] {dagbag.py:536} INFO - Filling up the DagBag from /Users/asminsadykova/Desktop/h&m/.venv/lib/python3.9/site-packages/airflow/example_dags/plugins/event_listener.py
[2025-12-04T23:56:01.031+0600] {processor.py:841} WARNING - No viable dags retrieved from /Users/asminsadykova/Desktop/h&m/.venv/lib/python3.9/site-packages/airflow/example_dags/plugins/event_listener.py
[2025-12-04T23:56:01.088+0600] {processor.py:179} INFO - Processing /Users/asminsadykova/Desktop/h&m/.venv/lib/python3.9/site-packages/airflow/example_dags/plugins/event_listener.py took 0.061 seconds
[2025-12-04T23:56:46.517+0600] {processor.py:157} INFO - Started process (PID=42302) to work on /Users/asminsadykova/Desktop/h&m/.venv/lib/python3.9/site-packages/airflow/example_dags/plugins/event_listener.py
[2025-12-04T23:56:46.519+0600] {processor.py:829} INFO - Processing file /Users/asminsadykova/Desktop/h&m/.venv/lib/python3.9/site-packages/airflow/example_dags/plugins/event_listener.py for tasks to queue
[2025-12-04T23:56:46.520+0600] {logging_mixin.py:154} INFO - [2025-12-04T23:56:46.520+0600] {dagbag.py:536} INFO - Filling up the DagBag from /Users/asminsadykova/Desktop/h&m/.venv/lib/python3.9/site-packages/airflow/example_dags/plugins/event_listener.py
[2025-12-04T23:56:46.520+0600] {processor.py:841} WARNING - No viable dags retrieved from /Users/asminsadykova/Desktop/h&m/.venv/lib/python3.9/site-packages/airflow/example_dags/plugins/event_listener.py
[2025-12-04T23:56:46.578+0600] {processor.py:179} INFO - Processing /Users/asminsadykova/Desktop/h&m/.venv/lib/python3.9/site-packages/airflow/example_dags/plugins/event_listener.py took 0.062 seconds
[2025-12-04T23:57:32.436+0600] {processor.py:157} INFO - Started process (PID=42338) to work on /Users/asminsadykova/Desktop/h&m/.venv/lib/python3.9/site-packages/airflow/example_dags/plugins/event_listener.py
[2025-12-04T23:57:32.438+0600] {processor.py:829} INFO - Processing file /Users/asminsadykova/Desktop/h&m/.venv/lib/python3.9/site-packages/airflow/example_dags/plugins/event_listener.py for tasks to queue
[2025-12-04T23:57:32.438+0600] {logging_mixin.py:154} INFO - [2025-12-04T23:57:32.438+0600] {dagbag.py:536} INFO - Filling up the DagBag from /Users/asminsadykova/Desktop/h&m/.venv/lib/python3.9/site-packages/airflow/example_dags/plugins/event_listener.py
[2025-12-04T23:57:32.439+0600] {processor.py:841} WARNING - No viable dags retrieved from /Users/asminsadykova/Desktop/h&m/.venv/lib/python3.9/site-packages/airflow/example_dags/plugins/event_listener.py
[2025-12-04T23:57:32.500+0600] {processor.py:179} INFO - Processing /Users/asminsadykova/Desktop/h&m/.venv/lib/python3.9/site-packages/airflow/example_dags/plugins/event_listener.py took 0.065 seconds
[2025-12-04T23:58:14.722+0600] {processor.py:157} INFO - Started process (PID=42386) to work on /Users/asminsadykova/Desktop/h&m/.venv/lib/python3.9/site-packages/airflow/example_dags/plugins/event_listener.py
[2025-12-04T23:58:14.723+0600] {processor.py:829} INFO - Processing file /Users/asminsadykova/Desktop/h&m/.venv/lib/python3.9/site-packages/airflow/example_dags/plugins/event_listener.py for tasks to queue
[2025-12-04T23:58:14.724+0600] {logging_mixin.py:154} INFO - [2025-12-04T23:58:14.724+0600] {dagbag.py:536} INFO - Filling up the DagBag from /Users/asminsadykova/Desktop/h&m/.venv/lib/python3.9/site-packages/airflow/example_dags/plugins/event_listener.py
[2025-12-04T23:58:14.724+0600] {processor.py:841} WARNING - No viable dags retrieved from /Users/asminsadykova/Desktop/h&m/.venv/lib/python3.9/site-packages/airflow/example_dags/plugins/event_listener.py
[2025-12-04T23:58:14.783+0600] {processor.py:179} INFO - Processing /Users/asminsadykova/Desktop/h&m/.venv/lib/python3.9/site-packages/airflow/example_dags/plugins/event_listener.py took 0.063 seconds
[2025-12-04T23:58:57.867+0600] {processor.py:157} INFO - Started process (PID=42422) to work on /Users/asminsadykova/Desktop/h&m/.venv/lib/python3.9/site-packages/airflow/example_dags/plugins/event_listener.py
[2025-12-04T23:58:57.869+0600] {processor.py:829} INFO - Processing file /Users/asminsadykova/Desktop/h&m/.venv/lib/python3.9/site-packages/airflow/example_dags/plugins/event_listener.py for tasks to queue
[2025-12-04T23:58:57.869+0600] {logging_mixin.py:154} INFO - [2025-12-04T23:58:57.869+0600] {dagbag.py:536} INFO - Filling up the DagBag from /Users/asminsadykova/Desktop/h&m/.venv/lib/python3.9/site-packages/airflow/example_dags/plugins/event_listener.py
[2025-12-04T23:58:57.869+0600] {processor.py:841} WARNING - No viable dags retrieved from /Users/asminsadykova/Desktop/h&m/.venv/lib/python3.9/site-packages/airflow/example_dags/plugins/event_listener.py
[2025-12-04T23:58:57.926+0600] {processor.py:179} INFO - Processing /Users/asminsadykova/Desktop/h&m/.venv/lib/python3.9/site-packages/airflow/example_dags/plugins/event_listener.py took 0.060 seconds
[2025-12-04T23:59:43.638+0600] {processor.py:157} INFO - Started process (PID=42637) to work on /Users/asminsadykova/Desktop/h&m/.venv/lib/python3.9/site-packages/airflow/example_dags/plugins/event_listener.py
[2025-12-04T23:59:43.640+0600] {processor.py:829} INFO - Processing file /Users/asminsadykova/Desktop/h&m/.venv/lib/python3.9/site-packages/airflow/example_dags/plugins/event_listener.py for tasks to queue
[2025-12-04T23:59:43.640+0600] {logging_mixin.py:154} INFO - [2025-12-04T23:59:43.640+0600] {dagbag.py:536} INFO - Filling up the DagBag from /Users/asminsadykova/Desktop/h&m/.venv/lib/python3.9/site-packages/airflow/example_dags/plugins/event_listener.py
[2025-12-04T23:59:43.641+0600] {processor.py:841} WARNING - No viable dags retrieved from /Users/asminsadykova/Desktop/h&m/.venv/lib/python3.9/site-packages/airflow/example_dags/plugins/event_listener.py
[2025-12-04T23:59:43.698+0600] {processor.py:179} INFO - Processing /Users/asminsadykova/Desktop/h&m/.venv/lib/python3.9/site-packages/airflow/example_dags/plugins/event_listener.py took 0.060 seconds
[2025-12-05T00:00:30.411+0600] {processor.py:157} INFO - Started process (PID=42674) to work on /Users/asminsadykova/Desktop/h&m/.venv/lib/python3.9/site-packages/airflow/example_dags/plugins/event_listener.py
[2025-12-05T00:00:30.413+0600] {processor.py:829} INFO - Processing file /Users/asminsadykova/Desktop/h&m/.venv/lib/python3.9/site-packages/airflow/example_dags/plugins/event_listener.py for tasks to queue
[2025-12-05T00:00:30.413+0600] {logging_mixin.py:154} INFO - [2025-12-05T00:00:30.413+0600] {dagbag.py:536} INFO - Filling up the DagBag from /Users/asminsadykova/Desktop/h&m/.venv/lib/python3.9/site-packages/airflow/example_dags/plugins/event_listener.py
[2025-12-05T00:00:30.414+0600] {processor.py:841} WARNING - No viable dags retrieved from /Users/asminsadykova/Desktop/h&m/.venv/lib/python3.9/site-packages/airflow/example_dags/plugins/event_listener.py
[2025-12-05T00:00:30.470+0600] {processor.py:179} INFO - Processing /Users/asminsadykova/Desktop/h&m/.venv/lib/python3.9/site-packages/airflow/example_dags/plugins/event_listener.py took 0.059 seconds
[2025-12-05T00:01:18.944+0600] {processor.py:157} INFO - Started process (PID=42849) to work on /Users/asminsadykova/Desktop/h&m/.venv/lib/python3.9/site-packages/airflow/example_dags/plugins/event_listener.py
[2025-12-05T00:01:18.945+0600] {processor.py:829} INFO - Processing file /Users/asminsadykova/Desktop/h&m/.venv/lib/python3.9/site-packages/airflow/example_dags/plugins/event_listener.py for tasks to queue
[2025-12-05T00:01:18.946+0600] {logging_mixin.py:154} INFO - [2025-12-05T00:01:18.946+0600] {dagbag.py:536} INFO - Filling up the DagBag from /Users/asminsadykova/Desktop/h&m/.venv/lib/python3.9/site-packages/airflow/example_dags/plugins/event_listener.py
[2025-12-05T00:01:18.946+0600] {processor.py:841} WARNING - No viable dags retrieved from /Users/asminsadykova/Desktop/h&m/.venv/lib/python3.9/site-packages/airflow/example_dags/plugins/event_listener.py
[2025-12-05T00:01:19.004+0600] {processor.py:179} INFO - Processing /Users/asminsadykova/Desktop/h&m/.venv/lib/python3.9/site-packages/airflow/example_dags/plugins/event_listener.py took 0.061 seconds
[2025-12-05T00:02:05.607+0600] {processor.py:157} INFO - Started process (PID=42904) to work on /Users/asminsadykova/Desktop/h&m/.venv/lib/python3.9/site-packages/airflow/example_dags/plugins/event_listener.py
[2025-12-05T00:02:05.610+0600] {processor.py:829} INFO - Processing file /Users/asminsadykova/Desktop/h&m/.venv/lib/python3.9/site-packages/airflow/example_dags/plugins/event_listener.py for tasks to queue
[2025-12-05T00:02:05.610+0600] {logging_mixin.py:154} INFO - [2025-12-05T00:02:05.610+0600] {dagbag.py:536} INFO - Filling up the DagBag from /Users/asminsadykova/Desktop/h&m/.venv/lib/python3.9/site-packages/airflow/example_dags/plugins/event_listener.py
[2025-12-05T00:02:05.611+0600] {processor.py:841} WARNING - No viable dags retrieved from /Users/asminsadykova/Desktop/h&m/.venv/lib/python3.9/site-packages/airflow/example_dags/plugins/event_listener.py
[2025-12-05T00:02:05.668+0600] {processor.py:179} INFO - Processing /Users/asminsadykova/Desktop/h&m/.venv/lib/python3.9/site-packages/airflow/example_dags/plugins/event_listener.py took 0.062 seconds
[2025-12-05T00:02:51.055+0600] {processor.py:157} INFO - Started process (PID=42942) to work on /Users/asminsadykova/Desktop/h&m/.venv/lib/python3.9/site-packages/airflow/example_dags/plugins/event_listener.py
[2025-12-05T00:02:51.058+0600] {processor.py:829} INFO - Processing file /Users/asminsadykova/Desktop/h&m/.venv/lib/python3.9/site-packages/airflow/example_dags/plugins/event_listener.py for tasks to queue
[2025-12-05T00:02:51.058+0600] {logging_mixin.py:154} INFO - [2025-12-05T00:02:51.058+0600] {dagbag.py:536} INFO - Filling up the DagBag from /Users/asminsadykova/Desktop/h&m/.venv/lib/python3.9/site-packages/airflow/example_dags/plugins/event_listener.py
[2025-12-05T00:02:51.059+0600] {processor.py:841} WARNING - No viable dags retrieved from /Users/asminsadykova/Desktop/h&m/.venv/lib/python3.9/site-packages/airflow/example_dags/plugins/event_listener.py
[2025-12-05T00:02:51.114+0600] {processor.py:179} INFO - Processing /Users/asminsadykova/Desktop/h&m/.venv/lib/python3.9/site-packages/airflow/example_dags/plugins/event_listener.py took 0.059 seconds
[2025-12-05T00:03:38.512+0600] {processor.py:157} INFO - Started process (PID=42977) to work on /Users/asminsadykova/Desktop/h&m/.venv/lib/python3.9/site-packages/airflow/example_dags/plugins/event_listener.py
[2025-12-05T00:03:38.516+0600] {processor.py:829} INFO - Processing file /Users/asminsadykova/Desktop/h&m/.venv/lib/python3.9/site-packages/airflow/example_dags/plugins/event_listener.py for tasks to queue
[2025-12-05T00:03:38.516+0600] {logging_mixin.py:154} INFO - [2025-12-05T00:03:38.516+0600] {dagbag.py:536} INFO - Filling up the DagBag from /Users/asminsadykova/Desktop/h&m/.venv/lib/python3.9/site-packages/airflow/example_dags/plugins/event_listener.py
[2025-12-05T00:03:38.517+0600] {processor.py:841} WARNING - No viable dags retrieved from /Users/asminsadykova/Desktop/h&m/.venv/lib/python3.9/site-packages/airflow/example_dags/plugins/event_listener.py
[2025-12-05T00:03:38.587+0600] {processor.py:179} INFO - Processing /Users/asminsadykova/Desktop/h&m/.venv/lib/python3.9/site-packages/airflow/example_dags/plugins/event_listener.py took 0.076 seconds
[2025-12-05T00:04:24.181+0600] {processor.py:157} INFO - Started process (PID=43127) to work on /Users/asminsadykova/Desktop/h&m/.venv/lib/python3.9/site-packages/airflow/example_dags/plugins/event_listener.py
[2025-12-05T00:04:24.182+0600] {processor.py:829} INFO - Processing file /Users/asminsadykova/Desktop/h&m/.venv/lib/python3.9/site-packages/airflow/example_dags/plugins/event_listener.py for tasks to queue
[2025-12-05T00:04:24.183+0600] {logging_mixin.py:154} INFO - [2025-12-05T00:04:24.183+0600] {dagbag.py:536} INFO - Filling up the DagBag from /Users/asminsadykova/Desktop/h&m/.venv/lib/python3.9/site-packages/airflow/example_dags/plugins/event_listener.py
[2025-12-05T00:04:24.183+0600] {processor.py:841} WARNING - No viable dags retrieved from /Users/asminsadykova/Desktop/h&m/.venv/lib/python3.9/site-packages/airflow/example_dags/plugins/event_listener.py
[2025-12-05T00:04:24.243+0600] {processor.py:179} INFO - Processing /Users/asminsadykova/Desktop/h&m/.venv/lib/python3.9/site-packages/airflow/example_dags/plugins/event_listener.py took 0.062 seconds
[2025-12-05T00:05:11.945+0600] {processor.py:157} INFO - Started process (PID=43233) to work on /Users/asminsadykova/Desktop/h&m/.venv/lib/python3.9/site-packages/airflow/example_dags/plugins/event_listener.py
[2025-12-05T00:05:11.947+0600] {processor.py:829} INFO - Processing file /Users/asminsadykova/Desktop/h&m/.venv/lib/python3.9/site-packages/airflow/example_dags/plugins/event_listener.py for tasks to queue
[2025-12-05T00:05:11.948+0600] {logging_mixin.py:154} INFO - [2025-12-05T00:05:11.947+0600] {dagbag.py:536} INFO - Filling up the DagBag from /Users/asminsadykova/Desktop/h&m/.venv/lib/python3.9/site-packages/airflow/example_dags/plugins/event_listener.py
[2025-12-05T00:05:11.948+0600] {processor.py:841} WARNING - No viable dags retrieved from /Users/asminsadykova/Desktop/h&m/.venv/lib/python3.9/site-packages/airflow/example_dags/plugins/event_listener.py
[2025-12-05T00:05:12.003+0600] {processor.py:179} INFO - Processing /Users/asminsadykova/Desktop/h&m/.venv/lib/python3.9/site-packages/airflow/example_dags/plugins/event_listener.py took 0.058 seconds
[2025-12-05T00:05:59.104+0600] {processor.py:157} INFO - Started process (PID=43312) to work on /Users/asminsadykova/Desktop/h&m/.venv/lib/python3.9/site-packages/airflow/example_dags/plugins/event_listener.py
[2025-12-05T00:05:59.107+0600] {processor.py:829} INFO - Processing file /Users/asminsadykova/Desktop/h&m/.venv/lib/python3.9/site-packages/airflow/example_dags/plugins/event_listener.py for tasks to queue
[2025-12-05T00:05:59.107+0600] {logging_mixin.py:154} INFO - [2025-12-05T00:05:59.107+0600] {dagbag.py:536} INFO - Filling up the DagBag from /Users/asminsadykova/Desktop/h&m/.venv/lib/python3.9/site-packages/airflow/example_dags/plugins/event_listener.py
[2025-12-05T00:05:59.108+0600] {processor.py:841} WARNING - No viable dags retrieved from /Users/asminsadykova/Desktop/h&m/.venv/lib/python3.9/site-packages/airflow/example_dags/plugins/event_listener.py
[2025-12-05T00:05:59.163+0600] {processor.py:179} INFO - Processing /Users/asminsadykova/Desktop/h&m/.venv/lib/python3.9/site-packages/airflow/example_dags/plugins/event_listener.py took 0.060 seconds
[2025-12-05T00:06:42.241+0600] {processor.py:157} INFO - Started process (PID=43394) to work on /Users/asminsadykova/Desktop/h&m/.venv/lib/python3.9/site-packages/airflow/example_dags/plugins/event_listener.py
[2025-12-05T00:06:42.243+0600] {processor.py:829} INFO - Processing file /Users/asminsadykova/Desktop/h&m/.venv/lib/python3.9/site-packages/airflow/example_dags/plugins/event_listener.py for tasks to queue
[2025-12-05T00:06:42.243+0600] {logging_mixin.py:154} INFO - [2025-12-05T00:06:42.243+0600] {dagbag.py:536} INFO - Filling up the DagBag from /Users/asminsadykova/Desktop/h&m/.venv/lib/python3.9/site-packages/airflow/example_dags/plugins/event_listener.py
[2025-12-05T00:06:42.244+0600] {processor.py:841} WARNING - No viable dags retrieved from /Users/asminsadykova/Desktop/h&m/.venv/lib/python3.9/site-packages/airflow/example_dags/plugins/event_listener.py
[2025-12-05T00:06:42.298+0600] {processor.py:179} INFO - Processing /Users/asminsadykova/Desktop/h&m/.venv/lib/python3.9/site-packages/airflow/example_dags/plugins/event_listener.py took 0.057 seconds
[2025-12-05T00:07:25.542+0600] {processor.py:157} INFO - Started process (PID=43460) to work on /Users/asminsadykova/Desktop/h&m/.venv/lib/python3.9/site-packages/airflow/example_dags/plugins/event_listener.py
[2025-12-05T00:07:25.544+0600] {processor.py:829} INFO - Processing file /Users/asminsadykova/Desktop/h&m/.venv/lib/python3.9/site-packages/airflow/example_dags/plugins/event_listener.py for tasks to queue
[2025-12-05T00:07:25.544+0600] {logging_mixin.py:154} INFO - [2025-12-05T00:07:25.544+0600] {dagbag.py:536} INFO - Filling up the DagBag from /Users/asminsadykova/Desktop/h&m/.venv/lib/python3.9/site-packages/airflow/example_dags/plugins/event_listener.py
[2025-12-05T00:07:25.545+0600] {processor.py:841} WARNING - No viable dags retrieved from /Users/asminsadykova/Desktop/h&m/.venv/lib/python3.9/site-packages/airflow/example_dags/plugins/event_listener.py
[2025-12-05T00:07:25.601+0600] {processor.py:179} INFO - Processing /Users/asminsadykova/Desktop/h&m/.venv/lib/python3.9/site-packages/airflow/example_dags/plugins/event_listener.py took 0.060 seconds
[2025-12-05T00:08:08.723+0600] {processor.py:157} INFO - Started process (PID=43531) to work on /Users/asminsadykova/Desktop/h&m/.venv/lib/python3.9/site-packages/airflow/example_dags/plugins/event_listener.py
[2025-12-05T00:08:08.725+0600] {processor.py:829} INFO - Processing file /Users/asminsadykova/Desktop/h&m/.venv/lib/python3.9/site-packages/airflow/example_dags/plugins/event_listener.py for tasks to queue
[2025-12-05T00:08:08.725+0600] {logging_mixin.py:154} INFO - [2025-12-05T00:08:08.725+0600] {dagbag.py:536} INFO - Filling up the DagBag from /Users/asminsadykova/Desktop/h&m/.venv/lib/python3.9/site-packages/airflow/example_dags/plugins/event_listener.py
[2025-12-05T00:08:08.725+0600] {processor.py:841} WARNING - No viable dags retrieved from /Users/asminsadykova/Desktop/h&m/.venv/lib/python3.9/site-packages/airflow/example_dags/plugins/event_listener.py
[2025-12-05T00:08:08.783+0600] {processor.py:179} INFO - Processing /Users/asminsadykova/Desktop/h&m/.venv/lib/python3.9/site-packages/airflow/example_dags/plugins/event_listener.py took 0.060 seconds
[2025-12-05T00:08:53.360+0600] {processor.py:157} INFO - Started process (PID=43618) to work on /Users/asminsadykova/Desktop/h&m/.venv/lib/python3.9/site-packages/airflow/example_dags/plugins/event_listener.py
[2025-12-05T00:08:53.362+0600] {processor.py:829} INFO - Processing file /Users/asminsadykova/Desktop/h&m/.venv/lib/python3.9/site-packages/airflow/example_dags/plugins/event_listener.py for tasks to queue
[2025-12-05T00:08:53.362+0600] {logging_mixin.py:154} INFO - [2025-12-05T00:08:53.362+0600] {dagbag.py:536} INFO - Filling up the DagBag from /Users/asminsadykova/Desktop/h&m/.venv/lib/python3.9/site-packages/airflow/example_dags/plugins/event_listener.py
[2025-12-05T00:08:53.362+0600] {processor.py:841} WARNING - No viable dags retrieved from /Users/asminsadykova/Desktop/h&m/.venv/lib/python3.9/site-packages/airflow/example_dags/plugins/event_listener.py
[2025-12-05T00:08:53.418+0600] {processor.py:179} INFO - Processing /Users/asminsadykova/Desktop/h&m/.venv/lib/python3.9/site-packages/airflow/example_dags/plugins/event_listener.py took 0.059 seconds
[2025-12-05T00:09:40.794+0600] {processor.py:157} INFO - Started process (PID=43699) to work on /Users/asminsadykova/Desktop/h&m/.venv/lib/python3.9/site-packages/airflow/example_dags/plugins/event_listener.py
[2025-12-05T00:09:40.796+0600] {processor.py:829} INFO - Processing file /Users/asminsadykova/Desktop/h&m/.venv/lib/python3.9/site-packages/airflow/example_dags/plugins/event_listener.py for tasks to queue
[2025-12-05T00:09:40.796+0600] {logging_mixin.py:154} INFO - [2025-12-05T00:09:40.796+0600] {dagbag.py:536} INFO - Filling up the DagBag from /Users/asminsadykova/Desktop/h&m/.venv/lib/python3.9/site-packages/airflow/example_dags/plugins/event_listener.py
[2025-12-05T00:09:40.797+0600] {processor.py:841} WARNING - No viable dags retrieved from /Users/asminsadykova/Desktop/h&m/.venv/lib/python3.9/site-packages/airflow/example_dags/plugins/event_listener.py
[2025-12-05T00:09:40.867+0600] {processor.py:179} INFO - Processing /Users/asminsadykova/Desktop/h&m/.venv/lib/python3.9/site-packages/airflow/example_dags/plugins/event_listener.py took 0.073 seconds
[2025-12-05T00:10:29.231+0600] {processor.py:157} INFO - Started process (PID=43782) to work on /Users/asminsadykova/Desktop/h&m/.venv/lib/python3.9/site-packages/airflow/example_dags/plugins/event_listener.py
[2025-12-05T00:10:29.232+0600] {processor.py:829} INFO - Processing file /Users/asminsadykova/Desktop/h&m/.venv/lib/python3.9/site-packages/airflow/example_dags/plugins/event_listener.py for tasks to queue
[2025-12-05T00:10:29.232+0600] {logging_mixin.py:154} INFO - [2025-12-05T00:10:29.232+0600] {dagbag.py:536} INFO - Filling up the DagBag from /Users/asminsadykova/Desktop/h&m/.venv/lib/python3.9/site-packages/airflow/example_dags/plugins/event_listener.py
[2025-12-05T00:10:29.233+0600] {processor.py:841} WARNING - No viable dags retrieved from /Users/asminsadykova/Desktop/h&m/.venv/lib/python3.9/site-packages/airflow/example_dags/plugins/event_listener.py
[2025-12-05T00:10:29.289+0600] {processor.py:179} INFO - Processing /Users/asminsadykova/Desktop/h&m/.venv/lib/python3.9/site-packages/airflow/example_dags/plugins/event_listener.py took 0.060 seconds
[2025-12-05T00:11:16.734+0600] {processor.py:157} INFO - Started process (PID=43847) to work on /Users/asminsadykova/Desktop/h&m/.venv/lib/python3.9/site-packages/airflow/example_dags/plugins/event_listener.py
[2025-12-05T00:11:16.736+0600] {processor.py:829} INFO - Processing file /Users/asminsadykova/Desktop/h&m/.venv/lib/python3.9/site-packages/airflow/example_dags/plugins/event_listener.py for tasks to queue
[2025-12-05T00:11:16.736+0600] {logging_mixin.py:154} INFO - [2025-12-05T00:11:16.736+0600] {dagbag.py:536} INFO - Filling up the DagBag from /Users/asminsadykova/Desktop/h&m/.venv/lib/python3.9/site-packages/airflow/example_dags/plugins/event_listener.py
[2025-12-05T00:11:16.737+0600] {processor.py:841} WARNING - No viable dags retrieved from /Users/asminsadykova/Desktop/h&m/.venv/lib/python3.9/site-packages/airflow/example_dags/plugins/event_listener.py
[2025-12-05T00:11:16.795+0600] {processor.py:179} INFO - Processing /Users/asminsadykova/Desktop/h&m/.venv/lib/python3.9/site-packages/airflow/example_dags/plugins/event_listener.py took 0.062 seconds
[2025-12-05T00:12:02.717+0600] {processor.py:157} INFO - Started process (PID=43944) to work on /Users/asminsadykova/Desktop/h&m/.venv/lib/python3.9/site-packages/airflow/example_dags/plugins/event_listener.py
[2025-12-05T00:12:02.722+0600] {processor.py:829} INFO - Processing file /Users/asminsadykova/Desktop/h&m/.venv/lib/python3.9/site-packages/airflow/example_dags/plugins/event_listener.py for tasks to queue
[2025-12-05T00:12:02.722+0600] {logging_mixin.py:154} INFO - [2025-12-05T00:12:02.722+0600] {dagbag.py:536} INFO - Filling up the DagBag from /Users/asminsadykova/Desktop/h&m/.venv/lib/python3.9/site-packages/airflow/example_dags/plugins/event_listener.py
[2025-12-05T00:12:02.722+0600] {processor.py:841} WARNING - No viable dags retrieved from /Users/asminsadykova/Desktop/h&m/.venv/lib/python3.9/site-packages/airflow/example_dags/plugins/event_listener.py
[2025-12-05T00:12:02.786+0600] {processor.py:179} INFO - Processing /Users/asminsadykova/Desktop/h&m/.venv/lib/python3.9/site-packages/airflow/example_dags/plugins/event_listener.py took 0.070 seconds
[2025-12-05T00:12:48.384+0600] {processor.py:157} INFO - Started process (PID=44035) to work on /Users/asminsadykova/Desktop/h&m/.venv/lib/python3.9/site-packages/airflow/example_dags/plugins/event_listener.py
[2025-12-05T00:12:48.387+0600] {processor.py:829} INFO - Processing file /Users/asminsadykova/Desktop/h&m/.venv/lib/python3.9/site-packages/airflow/example_dags/plugins/event_listener.py for tasks to queue
[2025-12-05T00:12:48.387+0600] {logging_mixin.py:154} INFO - [2025-12-05T00:12:48.387+0600] {dagbag.py:536} INFO - Filling up the DagBag from /Users/asminsadykova/Desktop/h&m/.venv/lib/python3.9/site-packages/airflow/example_dags/plugins/event_listener.py
[2025-12-05T00:12:48.388+0600] {processor.py:841} WARNING - No viable dags retrieved from /Users/asminsadykova/Desktop/h&m/.venv/lib/python3.9/site-packages/airflow/example_dags/plugins/event_listener.py
[2025-12-05T00:12:48.455+0600] {processor.py:179} INFO - Processing /Users/asminsadykova/Desktop/h&m/.venv/lib/python3.9/site-packages/airflow/example_dags/plugins/event_listener.py took 0.072 seconds
