[2025-12-04T23:17:27.507+0600] {processor.py:157} INFO - Started process (PID=38905) to work on /Users/asminsadykova/Desktop/h&m/.venv/lib/python3.9/site-packages/airflow/example_dags/plugins/listener_plugin.py
[2025-12-04T23:17:27.507+0600] {processor.py:829} INFO - Processing file /Users/asminsadykova/Desktop/h&m/.venv/lib/python3.9/site-packages/airflow/example_dags/plugins/listener_plugin.py for tasks to queue
[2025-12-04T23:17:27.507+0600] {logging_mixin.py:154} INFO - [2025-12-04T23:17:27.507+0600] {dagbag.py:536} INFO - Filling up the DagBag from /Users/asminsadykova/Desktop/h&m/.venv/lib/python3.9/site-packages/airflow/example_dags/plugins/listener_plugin.py
[2025-12-04T23:17:27.509+0600] {processor.py:841} WARNING - No viable dags retrieved from /Users/asminsadykova/Desktop/h&m/.venv/lib/python3.9/site-packages/airflow/example_dags/plugins/listener_plugin.py
[2025-12-04T23:17:27.563+0600] {processor.py:179} INFO - Processing /Users/asminsadykova/Desktop/h&m/.venv/lib/python3.9/site-packages/airflow/example_dags/plugins/listener_plugin.py took 0.056 seconds
[2025-12-04T23:18:46.950+0600] {processor.py:157} INFO - Started process (PID=38995) to work on /Users/asminsadykova/Desktop/h&m/.venv/lib/python3.9/site-packages/airflow/example_dags/plugins/listener_plugin.py
[2025-12-04T23:18:46.951+0600] {processor.py:829} INFO - Processing file /Users/asminsadykova/Desktop/h&m/.venv/lib/python3.9/site-packages/airflow/example_dags/plugins/listener_plugin.py for tasks to queue
[2025-12-04T23:18:46.951+0600] {logging_mixin.py:154} INFO - [2025-12-04T23:18:46.951+0600] {dagbag.py:536} INFO - Filling up the DagBag from /Users/asminsadykova/Desktop/h&m/.venv/lib/python3.9/site-packages/airflow/example_dags/plugins/listener_plugin.py
[2025-12-04T23:18:46.953+0600] {processor.py:841} WARNING - No viable dags retrieved from /Users/asminsadykova/Desktop/h&m/.venv/lib/python3.9/site-packages/airflow/example_dags/plugins/listener_plugin.py
[2025-12-04T23:18:47.008+0600] {processor.py:179} INFO - Processing /Users/asminsadykova/Desktop/h&m/.venv/lib/python3.9/site-packages/airflow/example_dags/plugins/listener_plugin.py took 0.059 seconds
[2025-12-04T23:19:32.190+0600] {processor.py:157} INFO - Started process (PID=39052) to work on /Users/asminsadykova/Desktop/h&m/.venv/lib/python3.9/site-packages/airflow/example_dags/plugins/listener_plugin.py
[2025-12-04T23:19:32.191+0600] {processor.py:829} INFO - Processing file /Users/asminsadykova/Desktop/h&m/.venv/lib/python3.9/site-packages/airflow/example_dags/plugins/listener_plugin.py for tasks to queue
[2025-12-04T23:19:32.191+0600] {logging_mixin.py:154} INFO - [2025-12-04T23:19:32.191+0600] {dagbag.py:536} INFO - Filling up the DagBag from /Users/asminsadykova/Desktop/h&m/.venv/lib/python3.9/site-packages/airflow/example_dags/plugins/listener_plugin.py
[2025-12-04T23:19:32.193+0600] {processor.py:841} WARNING - No viable dags retrieved from /Users/asminsadykova/Desktop/h&m/.venv/lib/python3.9/site-packages/airflow/example_dags/plugins/listener_plugin.py
[2025-12-04T23:19:32.259+0600] {processor.py:179} INFO - Processing /Users/asminsadykova/Desktop/h&m/.venv/lib/python3.9/site-packages/airflow/example_dags/plugins/listener_plugin.py took 0.069 seconds
[2025-12-04T23:20:15.662+0600] {processor.py:157} INFO - Started process (PID=39102) to work on /Users/asminsadykova/Desktop/h&m/.venv/lib/python3.9/site-packages/airflow/example_dags/plugins/listener_plugin.py
[2025-12-04T23:20:15.662+0600] {processor.py:829} INFO - Processing file /Users/asminsadykova/Desktop/h&m/.venv/lib/python3.9/site-packages/airflow/example_dags/plugins/listener_plugin.py for tasks to queue
[2025-12-04T23:20:15.663+0600] {logging_mixin.py:154} INFO - [2025-12-04T23:20:15.663+0600] {dagbag.py:536} INFO - Filling up the DagBag from /Users/asminsadykova/Desktop/h&m/.venv/lib/python3.9/site-packages/airflow/example_dags/plugins/listener_plugin.py
[2025-12-04T23:20:15.665+0600] {processor.py:841} WARNING - No viable dags retrieved from /Users/asminsadykova/Desktop/h&m/.venv/lib/python3.9/site-packages/airflow/example_dags/plugins/listener_plugin.py
[2025-12-04T23:20:15.718+0600] {processor.py:179} INFO - Processing /Users/asminsadykova/Desktop/h&m/.venv/lib/python3.9/site-packages/airflow/example_dags/plugins/listener_plugin.py took 0.057 seconds
[2025-12-04T23:20:57.622+0600] {processor.py:157} INFO - Started process (PID=39145) to work on /Users/asminsadykova/Desktop/h&m/.venv/lib/python3.9/site-packages/airflow/example_dags/plugins/listener_plugin.py
[2025-12-04T23:20:57.623+0600] {processor.py:829} INFO - Processing file /Users/asminsadykova/Desktop/h&m/.venv/lib/python3.9/site-packages/airflow/example_dags/plugins/listener_plugin.py for tasks to queue
[2025-12-04T23:20:57.623+0600] {logging_mixin.py:154} INFO - [2025-12-04T23:20:57.623+0600] {dagbag.py:536} INFO - Filling up the DagBag from /Users/asminsadykova/Desktop/h&m/.venv/lib/python3.9/site-packages/airflow/example_dags/plugins/listener_plugin.py
[2025-12-04T23:20:57.625+0600] {processor.py:841} WARNING - No viable dags retrieved from /Users/asminsadykova/Desktop/h&m/.venv/lib/python3.9/site-packages/airflow/example_dags/plugins/listener_plugin.py
[2025-12-04T23:20:57.680+0600] {processor.py:179} INFO - Processing /Users/asminsadykova/Desktop/h&m/.venv/lib/python3.9/site-packages/airflow/example_dags/plugins/listener_plugin.py took 0.058 seconds
[2025-12-04T23:21:41.921+0600] {processor.py:157} INFO - Started process (PID=39208) to work on /Users/asminsadykova/Desktop/h&m/.venv/lib/python3.9/site-packages/airflow/example_dags/plugins/listener_plugin.py
[2025-12-04T23:21:41.922+0600] {processor.py:829} INFO - Processing file /Users/asminsadykova/Desktop/h&m/.venv/lib/python3.9/site-packages/airflow/example_dags/plugins/listener_plugin.py for tasks to queue
[2025-12-04T23:21:41.922+0600] {logging_mixin.py:154} INFO - [2025-12-04T23:21:41.922+0600] {dagbag.py:536} INFO - Filling up the DagBag from /Users/asminsadykova/Desktop/h&m/.venv/lib/python3.9/site-packages/airflow/example_dags/plugins/listener_plugin.py
[2025-12-04T23:21:41.924+0600] {processor.py:841} WARNING - No viable dags retrieved from /Users/asminsadykova/Desktop/h&m/.venv/lib/python3.9/site-packages/airflow/example_dags/plugins/listener_plugin.py
[2025-12-04T23:21:41.983+0600] {processor.py:179} INFO - Processing /Users/asminsadykova/Desktop/h&m/.venv/lib/python3.9/site-packages/airflow/example_dags/plugins/listener_plugin.py took 0.062 seconds
[2025-12-04T23:22:23.381+0600] {processor.py:157} INFO - Started process (PID=39249) to work on /Users/asminsadykova/Desktop/h&m/.venv/lib/python3.9/site-packages/airflow/example_dags/plugins/listener_plugin.py
[2025-12-04T23:22:23.382+0600] {processor.py:829} INFO - Processing file /Users/asminsadykova/Desktop/h&m/.venv/lib/python3.9/site-packages/airflow/example_dags/plugins/listener_plugin.py for tasks to queue
[2025-12-04T23:22:23.382+0600] {logging_mixin.py:154} INFO - [2025-12-04T23:22:23.382+0600] {dagbag.py:536} INFO - Filling up the DagBag from /Users/asminsadykova/Desktop/h&m/.venv/lib/python3.9/site-packages/airflow/example_dags/plugins/listener_plugin.py
[2025-12-04T23:22:23.384+0600] {processor.py:841} WARNING - No viable dags retrieved from /Users/asminsadykova/Desktop/h&m/.venv/lib/python3.9/site-packages/airflow/example_dags/plugins/listener_plugin.py
[2025-12-04T23:22:23.438+0600] {processor.py:179} INFO - Processing /Users/asminsadykova/Desktop/h&m/.venv/lib/python3.9/site-packages/airflow/example_dags/plugins/listener_plugin.py took 0.057 seconds
[2025-12-04T23:23:07.615+0600] {processor.py:157} INFO - Started process (PID=39286) to work on /Users/asminsadykova/Desktop/h&m/.venv/lib/python3.9/site-packages/airflow/example_dags/plugins/listener_plugin.py
[2025-12-04T23:23:07.616+0600] {processor.py:829} INFO - Processing file /Users/asminsadykova/Desktop/h&m/.venv/lib/python3.9/site-packages/airflow/example_dags/plugins/listener_plugin.py for tasks to queue
[2025-12-04T23:23:07.616+0600] {logging_mixin.py:154} INFO - [2025-12-04T23:23:07.616+0600] {dagbag.py:536} INFO - Filling up the DagBag from /Users/asminsadykova/Desktop/h&m/.venv/lib/python3.9/site-packages/airflow/example_dags/plugins/listener_plugin.py
[2025-12-04T23:23:07.618+0600] {processor.py:841} WARNING - No viable dags retrieved from /Users/asminsadykova/Desktop/h&m/.venv/lib/python3.9/site-packages/airflow/example_dags/plugins/listener_plugin.py
[2025-12-04T23:23:07.673+0600] {processor.py:179} INFO - Processing /Users/asminsadykova/Desktop/h&m/.venv/lib/python3.9/site-packages/airflow/example_dags/plugins/listener_plugin.py took 0.059 seconds
[2025-12-04T23:23:56.279+0600] {processor.py:157} INFO - Started process (PID=39448) to work on /Users/asminsadykova/Desktop/h&m/.venv/lib/python3.9/site-packages/airflow/example_dags/plugins/listener_plugin.py
[2025-12-04T23:23:56.279+0600] {processor.py:829} INFO - Processing file /Users/asminsadykova/Desktop/h&m/.venv/lib/python3.9/site-packages/airflow/example_dags/plugins/listener_plugin.py for tasks to queue
[2025-12-04T23:23:56.280+0600] {logging_mixin.py:154} INFO - [2025-12-04T23:23:56.279+0600] {dagbag.py:536} INFO - Filling up the DagBag from /Users/asminsadykova/Desktop/h&m/.venv/lib/python3.9/site-packages/airflow/example_dags/plugins/listener_plugin.py
[2025-12-04T23:23:56.281+0600] {processor.py:841} WARNING - No viable dags retrieved from /Users/asminsadykova/Desktop/h&m/.venv/lib/python3.9/site-packages/airflow/example_dags/plugins/listener_plugin.py
[2025-12-04T23:23:56.340+0600] {processor.py:179} INFO - Processing /Users/asminsadykova/Desktop/h&m/.venv/lib/python3.9/site-packages/airflow/example_dags/plugins/listener_plugin.py took 0.061 seconds
[2025-12-04T23:24:44.270+0600] {processor.py:157} INFO - Started process (PID=39487) to work on /Users/asminsadykova/Desktop/h&m/.venv/lib/python3.9/site-packages/airflow/example_dags/plugins/listener_plugin.py
[2025-12-04T23:24:44.271+0600] {processor.py:829} INFO - Processing file /Users/asminsadykova/Desktop/h&m/.venv/lib/python3.9/site-packages/airflow/example_dags/plugins/listener_plugin.py for tasks to queue
[2025-12-04T23:24:44.271+0600] {logging_mixin.py:154} INFO - [2025-12-04T23:24:44.271+0600] {dagbag.py:536} INFO - Filling up the DagBag from /Users/asminsadykova/Desktop/h&m/.venv/lib/python3.9/site-packages/airflow/example_dags/plugins/listener_plugin.py
[2025-12-04T23:24:44.273+0600] {processor.py:841} WARNING - No viable dags retrieved from /Users/asminsadykova/Desktop/h&m/.venv/lib/python3.9/site-packages/airflow/example_dags/plugins/listener_plugin.py
[2025-12-04T23:24:44.326+0600] {processor.py:179} INFO - Processing /Users/asminsadykova/Desktop/h&m/.venv/lib/python3.9/site-packages/airflow/example_dags/plugins/listener_plugin.py took 0.057 seconds
[2025-12-04T23:25:31.274+0600] {processor.py:157} INFO - Started process (PID=39530) to work on /Users/asminsadykova/Desktop/h&m/.venv/lib/python3.9/site-packages/airflow/example_dags/plugins/listener_plugin.py
[2025-12-04T23:25:31.276+0600] {processor.py:829} INFO - Processing file /Users/asminsadykova/Desktop/h&m/.venv/lib/python3.9/site-packages/airflow/example_dags/plugins/listener_plugin.py for tasks to queue
[2025-12-04T23:25:31.277+0600] {logging_mixin.py:154} INFO - [2025-12-04T23:25:31.276+0600] {dagbag.py:536} INFO - Filling up the DagBag from /Users/asminsadykova/Desktop/h&m/.venv/lib/python3.9/site-packages/airflow/example_dags/plugins/listener_plugin.py
[2025-12-04T23:25:31.278+0600] {processor.py:841} WARNING - No viable dags retrieved from /Users/asminsadykova/Desktop/h&m/.venv/lib/python3.9/site-packages/airflow/example_dags/plugins/listener_plugin.py
[2025-12-04T23:25:31.331+0600] {processor.py:179} INFO - Processing /Users/asminsadykova/Desktop/h&m/.venv/lib/python3.9/site-packages/airflow/example_dags/plugins/listener_plugin.py took 0.058 seconds
[2025-12-04T23:26:17.825+0600] {processor.py:157} INFO - Started process (PID=39578) to work on /Users/asminsadykova/Desktop/h&m/.venv/lib/python3.9/site-packages/airflow/example_dags/plugins/listener_plugin.py
[2025-12-04T23:26:17.826+0600] {processor.py:829} INFO - Processing file /Users/asminsadykova/Desktop/h&m/.venv/lib/python3.9/site-packages/airflow/example_dags/plugins/listener_plugin.py for tasks to queue
[2025-12-04T23:26:17.826+0600] {logging_mixin.py:154} INFO - [2025-12-04T23:26:17.826+0600] {dagbag.py:536} INFO - Filling up the DagBag from /Users/asminsadykova/Desktop/h&m/.venv/lib/python3.9/site-packages/airflow/example_dags/plugins/listener_plugin.py
[2025-12-04T23:26:17.828+0600] {processor.py:841} WARNING - No viable dags retrieved from /Users/asminsadykova/Desktop/h&m/.venv/lib/python3.9/site-packages/airflow/example_dags/plugins/listener_plugin.py
[2025-12-04T23:26:17.883+0600] {processor.py:179} INFO - Processing /Users/asminsadykova/Desktop/h&m/.venv/lib/python3.9/site-packages/airflow/example_dags/plugins/listener_plugin.py took 0.058 seconds
[2025-12-04T23:27:08.194+0600] {processor.py:157} INFO - Started process (PID=39625) to work on /Users/asminsadykova/Desktop/h&m/.venv/lib/python3.9/site-packages/airflow/example_dags/plugins/listener_plugin.py
[2025-12-04T23:27:08.195+0600] {processor.py:829} INFO - Processing file /Users/asminsadykova/Desktop/h&m/.venv/lib/python3.9/site-packages/airflow/example_dags/plugins/listener_plugin.py for tasks to queue
[2025-12-04T23:27:08.195+0600] {logging_mixin.py:154} INFO - [2025-12-04T23:27:08.195+0600] {dagbag.py:536} INFO - Filling up the DagBag from /Users/asminsadykova/Desktop/h&m/.venv/lib/python3.9/site-packages/airflow/example_dags/plugins/listener_plugin.py
[2025-12-04T23:27:08.197+0600] {processor.py:841} WARNING - No viable dags retrieved from /Users/asminsadykova/Desktop/h&m/.venv/lib/python3.9/site-packages/airflow/example_dags/plugins/listener_plugin.py
[2025-12-04T23:27:08.251+0600] {processor.py:179} INFO - Processing /Users/asminsadykova/Desktop/h&m/.venv/lib/python3.9/site-packages/airflow/example_dags/plugins/listener_plugin.py took 0.057 seconds
[2025-12-04T23:27:55.898+0600] {processor.py:157} INFO - Started process (PID=39678) to work on /Users/asminsadykova/Desktop/h&m/.venv/lib/python3.9/site-packages/airflow/example_dags/plugins/listener_plugin.py
[2025-12-04T23:27:55.899+0600] {processor.py:829} INFO - Processing file /Users/asminsadykova/Desktop/h&m/.venv/lib/python3.9/site-packages/airflow/example_dags/plugins/listener_plugin.py for tasks to queue
[2025-12-04T23:27:55.899+0600] {logging_mixin.py:154} INFO - [2025-12-04T23:27:55.899+0600] {dagbag.py:536} INFO - Filling up the DagBag from /Users/asminsadykova/Desktop/h&m/.venv/lib/python3.9/site-packages/airflow/example_dags/plugins/listener_plugin.py
[2025-12-04T23:27:55.901+0600] {processor.py:841} WARNING - No viable dags retrieved from /Users/asminsadykova/Desktop/h&m/.venv/lib/python3.9/site-packages/airflow/example_dags/plugins/listener_plugin.py
[2025-12-04T23:27:55.955+0600] {processor.py:179} INFO - Processing /Users/asminsadykova/Desktop/h&m/.venv/lib/python3.9/site-packages/airflow/example_dags/plugins/listener_plugin.py took 0.057 seconds
[2025-12-04T23:28:38.051+0600] {processor.py:157} INFO - Started process (PID=39723) to work on /Users/asminsadykova/Desktop/h&m/.venv/lib/python3.9/site-packages/airflow/example_dags/plugins/listener_plugin.py
[2025-12-04T23:28:38.051+0600] {processor.py:829} INFO - Processing file /Users/asminsadykova/Desktop/h&m/.venv/lib/python3.9/site-packages/airflow/example_dags/plugins/listener_plugin.py for tasks to queue
[2025-12-04T23:28:38.052+0600] {logging_mixin.py:154} INFO - [2025-12-04T23:28:38.052+0600] {dagbag.py:536} INFO - Filling up the DagBag from /Users/asminsadykova/Desktop/h&m/.venv/lib/python3.9/site-packages/airflow/example_dags/plugins/listener_plugin.py
[2025-12-04T23:28:38.055+0600] {processor.py:841} WARNING - No viable dags retrieved from /Users/asminsadykova/Desktop/h&m/.venv/lib/python3.9/site-packages/airflow/example_dags/plugins/listener_plugin.py
[2025-12-04T23:28:38.109+0600] {processor.py:179} INFO - Processing /Users/asminsadykova/Desktop/h&m/.venv/lib/python3.9/site-packages/airflow/example_dags/plugins/listener_plugin.py took 0.058 seconds
[2025-12-04T23:29:20.495+0600] {processor.py:157} INFO - Started process (PID=39760) to work on /Users/asminsadykova/Desktop/h&m/.venv/lib/python3.9/site-packages/airflow/example_dags/plugins/listener_plugin.py
[2025-12-04T23:29:20.496+0600] {processor.py:829} INFO - Processing file /Users/asminsadykova/Desktop/h&m/.venv/lib/python3.9/site-packages/airflow/example_dags/plugins/listener_plugin.py for tasks to queue
[2025-12-04T23:29:20.496+0600] {logging_mixin.py:154} INFO - [2025-12-04T23:29:20.496+0600] {dagbag.py:536} INFO - Filling up the DagBag from /Users/asminsadykova/Desktop/h&m/.venv/lib/python3.9/site-packages/airflow/example_dags/plugins/listener_plugin.py
[2025-12-04T23:29:20.499+0600] {processor.py:841} WARNING - No viable dags retrieved from /Users/asminsadykova/Desktop/h&m/.venv/lib/python3.9/site-packages/airflow/example_dags/plugins/listener_plugin.py
[2025-12-04T23:29:20.554+0600] {processor.py:179} INFO - Processing /Users/asminsadykova/Desktop/h&m/.venv/lib/python3.9/site-packages/airflow/example_dags/plugins/listener_plugin.py took 0.060 seconds
[2025-12-04T23:30:02.768+0600] {processor.py:157} INFO - Started process (PID=39795) to work on /Users/asminsadykova/Desktop/h&m/.venv/lib/python3.9/site-packages/airflow/example_dags/plugins/listener_plugin.py
[2025-12-04T23:30:02.768+0600] {processor.py:829} INFO - Processing file /Users/asminsadykova/Desktop/h&m/.venv/lib/python3.9/site-packages/airflow/example_dags/plugins/listener_plugin.py for tasks to queue
[2025-12-04T23:30:02.769+0600] {logging_mixin.py:154} INFO - [2025-12-04T23:30:02.769+0600] {dagbag.py:536} INFO - Filling up the DagBag from /Users/asminsadykova/Desktop/h&m/.venv/lib/python3.9/site-packages/airflow/example_dags/plugins/listener_plugin.py
[2025-12-04T23:30:02.771+0600] {processor.py:841} WARNING - No viable dags retrieved from /Users/asminsadykova/Desktop/h&m/.venv/lib/python3.9/site-packages/airflow/example_dags/plugins/listener_plugin.py
[2025-12-04T23:30:02.824+0600] {processor.py:179} INFO - Processing /Users/asminsadykova/Desktop/h&m/.venv/lib/python3.9/site-packages/airflow/example_dags/plugins/listener_plugin.py took 0.057 seconds
[2025-12-04T23:30:43.473+0600] {processor.py:157} INFO - Started process (PID=39832) to work on /Users/asminsadykova/Desktop/h&m/.venv/lib/python3.9/site-packages/airflow/example_dags/plugins/listener_plugin.py
[2025-12-04T23:30:43.474+0600] {processor.py:829} INFO - Processing file /Users/asminsadykova/Desktop/h&m/.venv/lib/python3.9/site-packages/airflow/example_dags/plugins/listener_plugin.py for tasks to queue
[2025-12-04T23:30:43.474+0600] {logging_mixin.py:154} INFO - [2025-12-04T23:30:43.474+0600] {dagbag.py:536} INFO - Filling up the DagBag from /Users/asminsadykova/Desktop/h&m/.venv/lib/python3.9/site-packages/airflow/example_dags/plugins/listener_plugin.py
[2025-12-04T23:30:43.476+0600] {processor.py:841} WARNING - No viable dags retrieved from /Users/asminsadykova/Desktop/h&m/.venv/lib/python3.9/site-packages/airflow/example_dags/plugins/listener_plugin.py
[2025-12-04T23:30:43.530+0600] {processor.py:179} INFO - Processing /Users/asminsadykova/Desktop/h&m/.venv/lib/python3.9/site-packages/airflow/example_dags/plugins/listener_plugin.py took 0.057 seconds
[2025-12-04T23:31:23.734+0600] {processor.py:157} INFO - Started process (PID=39862) to work on /Users/asminsadykova/Desktop/h&m/.venv/lib/python3.9/site-packages/airflow/example_dags/plugins/listener_plugin.py
[2025-12-04T23:31:23.735+0600] {processor.py:829} INFO - Processing file /Users/asminsadykova/Desktop/h&m/.venv/lib/python3.9/site-packages/airflow/example_dags/plugins/listener_plugin.py for tasks to queue
[2025-12-04T23:31:23.735+0600] {logging_mixin.py:154} INFO - [2025-12-04T23:31:23.735+0600] {dagbag.py:536} INFO - Filling up the DagBag from /Users/asminsadykova/Desktop/h&m/.venv/lib/python3.9/site-packages/airflow/example_dags/plugins/listener_plugin.py
[2025-12-04T23:31:23.737+0600] {processor.py:841} WARNING - No viable dags retrieved from /Users/asminsadykova/Desktop/h&m/.venv/lib/python3.9/site-packages/airflow/example_dags/plugins/listener_plugin.py
[2025-12-04T23:31:23.791+0600] {processor.py:179} INFO - Processing /Users/asminsadykova/Desktop/h&m/.venv/lib/python3.9/site-packages/airflow/example_dags/plugins/listener_plugin.py took 0.058 seconds
[2025-12-04T23:32:07.689+0600] {processor.py:157} INFO - Started process (PID=39898) to work on /Users/asminsadykova/Desktop/h&m/.venv/lib/python3.9/site-packages/airflow/example_dags/plugins/listener_plugin.py
[2025-12-04T23:32:07.691+0600] {processor.py:829} INFO - Processing file /Users/asminsadykova/Desktop/h&m/.venv/lib/python3.9/site-packages/airflow/example_dags/plugins/listener_plugin.py for tasks to queue
[2025-12-04T23:32:07.691+0600] {logging_mixin.py:154} INFO - [2025-12-04T23:32:07.691+0600] {dagbag.py:536} INFO - Filling up the DagBag from /Users/asminsadykova/Desktop/h&m/.venv/lib/python3.9/site-packages/airflow/example_dags/plugins/listener_plugin.py
[2025-12-04T23:32:07.693+0600] {processor.py:841} WARNING - No viable dags retrieved from /Users/asminsadykova/Desktop/h&m/.venv/lib/python3.9/site-packages/airflow/example_dags/plugins/listener_plugin.py
[2025-12-04T23:32:07.750+0600] {processor.py:179} INFO - Processing /Users/asminsadykova/Desktop/h&m/.venv/lib/python3.9/site-packages/airflow/example_dags/plugins/listener_plugin.py took 0.061 seconds
[2025-12-04T23:32:52.675+0600] {processor.py:157} INFO - Started process (PID=40079) to work on /Users/asminsadykova/Desktop/h&m/.venv/lib/python3.9/site-packages/airflow/example_dags/plugins/listener_plugin.py
[2025-12-04T23:32:52.676+0600] {processor.py:829} INFO - Processing file /Users/asminsadykova/Desktop/h&m/.venv/lib/python3.9/site-packages/airflow/example_dags/plugins/listener_plugin.py for tasks to queue
[2025-12-04T23:32:52.677+0600] {logging_mixin.py:154} INFO - [2025-12-04T23:32:52.677+0600] {dagbag.py:536} INFO - Filling up the DagBag from /Users/asminsadykova/Desktop/h&m/.venv/lib/python3.9/site-packages/airflow/example_dags/plugins/listener_plugin.py
[2025-12-04T23:32:52.678+0600] {processor.py:841} WARNING - No viable dags retrieved from /Users/asminsadykova/Desktop/h&m/.venv/lib/python3.9/site-packages/airflow/example_dags/plugins/listener_plugin.py
[2025-12-04T23:32:52.732+0600] {processor.py:179} INFO - Processing /Users/asminsadykova/Desktop/h&m/.venv/lib/python3.9/site-packages/airflow/example_dags/plugins/listener_plugin.py took 0.057 seconds
[2025-12-04T23:33:33.137+0600] {processor.py:157} INFO - Started process (PID=40125) to work on /Users/asminsadykova/Desktop/h&m/.venv/lib/python3.9/site-packages/airflow/example_dags/plugins/listener_plugin.py
[2025-12-04T23:33:33.138+0600] {processor.py:829} INFO - Processing file /Users/asminsadykova/Desktop/h&m/.venv/lib/python3.9/site-packages/airflow/example_dags/plugins/listener_plugin.py for tasks to queue
[2025-12-04T23:33:33.138+0600] {logging_mixin.py:154} INFO - [2025-12-04T23:33:33.138+0600] {dagbag.py:536} INFO - Filling up the DagBag from /Users/asminsadykova/Desktop/h&m/.venv/lib/python3.9/site-packages/airflow/example_dags/plugins/listener_plugin.py
[2025-12-04T23:33:33.140+0600] {processor.py:841} WARNING - No viable dags retrieved from /Users/asminsadykova/Desktop/h&m/.venv/lib/python3.9/site-packages/airflow/example_dags/plugins/listener_plugin.py
[2025-12-04T23:33:33.194+0600] {processor.py:179} INFO - Processing /Users/asminsadykova/Desktop/h&m/.venv/lib/python3.9/site-packages/airflow/example_dags/plugins/listener_plugin.py took 0.057 seconds
[2025-12-04T23:34:16.176+0600] {processor.py:157} INFO - Started process (PID=40164) to work on /Users/asminsadykova/Desktop/h&m/.venv/lib/python3.9/site-packages/airflow/example_dags/plugins/listener_plugin.py
[2025-12-04T23:34:16.177+0600] {processor.py:829} INFO - Processing file /Users/asminsadykova/Desktop/h&m/.venv/lib/python3.9/site-packages/airflow/example_dags/plugins/listener_plugin.py for tasks to queue
[2025-12-04T23:34:16.177+0600] {logging_mixin.py:154} INFO - [2025-12-04T23:34:16.177+0600] {dagbag.py:536} INFO - Filling up the DagBag from /Users/asminsadykova/Desktop/h&m/.venv/lib/python3.9/site-packages/airflow/example_dags/plugins/listener_plugin.py
[2025-12-04T23:34:16.179+0600] {processor.py:841} WARNING - No viable dags retrieved from /Users/asminsadykova/Desktop/h&m/.venv/lib/python3.9/site-packages/airflow/example_dags/plugins/listener_plugin.py
[2025-12-04T23:34:16.233+0600] {processor.py:179} INFO - Processing /Users/asminsadykova/Desktop/h&m/.venv/lib/python3.9/site-packages/airflow/example_dags/plugins/listener_plugin.py took 0.058 seconds
[2025-12-04T23:35:01.775+0600] {processor.py:157} INFO - Started process (PID=40212) to work on /Users/asminsadykova/Desktop/h&m/.venv/lib/python3.9/site-packages/airflow/example_dags/plugins/listener_plugin.py
[2025-12-04T23:35:01.777+0600] {processor.py:829} INFO - Processing file /Users/asminsadykova/Desktop/h&m/.venv/lib/python3.9/site-packages/airflow/example_dags/plugins/listener_plugin.py for tasks to queue
[2025-12-04T23:35:01.777+0600] {logging_mixin.py:154} INFO - [2025-12-04T23:35:01.777+0600] {dagbag.py:536} INFO - Filling up the DagBag from /Users/asminsadykova/Desktop/h&m/.venv/lib/python3.9/site-packages/airflow/example_dags/plugins/listener_plugin.py
[2025-12-04T23:35:01.779+0600] {processor.py:841} WARNING - No viable dags retrieved from /Users/asminsadykova/Desktop/h&m/.venv/lib/python3.9/site-packages/airflow/example_dags/plugins/listener_plugin.py
[2025-12-04T23:35:01.838+0600] {processor.py:179} INFO - Processing /Users/asminsadykova/Desktop/h&m/.venv/lib/python3.9/site-packages/airflow/example_dags/plugins/listener_plugin.py took 0.063 seconds
[2025-12-04T23:35:50.467+0600] {processor.py:157} INFO - Started process (PID=40251) to work on /Users/asminsadykova/Desktop/h&m/.venv/lib/python3.9/site-packages/airflow/example_dags/plugins/listener_plugin.py
[2025-12-04T23:35:50.468+0600] {processor.py:829} INFO - Processing file /Users/asminsadykova/Desktop/h&m/.venv/lib/python3.9/site-packages/airflow/example_dags/plugins/listener_plugin.py for tasks to queue
[2025-12-04T23:35:50.469+0600] {logging_mixin.py:154} INFO - [2025-12-04T23:35:50.468+0600] {dagbag.py:536} INFO - Filling up the DagBag from /Users/asminsadykova/Desktop/h&m/.venv/lib/python3.9/site-packages/airflow/example_dags/plugins/listener_plugin.py
[2025-12-04T23:35:50.471+0600] {processor.py:841} WARNING - No viable dags retrieved from /Users/asminsadykova/Desktop/h&m/.venv/lib/python3.9/site-packages/airflow/example_dags/plugins/listener_plugin.py
[2025-12-04T23:35:50.529+0600] {processor.py:179} INFO - Processing /Users/asminsadykova/Desktop/h&m/.venv/lib/python3.9/site-packages/airflow/example_dags/plugins/listener_plugin.py took 0.063 seconds
[2025-12-04T23:36:39.488+0600] {processor.py:157} INFO - Started process (PID=40297) to work on /Users/asminsadykova/Desktop/h&m/.venv/lib/python3.9/site-packages/airflow/example_dags/plugins/listener_plugin.py
[2025-12-04T23:36:39.490+0600] {processor.py:829} INFO - Processing file /Users/asminsadykova/Desktop/h&m/.venv/lib/python3.9/site-packages/airflow/example_dags/plugins/listener_plugin.py for tasks to queue
[2025-12-04T23:36:39.490+0600] {logging_mixin.py:154} INFO - [2025-12-04T23:36:39.490+0600] {dagbag.py:536} INFO - Filling up the DagBag from /Users/asminsadykova/Desktop/h&m/.venv/lib/python3.9/site-packages/airflow/example_dags/plugins/listener_plugin.py
[2025-12-04T23:36:39.492+0600] {processor.py:841} WARNING - No viable dags retrieved from /Users/asminsadykova/Desktop/h&m/.venv/lib/python3.9/site-packages/airflow/example_dags/plugins/listener_plugin.py
[2025-12-04T23:36:39.549+0600] {processor.py:179} INFO - Processing /Users/asminsadykova/Desktop/h&m/.venv/lib/python3.9/site-packages/airflow/example_dags/plugins/listener_plugin.py took 0.061 seconds
[2025-12-04T23:37:24.301+0600] {processor.py:157} INFO - Started process (PID=40345) to work on /Users/asminsadykova/Desktop/h&m/.venv/lib/python3.9/site-packages/airflow/example_dags/plugins/listener_plugin.py
[2025-12-04T23:37:24.302+0600] {processor.py:829} INFO - Processing file /Users/asminsadykova/Desktop/h&m/.venv/lib/python3.9/site-packages/airflow/example_dags/plugins/listener_plugin.py for tasks to queue
[2025-12-04T23:37:24.302+0600] {logging_mixin.py:154} INFO - [2025-12-04T23:37:24.302+0600] {dagbag.py:536} INFO - Filling up the DagBag from /Users/asminsadykova/Desktop/h&m/.venv/lib/python3.9/site-packages/airflow/example_dags/plugins/listener_plugin.py
[2025-12-04T23:37:24.304+0600] {processor.py:841} WARNING - No viable dags retrieved from /Users/asminsadykova/Desktop/h&m/.venv/lib/python3.9/site-packages/airflow/example_dags/plugins/listener_plugin.py
[2025-12-04T23:37:24.366+0600] {processor.py:179} INFO - Processing /Users/asminsadykova/Desktop/h&m/.venv/lib/python3.9/site-packages/airflow/example_dags/plugins/listener_plugin.py took 0.065 seconds
[2025-12-04T23:38:08.825+0600] {processor.py:157} INFO - Started process (PID=40386) to work on /Users/asminsadykova/Desktop/h&m/.venv/lib/python3.9/site-packages/airflow/example_dags/plugins/listener_plugin.py
[2025-12-04T23:38:08.827+0600] {processor.py:829} INFO - Processing file /Users/asminsadykova/Desktop/h&m/.venv/lib/python3.9/site-packages/airflow/example_dags/plugins/listener_plugin.py for tasks to queue
[2025-12-04T23:38:08.827+0600] {logging_mixin.py:154} INFO - [2025-12-04T23:38:08.827+0600] {dagbag.py:536} INFO - Filling up the DagBag from /Users/asminsadykova/Desktop/h&m/.venv/lib/python3.9/site-packages/airflow/example_dags/plugins/listener_plugin.py
[2025-12-04T23:38:08.829+0600] {processor.py:841} WARNING - No viable dags retrieved from /Users/asminsadykova/Desktop/h&m/.venv/lib/python3.9/site-packages/airflow/example_dags/plugins/listener_plugin.py
[2025-12-04T23:38:08.884+0600] {processor.py:179} INFO - Processing /Users/asminsadykova/Desktop/h&m/.venv/lib/python3.9/site-packages/airflow/example_dags/plugins/listener_plugin.py took 0.059 seconds
[2025-12-04T23:38:59.347+0600] {processor.py:157} INFO - Started process (PID=40426) to work on /Users/asminsadykova/Desktop/h&m/.venv/lib/python3.9/site-packages/airflow/example_dags/plugins/listener_plugin.py
[2025-12-04T23:38:59.348+0600] {processor.py:829} INFO - Processing file /Users/asminsadykova/Desktop/h&m/.venv/lib/python3.9/site-packages/airflow/example_dags/plugins/listener_plugin.py for tasks to queue
[2025-12-04T23:38:59.349+0600] {logging_mixin.py:154} INFO - [2025-12-04T23:38:59.349+0600] {dagbag.py:536} INFO - Filling up the DagBag from /Users/asminsadykova/Desktop/h&m/.venv/lib/python3.9/site-packages/airflow/example_dags/plugins/listener_plugin.py
[2025-12-04T23:38:59.350+0600] {processor.py:841} WARNING - No viable dags retrieved from /Users/asminsadykova/Desktop/h&m/.venv/lib/python3.9/site-packages/airflow/example_dags/plugins/listener_plugin.py
[2025-12-04T23:38:59.411+0600] {processor.py:179} INFO - Processing /Users/asminsadykova/Desktop/h&m/.venv/lib/python3.9/site-packages/airflow/example_dags/plugins/listener_plugin.py took 0.064 seconds
[2025-12-04T23:39:45.130+0600] {processor.py:157} INFO - Started process (PID=40473) to work on /Users/asminsadykova/Desktop/h&m/.venv/lib/python3.9/site-packages/airflow/example_dags/plugins/listener_plugin.py
[2025-12-04T23:39:45.132+0600] {processor.py:829} INFO - Processing file /Users/asminsadykova/Desktop/h&m/.venv/lib/python3.9/site-packages/airflow/example_dags/plugins/listener_plugin.py for tasks to queue
[2025-12-04T23:39:45.132+0600] {logging_mixin.py:154} INFO - [2025-12-04T23:39:45.132+0600] {dagbag.py:536} INFO - Filling up the DagBag from /Users/asminsadykova/Desktop/h&m/.venv/lib/python3.9/site-packages/airflow/example_dags/plugins/listener_plugin.py
[2025-12-04T23:39:45.134+0600] {processor.py:841} WARNING - No viable dags retrieved from /Users/asminsadykova/Desktop/h&m/.venv/lib/python3.9/site-packages/airflow/example_dags/plugins/listener_plugin.py
[2025-12-04T23:39:45.197+0600] {processor.py:179} INFO - Processing /Users/asminsadykova/Desktop/h&m/.venv/lib/python3.9/site-packages/airflow/example_dags/plugins/listener_plugin.py took 0.067 seconds
[2025-12-04T23:40:32.420+0600] {processor.py:157} INFO - Started process (PID=40559) to work on /Users/asminsadykova/Desktop/h&m/.venv/lib/python3.9/site-packages/airflow/example_dags/plugins/listener_plugin.py
[2025-12-04T23:40:32.421+0600] {processor.py:829} INFO - Processing file /Users/asminsadykova/Desktop/h&m/.venv/lib/python3.9/site-packages/airflow/example_dags/plugins/listener_plugin.py for tasks to queue
[2025-12-04T23:40:32.422+0600] {logging_mixin.py:154} INFO - [2025-12-04T23:40:32.422+0600] {dagbag.py:536} INFO - Filling up the DagBag from /Users/asminsadykova/Desktop/h&m/.venv/lib/python3.9/site-packages/airflow/example_dags/plugins/listener_plugin.py
[2025-12-04T23:40:32.424+0600] {processor.py:841} WARNING - No viable dags retrieved from /Users/asminsadykova/Desktop/h&m/.venv/lib/python3.9/site-packages/airflow/example_dags/plugins/listener_plugin.py
[2025-12-04T23:40:32.477+0600] {processor.py:179} INFO - Processing /Users/asminsadykova/Desktop/h&m/.venv/lib/python3.9/site-packages/airflow/example_dags/plugins/listener_plugin.py took 0.057 seconds
[2025-12-04T23:41:21.798+0600] {processor.py:157} INFO - Started process (PID=40600) to work on /Users/asminsadykova/Desktop/h&m/.venv/lib/python3.9/site-packages/airflow/example_dags/plugins/listener_plugin.py
[2025-12-04T23:41:21.799+0600] {processor.py:829} INFO - Processing file /Users/asminsadykova/Desktop/h&m/.venv/lib/python3.9/site-packages/airflow/example_dags/plugins/listener_plugin.py for tasks to queue
[2025-12-04T23:41:21.799+0600] {logging_mixin.py:154} INFO - [2025-12-04T23:41:21.799+0600] {dagbag.py:536} INFO - Filling up the DagBag from /Users/asminsadykova/Desktop/h&m/.venv/lib/python3.9/site-packages/airflow/example_dags/plugins/listener_plugin.py
[2025-12-04T23:41:21.801+0600] {processor.py:841} WARNING - No viable dags retrieved from /Users/asminsadykova/Desktop/h&m/.venv/lib/python3.9/site-packages/airflow/example_dags/plugins/listener_plugin.py
[2025-12-04T23:41:21.854+0600] {processor.py:179} INFO - Processing /Users/asminsadykova/Desktop/h&m/.venv/lib/python3.9/site-packages/airflow/example_dags/plugins/listener_plugin.py took 0.057 seconds
[2025-12-04T23:42:04.720+0600] {processor.py:157} INFO - Started process (PID=40644) to work on /Users/asminsadykova/Desktop/h&m/.venv/lib/python3.9/site-packages/airflow/example_dags/plugins/listener_plugin.py
[2025-12-04T23:42:04.725+0600] {processor.py:829} INFO - Processing file /Users/asminsadykova/Desktop/h&m/.venv/lib/python3.9/site-packages/airflow/example_dags/plugins/listener_plugin.py for tasks to queue
[2025-12-04T23:42:04.725+0600] {logging_mixin.py:154} INFO - [2025-12-04T23:42:04.725+0600] {dagbag.py:536} INFO - Filling up the DagBag from /Users/asminsadykova/Desktop/h&m/.venv/lib/python3.9/site-packages/airflow/example_dags/plugins/listener_plugin.py
[2025-12-04T23:42:04.728+0600] {processor.py:841} WARNING - No viable dags retrieved from /Users/asminsadykova/Desktop/h&m/.venv/lib/python3.9/site-packages/airflow/example_dags/plugins/listener_plugin.py
[2025-12-04T23:42:04.782+0600] {processor.py:179} INFO - Processing /Users/asminsadykova/Desktop/h&m/.venv/lib/python3.9/site-packages/airflow/example_dags/plugins/listener_plugin.py took 0.062 seconds
[2025-12-04T23:42:48.421+0600] {processor.py:157} INFO - Started process (PID=40714) to work on /Users/asminsadykova/Desktop/h&m/.venv/lib/python3.9/site-packages/airflow/example_dags/plugins/listener_plugin.py
[2025-12-04T23:42:48.422+0600] {processor.py:829} INFO - Processing file /Users/asminsadykova/Desktop/h&m/.venv/lib/python3.9/site-packages/airflow/example_dags/plugins/listener_plugin.py for tasks to queue
[2025-12-04T23:42:48.422+0600] {logging_mixin.py:154} INFO - [2025-12-04T23:42:48.422+0600] {dagbag.py:536} INFO - Filling up the DagBag from /Users/asminsadykova/Desktop/h&m/.venv/lib/python3.9/site-packages/airflow/example_dags/plugins/listener_plugin.py
[2025-12-04T23:42:48.424+0600] {processor.py:841} WARNING - No viable dags retrieved from /Users/asminsadykova/Desktop/h&m/.venv/lib/python3.9/site-packages/airflow/example_dags/plugins/listener_plugin.py
[2025-12-04T23:42:48.479+0600] {processor.py:179} INFO - Processing /Users/asminsadykova/Desktop/h&m/.venv/lib/python3.9/site-packages/airflow/example_dags/plugins/listener_plugin.py took 0.059 seconds
[2025-12-04T23:43:36.928+0600] {processor.py:157} INFO - Started process (PID=40844) to work on /Users/asminsadykova/Desktop/h&m/.venv/lib/python3.9/site-packages/airflow/example_dags/plugins/listener_plugin.py
[2025-12-04T23:43:36.929+0600] {processor.py:829} INFO - Processing file /Users/asminsadykova/Desktop/h&m/.venv/lib/python3.9/site-packages/airflow/example_dags/plugins/listener_plugin.py for tasks to queue
[2025-12-04T23:43:36.929+0600] {logging_mixin.py:154} INFO - [2025-12-04T23:43:36.929+0600] {dagbag.py:536} INFO - Filling up the DagBag from /Users/asminsadykova/Desktop/h&m/.venv/lib/python3.9/site-packages/airflow/example_dags/plugins/listener_plugin.py
[2025-12-04T23:43:36.932+0600] {processor.py:841} WARNING - No viable dags retrieved from /Users/asminsadykova/Desktop/h&m/.venv/lib/python3.9/site-packages/airflow/example_dags/plugins/listener_plugin.py
[2025-12-04T23:43:36.986+0600] {processor.py:179} INFO - Processing /Users/asminsadykova/Desktop/h&m/.venv/lib/python3.9/site-packages/airflow/example_dags/plugins/listener_plugin.py took 0.058 seconds
[2025-12-04T23:44:25.151+0600] {processor.py:157} INFO - Started process (PID=40889) to work on /Users/asminsadykova/Desktop/h&m/.venv/lib/python3.9/site-packages/airflow/example_dags/plugins/listener_plugin.py
[2025-12-04T23:44:25.152+0600] {processor.py:829} INFO - Processing file /Users/asminsadykova/Desktop/h&m/.venv/lib/python3.9/site-packages/airflow/example_dags/plugins/listener_plugin.py for tasks to queue
[2025-12-04T23:44:25.152+0600] {logging_mixin.py:154} INFO - [2025-12-04T23:44:25.152+0600] {dagbag.py:536} INFO - Filling up the DagBag from /Users/asminsadykova/Desktop/h&m/.venv/lib/python3.9/site-packages/airflow/example_dags/plugins/listener_plugin.py
[2025-12-04T23:44:25.154+0600] {processor.py:841} WARNING - No viable dags retrieved from /Users/asminsadykova/Desktop/h&m/.venv/lib/python3.9/site-packages/airflow/example_dags/plugins/listener_plugin.py
[2025-12-04T23:44:25.210+0600] {processor.py:179} INFO - Processing /Users/asminsadykova/Desktop/h&m/.venv/lib/python3.9/site-packages/airflow/example_dags/plugins/listener_plugin.py took 0.059 seconds
[2025-12-04T23:45:13.854+0600] {processor.py:157} INFO - Started process (PID=41068) to work on /Users/asminsadykova/Desktop/h&m/.venv/lib/python3.9/site-packages/airflow/example_dags/plugins/listener_plugin.py
[2025-12-04T23:45:13.855+0600] {processor.py:829} INFO - Processing file /Users/asminsadykova/Desktop/h&m/.venv/lib/python3.9/site-packages/airflow/example_dags/plugins/listener_plugin.py for tasks to queue
[2025-12-04T23:45:13.855+0600] {logging_mixin.py:154} INFO - [2025-12-04T23:45:13.855+0600] {dagbag.py:536} INFO - Filling up the DagBag from /Users/asminsadykova/Desktop/h&m/.venv/lib/python3.9/site-packages/airflow/example_dags/plugins/listener_plugin.py
[2025-12-04T23:45:13.856+0600] {processor.py:841} WARNING - No viable dags retrieved from /Users/asminsadykova/Desktop/h&m/.venv/lib/python3.9/site-packages/airflow/example_dags/plugins/listener_plugin.py
[2025-12-04T23:45:13.911+0600] {processor.py:179} INFO - Processing /Users/asminsadykova/Desktop/h&m/.venv/lib/python3.9/site-packages/airflow/example_dags/plugins/listener_plugin.py took 0.057 seconds
[2025-12-04T23:46:00.957+0600] {processor.py:157} INFO - Started process (PID=41285) to work on /Users/asminsadykova/Desktop/h&m/.venv/lib/python3.9/site-packages/airflow/example_dags/plugins/listener_plugin.py
[2025-12-04T23:46:00.958+0600] {processor.py:829} INFO - Processing file /Users/asminsadykova/Desktop/h&m/.venv/lib/python3.9/site-packages/airflow/example_dags/plugins/listener_plugin.py for tasks to queue
[2025-12-04T23:46:00.958+0600] {logging_mixin.py:154} INFO - [2025-12-04T23:46:00.958+0600] {dagbag.py:536} INFO - Filling up the DagBag from /Users/asminsadykova/Desktop/h&m/.venv/lib/python3.9/site-packages/airflow/example_dags/plugins/listener_plugin.py
[2025-12-04T23:46:00.960+0600] {processor.py:841} WARNING - No viable dags retrieved from /Users/asminsadykova/Desktop/h&m/.venv/lib/python3.9/site-packages/airflow/example_dags/plugins/listener_plugin.py
[2025-12-04T23:46:01.017+0600] {processor.py:179} INFO - Processing /Users/asminsadykova/Desktop/h&m/.venv/lib/python3.9/site-packages/airflow/example_dags/plugins/listener_plugin.py took 0.061 seconds
[2025-12-04T23:46:49.872+0600] {processor.py:157} INFO - Started process (PID=41468) to work on /Users/asminsadykova/Desktop/h&m/.venv/lib/python3.9/site-packages/airflow/example_dags/plugins/listener_plugin.py
[2025-12-04T23:46:49.872+0600] {processor.py:829} INFO - Processing file /Users/asminsadykova/Desktop/h&m/.venv/lib/python3.9/site-packages/airflow/example_dags/plugins/listener_plugin.py for tasks to queue
[2025-12-04T23:46:49.873+0600] {logging_mixin.py:154} INFO - [2025-12-04T23:46:49.873+0600] {dagbag.py:536} INFO - Filling up the DagBag from /Users/asminsadykova/Desktop/h&m/.venv/lib/python3.9/site-packages/airflow/example_dags/plugins/listener_plugin.py
[2025-12-04T23:46:49.875+0600] {processor.py:841} WARNING - No viable dags retrieved from /Users/asminsadykova/Desktop/h&m/.venv/lib/python3.9/site-packages/airflow/example_dags/plugins/listener_plugin.py
[2025-12-04T23:46:49.928+0600] {processor.py:179} INFO - Processing /Users/asminsadykova/Desktop/h&m/.venv/lib/python3.9/site-packages/airflow/example_dags/plugins/listener_plugin.py took 0.057 seconds
[2025-12-04T23:47:33.849+0600] {processor.py:157} INFO - Started process (PID=41581) to work on /Users/asminsadykova/Desktop/h&m/.venv/lib/python3.9/site-packages/airflow/example_dags/plugins/listener_plugin.py
[2025-12-04T23:47:33.850+0600] {processor.py:829} INFO - Processing file /Users/asminsadykova/Desktop/h&m/.venv/lib/python3.9/site-packages/airflow/example_dags/plugins/listener_plugin.py for tasks to queue
[2025-12-04T23:47:33.851+0600] {logging_mixin.py:154} INFO - [2025-12-04T23:47:33.850+0600] {dagbag.py:536} INFO - Filling up the DagBag from /Users/asminsadykova/Desktop/h&m/.venv/lib/python3.9/site-packages/airflow/example_dags/plugins/listener_plugin.py
[2025-12-04T23:47:33.852+0600] {processor.py:841} WARNING - No viable dags retrieved from /Users/asminsadykova/Desktop/h&m/.venv/lib/python3.9/site-packages/airflow/example_dags/plugins/listener_plugin.py
[2025-12-04T23:47:33.907+0600] {processor.py:179} INFO - Processing /Users/asminsadykova/Desktop/h&m/.venv/lib/python3.9/site-packages/airflow/example_dags/plugins/listener_plugin.py took 0.058 seconds
[2025-12-04T23:48:16.062+0600] {processor.py:157} INFO - Started process (PID=41632) to work on /Users/asminsadykova/Desktop/h&m/.venv/lib/python3.9/site-packages/airflow/example_dags/plugins/listener_plugin.py
[2025-12-04T23:48:16.063+0600] {processor.py:829} INFO - Processing file /Users/asminsadykova/Desktop/h&m/.venv/lib/python3.9/site-packages/airflow/example_dags/plugins/listener_plugin.py for tasks to queue
[2025-12-04T23:48:16.063+0600] {logging_mixin.py:154} INFO - [2025-12-04T23:48:16.063+0600] {dagbag.py:536} INFO - Filling up the DagBag from /Users/asminsadykova/Desktop/h&m/.venv/lib/python3.9/site-packages/airflow/example_dags/plugins/listener_plugin.py
[2025-12-04T23:48:16.066+0600] {processor.py:841} WARNING - No viable dags retrieved from /Users/asminsadykova/Desktop/h&m/.venv/lib/python3.9/site-packages/airflow/example_dags/plugins/listener_plugin.py
[2025-12-04T23:48:16.127+0600] {processor.py:179} INFO - Processing /Users/asminsadykova/Desktop/h&m/.venv/lib/python3.9/site-packages/airflow/example_dags/plugins/listener_plugin.py took 0.066 seconds
[2025-12-04T23:49:00.459+0600] {processor.py:157} INFO - Started process (PID=41687) to work on /Users/asminsadykova/Desktop/h&m/.venv/lib/python3.9/site-packages/airflow/example_dags/plugins/listener_plugin.py
[2025-12-04T23:49:00.460+0600] {processor.py:829} INFO - Processing file /Users/asminsadykova/Desktop/h&m/.venv/lib/python3.9/site-packages/airflow/example_dags/plugins/listener_plugin.py for tasks to queue
[2025-12-04T23:49:00.460+0600] {logging_mixin.py:154} INFO - [2025-12-04T23:49:00.460+0600] {dagbag.py:536} INFO - Filling up the DagBag from /Users/asminsadykova/Desktop/h&m/.venv/lib/python3.9/site-packages/airflow/example_dags/plugins/listener_plugin.py
[2025-12-04T23:49:00.462+0600] {processor.py:841} WARNING - No viable dags retrieved from /Users/asminsadykova/Desktop/h&m/.venv/lib/python3.9/site-packages/airflow/example_dags/plugins/listener_plugin.py
[2025-12-04T23:49:00.517+0600] {processor.py:179} INFO - Processing /Users/asminsadykova/Desktop/h&m/.venv/lib/python3.9/site-packages/airflow/example_dags/plugins/listener_plugin.py took 0.058 seconds
[2025-12-04T23:49:46.223+0600] {processor.py:157} INFO - Started process (PID=41774) to work on /Users/asminsadykova/Desktop/h&m/.venv/lib/python3.9/site-packages/airflow/example_dags/plugins/listener_plugin.py
[2025-12-04T23:49:46.225+0600] {processor.py:829} INFO - Processing file /Users/asminsadykova/Desktop/h&m/.venv/lib/python3.9/site-packages/airflow/example_dags/plugins/listener_plugin.py for tasks to queue
[2025-12-04T23:49:46.225+0600] {logging_mixin.py:154} INFO - [2025-12-04T23:49:46.225+0600] {dagbag.py:536} INFO - Filling up the DagBag from /Users/asminsadykova/Desktop/h&m/.venv/lib/python3.9/site-packages/airflow/example_dags/plugins/listener_plugin.py
[2025-12-04T23:49:46.227+0600] {processor.py:841} WARNING - No viable dags retrieved from /Users/asminsadykova/Desktop/h&m/.venv/lib/python3.9/site-packages/airflow/example_dags/plugins/listener_plugin.py
[2025-12-04T23:49:46.283+0600] {processor.py:179} INFO - Processing /Users/asminsadykova/Desktop/h&m/.venv/lib/python3.9/site-packages/airflow/example_dags/plugins/listener_plugin.py took 0.060 seconds
[2025-12-04T23:50:36.325+0600] {processor.py:157} INFO - Started process (PID=41813) to work on /Users/asminsadykova/Desktop/h&m/.venv/lib/python3.9/site-packages/airflow/example_dags/plugins/listener_plugin.py
[2025-12-04T23:50:36.326+0600] {processor.py:829} INFO - Processing file /Users/asminsadykova/Desktop/h&m/.venv/lib/python3.9/site-packages/airflow/example_dags/plugins/listener_plugin.py for tasks to queue
[2025-12-04T23:50:36.326+0600] {logging_mixin.py:154} INFO - [2025-12-04T23:50:36.326+0600] {dagbag.py:536} INFO - Filling up the DagBag from /Users/asminsadykova/Desktop/h&m/.venv/lib/python3.9/site-packages/airflow/example_dags/plugins/listener_plugin.py
[2025-12-04T23:50:36.328+0600] {processor.py:841} WARNING - No viable dags retrieved from /Users/asminsadykova/Desktop/h&m/.venv/lib/python3.9/site-packages/airflow/example_dags/plugins/listener_plugin.py
[2025-12-04T23:50:36.383+0600] {processor.py:179} INFO - Processing /Users/asminsadykova/Desktop/h&m/.venv/lib/python3.9/site-packages/airflow/example_dags/plugins/listener_plugin.py took 0.058 seconds
[2025-12-04T23:51:26.777+0600] {processor.py:157} INFO - Started process (PID=41926) to work on /Users/asminsadykova/Desktop/h&m/.venv/lib/python3.9/site-packages/airflow/example_dags/plugins/listener_plugin.py
[2025-12-04T23:51:26.779+0600] {processor.py:829} INFO - Processing file /Users/asminsadykova/Desktop/h&m/.venv/lib/python3.9/site-packages/airflow/example_dags/plugins/listener_plugin.py for tasks to queue
[2025-12-04T23:51:26.779+0600] {logging_mixin.py:154} INFO - [2025-12-04T23:51:26.779+0600] {dagbag.py:536} INFO - Filling up the DagBag from /Users/asminsadykova/Desktop/h&m/.venv/lib/python3.9/site-packages/airflow/example_dags/plugins/listener_plugin.py
[2025-12-04T23:51:26.781+0600] {processor.py:841} WARNING - No viable dags retrieved from /Users/asminsadykova/Desktop/h&m/.venv/lib/python3.9/site-packages/airflow/example_dags/plugins/listener_plugin.py
[2025-12-04T23:51:26.835+0600] {processor.py:179} INFO - Processing /Users/asminsadykova/Desktop/h&m/.venv/lib/python3.9/site-packages/airflow/example_dags/plugins/listener_plugin.py took 0.058 seconds
[2025-12-04T23:52:12.523+0600] {processor.py:157} INFO - Started process (PID=42050) to work on /Users/asminsadykova/Desktop/h&m/.venv/lib/python3.9/site-packages/airflow/example_dags/plugins/listener_plugin.py
[2025-12-04T23:52:12.524+0600] {processor.py:829} INFO - Processing file /Users/asminsadykova/Desktop/h&m/.venv/lib/python3.9/site-packages/airflow/example_dags/plugins/listener_plugin.py for tasks to queue
[2025-12-04T23:52:12.524+0600] {logging_mixin.py:154} INFO - [2025-12-04T23:52:12.524+0600] {dagbag.py:536} INFO - Filling up the DagBag from /Users/asminsadykova/Desktop/h&m/.venv/lib/python3.9/site-packages/airflow/example_dags/plugins/listener_plugin.py
[2025-12-04T23:52:12.526+0600] {processor.py:841} WARNING - No viable dags retrieved from /Users/asminsadykova/Desktop/h&m/.venv/lib/python3.9/site-packages/airflow/example_dags/plugins/listener_plugin.py
[2025-12-04T23:52:12.583+0600] {processor.py:179} INFO - Processing /Users/asminsadykova/Desktop/h&m/.venv/lib/python3.9/site-packages/airflow/example_dags/plugins/listener_plugin.py took 0.061 seconds
[2025-12-04T23:52:59.746+0600] {processor.py:157} INFO - Started process (PID=42102) to work on /Users/asminsadykova/Desktop/h&m/.venv/lib/python3.9/site-packages/airflow/example_dags/plugins/listener_plugin.py
[2025-12-04T23:52:59.746+0600] {processor.py:829} INFO - Processing file /Users/asminsadykova/Desktop/h&m/.venv/lib/python3.9/site-packages/airflow/example_dags/plugins/listener_plugin.py for tasks to queue
[2025-12-04T23:52:59.746+0600] {logging_mixin.py:154} INFO - [2025-12-04T23:52:59.746+0600] {dagbag.py:536} INFO - Filling up the DagBag from /Users/asminsadykova/Desktop/h&m/.venv/lib/python3.9/site-packages/airflow/example_dags/plugins/listener_plugin.py
[2025-12-04T23:52:59.749+0600] {processor.py:841} WARNING - No viable dags retrieved from /Users/asminsadykova/Desktop/h&m/.venv/lib/python3.9/site-packages/airflow/example_dags/plugins/listener_plugin.py
[2025-12-04T23:52:59.809+0600] {processor.py:179} INFO - Processing /Users/asminsadykova/Desktop/h&m/.venv/lib/python3.9/site-packages/airflow/example_dags/plugins/listener_plugin.py took 0.064 seconds
[2025-12-04T23:53:47.974+0600] {processor.py:157} INFO - Started process (PID=42149) to work on /Users/asminsadykova/Desktop/h&m/.venv/lib/python3.9/site-packages/airflow/example_dags/plugins/listener_plugin.py
[2025-12-04T23:53:47.976+0600] {processor.py:829} INFO - Processing file /Users/asminsadykova/Desktop/h&m/.venv/lib/python3.9/site-packages/airflow/example_dags/plugins/listener_plugin.py for tasks to queue
[2025-12-04T23:53:47.976+0600] {logging_mixin.py:154} INFO - [2025-12-04T23:53:47.976+0600] {dagbag.py:536} INFO - Filling up the DagBag from /Users/asminsadykova/Desktop/h&m/.venv/lib/python3.9/site-packages/airflow/example_dags/plugins/listener_plugin.py
[2025-12-04T23:53:47.978+0600] {processor.py:841} WARNING - No viable dags retrieved from /Users/asminsadykova/Desktop/h&m/.venv/lib/python3.9/site-packages/airflow/example_dags/plugins/listener_plugin.py
[2025-12-04T23:53:48.038+0600] {processor.py:179} INFO - Processing /Users/asminsadykova/Desktop/h&m/.venv/lib/python3.9/site-packages/airflow/example_dags/plugins/listener_plugin.py took 0.065 seconds
[2025-12-04T23:54:33.377+0600] {processor.py:157} INFO - Started process (PID=42185) to work on /Users/asminsadykova/Desktop/h&m/.venv/lib/python3.9/site-packages/airflow/example_dags/plugins/listener_plugin.py
[2025-12-04T23:54:33.378+0600] {processor.py:829} INFO - Processing file /Users/asminsadykova/Desktop/h&m/.venv/lib/python3.9/site-packages/airflow/example_dags/plugins/listener_plugin.py for tasks to queue
[2025-12-04T23:54:33.378+0600] {logging_mixin.py:154} INFO - [2025-12-04T23:54:33.378+0600] {dagbag.py:536} INFO - Filling up the DagBag from /Users/asminsadykova/Desktop/h&m/.venv/lib/python3.9/site-packages/airflow/example_dags/plugins/listener_plugin.py
[2025-12-04T23:54:33.380+0600] {processor.py:841} WARNING - No viable dags retrieved from /Users/asminsadykova/Desktop/h&m/.venv/lib/python3.9/site-packages/airflow/example_dags/plugins/listener_plugin.py
[2025-12-04T23:54:33.437+0600] {processor.py:179} INFO - Processing /Users/asminsadykova/Desktop/h&m/.venv/lib/python3.9/site-packages/airflow/example_dags/plugins/listener_plugin.py took 0.061 seconds
[2025-12-04T23:55:15.522+0600] {processor.py:157} INFO - Started process (PID=42227) to work on /Users/asminsadykova/Desktop/h&m/.venv/lib/python3.9/site-packages/airflow/example_dags/plugins/listener_plugin.py
[2025-12-04T23:55:15.523+0600] {processor.py:829} INFO - Processing file /Users/asminsadykova/Desktop/h&m/.venv/lib/python3.9/site-packages/airflow/example_dags/plugins/listener_plugin.py for tasks to queue
[2025-12-04T23:55:15.523+0600] {logging_mixin.py:154} INFO - [2025-12-04T23:55:15.523+0600] {dagbag.py:536} INFO - Filling up the DagBag from /Users/asminsadykova/Desktop/h&m/.venv/lib/python3.9/site-packages/airflow/example_dags/plugins/listener_plugin.py
[2025-12-04T23:55:15.525+0600] {processor.py:841} WARNING - No viable dags retrieved from /Users/asminsadykova/Desktop/h&m/.venv/lib/python3.9/site-packages/airflow/example_dags/plugins/listener_plugin.py
[2025-12-04T23:55:15.581+0600] {processor.py:179} INFO - Processing /Users/asminsadykova/Desktop/h&m/.venv/lib/python3.9/site-packages/airflow/example_dags/plugins/listener_plugin.py took 0.059 seconds
[2025-12-04T23:55:59.318+0600] {processor.py:157} INFO - Started process (PID=42267) to work on /Users/asminsadykova/Desktop/h&m/.venv/lib/python3.9/site-packages/airflow/example_dags/plugins/listener_plugin.py
[2025-12-04T23:55:59.319+0600] {processor.py:829} INFO - Processing file /Users/asminsadykova/Desktop/h&m/.venv/lib/python3.9/site-packages/airflow/example_dags/plugins/listener_plugin.py for tasks to queue
[2025-12-04T23:55:59.319+0600] {logging_mixin.py:154} INFO - [2025-12-04T23:55:59.319+0600] {dagbag.py:536} INFO - Filling up the DagBag from /Users/asminsadykova/Desktop/h&m/.venv/lib/python3.9/site-packages/airflow/example_dags/plugins/listener_plugin.py
[2025-12-04T23:55:59.321+0600] {processor.py:841} WARNING - No viable dags retrieved from /Users/asminsadykova/Desktop/h&m/.venv/lib/python3.9/site-packages/airflow/example_dags/plugins/listener_plugin.py
[2025-12-04T23:55:59.376+0600] {processor.py:179} INFO - Processing /Users/asminsadykova/Desktop/h&m/.venv/lib/python3.9/site-packages/airflow/example_dags/plugins/listener_plugin.py took 0.059 seconds
[2025-12-04T23:56:44.830+0600] {processor.py:157} INFO - Started process (PID=42301) to work on /Users/asminsadykova/Desktop/h&m/.venv/lib/python3.9/site-packages/airflow/example_dags/plugins/listener_plugin.py
[2025-12-04T23:56:44.832+0600] {processor.py:829} INFO - Processing file /Users/asminsadykova/Desktop/h&m/.venv/lib/python3.9/site-packages/airflow/example_dags/plugins/listener_plugin.py for tasks to queue
[2025-12-04T23:56:44.832+0600] {logging_mixin.py:154} INFO - [2025-12-04T23:56:44.832+0600] {dagbag.py:536} INFO - Filling up the DagBag from /Users/asminsadykova/Desktop/h&m/.venv/lib/python3.9/site-packages/airflow/example_dags/plugins/listener_plugin.py
[2025-12-04T23:56:44.834+0600] {processor.py:841} WARNING - No viable dags retrieved from /Users/asminsadykova/Desktop/h&m/.venv/lib/python3.9/site-packages/airflow/example_dags/plugins/listener_plugin.py
[2025-12-04T23:56:44.890+0600] {processor.py:179} INFO - Processing /Users/asminsadykova/Desktop/h&m/.venv/lib/python3.9/site-packages/airflow/example_dags/plugins/listener_plugin.py took 0.062 seconds
[2025-12-04T23:57:30.729+0600] {processor.py:157} INFO - Started process (PID=42337) to work on /Users/asminsadykova/Desktop/h&m/.venv/lib/python3.9/site-packages/airflow/example_dags/plugins/listener_plugin.py
[2025-12-04T23:57:30.731+0600] {processor.py:829} INFO - Processing file /Users/asminsadykova/Desktop/h&m/.venv/lib/python3.9/site-packages/airflow/example_dags/plugins/listener_plugin.py for tasks to queue
[2025-12-04T23:57:30.731+0600] {logging_mixin.py:154} INFO - [2025-12-04T23:57:30.731+0600] {dagbag.py:536} INFO - Filling up the DagBag from /Users/asminsadykova/Desktop/h&m/.venv/lib/python3.9/site-packages/airflow/example_dags/plugins/listener_plugin.py
[2025-12-04T23:57:30.733+0600] {processor.py:841} WARNING - No viable dags retrieved from /Users/asminsadykova/Desktop/h&m/.venv/lib/python3.9/site-packages/airflow/example_dags/plugins/listener_plugin.py
[2025-12-04T23:57:30.790+0600] {processor.py:179} INFO - Processing /Users/asminsadykova/Desktop/h&m/.venv/lib/python3.9/site-packages/airflow/example_dags/plugins/listener_plugin.py took 0.062 seconds
[2025-12-04T23:58:13.034+0600] {processor.py:157} INFO - Started process (PID=42384) to work on /Users/asminsadykova/Desktop/h&m/.venv/lib/python3.9/site-packages/airflow/example_dags/plugins/listener_plugin.py
[2025-12-04T23:58:13.036+0600] {processor.py:829} INFO - Processing file /Users/asminsadykova/Desktop/h&m/.venv/lib/python3.9/site-packages/airflow/example_dags/plugins/listener_plugin.py for tasks to queue
[2025-12-04T23:58:13.036+0600] {logging_mixin.py:154} INFO - [2025-12-04T23:58:13.036+0600] {dagbag.py:536} INFO - Filling up the DagBag from /Users/asminsadykova/Desktop/h&m/.venv/lib/python3.9/site-packages/airflow/example_dags/plugins/listener_plugin.py
[2025-12-04T23:58:13.038+0600] {processor.py:841} WARNING - No viable dags retrieved from /Users/asminsadykova/Desktop/h&m/.venv/lib/python3.9/site-packages/airflow/example_dags/plugins/listener_plugin.py
[2025-12-04T23:58:13.096+0600] {processor.py:179} INFO - Processing /Users/asminsadykova/Desktop/h&m/.venv/lib/python3.9/site-packages/airflow/example_dags/plugins/listener_plugin.py took 0.062 seconds
[2025-12-04T23:58:56.154+0600] {processor.py:157} INFO - Started process (PID=42421) to work on /Users/asminsadykova/Desktop/h&m/.venv/lib/python3.9/site-packages/airflow/example_dags/plugins/listener_plugin.py
[2025-12-04T23:58:56.155+0600] {processor.py:829} INFO - Processing file /Users/asminsadykova/Desktop/h&m/.venv/lib/python3.9/site-packages/airflow/example_dags/plugins/listener_plugin.py for tasks to queue
[2025-12-04T23:58:56.156+0600] {logging_mixin.py:154} INFO - [2025-12-04T23:58:56.156+0600] {dagbag.py:536} INFO - Filling up the DagBag from /Users/asminsadykova/Desktop/h&m/.venv/lib/python3.9/site-packages/airflow/example_dags/plugins/listener_plugin.py
[2025-12-04T23:58:56.158+0600] {processor.py:841} WARNING - No viable dags retrieved from /Users/asminsadykova/Desktop/h&m/.venv/lib/python3.9/site-packages/airflow/example_dags/plugins/listener_plugin.py
[2025-12-04T23:58:56.214+0600] {processor.py:179} INFO - Processing /Users/asminsadykova/Desktop/h&m/.venv/lib/python3.9/site-packages/airflow/example_dags/plugins/listener_plugin.py took 0.061 seconds
[2025-12-04T23:59:41.955+0600] {processor.py:157} INFO - Started process (PID=42635) to work on /Users/asminsadykova/Desktop/h&m/.venv/lib/python3.9/site-packages/airflow/example_dags/plugins/listener_plugin.py
[2025-12-04T23:59:41.957+0600] {processor.py:829} INFO - Processing file /Users/asminsadykova/Desktop/h&m/.venv/lib/python3.9/site-packages/airflow/example_dags/plugins/listener_plugin.py for tasks to queue
[2025-12-04T23:59:41.958+0600] {logging_mixin.py:154} INFO - [2025-12-04T23:59:41.957+0600] {dagbag.py:536} INFO - Filling up the DagBag from /Users/asminsadykova/Desktop/h&m/.venv/lib/python3.9/site-packages/airflow/example_dags/plugins/listener_plugin.py
[2025-12-04T23:59:41.960+0600] {processor.py:841} WARNING - No viable dags retrieved from /Users/asminsadykova/Desktop/h&m/.venv/lib/python3.9/site-packages/airflow/example_dags/plugins/listener_plugin.py
[2025-12-04T23:59:42.018+0600] {processor.py:179} INFO - Processing /Users/asminsadykova/Desktop/h&m/.venv/lib/python3.9/site-packages/airflow/example_dags/plugins/listener_plugin.py took 0.063 seconds
[2025-12-05T00:00:28.703+0600] {processor.py:157} INFO - Started process (PID=42673) to work on /Users/asminsadykova/Desktop/h&m/.venv/lib/python3.9/site-packages/airflow/example_dags/plugins/listener_plugin.py
[2025-12-05T00:00:28.705+0600] {processor.py:829} INFO - Processing file /Users/asminsadykova/Desktop/h&m/.venv/lib/python3.9/site-packages/airflow/example_dags/plugins/listener_plugin.py for tasks to queue
[2025-12-05T00:00:28.706+0600] {logging_mixin.py:154} INFO - [2025-12-05T00:00:28.706+0600] {dagbag.py:536} INFO - Filling up the DagBag from /Users/asminsadykova/Desktop/h&m/.venv/lib/python3.9/site-packages/airflow/example_dags/plugins/listener_plugin.py
[2025-12-05T00:00:28.709+0600] {processor.py:841} WARNING - No viable dags retrieved from /Users/asminsadykova/Desktop/h&m/.venv/lib/python3.9/site-packages/airflow/example_dags/plugins/listener_plugin.py
[2025-12-05T00:00:28.769+0600] {processor.py:179} INFO - Processing /Users/asminsadykova/Desktop/h&m/.venv/lib/python3.9/site-packages/airflow/example_dags/plugins/listener_plugin.py took 0.067 seconds
[2025-12-05T00:01:17.214+0600] {processor.py:157} INFO - Started process (PID=42848) to work on /Users/asminsadykova/Desktop/h&m/.venv/lib/python3.9/site-packages/airflow/example_dags/plugins/listener_plugin.py
[2025-12-05T00:01:17.216+0600] {processor.py:829} INFO - Processing file /Users/asminsadykova/Desktop/h&m/.venv/lib/python3.9/site-packages/airflow/example_dags/plugins/listener_plugin.py for tasks to queue
[2025-12-05T00:01:17.216+0600] {logging_mixin.py:154} INFO - [2025-12-05T00:01:17.216+0600] {dagbag.py:536} INFO - Filling up the DagBag from /Users/asminsadykova/Desktop/h&m/.venv/lib/python3.9/site-packages/airflow/example_dags/plugins/listener_plugin.py
[2025-12-05T00:01:17.218+0600] {processor.py:841} WARNING - No viable dags retrieved from /Users/asminsadykova/Desktop/h&m/.venv/lib/python3.9/site-packages/airflow/example_dags/plugins/listener_plugin.py
[2025-12-05T00:01:17.275+0600] {processor.py:179} INFO - Processing /Users/asminsadykova/Desktop/h&m/.venv/lib/python3.9/site-packages/airflow/example_dags/plugins/listener_plugin.py took 0.062 seconds
[2025-12-05T00:02:03.906+0600] {processor.py:157} INFO - Started process (PID=42903) to work on /Users/asminsadykova/Desktop/h&m/.venv/lib/python3.9/site-packages/airflow/example_dags/plugins/listener_plugin.py
[2025-12-05T00:02:03.908+0600] {processor.py:829} INFO - Processing file /Users/asminsadykova/Desktop/h&m/.venv/lib/python3.9/site-packages/airflow/example_dags/plugins/listener_plugin.py for tasks to queue
[2025-12-05T00:02:03.908+0600] {logging_mixin.py:154} INFO - [2025-12-05T00:02:03.908+0600] {dagbag.py:536} INFO - Filling up the DagBag from /Users/asminsadykova/Desktop/h&m/.venv/lib/python3.9/site-packages/airflow/example_dags/plugins/listener_plugin.py
[2025-12-05T00:02:03.910+0600] {processor.py:841} WARNING - No viable dags retrieved from /Users/asminsadykova/Desktop/h&m/.venv/lib/python3.9/site-packages/airflow/example_dags/plugins/listener_plugin.py
[2025-12-05T00:02:03.963+0600] {processor.py:179} INFO - Processing /Users/asminsadykova/Desktop/h&m/.venv/lib/python3.9/site-packages/airflow/example_dags/plugins/listener_plugin.py took 0.057 seconds
[2025-12-05T00:02:49.393+0600] {processor.py:157} INFO - Started process (PID=42940) to work on /Users/asminsadykova/Desktop/h&m/.venv/lib/python3.9/site-packages/airflow/example_dags/plugins/listener_plugin.py
[2025-12-05T00:02:49.396+0600] {processor.py:829} INFO - Processing file /Users/asminsadykova/Desktop/h&m/.venv/lib/python3.9/site-packages/airflow/example_dags/plugins/listener_plugin.py for tasks to queue
[2025-12-05T00:02:49.396+0600] {logging_mixin.py:154} INFO - [2025-12-05T00:02:49.396+0600] {dagbag.py:536} INFO - Filling up the DagBag from /Users/asminsadykova/Desktop/h&m/.venv/lib/python3.9/site-packages/airflow/example_dags/plugins/listener_plugin.py
[2025-12-05T00:02:49.398+0600] {processor.py:841} WARNING - No viable dags retrieved from /Users/asminsadykova/Desktop/h&m/.venv/lib/python3.9/site-packages/airflow/example_dags/plugins/listener_plugin.py
[2025-12-05T00:02:49.451+0600] {processor.py:179} INFO - Processing /Users/asminsadykova/Desktop/h&m/.venv/lib/python3.9/site-packages/airflow/example_dags/plugins/listener_plugin.py took 0.059 seconds
[2025-12-05T00:03:36.807+0600] {processor.py:157} INFO - Started process (PID=42976) to work on /Users/asminsadykova/Desktop/h&m/.venv/lib/python3.9/site-packages/airflow/example_dags/plugins/listener_plugin.py
[2025-12-05T00:03:36.809+0600] {processor.py:829} INFO - Processing file /Users/asminsadykova/Desktop/h&m/.venv/lib/python3.9/site-packages/airflow/example_dags/plugins/listener_plugin.py for tasks to queue
[2025-12-05T00:03:36.809+0600] {logging_mixin.py:154} INFO - [2025-12-05T00:03:36.809+0600] {dagbag.py:536} INFO - Filling up the DagBag from /Users/asminsadykova/Desktop/h&m/.venv/lib/python3.9/site-packages/airflow/example_dags/plugins/listener_plugin.py
[2025-12-05T00:03:36.811+0600] {processor.py:841} WARNING - No viable dags retrieved from /Users/asminsadykova/Desktop/h&m/.venv/lib/python3.9/site-packages/airflow/example_dags/plugins/listener_plugin.py
[2025-12-05T00:03:36.865+0600] {processor.py:179} INFO - Processing /Users/asminsadykova/Desktop/h&m/.venv/lib/python3.9/site-packages/airflow/example_dags/plugins/listener_plugin.py took 0.058 seconds
[2025-12-05T00:04:22.473+0600] {processor.py:157} INFO - Started process (PID=43120) to work on /Users/asminsadykova/Desktop/h&m/.venv/lib/python3.9/site-packages/airflow/example_dags/plugins/listener_plugin.py
[2025-12-05T00:04:22.475+0600] {processor.py:829} INFO - Processing file /Users/asminsadykova/Desktop/h&m/.venv/lib/python3.9/site-packages/airflow/example_dags/plugins/listener_plugin.py for tasks to queue
[2025-12-05T00:04:22.475+0600] {logging_mixin.py:154} INFO - [2025-12-05T00:04:22.475+0600] {dagbag.py:536} INFO - Filling up the DagBag from /Users/asminsadykova/Desktop/h&m/.venv/lib/python3.9/site-packages/airflow/example_dags/plugins/listener_plugin.py
[2025-12-05T00:04:22.476+0600] {processor.py:841} WARNING - No viable dags retrieved from /Users/asminsadykova/Desktop/h&m/.venv/lib/python3.9/site-packages/airflow/example_dags/plugins/listener_plugin.py
[2025-12-05T00:04:22.536+0600] {processor.py:179} INFO - Processing /Users/asminsadykova/Desktop/h&m/.venv/lib/python3.9/site-packages/airflow/example_dags/plugins/listener_plugin.py took 0.063 seconds
[2025-12-05T00:05:09.916+0600] {processor.py:157} INFO - Started process (PID=43227) to work on /Users/asminsadykova/Desktop/h&m/.venv/lib/python3.9/site-packages/airflow/example_dags/plugins/listener_plugin.py
[2025-12-05T00:05:09.917+0600] {processor.py:829} INFO - Processing file /Users/asminsadykova/Desktop/h&m/.venv/lib/python3.9/site-packages/airflow/example_dags/plugins/listener_plugin.py for tasks to queue
[2025-12-05T00:05:09.918+0600] {logging_mixin.py:154} INFO - [2025-12-05T00:05:09.918+0600] {dagbag.py:536} INFO - Filling up the DagBag from /Users/asminsadykova/Desktop/h&m/.venv/lib/python3.9/site-packages/airflow/example_dags/plugins/listener_plugin.py
[2025-12-05T00:05:09.920+0600] {processor.py:841} WARNING - No viable dags retrieved from /Users/asminsadykova/Desktop/h&m/.venv/lib/python3.9/site-packages/airflow/example_dags/plugins/listener_plugin.py
[2025-12-05T00:05:10.077+0600] {processor.py:179} INFO - Processing /Users/asminsadykova/Desktop/h&m/.venv/lib/python3.9/site-packages/airflow/example_dags/plugins/listener_plugin.py took 0.162 seconds
[2025-12-05T00:05:58.040+0600] {processor.py:157} INFO - Started process (PID=43309) to work on /Users/asminsadykova/Desktop/h&m/.venv/lib/python3.9/site-packages/airflow/example_dags/plugins/listener_plugin.py
[2025-12-05T00:05:58.042+0600] {processor.py:829} INFO - Processing file /Users/asminsadykova/Desktop/h&m/.venv/lib/python3.9/site-packages/airflow/example_dags/plugins/listener_plugin.py for tasks to queue
[2025-12-05T00:05:58.042+0600] {logging_mixin.py:154} INFO - [2025-12-05T00:05:58.042+0600] {dagbag.py:536} INFO - Filling up the DagBag from /Users/asminsadykova/Desktop/h&m/.venv/lib/python3.9/site-packages/airflow/example_dags/plugins/listener_plugin.py
[2025-12-05T00:05:58.044+0600] {processor.py:841} WARNING - No viable dags retrieved from /Users/asminsadykova/Desktop/h&m/.venv/lib/python3.9/site-packages/airflow/example_dags/plugins/listener_plugin.py
[2025-12-05T00:05:58.101+0600] {processor.py:179} INFO - Processing /Users/asminsadykova/Desktop/h&m/.venv/lib/python3.9/site-packages/airflow/example_dags/plugins/listener_plugin.py took 0.061 seconds
[2025-12-05T00:06:40.987+0600] {processor.py:157} INFO - Started process (PID=43391) to work on /Users/asminsadykova/Desktop/h&m/.venv/lib/python3.9/site-packages/airflow/example_dags/plugins/listener_plugin.py
[2025-12-05T00:06:40.989+0600] {processor.py:829} INFO - Processing file /Users/asminsadykova/Desktop/h&m/.venv/lib/python3.9/site-packages/airflow/example_dags/plugins/listener_plugin.py for tasks to queue
[2025-12-05T00:06:40.989+0600] {logging_mixin.py:154} INFO - [2025-12-05T00:06:40.989+0600] {dagbag.py:536} INFO - Filling up the DagBag from /Users/asminsadykova/Desktop/h&m/.venv/lib/python3.9/site-packages/airflow/example_dags/plugins/listener_plugin.py
[2025-12-05T00:06:40.990+0600] {processor.py:841} WARNING - No viable dags retrieved from /Users/asminsadykova/Desktop/h&m/.venv/lib/python3.9/site-packages/airflow/example_dags/plugins/listener_plugin.py
[2025-12-05T00:06:41.044+0600] {processor.py:179} INFO - Processing /Users/asminsadykova/Desktop/h&m/.venv/lib/python3.9/site-packages/airflow/example_dags/plugins/listener_plugin.py took 0.057 seconds
[2025-12-05T00:07:24.836+0600] {processor.py:157} INFO - Started process (PID=43457) to work on /Users/asminsadykova/Desktop/h&m/.venv/lib/python3.9/site-packages/airflow/example_dags/plugins/listener_plugin.py
[2025-12-05T00:07:24.839+0600] {processor.py:829} INFO - Processing file /Users/asminsadykova/Desktop/h&m/.venv/lib/python3.9/site-packages/airflow/example_dags/plugins/listener_plugin.py for tasks to queue
[2025-12-05T00:07:24.839+0600] {logging_mixin.py:154} INFO - [2025-12-05T00:07:24.839+0600] {dagbag.py:536} INFO - Filling up the DagBag from /Users/asminsadykova/Desktop/h&m/.venv/lib/python3.9/site-packages/airflow/example_dags/plugins/listener_plugin.py
[2025-12-05T00:07:24.840+0600] {processor.py:841} WARNING - No viable dags retrieved from /Users/asminsadykova/Desktop/h&m/.venv/lib/python3.9/site-packages/airflow/example_dags/plugins/listener_plugin.py
[2025-12-05T00:07:24.893+0600] {processor.py:179} INFO - Processing /Users/asminsadykova/Desktop/h&m/.venv/lib/python3.9/site-packages/airflow/example_dags/plugins/listener_plugin.py took 0.057 seconds
[2025-12-05T00:08:06.973+0600] {processor.py:157} INFO - Started process (PID=43528) to work on /Users/asminsadykova/Desktop/h&m/.venv/lib/python3.9/site-packages/airflow/example_dags/plugins/listener_plugin.py
[2025-12-05T00:08:06.975+0600] {processor.py:829} INFO - Processing file /Users/asminsadykova/Desktop/h&m/.venv/lib/python3.9/site-packages/airflow/example_dags/plugins/listener_plugin.py for tasks to queue
[2025-12-05T00:08:06.975+0600] {logging_mixin.py:154} INFO - [2025-12-05T00:08:06.975+0600] {dagbag.py:536} INFO - Filling up the DagBag from /Users/asminsadykova/Desktop/h&m/.venv/lib/python3.9/site-packages/airflow/example_dags/plugins/listener_plugin.py
[2025-12-05T00:08:06.976+0600] {processor.py:841} WARNING - No viable dags retrieved from /Users/asminsadykova/Desktop/h&m/.venv/lib/python3.9/site-packages/airflow/example_dags/plugins/listener_plugin.py
[2025-12-05T00:08:07.034+0600] {processor.py:179} INFO - Processing /Users/asminsadykova/Desktop/h&m/.venv/lib/python3.9/site-packages/airflow/example_dags/plugins/listener_plugin.py took 0.061 seconds
[2025-12-05T00:08:51.770+0600] {processor.py:157} INFO - Started process (PID=43616) to work on /Users/asminsadykova/Desktop/h&m/.venv/lib/python3.9/site-packages/airflow/example_dags/plugins/listener_plugin.py
[2025-12-05T00:08:51.771+0600] {processor.py:829} INFO - Processing file /Users/asminsadykova/Desktop/h&m/.venv/lib/python3.9/site-packages/airflow/example_dags/plugins/listener_plugin.py for tasks to queue
[2025-12-05T00:08:51.772+0600] {logging_mixin.py:154} INFO - [2025-12-05T00:08:51.772+0600] {dagbag.py:536} INFO - Filling up the DagBag from /Users/asminsadykova/Desktop/h&m/.venv/lib/python3.9/site-packages/airflow/example_dags/plugins/listener_plugin.py
[2025-12-05T00:08:51.773+0600] {processor.py:841} WARNING - No viable dags retrieved from /Users/asminsadykova/Desktop/h&m/.venv/lib/python3.9/site-packages/airflow/example_dags/plugins/listener_plugin.py
[2025-12-05T00:08:51.831+0600] {processor.py:179} INFO - Processing /Users/asminsadykova/Desktop/h&m/.venv/lib/python3.9/site-packages/airflow/example_dags/plugins/listener_plugin.py took 0.061 seconds
[2025-12-05T00:09:39.064+0600] {processor.py:157} INFO - Started process (PID=43695) to work on /Users/asminsadykova/Desktop/h&m/.venv/lib/python3.9/site-packages/airflow/example_dags/plugins/listener_plugin.py
[2025-12-05T00:09:39.065+0600] {processor.py:829} INFO - Processing file /Users/asminsadykova/Desktop/h&m/.venv/lib/python3.9/site-packages/airflow/example_dags/plugins/listener_plugin.py for tasks to queue
[2025-12-05T00:09:39.065+0600] {logging_mixin.py:154} INFO - [2025-12-05T00:09:39.065+0600] {dagbag.py:536} INFO - Filling up the DagBag from /Users/asminsadykova/Desktop/h&m/.venv/lib/python3.9/site-packages/airflow/example_dags/plugins/listener_plugin.py
[2025-12-05T00:09:39.067+0600] {processor.py:841} WARNING - No viable dags retrieved from /Users/asminsadykova/Desktop/h&m/.venv/lib/python3.9/site-packages/airflow/example_dags/plugins/listener_plugin.py
[2025-12-05T00:09:39.123+0600] {processor.py:179} INFO - Processing /Users/asminsadykova/Desktop/h&m/.venv/lib/python3.9/site-packages/airflow/example_dags/plugins/listener_plugin.py took 0.060 seconds
[2025-12-05T00:10:27.547+0600] {processor.py:157} INFO - Started process (PID=43777) to work on /Users/asminsadykova/Desktop/h&m/.venv/lib/python3.9/site-packages/airflow/example_dags/plugins/listener_plugin.py
[2025-12-05T00:10:27.549+0600] {processor.py:829} INFO - Processing file /Users/asminsadykova/Desktop/h&m/.venv/lib/python3.9/site-packages/airflow/example_dags/plugins/listener_plugin.py for tasks to queue
[2025-12-05T00:10:27.549+0600] {logging_mixin.py:154} INFO - [2025-12-05T00:10:27.549+0600] {dagbag.py:536} INFO - Filling up the DagBag from /Users/asminsadykova/Desktop/h&m/.venv/lib/python3.9/site-packages/airflow/example_dags/plugins/listener_plugin.py
[2025-12-05T00:10:27.551+0600] {processor.py:841} WARNING - No viable dags retrieved from /Users/asminsadykova/Desktop/h&m/.venv/lib/python3.9/site-packages/airflow/example_dags/plugins/listener_plugin.py
[2025-12-05T00:10:27.609+0600] {processor.py:179} INFO - Processing /Users/asminsadykova/Desktop/h&m/.venv/lib/python3.9/site-packages/airflow/example_dags/plugins/listener_plugin.py took 0.063 seconds
[2025-12-05T00:11:15.032+0600] {processor.py:157} INFO - Started process (PID=43845) to work on /Users/asminsadykova/Desktop/h&m/.venv/lib/python3.9/site-packages/airflow/example_dags/plugins/listener_plugin.py
[2025-12-05T00:11:15.034+0600] {processor.py:829} INFO - Processing file /Users/asminsadykova/Desktop/h&m/.venv/lib/python3.9/site-packages/airflow/example_dags/plugins/listener_plugin.py for tasks to queue
[2025-12-05T00:11:15.034+0600] {logging_mixin.py:154} INFO - [2025-12-05T00:11:15.034+0600] {dagbag.py:536} INFO - Filling up the DagBag from /Users/asminsadykova/Desktop/h&m/.venv/lib/python3.9/site-packages/airflow/example_dags/plugins/listener_plugin.py
[2025-12-05T00:11:15.036+0600] {processor.py:841} WARNING - No viable dags retrieved from /Users/asminsadykova/Desktop/h&m/.venv/lib/python3.9/site-packages/airflow/example_dags/plugins/listener_plugin.py
[2025-12-05T00:11:15.093+0600] {processor.py:179} INFO - Processing /Users/asminsadykova/Desktop/h&m/.venv/lib/python3.9/site-packages/airflow/example_dags/plugins/listener_plugin.py took 0.060 seconds
[2025-12-05T00:12:00.931+0600] {processor.py:157} INFO - Started process (PID=43942) to work on /Users/asminsadykova/Desktop/h&m/.venv/lib/python3.9/site-packages/airflow/example_dags/plugins/listener_plugin.py
[2025-12-05T00:12:00.932+0600] {processor.py:829} INFO - Processing file /Users/asminsadykova/Desktop/h&m/.venv/lib/python3.9/site-packages/airflow/example_dags/plugins/listener_plugin.py for tasks to queue
[2025-12-05T00:12:00.932+0600] {logging_mixin.py:154} INFO - [2025-12-05T00:12:00.932+0600] {dagbag.py:536} INFO - Filling up the DagBag from /Users/asminsadykova/Desktop/h&m/.venv/lib/python3.9/site-packages/airflow/example_dags/plugins/listener_plugin.py
[2025-12-05T00:12:00.934+0600] {processor.py:841} WARNING - No viable dags retrieved from /Users/asminsadykova/Desktop/h&m/.venv/lib/python3.9/site-packages/airflow/example_dags/plugins/listener_plugin.py
[2025-12-05T00:12:00.992+0600] {processor.py:179} INFO - Processing /Users/asminsadykova/Desktop/h&m/.venv/lib/python3.9/site-packages/airflow/example_dags/plugins/listener_plugin.py took 0.062 seconds
[2025-12-05T00:12:46.944+0600] {processor.py:157} INFO - Started process (PID=44033) to work on /Users/asminsadykova/Desktop/h&m/.venv/lib/python3.9/site-packages/airflow/example_dags/plugins/listener_plugin.py
[2025-12-05T00:12:46.947+0600] {processor.py:829} INFO - Processing file /Users/asminsadykova/Desktop/h&m/.venv/lib/python3.9/site-packages/airflow/example_dags/plugins/listener_plugin.py for tasks to queue
[2025-12-05T00:12:46.947+0600] {logging_mixin.py:154} INFO - [2025-12-05T00:12:46.947+0600] {dagbag.py:536} INFO - Filling up the DagBag from /Users/asminsadykova/Desktop/h&m/.venv/lib/python3.9/site-packages/airflow/example_dags/plugins/listener_plugin.py
[2025-12-05T00:12:46.950+0600] {processor.py:841} WARNING - No viable dags retrieved from /Users/asminsadykova/Desktop/h&m/.venv/lib/python3.9/site-packages/airflow/example_dags/plugins/listener_plugin.py
[2025-12-05T00:12:47.024+0600] {processor.py:179} INFO - Processing /Users/asminsadykova/Desktop/h&m/.venv/lib/python3.9/site-packages/airflow/example_dags/plugins/listener_plugin.py took 0.080 seconds
