[2025-12-04T23:17:25.836+0600] {processor.py:157} INFO - Started process (PID=38903) to work on /Users/asminsadykova/Desktop/h&m/.venv/lib/python3.9/site-packages/airflow/example_dags/plugins/workday.py
[2025-12-04T23:17:25.836+0600] {processor.py:829} INFO - Processing file /Users/asminsadykova/Desktop/h&m/.venv/lib/python3.9/site-packages/airflow/example_dags/plugins/workday.py for tasks to queue
[2025-12-04T23:17:25.836+0600] {logging_mixin.py:154} INFO - [2025-12-04T23:17:25.836+0600] {dagbag.py:536} INFO - Filling up the DagBag from /Users/asminsadykova/Desktop/h&m/.venv/lib/python3.9/site-packages/airflow/example_dags/plugins/workday.py
[2025-12-04T23:17:25.837+0600] {logging_mixin.py:154} INFO - [2025-12-04T23:17:25.837+0600] {workday.py:36} WARNING - Could not import pandas. Holidays will not be considered.
[2025-12-04T23:17:25.837+0600] {processor.py:841} WARNING - No viable dags retrieved from /Users/asminsadykova/Desktop/h&m/.venv/lib/python3.9/site-packages/airflow/example_dags/plugins/workday.py
[2025-12-04T23:17:25.892+0600] {processor.py:179} INFO - Processing /Users/asminsadykova/Desktop/h&m/.venv/lib/python3.9/site-packages/airflow/example_dags/plugins/workday.py took 0.057 seconds
[2025-12-04T23:18:45.768+0600] {processor.py:157} INFO - Started process (PID=38994) to work on /Users/asminsadykova/Desktop/h&m/.venv/lib/python3.9/site-packages/airflow/example_dags/plugins/workday.py
[2025-12-04T23:18:45.768+0600] {processor.py:829} INFO - Processing file /Users/asminsadykova/Desktop/h&m/.venv/lib/python3.9/site-packages/airflow/example_dags/plugins/workday.py for tasks to queue
[2025-12-04T23:18:45.769+0600] {logging_mixin.py:154} INFO - [2025-12-04T23:18:45.769+0600] {dagbag.py:536} INFO - Filling up the DagBag from /Users/asminsadykova/Desktop/h&m/.venv/lib/python3.9/site-packages/airflow/example_dags/plugins/workday.py
[2025-12-04T23:18:45.770+0600] {logging_mixin.py:154} INFO - [2025-12-04T23:18:45.769+0600] {workday.py:36} WARNING - Could not import pandas. Holidays will not be considered.
[2025-12-04T23:18:45.770+0600] {processor.py:841} WARNING - No viable dags retrieved from /Users/asminsadykova/Desktop/h&m/.venv/lib/python3.9/site-packages/airflow/example_dags/plugins/workday.py
[2025-12-04T23:18:45.828+0600] {processor.py:179} INFO - Processing /Users/asminsadykova/Desktop/h&m/.venv/lib/python3.9/site-packages/airflow/example_dags/plugins/workday.py took 0.062 seconds
[2025-12-04T23:19:30.970+0600] {processor.py:157} INFO - Started process (PID=39051) to work on /Users/asminsadykova/Desktop/h&m/.venv/lib/python3.9/site-packages/airflow/example_dags/plugins/workday.py
[2025-12-04T23:19:30.971+0600] {processor.py:829} INFO - Processing file /Users/asminsadykova/Desktop/h&m/.venv/lib/python3.9/site-packages/airflow/example_dags/plugins/workday.py for tasks to queue
[2025-12-04T23:19:30.971+0600] {logging_mixin.py:154} INFO - [2025-12-04T23:19:30.971+0600] {dagbag.py:536} INFO - Filling up the DagBag from /Users/asminsadykova/Desktop/h&m/.venv/lib/python3.9/site-packages/airflow/example_dags/plugins/workday.py
[2025-12-04T23:19:30.972+0600] {logging_mixin.py:154} INFO - [2025-12-04T23:19:30.972+0600] {workday.py:36} WARNING - Could not import pandas. Holidays will not be considered.
[2025-12-04T23:19:30.972+0600] {processor.py:841} WARNING - No viable dags retrieved from /Users/asminsadykova/Desktop/h&m/.venv/lib/python3.9/site-packages/airflow/example_dags/plugins/workday.py
[2025-12-04T23:19:31.026+0600] {processor.py:179} INFO - Processing /Users/asminsadykova/Desktop/h&m/.venv/lib/python3.9/site-packages/airflow/example_dags/plugins/workday.py took 0.057 seconds
[2025-12-04T23:20:13.965+0600] {processor.py:157} INFO - Started process (PID=39101) to work on /Users/asminsadykova/Desktop/h&m/.venv/lib/python3.9/site-packages/airflow/example_dags/plugins/workday.py
[2025-12-04T23:20:13.967+0600] {processor.py:829} INFO - Processing file /Users/asminsadykova/Desktop/h&m/.venv/lib/python3.9/site-packages/airflow/example_dags/plugins/workday.py for tasks to queue
[2025-12-04T23:20:13.967+0600] {logging_mixin.py:154} INFO - [2025-12-04T23:20:13.967+0600] {dagbag.py:536} INFO - Filling up the DagBag from /Users/asminsadykova/Desktop/h&m/.venv/lib/python3.9/site-packages/airflow/example_dags/plugins/workday.py
[2025-12-04T23:20:13.968+0600] {logging_mixin.py:154} INFO - [2025-12-04T23:20:13.968+0600] {workday.py:36} WARNING - Could not import pandas. Holidays will not be considered.
[2025-12-04T23:20:13.968+0600] {processor.py:841} WARNING - No viable dags retrieved from /Users/asminsadykova/Desktop/h&m/.venv/lib/python3.9/site-packages/airflow/example_dags/plugins/workday.py
[2025-12-04T23:20:14.030+0600] {processor.py:179} INFO - Processing /Users/asminsadykova/Desktop/h&m/.venv/lib/python3.9/site-packages/airflow/example_dags/plugins/workday.py took 0.065 seconds
[2025-12-04T23:20:56.305+0600] {processor.py:157} INFO - Started process (PID=39144) to work on /Users/asminsadykova/Desktop/h&m/.venv/lib/python3.9/site-packages/airflow/example_dags/plugins/workday.py
[2025-12-04T23:20:56.306+0600] {processor.py:829} INFO - Processing file /Users/asminsadykova/Desktop/h&m/.venv/lib/python3.9/site-packages/airflow/example_dags/plugins/workday.py for tasks to queue
[2025-12-04T23:20:56.306+0600] {logging_mixin.py:154} INFO - [2025-12-04T23:20:56.306+0600] {dagbag.py:536} INFO - Filling up the DagBag from /Users/asminsadykova/Desktop/h&m/.venv/lib/python3.9/site-packages/airflow/example_dags/plugins/workday.py
[2025-12-04T23:20:56.307+0600] {logging_mixin.py:154} INFO - [2025-12-04T23:20:56.307+0600] {workday.py:36} WARNING - Could not import pandas. Holidays will not be considered.
[2025-12-04T23:20:56.307+0600] {processor.py:841} WARNING - No viable dags retrieved from /Users/asminsadykova/Desktop/h&m/.venv/lib/python3.9/site-packages/airflow/example_dags/plugins/workday.py
[2025-12-04T23:20:56.363+0600] {processor.py:179} INFO - Processing /Users/asminsadykova/Desktop/h&m/.venv/lib/python3.9/site-packages/airflow/example_dags/plugins/workday.py took 0.058 seconds
[2025-12-04T23:21:40.262+0600] {processor.py:157} INFO - Started process (PID=39206) to work on /Users/asminsadykova/Desktop/h&m/.venv/lib/python3.9/site-packages/airflow/example_dags/plugins/workday.py
[2025-12-04T23:21:40.263+0600] {processor.py:829} INFO - Processing file /Users/asminsadykova/Desktop/h&m/.venv/lib/python3.9/site-packages/airflow/example_dags/plugins/workday.py for tasks to queue
[2025-12-04T23:21:40.263+0600] {logging_mixin.py:154} INFO - [2025-12-04T23:21:40.263+0600] {dagbag.py:536} INFO - Filling up the DagBag from /Users/asminsadykova/Desktop/h&m/.venv/lib/python3.9/site-packages/airflow/example_dags/plugins/workday.py
[2025-12-04T23:21:40.264+0600] {logging_mixin.py:154} INFO - [2025-12-04T23:21:40.264+0600] {workday.py:36} WARNING - Could not import pandas. Holidays will not be considered.
[2025-12-04T23:21:40.264+0600] {processor.py:841} WARNING - No viable dags retrieved from /Users/asminsadykova/Desktop/h&m/.venv/lib/python3.9/site-packages/airflow/example_dags/plugins/workday.py
[2025-12-04T23:21:40.319+0600] {processor.py:179} INFO - Processing /Users/asminsadykova/Desktop/h&m/.venv/lib/python3.9/site-packages/airflow/example_dags/plugins/workday.py took 0.058 seconds
[2025-12-04T23:22:22.693+0600] {processor.py:157} INFO - Started process (PID=39247) to work on /Users/asminsadykova/Desktop/h&m/.venv/lib/python3.9/site-packages/airflow/example_dags/plugins/workday.py
[2025-12-04T23:22:22.694+0600] {processor.py:829} INFO - Processing file /Users/asminsadykova/Desktop/h&m/.venv/lib/python3.9/site-packages/airflow/example_dags/plugins/workday.py for tasks to queue
[2025-12-04T23:22:22.694+0600] {logging_mixin.py:154} INFO - [2025-12-04T23:22:22.694+0600] {dagbag.py:536} INFO - Filling up the DagBag from /Users/asminsadykova/Desktop/h&m/.venv/lib/python3.9/site-packages/airflow/example_dags/plugins/workday.py
[2025-12-04T23:22:22.695+0600] {logging_mixin.py:154} INFO - [2025-12-04T23:22:22.695+0600] {workday.py:36} WARNING - Could not import pandas. Holidays will not be considered.
[2025-12-04T23:22:22.695+0600] {processor.py:841} WARNING - No viable dags retrieved from /Users/asminsadykova/Desktop/h&m/.venv/lib/python3.9/site-packages/airflow/example_dags/plugins/workday.py
[2025-12-04T23:22:22.749+0600] {processor.py:179} INFO - Processing /Users/asminsadykova/Desktop/h&m/.venv/lib/python3.9/site-packages/airflow/example_dags/plugins/workday.py took 0.057 seconds
[2025-12-04T23:23:05.910+0600] {processor.py:157} INFO - Started process (PID=39285) to work on /Users/asminsadykova/Desktop/h&m/.venv/lib/python3.9/site-packages/airflow/example_dags/plugins/workday.py
[2025-12-04T23:23:05.912+0600] {processor.py:829} INFO - Processing file /Users/asminsadykova/Desktop/h&m/.venv/lib/python3.9/site-packages/airflow/example_dags/plugins/workday.py for tasks to queue
[2025-12-04T23:23:05.912+0600] {logging_mixin.py:154} INFO - [2025-12-04T23:23:05.912+0600] {dagbag.py:536} INFO - Filling up the DagBag from /Users/asminsadykova/Desktop/h&m/.venv/lib/python3.9/site-packages/airflow/example_dags/plugins/workday.py
[2025-12-04T23:23:05.913+0600] {logging_mixin.py:154} INFO - [2025-12-04T23:23:05.913+0600] {workday.py:36} WARNING - Could not import pandas. Holidays will not be considered.
[2025-12-04T23:23:05.913+0600] {processor.py:841} WARNING - No viable dags retrieved from /Users/asminsadykova/Desktop/h&m/.venv/lib/python3.9/site-packages/airflow/example_dags/plugins/workday.py
[2025-12-04T23:23:05.966+0600] {processor.py:179} INFO - Processing /Users/asminsadykova/Desktop/h&m/.venv/lib/python3.9/site-packages/airflow/example_dags/plugins/workday.py took 0.056 seconds
[2025-12-04T23:23:54.603+0600] {processor.py:157} INFO - Started process (PID=39445) to work on /Users/asminsadykova/Desktop/h&m/.venv/lib/python3.9/site-packages/airflow/example_dags/plugins/workday.py
[2025-12-04T23:23:54.605+0600] {processor.py:829} INFO - Processing file /Users/asminsadykova/Desktop/h&m/.venv/lib/python3.9/site-packages/airflow/example_dags/plugins/workday.py for tasks to queue
[2025-12-04T23:23:54.605+0600] {logging_mixin.py:154} INFO - [2025-12-04T23:23:54.605+0600] {dagbag.py:536} INFO - Filling up the DagBag from /Users/asminsadykova/Desktop/h&m/.venv/lib/python3.9/site-packages/airflow/example_dags/plugins/workday.py
[2025-12-04T23:23:54.606+0600] {logging_mixin.py:154} INFO - [2025-12-04T23:23:54.606+0600] {workday.py:36} WARNING - Could not import pandas. Holidays will not be considered.
[2025-12-04T23:23:54.606+0600] {processor.py:841} WARNING - No viable dags retrieved from /Users/asminsadykova/Desktop/h&m/.venv/lib/python3.9/site-packages/airflow/example_dags/plugins/workday.py
[2025-12-04T23:23:54.660+0600] {processor.py:179} INFO - Processing /Users/asminsadykova/Desktop/h&m/.venv/lib/python3.9/site-packages/airflow/example_dags/plugins/workday.py took 0.058 seconds
[2025-12-04T23:24:42.589+0600] {processor.py:157} INFO - Started process (PID=39486) to work on /Users/asminsadykova/Desktop/h&m/.venv/lib/python3.9/site-packages/airflow/example_dags/plugins/workday.py
[2025-12-04T23:24:42.590+0600] {processor.py:829} INFO - Processing file /Users/asminsadykova/Desktop/h&m/.venv/lib/python3.9/site-packages/airflow/example_dags/plugins/workday.py for tasks to queue
[2025-12-04T23:24:42.591+0600] {logging_mixin.py:154} INFO - [2025-12-04T23:24:42.591+0600] {dagbag.py:536} INFO - Filling up the DagBag from /Users/asminsadykova/Desktop/h&m/.venv/lib/python3.9/site-packages/airflow/example_dags/plugins/workday.py
[2025-12-04T23:24:42.591+0600] {logging_mixin.py:154} INFO - [2025-12-04T23:24:42.591+0600] {workday.py:36} WARNING - Could not import pandas. Holidays will not be considered.
[2025-12-04T23:24:42.591+0600] {processor.py:841} WARNING - No viable dags retrieved from /Users/asminsadykova/Desktop/h&m/.venv/lib/python3.9/site-packages/airflow/example_dags/plugins/workday.py
[2025-12-04T23:24:42.644+0600] {processor.py:179} INFO - Processing /Users/asminsadykova/Desktop/h&m/.venv/lib/python3.9/site-packages/airflow/example_dags/plugins/workday.py took 0.056 seconds
[2025-12-04T23:25:29.611+0600] {processor.py:157} INFO - Started process (PID=39527) to work on /Users/asminsadykova/Desktop/h&m/.venv/lib/python3.9/site-packages/airflow/example_dags/plugins/workday.py
[2025-12-04T23:25:29.612+0600] {processor.py:829} INFO - Processing file /Users/asminsadykova/Desktop/h&m/.venv/lib/python3.9/site-packages/airflow/example_dags/plugins/workday.py for tasks to queue
[2025-12-04T23:25:29.613+0600] {logging_mixin.py:154} INFO - [2025-12-04T23:25:29.613+0600] {dagbag.py:536} INFO - Filling up the DagBag from /Users/asminsadykova/Desktop/h&m/.venv/lib/python3.9/site-packages/airflow/example_dags/plugins/workday.py
[2025-12-04T23:25:29.613+0600] {logging_mixin.py:154} INFO - [2025-12-04T23:25:29.613+0600] {workday.py:36} WARNING - Could not import pandas. Holidays will not be considered.
[2025-12-04T23:25:29.614+0600] {processor.py:841} WARNING - No viable dags retrieved from /Users/asminsadykova/Desktop/h&m/.venv/lib/python3.9/site-packages/airflow/example_dags/plugins/workday.py
[2025-12-04T23:25:29.666+0600] {processor.py:179} INFO - Processing /Users/asminsadykova/Desktop/h&m/.venv/lib/python3.9/site-packages/airflow/example_dags/plugins/workday.py took 0.056 seconds
[2025-12-04T23:26:16.089+0600] {processor.py:157} INFO - Started process (PID=39575) to work on /Users/asminsadykova/Desktop/h&m/.venv/lib/python3.9/site-packages/airflow/example_dags/plugins/workday.py
[2025-12-04T23:26:16.090+0600] {processor.py:829} INFO - Processing file /Users/asminsadykova/Desktop/h&m/.venv/lib/python3.9/site-packages/airflow/example_dags/plugins/workday.py for tasks to queue
[2025-12-04T23:26:16.090+0600] {logging_mixin.py:154} INFO - [2025-12-04T23:26:16.090+0600] {dagbag.py:536} INFO - Filling up the DagBag from /Users/asminsadykova/Desktop/h&m/.venv/lib/python3.9/site-packages/airflow/example_dags/plugins/workday.py
[2025-12-04T23:26:16.091+0600] {logging_mixin.py:154} INFO - [2025-12-04T23:26:16.091+0600] {workday.py:36} WARNING - Could not import pandas. Holidays will not be considered.
[2025-12-04T23:26:16.091+0600] {processor.py:841} WARNING - No viable dags retrieved from /Users/asminsadykova/Desktop/h&m/.venv/lib/python3.9/site-packages/airflow/example_dags/plugins/workday.py
[2025-12-04T23:26:16.147+0600] {processor.py:179} INFO - Processing /Users/asminsadykova/Desktop/h&m/.venv/lib/python3.9/site-packages/airflow/example_dags/plugins/workday.py took 0.059 seconds
[2025-12-04T23:27:06.494+0600] {processor.py:157} INFO - Started process (PID=39622) to work on /Users/asminsadykova/Desktop/h&m/.venv/lib/python3.9/site-packages/airflow/example_dags/plugins/workday.py
[2025-12-04T23:27:06.495+0600] {processor.py:829} INFO - Processing file /Users/asminsadykova/Desktop/h&m/.venv/lib/python3.9/site-packages/airflow/example_dags/plugins/workday.py for tasks to queue
[2025-12-04T23:27:06.495+0600] {logging_mixin.py:154} INFO - [2025-12-04T23:27:06.495+0600] {dagbag.py:536} INFO - Filling up the DagBag from /Users/asminsadykova/Desktop/h&m/.venv/lib/python3.9/site-packages/airflow/example_dags/plugins/workday.py
[2025-12-04T23:27:06.496+0600] {logging_mixin.py:154} INFO - [2025-12-04T23:27:06.496+0600] {workday.py:36} WARNING - Could not import pandas. Holidays will not be considered.
[2025-12-04T23:27:06.496+0600] {processor.py:841} WARNING - No viable dags retrieved from /Users/asminsadykova/Desktop/h&m/.venv/lib/python3.9/site-packages/airflow/example_dags/plugins/workday.py
[2025-12-04T23:27:06.554+0600] {processor.py:179} INFO - Processing /Users/asminsadykova/Desktop/h&m/.venv/lib/python3.9/site-packages/airflow/example_dags/plugins/workday.py took 0.061 seconds
[2025-12-04T23:27:54.219+0600] {processor.py:157} INFO - Started process (PID=39677) to work on /Users/asminsadykova/Desktop/h&m/.venv/lib/python3.9/site-packages/airflow/example_dags/plugins/workday.py
[2025-12-04T23:27:54.220+0600] {processor.py:829} INFO - Processing file /Users/asminsadykova/Desktop/h&m/.venv/lib/python3.9/site-packages/airflow/example_dags/plugins/workday.py for tasks to queue
[2025-12-04T23:27:54.221+0600] {logging_mixin.py:154} INFO - [2025-12-04T23:27:54.221+0600] {dagbag.py:536} INFO - Filling up the DagBag from /Users/asminsadykova/Desktop/h&m/.venv/lib/python3.9/site-packages/airflow/example_dags/plugins/workday.py
[2025-12-04T23:27:54.221+0600] {logging_mixin.py:154} INFO - [2025-12-04T23:27:54.221+0600] {workday.py:36} WARNING - Could not import pandas. Holidays will not be considered.
[2025-12-04T23:27:54.222+0600] {processor.py:841} WARNING - No viable dags retrieved from /Users/asminsadykova/Desktop/h&m/.venv/lib/python3.9/site-packages/airflow/example_dags/plugins/workday.py
[2025-12-04T23:27:54.278+0600] {processor.py:179} INFO - Processing /Users/asminsadykova/Desktop/h&m/.venv/lib/python3.9/site-packages/airflow/example_dags/plugins/workday.py took 0.059 seconds
[2025-12-04T23:28:36.440+0600] {processor.py:157} INFO - Started process (PID=39722) to work on /Users/asminsadykova/Desktop/h&m/.venv/lib/python3.9/site-packages/airflow/example_dags/plugins/workday.py
[2025-12-04T23:28:36.441+0600] {processor.py:829} INFO - Processing file /Users/asminsadykova/Desktop/h&m/.venv/lib/python3.9/site-packages/airflow/example_dags/plugins/workday.py for tasks to queue
[2025-12-04T23:28:36.442+0600] {logging_mixin.py:154} INFO - [2025-12-04T23:28:36.442+0600] {dagbag.py:536} INFO - Filling up the DagBag from /Users/asminsadykova/Desktop/h&m/.venv/lib/python3.9/site-packages/airflow/example_dags/plugins/workday.py
[2025-12-04T23:28:36.442+0600] {logging_mixin.py:154} INFO - [2025-12-04T23:28:36.442+0600] {workday.py:36} WARNING - Could not import pandas. Holidays will not be considered.
[2025-12-04T23:28:36.442+0600] {processor.py:841} WARNING - No viable dags retrieved from /Users/asminsadykova/Desktop/h&m/.venv/lib/python3.9/site-packages/airflow/example_dags/plugins/workday.py
[2025-12-04T23:28:36.496+0600] {processor.py:179} INFO - Processing /Users/asminsadykova/Desktop/h&m/.venv/lib/python3.9/site-packages/airflow/example_dags/plugins/workday.py took 0.056 seconds
[2025-12-04T23:29:18.827+0600] {processor.py:157} INFO - Started process (PID=39759) to work on /Users/asminsadykova/Desktop/h&m/.venv/lib/python3.9/site-packages/airflow/example_dags/plugins/workday.py
[2025-12-04T23:29:18.829+0600] {processor.py:829} INFO - Processing file /Users/asminsadykova/Desktop/h&m/.venv/lib/python3.9/site-packages/airflow/example_dags/plugins/workday.py for tasks to queue
[2025-12-04T23:29:18.829+0600] {logging_mixin.py:154} INFO - [2025-12-04T23:29:18.829+0600] {dagbag.py:536} INFO - Filling up the DagBag from /Users/asminsadykova/Desktop/h&m/.venv/lib/python3.9/site-packages/airflow/example_dags/plugins/workday.py
[2025-12-04T23:29:18.830+0600] {logging_mixin.py:154} INFO - [2025-12-04T23:29:18.830+0600] {workday.py:36} WARNING - Could not import pandas. Holidays will not be considered.
[2025-12-04T23:29:18.830+0600] {processor.py:841} WARNING - No viable dags retrieved from /Users/asminsadykova/Desktop/h&m/.venv/lib/python3.9/site-packages/airflow/example_dags/plugins/workday.py
[2025-12-04T23:29:18.886+0600] {processor.py:179} INFO - Processing /Users/asminsadykova/Desktop/h&m/.venv/lib/python3.9/site-packages/airflow/example_dags/plugins/workday.py took 0.059 seconds
[2025-12-04T23:30:01.108+0600] {processor.py:157} INFO - Started process (PID=39794) to work on /Users/asminsadykova/Desktop/h&m/.venv/lib/python3.9/site-packages/airflow/example_dags/plugins/workday.py
[2025-12-04T23:30:01.109+0600] {processor.py:829} INFO - Processing file /Users/asminsadykova/Desktop/h&m/.venv/lib/python3.9/site-packages/airflow/example_dags/plugins/workday.py for tasks to queue
[2025-12-04T23:30:01.110+0600] {logging_mixin.py:154} INFO - [2025-12-04T23:30:01.109+0600] {dagbag.py:536} INFO - Filling up the DagBag from /Users/asminsadykova/Desktop/h&m/.venv/lib/python3.9/site-packages/airflow/example_dags/plugins/workday.py
[2025-12-04T23:30:01.110+0600] {logging_mixin.py:154} INFO - [2025-12-04T23:30:01.110+0600] {workday.py:36} WARNING - Could not import pandas. Holidays will not be considered.
[2025-12-04T23:30:01.110+0600] {processor.py:841} WARNING - No viable dags retrieved from /Users/asminsadykova/Desktop/h&m/.venv/lib/python3.9/site-packages/airflow/example_dags/plugins/workday.py
[2025-12-04T23:30:01.166+0600] {processor.py:179} INFO - Processing /Users/asminsadykova/Desktop/h&m/.venv/lib/python3.9/site-packages/airflow/example_dags/plugins/workday.py took 0.058 seconds
[2025-12-04T23:30:41.786+0600] {processor.py:157} INFO - Started process (PID=39830) to work on /Users/asminsadykova/Desktop/h&m/.venv/lib/python3.9/site-packages/airflow/example_dags/plugins/workday.py
[2025-12-04T23:30:41.787+0600] {processor.py:829} INFO - Processing file /Users/asminsadykova/Desktop/h&m/.venv/lib/python3.9/site-packages/airflow/example_dags/plugins/workday.py for tasks to queue
[2025-12-04T23:30:41.787+0600] {logging_mixin.py:154} INFO - [2025-12-04T23:30:41.787+0600] {dagbag.py:536} INFO - Filling up the DagBag from /Users/asminsadykova/Desktop/h&m/.venv/lib/python3.9/site-packages/airflow/example_dags/plugins/workday.py
[2025-12-04T23:30:41.788+0600] {logging_mixin.py:154} INFO - [2025-12-04T23:30:41.788+0600] {workday.py:36} WARNING - Could not import pandas. Holidays will not be considered.
[2025-12-04T23:30:41.788+0600] {processor.py:841} WARNING - No viable dags retrieved from /Users/asminsadykova/Desktop/h&m/.venv/lib/python3.9/site-packages/airflow/example_dags/plugins/workday.py
[2025-12-04T23:30:41.841+0600] {processor.py:179} INFO - Processing /Users/asminsadykova/Desktop/h&m/.venv/lib/python3.9/site-packages/airflow/example_dags/plugins/workday.py took 0.055 seconds
[2025-12-04T23:31:22.051+0600] {processor.py:157} INFO - Started process (PID=39860) to work on /Users/asminsadykova/Desktop/h&m/.venv/lib/python3.9/site-packages/airflow/example_dags/plugins/workday.py
[2025-12-04T23:31:22.052+0600] {processor.py:829} INFO - Processing file /Users/asminsadykova/Desktop/h&m/.venv/lib/python3.9/site-packages/airflow/example_dags/plugins/workday.py for tasks to queue
[2025-12-04T23:31:22.053+0600] {logging_mixin.py:154} INFO - [2025-12-04T23:31:22.053+0600] {dagbag.py:536} INFO - Filling up the DagBag from /Users/asminsadykova/Desktop/h&m/.venv/lib/python3.9/site-packages/airflow/example_dags/plugins/workday.py
[2025-12-04T23:31:22.053+0600] {logging_mixin.py:154} INFO - [2025-12-04T23:31:22.053+0600] {workday.py:36} WARNING - Could not import pandas. Holidays will not be considered.
[2025-12-04T23:31:22.053+0600] {processor.py:841} WARNING - No viable dags retrieved from /Users/asminsadykova/Desktop/h&m/.venv/lib/python3.9/site-packages/airflow/example_dags/plugins/workday.py
[2025-12-04T23:31:22.116+0600] {processor.py:179} INFO - Processing /Users/asminsadykova/Desktop/h&m/.venv/lib/python3.9/site-packages/airflow/example_dags/plugins/workday.py took 0.065 seconds
[2025-12-04T23:32:06.020+0600] {processor.py:157} INFO - Started process (PID=39897) to work on /Users/asminsadykova/Desktop/h&m/.venv/lib/python3.9/site-packages/airflow/example_dags/plugins/workday.py
[2025-12-04T23:32:06.021+0600] {processor.py:829} INFO - Processing file /Users/asminsadykova/Desktop/h&m/.venv/lib/python3.9/site-packages/airflow/example_dags/plugins/workday.py for tasks to queue
[2025-12-04T23:32:06.021+0600] {logging_mixin.py:154} INFO - [2025-12-04T23:32:06.021+0600] {dagbag.py:536} INFO - Filling up the DagBag from /Users/asminsadykova/Desktop/h&m/.venv/lib/python3.9/site-packages/airflow/example_dags/plugins/workday.py
[2025-12-04T23:32:06.022+0600] {logging_mixin.py:154} INFO - [2025-12-04T23:32:06.022+0600] {workday.py:36} WARNING - Could not import pandas. Holidays will not be considered.
[2025-12-04T23:32:06.022+0600] {processor.py:841} WARNING - No viable dags retrieved from /Users/asminsadykova/Desktop/h&m/.venv/lib/python3.9/site-packages/airflow/example_dags/plugins/workday.py
[2025-12-04T23:32:06.077+0600] {processor.py:179} INFO - Processing /Users/asminsadykova/Desktop/h&m/.venv/lib/python3.9/site-packages/airflow/example_dags/plugins/workday.py took 0.058 seconds
[2025-12-04T23:32:50.953+0600] {processor.py:157} INFO - Started process (PID=40078) to work on /Users/asminsadykova/Desktop/h&m/.venv/lib/python3.9/site-packages/airflow/example_dags/plugins/workday.py
[2025-12-04T23:32:50.955+0600] {processor.py:829} INFO - Processing file /Users/asminsadykova/Desktop/h&m/.venv/lib/python3.9/site-packages/airflow/example_dags/plugins/workday.py for tasks to queue
[2025-12-04T23:32:50.955+0600] {logging_mixin.py:154} INFO - [2025-12-04T23:32:50.955+0600] {dagbag.py:536} INFO - Filling up the DagBag from /Users/asminsadykova/Desktop/h&m/.venv/lib/python3.9/site-packages/airflow/example_dags/plugins/workday.py
[2025-12-04T23:32:50.956+0600] {logging_mixin.py:154} INFO - [2025-12-04T23:32:50.956+0600] {workday.py:36} WARNING - Could not import pandas. Holidays will not be considered.
[2025-12-04T23:32:50.956+0600] {processor.py:841} WARNING - No viable dags retrieved from /Users/asminsadykova/Desktop/h&m/.venv/lib/python3.9/site-packages/airflow/example_dags/plugins/workday.py
[2025-12-04T23:32:51.027+0600] {processor.py:179} INFO - Processing /Users/asminsadykova/Desktop/h&m/.venv/lib/python3.9/site-packages/airflow/example_dags/plugins/workday.py took 0.075 seconds
[2025-12-04T23:33:32.179+0600] {processor.py:157} INFO - Started process (PID=40124) to work on /Users/asminsadykova/Desktop/h&m/.venv/lib/python3.9/site-packages/airflow/example_dags/plugins/workday.py
[2025-12-04T23:33:32.180+0600] {processor.py:829} INFO - Processing file /Users/asminsadykova/Desktop/h&m/.venv/lib/python3.9/site-packages/airflow/example_dags/plugins/workday.py for tasks to queue
[2025-12-04T23:33:32.180+0600] {logging_mixin.py:154} INFO - [2025-12-04T23:33:32.180+0600] {dagbag.py:536} INFO - Filling up the DagBag from /Users/asminsadykova/Desktop/h&m/.venv/lib/python3.9/site-packages/airflow/example_dags/plugins/workday.py
[2025-12-04T23:33:32.181+0600] {logging_mixin.py:154} INFO - [2025-12-04T23:33:32.181+0600] {workday.py:36} WARNING - Could not import pandas. Holidays will not be considered.
[2025-12-04T23:33:32.181+0600] {processor.py:841} WARNING - No viable dags retrieved from /Users/asminsadykova/Desktop/h&m/.venv/lib/python3.9/site-packages/airflow/example_dags/plugins/workday.py
[2025-12-04T23:33:32.234+0600] {processor.py:179} INFO - Processing /Users/asminsadykova/Desktop/h&m/.venv/lib/python3.9/site-packages/airflow/example_dags/plugins/workday.py took 0.056 seconds
[2025-12-04T23:34:14.513+0600] {processor.py:157} INFO - Started process (PID=40162) to work on /Users/asminsadykova/Desktop/h&m/.venv/lib/python3.9/site-packages/airflow/example_dags/plugins/workday.py
[2025-12-04T23:34:14.514+0600] {processor.py:829} INFO - Processing file /Users/asminsadykova/Desktop/h&m/.venv/lib/python3.9/site-packages/airflow/example_dags/plugins/workday.py for tasks to queue
[2025-12-04T23:34:14.515+0600] {logging_mixin.py:154} INFO - [2025-12-04T23:34:14.514+0600] {dagbag.py:536} INFO - Filling up the DagBag from /Users/asminsadykova/Desktop/h&m/.venv/lib/python3.9/site-packages/airflow/example_dags/plugins/workday.py
[2025-12-04T23:34:14.515+0600] {logging_mixin.py:154} INFO - [2025-12-04T23:34:14.515+0600] {workday.py:36} WARNING - Could not import pandas. Holidays will not be considered.
[2025-12-04T23:34:14.516+0600] {processor.py:841} WARNING - No viable dags retrieved from /Users/asminsadykova/Desktop/h&m/.venv/lib/python3.9/site-packages/airflow/example_dags/plugins/workday.py
[2025-12-04T23:34:14.570+0600] {processor.py:179} INFO - Processing /Users/asminsadykova/Desktop/h&m/.venv/lib/python3.9/site-packages/airflow/example_dags/plugins/workday.py took 0.058 seconds
[2025-12-04T23:34:59.937+0600] {processor.py:157} INFO - Started process (PID=40208) to work on /Users/asminsadykova/Desktop/h&m/.venv/lib/python3.9/site-packages/airflow/example_dags/plugins/workday.py
[2025-12-04T23:34:59.938+0600] {processor.py:829} INFO - Processing file /Users/asminsadykova/Desktop/h&m/.venv/lib/python3.9/site-packages/airflow/example_dags/plugins/workday.py for tasks to queue
[2025-12-04T23:34:59.938+0600] {logging_mixin.py:154} INFO - [2025-12-04T23:34:59.938+0600] {dagbag.py:536} INFO - Filling up the DagBag from /Users/asminsadykova/Desktop/h&m/.venv/lib/python3.9/site-packages/airflow/example_dags/plugins/workday.py
[2025-12-04T23:34:59.939+0600] {logging_mixin.py:154} INFO - [2025-12-04T23:34:59.939+0600] {workday.py:36} WARNING - Could not import pandas. Holidays will not be considered.
[2025-12-04T23:34:59.939+0600] {processor.py:841} WARNING - No viable dags retrieved from /Users/asminsadykova/Desktop/h&m/.venv/lib/python3.9/site-packages/airflow/example_dags/plugins/workday.py
[2025-12-04T23:34:59.997+0600] {processor.py:179} INFO - Processing /Users/asminsadykova/Desktop/h&m/.venv/lib/python3.9/site-packages/airflow/example_dags/plugins/workday.py took 0.061 seconds
[2025-12-04T23:35:48.890+0600] {processor.py:157} INFO - Started process (PID=40250) to work on /Users/asminsadykova/Desktop/h&m/.venv/lib/python3.9/site-packages/airflow/example_dags/plugins/workday.py
[2025-12-04T23:35:48.892+0600] {processor.py:829} INFO - Processing file /Users/asminsadykova/Desktop/h&m/.venv/lib/python3.9/site-packages/airflow/example_dags/plugins/workday.py for tasks to queue
[2025-12-04T23:35:48.892+0600] {logging_mixin.py:154} INFO - [2025-12-04T23:35:48.892+0600] {dagbag.py:536} INFO - Filling up the DagBag from /Users/asminsadykova/Desktop/h&m/.venv/lib/python3.9/site-packages/airflow/example_dags/plugins/workday.py
[2025-12-04T23:35:48.893+0600] {logging_mixin.py:154} INFO - [2025-12-04T23:35:48.893+0600] {workday.py:36} WARNING - Could not import pandas. Holidays will not be considered.
[2025-12-04T23:35:48.893+0600] {processor.py:841} WARNING - No viable dags retrieved from /Users/asminsadykova/Desktop/h&m/.venv/lib/python3.9/site-packages/airflow/example_dags/plugins/workday.py
[2025-12-04T23:35:48.953+0600] {processor.py:179} INFO - Processing /Users/asminsadykova/Desktop/h&m/.venv/lib/python3.9/site-packages/airflow/example_dags/plugins/workday.py took 0.063 seconds
[2025-12-04T23:36:37.835+0600] {processor.py:157} INFO - Started process (PID=40295) to work on /Users/asminsadykova/Desktop/h&m/.venv/lib/python3.9/site-packages/airflow/example_dags/plugins/workday.py
[2025-12-04T23:36:37.837+0600] {processor.py:829} INFO - Processing file /Users/asminsadykova/Desktop/h&m/.venv/lib/python3.9/site-packages/airflow/example_dags/plugins/workday.py for tasks to queue
[2025-12-04T23:36:37.837+0600] {logging_mixin.py:154} INFO - [2025-12-04T23:36:37.837+0600] {dagbag.py:536} INFO - Filling up the DagBag from /Users/asminsadykova/Desktop/h&m/.venv/lib/python3.9/site-packages/airflow/example_dags/plugins/workday.py
[2025-12-04T23:36:37.838+0600] {logging_mixin.py:154} INFO - [2025-12-04T23:36:37.838+0600] {workday.py:36} WARNING - Could not import pandas. Holidays will not be considered.
[2025-12-04T23:36:37.838+0600] {processor.py:841} WARNING - No viable dags retrieved from /Users/asminsadykova/Desktop/h&m/.venv/lib/python3.9/site-packages/airflow/example_dags/plugins/workday.py
[2025-12-04T23:36:37.891+0600] {processor.py:179} INFO - Processing /Users/asminsadykova/Desktop/h&m/.venv/lib/python3.9/site-packages/airflow/example_dags/plugins/workday.py took 0.056 seconds
[2025-12-04T23:37:23.337+0600] {processor.py:157} INFO - Started process (PID=40343) to work on /Users/asminsadykova/Desktop/h&m/.venv/lib/python3.9/site-packages/airflow/example_dags/plugins/workday.py
[2025-12-04T23:37:23.338+0600] {processor.py:829} INFO - Processing file /Users/asminsadykova/Desktop/h&m/.venv/lib/python3.9/site-packages/airflow/example_dags/plugins/workday.py for tasks to queue
[2025-12-04T23:37:23.338+0600] {logging_mixin.py:154} INFO - [2025-12-04T23:37:23.338+0600] {dagbag.py:536} INFO - Filling up the DagBag from /Users/asminsadykova/Desktop/h&m/.venv/lib/python3.9/site-packages/airflow/example_dags/plugins/workday.py
[2025-12-04T23:37:23.339+0600] {logging_mixin.py:154} INFO - [2025-12-04T23:37:23.339+0600] {workday.py:36} WARNING - Could not import pandas. Holidays will not be considered.
[2025-12-04T23:37:23.339+0600] {processor.py:841} WARNING - No viable dags retrieved from /Users/asminsadykova/Desktop/h&m/.venv/lib/python3.9/site-packages/airflow/example_dags/plugins/workday.py
[2025-12-04T23:37:23.392+0600] {processor.py:179} INFO - Processing /Users/asminsadykova/Desktop/h&m/.venv/lib/python3.9/site-packages/airflow/example_dags/plugins/workday.py took 0.056 seconds
[2025-12-04T23:38:07.147+0600] {processor.py:157} INFO - Started process (PID=40385) to work on /Users/asminsadykova/Desktop/h&m/.venv/lib/python3.9/site-packages/airflow/example_dags/plugins/workday.py
[2025-12-04T23:38:07.148+0600] {processor.py:829} INFO - Processing file /Users/asminsadykova/Desktop/h&m/.venv/lib/python3.9/site-packages/airflow/example_dags/plugins/workday.py for tasks to queue
[2025-12-04T23:38:07.148+0600] {logging_mixin.py:154} INFO - [2025-12-04T23:38:07.148+0600] {dagbag.py:536} INFO - Filling up the DagBag from /Users/asminsadykova/Desktop/h&m/.venv/lib/python3.9/site-packages/airflow/example_dags/plugins/workday.py
[2025-12-04T23:38:07.149+0600] {logging_mixin.py:154} INFO - [2025-12-04T23:38:07.149+0600] {workday.py:36} WARNING - Could not import pandas. Holidays will not be considered.
[2025-12-04T23:38:07.149+0600] {processor.py:841} WARNING - No viable dags retrieved from /Users/asminsadykova/Desktop/h&m/.venv/lib/python3.9/site-packages/airflow/example_dags/plugins/workday.py
[2025-12-04T23:38:07.203+0600] {processor.py:179} INFO - Processing /Users/asminsadykova/Desktop/h&m/.venv/lib/python3.9/site-packages/airflow/example_dags/plugins/workday.py took 0.056 seconds
[2025-12-04T23:38:57.620+0600] {processor.py:157} INFO - Started process (PID=40425) to work on /Users/asminsadykova/Desktop/h&m/.venv/lib/python3.9/site-packages/airflow/example_dags/plugins/workday.py
[2025-12-04T23:38:57.622+0600] {processor.py:829} INFO - Processing file /Users/asminsadykova/Desktop/h&m/.venv/lib/python3.9/site-packages/airflow/example_dags/plugins/workday.py for tasks to queue
[2025-12-04T23:38:57.622+0600] {logging_mixin.py:154} INFO - [2025-12-04T23:38:57.622+0600] {dagbag.py:536} INFO - Filling up the DagBag from /Users/asminsadykova/Desktop/h&m/.venv/lib/python3.9/site-packages/airflow/example_dags/plugins/workday.py
[2025-12-04T23:38:57.623+0600] {logging_mixin.py:154} INFO - [2025-12-04T23:38:57.623+0600] {workday.py:36} WARNING - Could not import pandas. Holidays will not be considered.
[2025-12-04T23:38:57.623+0600] {processor.py:841} WARNING - No viable dags retrieved from /Users/asminsadykova/Desktop/h&m/.venv/lib/python3.9/site-packages/airflow/example_dags/plugins/workday.py
[2025-12-04T23:38:57.684+0600] {processor.py:179} INFO - Processing /Users/asminsadykova/Desktop/h&m/.venv/lib/python3.9/site-packages/airflow/example_dags/plugins/workday.py took 0.065 seconds
[2025-12-04T23:39:43.424+0600] {processor.py:157} INFO - Started process (PID=40472) to work on /Users/asminsadykova/Desktop/h&m/.venv/lib/python3.9/site-packages/airflow/example_dags/plugins/workday.py
[2025-12-04T23:39:43.425+0600] {processor.py:829} INFO - Processing file /Users/asminsadykova/Desktop/h&m/.venv/lib/python3.9/site-packages/airflow/example_dags/plugins/workday.py for tasks to queue
[2025-12-04T23:39:43.425+0600] {logging_mixin.py:154} INFO - [2025-12-04T23:39:43.425+0600] {dagbag.py:536} INFO - Filling up the DagBag from /Users/asminsadykova/Desktop/h&m/.venv/lib/python3.9/site-packages/airflow/example_dags/plugins/workday.py
[2025-12-04T23:39:43.426+0600] {logging_mixin.py:154} INFO - [2025-12-04T23:39:43.426+0600] {workday.py:36} WARNING - Could not import pandas. Holidays will not be considered.
[2025-12-04T23:39:43.426+0600] {processor.py:841} WARNING - No viable dags retrieved from /Users/asminsadykova/Desktop/h&m/.venv/lib/python3.9/site-packages/airflow/example_dags/plugins/workday.py
[2025-12-04T23:39:43.483+0600] {processor.py:179} INFO - Processing /Users/asminsadykova/Desktop/h&m/.venv/lib/python3.9/site-packages/airflow/example_dags/plugins/workday.py took 0.060 seconds
[2025-12-04T23:40:30.703+0600] {processor.py:157} INFO - Started process (PID=40558) to work on /Users/asminsadykova/Desktop/h&m/.venv/lib/python3.9/site-packages/airflow/example_dags/plugins/workday.py
[2025-12-04T23:40:30.705+0600] {processor.py:829} INFO - Processing file /Users/asminsadykova/Desktop/h&m/.venv/lib/python3.9/site-packages/airflow/example_dags/plugins/workday.py for tasks to queue
[2025-12-04T23:40:30.705+0600] {logging_mixin.py:154} INFO - [2025-12-04T23:40:30.705+0600] {dagbag.py:536} INFO - Filling up the DagBag from /Users/asminsadykova/Desktop/h&m/.venv/lib/python3.9/site-packages/airflow/example_dags/plugins/workday.py
[2025-12-04T23:40:30.706+0600] {logging_mixin.py:154} INFO - [2025-12-04T23:40:30.706+0600] {workday.py:36} WARNING - Could not import pandas. Holidays will not be considered.
[2025-12-04T23:40:30.706+0600] {processor.py:841} WARNING - No viable dags retrieved from /Users/asminsadykova/Desktop/h&m/.venv/lib/python3.9/site-packages/airflow/example_dags/plugins/workday.py
[2025-12-04T23:40:30.761+0600] {processor.py:179} INFO - Processing /Users/asminsadykova/Desktop/h&m/.venv/lib/python3.9/site-packages/airflow/example_dags/plugins/workday.py took 0.058 seconds
[2025-12-04T23:41:20.103+0600] {processor.py:157} INFO - Started process (PID=40598) to work on /Users/asminsadykova/Desktop/h&m/.venv/lib/python3.9/site-packages/airflow/example_dags/plugins/workday.py
[2025-12-04T23:41:20.104+0600] {processor.py:829} INFO - Processing file /Users/asminsadykova/Desktop/h&m/.venv/lib/python3.9/site-packages/airflow/example_dags/plugins/workday.py for tasks to queue
[2025-12-04T23:41:20.105+0600] {logging_mixin.py:154} INFO - [2025-12-04T23:41:20.104+0600] {dagbag.py:536} INFO - Filling up the DagBag from /Users/asminsadykova/Desktop/h&m/.venv/lib/python3.9/site-packages/airflow/example_dags/plugins/workday.py
[2025-12-04T23:41:20.105+0600] {logging_mixin.py:154} INFO - [2025-12-04T23:41:20.105+0600] {workday.py:36} WARNING - Could not import pandas. Holidays will not be considered.
[2025-12-04T23:41:20.105+0600] {processor.py:841} WARNING - No viable dags retrieved from /Users/asminsadykova/Desktop/h&m/.venv/lib/python3.9/site-packages/airflow/example_dags/plugins/workday.py
[2025-12-04T23:41:20.160+0600] {processor.py:179} INFO - Processing /Users/asminsadykova/Desktop/h&m/.venv/lib/python3.9/site-packages/airflow/example_dags/plugins/workday.py took 0.058 seconds
[2025-12-04T23:42:04.015+0600] {processor.py:157} INFO - Started process (PID=40642) to work on /Users/asminsadykova/Desktop/h&m/.venv/lib/python3.9/site-packages/airflow/example_dags/plugins/workday.py
[2025-12-04T23:42:04.016+0600] {processor.py:829} INFO - Processing file /Users/asminsadykova/Desktop/h&m/.venv/lib/python3.9/site-packages/airflow/example_dags/plugins/workday.py for tasks to queue
[2025-12-04T23:42:04.017+0600] {logging_mixin.py:154} INFO - [2025-12-04T23:42:04.017+0600] {dagbag.py:536} INFO - Filling up the DagBag from /Users/asminsadykova/Desktop/h&m/.venv/lib/python3.9/site-packages/airflow/example_dags/plugins/workday.py
[2025-12-04T23:42:04.018+0600] {logging_mixin.py:154} INFO - [2025-12-04T23:42:04.017+0600] {workday.py:36} WARNING - Could not import pandas. Holidays will not be considered.
[2025-12-04T23:42:04.018+0600] {processor.py:841} WARNING - No viable dags retrieved from /Users/asminsadykova/Desktop/h&m/.venv/lib/python3.9/site-packages/airflow/example_dags/plugins/workday.py
[2025-12-04T23:42:04.078+0600] {processor.py:179} INFO - Processing /Users/asminsadykova/Desktop/h&m/.venv/lib/python3.9/site-packages/airflow/example_dags/plugins/workday.py took 0.064 seconds
[2025-12-04T23:42:46.733+0600] {processor.py:157} INFO - Started process (PID=40712) to work on /Users/asminsadykova/Desktop/h&m/.venv/lib/python3.9/site-packages/airflow/example_dags/plugins/workday.py
[2025-12-04T23:42:46.735+0600] {processor.py:829} INFO - Processing file /Users/asminsadykova/Desktop/h&m/.venv/lib/python3.9/site-packages/airflow/example_dags/plugins/workday.py for tasks to queue
[2025-12-04T23:42:46.735+0600] {logging_mixin.py:154} INFO - [2025-12-04T23:42:46.735+0600] {dagbag.py:536} INFO - Filling up the DagBag from /Users/asminsadykova/Desktop/h&m/.venv/lib/python3.9/site-packages/airflow/example_dags/plugins/workday.py
[2025-12-04T23:42:46.736+0600] {logging_mixin.py:154} INFO - [2025-12-04T23:42:46.736+0600] {workday.py:36} WARNING - Could not import pandas. Holidays will not be considered.
[2025-12-04T23:42:46.736+0600] {processor.py:841} WARNING - No viable dags retrieved from /Users/asminsadykova/Desktop/h&m/.venv/lib/python3.9/site-packages/airflow/example_dags/plugins/workday.py
[2025-12-04T23:42:46.797+0600] {processor.py:179} INFO - Processing /Users/asminsadykova/Desktop/h&m/.venv/lib/python3.9/site-packages/airflow/example_dags/plugins/workday.py took 0.065 seconds
[2025-12-04T23:43:35.438+0600] {processor.py:157} INFO - Started process (PID=40766) to work on /Users/asminsadykova/Desktop/h&m/.venv/lib/python3.9/site-packages/airflow/example_dags/plugins/workday.py
[2025-12-04T23:43:35.440+0600] {processor.py:829} INFO - Processing file /Users/asminsadykova/Desktop/h&m/.venv/lib/python3.9/site-packages/airflow/example_dags/plugins/workday.py for tasks to queue
[2025-12-04T23:43:35.440+0600] {logging_mixin.py:154} INFO - [2025-12-04T23:43:35.440+0600] {dagbag.py:536} INFO - Filling up the DagBag from /Users/asminsadykova/Desktop/h&m/.venv/lib/python3.9/site-packages/airflow/example_dags/plugins/workday.py
[2025-12-04T23:43:35.441+0600] {logging_mixin.py:154} INFO - [2025-12-04T23:43:35.441+0600] {workday.py:36} WARNING - Could not import pandas. Holidays will not be considered.
[2025-12-04T23:43:35.441+0600] {processor.py:841} WARNING - No viable dags retrieved from /Users/asminsadykova/Desktop/h&m/.venv/lib/python3.9/site-packages/airflow/example_dags/plugins/workday.py
[2025-12-04T23:43:35.496+0600] {processor.py:179} INFO - Processing /Users/asminsadykova/Desktop/h&m/.venv/lib/python3.9/site-packages/airflow/example_dags/plugins/workday.py took 0.058 seconds
[2025-12-04T23:44:23.488+0600] {processor.py:157} INFO - Started process (PID=40887) to work on /Users/asminsadykova/Desktop/h&m/.venv/lib/python3.9/site-packages/airflow/example_dags/plugins/workday.py
[2025-12-04T23:44:23.491+0600] {processor.py:829} INFO - Processing file /Users/asminsadykova/Desktop/h&m/.venv/lib/python3.9/site-packages/airflow/example_dags/plugins/workday.py for tasks to queue
[2025-12-04T23:44:23.491+0600] {logging_mixin.py:154} INFO - [2025-12-04T23:44:23.491+0600] {dagbag.py:536} INFO - Filling up the DagBag from /Users/asminsadykova/Desktop/h&m/.venv/lib/python3.9/site-packages/airflow/example_dags/plugins/workday.py
[2025-12-04T23:44:23.492+0600] {logging_mixin.py:154} INFO - [2025-12-04T23:44:23.491+0600] {workday.py:36} WARNING - Could not import pandas. Holidays will not be considered.
[2025-12-04T23:44:23.492+0600] {processor.py:841} WARNING - No viable dags retrieved from /Users/asminsadykova/Desktop/h&m/.venv/lib/python3.9/site-packages/airflow/example_dags/plugins/workday.py
[2025-12-04T23:44:23.547+0600] {processor.py:179} INFO - Processing /Users/asminsadykova/Desktop/h&m/.venv/lib/python3.9/site-packages/airflow/example_dags/plugins/workday.py took 0.060 seconds
[2025-12-04T23:45:12.202+0600] {processor.py:157} INFO - Started process (PID=41067) to work on /Users/asminsadykova/Desktop/h&m/.venv/lib/python3.9/site-packages/airflow/example_dags/plugins/workday.py
[2025-12-04T23:45:12.204+0600] {processor.py:829} INFO - Processing file /Users/asminsadykova/Desktop/h&m/.venv/lib/python3.9/site-packages/airflow/example_dags/plugins/workday.py for tasks to queue
[2025-12-04T23:45:12.204+0600] {logging_mixin.py:154} INFO - [2025-12-04T23:45:12.204+0600] {dagbag.py:536} INFO - Filling up the DagBag from /Users/asminsadykova/Desktop/h&m/.venv/lib/python3.9/site-packages/airflow/example_dags/plugins/workday.py
[2025-12-04T23:45:12.205+0600] {logging_mixin.py:154} INFO - [2025-12-04T23:45:12.205+0600] {workday.py:36} WARNING - Could not import pandas. Holidays will not be considered.
[2025-12-04T23:45:12.205+0600] {processor.py:841} WARNING - No viable dags retrieved from /Users/asminsadykova/Desktop/h&m/.venv/lib/python3.9/site-packages/airflow/example_dags/plugins/workday.py
[2025-12-04T23:45:12.259+0600] {processor.py:179} INFO - Processing /Users/asminsadykova/Desktop/h&m/.venv/lib/python3.9/site-packages/airflow/example_dags/plugins/workday.py took 0.059 seconds
[2025-12-04T23:45:59.277+0600] {processor.py:157} INFO - Started process (PID=41284) to work on /Users/asminsadykova/Desktop/h&m/.venv/lib/python3.9/site-packages/airflow/example_dags/plugins/workday.py
[2025-12-04T23:45:59.279+0600] {processor.py:829} INFO - Processing file /Users/asminsadykova/Desktop/h&m/.venv/lib/python3.9/site-packages/airflow/example_dags/plugins/workday.py for tasks to queue
[2025-12-04T23:45:59.279+0600] {logging_mixin.py:154} INFO - [2025-12-04T23:45:59.279+0600] {dagbag.py:536} INFO - Filling up the DagBag from /Users/asminsadykova/Desktop/h&m/.venv/lib/python3.9/site-packages/airflow/example_dags/plugins/workday.py
[2025-12-04T23:45:59.280+0600] {logging_mixin.py:154} INFO - [2025-12-04T23:45:59.280+0600] {workday.py:36} WARNING - Could not import pandas. Holidays will not be considered.
[2025-12-04T23:45:59.280+0600] {processor.py:841} WARNING - No viable dags retrieved from /Users/asminsadykova/Desktop/h&m/.venv/lib/python3.9/site-packages/airflow/example_dags/plugins/workday.py
[2025-12-04T23:45:59.336+0600] {processor.py:179} INFO - Processing /Users/asminsadykova/Desktop/h&m/.venv/lib/python3.9/site-packages/airflow/example_dags/plugins/workday.py took 0.059 seconds
[2025-12-04T23:46:48.201+0600] {processor.py:157} INFO - Started process (PID=41466) to work on /Users/asminsadykova/Desktop/h&m/.venv/lib/python3.9/site-packages/airflow/example_dags/plugins/workday.py
[2025-12-04T23:46:48.204+0600] {processor.py:829} INFO - Processing file /Users/asminsadykova/Desktop/h&m/.venv/lib/python3.9/site-packages/airflow/example_dags/plugins/workday.py for tasks to queue
[2025-12-04T23:46:48.204+0600] {logging_mixin.py:154} INFO - [2025-12-04T23:46:48.204+0600] {dagbag.py:536} INFO - Filling up the DagBag from /Users/asminsadykova/Desktop/h&m/.venv/lib/python3.9/site-packages/airflow/example_dags/plugins/workday.py
[2025-12-04T23:46:48.205+0600] {logging_mixin.py:154} INFO - [2025-12-04T23:46:48.205+0600] {workday.py:36} WARNING - Could not import pandas. Holidays will not be considered.
[2025-12-04T23:46:48.205+0600] {processor.py:841} WARNING - No viable dags retrieved from /Users/asminsadykova/Desktop/h&m/.venv/lib/python3.9/site-packages/airflow/example_dags/plugins/workday.py
[2025-12-04T23:46:48.258+0600] {processor.py:179} INFO - Processing /Users/asminsadykova/Desktop/h&m/.venv/lib/python3.9/site-packages/airflow/example_dags/plugins/workday.py took 0.058 seconds
[2025-12-04T23:47:33.107+0600] {processor.py:157} INFO - Started process (PID=41580) to work on /Users/asminsadykova/Desktop/h&m/.venv/lib/python3.9/site-packages/airflow/example_dags/plugins/workday.py
[2025-12-04T23:47:33.109+0600] {processor.py:829} INFO - Processing file /Users/asminsadykova/Desktop/h&m/.venv/lib/python3.9/site-packages/airflow/example_dags/plugins/workday.py for tasks to queue
[2025-12-04T23:47:33.109+0600] {logging_mixin.py:154} INFO - [2025-12-04T23:47:33.109+0600] {dagbag.py:536} INFO - Filling up the DagBag from /Users/asminsadykova/Desktop/h&m/.venv/lib/python3.9/site-packages/airflow/example_dags/plugins/workday.py
[2025-12-04T23:47:33.110+0600] {logging_mixin.py:154} INFO - [2025-12-04T23:47:33.110+0600] {workday.py:36} WARNING - Could not import pandas. Holidays will not be considered.
[2025-12-04T23:47:33.110+0600] {processor.py:841} WARNING - No viable dags retrieved from /Users/asminsadykova/Desktop/h&m/.venv/lib/python3.9/site-packages/airflow/example_dags/plugins/workday.py
[2025-12-04T23:47:33.165+0600] {processor.py:179} INFO - Processing /Users/asminsadykova/Desktop/h&m/.venv/lib/python3.9/site-packages/airflow/example_dags/plugins/workday.py took 0.058 seconds
[2025-12-04T23:48:14.387+0600] {processor.py:157} INFO - Started process (PID=41631) to work on /Users/asminsadykova/Desktop/h&m/.venv/lib/python3.9/site-packages/airflow/example_dags/plugins/workday.py
[2025-12-04T23:48:14.389+0600] {processor.py:829} INFO - Processing file /Users/asminsadykova/Desktop/h&m/.venv/lib/python3.9/site-packages/airflow/example_dags/plugins/workday.py for tasks to queue
[2025-12-04T23:48:14.389+0600] {logging_mixin.py:154} INFO - [2025-12-04T23:48:14.389+0600] {dagbag.py:536} INFO - Filling up the DagBag from /Users/asminsadykova/Desktop/h&m/.venv/lib/python3.9/site-packages/airflow/example_dags/plugins/workday.py
[2025-12-04T23:48:14.390+0600] {logging_mixin.py:154} INFO - [2025-12-04T23:48:14.390+0600] {workday.py:36} WARNING - Could not import pandas. Holidays will not be considered.
[2025-12-04T23:48:14.390+0600] {processor.py:841} WARNING - No viable dags retrieved from /Users/asminsadykova/Desktop/h&m/.venv/lib/python3.9/site-packages/airflow/example_dags/plugins/workday.py
[2025-12-04T23:48:14.443+0600] {processor.py:179} INFO - Processing /Users/asminsadykova/Desktop/h&m/.venv/lib/python3.9/site-packages/airflow/example_dags/plugins/workday.py took 0.057 seconds
[2025-12-04T23:48:58.782+0600] {processor.py:157} INFO - Started process (PID=41686) to work on /Users/asminsadykova/Desktop/h&m/.venv/lib/python3.9/site-packages/airflow/example_dags/plugins/workday.py
[2025-12-04T23:48:58.783+0600] {processor.py:829} INFO - Processing file /Users/asminsadykova/Desktop/h&m/.venv/lib/python3.9/site-packages/airflow/example_dags/plugins/workday.py for tasks to queue
[2025-12-04T23:48:58.783+0600] {logging_mixin.py:154} INFO - [2025-12-04T23:48:58.783+0600] {dagbag.py:536} INFO - Filling up the DagBag from /Users/asminsadykova/Desktop/h&m/.venv/lib/python3.9/site-packages/airflow/example_dags/plugins/workday.py
[2025-12-04T23:48:58.784+0600] {logging_mixin.py:154} INFO - [2025-12-04T23:48:58.784+0600] {workday.py:36} WARNING - Could not import pandas. Holidays will not be considered.
[2025-12-04T23:48:58.784+0600] {processor.py:841} WARNING - No viable dags retrieved from /Users/asminsadykova/Desktop/h&m/.venv/lib/python3.9/site-packages/airflow/example_dags/plugins/workday.py
[2025-12-04T23:48:58.840+0600] {processor.py:179} INFO - Processing /Users/asminsadykova/Desktop/h&m/.venv/lib/python3.9/site-packages/airflow/example_dags/plugins/workday.py took 0.059 seconds
[2025-12-04T23:49:44.547+0600] {processor.py:157} INFO - Started process (PID=41771) to work on /Users/asminsadykova/Desktop/h&m/.venv/lib/python3.9/site-packages/airflow/example_dags/plugins/workday.py
[2025-12-04T23:49:44.548+0600] {processor.py:829} INFO - Processing file /Users/asminsadykova/Desktop/h&m/.venv/lib/python3.9/site-packages/airflow/example_dags/plugins/workday.py for tasks to queue
[2025-12-04T23:49:44.548+0600] {logging_mixin.py:154} INFO - [2025-12-04T23:49:44.548+0600] {dagbag.py:536} INFO - Filling up the DagBag from /Users/asminsadykova/Desktop/h&m/.venv/lib/python3.9/site-packages/airflow/example_dags/plugins/workday.py
[2025-12-04T23:49:44.549+0600] {logging_mixin.py:154} INFO - [2025-12-04T23:49:44.549+0600] {workday.py:36} WARNING - Could not import pandas. Holidays will not be considered.
[2025-12-04T23:49:44.549+0600] {processor.py:841} WARNING - No viable dags retrieved from /Users/asminsadykova/Desktop/h&m/.venv/lib/python3.9/site-packages/airflow/example_dags/plugins/workday.py
[2025-12-04T23:49:44.604+0600] {processor.py:179} INFO - Processing /Users/asminsadykova/Desktop/h&m/.venv/lib/python3.9/site-packages/airflow/example_dags/plugins/workday.py took 0.058 seconds
[2025-12-04T23:50:34.657+0600] {processor.py:157} INFO - Started process (PID=41812) to work on /Users/asminsadykova/Desktop/h&m/.venv/lib/python3.9/site-packages/airflow/example_dags/plugins/workday.py
[2025-12-04T23:50:34.658+0600] {processor.py:829} INFO - Processing file /Users/asminsadykova/Desktop/h&m/.venv/lib/python3.9/site-packages/airflow/example_dags/plugins/workday.py for tasks to queue
[2025-12-04T23:50:34.658+0600] {logging_mixin.py:154} INFO - [2025-12-04T23:50:34.658+0600] {dagbag.py:536} INFO - Filling up the DagBag from /Users/asminsadykova/Desktop/h&m/.venv/lib/python3.9/site-packages/airflow/example_dags/plugins/workday.py
[2025-12-04T23:50:34.659+0600] {logging_mixin.py:154} INFO - [2025-12-04T23:50:34.659+0600] {workday.py:36} WARNING - Could not import pandas. Holidays will not be considered.
[2025-12-04T23:50:34.660+0600] {processor.py:841} WARNING - No viable dags retrieved from /Users/asminsadykova/Desktop/h&m/.venv/lib/python3.9/site-packages/airflow/example_dags/plugins/workday.py
[2025-12-04T23:50:34.720+0600] {processor.py:179} INFO - Processing /Users/asminsadykova/Desktop/h&m/.venv/lib/python3.9/site-packages/airflow/example_dags/plugins/workday.py took 0.064 seconds
[2025-12-04T23:51:25.156+0600] {processor.py:157} INFO - Started process (PID=41925) to work on /Users/asminsadykova/Desktop/h&m/.venv/lib/python3.9/site-packages/airflow/example_dags/plugins/workday.py
[2025-12-04T23:51:25.157+0600] {processor.py:829} INFO - Processing file /Users/asminsadykova/Desktop/h&m/.venv/lib/python3.9/site-packages/airflow/example_dags/plugins/workday.py for tasks to queue
[2025-12-04T23:51:25.158+0600] {logging_mixin.py:154} INFO - [2025-12-04T23:51:25.157+0600] {dagbag.py:536} INFO - Filling up the DagBag from /Users/asminsadykova/Desktop/h&m/.venv/lib/python3.9/site-packages/airflow/example_dags/plugins/workday.py
[2025-12-04T23:51:25.158+0600] {logging_mixin.py:154} INFO - [2025-12-04T23:51:25.158+0600] {workday.py:36} WARNING - Could not import pandas. Holidays will not be considered.
[2025-12-04T23:51:25.158+0600] {processor.py:841} WARNING - No viable dags retrieved from /Users/asminsadykova/Desktop/h&m/.venv/lib/python3.9/site-packages/airflow/example_dags/plugins/workday.py
[2025-12-04T23:51:25.211+0600] {processor.py:179} INFO - Processing /Users/asminsadykova/Desktop/h&m/.venv/lib/python3.9/site-packages/airflow/example_dags/plugins/workday.py took 0.056 seconds
[2025-12-04T23:52:10.824+0600] {processor.py:157} INFO - Started process (PID=42049) to work on /Users/asminsadykova/Desktop/h&m/.venv/lib/python3.9/site-packages/airflow/example_dags/plugins/workday.py
[2025-12-04T23:52:10.826+0600] {processor.py:829} INFO - Processing file /Users/asminsadykova/Desktop/h&m/.venv/lib/python3.9/site-packages/airflow/example_dags/plugins/workday.py for tasks to queue
[2025-12-04T23:52:10.826+0600] {logging_mixin.py:154} INFO - [2025-12-04T23:52:10.826+0600] {dagbag.py:536} INFO - Filling up the DagBag from /Users/asminsadykova/Desktop/h&m/.venv/lib/python3.9/site-packages/airflow/example_dags/plugins/workday.py
[2025-12-04T23:52:10.827+0600] {logging_mixin.py:154} INFO - [2025-12-04T23:52:10.827+0600] {workday.py:36} WARNING - Could not import pandas. Holidays will not be considered.
[2025-12-04T23:52:10.827+0600] {processor.py:841} WARNING - No viable dags retrieved from /Users/asminsadykova/Desktop/h&m/.venv/lib/python3.9/site-packages/airflow/example_dags/plugins/workday.py
[2025-12-04T23:52:10.885+0600] {processor.py:179} INFO - Processing /Users/asminsadykova/Desktop/h&m/.venv/lib/python3.9/site-packages/airflow/example_dags/plugins/workday.py took 0.062 seconds
[2025-12-04T23:52:58.019+0600] {processor.py:157} INFO - Started process (PID=42097) to work on /Users/asminsadykova/Desktop/h&m/.venv/lib/python3.9/site-packages/airflow/example_dags/plugins/workday.py
[2025-12-04T23:52:58.021+0600] {processor.py:829} INFO - Processing file /Users/asminsadykova/Desktop/h&m/.venv/lib/python3.9/site-packages/airflow/example_dags/plugins/workday.py for tasks to queue
[2025-12-04T23:52:58.021+0600] {logging_mixin.py:154} INFO - [2025-12-04T23:52:58.021+0600] {dagbag.py:536} INFO - Filling up the DagBag from /Users/asminsadykova/Desktop/h&m/.venv/lib/python3.9/site-packages/airflow/example_dags/plugins/workday.py
[2025-12-04T23:52:58.022+0600] {logging_mixin.py:154} INFO - [2025-12-04T23:52:58.021+0600] {workday.py:36} WARNING - Could not import pandas. Holidays will not be considered.
[2025-12-04T23:52:58.022+0600] {processor.py:841} WARNING - No viable dags retrieved from /Users/asminsadykova/Desktop/h&m/.venv/lib/python3.9/site-packages/airflow/example_dags/plugins/workday.py
[2025-12-04T23:52:58.075+0600] {processor.py:179} INFO - Processing /Users/asminsadykova/Desktop/h&m/.venv/lib/python3.9/site-packages/airflow/example_dags/plugins/workday.py took 0.057 seconds
[2025-12-04T23:53:47.241+0600] {processor.py:157} INFO - Started process (PID=42148) to work on /Users/asminsadykova/Desktop/h&m/.venv/lib/python3.9/site-packages/airflow/example_dags/plugins/workday.py
[2025-12-04T23:53:47.243+0600] {processor.py:829} INFO - Processing file /Users/asminsadykova/Desktop/h&m/.venv/lib/python3.9/site-packages/airflow/example_dags/plugins/workday.py for tasks to queue
[2025-12-04T23:53:47.243+0600] {logging_mixin.py:154} INFO - [2025-12-04T23:53:47.243+0600] {dagbag.py:536} INFO - Filling up the DagBag from /Users/asminsadykova/Desktop/h&m/.venv/lib/python3.9/site-packages/airflow/example_dags/plugins/workday.py
[2025-12-04T23:53:47.244+0600] {logging_mixin.py:154} INFO - [2025-12-04T23:53:47.244+0600] {workday.py:36} WARNING - Could not import pandas. Holidays will not be considered.
[2025-12-04T23:53:47.244+0600] {processor.py:841} WARNING - No viable dags retrieved from /Users/asminsadykova/Desktop/h&m/.venv/lib/python3.9/site-packages/airflow/example_dags/plugins/workday.py
[2025-12-04T23:53:47.300+0600] {processor.py:179} INFO - Processing /Users/asminsadykova/Desktop/h&m/.venv/lib/python3.9/site-packages/airflow/example_dags/plugins/workday.py took 0.059 seconds
[2025-12-04T23:54:31.644+0600] {processor.py:157} INFO - Started process (PID=42184) to work on /Users/asminsadykova/Desktop/h&m/.venv/lib/python3.9/site-packages/airflow/example_dags/plugins/workday.py
[2025-12-04T23:54:31.646+0600] {processor.py:829} INFO - Processing file /Users/asminsadykova/Desktop/h&m/.venv/lib/python3.9/site-packages/airflow/example_dags/plugins/workday.py for tasks to queue
[2025-12-04T23:54:31.646+0600] {logging_mixin.py:154} INFO - [2025-12-04T23:54:31.646+0600] {dagbag.py:536} INFO - Filling up the DagBag from /Users/asminsadykova/Desktop/h&m/.venv/lib/python3.9/site-packages/airflow/example_dags/plugins/workday.py
[2025-12-04T23:54:31.647+0600] {logging_mixin.py:154} INFO - [2025-12-04T23:54:31.647+0600] {workday.py:36} WARNING - Could not import pandas. Holidays will not be considered.
[2025-12-04T23:54:31.647+0600] {processor.py:841} WARNING - No viable dags retrieved from /Users/asminsadykova/Desktop/h&m/.venv/lib/python3.9/site-packages/airflow/example_dags/plugins/workday.py
[2025-12-04T23:54:31.707+0600] {processor.py:179} INFO - Processing /Users/asminsadykova/Desktop/h&m/.venv/lib/python3.9/site-packages/airflow/example_dags/plugins/workday.py took 0.063 seconds
[2025-12-04T23:55:13.812+0600] {processor.py:157} INFO - Started process (PID=42226) to work on /Users/asminsadykova/Desktop/h&m/.venv/lib/python3.9/site-packages/airflow/example_dags/plugins/workday.py
[2025-12-04T23:55:13.813+0600] {processor.py:829} INFO - Processing file /Users/asminsadykova/Desktop/h&m/.venv/lib/python3.9/site-packages/airflow/example_dags/plugins/workday.py for tasks to queue
[2025-12-04T23:55:13.813+0600] {logging_mixin.py:154} INFO - [2025-12-04T23:55:13.813+0600] {dagbag.py:536} INFO - Filling up the DagBag from /Users/asminsadykova/Desktop/h&m/.venv/lib/python3.9/site-packages/airflow/example_dags/plugins/workday.py
[2025-12-04T23:55:13.814+0600] {logging_mixin.py:154} INFO - [2025-12-04T23:55:13.814+0600] {workday.py:36} WARNING - Could not import pandas. Holidays will not be considered.
[2025-12-04T23:55:13.814+0600] {processor.py:841} WARNING - No viable dags retrieved from /Users/asminsadykova/Desktop/h&m/.venv/lib/python3.9/site-packages/airflow/example_dags/plugins/workday.py
[2025-12-04T23:55:13.871+0600] {processor.py:179} INFO - Processing /Users/asminsadykova/Desktop/h&m/.venv/lib/python3.9/site-packages/airflow/example_dags/plugins/workday.py took 0.059 seconds
[2025-12-04T23:55:57.649+0600] {processor.py:157} INFO - Started process (PID=42266) to work on /Users/asminsadykova/Desktop/h&m/.venv/lib/python3.9/site-packages/airflow/example_dags/plugins/workday.py
[2025-12-04T23:55:57.650+0600] {processor.py:829} INFO - Processing file /Users/asminsadykova/Desktop/h&m/.venv/lib/python3.9/site-packages/airflow/example_dags/plugins/workday.py for tasks to queue
[2025-12-04T23:55:57.650+0600] {logging_mixin.py:154} INFO - [2025-12-04T23:55:57.650+0600] {dagbag.py:536} INFO - Filling up the DagBag from /Users/asminsadykova/Desktop/h&m/.venv/lib/python3.9/site-packages/airflow/example_dags/plugins/workday.py
[2025-12-04T23:55:57.651+0600] {logging_mixin.py:154} INFO - [2025-12-04T23:55:57.651+0600] {workday.py:36} WARNING - Could not import pandas. Holidays will not be considered.
[2025-12-04T23:55:57.651+0600] {processor.py:841} WARNING - No viable dags retrieved from /Users/asminsadykova/Desktop/h&m/.venv/lib/python3.9/site-packages/airflow/example_dags/plugins/workday.py
[2025-12-04T23:55:57.706+0600] {processor.py:179} INFO - Processing /Users/asminsadykova/Desktop/h&m/.venv/lib/python3.9/site-packages/airflow/example_dags/plugins/workday.py took 0.058 seconds
[2025-12-04T23:56:43.619+0600] {processor.py:157} INFO - Started process (PID=42300) to work on /Users/asminsadykova/Desktop/h&m/.venv/lib/python3.9/site-packages/airflow/example_dags/plugins/workday.py
[2025-12-04T23:56:43.620+0600] {processor.py:829} INFO - Processing file /Users/asminsadykova/Desktop/h&m/.venv/lib/python3.9/site-packages/airflow/example_dags/plugins/workday.py for tasks to queue
[2025-12-04T23:56:43.621+0600] {logging_mixin.py:154} INFO - [2025-12-04T23:56:43.621+0600] {dagbag.py:536} INFO - Filling up the DagBag from /Users/asminsadykova/Desktop/h&m/.venv/lib/python3.9/site-packages/airflow/example_dags/plugins/workday.py
[2025-12-04T23:56:43.621+0600] {logging_mixin.py:154} INFO - [2025-12-04T23:56:43.621+0600] {workday.py:36} WARNING - Could not import pandas. Holidays will not be considered.
[2025-12-04T23:56:43.622+0600] {processor.py:841} WARNING - No viable dags retrieved from /Users/asminsadykova/Desktop/h&m/.venv/lib/python3.9/site-packages/airflow/example_dags/plugins/workday.py
[2025-12-04T23:56:43.679+0600] {processor.py:179} INFO - Processing /Users/asminsadykova/Desktop/h&m/.venv/lib/python3.9/site-packages/airflow/example_dags/plugins/workday.py took 0.061 seconds
[2025-12-04T23:57:28.997+0600] {processor.py:157} INFO - Started process (PID=42336) to work on /Users/asminsadykova/Desktop/h&m/.venv/lib/python3.9/site-packages/airflow/example_dags/plugins/workday.py
[2025-12-04T23:57:29.001+0600] {processor.py:829} INFO - Processing file /Users/asminsadykova/Desktop/h&m/.venv/lib/python3.9/site-packages/airflow/example_dags/plugins/workday.py for tasks to queue
[2025-12-04T23:57:29.001+0600] {logging_mixin.py:154} INFO - [2025-12-04T23:57:29.001+0600] {dagbag.py:536} INFO - Filling up the DagBag from /Users/asminsadykova/Desktop/h&m/.venv/lib/python3.9/site-packages/airflow/example_dags/plugins/workday.py
[2025-12-04T23:57:29.002+0600] {logging_mixin.py:154} INFO - [2025-12-04T23:57:29.002+0600] {workday.py:36} WARNING - Could not import pandas. Holidays will not be considered.
[2025-12-04T23:57:29.002+0600] {processor.py:841} WARNING - No viable dags retrieved from /Users/asminsadykova/Desktop/h&m/.venv/lib/python3.9/site-packages/airflow/example_dags/plugins/workday.py
[2025-12-04T23:57:29.065+0600] {processor.py:179} INFO - Processing /Users/asminsadykova/Desktop/h&m/.venv/lib/python3.9/site-packages/airflow/example_dags/plugins/workday.py took 0.069 seconds
[2025-12-04T23:58:11.377+0600] {processor.py:157} INFO - Started process (PID=42383) to work on /Users/asminsadykova/Desktop/h&m/.venv/lib/python3.9/site-packages/airflow/example_dags/plugins/workday.py
[2025-12-04T23:58:11.379+0600] {processor.py:829} INFO - Processing file /Users/asminsadykova/Desktop/h&m/.venv/lib/python3.9/site-packages/airflow/example_dags/plugins/workday.py for tasks to queue
[2025-12-04T23:58:11.380+0600] {logging_mixin.py:154} INFO - [2025-12-04T23:58:11.379+0600] {dagbag.py:536} INFO - Filling up the DagBag from /Users/asminsadykova/Desktop/h&m/.venv/lib/python3.9/site-packages/airflow/example_dags/plugins/workday.py
[2025-12-04T23:58:11.380+0600] {logging_mixin.py:154} INFO - [2025-12-04T23:58:11.380+0600] {workday.py:36} WARNING - Could not import pandas. Holidays will not be considered.
[2025-12-04T23:58:11.380+0600] {processor.py:841} WARNING - No viable dags retrieved from /Users/asminsadykova/Desktop/h&m/.venv/lib/python3.9/site-packages/airflow/example_dags/plugins/workday.py
[2025-12-04T23:58:11.435+0600] {processor.py:179} INFO - Processing /Users/asminsadykova/Desktop/h&m/.venv/lib/python3.9/site-packages/airflow/example_dags/plugins/workday.py took 0.059 seconds
[2025-12-04T23:58:54.428+0600] {processor.py:157} INFO - Started process (PID=42420) to work on /Users/asminsadykova/Desktop/h&m/.venv/lib/python3.9/site-packages/airflow/example_dags/plugins/workday.py
[2025-12-04T23:58:54.429+0600] {processor.py:829} INFO - Processing file /Users/asminsadykova/Desktop/h&m/.venv/lib/python3.9/site-packages/airflow/example_dags/plugins/workday.py for tasks to queue
[2025-12-04T23:58:54.430+0600] {logging_mixin.py:154} INFO - [2025-12-04T23:58:54.429+0600] {dagbag.py:536} INFO - Filling up the DagBag from /Users/asminsadykova/Desktop/h&m/.venv/lib/python3.9/site-packages/airflow/example_dags/plugins/workday.py
[2025-12-04T23:58:54.430+0600] {logging_mixin.py:154} INFO - [2025-12-04T23:58:54.430+0600] {workday.py:36} WARNING - Could not import pandas. Holidays will not be considered.
[2025-12-04T23:58:54.430+0600] {processor.py:841} WARNING - No viable dags retrieved from /Users/asminsadykova/Desktop/h&m/.venv/lib/python3.9/site-packages/airflow/example_dags/plugins/workday.py
[2025-12-04T23:58:54.488+0600] {processor.py:179} INFO - Processing /Users/asminsadykova/Desktop/h&m/.venv/lib/python3.9/site-packages/airflow/example_dags/plugins/workday.py took 0.061 seconds
[2025-12-04T23:59:40.253+0600] {processor.py:157} INFO - Started process (PID=42634) to work on /Users/asminsadykova/Desktop/h&m/.venv/lib/python3.9/site-packages/airflow/example_dags/plugins/workday.py
[2025-12-04T23:59:40.255+0600] {processor.py:829} INFO - Processing file /Users/asminsadykova/Desktop/h&m/.venv/lib/python3.9/site-packages/airflow/example_dags/plugins/workday.py for tasks to queue
[2025-12-04T23:59:40.255+0600] {logging_mixin.py:154} INFO - [2025-12-04T23:59:40.255+0600] {dagbag.py:536} INFO - Filling up the DagBag from /Users/asminsadykova/Desktop/h&m/.venv/lib/python3.9/site-packages/airflow/example_dags/plugins/workday.py
[2025-12-04T23:59:40.256+0600] {logging_mixin.py:154} INFO - [2025-12-04T23:59:40.256+0600] {workday.py:36} WARNING - Could not import pandas. Holidays will not be considered.
[2025-12-04T23:59:40.256+0600] {processor.py:841} WARNING - No viable dags retrieved from /Users/asminsadykova/Desktop/h&m/.venv/lib/python3.9/site-packages/airflow/example_dags/plugins/workday.py
[2025-12-04T23:59:40.320+0600] {processor.py:179} INFO - Processing /Users/asminsadykova/Desktop/h&m/.venv/lib/python3.9/site-packages/airflow/example_dags/plugins/workday.py took 0.069 seconds
[2025-12-05T00:00:27.006+0600] {processor.py:157} INFO - Started process (PID=42670) to work on /Users/asminsadykova/Desktop/h&m/.venv/lib/python3.9/site-packages/airflow/example_dags/plugins/workday.py
[2025-12-05T00:00:27.008+0600] {processor.py:829} INFO - Processing file /Users/asminsadykova/Desktop/h&m/.venv/lib/python3.9/site-packages/airflow/example_dags/plugins/workday.py for tasks to queue
[2025-12-05T00:00:27.008+0600] {logging_mixin.py:154} INFO - [2025-12-05T00:00:27.008+0600] {dagbag.py:536} INFO - Filling up the DagBag from /Users/asminsadykova/Desktop/h&m/.venv/lib/python3.9/site-packages/airflow/example_dags/plugins/workday.py
[2025-12-05T00:00:27.009+0600] {logging_mixin.py:154} INFO - [2025-12-05T00:00:27.009+0600] {workday.py:36} WARNING - Could not import pandas. Holidays will not be considered.
[2025-12-05T00:00:27.009+0600] {processor.py:841} WARNING - No viable dags retrieved from /Users/asminsadykova/Desktop/h&m/.venv/lib/python3.9/site-packages/airflow/example_dags/plugins/workday.py
[2025-12-05T00:00:27.080+0600] {processor.py:179} INFO - Processing /Users/asminsadykova/Desktop/h&m/.venv/lib/python3.9/site-packages/airflow/example_dags/plugins/workday.py took 0.074 seconds
[2025-12-05T00:01:15.523+0600] {processor.py:157} INFO - Started process (PID=42847) to work on /Users/asminsadykova/Desktop/h&m/.venv/lib/python3.9/site-packages/airflow/example_dags/plugins/workday.py
[2025-12-05T00:01:15.524+0600] {processor.py:829} INFO - Processing file /Users/asminsadykova/Desktop/h&m/.venv/lib/python3.9/site-packages/airflow/example_dags/plugins/workday.py for tasks to queue
[2025-12-05T00:01:15.524+0600] {logging_mixin.py:154} INFO - [2025-12-05T00:01:15.524+0600] {dagbag.py:536} INFO - Filling up the DagBag from /Users/asminsadykova/Desktop/h&m/.venv/lib/python3.9/site-packages/airflow/example_dags/plugins/workday.py
[2025-12-05T00:01:15.525+0600] {logging_mixin.py:154} INFO - [2025-12-05T00:01:15.525+0600] {workday.py:36} WARNING - Could not import pandas. Holidays will not be considered.
[2025-12-05T00:01:15.525+0600] {processor.py:841} WARNING - No viable dags retrieved from /Users/asminsadykova/Desktop/h&m/.venv/lib/python3.9/site-packages/airflow/example_dags/plugins/workday.py
[2025-12-05T00:01:15.583+0600] {processor.py:179} INFO - Processing /Users/asminsadykova/Desktop/h&m/.venv/lib/python3.9/site-packages/airflow/example_dags/plugins/workday.py took 0.061 seconds
[2025-12-05T00:02:02.213+0600] {processor.py:157} INFO - Started process (PID=42902) to work on /Users/asminsadykova/Desktop/h&m/.venv/lib/python3.9/site-packages/airflow/example_dags/plugins/workday.py
[2025-12-05T00:02:02.215+0600] {processor.py:829} INFO - Processing file /Users/asminsadykova/Desktop/h&m/.venv/lib/python3.9/site-packages/airflow/example_dags/plugins/workday.py for tasks to queue
[2025-12-05T00:02:02.215+0600] {logging_mixin.py:154} INFO - [2025-12-05T00:02:02.215+0600] {dagbag.py:536} INFO - Filling up the DagBag from /Users/asminsadykova/Desktop/h&m/.venv/lib/python3.9/site-packages/airflow/example_dags/plugins/workday.py
[2025-12-05T00:02:02.216+0600] {logging_mixin.py:154} INFO - [2025-12-05T00:02:02.216+0600] {workday.py:36} WARNING - Could not import pandas. Holidays will not be considered.
[2025-12-05T00:02:02.216+0600] {processor.py:841} WARNING - No viable dags retrieved from /Users/asminsadykova/Desktop/h&m/.venv/lib/python3.9/site-packages/airflow/example_dags/plugins/workday.py
[2025-12-05T00:02:02.273+0600] {processor.py:179} INFO - Processing /Users/asminsadykova/Desktop/h&m/.venv/lib/python3.9/site-packages/airflow/example_dags/plugins/workday.py took 0.061 seconds
[2025-12-05T00:02:48.755+0600] {processor.py:157} INFO - Started process (PID=42939) to work on /Users/asminsadykova/Desktop/h&m/.venv/lib/python3.9/site-packages/airflow/example_dags/plugins/workday.py
[2025-12-05T00:02:48.757+0600] {processor.py:829} INFO - Processing file /Users/asminsadykova/Desktop/h&m/.venv/lib/python3.9/site-packages/airflow/example_dags/plugins/workday.py for tasks to queue
[2025-12-05T00:02:48.757+0600] {logging_mixin.py:154} INFO - [2025-12-05T00:02:48.757+0600] {dagbag.py:536} INFO - Filling up the DagBag from /Users/asminsadykova/Desktop/h&m/.venv/lib/python3.9/site-packages/airflow/example_dags/plugins/workday.py
[2025-12-05T00:02:48.758+0600] {logging_mixin.py:154} INFO - [2025-12-05T00:02:48.758+0600] {workday.py:36} WARNING - Could not import pandas. Holidays will not be considered.
[2025-12-05T00:02:48.758+0600] {processor.py:841} WARNING - No viable dags retrieved from /Users/asminsadykova/Desktop/h&m/.venv/lib/python3.9/site-packages/airflow/example_dags/plugins/workday.py
[2025-12-05T00:02:48.812+0600] {processor.py:179} INFO - Processing /Users/asminsadykova/Desktop/h&m/.venv/lib/python3.9/site-packages/airflow/example_dags/plugins/workday.py took 0.057 seconds
[2025-12-05T00:03:36.123+0600] {processor.py:157} INFO - Started process (PID=42974) to work on /Users/asminsadykova/Desktop/h&m/.venv/lib/python3.9/site-packages/airflow/example_dags/plugins/workday.py
[2025-12-05T00:03:36.125+0600] {processor.py:829} INFO - Processing file /Users/asminsadykova/Desktop/h&m/.venv/lib/python3.9/site-packages/airflow/example_dags/plugins/workday.py for tasks to queue
[2025-12-05T00:03:36.125+0600] {logging_mixin.py:154} INFO - [2025-12-05T00:03:36.125+0600] {dagbag.py:536} INFO - Filling up the DagBag from /Users/asminsadykova/Desktop/h&m/.venv/lib/python3.9/site-packages/airflow/example_dags/plugins/workday.py
[2025-12-05T00:03:36.125+0600] {logging_mixin.py:154} INFO - [2025-12-05T00:03:36.125+0600] {workday.py:36} WARNING - Could not import pandas. Holidays will not be considered.
[2025-12-05T00:03:36.126+0600] {processor.py:841} WARNING - No viable dags retrieved from /Users/asminsadykova/Desktop/h&m/.venv/lib/python3.9/site-packages/airflow/example_dags/plugins/workday.py
[2025-12-05T00:03:36.179+0600] {processor.py:179} INFO - Processing /Users/asminsadykova/Desktop/h&m/.venv/lib/python3.9/site-packages/airflow/example_dags/plugins/workday.py took 0.057 seconds
[2025-12-05T00:04:20.719+0600] {processor.py:157} INFO - Started process (PID=43118) to work on /Users/asminsadykova/Desktop/h&m/.venv/lib/python3.9/site-packages/airflow/example_dags/plugins/workday.py
[2025-12-05T00:04:20.721+0600] {processor.py:829} INFO - Processing file /Users/asminsadykova/Desktop/h&m/.venv/lib/python3.9/site-packages/airflow/example_dags/plugins/workday.py for tasks to queue
[2025-12-05T00:04:20.721+0600] {logging_mixin.py:154} INFO - [2025-12-05T00:04:20.721+0600] {dagbag.py:536} INFO - Filling up the DagBag from /Users/asminsadykova/Desktop/h&m/.venv/lib/python3.9/site-packages/airflow/example_dags/plugins/workday.py
[2025-12-05T00:04:20.722+0600] {logging_mixin.py:154} INFO - [2025-12-05T00:04:20.722+0600] {workday.py:36} WARNING - Could not import pandas. Holidays will not be considered.
[2025-12-05T00:04:20.722+0600] {processor.py:841} WARNING - No viable dags retrieved from /Users/asminsadykova/Desktop/h&m/.venv/lib/python3.9/site-packages/airflow/example_dags/plugins/workday.py
[2025-12-05T00:04:20.796+0600] {processor.py:179} INFO - Processing /Users/asminsadykova/Desktop/h&m/.venv/lib/python3.9/site-packages/airflow/example_dags/plugins/workday.py took 0.077 seconds
[2025-12-05T00:05:08.084+0600] {processor.py:157} INFO - Started process (PID=43225) to work on /Users/asminsadykova/Desktop/h&m/.venv/lib/python3.9/site-packages/airflow/example_dags/plugins/workday.py
[2025-12-05T00:05:08.086+0600] {processor.py:829} INFO - Processing file /Users/asminsadykova/Desktop/h&m/.venv/lib/python3.9/site-packages/airflow/example_dags/plugins/workday.py for tasks to queue
[2025-12-05T00:05:08.087+0600] {logging_mixin.py:154} INFO - [2025-12-05T00:05:08.087+0600] {dagbag.py:536} INFO - Filling up the DagBag from /Users/asminsadykova/Desktop/h&m/.venv/lib/python3.9/site-packages/airflow/example_dags/plugins/workday.py
[2025-12-05T00:05:08.088+0600] {logging_mixin.py:154} INFO - [2025-12-05T00:05:08.088+0600] {workday.py:36} WARNING - Could not import pandas. Holidays will not be considered.
[2025-12-05T00:05:08.089+0600] {processor.py:841} WARNING - No viable dags retrieved from /Users/asminsadykova/Desktop/h&m/.venv/lib/python3.9/site-packages/airflow/example_dags/plugins/workday.py
[2025-12-05T00:05:08.173+0600] {processor.py:179} INFO - Processing /Users/asminsadykova/Desktop/h&m/.venv/lib/python3.9/site-packages/airflow/example_dags/plugins/workday.py took 0.090 seconds
[2025-12-05T00:05:56.298+0600] {processor.py:157} INFO - Started process (PID=43307) to work on /Users/asminsadykova/Desktop/h&m/.venv/lib/python3.9/site-packages/airflow/example_dags/plugins/workday.py
[2025-12-05T00:05:56.299+0600] {processor.py:829} INFO - Processing file /Users/asminsadykova/Desktop/h&m/.venv/lib/python3.9/site-packages/airflow/example_dags/plugins/workday.py for tasks to queue
[2025-12-05T00:05:56.300+0600] {logging_mixin.py:154} INFO - [2025-12-05T00:05:56.300+0600] {dagbag.py:536} INFO - Filling up the DagBag from /Users/asminsadykova/Desktop/h&m/.venv/lib/python3.9/site-packages/airflow/example_dags/plugins/workday.py
[2025-12-05T00:05:56.300+0600] {logging_mixin.py:154} INFO - [2025-12-05T00:05:56.300+0600] {workday.py:36} WARNING - Could not import pandas. Holidays will not be considered.
[2025-12-05T00:05:56.301+0600] {processor.py:841} WARNING - No viable dags retrieved from /Users/asminsadykova/Desktop/h&m/.venv/lib/python3.9/site-packages/airflow/example_dags/plugins/workday.py
[2025-12-05T00:05:56.358+0600] {processor.py:179} INFO - Processing /Users/asminsadykova/Desktop/h&m/.venv/lib/python3.9/site-packages/airflow/example_dags/plugins/workday.py took 0.061 seconds
[2025-12-05T00:06:39.924+0600] {processor.py:157} INFO - Started process (PID=43386) to work on /Users/asminsadykova/Desktop/h&m/.venv/lib/python3.9/site-packages/airflow/example_dags/plugins/workday.py
[2025-12-05T00:06:39.926+0600] {processor.py:829} INFO - Processing file /Users/asminsadykova/Desktop/h&m/.venv/lib/python3.9/site-packages/airflow/example_dags/plugins/workday.py for tasks to queue
[2025-12-05T00:06:39.926+0600] {logging_mixin.py:154} INFO - [2025-12-05T00:06:39.926+0600] {dagbag.py:536} INFO - Filling up the DagBag from /Users/asminsadykova/Desktop/h&m/.venv/lib/python3.9/site-packages/airflow/example_dags/plugins/workday.py
[2025-12-05T00:06:39.927+0600] {logging_mixin.py:154} INFO - [2025-12-05T00:06:39.927+0600] {workday.py:36} WARNING - Could not import pandas. Holidays will not be considered.
[2025-12-05T00:06:39.927+0600] {processor.py:841} WARNING - No viable dags retrieved from /Users/asminsadykova/Desktop/h&m/.venv/lib/python3.9/site-packages/airflow/example_dags/plugins/workday.py
[2025-12-05T00:06:39.984+0600] {processor.py:179} INFO - Processing /Users/asminsadykova/Desktop/h&m/.venv/lib/python3.9/site-packages/airflow/example_dags/plugins/workday.py took 0.060 seconds
[2025-12-05T00:07:23.161+0600] {processor.py:157} INFO - Started process (PID=43455) to work on /Users/asminsadykova/Desktop/h&m/.venv/lib/python3.9/site-packages/airflow/example_dags/plugins/workday.py
[2025-12-05T00:07:23.163+0600] {processor.py:829} INFO - Processing file /Users/asminsadykova/Desktop/h&m/.venv/lib/python3.9/site-packages/airflow/example_dags/plugins/workday.py for tasks to queue
[2025-12-05T00:07:23.164+0600] {logging_mixin.py:154} INFO - [2025-12-05T00:07:23.163+0600] {dagbag.py:536} INFO - Filling up the DagBag from /Users/asminsadykova/Desktop/h&m/.venv/lib/python3.9/site-packages/airflow/example_dags/plugins/workday.py
[2025-12-05T00:07:23.164+0600] {logging_mixin.py:154} INFO - [2025-12-05T00:07:23.164+0600] {workday.py:36} WARNING - Could not import pandas. Holidays will not be considered.
[2025-12-05T00:07:23.164+0600] {processor.py:841} WARNING - No viable dags retrieved from /Users/asminsadykova/Desktop/h&m/.venv/lib/python3.9/site-packages/airflow/example_dags/plugins/workday.py
[2025-12-05T00:07:23.218+0600] {processor.py:179} INFO - Processing /Users/asminsadykova/Desktop/h&m/.venv/lib/python3.9/site-packages/airflow/example_dags/plugins/workday.py took 0.057 seconds
[2025-12-05T00:08:05.233+0600] {processor.py:157} INFO - Started process (PID=43526) to work on /Users/asminsadykova/Desktop/h&m/.venv/lib/python3.9/site-packages/airflow/example_dags/plugins/workday.py
[2025-12-05T00:08:05.235+0600] {processor.py:829} INFO - Processing file /Users/asminsadykova/Desktop/h&m/.venv/lib/python3.9/site-packages/airflow/example_dags/plugins/workday.py for tasks to queue
[2025-12-05T00:08:05.235+0600] {logging_mixin.py:154} INFO - [2025-12-05T00:08:05.235+0600] {dagbag.py:536} INFO - Filling up the DagBag from /Users/asminsadykova/Desktop/h&m/.venv/lib/python3.9/site-packages/airflow/example_dags/plugins/workday.py
[2025-12-05T00:08:05.236+0600] {logging_mixin.py:154} INFO - [2025-12-05T00:08:05.236+0600] {workday.py:36} WARNING - Could not import pandas. Holidays will not be considered.
[2025-12-05T00:08:05.236+0600] {processor.py:841} WARNING - No viable dags retrieved from /Users/asminsadykova/Desktop/h&m/.venv/lib/python3.9/site-packages/airflow/example_dags/plugins/workday.py
[2025-12-05T00:08:05.292+0600] {processor.py:179} INFO - Processing /Users/asminsadykova/Desktop/h&m/.venv/lib/python3.9/site-packages/airflow/example_dags/plugins/workday.py took 0.060 seconds
[2025-12-05T00:08:50.116+0600] {processor.py:157} INFO - Started process (PID=43613) to work on /Users/asminsadykova/Desktop/h&m/.venv/lib/python3.9/site-packages/airflow/example_dags/plugins/workday.py
[2025-12-05T00:08:50.118+0600] {processor.py:829} INFO - Processing file /Users/asminsadykova/Desktop/h&m/.venv/lib/python3.9/site-packages/airflow/example_dags/plugins/workday.py for tasks to queue
[2025-12-05T00:08:50.118+0600] {logging_mixin.py:154} INFO - [2025-12-05T00:08:50.118+0600] {dagbag.py:536} INFO - Filling up the DagBag from /Users/asminsadykova/Desktop/h&m/.venv/lib/python3.9/site-packages/airflow/example_dags/plugins/workday.py
[2025-12-05T00:08:50.119+0600] {logging_mixin.py:154} INFO - [2025-12-05T00:08:50.119+0600] {workday.py:36} WARNING - Could not import pandas. Holidays will not be considered.
[2025-12-05T00:08:50.119+0600] {processor.py:841} WARNING - No viable dags retrieved from /Users/asminsadykova/Desktop/h&m/.venv/lib/python3.9/site-packages/airflow/example_dags/plugins/workday.py
[2025-12-05T00:08:50.179+0600] {processor.py:179} INFO - Processing /Users/asminsadykova/Desktop/h&m/.venv/lib/python3.9/site-packages/airflow/example_dags/plugins/workday.py took 0.064 seconds
[2025-12-05T00:09:37.714+0600] {processor.py:157} INFO - Started process (PID=43693) to work on /Users/asminsadykova/Desktop/h&m/.venv/lib/python3.9/site-packages/airflow/example_dags/plugins/workday.py
[2025-12-05T00:09:37.716+0600] {processor.py:829} INFO - Processing file /Users/asminsadykova/Desktop/h&m/.venv/lib/python3.9/site-packages/airflow/example_dags/plugins/workday.py for tasks to queue
[2025-12-05T00:09:37.716+0600] {logging_mixin.py:154} INFO - [2025-12-05T00:09:37.716+0600] {dagbag.py:536} INFO - Filling up the DagBag from /Users/asminsadykova/Desktop/h&m/.venv/lib/python3.9/site-packages/airflow/example_dags/plugins/workday.py
[2025-12-05T00:09:37.717+0600] {logging_mixin.py:154} INFO - [2025-12-05T00:09:37.717+0600] {workday.py:36} WARNING - Could not import pandas. Holidays will not be considered.
[2025-12-05T00:09:37.717+0600] {processor.py:841} WARNING - No viable dags retrieved from /Users/asminsadykova/Desktop/h&m/.venv/lib/python3.9/site-packages/airflow/example_dags/plugins/workday.py
[2025-12-05T00:09:37.781+0600] {processor.py:179} INFO - Processing /Users/asminsadykova/Desktop/h&m/.venv/lib/python3.9/site-packages/airflow/example_dags/plugins/workday.py took 0.067 seconds
[2025-12-05T00:10:25.751+0600] {processor.py:157} INFO - Started process (PID=43774) to work on /Users/asminsadykova/Desktop/h&m/.venv/lib/python3.9/site-packages/airflow/example_dags/plugins/workday.py
[2025-12-05T00:10:25.752+0600] {processor.py:829} INFO - Processing file /Users/asminsadykova/Desktop/h&m/.venv/lib/python3.9/site-packages/airflow/example_dags/plugins/workday.py for tasks to queue
[2025-12-05T00:10:25.752+0600] {logging_mixin.py:154} INFO - [2025-12-05T00:10:25.752+0600] {dagbag.py:536} INFO - Filling up the DagBag from /Users/asminsadykova/Desktop/h&m/.venv/lib/python3.9/site-packages/airflow/example_dags/plugins/workday.py
[2025-12-05T00:10:25.753+0600] {logging_mixin.py:154} INFO - [2025-12-05T00:10:25.753+0600] {workday.py:36} WARNING - Could not import pandas. Holidays will not be considered.
[2025-12-05T00:10:25.753+0600] {processor.py:841} WARNING - No viable dags retrieved from /Users/asminsadykova/Desktop/h&m/.venv/lib/python3.9/site-packages/airflow/example_dags/plugins/workday.py
[2025-12-05T00:10:25.828+0600] {processor.py:179} INFO - Processing /Users/asminsadykova/Desktop/h&m/.venv/lib/python3.9/site-packages/airflow/example_dags/plugins/workday.py took 0.078 seconds
[2025-12-05T00:11:14.299+0600] {processor.py:157} INFO - Started process (PID=43842) to work on /Users/asminsadykova/Desktop/h&m/.venv/lib/python3.9/site-packages/airflow/example_dags/plugins/workday.py
[2025-12-05T00:11:14.300+0600] {processor.py:829} INFO - Processing file /Users/asminsadykova/Desktop/h&m/.venv/lib/python3.9/site-packages/airflow/example_dags/plugins/workday.py for tasks to queue
[2025-12-05T00:11:14.300+0600] {logging_mixin.py:154} INFO - [2025-12-05T00:11:14.300+0600] {dagbag.py:536} INFO - Filling up the DagBag from /Users/asminsadykova/Desktop/h&m/.venv/lib/python3.9/site-packages/airflow/example_dags/plugins/workday.py
[2025-12-05T00:11:14.301+0600] {logging_mixin.py:154} INFO - [2025-12-05T00:11:14.301+0600] {workday.py:36} WARNING - Could not import pandas. Holidays will not be considered.
[2025-12-05T00:11:14.301+0600] {processor.py:841} WARNING - No viable dags retrieved from /Users/asminsadykova/Desktop/h&m/.venv/lib/python3.9/site-packages/airflow/example_dags/plugins/workday.py
[2025-12-05T00:11:14.363+0600] {processor.py:179} INFO - Processing /Users/asminsadykova/Desktop/h&m/.venv/lib/python3.9/site-packages/airflow/example_dags/plugins/workday.py took 0.065 seconds
[2025-12-05T00:11:59.217+0600] {processor.py:157} INFO - Started process (PID=43940) to work on /Users/asminsadykova/Desktop/h&m/.venv/lib/python3.9/site-packages/airflow/example_dags/plugins/workday.py
[2025-12-05T00:11:59.220+0600] {processor.py:829} INFO - Processing file /Users/asminsadykova/Desktop/h&m/.venv/lib/python3.9/site-packages/airflow/example_dags/plugins/workday.py for tasks to queue
[2025-12-05T00:11:59.220+0600] {logging_mixin.py:154} INFO - [2025-12-05T00:11:59.220+0600] {dagbag.py:536} INFO - Filling up the DagBag from /Users/asminsadykova/Desktop/h&m/.venv/lib/python3.9/site-packages/airflow/example_dags/plugins/workday.py
[2025-12-05T00:11:59.221+0600] {logging_mixin.py:154} INFO - [2025-12-05T00:11:59.221+0600] {workday.py:36} WARNING - Could not import pandas. Holidays will not be considered.
[2025-12-05T00:11:59.221+0600] {processor.py:841} WARNING - No viable dags retrieved from /Users/asminsadykova/Desktop/h&m/.venv/lib/python3.9/site-packages/airflow/example_dags/plugins/workday.py
[2025-12-05T00:11:59.279+0600] {processor.py:179} INFO - Processing /Users/asminsadykova/Desktop/h&m/.venv/lib/python3.9/site-packages/airflow/example_dags/plugins/workday.py took 0.063 seconds
[2025-12-05T00:12:45.146+0600] {processor.py:157} INFO - Started process (PID=44016) to work on /Users/asminsadykova/Desktop/h&m/.venv/lib/python3.9/site-packages/airflow/example_dags/plugins/workday.py
[2025-12-05T00:12:45.147+0600] {processor.py:829} INFO - Processing file /Users/asminsadykova/Desktop/h&m/.venv/lib/python3.9/site-packages/airflow/example_dags/plugins/workday.py for tasks to queue
[2025-12-05T00:12:45.148+0600] {logging_mixin.py:154} INFO - [2025-12-05T00:12:45.147+0600] {dagbag.py:536} INFO - Filling up the DagBag from /Users/asminsadykova/Desktop/h&m/.venv/lib/python3.9/site-packages/airflow/example_dags/plugins/workday.py
[2025-12-05T00:12:45.148+0600] {logging_mixin.py:154} INFO - [2025-12-05T00:12:45.148+0600] {workday.py:36} WARNING - Could not import pandas. Holidays will not be considered.
[2025-12-05T00:12:45.148+0600] {processor.py:841} WARNING - No viable dags retrieved from /Users/asminsadykova/Desktop/h&m/.venv/lib/python3.9/site-packages/airflow/example_dags/plugins/workday.py
[2025-12-05T00:12:45.219+0600] {processor.py:179} INFO - Processing /Users/asminsadykova/Desktop/h&m/.venv/lib/python3.9/site-packages/airflow/example_dags/plugins/workday.py took 0.074 seconds
